[  1%] Built target argj801_ctl_platform_interfaces__cpp
[  3%] Built target ament_cmake_python_copy_argj801_ctl_platform_interfaces
[ 12%] Built target argj801_ctl_platform_interfaces__rosidl_generator_c
[ 14%] Built target argj801_ctl_platform_interfaces__rs
[ 25%] Built target argj801_ctl_platform_interfaces__rosidl_typesupport_cpp
[ 35%] Built target argj801_ctl_platform_interfaces__rosidl_typesupport_fastrtps_cpp
[ 46%] Built target argj801_ctl_platform_interfaces__rosidl_typesupport_introspection_cpp
[ 57%] Built target argj801_ctl_platform_interfaces__rosidl_typesupport_introspection_c
[ 73%] Built target argj801_ctl_platform_interfaces__rosidl_typesupport_fastrtps_c
[ 79%] Built target argj801_ctl_platform_interfaces__rosidl_typesupport_c
[ 79%] Built target argj801_ctl_platform_interfaces
[ 81%] Built target argj801_ctl_platform_interfaces__py
[ 90%] Built target argj801_ctl_platform_interfaces__rosidl_generator_py
[ 93%] Built target argj801_ctl_platform_interfaces__rosidl_typesupport_fastrtps_c__pyext
[ 96%] Built target argj801_ctl_platform_interfaces__rosidl_typesupport_c__pyext
[100%] Built target argj801_ctl_platform_interfaces__rosidl_typesupport_introspection_c__pyext
running egg_info
writing argj801_ctl_platform_interfaces.egg-info/PKG-INFO
writing dependency_links to argj801_ctl_platform_interfaces.egg-info/dependency_links.txt
writing top-level names to argj801_ctl_platform_interfaces.egg-info/top_level.txt
reading manifest file 'argj801_ctl_platform_interfaces.egg-info/SOURCES.txt'
writing manifest file 'argj801_ctl_platform_interfaces.egg-info/SOURCES.txt'
[100%] Built target ament_cmake_python_build_argj801_ctl_platform_interfaces_egg
-- Install configuration: ""
-- Up-to-date: /home/rhobtor/PHD/test_j8_hayat/J8/install/argj801_ctl_platform_interfaces/share/ament_index/resource_index/rosidl_interfaces/argj801_ctl_platform_interfaces
-- Up-to-date: /home/rhobtor/PHD/test_j8_hayat/J8/install/argj801_ctl_platform_interfaces/include/argj801_ctl_platform_interfaces/argj801_ctl_platform_interfaces
-- Up-to-date: /home/rhobtor/PHD/test_j8_hayat/J8/install/argj801_ctl_platform_interfaces/include/argj801_ctl_platform_interfaces/argj801_ctl_platform_interfaces/srv
-- Up-to-date: /home/rhobtor/PHD/test_j8_hayat/J8/install/argj801_ctl_platform_interfaces/include/argj801_ctl_platform_interfaces/argj801_ctl_platform_interfaces/srv/detail
-- Up-to-date: /home/rhobtor/PHD/test_j8_hayat/J8/install/argj801_ctl_platform_interfaces/include/argj801_ctl_platform_interfaces/argj801_ctl_platform_interfaces/srv/detail/set_velocity__type_support.h
-- Up-to-date: /home/rhobtor/PHD/test_j8_hayat/J8/install/argj801_ctl_platform_interfaces/include/argj801_ctl_platform_interfaces/argj801_ctl_platform_interfaces/srv/detail/get_velocity__type_support.h
-- Up-to-date: /home/rhobtor/PHD/test_j8_hayat/J8/install/argj801_ctl_platform_interfaces/include/argj801_ctl_platform_interfaces/argj801_ctl_platform_interfaces/srv/detail/emergency_stop__functions.h
-- Up-to-date: /home/rhobtor/PHD/test_j8_hayat/J8/install/argj801_ctl_platform_interfaces/include/argj801_ctl_platform_interfaces/argj801_ctl_platform_interfaces/srv/detail/emergency_stop__functions.c
-- Up-to-date: /home/rhobtor/PHD/test_j8_hayat/J8/install/argj801_ctl_platform_interfaces/include/argj801_ctl_platform_interfaces/argj801_ctl_platform_interfaces/srv/detail/set_velocity__struct.h
-- Up-to-date: /home/rhobtor/PHD/test_j8_hayat/J8/install/argj801_ctl_platform_interfaces/include/argj801_ctl_platform_interfaces/argj801_ctl_platform_interfaces/srv/detail/set_velocity__functions.c
-- Up-to-date: /home/rhobtor/PHD/test_j8_hayat/J8/install/argj801_ctl_platform_interfaces/include/argj801_ctl_platform_interfaces/argj801_ctl_platform_interfaces/srv/detail/emergency_stop__type_support.h
-- Up-to-date: /home/rhobtor/PHD/test_j8_hayat/J8/install/argj801_ctl_platform_interfaces/include/argj801_ctl_platform_interfaces/argj801_ctl_platform_interfaces/srv/detail/get_velocity__struct.h
-- Up-to-date: /home/rhobtor/PHD/test_j8_hayat/J8/install/argj801_ctl_platform_interfaces/include/argj801_ctl_platform_interfaces/argj801_ctl_platform_interfaces/srv/detail/set_velocity__functions.h
-- Up-to-date: /home/rhobtor/PHD/test_j8_hayat/J8/install/argj801_ctl_platform_interfaces/include/argj801_ctl_platform_interfaces/argj801_ctl_platform_interfaces/srv/detail/get_velocity__functions.h
-- Up-to-date: /home/rhobtor/PHD/test_j8_hayat/J8/install/argj801_ctl_platform_interfaces/include/argj801_ctl_platform_interfaces/argj801_ctl_platform_interfaces/srv/detail/get_velocity__functions.c
-- Up-to-date: /home/rhobtor/PHD/test_j8_hayat/J8/install/argj801_ctl_platform_interfaces/include/argj801_ctl_platform_interfaces/argj801_ctl_platform_interfaces/srv/detail/emergency_stop__struct.h
-- Up-to-date: /home/rhobtor/PHD/test_j8_hayat/J8/install/argj801_ctl_platform_interfaces/include/argj801_ctl_platform_interfaces/argj801_ctl_platform_interfaces/srv/set_velocity.h
-- Up-to-date: /home/rhobtor/PHD/test_j8_hayat/J8/install/argj801_ctl_platform_interfaces/include/argj801_ctl_platform_interfaces/argj801_ctl_platform_interfaces/srv/emergency_stop.h
-- Up-to-date: /home/rhobtor/PHD/test_j8_hayat/J8/install/argj801_ctl_platform_interfaces/include/argj801_ctl_platform_interfaces/argj801_ctl_platform_interfaces/srv/get_velocity.h
-- Up-to-date: /home/rhobtor/PHD/test_j8_hayat/J8/install/argj801_ctl_platform_interfaces/include/argj801_ctl_platform_interfaces/argj801_ctl_platform_interfaces/msg
-- Up-to-date: /home/rhobtor/PHD/test_j8_hayat/J8/install/argj801_ctl_platform_interfaces/include/argj801_ctl_platform_interfaces/argj801_ctl_platform_interfaces/msg/kinematic_debug_msg.h
-- Up-to-date: /home/rhobtor/PHD/test_j8_hayat/J8/install/argj801_ctl_platform_interfaces/include/argj801_ctl_platform_interfaces/argj801_ctl_platform_interfaces/msg/rosidl_generator_c__visibility_control.h
-- Up-to-date: /home/rhobtor/PHD/test_j8_hayat/J8/install/argj801_ctl_platform_interfaces/include/argj801_ctl_platform_interfaces/argj801_ctl_platform_interfaces/msg/cmd_throttle_msg.h
-- Up-to-date: /home/rhobtor/PHD/test_j8_hayat/J8/install/argj801_ctl_platform_interfaces/include/argj801_ctl_platform_interfaces/argj801_ctl_platform_interfaces/msg/detail
-- Up-to-date: /home/rhobtor/PHD/test_j8_hayat/J8/install/argj801_ctl_platform_interfaces/include/argj801_ctl_platform_interfaces/argj801_ctl_platform_interfaces/msg/detail/cmd_throttle_msg__struct.h
-- Up-to-date: /home/rhobtor/PHD/test_j8_hayat/J8/install/argj801_ctl_platform_interfaces/include/argj801_ctl_platform_interfaces/argj801_ctl_platform_interfaces/msg/detail/kinematic_debug_msg__type_support.h
-- Up-to-date: /home/rhobtor/PHD/test_j8_hayat/J8/install/argj801_ctl_platform_interfaces/include/argj801_ctl_platform_interfaces/argj801_ctl_platform_interfaces/msg/detail/kinematic_debug_msg__functions.h
-- Up-to-date: /home/rhobtor/PHD/test_j8_hayat/J8/install/argj801_ctl_platform_interfaces/include/argj801_ctl_platform_interfaces/argj801_ctl_platform_interfaces/msg/detail/cmd_throttle_msg__functions.h
-- Up-to-date: /home/rhobtor/PHD/test_j8_hayat/J8/install/argj801_ctl_platform_interfaces/include/argj801_ctl_platform_interfaces/argj801_ctl_platform_interfaces/msg/detail/cmd_throttle_msg__type_support.h
-- Up-to-date: /home/rhobtor/PHD/test_j8_hayat/J8/install/argj801_ctl_platform_interfaces/include/argj801_ctl_platform_interfaces/argj801_ctl_platform_interfaces/msg/detail/kinematic_debug_msg__struct.h
-- Up-to-date: /home/rhobtor/PHD/test_j8_hayat/J8/install/argj801_ctl_platform_interfaces/include/argj801_ctl_platform_interfaces/argj801_ctl_platform_interfaces/msg/detail/cmd_throttle_msg__functions.c
-- Up-to-date: /home/rhobtor/PHD/test_j8_hayat/J8/install/argj801_ctl_platform_interfaces/include/argj801_ctl_platform_interfaces/argj801_ctl_platform_interfaces/msg/detail/kinematic_debug_msg__functions.c
-- Up-to-date: /home/rhobtor/PHD/test_j8_hayat/J8/install/argj801_ctl_platform_interfaces/share/argj801_ctl_platform_interfaces/environment/library_path.sh
-- Up-to-date: /home/rhobtor/PHD/test_j8_hayat/J8/install/argj801_ctl_platform_interfaces/share/argj801_ctl_platform_interfaces/environment/library_path.dsv
-- Up-to-date: /home/rhobtor/PHD/test_j8_hayat/J8/install/argj801_ctl_platform_interfaces/lib/libargj801_ctl_platform_interfaces__rosidl_generator_c.so
-- Up-to-date: /home/rhobtor/PHD/test_j8_hayat/J8/install/argj801_ctl_platform_interfaces/include/argj801_ctl_platform_interfaces/argj801_ctl_platform_interfaces
-- Up-to-date: /home/rhobtor/PHD/test_j8_hayat/J8/install/argj801_ctl_platform_interfaces/include/argj801_ctl_platform_interfaces/argj801_ctl_platform_interfaces/srv
-- Up-to-date: /home/rhobtor/PHD/test_j8_hayat/J8/install/argj801_ctl_platform_interfaces/include/argj801_ctl_platform_interfaces/argj801_ctl_platform_interfaces/srv/detail
-- Up-to-date: /home/rhobtor/PHD/test_j8_hayat/J8/install/argj801_ctl_platform_interfaces/include/argj801_ctl_platform_interfaces/argj801_ctl_platform_interfaces/srv/detail/emergency_stop__rosidl_typesupport_fastrtps_c.h
-- Up-to-date: /home/rhobtor/PHD/test_j8_hayat/J8/install/argj801_ctl_platform_interfaces/include/argj801_ctl_platform_interfaces/argj801_ctl_platform_interfaces/srv/detail/get_velocity__rosidl_typesupport_fastrtps_c.h
-- Up-to-date: /home/rhobtor/PHD/test_j8_hayat/J8/install/argj801_ctl_platform_interfaces/include/argj801_ctl_platform_interfaces/argj801_ctl_platform_interfaces/srv/detail/set_velocity__rosidl_typesupport_fastrtps_c.h
-- Up-to-date: /home/rhobtor/PHD/test_j8_hayat/J8/install/argj801_ctl_platform_interfaces/include/argj801_ctl_platform_interfaces/argj801_ctl_platform_interfaces/msg
-- Up-to-date: /home/rhobtor/PHD/test_j8_hayat/J8/install/argj801_ctl_platform_interfaces/include/argj801_ctl_platform_interfaces/argj801_ctl_platform_interfaces/msg/detail
-- Up-to-date: /home/rhobtor/PHD/test_j8_hayat/J8/install/argj801_ctl_platform_interfaces/include/argj801_ctl_platform_interfaces/argj801_ctl_platform_interfaces/msg/detail/kinematic_debug_msg__rosidl_typesupport_fastrtps_c.h
-- Up-to-date: /home/rhobtor/PHD/test_j8_hayat/J8/install/argj801_ctl_platform_interfaces/include/argj801_ctl_platform_interfaces/argj801_ctl_platform_interfaces/msg/detail/cmd_throttle_msg__rosidl_typesupport_fastrtps_c.h
-- Up-to-date: /home/rhobtor/PHD/test_j8_hayat/J8/install/argj801_ctl_platform_interfaces/include/argj801_ctl_platform_interfaces/argj801_ctl_platform_interfaces/msg/rosidl_typesupport_fastrtps_c__visibility_control.h
-- Up-to-date: /home/rhobtor/PHD/test_j8_hayat/J8/install/argj801_ctl_platform_interfaces/lib/libargj801_ctl_platform_interfaces__rosidl_typesupport_fastrtps_c.so
-- Up-to-date: /home/rhobtor/PHD/test_j8_hayat/J8/install/argj801_ctl_platform_interfaces/include/argj801_ctl_platform_interfaces/argj801_ctl_platform_interfaces
-- Up-to-date: /home/rhobtor/PHD/test_j8_hayat/J8/install/argj801_ctl_platform_interfaces/include/argj801_ctl_platform_interfaces/argj801_ctl_platform_interfaces/srv
-- Up-to-date: /home/rhobtor/PHD/test_j8_hayat/J8/install/argj801_ctl_platform_interfaces/include/argj801_ctl_platform_interfaces/argj801_ctl_platform_interfaces/srv/detail
-- Up-to-date: /home/rhobtor/PHD/test_j8_hayat/J8/install/argj801_ctl_platform_interfaces/include/argj801_ctl_platform_interfaces/argj801_ctl_platform_interfaces/srv/detail/set_velocity__rosidl_typesupport_introspection_c.h
-- Up-to-date: /home/rhobtor/PHD/test_j8_hayat/J8/install/argj801_ctl_platform_interfaces/include/argj801_ctl_platform_interfaces/argj801_ctl_platform_interfaces/srv/detail/set_velocity__type_support.c
-- Up-to-date: /home/rhobtor/PHD/test_j8_hayat/J8/install/argj801_ctl_platform_interfaces/include/argj801_ctl_platform_interfaces/argj801_ctl_platform_interfaces/srv/detail/emergency_stop__rosidl_typesupport_introspection_c.h
-- Up-to-date: /home/rhobtor/PHD/test_j8_hayat/J8/install/argj801_ctl_platform_interfaces/include/argj801_ctl_platform_interfaces/argj801_ctl_platform_interfaces/srv/detail/emergency_stop__type_support.c
-- Up-to-date: /home/rhobtor/PHD/test_j8_hayat/J8/install/argj801_ctl_platform_interfaces/include/argj801_ctl_platform_interfaces/argj801_ctl_platform_interfaces/srv/detail/get_velocity__type_support.c
-- Up-to-date: /home/rhobtor/PHD/test_j8_hayat/J8/install/argj801_ctl_platform_interfaces/include/argj801_ctl_platform_interfaces/argj801_ctl_platform_interfaces/srv/detail/get_velocity__rosidl_typesupport_introspection_c.h
-- Up-to-date: /home/rhobtor/PHD/test_j8_hayat/J8/install/argj801_ctl_platform_interfaces/include/argj801_ctl_platform_interfaces/argj801_ctl_platform_interfaces/msg
-- Up-to-date: /home/rhobtor/PHD/test_j8_hayat/J8/install/argj801_ctl_platform_interfaces/include/argj801_ctl_platform_interfaces/argj801_ctl_platform_interfaces/msg/rosidl_typesupport_introspection_c__visibility_control.h
-- Up-to-date: /home/rhobtor/PHD/test_j8_hayat/J8/install/argj801_ctl_platform_interfaces/include/argj801_ctl_platform_interfaces/argj801_ctl_platform_interfaces/msg/detail
-- Up-to-date: /home/rhobtor/PHD/test_j8_hayat/J8/install/argj801_ctl_platform_interfaces/include/argj801_ctl_platform_interfaces/argj801_ctl_platform_interfaces/msg/detail/kinematic_debug_msg__type_support.c
-- Up-to-date: /home/rhobtor/PHD/test_j8_hayat/J8/install/argj801_ctl_platform_interfaces/include/argj801_ctl_platform_interfaces/argj801_ctl_platform_interfaces/msg/detail/kinematic_debug_msg__rosidl_typesupport_introspection_c.h
-- Up-to-date: /home/rhobtor/PHD/test_j8_hayat/J8/install/argj801_ctl_platform_interfaces/include/argj801_ctl_platform_interfaces/argj801_ctl_platform_interfaces/msg/detail/cmd_throttle_msg__rosidl_typesupport_introspection_c.h
-- Up-to-date: /home/rhobtor/PHD/test_j8_hayat/J8/install/argj801_ctl_platform_interfaces/include/argj801_ctl_platform_interfaces/argj801_ctl_platform_interfaces/msg/detail/cmd_throttle_msg__type_support.c
-- Up-to-date: /home/rhobtor/PHD/test_j8_hayat/J8/install/argj801_ctl_platform_interfaces/lib/libargj801_ctl_platform_interfaces__rosidl_typesupport_introspection_c.so
-- Up-to-date: /home/rhobtor/PHD/test_j8_hayat/J8/install/argj801_ctl_platform_interfaces/lib/libargj801_ctl_platform_interfaces__rosidl_typesupport_c.so
-- Up-to-date: /home/rhobtor/PHD/test_j8_hayat/J8/install/argj801_ctl_platform_interfaces/include/argj801_ctl_platform_interfaces/argj801_ctl_platform_interfaces
-- Up-to-date: /home/rhobtor/PHD/test_j8_hayat/J8/install/argj801_ctl_platform_interfaces/include/argj801_ctl_platform_interfaces/argj801_ctl_platform_interfaces/srv
-- Up-to-date: /home/rhobtor/PHD/test_j8_hayat/J8/install/argj801_ctl_platform_interfaces/include/argj801_ctl_platform_interfaces/argj801_ctl_platform_interfaces/srv/get_velocity.hpp
-- Up-to-date: /home/rhobtor/PHD/test_j8_hayat/J8/install/argj801_ctl_platform_interfaces/include/argj801_ctl_platform_interfaces/argj801_ctl_platform_interfaces/srv/detail
-- Up-to-date: /home/rhobtor/PHD/test_j8_hayat/J8/install/argj801_ctl_platform_interfaces/include/argj801_ctl_platform_interfaces/argj801_ctl_platform_interfaces/srv/detail/set_velocity__struct.hpp
-- Up-to-date: /home/rhobtor/PHD/test_j8_hayat/J8/install/argj801_ctl_platform_interfaces/include/argj801_ctl_platform_interfaces/argj801_ctl_platform_interfaces/srv/detail/set_velocity__builder.hpp
-- Up-to-date: /home/rhobtor/PHD/test_j8_hayat/J8/install/argj801_ctl_platform_interfaces/include/argj801_ctl_platform_interfaces/argj801_ctl_platform_interfaces/srv/detail/set_velocity__type_support.hpp
-- Up-to-date: /home/rhobtor/PHD/test_j8_hayat/J8/install/argj801_ctl_platform_interfaces/include/argj801_ctl_platform_interfaces/argj801_ctl_platform_interfaces/srv/detail/get_velocity__type_support.hpp
-- Up-to-date: /home/rhobtor/PHD/test_j8_hayat/J8/install/argj801_ctl_platform_interfaces/include/argj801_ctl_platform_interfaces/argj801_ctl_platform_interfaces/srv/detail/emergency_stop__builder.hpp
-- Up-to-date: /home/rhobtor/PHD/test_j8_hayat/J8/install/argj801_ctl_platform_interfaces/include/argj801_ctl_platform_interfaces/argj801_ctl_platform_interfaces/srv/detail/set_velocity__traits.hpp
-- Up-to-date: /home/rhobtor/PHD/test_j8_hayat/J8/install/argj801_ctl_platform_interfaces/include/argj801_ctl_platform_interfaces/argj801_ctl_platform_interfaces/srv/detail/emergency_stop__struct.hpp
-- Up-to-date: /home/rhobtor/PHD/test_j8_hayat/J8/install/argj801_ctl_platform_interfaces/include/argj801_ctl_platform_interfaces/argj801_ctl_platform_interfaces/srv/detail/get_velocity__traits.hpp
-- Up-to-date: /home/rhobtor/PHD/test_j8_hayat/J8/install/argj801_ctl_platform_interfaces/include/argj801_ctl_platform_interfaces/argj801_ctl_platform_interfaces/srv/detail/get_velocity__builder.hpp
-- Up-to-date: /home/rhobtor/PHD/test_j8_hayat/J8/install/argj801_ctl_platform_interfaces/include/argj801_ctl_platform_interfaces/argj801_ctl_platform_interfaces/srv/detail/emergency_stop__type_support.hpp
-- Up-to-date: /home/rhobtor/PHD/test_j8_hayat/J8/install/argj801_ctl_platform_interfaces/include/argj801_ctl_platform_interfaces/argj801_ctl_platform_interfaces/srv/detail/get_velocity__struct.hpp
-- Up-to-date: /home/rhobtor/PHD/test_j8_hayat/J8/install/argj801_ctl_platform_interfaces/include/argj801_ctl_platform_interfaces/argj801_ctl_platform_interfaces/srv/detail/emergency_stop__traits.hpp
-- Up-to-date: /home/rhobtor/PHD/test_j8_hayat/J8/install/argj801_ctl_platform_interfaces/include/argj801_ctl_platform_interfaces/argj801_ctl_platform_interfaces/srv/emergency_stop.hpp
-- Up-to-date: /home/rhobtor/PHD/test_j8_hayat/J8/install/argj801_ctl_platform_interfaces/include/argj801_ctl_platform_interfaces/argj801_ctl_platform_interfaces/srv/set_velocity.hpp
-- Up-to-date: /home/rhobtor/PHD/test_j8_hayat/J8/install/argj801_ctl_platform_interfaces/include/argj801_ctl_platform_interfaces/argj801_ctl_platform_interfaces/msg
-- Up-to-date: /home/rhobtor/PHD/test_j8_hayat/J8/install/argj801_ctl_platform_interfaces/include/argj801_ctl_platform_interfaces/argj801_ctl_platform_interfaces/msg/rosidl_generator_cpp__visibility_control.hpp
-- Up-to-date: /home/rhobtor/PHD/test_j8_hayat/J8/install/argj801_ctl_platform_interfaces/include/argj801_ctl_platform_interfaces/argj801_ctl_platform_interfaces/msg/detail
-- Up-to-date: /home/rhobtor/PHD/test_j8_hayat/J8/install/argj801_ctl_platform_interfaces/include/argj801_ctl_platform_interfaces/argj801_ctl_platform_interfaces/msg/detail/cmd_throttle_msg__type_support.hpp
-- Up-to-date: /home/rhobtor/PHD/test_j8_hayat/J8/install/argj801_ctl_platform_interfaces/include/argj801_ctl_platform_interfaces/argj801_ctl_platform_interfaces/msg/detail/kinematic_debug_msg__struct.hpp
-- Up-to-date: /home/rhobtor/PHD/test_j8_hayat/J8/install/argj801_ctl_platform_interfaces/include/argj801_ctl_platform_interfaces/argj801_ctl_platform_interfaces/msg/detail/kinematic_debug_msg__builder.hpp
-- Up-to-date: /home/rhobtor/PHD/test_j8_hayat/J8/install/argj801_ctl_platform_interfaces/include/argj801_ctl_platform_interfaces/argj801_ctl_platform_interfaces/msg/detail/cmd_throttle_msg__builder.hpp
-- Up-to-date: /home/rhobtor/PHD/test_j8_hayat/J8/install/argj801_ctl_platform_interfaces/include/argj801_ctl_platform_interfaces/argj801_ctl_platform_interfaces/msg/detail/cmd_throttle_msg__struct.hpp
-- Up-to-date: /home/rhobtor/PHD/test_j8_hayat/J8/install/argj801_ctl_platform_interfaces/include/argj801_ctl_platform_interfaces/argj801_ctl_platform_interfaces/msg/detail/cmd_throttle_msg__traits.hpp
-- Up-to-date: /home/rhobtor/PHD/test_j8_hayat/J8/install/argj801_ctl_platform_interfaces/include/argj801_ctl_platform_interfaces/argj801_ctl_platform_interfaces/msg/detail/kinematic_debug_msg__traits.hpp
-- Up-to-date: /home/rhobtor/PHD/test_j8_hayat/J8/install/argj801_ctl_platform_interfaces/include/argj801_ctl_platform_interfaces/argj801_ctl_platform_interfaces/msg/detail/kinematic_debug_msg__type_support.hpp
-- Up-to-date: /home/rhobtor/PHD/test_j8_hayat/J8/install/argj801_ctl_platform_interfaces/include/argj801_ctl_platform_interfaces/argj801_ctl_platform_interfaces/msg/cmd_throttle_msg.hpp
-- Up-to-date: /home/rhobtor/PHD/test_j8_hayat/J8/install/argj801_ctl_platform_interfaces/include/argj801_ctl_platform_interfaces/argj801_ctl_platform_interfaces/msg/kinematic_debug_msg.hpp
-- Up-to-date: /home/rhobtor/PHD/test_j8_hayat/J8/install/argj801_ctl_platform_interfaces/include/argj801_ctl_platform_interfaces/argj801_ctl_platform_interfaces
-- Up-to-date: /home/rhobtor/PHD/test_j8_hayat/J8/install/argj801_ctl_platform_interfaces/include/argj801_ctl_platform_interfaces/argj801_ctl_platform_interfaces/srv
-- Up-to-date: /home/rhobtor/PHD/test_j8_hayat/J8/install/argj801_ctl_platform_interfaces/include/argj801_ctl_platform_interfaces/argj801_ctl_platform_interfaces/srv/detail
-- Up-to-date: /home/rhobtor/PHD/test_j8_hayat/J8/install/argj801_ctl_platform_interfaces/include/argj801_ctl_platform_interfaces/argj801_ctl_platform_interfaces/srv/detail/set_velocity__rosidl_typesupport_fastrtps_cpp.hpp
-- Up-to-date: /home/rhobtor/PHD/test_j8_hayat/J8/install/argj801_ctl_platform_interfaces/include/argj801_ctl_platform_interfaces/argj801_ctl_platform_interfaces/srv/detail/get_velocity__rosidl_typesupport_fastrtps_cpp.hpp
-- Up-to-date: /home/rhobtor/PHD/test_j8_hayat/J8/install/argj801_ctl_platform_interfaces/include/argj801_ctl_platform_interfaces/argj801_ctl_platform_interfaces/srv/detail/dds_fastrtps
-- Up-to-date: /home/rhobtor/PHD/test_j8_hayat/J8/install/argj801_ctl_platform_interfaces/include/argj801_ctl_platform_interfaces/argj801_ctl_platform_interfaces/srv/detail/emergency_stop__rosidl_typesupport_fastrtps_cpp.hpp
-- Up-to-date: /home/rhobtor/PHD/test_j8_hayat/J8/install/argj801_ctl_platform_interfaces/include/argj801_ctl_platform_interfaces/argj801_ctl_platform_interfaces/msg
-- Up-to-date: /home/rhobtor/PHD/test_j8_hayat/J8/install/argj801_ctl_platform_interfaces/include/argj801_ctl_platform_interfaces/argj801_ctl_platform_interfaces/msg/rosidl_typesupport_fastrtps_cpp__visibility_control.h
-- Up-to-date: /home/rhobtor/PHD/test_j8_hayat/J8/install/argj801_ctl_platform_interfaces/include/argj801_ctl_platform_interfaces/argj801_ctl_platform_interfaces/msg/detail
-- Up-to-date: /home/rhobtor/PHD/test_j8_hayat/J8/install/argj801_ctl_platform_interfaces/include/argj801_ctl_platform_interfaces/argj801_ctl_platform_interfaces/msg/detail/kinematic_debug_msg__rosidl_typesupport_fastrtps_cpp.hpp
-- Up-to-date: /home/rhobtor/PHD/test_j8_hayat/J8/install/argj801_ctl_platform_interfaces/include/argj801_ctl_platform_interfaces/argj801_ctl_platform_interfaces/msg/detail/dds_fastrtps
-- Up-to-date: /home/rhobtor/PHD/test_j8_hayat/J8/install/argj801_ctl_platform_interfaces/include/argj801_ctl_platform_interfaces/argj801_ctl_platform_interfaces/msg/detail/cmd_throttle_msg__rosidl_typesupport_fastrtps_cpp.hpp
-- Up-to-date: /home/rhobtor/PHD/test_j8_hayat/J8/install/argj801_ctl_platform_interfaces/lib/libargj801_ctl_platform_interfaces__rosidl_typesupport_fastrtps_cpp.so
-- Up-to-date: /home/rhobtor/PHD/test_j8_hayat/J8/install/argj801_ctl_platform_interfaces/include/argj801_ctl_platform_interfaces/argj801_ctl_platform_interfaces
-- Up-to-date: /home/rhobtor/PHD/test_j8_hayat/J8/install/argj801_ctl_platform_interfaces/include/argj801_ctl_platform_interfaces/argj801_ctl_platform_interfaces/srv
-- Up-to-date: /home/rhobtor/PHD/test_j8_hayat/J8/install/argj801_ctl_platform_interfaces/include/argj801_ctl_platform_interfaces/argj801_ctl_platform_interfaces/srv/detail
-- Up-to-date: /home/rhobtor/PHD/test_j8_hayat/J8/install/argj801_ctl_platform_interfaces/include/argj801_ctl_platform_interfaces/argj801_ctl_platform_interfaces/srv/detail/emergency_stop__rosidl_typesupport_introspection_cpp.hpp
-- Up-to-date: /home/rhobtor/PHD/test_j8_hayat/J8/install/argj801_ctl_platform_interfaces/include/argj801_ctl_platform_interfaces/argj801_ctl_platform_interfaces/srv/detail/set_velocity__type_support.cpp
-- Up-to-date: /home/rhobtor/PHD/test_j8_hayat/J8/install/argj801_ctl_platform_interfaces/include/argj801_ctl_platform_interfaces/argj801_ctl_platform_interfaces/srv/detail/set_velocity__rosidl_typesupport_introspection_cpp.hpp
-- Up-to-date: /home/rhobtor/PHD/test_j8_hayat/J8/install/argj801_ctl_platform_interfaces/include/argj801_ctl_platform_interfaces/argj801_ctl_platform_interfaces/srv/detail/get_velocity__type_support.cpp
-- Up-to-date: /home/rhobtor/PHD/test_j8_hayat/J8/install/argj801_ctl_platform_interfaces/include/argj801_ctl_platform_interfaces/argj801_ctl_platform_interfaces/srv/detail/emergency_stop__type_support.cpp
-- Up-to-date: /home/rhobtor/PHD/test_j8_hayat/J8/install/argj801_ctl_platform_interfaces/include/argj801_ctl_platform_interfaces/argj801_ctl_platform_interfaces/srv/detail/get_velocity__rosidl_typesupport_introspection_cpp.hpp
-- Up-to-date: /home/rhobtor/PHD/test_j8_hayat/J8/install/argj801_ctl_platform_interfaces/include/argj801_ctl_platform_interfaces/argj801_ctl_platform_interfaces/msg
-- Up-to-date: /home/rhobtor/PHD/test_j8_hayat/J8/install/argj801_ctl_platform_interfaces/include/argj801_ctl_platform_interfaces/argj801_ctl_platform_interfaces/msg/detail
-- Up-to-date: /home/rhobtor/PHD/test_j8_hayat/J8/install/argj801_ctl_platform_interfaces/include/argj801_ctl_platform_interfaces/argj801_ctl_platform_interfaces/msg/detail/kinematic_debug_msg__rosidl_typesupport_introspection_cpp.hpp
-- Up-to-date: /home/rhobtor/PHD/test_j8_hayat/J8/install/argj801_ctl_platform_interfaces/include/argj801_ctl_platform_interfaces/argj801_ctl_platform_interfaces/msg/detail/cmd_throttle_msg__type_support.cpp
-- Up-to-date: /home/rhobtor/PHD/test_j8_hayat/J8/install/argj801_ctl_platform_interfaces/include/argj801_ctl_platform_interfaces/argj801_ctl_platform_interfaces/msg/detail/kinematic_debug_msg__type_support.cpp
-- Up-to-date: /home/rhobtor/PHD/test_j8_hayat/J8/install/argj801_ctl_platform_interfaces/include/argj801_ctl_platform_interfaces/argj801_ctl_platform_interfaces/msg/detail/cmd_throttle_msg__rosidl_typesupport_introspection_cpp.hpp
-- Up-to-date: /home/rhobtor/PHD/test_j8_hayat/J8/install/argj801_ctl_platform_interfaces/lib/libargj801_ctl_platform_interfaces__rosidl_typesupport_introspection_cpp.so
-- Up-to-date: /home/rhobtor/PHD/test_j8_hayat/J8/install/argj801_ctl_platform_interfaces/lib/libargj801_ctl_platform_interfaces__rosidl_typesupport_cpp.so
-- Up-to-date: /home/rhobtor/PHD/test_j8_hayat/J8/install/argj801_ctl_platform_interfaces/share/argj801_ctl_platform_interfaces/environment/pythonpath.sh
-- Up-to-date: /home/rhobtor/PHD/test_j8_hayat/J8/install/argj801_ctl_platform_interfaces/share/argj801_ctl_platform_interfaces/environment/pythonpath.dsv
-- Up-to-date: /home/rhobtor/PHD/test_j8_hayat/J8/install/argj801_ctl_platform_interfaces/local/lib/python3.10/dist-packages/argj801_ctl_platform_interfaces-0.0.0-py3.10.egg-info
-- Installing: /home/rhobtor/PHD/test_j8_hayat/J8/install/argj801_ctl_platform_interfaces/local/lib/python3.10/dist-packages/argj801_ctl_platform_interfaces-0.0.0-py3.10.egg-info/top_level.txt
-- Installing: /home/rhobtor/PHD/test_j8_hayat/J8/install/argj801_ctl_platform_interfaces/local/lib/python3.10/dist-packages/argj801_ctl_platform_interfaces-0.0.0-py3.10.egg-info/SOURCES.txt
-- Installing: /home/rhobtor/PHD/test_j8_hayat/J8/install/argj801_ctl_platform_interfaces/local/lib/python3.10/dist-packages/argj801_ctl_platform_interfaces-0.0.0-py3.10.egg-info/PKG-INFO
-- Installing: /home/rhobtor/PHD/test_j8_hayat/J8/install/argj801_ctl_platform_interfaces/local/lib/python3.10/dist-packages/argj801_ctl_platform_interfaces-0.0.0-py3.10.egg-info/dependency_links.txt
-- Up-to-date: /home/rhobtor/PHD/test_j8_hayat/J8/install/argj801_ctl_platform_interfaces/local/lib/python3.10/dist-packages/argj801_ctl_platform_interfaces
-- Up-to-date: /home/rhobtor/PHD/test_j8_hayat/J8/install/argj801_ctl_platform_interfaces/local/lib/python3.10/dist-packages/argj801_ctl_platform_interfaces/_argj801_ctl_platform_interfaces_s.ep.rosidl_typesupport_fastrtps_c.c
-- Up-to-date: /home/rhobtor/PHD/test_j8_hayat/J8/install/argj801_ctl_platform_interfaces/local/lib/python3.10/dist-packages/argj801_ctl_platform_interfaces/srv
-- Up-to-date: /home/rhobtor/PHD/test_j8_hayat/J8/install/argj801_ctl_platform_interfaces/local/lib/python3.10/dist-packages/argj801_ctl_platform_interfaces/srv/_emergency_stop_s.c
-- Up-to-date: /home/rhobtor/PHD/test_j8_hayat/J8/install/argj801_ctl_platform_interfaces/local/lib/python3.10/dist-packages/argj801_ctl_platform_interfaces/srv/_get_velocity.py
-- Up-to-date: /home/rhobtor/PHD/test_j8_hayat/J8/install/argj801_ctl_platform_interfaces/local/lib/python3.10/dist-packages/argj801_ctl_platform_interfaces/srv/_emergency_stop.py
-- Up-to-date: /home/rhobtor/PHD/test_j8_hayat/J8/install/argj801_ctl_platform_interfaces/local/lib/python3.10/dist-packages/argj801_ctl_platform_interfaces/srv/_set_velocity.py
-- Up-to-date: /home/rhobtor/PHD/test_j8_hayat/J8/install/argj801_ctl_platform_interfaces/local/lib/python3.10/dist-packages/argj801_ctl_platform_interfaces/srv/_set_velocity_s.c
-- Up-to-date: /home/rhobtor/PHD/test_j8_hayat/J8/install/argj801_ctl_platform_interfaces/local/lib/python3.10/dist-packages/argj801_ctl_platform_interfaces/srv/__init__.py
-- Up-to-date: /home/rhobtor/PHD/test_j8_hayat/J8/install/argj801_ctl_platform_interfaces/local/lib/python3.10/dist-packages/argj801_ctl_platform_interfaces/srv/_get_velocity_s.c
-- Up-to-date: /home/rhobtor/PHD/test_j8_hayat/J8/install/argj801_ctl_platform_interfaces/local/lib/python3.10/dist-packages/argj801_ctl_platform_interfaces/libargj801_ctl_platform_interfaces__rosidl_generator_py.so
-- Up-to-date: /home/rhobtor/PHD/test_j8_hayat/J8/install/argj801_ctl_platform_interfaces/local/lib/python3.10/dist-packages/argj801_ctl_platform_interfaces/_argj801_ctl_platform_interfaces_s.ep.rosidl_typesupport_introspection_c.c
-- Up-to-date: /home/rhobtor/PHD/test_j8_hayat/J8/install/argj801_ctl_platform_interfaces/local/lib/python3.10/dist-packages/argj801_ctl_platform_interfaces/argj801_ctl_platform_interfaces_s__rosidl_typesupport_c.cpython-310-x86_64-linux-gnu.so
-- Up-to-date: /home/rhobtor/PHD/test_j8_hayat/J8/install/argj801_ctl_platform_interfaces/local/lib/python3.10/dist-packages/argj801_ctl_platform_interfaces/argj801_ctl_platform_interfaces_s__rosidl_typesupport_introspection_c.cpython-310-x86_64-linux-gnu.so
-- Up-to-date: /home/rhobtor/PHD/test_j8_hayat/J8/install/argj801_ctl_platform_interfaces/local/lib/python3.10/dist-packages/argj801_ctl_platform_interfaces/__init__.py
-- Up-to-date: /home/rhobtor/PHD/test_j8_hayat/J8/install/argj801_ctl_platform_interfaces/local/lib/python3.10/dist-packages/argj801_ctl_platform_interfaces/argj801_ctl_platform_interfaces_s__rosidl_typesupport_fastrtps_c.cpython-310-x86_64-linux-gnu.so
-- Up-to-date: /home/rhobtor/PHD/test_j8_hayat/J8/install/argj801_ctl_platform_interfaces/local/lib/python3.10/dist-packages/argj801_ctl_platform_interfaces/_argj801_ctl_platform_interfaces_s.ep.rosidl_typesupport_c.c
-- Up-to-date: /home/rhobtor/PHD/test_j8_hayat/J8/install/argj801_ctl_platform_interfaces/local/lib/python3.10/dist-packages/argj801_ctl_platform_interfaces/msg
-- Up-to-date: /home/rhobtor/PHD/test_j8_hayat/J8/install/argj801_ctl_platform_interfaces/local/lib/python3.10/dist-packages/argj801_ctl_platform_interfaces/msg/_cmd_throttle_msg.py
-- Up-to-date: /home/rhobtor/PHD/test_j8_hayat/J8/install/argj801_ctl_platform_interfaces/local/lib/python3.10/dist-packages/argj801_ctl_platform_interfaces/msg/_kinematic_debug_msg_s.c
-- Up-to-date: /home/rhobtor/PHD/test_j8_hayat/J8/install/argj801_ctl_platform_interfaces/local/lib/python3.10/dist-packages/argj801_ctl_platform_interfaces/msg/__init__.py
-- Up-to-date: /home/rhobtor/PHD/test_j8_hayat/J8/install/argj801_ctl_platform_interfaces/local/lib/python3.10/dist-packages/argj801_ctl_platform_interfaces/msg/_kinematic_debug_msg.py
-- Up-to-date: /home/rhobtor/PHD/test_j8_hayat/J8/install/argj801_ctl_platform_interfaces/local/lib/python3.10/dist-packages/argj801_ctl_platform_interfaces/msg/_cmd_throttle_msg_s.c
Listing '/home/rhobtor/PHD/test_j8_hayat/J8/install/argj801_ctl_platform_interfaces/local/lib/python3.10/dist-packages/argj801_ctl_platform_interfaces'...
Listing '/home/rhobtor/PHD/test_j8_hayat/J8/install/argj801_ctl_platform_interfaces/local/lib/python3.10/dist-packages/argj801_ctl_platform_interfaces/msg'...
Listing '/home/rhobtor/PHD/test_j8_hayat/J8/install/argj801_ctl_platform_interfaces/local/lib/python3.10/dist-packages/argj801_ctl_platform_interfaces/srv'...
-- Up-to-date: /home/rhobtor/PHD/test_j8_hayat/J8/install/argj801_ctl_platform_interfaces/local/lib/python3.10/dist-packages/argj801_ctl_platform_interfaces/argj801_ctl_platform_interfaces_s__rosidl_typesupport_fastrtps_c.cpython-310-x86_64-linux-gnu.so
-- Up-to-date: /home/rhobtor/PHD/test_j8_hayat/J8/install/argj801_ctl_platform_interfaces/local/lib/python3.10/dist-packages/argj801_ctl_platform_interfaces/argj801_ctl_platform_interfaces_s__rosidl_typesupport_introspection_c.cpython-310-x86_64-linux-gnu.so
-- Up-to-date: /home/rhobtor/PHD/test_j8_hayat/J8/install/argj801_ctl_platform_interfaces/local/lib/python3.10/dist-packages/argj801_ctl_platform_interfaces/argj801_ctl_platform_interfaces_s__rosidl_typesupport_c.cpython-310-x86_64-linux-gnu.so
-- Up-to-date: /home/rhobtor/PHD/test_j8_hayat/J8/install/argj801_ctl_platform_interfaces/lib/libargj801_ctl_platform_interfaces__rosidl_generator_py.so
-- Up-to-date: /home/rhobtor/PHD/test_j8_hayat/J8/install/argj801_ctl_platform_interfaces/share/ament_index/resource_index/rust_packages/argj801_ctl_platform_interfaces
-- Up-to-date: /home/rhobtor/PHD/test_j8_hayat/J8/install/argj801_ctl_platform_interfaces/share/argj801_ctl_platform_interfaces/rust
-- Up-to-date: /home/rhobtor/PHD/test_j8_hayat/J8/install/argj801_ctl_platform_interfaces/share/argj801_ctl_platform_interfaces/rust/src
-- Up-to-date: /home/rhobtor/PHD/test_j8_hayat/J8/install/argj801_ctl_platform_interfaces/share/argj801_ctl_platform_interfaces/rust/src/lib.rs
-- Up-to-date: /home/rhobtor/PHD/test_j8_hayat/J8/install/argj801_ctl_platform_interfaces/share/argj801_ctl_platform_interfaces/rust/src/srv
-- Up-to-date: /home/rhobtor/PHD/test_j8_hayat/J8/install/argj801_ctl_platform_interfaces/share/argj801_ctl_platform_interfaces/rust/src/srv/rmw.rs
-- Up-to-date: /home/rhobtor/PHD/test_j8_hayat/J8/install/argj801_ctl_platform_interfaces/share/argj801_ctl_platform_interfaces/rust/src/srv.rs
-- Up-to-date: /home/rhobtor/PHD/test_j8_hayat/J8/install/argj801_ctl_platform_interfaces/share/argj801_ctl_platform_interfaces/rust/src/msg.rs
-- Up-to-date: /home/rhobtor/PHD/test_j8_hayat/J8/install/argj801_ctl_platform_interfaces/share/argj801_ctl_platform_interfaces/rust/src/msg
-- Up-to-date: /home/rhobtor/PHD/test_j8_hayat/J8/install/argj801_ctl_platform_interfaces/share/argj801_ctl_platform_interfaces/rust/src/msg/rmw.rs
-- Up-to-date: /home/rhobtor/PHD/test_j8_hayat/J8/install/argj801_ctl_platform_interfaces/share/argj801_ctl_platform_interfaces/rust/Cargo.toml
-- Up-to-date: /home/rhobtor/PHD/test_j8_hayat/J8/install/argj801_ctl_platform_interfaces/share/argj801_ctl_platform_interfaces/rust/build.rs
-- Up-to-date: /home/rhobtor/PHD/test_j8_hayat/J8/install/argj801_ctl_platform_interfaces/share/argj801_ctl_platform_interfaces/srv/SetVelocity.idl
-- Up-to-date: /home/rhobtor/PHD/test_j8_hayat/J8/install/argj801_ctl_platform_interfaces/share/argj801_ctl_platform_interfaces/srv/GetVelocity.idl
-- Up-to-date: /home/rhobtor/PHD/test_j8_hayat/J8/install/argj801_ctl_platform_interfaces/share/argj801_ctl_platform_interfaces/srv/EmergencyStop.idl
-- Up-to-date: /home/rhobtor/PHD/test_j8_hayat/J8/install/argj801_ctl_platform_interfaces/share/argj801_ctl_platform_interfaces/msg/CmdThrottleMsg.idl
-- Up-to-date: /home/rhobtor/PHD/test_j8_hayat/J8/install/argj801_ctl_platform_interfaces/share/argj801_ctl_platform_interfaces/msg/KinematicDebugMsg.idl
-- Up-to-date: /home/rhobtor/PHD/test_j8_hayat/J8/install/argj801_ctl_platform_interfaces/share/argj801_ctl_platform_interfaces/srv/SetVelocity.srv
-- Up-to-date: /home/rhobtor/PHD/test_j8_hayat/J8/install/argj801_ctl_platform_interfaces/share/argj801_ctl_platform_interfaces/srv/SetVelocity_Request.msg
-- Up-to-date: /home/rhobtor/PHD/test_j8_hayat/J8/install/argj801_ctl_platform_interfaces/share/argj801_ctl_platform_interfaces/srv/SetVelocity_Response.msg
-- Up-to-date: /home/rhobtor/PHD/test_j8_hayat/J8/install/argj801_ctl_platform_interfaces/share/argj801_ctl_platform_interfaces/srv/GetVelocity.srv
-- Up-to-date: /home/rhobtor/PHD/test_j8_hayat/J8/install/argj801_ctl_platform_interfaces/share/argj801_ctl_platform_interfaces/srv/GetVelocity_Request.msg
-- Up-to-date: /home/rhobtor/PHD/test_j8_hayat/J8/install/argj801_ctl_platform_interfaces/share/argj801_ctl_platform_interfaces/srv/GetVelocity_Response.msg
-- Up-to-date: /home/rhobtor/PHD/test_j8_hayat/J8/install/argj801_ctl_platform_interfaces/share/argj801_ctl_platform_interfaces/srv/EmergencyStop.srv
-- Up-to-date: /home/rhobtor/PHD/test_j8_hayat/J8/install/argj801_ctl_platform_interfaces/share/argj801_ctl_platform_interfaces/srv/EmergencyStop_Request.msg
-- Up-to-date: /home/rhobtor/PHD/test_j8_hayat/J8/install/argj801_ctl_platform_interfaces/share/argj801_ctl_platform_interfaces/srv/EmergencyStop_Response.msg
-- Up-to-date: /home/rhobtor/PHD/test_j8_hayat/J8/install/argj801_ctl_platform_interfaces/share/argj801_ctl_platform_interfaces/msg/CmdThrottleMsg.msg
-- Up-to-date: /home/rhobtor/PHD/test_j8_hayat/J8/install/argj801_ctl_platform_interfaces/share/argj801_ctl_platform_interfaces/msg/KinematicDebugMsg.msg
-- Up-to-date: /home/rhobtor/PHD/test_j8_hayat/J8/install/argj801_ctl_platform_interfaces/share/ament_index/resource_index/package_run_dependencies/argj801_ctl_platform_interfaces
-- Up-to-date: /home/rhobtor/PHD/test_j8_hayat/J8/install/argj801_ctl_platform_interfaces/share/ament_index/resource_index/parent_prefix_path/argj801_ctl_platform_interfaces
-- Up-to-date: /home/rhobtor/PHD/test_j8_hayat/J8/install/argj801_ctl_platform_interfaces/share/argj801_ctl_platform_interfaces/environment/ament_prefix_path.sh
-- Up-to-date: /home/rhobtor/PHD/test_j8_hayat/J8/install/argj801_ctl_platform_interfaces/share/argj801_ctl_platform_interfaces/environment/ament_prefix_path.dsv
-- Up-to-date: /home/rhobtor/PHD/test_j8_hayat/J8/install/argj801_ctl_platform_interfaces/share/argj801_ctl_platform_interfaces/environment/path.sh
-- Up-to-date: /home/rhobtor/PHD/test_j8_hayat/J8/install/argj801_ctl_platform_interfaces/share/argj801_ctl_platform_interfaces/environment/path.dsv
-- Up-to-date: /home/rhobtor/PHD/test_j8_hayat/J8/install/argj801_ctl_platform_interfaces/share/argj801_ctl_platform_interfaces/local_setup.bash
-- Up-to-date: /home/rhobtor/PHD/test_j8_hayat/J8/install/argj801_ctl_platform_interfaces/share/argj801_ctl_platform_interfaces/local_setup.sh
-- Up-to-date: /home/rhobtor/PHD/test_j8_hayat/J8/install/argj801_ctl_platform_interfaces/share/argj801_ctl_platform_interfaces/local_setup.zsh
-- Up-to-date: /home/rhobtor/PHD/test_j8_hayat/J8/install/argj801_ctl_platform_interfaces/share/argj801_ctl_platform_interfaces/local_setup.dsv
-- Installing: /home/rhobtor/PHD/test_j8_hayat/J8/install/argj801_ctl_platform_interfaces/share/argj801_ctl_platform_interfaces/package.dsv
-- Up-to-date: /home/rhobtor/PHD/test_j8_hayat/J8/install/argj801_ctl_platform_interfaces/share/ament_index/resource_index/packages/argj801_ctl_platform_interfaces
-- Up-to-date: /home/rhobtor/PHD/test_j8_hayat/J8/install/argj801_ctl_platform_interfaces/share/argj801_ctl_platform_interfaces/cmake/export_argj801_ctl_platform_interfaces__rosidl_generator_cExport.cmake
-- Up-to-date: /home/rhobtor/PHD/test_j8_hayat/J8/install/argj801_ctl_platform_interfaces/share/argj801_ctl_platform_interfaces/cmake/export_argj801_ctl_platform_interfaces__rosidl_generator_cExport-noconfig.cmake
-- Up-to-date: /home/rhobtor/PHD/test_j8_hayat/J8/install/argj801_ctl_platform_interfaces/share/argj801_ctl_platform_interfaces/cmake/export_argj801_ctl_platform_interfaces__rosidl_typesupport_fastrtps_cExport.cmake
-- Up-to-date: /home/rhobtor/PHD/test_j8_hayat/J8/install/argj801_ctl_platform_interfaces/share/argj801_ctl_platform_interfaces/cmake/export_argj801_ctl_platform_interfaces__rosidl_typesupport_fastrtps_cExport-noconfig.cmake
-- Up-to-date: /home/rhobtor/PHD/test_j8_hayat/J8/install/argj801_ctl_platform_interfaces/share/argj801_ctl_platform_interfaces/cmake/argj801_ctl_platform_interfaces__rosidl_typesupport_introspection_cExport.cmake
-- Up-to-date: /home/rhobtor/PHD/test_j8_hayat/J8/install/argj801_ctl_platform_interfaces/share/argj801_ctl_platform_interfaces/cmake/argj801_ctl_platform_interfaces__rosidl_typesupport_introspection_cExport-noconfig.cmake
-- Up-to-date: /home/rhobtor/PHD/test_j8_hayat/J8/install/argj801_ctl_platform_interfaces/share/argj801_ctl_platform_interfaces/cmake/argj801_ctl_platform_interfaces__rosidl_typesupport_cExport.cmake
-- Up-to-date: /home/rhobtor/PHD/test_j8_hayat/J8/install/argj801_ctl_platform_interfaces/share/argj801_ctl_platform_interfaces/cmake/argj801_ctl_platform_interfaces__rosidl_typesupport_cExport-noconfig.cmake
-- Up-to-date: /home/rhobtor/PHD/test_j8_hayat/J8/install/argj801_ctl_platform_interfaces/share/argj801_ctl_platform_interfaces/cmake/export_argj801_ctl_platform_interfaces__rosidl_generator_cppExport.cmake
-- Up-to-date: /home/rhobtor/PHD/test_j8_hayat/J8/install/argj801_ctl_platform_interfaces/share/argj801_ctl_platform_interfaces/cmake/export_argj801_ctl_platform_interfaces__rosidl_typesupport_fastrtps_cppExport.cmake
-- Up-to-date: /home/rhobtor/PHD/test_j8_hayat/J8/install/argj801_ctl_platform_interfaces/share/argj801_ctl_platform_interfaces/cmake/export_argj801_ctl_platform_interfaces__rosidl_typesupport_fastrtps_cppExport-noconfig.cmake
-- Up-to-date: /home/rhobtor/PHD/test_j8_hayat/J8/install/argj801_ctl_platform_interfaces/share/argj801_ctl_platform_interfaces/cmake/argj801_ctl_platform_interfaces__rosidl_typesupport_introspection_cppExport.cmake
-- Up-to-date: /home/rhobtor/PHD/test_j8_hayat/J8/install/argj801_ctl_platform_interfaces/share/argj801_ctl_platform_interfaces/cmake/argj801_ctl_platform_interfaces__rosidl_typesupport_introspection_cppExport-noconfig.cmake
-- Up-to-date: /home/rhobtor/PHD/test_j8_hayat/J8/install/argj801_ctl_platform_interfaces/share/argj801_ctl_platform_interfaces/cmake/argj801_ctl_platform_interfaces__rosidl_typesupport_cppExport.cmake
-- Up-to-date: /home/rhobtor/PHD/test_j8_hayat/J8/install/argj801_ctl_platform_interfaces/share/argj801_ctl_platform_interfaces/cmake/argj801_ctl_platform_interfaces__rosidl_typesupport_cppExport-noconfig.cmake
-- Up-to-date: /home/rhobtor/PHD/test_j8_hayat/J8/install/argj801_ctl_platform_interfaces/share/argj801_ctl_platform_interfaces/cmake/export_argj801_ctl_platform_interfaces__rosidl_generator_pyExport.cmake
-- Up-to-date: /home/rhobtor/PHD/test_j8_hayat/J8/install/argj801_ctl_platform_interfaces/share/argj801_ctl_platform_interfaces/cmake/export_argj801_ctl_platform_interfaces__rosidl_generator_pyExport-noconfig.cmake
-- Up-to-date: /home/rhobtor/PHD/test_j8_hayat/J8/install/argj801_ctl_platform_interfaces/share/argj801_ctl_platform_interfaces/cmake/rosidl_cmake-extras.cmake
-- Up-to-date: /home/rhobtor/PHD/test_j8_hayat/J8/install/argj801_ctl_platform_interfaces/share/argj801_ctl_platform_interfaces/cmake/ament_cmake_export_include_directories-extras.cmake
-- Up-to-date: /home/rhobtor/PHD/test_j8_hayat/J8/install/argj801_ctl_platform_interfaces/share/argj801_ctl_platform_interfaces/cmake/ament_cmake_export_libraries-extras.cmake
-- Up-to-date: /home/rhobtor/PHD/test_j8_hayat/J8/install/argj801_ctl_platform_interfaces/share/argj801_ctl_platform_interfaces/cmake/ament_cmake_export_targets-extras.cmake
-- Up-to-date: /home/rhobtor/PHD/test_j8_hayat/J8/install/argj801_ctl_platform_interfaces/share/argj801_ctl_platform_interfaces/cmake/rosidl_cmake_export_typesupport_targets-extras.cmake
-- Up-to-date: /home/rhobtor/PHD/test_j8_hayat/J8/install/argj801_ctl_platform_interfaces/share/argj801_ctl_platform_interfaces/cmake/ament_cmake_export_dependencies-extras.cmake
-- Up-to-date: /home/rhobtor/PHD/test_j8_hayat/J8/install/argj801_ctl_platform_interfaces/share/argj801_ctl_platform_interfaces/cmake/rosidl_cmake_export_typesupport_libraries-extras.cmake
-- Up-to-date: /home/rhobtor/PHD/test_j8_hayat/J8/install/argj801_ctl_platform_interfaces/share/argj801_ctl_platform_interfaces/cmake/argj801_ctl_platform_interfacesConfig.cmake
-- Up-to-date: /home/rhobtor/PHD/test_j8_hayat/J8/install/argj801_ctl_platform_interfaces/share/argj801_ctl_platform_interfaces/cmake/argj801_ctl_platform_interfacesConfig-version.cmake
-- Up-to-date: /home/rhobtor/PHD/test_j8_hayat/J8/install/argj801_ctl_platform_interfaces/share/argj801_ctl_platform_interfaces/package.xml
