[0.097s] Invoking command in '/home/rhobtor/PHD/test_j8_hayat/J8/build/argj801_ctl_platform_interfaces': CMAKE_PREFIX_PATH=${CMAKE_PREFIX_PATH}:/home/rhobtor/PHD/test_j8_hayat/J8/install/ntrip_client:/home/rhobtor/PHD/test_j8_hayat/J8/install/j8_gui:/home/rhobtor/PHD/test_j8_hayat/J8/install/android_ros2_server:/home/rhobtor/PHD/test_j8_hayat/J8/install/GUI_pkg:/home/rhobtor/PHD/ARGOJ8_IA/ARGOSJ8_IA_/install/ntrip_client:/home/rhobtor/PHD/ARGOJ8_IA/ARGOSJ8_IA_/install/j8_gui:/home/rhobtor/PHD/ARGOJ8_IA/ARGOSJ8_IA_/install/car:/home/rhobtor/PHD/ARGOJ8_IA/ARGOSJ8_IA_/install/android_ros2_server:/home/rhobtor/PHD/ARGOJ8_IA/ARGOSJ8_IA_/install/GUI_pkg:/opt/ros/humble /opt/st/stm32cubeclt_1.18.0/CMake/bin/cmake --build /home/rhobtor/PHD/test_j8_hayat/J8/build/argj801_ctl_platform_interfaces -- -j16 -l16
[1.099s] [  1%] Built target argj801_ctl_platform_interfaces__cpp
[1.100s] [  3%] Built target ament_cmake_python_copy_argj801_ctl_platform_interfaces
[1.100s] [ 12%] Built target argj801_ctl_platform_interfaces__rosidl_generator_c
[1.101s] [ 14%] Built target argj801_ctl_platform_interfaces__rs
[1.101s] [ 25%] Built target argj801_ctl_platform_interfaces__rosidl_typesupport_cpp
[1.101s] [ 35%] Built target argj801_ctl_platform_interfaces__rosidl_typesupport_fastrtps_cpp
[1.101s] [ 46%] Built target argj801_ctl_platform_interfaces__rosidl_typesupport_introspection_cpp
[1.101s] [ 57%] Built target argj801_ctl_platform_interfaces__rosidl_typesupport_introspection_c
[1.101s] [ 73%] Built target argj801_ctl_platform_interfaces__rosidl_typesupport_fastrtps_c
[1.101s] [ 79%] Built target argj801_ctl_platform_interfaces__rosidl_typesupport_c
[1.101s] [ 79%] Built target argj801_ctl_platform_interfaces
[1.101s] [ 81%] Built target argj801_ctl_platform_interfaces__py
[1.102s] [ 90%] Built target argj801_ctl_platform_interfaces__rosidl_generator_py
[1.102s] [ 93%] Built target argj801_ctl_platform_interfaces__rosidl_typesupport_fastrtps_c__pyext
[1.102s] [ 96%] Built target argj801_ctl_platform_interfaces__rosidl_typesupport_c__pyext
[1.102s] [100%] Built target argj801_ctl_platform_interfaces__rosidl_typesupport_introspection_c__pyext
[1.102s] running egg_info
[1.102s] writing argj801_ctl_platform_interfaces.egg-info/PKG-INFO
[1.102s] writing dependency_links to argj801_ctl_platform_interfaces.egg-info/dependency_links.txt
[1.102s] writing top-level names to argj801_ctl_platform_interfaces.egg-info/top_level.txt
[1.102s] reading manifest file 'argj801_ctl_platform_interfaces.egg-info/SOURCES.txt'
[1.102s] writing manifest file 'argj801_ctl_platform_interfaces.egg-info/SOURCES.txt'
[1.102s] [100%] Built target ament_cmake_python_build_argj801_ctl_platform_interfaces_egg
[1.121s] Invoked command in '/home/rhobtor/PHD/test_j8_hayat/J8/build/argj801_ctl_platform_interfaces' returned '0': CMAKE_PREFIX_PATH=${CMAKE_PREFIX_PATH}:/home/rhobtor/PHD/test_j8_hayat/J8/install/ntrip_client:/home/rhobtor/PHD/test_j8_hayat/J8/install/j8_gui:/home/rhobtor/PHD/test_j8_hayat/J8/install/android_ros2_server:/home/rhobtor/PHD/test_j8_hayat/J8/install/GUI_pkg:/home/rhobtor/PHD/ARGOJ8_IA/ARGOSJ8_IA_/install/ntrip_client:/home/rhobtor/PHD/ARGOJ8_IA/ARGOSJ8_IA_/install/j8_gui:/home/rhobtor/PHD/ARGOJ8_IA/ARGOSJ8_IA_/install/car:/home/rhobtor/PHD/ARGOJ8_IA/ARGOSJ8_IA_/install/android_ros2_server:/home/rhobtor/PHD/ARGOJ8_IA/ARGOSJ8_IA_/install/GUI_pkg:/opt/ros/humble /opt/st/stm32cubeclt_1.18.0/CMake/bin/cmake --build /home/rhobtor/PHD/test_j8_hayat/J8/build/argj801_ctl_platform_interfaces -- -j16 -l16
[1.122s] Invoking command in '/home/rhobtor/PHD/test_j8_hayat/J8/build/argj801_ctl_platform_interfaces': CMAKE_PREFIX_PATH=${CMAKE_PREFIX_PATH}:/home/rhobtor/PHD/test_j8_hayat/J8/install/ntrip_client:/home/rhobtor/PHD/test_j8_hayat/J8/install/j8_gui:/home/rhobtor/PHD/test_j8_hayat/J8/install/android_ros2_server:/home/rhobtor/PHD/test_j8_hayat/J8/install/GUI_pkg:/home/rhobtor/PHD/ARGOJ8_IA/ARGOSJ8_IA_/install/ntrip_client:/home/rhobtor/PHD/ARGOJ8_IA/ARGOSJ8_IA_/install/j8_gui:/home/rhobtor/PHD/ARGOJ8_IA/ARGOSJ8_IA_/install/car:/home/rhobtor/PHD/ARGOJ8_IA/ARGOSJ8_IA_/install/android_ros2_server:/home/rhobtor/PHD/ARGOJ8_IA/ARGOSJ8_IA_/install/GUI_pkg:/opt/ros/humble /opt/st/stm32cubeclt_1.18.0/CMake/bin/cmake --install /home/rhobtor/PHD/test_j8_hayat/J8/build/argj801_ctl_platform_interfaces
[1.346s] -- Install configuration: ""
[1.346s] -- Up-to-date: /home/rhobtor/PHD/test_j8_hayat/J8/install/argj801_ctl_platform_interfaces/share/ament_index/resource_index/rosidl_interfaces/argj801_ctl_platform_interfaces
[1.346s] -- Up-to-date: /home/rhobtor/PHD/test_j8_hayat/J8/install/argj801_ctl_platform_interfaces/include/argj801_ctl_platform_interfaces/argj801_ctl_platform_interfaces
[1.346s] -- Up-to-date: /home/rhobtor/PHD/test_j8_hayat/J8/install/argj801_ctl_platform_interfaces/include/argj801_ctl_platform_interfaces/argj801_ctl_platform_interfaces/srv
[1.346s] -- Up-to-date: /home/rhobtor/PHD/test_j8_hayat/J8/install/argj801_ctl_platform_interfaces/include/argj801_ctl_platform_interfaces/argj801_ctl_platform_interfaces/srv/detail
[1.346s] -- Up-to-date: /home/rhobtor/PHD/test_j8_hayat/J8/install/argj801_ctl_platform_interfaces/include/argj801_ctl_platform_interfaces/argj801_ctl_platform_interfaces/srv/detail/set_velocity__type_support.h
[1.346s] -- Up-to-date: /home/rhobtor/PHD/test_j8_hayat/J8/install/argj801_ctl_platform_interfaces/include/argj801_ctl_platform_interfaces/argj801_ctl_platform_interfaces/srv/detail/get_velocity__type_support.h
[1.346s] -- Up-to-date: /home/rhobtor/PHD/test_j8_hayat/J8/install/argj801_ctl_platform_interfaces/include/argj801_ctl_platform_interfaces/argj801_ctl_platform_interfaces/srv/detail/emergency_stop__functions.h
[1.346s] -- Up-to-date: /home/rhobtor/PHD/test_j8_hayat/J8/install/argj801_ctl_platform_interfaces/include/argj801_ctl_platform_interfaces/argj801_ctl_platform_interfaces/srv/detail/emergency_stop__functions.c
[1.346s] -- Up-to-date: /home/rhobtor/PHD/test_j8_hayat/J8/install/argj801_ctl_platform_interfaces/include/argj801_ctl_platform_interfaces/argj801_ctl_platform_interfaces/srv/detail/set_velocity__struct.h
[1.347s] -- Up-to-date: /home/rhobtor/PHD/test_j8_hayat/J8/install/argj801_ctl_platform_interfaces/include/argj801_ctl_platform_interfaces/argj801_ctl_platform_interfaces/srv/detail/set_velocity__functions.c
[1.347s] -- Up-to-date: /home/rhobtor/PHD/test_j8_hayat/J8/install/argj801_ctl_platform_interfaces/include/argj801_ctl_platform_interfaces/argj801_ctl_platform_interfaces/srv/detail/emergency_stop__type_support.h
[1.347s] -- Up-to-date: /home/rhobtor/PHD/test_j8_hayat/J8/install/argj801_ctl_platform_interfaces/include/argj801_ctl_platform_interfaces/argj801_ctl_platform_interfaces/srv/detail/get_velocity__struct.h
[1.347s] -- Up-to-date: /home/rhobtor/PHD/test_j8_hayat/J8/install/argj801_ctl_platform_interfaces/include/argj801_ctl_platform_interfaces/argj801_ctl_platform_interfaces/srv/detail/set_velocity__functions.h
[1.347s] -- Up-to-date: /home/rhobtor/PHD/test_j8_hayat/J8/install/argj801_ctl_platform_interfaces/include/argj801_ctl_platform_interfaces/argj801_ctl_platform_interfaces/srv/detail/get_velocity__functions.h
[1.347s] -- Up-to-date: /home/rhobtor/PHD/test_j8_hayat/J8/install/argj801_ctl_platform_interfaces/include/argj801_ctl_platform_interfaces/argj801_ctl_platform_interfaces/srv/detail/get_velocity__functions.c
[1.347s] -- Up-to-date: /home/rhobtor/PHD/test_j8_hayat/J8/install/argj801_ctl_platform_interfaces/include/argj801_ctl_platform_interfaces/argj801_ctl_platform_interfaces/srv/detail/emergency_stop__struct.h
[1.347s] -- Up-to-date: /home/rhobtor/PHD/test_j8_hayat/J8/install/argj801_ctl_platform_interfaces/include/argj801_ctl_platform_interfaces/argj801_ctl_platform_interfaces/srv/set_velocity.h
[1.348s] -- Up-to-date: /home/rhobtor/PHD/test_j8_hayat/J8/install/argj801_ctl_platform_interfaces/include/argj801_ctl_platform_interfaces/argj801_ctl_platform_interfaces/srv/emergency_stop.h
[1.348s] -- Up-to-date: /home/rhobtor/PHD/test_j8_hayat/J8/install/argj801_ctl_platform_interfaces/include/argj801_ctl_platform_interfaces/argj801_ctl_platform_interfaces/srv/get_velocity.h
[1.348s] -- Up-to-date: /home/rhobtor/PHD/test_j8_hayat/J8/install/argj801_ctl_platform_interfaces/include/argj801_ctl_platform_interfaces/argj801_ctl_platform_interfaces/msg
[1.348s] -- Up-to-date: /home/rhobtor/PHD/test_j8_hayat/J8/install/argj801_ctl_platform_interfaces/include/argj801_ctl_platform_interfaces/argj801_ctl_platform_interfaces/msg/kinematic_debug_msg.h
[1.348s] -- Up-to-date: /home/rhobtor/PHD/test_j8_hayat/J8/install/argj801_ctl_platform_interfaces/include/argj801_ctl_platform_interfaces/argj801_ctl_platform_interfaces/msg/rosidl_generator_c__visibility_control.h
[1.348s] -- Up-to-date: /home/rhobtor/PHD/test_j8_hayat/J8/install/argj801_ctl_platform_interfaces/include/argj801_ctl_platform_interfaces/argj801_ctl_platform_interfaces/msg/cmd_throttle_msg.h
[1.348s] -- Up-to-date: /home/rhobtor/PHD/test_j8_hayat/J8/install/argj801_ctl_platform_interfaces/include/argj801_ctl_platform_interfaces/argj801_ctl_platform_interfaces/msg/detail
[1.348s] -- Up-to-date: /home/rhobtor/PHD/test_j8_hayat/J8/install/argj801_ctl_platform_interfaces/include/argj801_ctl_platform_interfaces/argj801_ctl_platform_interfaces/msg/detail/cmd_throttle_msg__struct.h
[1.348s] -- Up-to-date: /home/rhobtor/PHD/test_j8_hayat/J8/install/argj801_ctl_platform_interfaces/include/argj801_ctl_platform_interfaces/argj801_ctl_platform_interfaces/msg/detail/kinematic_debug_msg__type_support.h
[1.348s] -- Up-to-date: /home/rhobtor/PHD/test_j8_hayat/J8/install/argj801_ctl_platform_interfaces/include/argj801_ctl_platform_interfaces/argj801_ctl_platform_interfaces/msg/detail/kinematic_debug_msg__functions.h
[1.348s] -- Up-to-date: /home/rhobtor/PHD/test_j8_hayat/J8/install/argj801_ctl_platform_interfaces/include/argj801_ctl_platform_interfaces/argj801_ctl_platform_interfaces/msg/detail/cmd_throttle_msg__functions.h
[1.348s] -- Up-to-date: /home/rhobtor/PHD/test_j8_hayat/J8/install/argj801_ctl_platform_interfaces/include/argj801_ctl_platform_interfaces/argj801_ctl_platform_interfaces/msg/detail/cmd_throttle_msg__type_support.h
[1.348s] -- Up-to-date: /home/rhobtor/PHD/test_j8_hayat/J8/install/argj801_ctl_platform_interfaces/include/argj801_ctl_platform_interfaces/argj801_ctl_platform_interfaces/msg/detail/kinematic_debug_msg__struct.h
[1.348s] -- Up-to-date: /home/rhobtor/PHD/test_j8_hayat/J8/install/argj801_ctl_platform_interfaces/include/argj801_ctl_platform_interfaces/argj801_ctl_platform_interfaces/msg/detail/cmd_throttle_msg__functions.c
[1.348s] -- Up-to-date: /home/rhobtor/PHD/test_j8_hayat/J8/install/argj801_ctl_platform_interfaces/include/argj801_ctl_platform_interfaces/argj801_ctl_platform_interfaces/msg/detail/kinematic_debug_msg__functions.c
[1.348s] -- Up-to-date: /home/rhobtor/PHD/test_j8_hayat/J8/install/argj801_ctl_platform_interfaces/share/argj801_ctl_platform_interfaces/environment/library_path.sh
[1.349s] -- Up-to-date: /home/rhobtor/PHD/test_j8_hayat/J8/install/argj801_ctl_platform_interfaces/share/argj801_ctl_platform_interfaces/environment/library_path.dsv
[1.349s] -- Up-to-date: /home/rhobtor/PHD/test_j8_hayat/J8/install/argj801_ctl_platform_interfaces/lib/libargj801_ctl_platform_interfaces__rosidl_generator_c.so
[1.349s] -- Up-to-date: /home/rhobtor/PHD/test_j8_hayat/J8/install/argj801_ctl_platform_interfaces/include/argj801_ctl_platform_interfaces/argj801_ctl_platform_interfaces
[1.349s] -- Up-to-date: /home/rhobtor/PHD/test_j8_hayat/J8/install/argj801_ctl_platform_interfaces/include/argj801_ctl_platform_interfaces/argj801_ctl_platform_interfaces/srv
[1.349s] -- Up-to-date: /home/rhobtor/PHD/test_j8_hayat/J8/install/argj801_ctl_platform_interfaces/include/argj801_ctl_platform_interfaces/argj801_ctl_platform_interfaces/srv/detail
[1.349s] -- Up-to-date: /home/rhobtor/PHD/test_j8_hayat/J8/install/argj801_ctl_platform_interfaces/include/argj801_ctl_platform_interfaces/argj801_ctl_platform_interfaces/srv/detail/emergency_stop__rosidl_typesupport_fastrtps_c.h
[1.349s] -- Up-to-date: /home/rhobtor/PHD/test_j8_hayat/J8/install/argj801_ctl_platform_interfaces/include/argj801_ctl_platform_interfaces/argj801_ctl_platform_interfaces/srv/detail/get_velocity__rosidl_typesupport_fastrtps_c.h
[1.349s] -- Up-to-date: /home/rhobtor/PHD/test_j8_hayat/J8/install/argj801_ctl_platform_interfaces/include/argj801_ctl_platform_interfaces/argj801_ctl_platform_interfaces/srv/detail/set_velocity__rosidl_typesupport_fastrtps_c.h
[1.349s] -- Up-to-date: /home/rhobtor/PHD/test_j8_hayat/J8/install/argj801_ctl_platform_interfaces/include/argj801_ctl_platform_interfaces/argj801_ctl_platform_interfaces/msg
[1.355s] -- Up-to-date: /home/rhobtor/PHD/test_j8_hayat/J8/install/argj801_ctl_platform_interfaces/include/argj801_ctl_platform_interfaces/argj801_ctl_platform_interfaces/msg/detail
[1.355s] -- Up-to-date: /home/rhobtor/PHD/test_j8_hayat/J8/install/argj801_ctl_platform_interfaces/include/argj801_ctl_platform_interfaces/argj801_ctl_platform_interfaces/msg/detail/kinematic_debug_msg__rosidl_typesupport_fastrtps_c.h
[1.355s] -- Up-to-date: /home/rhobtor/PHD/test_j8_hayat/J8/install/argj801_ctl_platform_interfaces/include/argj801_ctl_platform_interfaces/argj801_ctl_platform_interfaces/msg/detail/cmd_throttle_msg__rosidl_typesupport_fastrtps_c.h
[1.355s] -- Up-to-date: /home/rhobtor/PHD/test_j8_hayat/J8/install/argj801_ctl_platform_interfaces/include/argj801_ctl_platform_interfaces/argj801_ctl_platform_interfaces/msg/rosidl_typesupport_fastrtps_c__visibility_control.h
[1.355s] -- Up-to-date: /home/rhobtor/PHD/test_j8_hayat/J8/install/argj801_ctl_platform_interfaces/lib/libargj801_ctl_platform_interfaces__rosidl_typesupport_fastrtps_c.so
[1.355s] -- Up-to-date: /home/rhobtor/PHD/test_j8_hayat/J8/install/argj801_ctl_platform_interfaces/include/argj801_ctl_platform_interfaces/argj801_ctl_platform_interfaces
[1.355s] -- Up-to-date: /home/rhobtor/PHD/test_j8_hayat/J8/install/argj801_ctl_platform_interfaces/include/argj801_ctl_platform_interfaces/argj801_ctl_platform_interfaces/srv
[1.355s] -- Up-to-date: /home/rhobtor/PHD/test_j8_hayat/J8/install/argj801_ctl_platform_interfaces/include/argj801_ctl_platform_interfaces/argj801_ctl_platform_interfaces/srv/detail
[1.355s] -- Up-to-date: /home/rhobtor/PHD/test_j8_hayat/J8/install/argj801_ctl_platform_interfaces/include/argj801_ctl_platform_interfaces/argj801_ctl_platform_interfaces/srv/detail/set_velocity__rosidl_typesupport_introspection_c.h
[1.355s] -- Up-to-date: /home/rhobtor/PHD/test_j8_hayat/J8/install/argj801_ctl_platform_interfaces/include/argj801_ctl_platform_interfaces/argj801_ctl_platform_interfaces/srv/detail/set_velocity__type_support.c
[1.355s] -- Up-to-date: /home/rhobtor/PHD/test_j8_hayat/J8/install/argj801_ctl_platform_interfaces/include/argj801_ctl_platform_interfaces/argj801_ctl_platform_interfaces/srv/detail/emergency_stop__rosidl_typesupport_introspection_c.h
[1.355s] -- Up-to-date: /home/rhobtor/PHD/test_j8_hayat/J8/install/argj801_ctl_platform_interfaces/include/argj801_ctl_platform_interfaces/argj801_ctl_platform_interfaces/srv/detail/emergency_stop__type_support.c
[1.355s] -- Up-to-date: /home/rhobtor/PHD/test_j8_hayat/J8/install/argj801_ctl_platform_interfaces/include/argj801_ctl_platform_interfaces/argj801_ctl_platform_interfaces/srv/detail/get_velocity__type_support.c
[1.356s] -- Up-to-date: /home/rhobtor/PHD/test_j8_hayat/J8/install/argj801_ctl_platform_interfaces/include/argj801_ctl_platform_interfaces/argj801_ctl_platform_interfaces/srv/detail/get_velocity__rosidl_typesupport_introspection_c.h
[1.356s] -- Up-to-date: /home/rhobtor/PHD/test_j8_hayat/J8/install/argj801_ctl_platform_interfaces/include/argj801_ctl_platform_interfaces/argj801_ctl_platform_interfaces/msg
[1.356s] -- Up-to-date: /home/rhobtor/PHD/test_j8_hayat/J8/install/argj801_ctl_platform_interfaces/include/argj801_ctl_platform_interfaces/argj801_ctl_platform_interfaces/msg/rosidl_typesupport_introspection_c__visibility_control.h
[1.356s] -- Up-to-date: /home/rhobtor/PHD/test_j8_hayat/J8/install/argj801_ctl_platform_interfaces/include/argj801_ctl_platform_interfaces/argj801_ctl_platform_interfaces/msg/detail
[1.356s] -- Up-to-date: /home/rhobtor/PHD/test_j8_hayat/J8/install/argj801_ctl_platform_interfaces/include/argj801_ctl_platform_interfaces/argj801_ctl_platform_interfaces/msg/detail/kinematic_debug_msg__type_support.c
[1.356s] -- Up-to-date: /home/rhobtor/PHD/test_j8_hayat/J8/install/argj801_ctl_platform_interfaces/include/argj801_ctl_platform_interfaces/argj801_ctl_platform_interfaces/msg/detail/kinematic_debug_msg__rosidl_typesupport_introspection_c.h
[1.356s] -- Up-to-date: /home/rhobtor/PHD/test_j8_hayat/J8/install/argj801_ctl_platform_interfaces/include/argj801_ctl_platform_interfaces/argj801_ctl_platform_interfaces/msg/detail/cmd_throttle_msg__rosidl_typesupport_introspection_c.h
[1.356s] -- Up-to-date: /home/rhobtor/PHD/test_j8_hayat/J8/install/argj801_ctl_platform_interfaces/include/argj801_ctl_platform_interfaces/argj801_ctl_platform_interfaces/msg/detail/cmd_throttle_msg__type_support.c
[1.357s] -- Up-to-date: /home/rhobtor/PHD/test_j8_hayat/J8/install/argj801_ctl_platform_interfaces/lib/libargj801_ctl_platform_interfaces__rosidl_typesupport_introspection_c.so
[1.357s] -- Up-to-date: /home/rhobtor/PHD/test_j8_hayat/J8/install/argj801_ctl_platform_interfaces/lib/libargj801_ctl_platform_interfaces__rosidl_typesupport_c.so
[1.357s] -- Up-to-date: /home/rhobtor/PHD/test_j8_hayat/J8/install/argj801_ctl_platform_interfaces/include/argj801_ctl_platform_interfaces/argj801_ctl_platform_interfaces
[1.357s] -- Up-to-date: /home/rhobtor/PHD/test_j8_hayat/J8/install/argj801_ctl_platform_interfaces/include/argj801_ctl_platform_interfaces/argj801_ctl_platform_interfaces/srv
[1.357s] -- Up-to-date: /home/rhobtor/PHD/test_j8_hayat/J8/install/argj801_ctl_platform_interfaces/include/argj801_ctl_platform_interfaces/argj801_ctl_platform_interfaces/srv/get_velocity.hpp
[1.357s] -- Up-to-date: /home/rhobtor/PHD/test_j8_hayat/J8/install/argj801_ctl_platform_interfaces/include/argj801_ctl_platform_interfaces/argj801_ctl_platform_interfaces/srv/detail
[1.357s] -- Up-to-date: /home/rhobtor/PHD/test_j8_hayat/J8/install/argj801_ctl_platform_interfaces/include/argj801_ctl_platform_interfaces/argj801_ctl_platform_interfaces/srv/detail/set_velocity__struct.hpp
[1.357s] -- Up-to-date: /home/rhobtor/PHD/test_j8_hayat/J8/install/argj801_ctl_platform_interfaces/include/argj801_ctl_platform_interfaces/argj801_ctl_platform_interfaces/srv/detail/set_velocity__builder.hpp
[1.357s] -- Up-to-date: /home/rhobtor/PHD/test_j8_hayat/J8/install/argj801_ctl_platform_interfaces/include/argj801_ctl_platform_interfaces/argj801_ctl_platform_interfaces/srv/detail/set_velocity__type_support.hpp
[1.357s] -- Up-to-date: /home/rhobtor/PHD/test_j8_hayat/J8/install/argj801_ctl_platform_interfaces/include/argj801_ctl_platform_interfaces/argj801_ctl_platform_interfaces/srv/detail/get_velocity__type_support.hpp
[1.357s] -- Up-to-date: /home/rhobtor/PHD/test_j8_hayat/J8/install/argj801_ctl_platform_interfaces/include/argj801_ctl_platform_interfaces/argj801_ctl_platform_interfaces/srv/detail/emergency_stop__builder.hpp
[1.357s] -- Up-to-date: /home/rhobtor/PHD/test_j8_hayat/J8/install/argj801_ctl_platform_interfaces/include/argj801_ctl_platform_interfaces/argj801_ctl_platform_interfaces/srv/detail/set_velocity__traits.hpp
[1.358s] -- Up-to-date: /home/rhobtor/PHD/test_j8_hayat/J8/install/argj801_ctl_platform_interfaces/include/argj801_ctl_platform_interfaces/argj801_ctl_platform_interfaces/srv/detail/emergency_stop__struct.hpp
[1.358s] -- Up-to-date: /home/rhobtor/PHD/test_j8_hayat/J8/install/argj801_ctl_platform_interfaces/include/argj801_ctl_platform_interfaces/argj801_ctl_platform_interfaces/srv/detail/get_velocity__traits.hpp
[1.358s] -- Up-to-date: /home/rhobtor/PHD/test_j8_hayat/J8/install/argj801_ctl_platform_interfaces/include/argj801_ctl_platform_interfaces/argj801_ctl_platform_interfaces/srv/detail/get_velocity__builder.hpp
[1.358s] -- Up-to-date: /home/rhobtor/PHD/test_j8_hayat/J8/install/argj801_ctl_platform_interfaces/include/argj801_ctl_platform_interfaces/argj801_ctl_platform_interfaces/srv/detail/emergency_stop__type_support.hpp
[1.358s] -- Up-to-date: /home/rhobtor/PHD/test_j8_hayat/J8/install/argj801_ctl_platform_interfaces/include/argj801_ctl_platform_interfaces/argj801_ctl_platform_interfaces/srv/detail/get_velocity__struct.hpp
[1.358s] -- Up-to-date: /home/rhobtor/PHD/test_j8_hayat/J8/install/argj801_ctl_platform_interfaces/include/argj801_ctl_platform_interfaces/argj801_ctl_platform_interfaces/srv/detail/emergency_stop__traits.hpp
[1.358s] -- Up-to-date: /home/rhobtor/PHD/test_j8_hayat/J8/install/argj801_ctl_platform_interfaces/include/argj801_ctl_platform_interfaces/argj801_ctl_platform_interfaces/srv/emergency_stop.hpp
[1.358s] -- Up-to-date: /home/rhobtor/PHD/test_j8_hayat/J8/install/argj801_ctl_platform_interfaces/include/argj801_ctl_platform_interfaces/argj801_ctl_platform_interfaces/srv/set_velocity.hpp
[1.358s] -- Up-to-date: /home/rhobtor/PHD/test_j8_hayat/J8/install/argj801_ctl_platform_interfaces/include/argj801_ctl_platform_interfaces/argj801_ctl_platform_interfaces/msg
[1.360s] -- Up-to-date: /home/rhobtor/PHD/test_j8_hayat/J8/install/argj801_ctl_platform_interfaces/include/argj801_ctl_platform_interfaces/argj801_ctl_platform_interfaces/msg/rosidl_generator_cpp__visibility_control.hpp
[1.360s] -- Up-to-date: /home/rhobtor/PHD/test_j8_hayat/J8/install/argj801_ctl_platform_interfaces/include/argj801_ctl_platform_interfaces/argj801_ctl_platform_interfaces/msg/detail
[1.360s] -- Up-to-date: /home/rhobtor/PHD/test_j8_hayat/J8/install/argj801_ctl_platform_interfaces/include/argj801_ctl_platform_interfaces/argj801_ctl_platform_interfaces/msg/detail/cmd_throttle_msg__type_support.hpp
[1.360s] -- Up-to-date: /home/rhobtor/PHD/test_j8_hayat/J8/install/argj801_ctl_platform_interfaces/include/argj801_ctl_platform_interfaces/argj801_ctl_platform_interfaces/msg/detail/kinematic_debug_msg__struct.hpp
[1.360s] -- Up-to-date: /home/rhobtor/PHD/test_j8_hayat/J8/install/argj801_ctl_platform_interfaces/include/argj801_ctl_platform_interfaces/argj801_ctl_platform_interfaces/msg/detail/kinematic_debug_msg__builder.hpp
[1.360s] -- Up-to-date: /home/rhobtor/PHD/test_j8_hayat/J8/install/argj801_ctl_platform_interfaces/include/argj801_ctl_platform_interfaces/argj801_ctl_platform_interfaces/msg/detail/cmd_throttle_msg__builder.hpp
[1.360s] -- Up-to-date: /home/rhobtor/PHD/test_j8_hayat/J8/install/argj801_ctl_platform_interfaces/include/argj801_ctl_platform_interfaces/argj801_ctl_platform_interfaces/msg/detail/cmd_throttle_msg__struct.hpp
[1.360s] -- Up-to-date: /home/rhobtor/PHD/test_j8_hayat/J8/install/argj801_ctl_platform_interfaces/include/argj801_ctl_platform_interfaces/argj801_ctl_platform_interfaces/msg/detail/cmd_throttle_msg__traits.hpp
[1.360s] -- Up-to-date: /home/rhobtor/PHD/test_j8_hayat/J8/install/argj801_ctl_platform_interfaces/include/argj801_ctl_platform_interfaces/argj801_ctl_platform_interfaces/msg/detail/kinematic_debug_msg__traits.hpp
[1.360s] -- Up-to-date: /home/rhobtor/PHD/test_j8_hayat/J8/install/argj801_ctl_platform_interfaces/include/argj801_ctl_platform_interfaces/argj801_ctl_platform_interfaces/msg/detail/kinematic_debug_msg__type_support.hpp
[1.360s] -- Up-to-date: /home/rhobtor/PHD/test_j8_hayat/J8/install/argj801_ctl_platform_interfaces/include/argj801_ctl_platform_interfaces/argj801_ctl_platform_interfaces/msg/cmd_throttle_msg.hpp
[1.360s] -- Up-to-date: /home/rhobtor/PHD/test_j8_hayat/J8/install/argj801_ctl_platform_interfaces/include/argj801_ctl_platform_interfaces/argj801_ctl_platform_interfaces/msg/kinematic_debug_msg.hpp
[1.360s] -- Up-to-date: /home/rhobtor/PHD/test_j8_hayat/J8/install/argj801_ctl_platform_interfaces/include/argj801_ctl_platform_interfaces/argj801_ctl_platform_interfaces
[1.360s] -- Up-to-date: /home/rhobtor/PHD/test_j8_hayat/J8/install/argj801_ctl_platform_interfaces/include/argj801_ctl_platform_interfaces/argj801_ctl_platform_interfaces/srv
[1.360s] -- Up-to-date: /home/rhobtor/PHD/test_j8_hayat/J8/install/argj801_ctl_platform_interfaces/include/argj801_ctl_platform_interfaces/argj801_ctl_platform_interfaces/srv/detail
[1.360s] -- Up-to-date: /home/rhobtor/PHD/test_j8_hayat/J8/install/argj801_ctl_platform_interfaces/include/argj801_ctl_platform_interfaces/argj801_ctl_platform_interfaces/srv/detail/set_velocity__rosidl_typesupport_fastrtps_cpp.hpp
[1.361s] -- Up-to-date: /home/rhobtor/PHD/test_j8_hayat/J8/install/argj801_ctl_platform_interfaces/include/argj801_ctl_platform_interfaces/argj801_ctl_platform_interfaces/srv/detail/get_velocity__rosidl_typesupport_fastrtps_cpp.hpp
[1.361s] -- Up-to-date: /home/rhobtor/PHD/test_j8_hayat/J8/install/argj801_ctl_platform_interfaces/include/argj801_ctl_platform_interfaces/argj801_ctl_platform_interfaces/srv/detail/dds_fastrtps
[1.361s] -- Up-to-date: /home/rhobtor/PHD/test_j8_hayat/J8/install/argj801_ctl_platform_interfaces/include/argj801_ctl_platform_interfaces/argj801_ctl_platform_interfaces/srv/detail/emergency_stop__rosidl_typesupport_fastrtps_cpp.hpp
[1.361s] -- Up-to-date: /home/rhobtor/PHD/test_j8_hayat/J8/install/argj801_ctl_platform_interfaces/include/argj801_ctl_platform_interfaces/argj801_ctl_platform_interfaces/msg
[1.361s] -- Up-to-date: /home/rhobtor/PHD/test_j8_hayat/J8/install/argj801_ctl_platform_interfaces/include/argj801_ctl_platform_interfaces/argj801_ctl_platform_interfaces/msg/rosidl_typesupport_fastrtps_cpp__visibility_control.h
[1.361s] -- Up-to-date: /home/rhobtor/PHD/test_j8_hayat/J8/install/argj801_ctl_platform_interfaces/include/argj801_ctl_platform_interfaces/argj801_ctl_platform_interfaces/msg/detail
[1.361s] -- Up-to-date: /home/rhobtor/PHD/test_j8_hayat/J8/install/argj801_ctl_platform_interfaces/include/argj801_ctl_platform_interfaces/argj801_ctl_platform_interfaces/msg/detail/kinematic_debug_msg__rosidl_typesupport_fastrtps_cpp.hpp
[1.361s] -- Up-to-date: /home/rhobtor/PHD/test_j8_hayat/J8/install/argj801_ctl_platform_interfaces/include/argj801_ctl_platform_interfaces/argj801_ctl_platform_interfaces/msg/detail/dds_fastrtps
[1.361s] -- Up-to-date: /home/rhobtor/PHD/test_j8_hayat/J8/install/argj801_ctl_platform_interfaces/include/argj801_ctl_platform_interfaces/argj801_ctl_platform_interfaces/msg/detail/cmd_throttle_msg__rosidl_typesupport_fastrtps_cpp.hpp
[1.361s] -- Up-to-date: /home/rhobtor/PHD/test_j8_hayat/J8/install/argj801_ctl_platform_interfaces/lib/libargj801_ctl_platform_interfaces__rosidl_typesupport_fastrtps_cpp.so
[1.361s] -- Up-to-date: /home/rhobtor/PHD/test_j8_hayat/J8/install/argj801_ctl_platform_interfaces/include/argj801_ctl_platform_interfaces/argj801_ctl_platform_interfaces
[1.361s] -- Up-to-date: /home/rhobtor/PHD/test_j8_hayat/J8/install/argj801_ctl_platform_interfaces/include/argj801_ctl_platform_interfaces/argj801_ctl_platform_interfaces/srv
[1.361s] -- Up-to-date: /home/rhobtor/PHD/test_j8_hayat/J8/install/argj801_ctl_platform_interfaces/include/argj801_ctl_platform_interfaces/argj801_ctl_platform_interfaces/srv/detail
[1.361s] -- Up-to-date: /home/rhobtor/PHD/test_j8_hayat/J8/install/argj801_ctl_platform_interfaces/include/argj801_ctl_platform_interfaces/argj801_ctl_platform_interfaces/srv/detail/emergency_stop__rosidl_typesupport_introspection_cpp.hpp
[1.361s] -- Up-to-date: /home/rhobtor/PHD/test_j8_hayat/J8/install/argj801_ctl_platform_interfaces/include/argj801_ctl_platform_interfaces/argj801_ctl_platform_interfaces/srv/detail/set_velocity__type_support.cpp
[1.361s] -- Up-to-date: /home/rhobtor/PHD/test_j8_hayat/J8/install/argj801_ctl_platform_interfaces/include/argj801_ctl_platform_interfaces/argj801_ctl_platform_interfaces/srv/detail/set_velocity__rosidl_typesupport_introspection_cpp.hpp
[1.361s] -- Up-to-date: /home/rhobtor/PHD/test_j8_hayat/J8/install/argj801_ctl_platform_interfaces/include/argj801_ctl_platform_interfaces/argj801_ctl_platform_interfaces/srv/detail/get_velocity__type_support.cpp
[1.361s] -- Up-to-date: /home/rhobtor/PHD/test_j8_hayat/J8/install/argj801_ctl_platform_interfaces/include/argj801_ctl_platform_interfaces/argj801_ctl_platform_interfaces/srv/detail/emergency_stop__type_support.cpp
[1.362s] -- Up-to-date: /home/rhobtor/PHD/test_j8_hayat/J8/install/argj801_ctl_platform_interfaces/include/argj801_ctl_platform_interfaces/argj801_ctl_platform_interfaces/srv/detail/get_velocity__rosidl_typesupport_introspection_cpp.hpp
[1.362s] -- Up-to-date: /home/rhobtor/PHD/test_j8_hayat/J8/install/argj801_ctl_platform_interfaces/include/argj801_ctl_platform_interfaces/argj801_ctl_platform_interfaces/msg
[1.362s] -- Up-to-date: /home/rhobtor/PHD/test_j8_hayat/J8/install/argj801_ctl_platform_interfaces/include/argj801_ctl_platform_interfaces/argj801_ctl_platform_interfaces/msg/detail
[1.362s] -- Up-to-date: /home/rhobtor/PHD/test_j8_hayat/J8/install/argj801_ctl_platform_interfaces/include/argj801_ctl_platform_interfaces/argj801_ctl_platform_interfaces/msg/detail/kinematic_debug_msg__rosidl_typesupport_introspection_cpp.hpp
[1.362s] -- Up-to-date: /home/rhobtor/PHD/test_j8_hayat/J8/install/argj801_ctl_platform_interfaces/include/argj801_ctl_platform_interfaces/argj801_ctl_platform_interfaces/msg/detail/cmd_throttle_msg__type_support.cpp
[1.362s] -- Up-to-date: /home/rhobtor/PHD/test_j8_hayat/J8/install/argj801_ctl_platform_interfaces/include/argj801_ctl_platform_interfaces/argj801_ctl_platform_interfaces/msg/detail/kinematic_debug_msg__type_support.cpp
[1.362s] -- Up-to-date: /home/rhobtor/PHD/test_j8_hayat/J8/install/argj801_ctl_platform_interfaces/include/argj801_ctl_platform_interfaces/argj801_ctl_platform_interfaces/msg/detail/cmd_throttle_msg__rosidl_typesupport_introspection_cpp.hpp
[1.362s] -- Up-to-date: /home/rhobtor/PHD/test_j8_hayat/J8/install/argj801_ctl_platform_interfaces/lib/libargj801_ctl_platform_interfaces__rosidl_typesupport_introspection_cpp.so
[1.370s] -- Up-to-date: /home/rhobtor/PHD/test_j8_hayat/J8/install/argj801_ctl_platform_interfaces/lib/libargj801_ctl_platform_interfaces__rosidl_typesupport_cpp.so
[1.370s] -- Up-to-date: /home/rhobtor/PHD/test_j8_hayat/J8/install/argj801_ctl_platform_interfaces/share/argj801_ctl_platform_interfaces/environment/pythonpath.sh
[1.370s] -- Up-to-date: /home/rhobtor/PHD/test_j8_hayat/J8/install/argj801_ctl_platform_interfaces/share/argj801_ctl_platform_interfaces/environment/pythonpath.dsv
[1.370s] -- Up-to-date: /home/rhobtor/PHD/test_j8_hayat/J8/install/argj801_ctl_platform_interfaces/local/lib/python3.10/dist-packages/argj801_ctl_platform_interfaces-0.0.0-py3.10.egg-info
[1.370s] -- Installing: /home/rhobtor/PHD/test_j8_hayat/J8/install/argj801_ctl_platform_interfaces/local/lib/python3.10/dist-packages/argj801_ctl_platform_interfaces-0.0.0-py3.10.egg-info/top_level.txt
[1.377s] -- Installing: /home/rhobtor/PHD/test_j8_hayat/J8/install/argj801_ctl_platform_interfaces/local/lib/python3.10/dist-packages/argj801_ctl_platform_interfaces-0.0.0-py3.10.egg-info/SOURCES.txt
[1.378s] -- Installing: /home/rhobtor/PHD/test_j8_hayat/J8/install/argj801_ctl_platform_interfaces/local/lib/python3.10/dist-packages/argj801_ctl_platform_interfaces-0.0.0-py3.10.egg-info/PKG-INFO
[1.378s] -- Installing: /home/rhobtor/PHD/test_j8_hayat/J8/install/argj801_ctl_platform_interfaces/local/lib/python3.10/dist-packages/argj801_ctl_platform_interfaces-0.0.0-py3.10.egg-info/dependency_links.txt
[1.389s] -- Up-to-date: /home/rhobtor/PHD/test_j8_hayat/J8/install/argj801_ctl_platform_interfaces/local/lib/python3.10/dist-packages/argj801_ctl_platform_interfaces
[1.389s] -- Up-to-date: /home/rhobtor/PHD/test_j8_hayat/J8/install/argj801_ctl_platform_interfaces/local/lib/python3.10/dist-packages/argj801_ctl_platform_interfaces/_argj801_ctl_platform_interfaces_s.ep.rosidl_typesupport_fastrtps_c.c
[1.389s] -- Up-to-date: /home/rhobtor/PHD/test_j8_hayat/J8/install/argj801_ctl_platform_interfaces/local/lib/python3.10/dist-packages/argj801_ctl_platform_interfaces/srv
[1.389s] -- Up-to-date: /home/rhobtor/PHD/test_j8_hayat/J8/install/argj801_ctl_platform_interfaces/local/lib/python3.10/dist-packages/argj801_ctl_platform_interfaces/srv/_emergency_stop_s.c
[1.389s] -- Up-to-date: /home/rhobtor/PHD/test_j8_hayat/J8/install/argj801_ctl_platform_interfaces/local/lib/python3.10/dist-packages/argj801_ctl_platform_interfaces/srv/_get_velocity.py
[1.389s] -- Up-to-date: /home/rhobtor/PHD/test_j8_hayat/J8/install/argj801_ctl_platform_interfaces/local/lib/python3.10/dist-packages/argj801_ctl_platform_interfaces/srv/_emergency_stop.py
[1.390s] -- Up-to-date: /home/rhobtor/PHD/test_j8_hayat/J8/install/argj801_ctl_platform_interfaces/local/lib/python3.10/dist-packages/argj801_ctl_platform_interfaces/srv/_set_velocity.py
[1.390s] -- Up-to-date: /home/rhobtor/PHD/test_j8_hayat/J8/install/argj801_ctl_platform_interfaces/local/lib/python3.10/dist-packages/argj801_ctl_platform_interfaces/srv/_set_velocity_s.c
[1.390s] -- Up-to-date: /home/rhobtor/PHD/test_j8_hayat/J8/install/argj801_ctl_platform_interfaces/local/lib/python3.10/dist-packages/argj801_ctl_platform_interfaces/srv/__init__.py
[1.390s] -- Up-to-date: /home/rhobtor/PHD/test_j8_hayat/J8/install/argj801_ctl_platform_interfaces/local/lib/python3.10/dist-packages/argj801_ctl_platform_interfaces/srv/_get_velocity_s.c
[1.390s] -- Up-to-date: /home/rhobtor/PHD/test_j8_hayat/J8/install/argj801_ctl_platform_interfaces/local/lib/python3.10/dist-packages/argj801_ctl_platform_interfaces/libargj801_ctl_platform_interfaces__rosidl_generator_py.so
[1.391s] -- Up-to-date: /home/rhobtor/PHD/test_j8_hayat/J8/install/argj801_ctl_platform_interfaces/local/lib/python3.10/dist-packages/argj801_ctl_platform_interfaces/_argj801_ctl_platform_interfaces_s.ep.rosidl_typesupport_introspection_c.c
[1.391s] -- Up-to-date: /home/rhobtor/PHD/test_j8_hayat/J8/install/argj801_ctl_platform_interfaces/local/lib/python3.10/dist-packages/argj801_ctl_platform_interfaces/argj801_ctl_platform_interfaces_s__rosidl_typesupport_c.cpython-310-x86_64-linux-gnu.so
[1.391s] -- Up-to-date: /home/rhobtor/PHD/test_j8_hayat/J8/install/argj801_ctl_platform_interfaces/local/lib/python3.10/dist-packages/argj801_ctl_platform_interfaces/argj801_ctl_platform_interfaces_s__rosidl_typesupport_introspection_c.cpython-310-x86_64-linux-gnu.so
[1.391s] -- Up-to-date: /home/rhobtor/PHD/test_j8_hayat/J8/install/argj801_ctl_platform_interfaces/local/lib/python3.10/dist-packages/argj801_ctl_platform_interfaces/__init__.py
[1.391s] -- Up-to-date: /home/rhobtor/PHD/test_j8_hayat/J8/install/argj801_ctl_platform_interfaces/local/lib/python3.10/dist-packages/argj801_ctl_platform_interfaces/argj801_ctl_platform_interfaces_s__rosidl_typesupport_fastrtps_c.cpython-310-x86_64-linux-gnu.so
[1.391s] -- Up-to-date: /home/rhobtor/PHD/test_j8_hayat/J8/install/argj801_ctl_platform_interfaces/local/lib/python3.10/dist-packages/argj801_ctl_platform_interfaces/_argj801_ctl_platform_interfaces_s.ep.rosidl_typesupport_c.c
[1.391s] -- Up-to-date: /home/rhobtor/PHD/test_j8_hayat/J8/install/argj801_ctl_platform_interfaces/local/lib/python3.10/dist-packages/argj801_ctl_platform_interfaces/msg
[1.391s] -- Up-to-date: /home/rhobtor/PHD/test_j8_hayat/J8/install/argj801_ctl_platform_interfaces/local/lib/python3.10/dist-packages/argj801_ctl_platform_interfaces/msg/_cmd_throttle_msg.py
[1.391s] -- Up-to-date: /home/rhobtor/PHD/test_j8_hayat/J8/install/argj801_ctl_platform_interfaces/local/lib/python3.10/dist-packages/argj801_ctl_platform_interfaces/msg/_kinematic_debug_msg_s.c
[1.391s] -- Up-to-date: /home/rhobtor/PHD/test_j8_hayat/J8/install/argj801_ctl_platform_interfaces/local/lib/python3.10/dist-packages/argj801_ctl_platform_interfaces/msg/__init__.py
[1.391s] -- Up-to-date: /home/rhobtor/PHD/test_j8_hayat/J8/install/argj801_ctl_platform_interfaces/local/lib/python3.10/dist-packages/argj801_ctl_platform_interfaces/msg/_kinematic_debug_msg.py
[1.391s] -- Up-to-date: /home/rhobtor/PHD/test_j8_hayat/J8/install/argj801_ctl_platform_interfaces/local/lib/python3.10/dist-packages/argj801_ctl_platform_interfaces/msg/_cmd_throttle_msg_s.c
[1.406s] Listing '/home/rhobtor/PHD/test_j8_hayat/J8/install/argj801_ctl_platform_interfaces/local/lib/python3.10/dist-packages/argj801_ctl_platform_interfaces'...
[1.407s] Listing '/home/rhobtor/PHD/test_j8_hayat/J8/install/argj801_ctl_platform_interfaces/local/lib/python3.10/dist-packages/argj801_ctl_platform_interfaces/msg'...
[1.407s] Listing '/home/rhobtor/PHD/test_j8_hayat/J8/install/argj801_ctl_platform_interfaces/local/lib/python3.10/dist-packages/argj801_ctl_platform_interfaces/srv'...
[1.407s] -- Up-to-date: /home/rhobtor/PHD/test_j8_hayat/J8/install/argj801_ctl_platform_interfaces/local/lib/python3.10/dist-packages/argj801_ctl_platform_interfaces/argj801_ctl_platform_interfaces_s__rosidl_typesupport_fastrtps_c.cpython-310-x86_64-linux-gnu.so
[1.407s] -- Up-to-date: /home/rhobtor/PHD/test_j8_hayat/J8/install/argj801_ctl_platform_interfaces/local/lib/python3.10/dist-packages/argj801_ctl_platform_interfaces/argj801_ctl_platform_interfaces_s__rosidl_typesupport_introspection_c.cpython-310-x86_64-linux-gnu.so
[1.408s] -- Up-to-date: /home/rhobtor/PHD/test_j8_hayat/J8/install/argj801_ctl_platform_interfaces/local/lib/python3.10/dist-packages/argj801_ctl_platform_interfaces/argj801_ctl_platform_interfaces_s__rosidl_typesupport_c.cpython-310-x86_64-linux-gnu.so
[1.417s] -- Up-to-date: /home/rhobtor/PHD/test_j8_hayat/J8/install/argj801_ctl_platform_interfaces/lib/libargj801_ctl_platform_interfaces__rosidl_generator_py.so
[1.418s] -- Up-to-date: /home/rhobtor/PHD/test_j8_hayat/J8/install/argj801_ctl_platform_interfaces/share/ament_index/resource_index/rust_packages/argj801_ctl_platform_interfaces
[1.419s] -- Up-to-date: /home/rhobtor/PHD/test_j8_hayat/J8/install/argj801_ctl_platform_interfaces/share/argj801_ctl_platform_interfaces/rust
[1.420s] -- Up-to-date: /home/rhobtor/PHD/test_j8_hayat/J8/install/argj801_ctl_platform_interfaces/share/argj801_ctl_platform_interfaces/rust/src
[1.421s] -- Up-to-date: /home/rhobtor/PHD/test_j8_hayat/J8/install/argj801_ctl_platform_interfaces/share/argj801_ctl_platform_interfaces/rust/src/lib.rs
[1.421s] -- Up-to-date: /home/rhobtor/PHD/test_j8_hayat/J8/install/argj801_ctl_platform_interfaces/share/argj801_ctl_platform_interfaces/rust/src/srv
[1.421s] -- Up-to-date: /home/rhobtor/PHD/test_j8_hayat/J8/install/argj801_ctl_platform_interfaces/share/argj801_ctl_platform_interfaces/rust/src/srv/rmw.rs
[1.421s] -- Up-to-date: /home/rhobtor/PHD/test_j8_hayat/J8/install/argj801_ctl_platform_interfaces/share/argj801_ctl_platform_interfaces/rust/src/srv.rs
[1.421s] -- Up-to-date: /home/rhobtor/PHD/test_j8_hayat/J8/install/argj801_ctl_platform_interfaces/share/argj801_ctl_platform_interfaces/rust/src/msg.rs
[1.421s] -- Up-to-date: /home/rhobtor/PHD/test_j8_hayat/J8/install/argj801_ctl_platform_interfaces/share/argj801_ctl_platform_interfaces/rust/src/msg
[1.421s] -- Up-to-date: /home/rhobtor/PHD/test_j8_hayat/J8/install/argj801_ctl_platform_interfaces/share/argj801_ctl_platform_interfaces/rust/src/msg/rmw.rs
[1.422s] -- Up-to-date: /home/rhobtor/PHD/test_j8_hayat/J8/install/argj801_ctl_platform_interfaces/share/argj801_ctl_platform_interfaces/rust/Cargo.toml
[1.422s] -- Up-to-date: /home/rhobtor/PHD/test_j8_hayat/J8/install/argj801_ctl_platform_interfaces/share/argj801_ctl_platform_interfaces/rust/build.rs
[1.422s] -- Up-to-date: /home/rhobtor/PHD/test_j8_hayat/J8/install/argj801_ctl_platform_interfaces/share/argj801_ctl_platform_interfaces/srv/SetVelocity.idl
[1.422s] -- Up-to-date: /home/rhobtor/PHD/test_j8_hayat/J8/install/argj801_ctl_platform_interfaces/share/argj801_ctl_platform_interfaces/srv/GetVelocity.idl
[1.422s] -- Up-to-date: /home/rhobtor/PHD/test_j8_hayat/J8/install/argj801_ctl_platform_interfaces/share/argj801_ctl_platform_interfaces/srv/EmergencyStop.idl
[1.422s] -- Up-to-date: /home/rhobtor/PHD/test_j8_hayat/J8/install/argj801_ctl_platform_interfaces/share/argj801_ctl_platform_interfaces/msg/CmdThrottleMsg.idl
[1.422s] -- Up-to-date: /home/rhobtor/PHD/test_j8_hayat/J8/install/argj801_ctl_platform_interfaces/share/argj801_ctl_platform_interfaces/msg/KinematicDebugMsg.idl
[1.422s] -- Up-to-date: /home/rhobtor/PHD/test_j8_hayat/J8/install/argj801_ctl_platform_interfaces/share/argj801_ctl_platform_interfaces/srv/SetVelocity.srv
[1.422s] -- Up-to-date: /home/rhobtor/PHD/test_j8_hayat/J8/install/argj801_ctl_platform_interfaces/share/argj801_ctl_platform_interfaces/srv/SetVelocity_Request.msg
[1.422s] -- Up-to-date: /home/rhobtor/PHD/test_j8_hayat/J8/install/argj801_ctl_platform_interfaces/share/argj801_ctl_platform_interfaces/srv/SetVelocity_Response.msg
[1.422s] -- Up-to-date: /home/rhobtor/PHD/test_j8_hayat/J8/install/argj801_ctl_platform_interfaces/share/argj801_ctl_platform_interfaces/srv/GetVelocity.srv
[1.422s] -- Up-to-date: /home/rhobtor/PHD/test_j8_hayat/J8/install/argj801_ctl_platform_interfaces/share/argj801_ctl_platform_interfaces/srv/GetVelocity_Request.msg
[1.423s] -- Up-to-date: /home/rhobtor/PHD/test_j8_hayat/J8/install/argj801_ctl_platform_interfaces/share/argj801_ctl_platform_interfaces/srv/GetVelocity_Response.msg
[1.423s] -- Up-to-date: /home/rhobtor/PHD/test_j8_hayat/J8/install/argj801_ctl_platform_interfaces/share/argj801_ctl_platform_interfaces/srv/EmergencyStop.srv
[1.423s] -- Up-to-date: /home/rhobtor/PHD/test_j8_hayat/J8/install/argj801_ctl_platform_interfaces/share/argj801_ctl_platform_interfaces/srv/EmergencyStop_Request.msg
[1.423s] -- Up-to-date: /home/rhobtor/PHD/test_j8_hayat/J8/install/argj801_ctl_platform_interfaces/share/argj801_ctl_platform_interfaces/srv/EmergencyStop_Response.msg
[1.423s] -- Up-to-date: /home/rhobtor/PHD/test_j8_hayat/J8/install/argj801_ctl_platform_interfaces/share/argj801_ctl_platform_interfaces/msg/CmdThrottleMsg.msg
[1.423s] -- Up-to-date: /home/rhobtor/PHD/test_j8_hayat/J8/install/argj801_ctl_platform_interfaces/share/argj801_ctl_platform_interfaces/msg/KinematicDebugMsg.msg
[1.423s] -- Up-to-date: /home/rhobtor/PHD/test_j8_hayat/J8/install/argj801_ctl_platform_interfaces/share/ament_index/resource_index/package_run_dependencies/argj801_ctl_platform_interfaces
[1.425s] -- Up-to-date: /home/rhobtor/PHD/test_j8_hayat/J8/install/argj801_ctl_platform_interfaces/share/ament_index/resource_index/parent_prefix_path/argj801_ctl_platform_interfaces
[1.426s] -- Up-to-date: /home/rhobtor/PHD/test_j8_hayat/J8/install/argj801_ctl_platform_interfaces/share/argj801_ctl_platform_interfaces/environment/ament_prefix_path.sh
[1.426s] -- Up-to-date: /home/rhobtor/PHD/test_j8_hayat/J8/install/argj801_ctl_platform_interfaces/share/argj801_ctl_platform_interfaces/environment/ament_prefix_path.dsv
[1.426s] -- Up-to-date: /home/rhobtor/PHD/test_j8_hayat/J8/install/argj801_ctl_platform_interfaces/share/argj801_ctl_platform_interfaces/environment/path.sh
[1.426s] -- Up-to-date: /home/rhobtor/PHD/test_j8_hayat/J8/install/argj801_ctl_platform_interfaces/share/argj801_ctl_platform_interfaces/environment/path.dsv
[1.426s] -- Up-to-date: /home/rhobtor/PHD/test_j8_hayat/J8/install/argj801_ctl_platform_interfaces/share/argj801_ctl_platform_interfaces/local_setup.bash
[1.426s] -- Up-to-date: /home/rhobtor/PHD/test_j8_hayat/J8/install/argj801_ctl_platform_interfaces/share/argj801_ctl_platform_interfaces/local_setup.sh
[1.426s] -- Up-to-date: /home/rhobtor/PHD/test_j8_hayat/J8/install/argj801_ctl_platform_interfaces/share/argj801_ctl_platform_interfaces/local_setup.zsh
[1.426s] -- Up-to-date: /home/rhobtor/PHD/test_j8_hayat/J8/install/argj801_ctl_platform_interfaces/share/argj801_ctl_platform_interfaces/local_setup.dsv
[1.426s] -- Installing: /home/rhobtor/PHD/test_j8_hayat/J8/install/argj801_ctl_platform_interfaces/share/argj801_ctl_platform_interfaces/package.dsv
[1.426s] -- Up-to-date: /home/rhobtor/PHD/test_j8_hayat/J8/install/argj801_ctl_platform_interfaces/share/ament_index/resource_index/packages/argj801_ctl_platform_interfaces
[1.426s] -- Up-to-date: /home/rhobtor/PHD/test_j8_hayat/J8/install/argj801_ctl_platform_interfaces/share/argj801_ctl_platform_interfaces/cmake/export_argj801_ctl_platform_interfaces__rosidl_generator_cExport.cmake
[1.427s] -- Up-to-date: /home/rhobtor/PHD/test_j8_hayat/J8/install/argj801_ctl_platform_interfaces/share/argj801_ctl_platform_interfaces/cmake/export_argj801_ctl_platform_interfaces__rosidl_generator_cExport-noconfig.cmake
[1.427s] -- Up-to-date: /home/rhobtor/PHD/test_j8_hayat/J8/install/argj801_ctl_platform_interfaces/share/argj801_ctl_platform_interfaces/cmake/export_argj801_ctl_platform_interfaces__rosidl_typesupport_fastrtps_cExport.cmake
[1.427s] -- Up-to-date: /home/rhobtor/PHD/test_j8_hayat/J8/install/argj801_ctl_platform_interfaces/share/argj801_ctl_platform_interfaces/cmake/export_argj801_ctl_platform_interfaces__rosidl_typesupport_fastrtps_cExport-noconfig.cmake
[1.427s] -- Up-to-date: /home/rhobtor/PHD/test_j8_hayat/J8/install/argj801_ctl_platform_interfaces/share/argj801_ctl_platform_interfaces/cmake/argj801_ctl_platform_interfaces__rosidl_typesupport_introspection_cExport.cmake
[1.427s] -- Up-to-date: /home/rhobtor/PHD/test_j8_hayat/J8/install/argj801_ctl_platform_interfaces/share/argj801_ctl_platform_interfaces/cmake/argj801_ctl_platform_interfaces__rosidl_typesupport_introspection_cExport-noconfig.cmake
[1.427s] -- Up-to-date: /home/rhobtor/PHD/test_j8_hayat/J8/install/argj801_ctl_platform_interfaces/share/argj801_ctl_platform_interfaces/cmake/argj801_ctl_platform_interfaces__rosidl_typesupport_cExport.cmake
[1.427s] -- Up-to-date: /home/rhobtor/PHD/test_j8_hayat/J8/install/argj801_ctl_platform_interfaces/share/argj801_ctl_platform_interfaces/cmake/argj801_ctl_platform_interfaces__rosidl_typesupport_cExport-noconfig.cmake
[1.427s] -- Up-to-date: /home/rhobtor/PHD/test_j8_hayat/J8/install/argj801_ctl_platform_interfaces/share/argj801_ctl_platform_interfaces/cmake/export_argj801_ctl_platform_interfaces__rosidl_generator_cppExport.cmake
[1.427s] -- Up-to-date: /home/rhobtor/PHD/test_j8_hayat/J8/install/argj801_ctl_platform_interfaces/share/argj801_ctl_platform_interfaces/cmake/export_argj801_ctl_platform_interfaces__rosidl_typesupport_fastrtps_cppExport.cmake
[1.427s] -- Up-to-date: /home/rhobtor/PHD/test_j8_hayat/J8/install/argj801_ctl_platform_interfaces/share/argj801_ctl_platform_interfaces/cmake/export_argj801_ctl_platform_interfaces__rosidl_typesupport_fastrtps_cppExport-noconfig.cmake
[1.428s] -- Up-to-date: /home/rhobtor/PHD/test_j8_hayat/J8/install/argj801_ctl_platform_interfaces/share/argj801_ctl_platform_interfaces/cmake/argj801_ctl_platform_interfaces__rosidl_typesupport_introspection_cppExport.cmake
[1.428s] -- Up-to-date: /home/rhobtor/PHD/test_j8_hayat/J8/install/argj801_ctl_platform_interfaces/share/argj801_ctl_platform_interfaces/cmake/argj801_ctl_platform_interfaces__rosidl_typesupport_introspection_cppExport-noconfig.cmake
[1.428s] -- Up-to-date: /home/rhobtor/PHD/test_j8_hayat/J8/install/argj801_ctl_platform_interfaces/share/argj801_ctl_platform_interfaces/cmake/argj801_ctl_platform_interfaces__rosidl_typesupport_cppExport.cmake
[1.428s] -- Up-to-date: /home/rhobtor/PHD/test_j8_hayat/J8/install/argj801_ctl_platform_interfaces/share/argj801_ctl_platform_interfaces/cmake/argj801_ctl_platform_interfaces__rosidl_typesupport_cppExport-noconfig.cmake
[1.428s] -- Up-to-date: /home/rhobtor/PHD/test_j8_hayat/J8/install/argj801_ctl_platform_interfaces/share/argj801_ctl_platform_interfaces/cmake/export_argj801_ctl_platform_interfaces__rosidl_generator_pyExport.cmake
[1.429s] -- Up-to-date: /home/rhobtor/PHD/test_j8_hayat/J8/install/argj801_ctl_platform_interfaces/share/argj801_ctl_platform_interfaces/cmake/export_argj801_ctl_platform_interfaces__rosidl_generator_pyExport-noconfig.cmake
[1.429s] -- Up-to-date: /home/rhobtor/PHD/test_j8_hayat/J8/install/argj801_ctl_platform_interfaces/share/argj801_ctl_platform_interfaces/cmake/rosidl_cmake-extras.cmake
[1.430s] -- Up-to-date: /home/rhobtor/PHD/test_j8_hayat/J8/install/argj801_ctl_platform_interfaces/share/argj801_ctl_platform_interfaces/cmake/ament_cmake_export_include_directories-extras.cmake
[1.430s] -- Up-to-date: /home/rhobtor/PHD/test_j8_hayat/J8/install/argj801_ctl_platform_interfaces/share/argj801_ctl_platform_interfaces/cmake/ament_cmake_export_libraries-extras.cmake
[1.430s] -- Up-to-date: /home/rhobtor/PHD/test_j8_hayat/J8/install/argj801_ctl_platform_interfaces/share/argj801_ctl_platform_interfaces/cmake/ament_cmake_export_targets-extras.cmake
[1.430s] -- Up-to-date: /home/rhobtor/PHD/test_j8_hayat/J8/install/argj801_ctl_platform_interfaces/share/argj801_ctl_platform_interfaces/cmake/rosidl_cmake_export_typesupport_targets-extras.cmake
[1.430s] -- Up-to-date: /home/rhobtor/PHD/test_j8_hayat/J8/install/argj801_ctl_platform_interfaces/share/argj801_ctl_platform_interfaces/cmake/ament_cmake_export_dependencies-extras.cmake
[1.430s] -- Up-to-date: /home/rhobtor/PHD/test_j8_hayat/J8/install/argj801_ctl_platform_interfaces/share/argj801_ctl_platform_interfaces/cmake/rosidl_cmake_export_typesupport_libraries-extras.cmake
[1.430s] -- Up-to-date: /home/rhobtor/PHD/test_j8_hayat/J8/install/argj801_ctl_platform_interfaces/share/argj801_ctl_platform_interfaces/cmake/argj801_ctl_platform_interfacesConfig.cmake
[1.430s] -- Up-to-date: /home/rhobtor/PHD/test_j8_hayat/J8/install/argj801_ctl_platform_interfaces/share/argj801_ctl_platform_interfaces/cmake/argj801_ctl_platform_interfacesConfig-version.cmake
[1.430s] -- Up-to-date: /home/rhobtor/PHD/test_j8_hayat/J8/install/argj801_ctl_platform_interfaces/share/argj801_ctl_platform_interfaces/package.xml
[1.643s] Invoked command in '/home/rhobtor/PHD/test_j8_hayat/J8/build/argj801_ctl_platform_interfaces' returned '0': CMAKE_PREFIX_PATH=${CMAKE_PREFIX_PATH}:/home/rhobtor/PHD/test_j8_hayat/J8/install/ntrip_client:/home/rhobtor/PHD/test_j8_hayat/J8/install/j8_gui:/home/rhobtor/PHD/test_j8_hayat/J8/install/android_ros2_server:/home/rhobtor/PHD/test_j8_hayat/J8/install/GUI_pkg:/home/rhobtor/PHD/ARGOJ8_IA/ARGOSJ8_IA_/install/ntrip_client:/home/rhobtor/PHD/ARGOJ8_IA/ARGOSJ8_IA_/install/j8_gui:/home/rhobtor/PHD/ARGOJ8_IA/ARGOSJ8_IA_/install/car:/home/rhobtor/PHD/ARGOJ8_IA/ARGOSJ8_IA_/install/android_ros2_server:/home/rhobtor/PHD/ARGOJ8_IA/ARGOSJ8_IA_/install/GUI_pkg:/opt/ros/humble /opt/st/stm32cubeclt_1.18.0/CMake/bin/cmake --install /home/rhobtor/PHD/test_j8_hayat/J8/build/argj801_ctl_platform_interfaces
