-- The C compiler identification is GNU 11.4.0
-- The CXX compiler identification is GNU 11.4.0
-- Detecting C compiler ABI info
-- Detecting C compiler ABI info - done
-- Check for working C compiler: /usr/bin/cc - skipped
-- Detecting C compile features
-- Detecting C compile features - done
-- Detecting CXX compiler ABI info
-- Detecting CXX compiler ABI info - done
-- Check for working CXX compiler: /usr/bin/c++ - skipped
-- Detecting CXX compile features
-- Detecting CXX compile features - done
-- Found ament_cmake: 1.3.14 (/opt/ros/humble/share/ament_cmake/cmake)
-- Found Python3: /usr/bin/python3 (found version "3.10.12") found components: Interpreter 
-- Found rclcpp: 16.0.18 (/opt/ros/humble/share/rclcpp/cmake)
-- Found rosidl_generator_c: 3.1.8 (/opt/ros/humble/share/rosidl_generator_c/cmake)
-- Found rosidl_adapter: 3.1.8 (/opt/ros/humble/share/rosidl_adapter/cmake)
-- Found rosidl_generator_cpp: 3.1.8 (/opt/ros/humble/share/rosidl_generator_cpp/cmake)
-- Using all available rosidl_typesupport_c: rosidl_typesupport_fastrtps_c;rosidl_typesupport_introspection_c
-- Using all available rosidl_typesupport_cpp: rosidl_typesupport_fastrtps_cpp;rosidl_typesupport_introspection_cpp
-- Found rmw_implementation_cmake: 6.1.2 (/opt/ros/humble/share/rmw_implementation_cmake/cmake)
-- Found rmw_fastrtps_cpp: 6.2.10 (/opt/ros/humble/share/rmw_fastrtps_cpp/cmake)
-- Found OpenSSL: /usr/lib/x86_64-linux-gnu/libcrypto.so (found version "3.0.2")  
-- Found FastRTPS: /opt/ros/humble/include  
-- Using RMW implementation 'rmw_fastrtps_cpp' as default
-- Performing Test CMAKE_HAVE_LIBC_PTHREAD
-- Performing Test CMAKE_HAVE_LIBC_PTHREAD - Success
-- Found Threads: TRUE  
-- Found rclcpp_lifecycle: 16.0.18 (/opt/ros/humble/share/rclcpp_lifecycle/cmake)
-- Found sensor_msgs: 4.9.1 (/opt/ros/humble/share/sensor_msgs/cmake)
-- Found argj801_sensors_msgs: 0.0.0 (/home/rhobtor/PHD/test_j8_hayat/J8/install/argj801_sensors_msgs/share/argj801_sensors_msgs/cmake)
-- Found diagnostic_updater: 4.0.6 (/opt/ros/humble/share/diagnostic_updater/cmake)
-- Found cv_bridge: 3.2.1 (/opt/ros/humble/share/cv_bridge/cmake)
-- Found OpenCV: /usr (found version "4.5.4") 
-- Found ament_lint_auto: 0.12.15 (/opt/ros/humble/share/ament_lint_auto/cmake)
-- Added test 'cppcheck' to perform static code analysis on C / C++ code
-- Configured cppcheck include dirs: $<BUILD_INTERFACE:/home/rhobtor/PHD/test_j8_hayat/J8/src/argo_drivers_pkgs/argj801_sensors/argj801_sensors/include>
-- Configured cppcheck exclude dirs and/or files: 
-- Added test 'flake8' to check Python code syntax and style conventions
-- Added test 'lint_cmake' to check CMake code style
-- Added test 'pep257' to check Python code against some of the docstring style conventions in PEP 257
-- Added test 'uncrustify' to check C / C++ code style
-- Configured uncrustify additional arguments: 
-- Added test 'xmllint' to check XML markup files
-- Configuring done (6.3s)
-- Generating done (0.1s)
-- Build files have been written to: /home/rhobtor/PHD/test_j8_hayat/J8/build/argj801_sensors
[  6%] [32mBuilding CXX object src/argj801_lcm/CMakeFiles/argj801_lcm.dir/src/LCM_interface.cpp.o[0m
[ 12%] [32m[1mLinking CXX static library libargj801_lcm.a[0m
[ 12%] Built target argj801_lcm
[ 18%] [32mBuilding CXX object CMakeFiles/ARGJ801_sensors_node.dir/src/main.cpp.o[0m
[ 25%] [32mBuilding CXX object CMakeFiles/ARGJ801_sensors_node.dir/src/visitor/SensorDataVisitor.cpp.o[0m
[ 31%] [32mBuilding CXX object CMakeFiles/ARGJ801_sensors_node.dir/src/data/CompressedImage.cpp.o[0m
[ 37%] [32mBuilding CXX object CMakeFiles/ARGJ801_sensors_node.dir/src/data/Twist.cpp.o[0m
[ 43%] [32mBuilding CXX object CMakeFiles/ARGJ801_sensors_node.dir/src/data/OdometerData.cpp.o[0m
[ 50%] [32mBuilding CXX object CMakeFiles/ARGJ801_sensors_node.dir/src/data/MotorTelemetry.cpp.o[0m
[ 56%] [32mBuilding CXX object CMakeFiles/ARGJ801_sensors_node.dir/src/data/Composite.cpp.o[0m
[ 62%] [32mBuilding CXX object CMakeFiles/ARGJ801_sensors_node.dir/src/data/LidarData.cpp.o[0m
[ 68%] [32mBuilding CXX object CMakeFiles/ARGJ801_sensors_node.dir/src/argj801_sensors/argj801_camera_interface.cpp.o[0m
[ 75%] [32mBuilding CXX object CMakeFiles/ARGJ801_sensors_node.dir/src/argj801_sensors/argj801_camera_builder.cpp.o[0m
[ 87%] [32mBuilding CXX object CMakeFiles/ARGJ801_sensors_node.dir/src/argj801_sensors/argj801_lcm_sensors_builder.cpp.o[0m
[ 87%] [32mBuilding CXX object CMakeFiles/ARGJ801_sensors_node.dir/src/argj801_sensors/argj801_sensor_interface.cpp.o[0m
[ 93%] [32mBuilding CXX object CMakeFiles/ARGJ801_sensors_node.dir/src/argj801_sensors/argj801_sensors_node.cpp.o[0m
[100%] [32m[1mLinking CXX executable ARGJ801_sensors_node[0m
[100%] Built target ARGJ801_sensors_node
-- Install configuration: ""
-- Installing: /home/rhobtor/PHD/test_j8_hayat/J8/install/argj801_sensors/lib/argj801_sensors/ARGJ801_sensors_node
-- Set non-toolchain portion of runtime path of "/home/rhobtor/PHD/test_j8_hayat/J8/install/argj801_sensors/lib/argj801_sensors/ARGJ801_sensors_node" to ""
-- Installing: /home/rhobtor/PHD/test_j8_hayat/J8/install/argj801_sensors/share/argj801_sensors//launch
-- Installing: /home/rhobtor/PHD/test_j8_hayat/J8/install/argj801_sensors/share/argj801_sensors//launch/argj801_sensors_launch_camera_rear.py
-- Installing: /home/rhobtor/PHD/test_j8_hayat/J8/install/argj801_sensors/share/argj801_sensors//launch/argj801_sensors_launch_camera_front.py
-- Installing: /home/rhobtor/PHD/test_j8_hayat/J8/install/argj801_sensors/share/argj801_sensors//launch/argj801_sensors_launch_lcm_sensors.py
-- Installing: /home/rhobtor/PHD/test_j8_hayat/J8/install/argj801_sensors/share/argj801_sensors//config
-- Installing: /home/rhobtor/PHD/test_j8_hayat/J8/install/argj801_sensors/share/argj801_sensors//config/argj801_sensors_params_lcm_sensors.yaml
-- Installing: /home/rhobtor/PHD/test_j8_hayat/J8/install/argj801_sensors/share/argj801_sensors//config/argj801_sensors_params_camera_rear.yaml
-- Installing: /home/rhobtor/PHD/test_j8_hayat/J8/install/argj801_sensors/share/argj801_sensors//config/argj801_sensors_params_camera_front.yaml
-- Installing: /home/rhobtor/PHD/test_j8_hayat/J8/install/argj801_sensors/include/argj801_sensors/include
-- Installing: /home/rhobtor/PHD/test_j8_hayat/J8/install/argj801_sensors/include/argj801_sensors/include/argj801_sensors
-- Installing: /home/rhobtor/PHD/test_j8_hayat/J8/install/argj801_sensors/include/argj801_sensors/include/argj801_sensors/argj801_sensors_interface.hpp
-- Installing: /home/rhobtor/PHD/test_j8_hayat/J8/install/argj801_sensors/include/argj801_sensors/include/argj801_sensors/argj801_camera_interface.hpp
-- Installing: /home/rhobtor/PHD/test_j8_hayat/J8/install/argj801_sensors/include/argj801_sensors/include/argj801_sensors/argj801_sensors_node.hpp
-- Installing: /home/rhobtor/PHD/test_j8_hayat/J8/install/argj801_sensors/include/argj801_sensors/include/argj801_sensors/argj801_camera_builder.hpp
-- Installing: /home/rhobtor/PHD/test_j8_hayat/J8/install/argj801_sensors/include/argj801_sensors/include/argj801_sensors/argj801_lcm_sensors_builder.hpp
-- Installing: /home/rhobtor/PHD/test_j8_hayat/J8/install/argj801_sensors/include/argj801_sensors/include/argj801_sensors/SensorBuilder.hpp
-- Installing: /home/rhobtor/PHD/test_j8_hayat/J8/install/argj801_sensors/include/argj801_sensors/include/argj801_sensors/Sensor.hpp
-- Installing: /home/rhobtor/PHD/test_j8_hayat/J8/install/argj801_sensors/include/argj801_sensors/include/data
-- Installing: /home/rhobtor/PHD/test_j8_hayat/J8/install/argj801_sensors/include/argj801_sensors/include/data/CompressedImage.hpp
-- Installing: /home/rhobtor/PHD/test_j8_hayat/J8/install/argj801_sensors/include/argj801_sensors/include/data/Lidar.hpp
-- Installing: /home/rhobtor/PHD/test_j8_hayat/J8/install/argj801_sensors/include/argj801_sensors/include/data/DriveLine.hpp
-- Installing: /home/rhobtor/PHD/test_j8_hayat/J8/install/argj801_sensors/include/argj801_sensors/include/data/MotorTelemetry.hpp
-- Installing: /home/rhobtor/PHD/test_j8_hayat/J8/install/argj801_sensors/include/argj801_sensors/include/data/OdometerData.hpp
-- Installing: /home/rhobtor/PHD/test_j8_hayat/J8/install/argj801_sensors/include/argj801_sensors/include/data/Composite.hpp
-- Installing: /home/rhobtor/PHD/test_j8_hayat/J8/install/argj801_sensors/include/argj801_sensors/include/data/Twist.hpp
-- Installing: /home/rhobtor/PHD/test_j8_hayat/J8/install/argj801_sensors/include/argj801_sensors/include/data/LidarData.hpp
-- Installing: /home/rhobtor/PHD/test_j8_hayat/J8/install/argj801_sensors/include/argj801_sensors/include/data/ImageData.hpp
-- Installing: /home/rhobtor/PHD/test_j8_hayat/J8/install/argj801_sensors/include/argj801_sensors/include/visitor
-- Installing: /home/rhobtor/PHD/test_j8_hayat/J8/install/argj801_sensors/include/argj801_sensors/include/visitor/SensorDataVisitor.hpp
-- Installing: /home/rhobtor/PHD/test_j8_hayat/J8/install/argj801_sensors/include/argj801_sensors/include/visitor/Visitor.hpp
-- Installing: /home/rhobtor/PHD/test_j8_hayat/J8/install/argj801_sensors/share/ament_index/resource_index/package_run_dependencies/argj801_sensors
-- Installing: /home/rhobtor/PHD/test_j8_hayat/J8/install/argj801_sensors/share/ament_index/resource_index/parent_prefix_path/argj801_sensors
-- Installing: /home/rhobtor/PHD/test_j8_hayat/J8/install/argj801_sensors/share/argj801_sensors/environment/ament_prefix_path.sh
-- Installing: /home/rhobtor/PHD/test_j8_hayat/J8/install/argj801_sensors/share/argj801_sensors/environment/ament_prefix_path.dsv
-- Installing: /home/rhobtor/PHD/test_j8_hayat/J8/install/argj801_sensors/share/argj801_sensors/environment/path.sh
-- Installing: /home/rhobtor/PHD/test_j8_hayat/J8/install/argj801_sensors/share/argj801_sensors/environment/path.dsv
-- Installing: /home/rhobtor/PHD/test_j8_hayat/J8/install/argj801_sensors/share/argj801_sensors/local_setup.bash
-- Installing: /home/rhobtor/PHD/test_j8_hayat/J8/install/argj801_sensors/share/argj801_sensors/local_setup.sh
-- Installing: /home/rhobtor/PHD/test_j8_hayat/J8/install/argj801_sensors/share/argj801_sensors/local_setup.zsh
-- Installing: /home/rhobtor/PHD/test_j8_hayat/J8/install/argj801_sensors/share/argj801_sensors/local_setup.dsv
-- Installing: /home/rhobtor/PHD/test_j8_hayat/J8/install/argj801_sensors/share/argj801_sensors/package.dsv
-- Installing: /home/rhobtor/PHD/test_j8_hayat/J8/install/argj801_sensors/share/ament_index/resource_index/packages/argj801_sensors
-- Installing: /home/rhobtor/PHD/test_j8_hayat/J8/install/argj801_sensors/share/argj801_sensors/cmake/argj801_sensorsConfig.cmake
-- Installing: /home/rhobtor/PHD/test_j8_hayat/J8/install/argj801_sensors/share/argj801_sensors/cmake/argj801_sensorsConfig-version.cmake
-- Installing: /home/rhobtor/PHD/test_j8_hayat/J8/install/argj801_sensors/share/argj801_sensors/package.xml
-- Installing: /home/rhobtor/PHD/test_j8_hayat/J8/install/argj801_sensors/share/argj801_lcm//config
-- Installing: /home/rhobtor/PHD/test_j8_hayat/J8/install/argj801_sensors/share/argj801_lcm//config/argj801_lcm_config_sensors.yaml
-- Installing: /home/rhobtor/PHD/test_j8_hayat/J8/install/argj801_sensors/share/argj801_lcm//config/argj801_lcm_config_platform.yaml
