[0.153s] Invoking command in '/home/rhobtor/PHD/test_j8_hayat/J8/build/argj801_sensors': AMENT_PREFIX_PATH=/home/rhobtor/PHD/test_j8_hayat/J8/install/argj801_sensors_msgs:/home/rhobtor/PHD/test_j8_hayat/J8/install/argj801_ctl_platform_interfaces:${AMENT_PREFIX_PATH} CMAKE_PREFIX_PATH=/home/rhobtor/PHD/test_j8_hayat/J8/install/argj801_sensors_msgs:/home/rhobtor/PHD/test_j8_hayat/J8/install/argj801_ctl_platform_interfaces:/home/rhobtor/PHD/ARGOJ8_IA/ARGOSJ8_IA_/install/wiimote_msgs:/home/rhobtor/PHD/ARGOJ8_IA/ARGOSJ8_IA_/install/ublox:/home/rhobtor/PHD/ARGOJ8_IA/ARGOSJ8_IA_/install/ublox_gps:/home/rhobtor/PHD/ARGOJ8_IA/ARGOSJ8_IA_/install/security_check:/home/rhobtor/PHD/ARGOJ8_IA/ARGOSJ8_IA_/install/ctl_mission:/home/rhobtor/PHD/ARGOJ8_IA/ARGOSJ8_IA_/install/ublox_msgs:/home/rhobtor/PHD/ARGOJ8_IA/ARGOSJ8_IA_/install/ublox_serialization:/home/rhobtor/PHD/ARGOJ8_IA/ARGOSJ8_IA_/install/spacenav:/home/rhobtor/PHD/ARGOJ8_IA/ARGOSJ8_IA_/install/laser_segmentation:/home/rhobtor/PHD/ARGOJ8_IA/ARGOSJ8_IA_/install/slg_msgs:/home/rhobtor/PHD/ARGOJ8_IA/ARGOSJ8_IA_/install/security_check_interfaces:/home/rhobtor/PHD/ARGOJ8_IA/ARGOSJ8_IA_/install/joy:/home/rhobtor/PHD/ARGOJ8_IA/ARGOSJ8_IA_/install/sdl2_vendor:/home/rhobtor/PHD/ARGOJ8_IA/ARGOSJ8_IA_/install/path_manager:/home/rhobtor/PHD/ARGOJ8_IA/ARGOSJ8_IA_/install/path_manager_interfaces:/home/rhobtor/PHD/ARGOJ8_IA/ARGOSJ8_IA_/install/joy_linux:/home/rhobtor/PHD/ARGOJ8_IA/ARGOSJ8_IA_/install/j8_xacro_model:/home/rhobtor/PHD/ARGOJ8_IA/ARGOSJ8_IA_/install/hector_gazebo_plugins:/home/rhobtor/PHD/ARGOJ8_IA/ARGOSJ8_IA_/install/fixposition_sensor_pkg:/home/rhobtor/PHD/ARGOJ8_IA/ARGOSJ8_IA_/install/fixposition_odometry_converter_ros2:/home/rhobtor/PHD/ARGOJ8_IA/ARGOSJ8_IA_/install/fixposition_driver_ros2:/home/rhobtor/PHD/ARGOJ8_IA/ARGOSJ8_IA_/install/fixposition_driver_lib:/home/rhobtor/PHD/ARGOJ8_IA/ARGOSJ8_IA_/install/fixposition_gnss_tf:/home/rhobtor/PHD/ARGOJ8_IA/ARGOSJ8_IA_/install/ctl_mission_interfaces:/home/rhobtor/PHD/ARGOJ8_IA/ARGOSJ8_IA_/install/car_cpp:/home/rhobtor/PHD/ARGOJ8_IA/ARGOSJ8_IA_/install/car_interfaces:/home/rhobtor/PHD/ARGOJ8_IA/ARGOSJ8_IA_/install/argj801_setup:/home/rhobtor/PHD/ARGOJ8_IA/ARGOSJ8_IA_/install/argj801_sensors:/home/rhobtor/PHD/ARGOJ8_IA/ARGOSJ8_IA_/install/argj801_sensors_msgs:/home/rhobtor/PHD/ARGOJ8_IA/ARGOSJ8_IA_/install/argj801_ctl_platform:/home/rhobtor/PHD/ARGOJ8_IA/ARGOSJ8_IA_/install/argj801_ctl_platform_interfaces:/home/rhobtor/zed/install/zed_ros2:/home/rhobtor/zed/install/zed_wrapper:/home/rhobtor/zed/install/zed_components:/home/rhobtor/zed/install/zed_interfaces:/home/rhobtor/PHD/ARGOJ8_IA/ARGOSJ8_IA_/install/ntrip_client:/home/rhobtor/PHD/ARGOJ8_IA/ARGOSJ8_IA_/install/j8_gui:/home/rhobtor/PHD/ARGOJ8_IA/ARGOSJ8_IA_/install/car:/home/rhobtor/PHD/ARGOJ8_IA/ARGOSJ8_IA_/install/android_ros2_server:/home/rhobtor/PHD/ARGOJ8_IA/ARGOSJ8_IA_/install/GUI_pkg:/opt/ros/humble LD_LIBRARY_PATH=/home/rhobtor/PHD/test_j8_hayat/J8/install/argj801_sensors_msgs/lib:/home/rhobtor/PHD/test_j8_hayat/J8/install/argj801_ctl_platform_interfaces/lib:${LD_LIBRARY_PATH} PYTHONPATH=/home/rhobtor/PHD/test_j8_hayat/J8/install/argj801_sensors_msgs/local/lib/python3.10/dist-packages:/home/rhobtor/PHD/test_j8_hayat/J8/install/argj801_ctl_platform_interfaces/local/lib/python3.10/dist-packages:${PYTHONPATH} /opt/st/stm32cubeclt_1.18.0/CMake/bin/cmake /home/rhobtor/PHD/test_j8_hayat/J8/src/argo_drivers_pkgs/argj801_sensors/argj801_sensors -DCMAKE_INSTALL_PREFIX=/home/rhobtor/PHD/test_j8_hayat/J8/install/argj801_sensors
[4.677s] -- The C compiler identification is GNU 11.4.0
[4.677s] -- The CXX compiler identification is GNU 11.4.0
[4.677s] -- Detecting C compiler ABI info
[4.677s] -- Detecting C compiler ABI info - done
[4.678s] -- Check for working C compiler: /usr/bin/cc - skipped
[4.678s] -- Detecting C compile features
[4.678s] -- Detecting C compile features - done
[4.678s] -- Detecting CXX compiler ABI info
[4.678s] -- Detecting CXX compiler ABI info - done
[4.678s] -- Check for working CXX compiler: /usr/bin/c++ - skipped
[4.678s] -- Detecting CXX compile features
[4.679s] -- Detecting CXX compile features - done
[4.679s] -- Found ament_cmake: 1.3.14 (/opt/ros/humble/share/ament_cmake/cmake)
[4.679s] -- Found Python3: /usr/bin/python3 (found version "3.10.12") found components: Interpreter 
[4.679s] -- Found rclcpp: 16.0.18 (/opt/ros/humble/share/rclcpp/cmake)
[4.679s] -- Found rosidl_generator_c: 3.1.8 (/opt/ros/humble/share/rosidl_generator_c/cmake)
[4.679s] -- Found rosidl_adapter: 3.1.8 (/opt/ros/humble/share/rosidl_adapter/cmake)
[4.679s] -- Found rosidl_generator_cpp: 3.1.8 (/opt/ros/humble/share/rosidl_generator_cpp/cmake)
[4.685s] -- Using all available rosidl_typesupport_c: rosidl_typesupport_fastrtps_c;rosidl_typesupport_introspection_c
[4.685s] -- Using all available rosidl_typesupport_cpp: rosidl_typesupport_fastrtps_cpp;rosidl_typesupport_introspection_cpp
[4.686s] -- Found rmw_implementation_cmake: 6.1.2 (/opt/ros/humble/share/rmw_implementation_cmake/cmake)
[4.686s] -- Found rmw_fastrtps_cpp: 6.2.10 (/opt/ros/humble/share/rmw_fastrtps_cpp/cmake)
[4.686s] -- Found OpenSSL: /usr/lib/x86_64-linux-gnu/libcrypto.so (found version "3.0.2")  
[4.686s] -- Found FastRTPS: /opt/ros/humble/include  
[4.796s] -- Using RMW implementation 'rmw_fastrtps_cpp' as default
[4.832s] -- Performing Test CMAKE_HAVE_LIBC_PTHREAD
[4.957s] -- Performing Test CMAKE_HAVE_LIBC_PTHREAD - Success
[4.959s] -- Found Threads: TRUE  
[5.237s] -- Found rclcpp_lifecycle: 16.0.18 (/opt/ros/humble/share/rclcpp_lifecycle/cmake)
[5.372s] -- Found sensor_msgs: 4.9.1 (/opt/ros/humble/share/sensor_msgs/cmake)
[5.563s] -- Found argj801_sensors_msgs: 0.0.0 (/home/rhobtor/PHD/test_j8_hayat/J8/install/argj801_sensors_msgs/share/argj801_sensors_msgs/cmake)
[5.649s] -- Found diagnostic_updater: 4.0.6 (/opt/ros/humble/share/diagnostic_updater/cmake)
[5.790s] -- Found cv_bridge: 3.2.1 (/opt/ros/humble/share/cv_bridge/cmake)
[5.871s] -- Found OpenCV: /usr (found version "4.5.4") 
[5.983s] -- Found ament_lint_auto: 0.12.15 (/opt/ros/humble/share/ament_lint_auto/cmake)
[6.390s] -- Added test 'cppcheck' to perform static code analysis on C / C++ code
[6.391s] -- Configured cppcheck include dirs: $<BUILD_INTERFACE:/home/rhobtor/PHD/test_j8_hayat/J8/src/argo_drivers_pkgs/argj801_sensors/argj801_sensors/include>
[6.392s] -- Configured cppcheck exclude dirs and/or files: 
[6.397s] -- Added test 'flake8' to check Python code syntax and style conventions
[6.404s] -- Added test 'lint_cmake' to check CMake code style
[6.410s] -- Added test 'pep257' to check Python code against some of the docstring style conventions in PEP 257
[6.424s] -- Added test 'uncrustify' to check C / C++ code style
[6.424s] -- Configured uncrustify additional arguments: 
[6.430s] -- Added test 'xmllint' to check XML markup files
[6.440s] -- Configuring done (6.3s)
[6.535s] -- Generating done (0.1s)
[6.560s] -- Build files have been written to: /home/rhobtor/PHD/test_j8_hayat/J8/build/argj801_sensors
[6.607s] Invoked command in '/home/rhobtor/PHD/test_j8_hayat/J8/build/argj801_sensors' returned '0': AMENT_PREFIX_PATH=/home/rhobtor/PHD/test_j8_hayat/J8/install/argj801_sensors_msgs:/home/rhobtor/PHD/test_j8_hayat/J8/install/argj801_ctl_platform_interfaces:${AMENT_PREFIX_PATH} CMAKE_PREFIX_PATH=/home/rhobtor/PHD/test_j8_hayat/J8/install/argj801_sensors_msgs:/home/rhobtor/PHD/test_j8_hayat/J8/install/argj801_ctl_platform_interfaces:/home/rhobtor/PHD/ARGOJ8_IA/ARGOSJ8_IA_/install/wiimote_msgs:/home/rhobtor/PHD/ARGOJ8_IA/ARGOSJ8_IA_/install/ublox:/home/rhobtor/PHD/ARGOJ8_IA/ARGOSJ8_IA_/install/ublox_gps:/home/rhobtor/PHD/ARGOJ8_IA/ARGOSJ8_IA_/install/security_check:/home/rhobtor/PHD/ARGOJ8_IA/ARGOSJ8_IA_/install/ctl_mission:/home/rhobtor/PHD/ARGOJ8_IA/ARGOSJ8_IA_/install/ublox_msgs:/home/rhobtor/PHD/ARGOJ8_IA/ARGOSJ8_IA_/install/ublox_serialization:/home/rhobtor/PHD/ARGOJ8_IA/ARGOSJ8_IA_/install/spacenav:/home/rhobtor/PHD/ARGOJ8_IA/ARGOSJ8_IA_/install/laser_segmentation:/home/rhobtor/PHD/ARGOJ8_IA/ARGOSJ8_IA_/install/slg_msgs:/home/rhobtor/PHD/ARGOJ8_IA/ARGOSJ8_IA_/install/security_check_interfaces:/home/rhobtor/PHD/ARGOJ8_IA/ARGOSJ8_IA_/install/joy:/home/rhobtor/PHD/ARGOJ8_IA/ARGOSJ8_IA_/install/sdl2_vendor:/home/rhobtor/PHD/ARGOJ8_IA/ARGOSJ8_IA_/install/path_manager:/home/rhobtor/PHD/ARGOJ8_IA/ARGOSJ8_IA_/install/path_manager_interfaces:/home/rhobtor/PHD/ARGOJ8_IA/ARGOSJ8_IA_/install/joy_linux:/home/rhobtor/PHD/ARGOJ8_IA/ARGOSJ8_IA_/install/j8_xacro_model:/home/rhobtor/PHD/ARGOJ8_IA/ARGOSJ8_IA_/install/hector_gazebo_plugins:/home/rhobtor/PHD/ARGOJ8_IA/ARGOSJ8_IA_/install/fixposition_sensor_pkg:/home/rhobtor/PHD/ARGOJ8_IA/ARGOSJ8_IA_/install/fixposition_odometry_converter_ros2:/home/rhobtor/PHD/ARGOJ8_IA/ARGOSJ8_IA_/install/fixposition_driver_ros2:/home/rhobtor/PHD/ARGOJ8_IA/ARGOSJ8_IA_/install/fixposition_driver_lib:/home/rhobtor/PHD/ARGOJ8_IA/ARGOSJ8_IA_/install/fixposition_gnss_tf:/home/rhobtor/PHD/ARGOJ8_IA/ARGOSJ8_IA_/install/ctl_mission_interfaces:/home/rhobtor/PHD/ARGOJ8_IA/ARGOSJ8_IA_/install/car_cpp:/home/rhobtor/PHD/ARGOJ8_IA/ARGOSJ8_IA_/install/car_interfaces:/home/rhobtor/PHD/ARGOJ8_IA/ARGOSJ8_IA_/install/argj801_setup:/home/rhobtor/PHD/ARGOJ8_IA/ARGOSJ8_IA_/install/argj801_sensors:/home/rhobtor/PHD/ARGOJ8_IA/ARGOSJ8_IA_/install/argj801_sensors_msgs:/home/rhobtor/PHD/ARGOJ8_IA/ARGOSJ8_IA_/install/argj801_ctl_platform:/home/rhobtor/PHD/ARGOJ8_IA/ARGOSJ8_IA_/install/argj801_ctl_platform_interfaces:/home/rhobtor/zed/install/zed_ros2:/home/rhobtor/zed/install/zed_wrapper:/home/rhobtor/zed/install/zed_components:/home/rhobtor/zed/install/zed_interfaces:/home/rhobtor/PHD/ARGOJ8_IA/ARGOSJ8_IA_/install/ntrip_client:/home/rhobtor/PHD/ARGOJ8_IA/ARGOSJ8_IA_/install/j8_gui:/home/rhobtor/PHD/ARGOJ8_IA/ARGOSJ8_IA_/install/car:/home/rhobtor/PHD/ARGOJ8_IA/ARGOSJ8_IA_/install/android_ros2_server:/home/rhobtor/PHD/ARGOJ8_IA/ARGOSJ8_IA_/install/GUI_pkg:/opt/ros/humble LD_LIBRARY_PATH=/home/rhobtor/PHD/test_j8_hayat/J8/install/argj801_sensors_msgs/lib:/home/rhobtor/PHD/test_j8_hayat/J8/install/argj801_ctl_platform_interfaces/lib:${LD_LIBRARY_PATH} PYTHONPATH=/home/rhobtor/PHD/test_j8_hayat/J8/install/argj801_sensors_msgs/local/lib/python3.10/dist-packages:/home/rhobtor/PHD/test_j8_hayat/J8/install/argj801_ctl_platform_interfaces/local/lib/python3.10/dist-packages:${PYTHONPATH} /opt/st/stm32cubeclt_1.18.0/CMake/bin/cmake /home/rhobtor/PHD/test_j8_hayat/J8/src/argo_drivers_pkgs/argj801_sensors/argj801_sensors -DCMAKE_INSTALL_PREFIX=/home/rhobtor/PHD/test_j8_hayat/J8/install/argj801_sensors
[6.611s] Invoking command in '/home/rhobtor/PHD/test_j8_hayat/J8/build/argj801_sensors': AMENT_PREFIX_PATH=/home/rhobtor/PHD/test_j8_hayat/J8/install/argj801_sensors_msgs:/home/rhobtor/PHD/test_j8_hayat/J8/install/argj801_ctl_platform_interfaces:${AMENT_PREFIX_PATH} CMAKE_PREFIX_PATH=/home/rhobtor/PHD/test_j8_hayat/J8/install/argj801_sensors_msgs:/home/rhobtor/PHD/test_j8_hayat/J8/install/argj801_ctl_platform_interfaces:/home/rhobtor/PHD/ARGOJ8_IA/ARGOSJ8_IA_/install/wiimote_msgs:/home/rhobtor/PHD/ARGOJ8_IA/ARGOSJ8_IA_/install/ublox:/home/rhobtor/PHD/ARGOJ8_IA/ARGOSJ8_IA_/install/ublox_gps:/home/rhobtor/PHD/ARGOJ8_IA/ARGOSJ8_IA_/install/security_check:/home/rhobtor/PHD/ARGOJ8_IA/ARGOSJ8_IA_/install/ctl_mission:/home/rhobtor/PHD/ARGOJ8_IA/ARGOSJ8_IA_/install/ublox_msgs:/home/rhobtor/PHD/ARGOJ8_IA/ARGOSJ8_IA_/install/ublox_serialization:/home/rhobtor/PHD/ARGOJ8_IA/ARGOSJ8_IA_/install/spacenav:/home/rhobtor/PHD/ARGOJ8_IA/ARGOSJ8_IA_/install/laser_segmentation:/home/rhobtor/PHD/ARGOJ8_IA/ARGOSJ8_IA_/install/slg_msgs:/home/rhobtor/PHD/ARGOJ8_IA/ARGOSJ8_IA_/install/security_check_interfaces:/home/rhobtor/PHD/ARGOJ8_IA/ARGOSJ8_IA_/install/joy:/home/rhobtor/PHD/ARGOJ8_IA/ARGOSJ8_IA_/install/sdl2_vendor:/home/rhobtor/PHD/ARGOJ8_IA/ARGOSJ8_IA_/install/path_manager:/home/rhobtor/PHD/ARGOJ8_IA/ARGOSJ8_IA_/install/path_manager_interfaces:/home/rhobtor/PHD/ARGOJ8_IA/ARGOSJ8_IA_/install/joy_linux:/home/rhobtor/PHD/ARGOJ8_IA/ARGOSJ8_IA_/install/j8_xacro_model:/home/rhobtor/PHD/ARGOJ8_IA/ARGOSJ8_IA_/install/hector_gazebo_plugins:/home/rhobtor/PHD/ARGOJ8_IA/ARGOSJ8_IA_/install/fixposition_sensor_pkg:/home/rhobtor/PHD/ARGOJ8_IA/ARGOSJ8_IA_/install/fixposition_odometry_converter_ros2:/home/rhobtor/PHD/ARGOJ8_IA/ARGOSJ8_IA_/install/fixposition_driver_ros2:/home/rhobtor/PHD/ARGOJ8_IA/ARGOSJ8_IA_/install/fixposition_driver_lib:/home/rhobtor/PHD/ARGOJ8_IA/ARGOSJ8_IA_/install/fixposition_gnss_tf:/home/rhobtor/PHD/ARGOJ8_IA/ARGOSJ8_IA_/install/ctl_mission_interfaces:/home/rhobtor/PHD/ARGOJ8_IA/ARGOSJ8_IA_/install/car_cpp:/home/rhobtor/PHD/ARGOJ8_IA/ARGOSJ8_IA_/install/car_interfaces:/home/rhobtor/PHD/ARGOJ8_IA/ARGOSJ8_IA_/install/argj801_setup:/home/rhobtor/PHD/ARGOJ8_IA/ARGOSJ8_IA_/install/argj801_sensors:/home/rhobtor/PHD/ARGOJ8_IA/ARGOSJ8_IA_/install/argj801_sensors_msgs:/home/rhobtor/PHD/ARGOJ8_IA/ARGOSJ8_IA_/install/argj801_ctl_platform:/home/rhobtor/PHD/ARGOJ8_IA/ARGOSJ8_IA_/install/argj801_ctl_platform_interfaces:/home/rhobtor/zed/install/zed_ros2:/home/rhobtor/zed/install/zed_wrapper:/home/rhobtor/zed/install/zed_components:/home/rhobtor/zed/install/zed_interfaces:/home/rhobtor/PHD/ARGOJ8_IA/ARGOSJ8_IA_/install/ntrip_client:/home/rhobtor/PHD/ARGOJ8_IA/ARGOSJ8_IA_/install/j8_gui:/home/rhobtor/PHD/ARGOJ8_IA/ARGOSJ8_IA_/install/car:/home/rhobtor/PHD/ARGOJ8_IA/ARGOSJ8_IA_/install/android_ros2_server:/home/rhobtor/PHD/ARGOJ8_IA/ARGOSJ8_IA_/install/GUI_pkg:/opt/ros/humble LD_LIBRARY_PATH=/home/rhobtor/PHD/test_j8_hayat/J8/install/argj801_sensors_msgs/lib:/home/rhobtor/PHD/test_j8_hayat/J8/install/argj801_ctl_platform_interfaces/lib:${LD_LIBRARY_PATH} PYTHONPATH=/home/rhobtor/PHD/test_j8_hayat/J8/install/argj801_sensors_msgs/local/lib/python3.10/dist-packages:/home/rhobtor/PHD/test_j8_hayat/J8/install/argj801_ctl_platform_interfaces/local/lib/python3.10/dist-packages:${PYTHONPATH} /opt/st/stm32cubeclt_1.18.0/CMake/bin/cmake --build /home/rhobtor/PHD/test_j8_hayat/J8/build/argj801_sensors -- -j16 -l16
[12.484s] [  6%] [32mBuilding CXX object src/argj801_lcm/CMakeFiles/argj801_lcm.dir/src/LCM_interface.cpp.o[0m
[12.484s] [ 12%] [32m[1mLinking CXX static library libargj801_lcm.a[0m
[12.484s] [ 12%] Built target argj801_lcm
[12.485s] [ 18%] [32mBuilding CXX object CMakeFiles/ARGJ801_sensors_node.dir/src/main.cpp.o[0m
[21.515s] [ 25%] [32mBuilding CXX object CMakeFiles/ARGJ801_sensors_node.dir/src/visitor/SensorDataVisitor.cpp.o[0m
[25.158s] [ 31%] [32mBuilding CXX object CMakeFiles/ARGJ801_sensors_node.dir/src/data/CompressedImage.cpp.o[0m
[26.944s] [ 37%] [32mBuilding CXX object CMakeFiles/ARGJ801_sensors_node.dir/src/data/Twist.cpp.o[0m
[28.666s] [ 43%] [32mBuilding CXX object CMakeFiles/ARGJ801_sensors_node.dir/src/data/OdometerData.cpp.o[0m
[30.403s] [ 50%] [32mBuilding CXX object CMakeFiles/ARGJ801_sensors_node.dir/src/data/MotorTelemetry.cpp.o[0m
[32.186s] [ 56%] [32mBuilding CXX object CMakeFiles/ARGJ801_sensors_node.dir/src/data/Composite.cpp.o[0m
[32.601s] [ 62%] [32mBuilding CXX object CMakeFiles/ARGJ801_sensors_node.dir/src/data/LidarData.cpp.o[0m
[34.322s] [ 68%] [32mBuilding CXX object CMakeFiles/ARGJ801_sensors_node.dir/src/argj801_sensors/argj801_camera_interface.cpp.o[0m
[37.994s] [ 75%] [32mBuilding CXX object CMakeFiles/ARGJ801_sensors_node.dir/src/argj801_sensors/argj801_camera_builder.cpp.o[0m
[37.996s] [ 87%] [32mBuilding CXX object CMakeFiles/ARGJ801_sensors_node.dir/src/argj801_sensors/argj801_lcm_sensors_builder.cpp.o[0m
[37.996s] [ 87%] [32mBuilding CXX object CMakeFiles/ARGJ801_sensors_node.dir/src/argj801_sensors/argj801_sensor_interface.cpp.o[0m
[40.978s] [ 93%] [32mBuilding CXX object CMakeFiles/ARGJ801_sensors_node.dir/src/argj801_sensors/argj801_sensors_node.cpp.o[0m
[54.742s] [100%] [32m[1mLinking CXX executable ARGJ801_sensors_node[0m
[56.104s] [100%] Built target ARGJ801_sensors_node
[56.114s] Invoked command in '/home/rhobtor/PHD/test_j8_hayat/J8/build/argj801_sensors' returned '0': AMENT_PREFIX_PATH=/home/rhobtor/PHD/test_j8_hayat/J8/install/argj801_sensors_msgs:/home/rhobtor/PHD/test_j8_hayat/J8/install/argj801_ctl_platform_interfaces:${AMENT_PREFIX_PATH} CMAKE_PREFIX_PATH=/home/rhobtor/PHD/test_j8_hayat/J8/install/argj801_sensors_msgs:/home/rhobtor/PHD/test_j8_hayat/J8/install/argj801_ctl_platform_interfaces:/home/rhobtor/PHD/ARGOJ8_IA/ARGOSJ8_IA_/install/wiimote_msgs:/home/rhobtor/PHD/ARGOJ8_IA/ARGOSJ8_IA_/install/ublox:/home/rhobtor/PHD/ARGOJ8_IA/ARGOSJ8_IA_/install/ublox_gps:/home/rhobtor/PHD/ARGOJ8_IA/ARGOSJ8_IA_/install/security_check:/home/rhobtor/PHD/ARGOJ8_IA/ARGOSJ8_IA_/install/ctl_mission:/home/rhobtor/PHD/ARGOJ8_IA/ARGOSJ8_IA_/install/ublox_msgs:/home/rhobtor/PHD/ARGOJ8_IA/ARGOSJ8_IA_/install/ublox_serialization:/home/rhobtor/PHD/ARGOJ8_IA/ARGOSJ8_IA_/install/spacenav:/home/rhobtor/PHD/ARGOJ8_IA/ARGOSJ8_IA_/install/laser_segmentation:/home/rhobtor/PHD/ARGOJ8_IA/ARGOSJ8_IA_/install/slg_msgs:/home/rhobtor/PHD/ARGOJ8_IA/ARGOSJ8_IA_/install/security_check_interfaces:/home/rhobtor/PHD/ARGOJ8_IA/ARGOSJ8_IA_/install/joy:/home/rhobtor/PHD/ARGOJ8_IA/ARGOSJ8_IA_/install/sdl2_vendor:/home/rhobtor/PHD/ARGOJ8_IA/ARGOSJ8_IA_/install/path_manager:/home/rhobtor/PHD/ARGOJ8_IA/ARGOSJ8_IA_/install/path_manager_interfaces:/home/rhobtor/PHD/ARGOJ8_IA/ARGOSJ8_IA_/install/joy_linux:/home/rhobtor/PHD/ARGOJ8_IA/ARGOSJ8_IA_/install/j8_xacro_model:/home/rhobtor/PHD/ARGOJ8_IA/ARGOSJ8_IA_/install/hector_gazebo_plugins:/home/rhobtor/PHD/ARGOJ8_IA/ARGOSJ8_IA_/install/fixposition_sensor_pkg:/home/rhobtor/PHD/ARGOJ8_IA/ARGOSJ8_IA_/install/fixposition_odometry_converter_ros2:/home/rhobtor/PHD/ARGOJ8_IA/ARGOSJ8_IA_/install/fixposition_driver_ros2:/home/rhobtor/PHD/ARGOJ8_IA/ARGOSJ8_IA_/install/fixposition_driver_lib:/home/rhobtor/PHD/ARGOJ8_IA/ARGOSJ8_IA_/install/fixposition_gnss_tf:/home/rhobtor/PHD/ARGOJ8_IA/ARGOSJ8_IA_/install/ctl_mission_interfaces:/home/rhobtor/PHD/ARGOJ8_IA/ARGOSJ8_IA_/install/car_cpp:/home/rhobtor/PHD/ARGOJ8_IA/ARGOSJ8_IA_/install/car_interfaces:/home/rhobtor/PHD/ARGOJ8_IA/ARGOSJ8_IA_/install/argj801_setup:/home/rhobtor/PHD/ARGOJ8_IA/ARGOSJ8_IA_/install/argj801_sensors:/home/rhobtor/PHD/ARGOJ8_IA/ARGOSJ8_IA_/install/argj801_sensors_msgs:/home/rhobtor/PHD/ARGOJ8_IA/ARGOSJ8_IA_/install/argj801_ctl_platform:/home/rhobtor/PHD/ARGOJ8_IA/ARGOSJ8_IA_/install/argj801_ctl_platform_interfaces:/home/rhobtor/zed/install/zed_ros2:/home/rhobtor/zed/install/zed_wrapper:/home/rhobtor/zed/install/zed_components:/home/rhobtor/zed/install/zed_interfaces:/home/rhobtor/PHD/ARGOJ8_IA/ARGOSJ8_IA_/install/ntrip_client:/home/rhobtor/PHD/ARGOJ8_IA/ARGOSJ8_IA_/install/j8_gui:/home/rhobtor/PHD/ARGOJ8_IA/ARGOSJ8_IA_/install/car:/home/rhobtor/PHD/ARGOJ8_IA/ARGOSJ8_IA_/install/android_ros2_server:/home/rhobtor/PHD/ARGOJ8_IA/ARGOSJ8_IA_/install/GUI_pkg:/opt/ros/humble LD_LIBRARY_PATH=/home/rhobtor/PHD/test_j8_hayat/J8/install/argj801_sensors_msgs/lib:/home/rhobtor/PHD/test_j8_hayat/J8/install/argj801_ctl_platform_interfaces/lib:${LD_LIBRARY_PATH} PYTHONPATH=/home/rhobtor/PHD/test_j8_hayat/J8/install/argj801_sensors_msgs/local/lib/python3.10/dist-packages:/home/rhobtor/PHD/test_j8_hayat/J8/install/argj801_ctl_platform_interfaces/local/lib/python3.10/dist-packages:${PYTHONPATH} /opt/st/stm32cubeclt_1.18.0/CMake/bin/cmake --build /home/rhobtor/PHD/test_j8_hayat/J8/build/argj801_sensors -- -j16 -l16
[56.118s] Invoking command in '/home/rhobtor/PHD/test_j8_hayat/J8/build/argj801_sensors': AMENT_PREFIX_PATH=/home/rhobtor/PHD/test_j8_hayat/J8/install/argj801_sensors_msgs:/home/rhobtor/PHD/test_j8_hayat/J8/install/argj801_ctl_platform_interfaces:${AMENT_PREFIX_PATH} CMAKE_PREFIX_PATH=/home/rhobtor/PHD/test_j8_hayat/J8/install/argj801_sensors_msgs:/home/rhobtor/PHD/test_j8_hayat/J8/install/argj801_ctl_platform_interfaces:/home/rhobtor/PHD/ARGOJ8_IA/ARGOSJ8_IA_/install/wiimote_msgs:/home/rhobtor/PHD/ARGOJ8_IA/ARGOSJ8_IA_/install/ublox:/home/rhobtor/PHD/ARGOJ8_IA/ARGOSJ8_IA_/install/ublox_gps:/home/rhobtor/PHD/ARGOJ8_IA/ARGOSJ8_IA_/install/security_check:/home/rhobtor/PHD/ARGOJ8_IA/ARGOSJ8_IA_/install/ctl_mission:/home/rhobtor/PHD/ARGOJ8_IA/ARGOSJ8_IA_/install/ublox_msgs:/home/rhobtor/PHD/ARGOJ8_IA/ARGOSJ8_IA_/install/ublox_serialization:/home/rhobtor/PHD/ARGOJ8_IA/ARGOSJ8_IA_/install/spacenav:/home/rhobtor/PHD/ARGOJ8_IA/ARGOSJ8_IA_/install/laser_segmentation:/home/rhobtor/PHD/ARGOJ8_IA/ARGOSJ8_IA_/install/slg_msgs:/home/rhobtor/PHD/ARGOJ8_IA/ARGOSJ8_IA_/install/security_check_interfaces:/home/rhobtor/PHD/ARGOJ8_IA/ARGOSJ8_IA_/install/joy:/home/rhobtor/PHD/ARGOJ8_IA/ARGOSJ8_IA_/install/sdl2_vendor:/home/rhobtor/PHD/ARGOJ8_IA/ARGOSJ8_IA_/install/path_manager:/home/rhobtor/PHD/ARGOJ8_IA/ARGOSJ8_IA_/install/path_manager_interfaces:/home/rhobtor/PHD/ARGOJ8_IA/ARGOSJ8_IA_/install/joy_linux:/home/rhobtor/PHD/ARGOJ8_IA/ARGOSJ8_IA_/install/j8_xacro_model:/home/rhobtor/PHD/ARGOJ8_IA/ARGOSJ8_IA_/install/hector_gazebo_plugins:/home/rhobtor/PHD/ARGOJ8_IA/ARGOSJ8_IA_/install/fixposition_sensor_pkg:/home/rhobtor/PHD/ARGOJ8_IA/ARGOSJ8_IA_/install/fixposition_odometry_converter_ros2:/home/rhobtor/PHD/ARGOJ8_IA/ARGOSJ8_IA_/install/fixposition_driver_ros2:/home/rhobtor/PHD/ARGOJ8_IA/ARGOSJ8_IA_/install/fixposition_driver_lib:/home/rhobtor/PHD/ARGOJ8_IA/ARGOSJ8_IA_/install/fixposition_gnss_tf:/home/rhobtor/PHD/ARGOJ8_IA/ARGOSJ8_IA_/install/ctl_mission_interfaces:/home/rhobtor/PHD/ARGOJ8_IA/ARGOSJ8_IA_/install/car_cpp:/home/rhobtor/PHD/ARGOJ8_IA/ARGOSJ8_IA_/install/car_interfaces:/home/rhobtor/PHD/ARGOJ8_IA/ARGOSJ8_IA_/install/argj801_setup:/home/rhobtor/PHD/ARGOJ8_IA/ARGOSJ8_IA_/install/argj801_sensors:/home/rhobtor/PHD/ARGOJ8_IA/ARGOSJ8_IA_/install/argj801_sensors_msgs:/home/rhobtor/PHD/ARGOJ8_IA/ARGOSJ8_IA_/install/argj801_ctl_platform:/home/rhobtor/PHD/ARGOJ8_IA/ARGOSJ8_IA_/install/argj801_ctl_platform_interfaces:/home/rhobtor/zed/install/zed_ros2:/home/rhobtor/zed/install/zed_wrapper:/home/rhobtor/zed/install/zed_components:/home/rhobtor/zed/install/zed_interfaces:/home/rhobtor/PHD/ARGOJ8_IA/ARGOSJ8_IA_/install/ntrip_client:/home/rhobtor/PHD/ARGOJ8_IA/ARGOSJ8_IA_/install/j8_gui:/home/rhobtor/PHD/ARGOJ8_IA/ARGOSJ8_IA_/install/car:/home/rhobtor/PHD/ARGOJ8_IA/ARGOSJ8_IA_/install/android_ros2_server:/home/rhobtor/PHD/ARGOJ8_IA/ARGOSJ8_IA_/install/GUI_pkg:/opt/ros/humble LD_LIBRARY_PATH=/home/rhobtor/PHD/test_j8_hayat/J8/install/argj801_sensors_msgs/lib:/home/rhobtor/PHD/test_j8_hayat/J8/install/argj801_ctl_platform_interfaces/lib:${LD_LIBRARY_PATH} PYTHONPATH=/home/rhobtor/PHD/test_j8_hayat/J8/install/argj801_sensors_msgs/local/lib/python3.10/dist-packages:/home/rhobtor/PHD/test_j8_hayat/J8/install/argj801_ctl_platform_interfaces/local/lib/python3.10/dist-packages:${PYTHONPATH} /opt/st/stm32cubeclt_1.18.0/CMake/bin/cmake --install /home/rhobtor/PHD/test_j8_hayat/J8/build/argj801_sensors
[56.123s] -- Install configuration: ""
[56.123s] -- Installing: /home/rhobtor/PHD/test_j8_hayat/J8/install/argj801_sensors/lib/argj801_sensors/ARGJ801_sensors_node
[56.128s] -- Set non-toolchain portion of runtime path of "/home/rhobtor/PHD/test_j8_hayat/J8/install/argj801_sensors/lib/argj801_sensors/ARGJ801_sensors_node" to ""
[56.128s] -- Installing: /home/rhobtor/PHD/test_j8_hayat/J8/install/argj801_sensors/share/argj801_sensors//launch
[56.129s] -- Installing: /home/rhobtor/PHD/test_j8_hayat/J8/install/argj801_sensors/share/argj801_sensors//launch/argj801_sensors_launch_camera_rear.py
[56.129s] -- Installing: /home/rhobtor/PHD/test_j8_hayat/J8/install/argj801_sensors/share/argj801_sensors//launch/argj801_sensors_launch_camera_front.py
[56.129s] -- Installing: /home/rhobtor/PHD/test_j8_hayat/J8/install/argj801_sensors/share/argj801_sensors//launch/argj801_sensors_launch_lcm_sensors.py
[56.129s] -- Installing: /home/rhobtor/PHD/test_j8_hayat/J8/install/argj801_sensors/share/argj801_sensors//config
[56.129s] -- Installing: /home/rhobtor/PHD/test_j8_hayat/J8/install/argj801_sensors/share/argj801_sensors//config/argj801_sensors_params_lcm_sensors.yaml
[56.130s] -- Installing: /home/rhobtor/PHD/test_j8_hayat/J8/install/argj801_sensors/share/argj801_sensors//config/argj801_sensors_params_camera_rear.yaml
[56.130s] -- Installing: /home/rhobtor/PHD/test_j8_hayat/J8/install/argj801_sensors/share/argj801_sensors//config/argj801_sensors_params_camera_front.yaml
[56.130s] -- Installing: /home/rhobtor/PHD/test_j8_hayat/J8/install/argj801_sensors/include/argj801_sensors/include
[56.130s] -- Installing: /home/rhobtor/PHD/test_j8_hayat/J8/install/argj801_sensors/include/argj801_sensors/include/argj801_sensors
[56.130s] -- Installing: /home/rhobtor/PHD/test_j8_hayat/J8/install/argj801_sensors/include/argj801_sensors/include/argj801_sensors/argj801_sensors_interface.hpp
[56.131s] -- Installing: /home/rhobtor/PHD/test_j8_hayat/J8/install/argj801_sensors/include/argj801_sensors/include/argj801_sensors/argj801_camera_interface.hpp
[56.131s] -- Installing: /home/rhobtor/PHD/test_j8_hayat/J8/install/argj801_sensors/include/argj801_sensors/include/argj801_sensors/argj801_sensors_node.hpp
[56.131s] -- Installing: /home/rhobtor/PHD/test_j8_hayat/J8/install/argj801_sensors/include/argj801_sensors/include/argj801_sensors/argj801_camera_builder.hpp
[56.131s] -- Installing: /home/rhobtor/PHD/test_j8_hayat/J8/install/argj801_sensors/include/argj801_sensors/include/argj801_sensors/argj801_lcm_sensors_builder.hpp
[56.131s] -- Installing: /home/rhobtor/PHD/test_j8_hayat/J8/install/argj801_sensors/include/argj801_sensors/include/argj801_sensors/SensorBuilder.hpp
[56.132s] -- Installing: /home/rhobtor/PHD/test_j8_hayat/J8/install/argj801_sensors/include/argj801_sensors/include/argj801_sensors/Sensor.hpp
[56.132s] -- Installing: /home/rhobtor/PHD/test_j8_hayat/J8/install/argj801_sensors/include/argj801_sensors/include/data
[56.132s] -- Installing: /home/rhobtor/PHD/test_j8_hayat/J8/install/argj801_sensors/include/argj801_sensors/include/data/CompressedImage.hpp
[56.132s] -- Installing: /home/rhobtor/PHD/test_j8_hayat/J8/install/argj801_sensors/include/argj801_sensors/include/data/Lidar.hpp
[56.133s] -- Installing: /home/rhobtor/PHD/test_j8_hayat/J8/install/argj801_sensors/include/argj801_sensors/include/data/DriveLine.hpp
[56.133s] -- Installing: /home/rhobtor/PHD/test_j8_hayat/J8/install/argj801_sensors/include/argj801_sensors/include/data/MotorTelemetry.hpp
[56.133s] -- Installing: /home/rhobtor/PHD/test_j8_hayat/J8/install/argj801_sensors/include/argj801_sensors/include/data/OdometerData.hpp
[56.133s] -- Installing: /home/rhobtor/PHD/test_j8_hayat/J8/install/argj801_sensors/include/argj801_sensors/include/data/Composite.hpp
[56.133s] -- Installing: /home/rhobtor/PHD/test_j8_hayat/J8/install/argj801_sensors/include/argj801_sensors/include/data/Twist.hpp
[56.133s] -- Installing: /home/rhobtor/PHD/test_j8_hayat/J8/install/argj801_sensors/include/argj801_sensors/include/data/LidarData.hpp
[56.134s] -- Installing: /home/rhobtor/PHD/test_j8_hayat/J8/install/argj801_sensors/include/argj801_sensors/include/data/ImageData.hpp
[56.134s] -- Installing: /home/rhobtor/PHD/test_j8_hayat/J8/install/argj801_sensors/include/argj801_sensors/include/visitor
[56.134s] -- Installing: /home/rhobtor/PHD/test_j8_hayat/J8/install/argj801_sensors/include/argj801_sensors/include/visitor/SensorDataVisitor.hpp
[56.134s] -- Installing: /home/rhobtor/PHD/test_j8_hayat/J8/install/argj801_sensors/include/argj801_sensors/include/visitor/Visitor.hpp
[56.134s] -- Installing: /home/rhobtor/PHD/test_j8_hayat/J8/install/argj801_sensors/share/ament_index/resource_index/package_run_dependencies/argj801_sensors
[56.134s] -- Installing: /home/rhobtor/PHD/test_j8_hayat/J8/install/argj801_sensors/share/ament_index/resource_index/parent_prefix_path/argj801_sensors
[56.135s] -- Installing: /home/rhobtor/PHD/test_j8_hayat/J8/install/argj801_sensors/share/argj801_sensors/environment/ament_prefix_path.sh
[56.135s] -- Installing: /home/rhobtor/PHD/test_j8_hayat/J8/install/argj801_sensors/share/argj801_sensors/environment/ament_prefix_path.dsv
[56.135s] -- Installing: /home/rhobtor/PHD/test_j8_hayat/J8/install/argj801_sensors/share/argj801_sensors/environment/path.sh
[56.135s] -- Installing: /home/rhobtor/PHD/test_j8_hayat/J8/install/argj801_sensors/share/argj801_sensors/environment/path.dsv
[56.135s] -- Installing: /home/rhobtor/PHD/test_j8_hayat/J8/install/argj801_sensors/share/argj801_sensors/local_setup.bash
[56.136s] -- Installing: /home/rhobtor/PHD/test_j8_hayat/J8/install/argj801_sensors/share/argj801_sensors/local_setup.sh
[56.136s] -- Installing: /home/rhobtor/PHD/test_j8_hayat/J8/install/argj801_sensors/share/argj801_sensors/local_setup.zsh
[56.136s] -- Installing: /home/rhobtor/PHD/test_j8_hayat/J8/install/argj801_sensors/share/argj801_sensors/local_setup.dsv
[56.136s] -- Installing: /home/rhobtor/PHD/test_j8_hayat/J8/install/argj801_sensors/share/argj801_sensors/package.dsv
[56.136s] -- Installing: /home/rhobtor/PHD/test_j8_hayat/J8/install/argj801_sensors/share/ament_index/resource_index/packages/argj801_sensors
[56.136s] -- Installing: /home/rhobtor/PHD/test_j8_hayat/J8/install/argj801_sensors/share/argj801_sensors/cmake/argj801_sensorsConfig.cmake
[56.136s] -- Installing: /home/rhobtor/PHD/test_j8_hayat/J8/install/argj801_sensors/share/argj801_sensors/cmake/argj801_sensorsConfig-version.cmake
[56.136s] -- Installing: /home/rhobtor/PHD/test_j8_hayat/J8/install/argj801_sensors/share/argj801_sensors/package.xml
[56.136s] -- Installing: /home/rhobtor/PHD/test_j8_hayat/J8/install/argj801_sensors/share/argj801_lcm//config
[56.136s] -- Installing: /home/rhobtor/PHD/test_j8_hayat/J8/install/argj801_sensors/share/argj801_lcm//config/argj801_lcm_config_sensors.yaml
[56.136s] -- Installing: /home/rhobtor/PHD/test_j8_hayat/J8/install/argj801_sensors/share/argj801_lcm//config/argj801_lcm_config_platform.yaml
[56.138s] Invoked command in '/home/rhobtor/PHD/test_j8_hayat/J8/build/argj801_sensors' returned '0': AMENT_PREFIX_PATH=/home/rhobtor/PHD/test_j8_hayat/J8/install/argj801_sensors_msgs:/home/rhobtor/PHD/test_j8_hayat/J8/install/argj801_ctl_platform_interfaces:${AMENT_PREFIX_PATH} CMAKE_PREFIX_PATH=/home/rhobtor/PHD/test_j8_hayat/J8/install/argj801_sensors_msgs:/home/rhobtor/PHD/test_j8_hayat/J8/install/argj801_ctl_platform_interfaces:/home/rhobtor/PHD/ARGOJ8_IA/ARGOSJ8_IA_/install/wiimote_msgs:/home/rhobtor/PHD/ARGOJ8_IA/ARGOSJ8_IA_/install/ublox:/home/rhobtor/PHD/ARGOJ8_IA/ARGOSJ8_IA_/install/ublox_gps:/home/rhobtor/PHD/ARGOJ8_IA/ARGOSJ8_IA_/install/security_check:/home/rhobtor/PHD/ARGOJ8_IA/ARGOSJ8_IA_/install/ctl_mission:/home/rhobtor/PHD/ARGOJ8_IA/ARGOSJ8_IA_/install/ublox_msgs:/home/rhobtor/PHD/ARGOJ8_IA/ARGOSJ8_IA_/install/ublox_serialization:/home/rhobtor/PHD/ARGOJ8_IA/ARGOSJ8_IA_/install/spacenav:/home/rhobtor/PHD/ARGOJ8_IA/ARGOSJ8_IA_/install/laser_segmentation:/home/rhobtor/PHD/ARGOJ8_IA/ARGOSJ8_IA_/install/slg_msgs:/home/rhobtor/PHD/ARGOJ8_IA/ARGOSJ8_IA_/install/security_check_interfaces:/home/rhobtor/PHD/ARGOJ8_IA/ARGOSJ8_IA_/install/joy:/home/rhobtor/PHD/ARGOJ8_IA/ARGOSJ8_IA_/install/sdl2_vendor:/home/rhobtor/PHD/ARGOJ8_IA/ARGOSJ8_IA_/install/path_manager:/home/rhobtor/PHD/ARGOJ8_IA/ARGOSJ8_IA_/install/path_manager_interfaces:/home/rhobtor/PHD/ARGOJ8_IA/ARGOSJ8_IA_/install/joy_linux:/home/rhobtor/PHD/ARGOJ8_IA/ARGOSJ8_IA_/install/j8_xacro_model:/home/rhobtor/PHD/ARGOJ8_IA/ARGOSJ8_IA_/install/hector_gazebo_plugins:/home/rhobtor/PHD/ARGOJ8_IA/ARGOSJ8_IA_/install/fixposition_sensor_pkg:/home/rhobtor/PHD/ARGOJ8_IA/ARGOSJ8_IA_/install/fixposition_odometry_converter_ros2:/home/rhobtor/PHD/ARGOJ8_IA/ARGOSJ8_IA_/install/fixposition_driver_ros2:/home/rhobtor/PHD/ARGOJ8_IA/ARGOSJ8_IA_/install/fixposition_driver_lib:/home/rhobtor/PHD/ARGOJ8_IA/ARGOSJ8_IA_/install/fixposition_gnss_tf:/home/rhobtor/PHD/ARGOJ8_IA/ARGOSJ8_IA_/install/ctl_mission_interfaces:/home/rhobtor/PHD/ARGOJ8_IA/ARGOSJ8_IA_/install/car_cpp:/home/rhobtor/PHD/ARGOJ8_IA/ARGOSJ8_IA_/install/car_interfaces:/home/rhobtor/PHD/ARGOJ8_IA/ARGOSJ8_IA_/install/argj801_setup:/home/rhobtor/PHD/ARGOJ8_IA/ARGOSJ8_IA_/install/argj801_sensors:/home/rhobtor/PHD/ARGOJ8_IA/ARGOSJ8_IA_/install/argj801_sensors_msgs:/home/rhobtor/PHD/ARGOJ8_IA/ARGOSJ8_IA_/install/argj801_ctl_platform:/home/rhobtor/PHD/ARGOJ8_IA/ARGOSJ8_IA_/install/argj801_ctl_platform_interfaces:/home/rhobtor/zed/install/zed_ros2:/home/rhobtor/zed/install/zed_wrapper:/home/rhobtor/zed/install/zed_components:/home/rhobtor/zed/install/zed_interfaces:/home/rhobtor/PHD/ARGOJ8_IA/ARGOSJ8_IA_/install/ntrip_client:/home/rhobtor/PHD/ARGOJ8_IA/ARGOSJ8_IA_/install/j8_gui:/home/rhobtor/PHD/ARGOJ8_IA/ARGOSJ8_IA_/install/car:/home/rhobtor/PHD/ARGOJ8_IA/ARGOSJ8_IA_/install/android_ros2_server:/home/rhobtor/PHD/ARGOJ8_IA/ARGOSJ8_IA_/install/GUI_pkg:/opt/ros/humble LD_LIBRARY_PATH=/home/rhobtor/PHD/test_j8_hayat/J8/install/argj801_sensors_msgs/lib:/home/rhobtor/PHD/test_j8_hayat/J8/install/argj801_ctl_platform_interfaces/lib:${LD_LIBRARY_PATH} PYTHONPATH=/home/rhobtor/PHD/test_j8_hayat/J8/install/argj801_sensors_msgs/local/lib/python3.10/dist-packages:/home/rhobtor/PHD/test_j8_hayat/J8/install/argj801_ctl_platform_interfaces/local/lib/python3.10/dist-packages:${PYTHONPATH} /opt/st/stm32cubeclt_1.18.0/CMake/bin/cmake --install /home/rhobtor/PHD/test_j8_hayat/J8/build/argj801_sensors
