-- Install configuration: ""
-- Up-to-date: /home/rhobtor/PHD/test_j8_hayat/J8/install/argj801_setup/share/argj801_setup//launch
-- Up-to-date: /home/rhobtor/PHD/test_j8_hayat/J8/install/argj801_setup/share/argj801_setup//launch/README.md
-- Up-to-date: /home/rhobtor/PHD/test_j8_hayat/J8/install/argj801_setup/share/argj801_setup//launch/J8_launch.py
-- Up-to-date: /home/rhobtor/PHD/test_j8_hayat/J8/install/argj801_setup/share/argj801_setup//config
-- Up-to-date: /home/rhobtor/PHD/test_j8_hayat/J8/install/argj801_setup/share/argj801_setup//config/README.md
-- Up-to-date: /home/rhobtor/PHD/test_j8_hayat/J8/install/argj801_setup/share/argj801_setup//config/J8_params.yaml
-- Up-to-date: /home/rhobtor/PHD/test_j8_hayat/J8/install/argj801_setup/share/ament_index/resource_index/package_run_dependencies/argj801_setup
-- Up-to-date: /home/rhobtor/PHD/test_j8_hayat/J8/install/argj801_setup/share/ament_index/resource_index/parent_prefix_path/argj801_setup
-- Up-to-date: /home/rhobtor/PHD/test_j8_hayat/J8/install/argj801_setup/share/argj801_setup/environment/ament_prefix_path.sh
-- Up-to-date: /home/rhobtor/PHD/test_j8_hayat/J8/install/argj801_setup/share/argj801_setup/environment/ament_prefix_path.dsv
-- Up-to-date: /home/rhobtor/PHD/test_j8_hayat/J8/install/argj801_setup/share/argj801_setup/environment/path.sh
-- Up-to-date: /home/rhobtor/PHD/test_j8_hayat/J8/install/argj801_setup/share/argj801_setup/environment/path.dsv
-- Up-to-date: /home/rhobtor/PHD/test_j8_hayat/J8/install/argj801_setup/share/argj801_setup/local_setup.bash
-- Up-to-date: /home/rhobtor/PHD/test_j8_hayat/J8/install/argj801_setup/share/argj801_setup/local_setup.sh
-- Up-to-date: /home/rhobtor/PHD/test_j8_hayat/J8/install/argj801_setup/share/argj801_setup/local_setup.zsh
-- Up-to-date: /home/rhobtor/PHD/test_j8_hayat/J8/install/argj801_setup/share/argj801_setup/local_setup.dsv
-- Installing: /home/rhobtor/PHD/test_j8_hayat/J8/install/argj801_setup/share/argj801_setup/package.dsv
-- Up-to-date: /home/rhobtor/PHD/test_j8_hayat/J8/install/argj801_setup/share/ament_index/resource_index/packages/argj801_setup
-- Up-to-date: /home/rhobtor/PHD/test_j8_hayat/J8/install/argj801_setup/share/argj801_setup/cmake/argj801_setupConfig.cmake
-- Up-to-date: /home/rhobtor/PHD/test_j8_hayat/J8/install/argj801_setup/share/argj801_setup/cmake/argj801_setupConfig-version.cmake
-- Up-to-date: /home/rhobtor/PHD/test_j8_hayat/J8/install/argj801_setup/share/argj801_setup/package.xml
