[0.085s] Invoking command in '/home/rhobtor/PHD/test_j8_hayat/J8/build/path_manager_interfaces': CMAKE_PREFIX_PATH=${CMAKE_PREFIX_PATH}:/home/rhobtor/PHD/ARGOJ8_IA/ARGOSJ8_IA_/install/ntrip_client:/home/rhobtor/PHD/ARGOJ8_IA/ARGOSJ8_IA_/install/j8_gui:/home/rhobtor/PHD/ARGOJ8_IA/ARGOSJ8_IA_/install/car:/home/rhobtor/PHD/ARGOJ8_IA/ARGOSJ8_IA_/install/android_ros2_server:/home/rhobtor/PHD/ARGOJ8_IA/ARGOSJ8_IA_/install/GUI_pkg:/opt/ros/humble /opt/st/stm32cubeclt_1.18.0/CMake/bin/cmake /home/rhobtor/PHD/test_j8_hayat/J8/src/path_manager/path_manager_interfaces -DCMAKE_INSTALL_PREFIX=/home/rhobtor/PHD/test_j8_hayat/J8/install/path_manager_interfaces
[1.549s] -- The C compiler identification is GNU 11.4.0
[1.549s] -- The CXX compiler identification is GNU 11.4.0
[1.550s] -- Detecting C compiler ABI info
[1.550s] -- Detecting C compiler ABI info - done
[1.550s] -- Check for working C compiler: /usr/bin/cc - skipped
[1.550s] -- Detecting C compile features
[1.550s] -- Detecting C compile features - done
[1.550s] -- Detecting CXX compiler ABI info
[1.550s] -- Detecting CXX compiler ABI info - done
[1.551s] -- Check for working CXX compiler: /usr/bin/c++ - skipped
[1.551s] -- Detecting CXX compile features
[1.551s] -- Detecting CXX compile features - done
[1.551s] -- Found ament_cmake: 1.3.14 (/opt/ros/humble/share/ament_cmake/cmake)
[1.551s] -- Found Python3: /usr/bin/python3 (found version "3.10.12") found components: Interpreter 
[1.551s] -- Found rosidl_default_generators: 1.2.1 (/opt/ros/humble/share/rosidl_default_generators/cmake)
[1.551s] -- Using all available rosidl_typesupport_c: rosidl_typesupport_fastrtps_c;rosidl_typesupport_introspection_c
[1.554s] -- Found rosidl_adapter: 3.1.8 (/opt/ros/humble/share/rosidl_adapter/cmake)
[1.808s] -- Using all available rosidl_typesupport_cpp: rosidl_typesupport_fastrtps_cpp;rosidl_typesupport_introspection_cpp
[2.035s] -- Found std_msgs: 4.9.1 (/opt/ros/humble/share/std_msgs/cmake)
[2.191s] -- Found nav_msgs: 4.9.1 (/opt/ros/humble/share/nav_msgs/cmake)
[4.409s] -- Found ament_cmake_ros: 0.10.0 (/opt/ros/humble/share/ament_cmake_ros/cmake)
[6.503s] -- Using all available rosidl_typesupport_c: rosidl_typesupport_fastrtps_c;rosidl_typesupport_introspection_c
[8.682s] -- Using all available rosidl_typesupport_cpp: rosidl_typesupport_fastrtps_cpp;rosidl_typesupport_introspection_cpp
[8.686s] [33mCMake Warning (dev) at /opt/ros/humble/share/rosidl_generator_py/cmake/rosidl_generator_py_generate_interfaces.cmake:20 (find_package):
[8.686s]   Policy CMP0148 is not set: The FindPythonInterp and FindPythonLibs modules
[8.686s]   are removed.  Run "cmake --help-policy CMP0148" for policy details.  Use
[8.686s]   the cmake_policy command to set the policy and suppress this warning.
[8.686s] 
[8.686s] Call Stack (most recent call first):
[8.687s]   /opt/ros/humble/share/ament_cmake_core/cmake/core/ament_execute_extensions.cmake:48 (include)
[8.687s]   /opt/ros/humble/share/rosidl_cmake/cmake/rosidl_generate_interfaces.cmake:286 (ament_execute_extensions)
[8.687s]   CMakeLists.txt:21 (rosidl_generate_interfaces)
[8.687s] This warning is for project developers.  Use -Wno-dev to suppress it.
[8.687s] [0m
[8.766s] -- Found PythonInterp: /usr/bin/python3 (found suitable version "3.10.12", minimum required is "3.6") 
[8.780s] -- Found python_cmake_module: 0.10.0 (/opt/ros/humble/share/python_cmake_module/cmake)
[8.782s] [33mCMake Warning (dev) at /opt/ros/humble/share/python_cmake_module/cmake/Modules/FindPythonExtra.cmake:52 (find_package):
[8.782s]   Policy CMP0148 is not set: The FindPythonInterp and FindPythonLibs modules
[8.785s]   are removed.  Run "cmake --help-policy CMP0148" for policy details.  Use
[8.785s]   the cmake_policy command to set the policy and suppress this warning.
[8.785s] 
[8.785s] Call Stack (most recent call first):
[8.785s]   /opt/ros/humble/share/rosidl_generator_py/cmake/rosidl_generator_py_generate_interfaces.cmake:23 (find_package)
[8.786s]   /opt/ros/humble/share/ament_cmake_core/cmake/core/ament_execute_extensions.cmake:48 (include)
[8.786s]   /opt/ros/humble/share/rosidl_cmake/cmake/rosidl_generate_interfaces.cmake:286 (ament_execute_extensions)
[8.786s]   CMakeLists.txt:21 (rosidl_generate_interfaces)
[8.786s] This warning is for project developers.  Use -Wno-dev to suppress it.
[8.786s] [0m
[8.858s] [33mCMake Warning (dev) at /opt/ros/humble/share/python_cmake_module/cmake/Modules/FindPythonExtra.cmake:140 (find_package):
[8.859s]   Policy CMP0148 is not set: The FindPythonInterp and FindPythonLibs modules
[8.859s]   are removed.  Run "cmake --help-policy CMP0148" for policy details.  Use
[8.859s]   the cmake_policy command to set the policy and suppress this warning.
[8.859s] 
[8.860s] Call Stack (most recent call first):
[8.860s]   /opt/ros/humble/share/rosidl_generator_py/cmake/rosidl_generator_py_generate_interfaces.cmake:23 (find_package)
[8.863s]   /opt/ros/humble/share/ament_cmake_core/cmake/core/ament_execute_extensions.cmake:48 (include)
[8.863s]   /opt/ros/humble/share/rosidl_cmake/cmake/rosidl_generate_interfaces.cmake:286 (ament_execute_extensions)
[8.863s]   CMakeLists.txt:21 (rosidl_generate_interfaces)
[8.863s] This warning is for project developers.  Use -Wno-dev to suppress it.
[8.863s] [0m
[8.892s] -- Found PythonLibs: /usr/lib/x86_64-linux-gnu/libpython3.10.so (found suitable version "3.10.12", minimum required is "3.5") 
[8.892s] -- Using PYTHON_EXECUTABLE: /usr/bin/python3
[8.892s] -- Using PYTHON_INCLUDE_DIRS: /usr/include/python3.10
[8.892s] -- Using PYTHON_LIBRARIES: /usr/lib/x86_64-linux-gnu/libpython3.10.so
[8.982s] -- Found PythonExtra: .so  
[11.233s] -- Configuring done (11.1s)
[11.918s] -- Generating done (0.5s)
[12.067s] -- Build files have been written to: /home/rhobtor/PHD/test_j8_hayat/J8/build/path_manager_interfaces
[12.158s] Invoked command in '/home/rhobtor/PHD/test_j8_hayat/J8/build/path_manager_interfaces' returned '0': CMAKE_PREFIX_PATH=${CMAKE_PREFIX_PATH}:/home/rhobtor/PHD/ARGOJ8_IA/ARGOSJ8_IA_/install/ntrip_client:/home/rhobtor/PHD/ARGOJ8_IA/ARGOSJ8_IA_/install/j8_gui:/home/rhobtor/PHD/ARGOJ8_IA/ARGOSJ8_IA_/install/car:/home/rhobtor/PHD/ARGOJ8_IA/ARGOSJ8_IA_/install/android_ros2_server:/home/rhobtor/PHD/ARGOJ8_IA/ARGOSJ8_IA_/install/GUI_pkg:/opt/ros/humble /opt/st/stm32cubeclt_1.18.0/CMake/bin/cmake /home/rhobtor/PHD/test_j8_hayat/J8/src/path_manager/path_manager_interfaces -DCMAKE_INSTALL_PREFIX=/home/rhobtor/PHD/test_j8_hayat/J8/install/path_manager_interfaces
[12.159s] Invoking command in '/home/rhobtor/PHD/test_j8_hayat/J8/build/path_manager_interfaces': CMAKE_PREFIX_PATH=${CMAKE_PREFIX_PATH}:/home/rhobtor/PHD/ARGOJ8_IA/ARGOSJ8_IA_/install/ntrip_client:/home/rhobtor/PHD/ARGOJ8_IA/ARGOSJ8_IA_/install/j8_gui:/home/rhobtor/PHD/ARGOJ8_IA/ARGOSJ8_IA_/install/car:/home/rhobtor/PHD/ARGOJ8_IA/ARGOSJ8_IA_/install/android_ros2_server:/home/rhobtor/PHD/ARGOJ8_IA/ARGOSJ8_IA_/install/GUI_pkg:/opt/ros/humble /opt/st/stm32cubeclt_1.18.0/CMake/bin/cmake --build /home/rhobtor/PHD/test_j8_hayat/J8/build/path_manager_interfaces -- -j16 -l16
[22.807s] [  1%] [34m[1mGenerating C code for ROS interfaces[0m
[22.808s] [  2%] [34m[1mGenerating C++ code for ROS interfaces[0m
[22.808s] [  2%] Built target ament_cmake_python_copy_path_manager_interfaces
[22.808s] [  3%] [34m[1mGenerating Rust code for ROS interfaces[0m
[22.808s] running egg_info
[22.808s] creating path_manager_interfaces.egg-info
[22.809s] writing path_manager_interfaces.egg-info/PKG-INFO
[22.809s] writing dependency_links to path_manager_interfaces.egg-info/dependency_links.txt
[22.809s] writing top-level names to path_manager_interfaces.egg-info/top_level.txt
[22.809s] writing manifest file 'path_manager_interfaces.egg-info/SOURCES.txt'
[22.809s] reading manifest file 'path_manager_interfaces.egg-info/SOURCES.txt'
[22.809s] writing manifest file 'path_manager_interfaces.egg-info/SOURCES.txt'
[22.810s] [  3%] Built target ament_cmake_python_build_path_manager_interfaces_egg
[22.810s] [  3%] Built target path_manager_interfaces__rs
[23.999s] [  3%] Built target path_manager_interfaces__cpp
[24.038s] [  4%] [34m[1mGenerating C++ type support dispatch for ROS interfaces[0m
[24.038s] [  6%] [34m[1mGenerating C++ introspection for ROS interfaces[0m
[24.041s] [  5%] [34m[1mGenerating C++ type support for eProsima Fast-RTPS[0m
[24.688s] [  7%] [32mBuilding C object CMakeFiles/path_manager_interfaces__rosidl_generator_c.dir/rosidl_generator_c/path_manager_interfaces/srv/detail/write_path_to_file__functions.c.o[0m
[24.706s] [  9%] [32mBuilding C object CMakeFiles/path_manager_interfaces__rosidl_generator_c.dir/rosidl_generator_c/path_manager_interfaces/srv/detail/return_robot_path__functions.c.o[0m
[24.722s] [ 11%] [32mBuilding C object CMakeFiles/path_manager_interfaces__rosidl_generator_c.dir/rosidl_generator_c/path_manager_interfaces/srv/detail/read_path_from_file__functions.c.o[0m
[24.722s] [ 12%] [32mBuilding C object CMakeFiles/path_manager_interfaces__rosidl_generator_c.dir/rosidl_generator_c/path_manager_interfaces/srv/detail/robot_path__functions.c.o[0m
[24.722s] [ 12%] [32mBuilding C object CMakeFiles/path_manager_interfaces__rosidl_generator_c.dir/rosidl_generator_c/path_manager_interfaces/srv/detail/get_ll_path__functions.c.o[0m
[24.726s] [ 13%] [32mBuilding C object CMakeFiles/path_manager_interfaces__rosidl_generator_c.dir/rosidl_generator_c/path_manager_interfaces/srv/detail/get_fix_frame_path__functions.c.o[0m
[24.742s] [ 14%] [32mBuilding C object CMakeFiles/path_manager_interfaces__rosidl_generator_c.dir/rosidl_generator_c/path_manager_interfaces/srv/detail/plan_path__functions.c.o[0m
[24.742s] [ 15%] [32mBuilding C object CMakeFiles/path_manager_interfaces__rosidl_generator_c.dir/rosidl_generator_c/path_manager_interfaces/srv/detail/assist_emergency__functions.c.o[0m
[25.467s] [ 17%] [32m[1mLinking C shared library libpath_manager_interfaces__rosidl_generator_c.so[0m
[25.697s] [ 17%] Built target path_manager_interfaces__rosidl_generator_c
[25.756s] [ 18%] [34m[1mGenerating C type support dispatch for ROS interfaces[0m
[25.771s] [ 19%] [34m[1mGenerating C type support for eProsima Fast-RTPS[0m
[25.775s] [ 20%] [34m[1mGenerating C introspection for ROS interfaces[0m
[30.119s] [ 21%] [32mBuilding CXX object CMakeFiles/path_manager_interfaces__rosidl_typesupport_cpp.dir/rosidl_typesupport_cpp/path_manager_interfaces/srv/write_path_to_file__type_support.cpp.o[0m
[30.912s] [ 22%] [32mBuilding CXX object CMakeFiles/path_manager_interfaces__rosidl_typesupport_c.dir/rosidl_typesupport_c/path_manager_interfaces/srv/write_path_to_file__type_support.cpp.o[0m
[31.093s] [ 23%] [32mBuilding CXX object CMakeFiles/path_manager_interfaces__rosidl_typesupport_c.dir/rosidl_typesupport_c/path_manager_interfaces/srv/robot_path__type_support.cpp.o[0m
[31.275s] [ 25%] [32mBuilding CXX object CMakeFiles/path_manager_interfaces__rosidl_typesupport_c.dir/rosidl_typesupport_c/path_manager_interfaces/srv/get_fix_frame_path__type_support.cpp.o[0m
[31.329s] [ 26%] [32mBuilding CXX object CMakeFiles/path_manager_interfaces__rosidl_typesupport_fastrtps_cpp.dir/rosidl_typesupport_fastrtps_cpp/path_manager_interfaces/srv/detail/dds_fastrtps/write_path_to_file__type_support.cpp.o[0m
[31.452s] [ 27%] [32mBuilding CXX object CMakeFiles/path_manager_interfaces__rosidl_typesupport_c.dir/rosidl_typesupport_c/path_manager_interfaces/srv/get_ll_path__type_support.cpp.o[0m
[31.667s] [ 28%] [32mBuilding CXX object CMakeFiles/path_manager_interfaces__rosidl_typesupport_c.dir/rosidl_typesupport_c/path_manager_interfaces/srv/return_robot_path__type_support.cpp.o[0m
[31.840s] [ 29%] [32mBuilding CXX object CMakeFiles/path_manager_interfaces__rosidl_typesupport_c.dir/rosidl_typesupport_c/path_manager_interfaces/srv/read_path_from_file__type_support.cpp.o[0m
[31.903s] [ 30%] [32mBuilding CXX object CMakeFiles/path_manager_interfaces__rosidl_typesupport_introspection_cpp.dir/rosidl_typesupport_introspection_cpp/path_manager_interfaces/srv/detail/write_path_to_file__type_support.cpp.o[0m
[31.997s] [ 31%] [32mBuilding CXX object CMakeFiles/path_manager_interfaces__rosidl_typesupport_c.dir/rosidl_typesupport_c/path_manager_interfaces/srv/plan_path__type_support.cpp.o[0m
[32.102s] [ 32%] [32mBuilding CXX object CMakeFiles/path_manager_interfaces__rosidl_typesupport_c.dir/rosidl_typesupport_c/path_manager_interfaces/srv/assist_emergency__type_support.cpp.o[0m
[32.142s] [ 34%] [32mBuilding CXX object CMakeFiles/path_manager_interfaces__rosidl_typesupport_cpp.dir/rosidl_typesupport_cpp/path_manager_interfaces/srv/assist_emergency__type_support.cpp.o[0m
[32.272s] [ 35%] [32m[1mLinking CXX shared library libpath_manager_interfaces__rosidl_typesupport_c.so[0m
[32.511s] [ 35%] Built target path_manager_interfaces__rosidl_typesupport_c
[32.880s] [ 36%] [32mBuilding C object CMakeFiles/path_manager_interfaces__rosidl_typesupport_introspection_c.dir/rosidl_typesupport_introspection_c/path_manager_interfaces/srv/detail/write_path_to_file__type_support.c.o[0m
[32.985s] [ 37%] [32mBuilding C object CMakeFiles/path_manager_interfaces__rosidl_typesupport_introspection_c.dir/rosidl_typesupport_introspection_c/path_manager_interfaces/srv/detail/read_path_from_file__type_support.c.o[0m
[33.154s] [ 38%] [32mBuilding C object CMakeFiles/path_manager_interfaces__rosidl_typesupport_introspection_c.dir/rosidl_typesupport_introspection_c/path_manager_interfaces/srv/detail/return_robot_path__type_support.c.o[0m
[33.364s] [ 39%] [32mBuilding CXX object CMakeFiles/path_manager_interfaces__rosidl_typesupport_fastrtps_c.dir/rosidl_typesupport_fastrtps_c/path_manager_interfaces/srv/detail/write_path_to_file__type_support_c.cpp.o[0m
[33.366s] [ 40%] [32mBuilding C object CMakeFiles/path_manager_interfaces__rosidl_typesupport_introspection_c.dir/rosidl_typesupport_introspection_c/path_manager_interfaces/srv/detail/robot_path__type_support.c.o[0m
[33.409s] [ 42%] [32mBuilding CXX object CMakeFiles/path_manager_interfaces__rosidl_typesupport_cpp.dir/rosidl_typesupport_cpp/path_manager_interfaces/srv/plan_path__type_support.cpp.o[0m
[33.597s] [ 43%] [32mBuilding C object CMakeFiles/path_manager_interfaces__rosidl_typesupport_introspection_c.dir/rosidl_typesupport_introspection_c/path_manager_interfaces/srv/detail/get_fix_frame_path__type_support.c.o[0m
[33.712s] [ 44%] [32mBuilding C object CMakeFiles/path_manager_interfaces__rosidl_typesupport_introspection_c.dir/rosidl_typesupport_introspection_c/path_manager_interfaces/srv/detail/get_ll_path__type_support.c.o[0m
[33.812s] [ 45%] [32mBuilding C object CMakeFiles/path_manager_interfaces__rosidl_typesupport_introspection_c.dir/rosidl_typesupport_introspection_c/path_manager_interfaces/srv/detail/plan_path__type_support.c.o[0m
[33.931s] [ 46%] [32mBuilding C object CMakeFiles/path_manager_interfaces__rosidl_typesupport_introspection_c.dir/rosidl_typesupport_introspection_c/path_manager_interfaces/srv/detail/assist_emergency__type_support.c.o[0m
[34.069s] [ 47%] [32mBuilding CXX object CMakeFiles/path_manager_interfaces__rosidl_typesupport_introspection_cpp.dir/rosidl_typesupport_introspection_cpp/path_manager_interfaces/srv/detail/read_path_from_file__type_support.cpp.o[0m
[34.080s] [ 48%] [32m[1mLinking C shared library libpath_manager_interfaces__rosidl_typesupport_introspection_c.so[0m
[34.212s] [ 48%] Built target path_manager_interfaces__rosidl_typesupport_introspection_c
[34.720s] [ 50%] [32mBuilding CXX object CMakeFiles/path_manager_interfaces__rosidl_typesupport_fastrtps_cpp.dir/rosidl_typesupport_fastrtps_cpp/path_manager_interfaces/srv/detail/dds_fastrtps/plan_path__type_support.cpp.o[0m
[35.149s] [ 51%] [32mBuilding CXX object CMakeFiles/path_manager_interfaces__rosidl_typesupport_fastrtps_c.dir/rosidl_typesupport_fastrtps_c/path_manager_interfaces/srv/detail/return_robot_path__type_support_c.cpp.o[0m
[35.274s] [ 52%] [32mBuilding CXX object CMakeFiles/path_manager_interfaces__rosidl_typesupport_cpp.dir/rosidl_typesupport_cpp/path_manager_interfaces/srv/get_ll_path__type_support.cpp.o[0m
[36.019s] [ 53%] [32mBuilding CXX object CMakeFiles/path_manager_interfaces__rosidl_typesupport_introspection_cpp.dir/rosidl_typesupport_introspection_cpp/path_manager_interfaces/srv/detail/return_robot_path__type_support.cpp.o[0m
[36.297s] [ 54%] [32mBuilding CXX object CMakeFiles/path_manager_interfaces__rosidl_typesupport_fastrtps_cpp.dir/rosidl_typesupport_fastrtps_cpp/path_manager_interfaces/srv/detail/dds_fastrtps/assist_emergency__type_support.cpp.o[0m
[36.742s] [ 55%] [32mBuilding CXX object CMakeFiles/path_manager_interfaces__rosidl_typesupport_fastrtps_c.dir/rosidl_typesupport_fastrtps_c/path_manager_interfaces/srv/detail/robot_path__type_support_c.cpp.o[0m
[37.129s] [ 56%] [32mBuilding CXX object CMakeFiles/path_manager_interfaces__rosidl_typesupport_cpp.dir/rosidl_typesupport_cpp/path_manager_interfaces/srv/get_fix_frame_path__type_support.cpp.o[0m
[38.082s] [ 57%] [32mBuilding CXX object CMakeFiles/path_manager_interfaces__rosidl_typesupport_cpp.dir/rosidl_typesupport_cpp/path_manager_interfaces/srv/robot_path__type_support.cpp.o[0m
[38.280s] [ 59%] [32mBuilding CXX object CMakeFiles/path_manager_interfaces__rosidl_typesupport_fastrtps_c.dir/rosidl_typesupport_fastrtps_c/path_manager_interfaces/srv/detail/read_path_from_file__type_support_c.cpp.o[0m
[38.333s] [ 60%] [32mBuilding CXX object CMakeFiles/path_manager_interfaces__rosidl_typesupport_introspection_cpp.dir/rosidl_typesupport_introspection_cpp/path_manager_interfaces/srv/detail/assist_emergency__type_support.cpp.o[0m
[38.383s] [ 61%] [32mBuilding CXX object CMakeFiles/path_manager_interfaces__rosidl_typesupport_fastrtps_cpp.dir/rosidl_typesupport_fastrtps_cpp/path_manager_interfaces/srv/detail/dds_fastrtps/get_ll_path__type_support.cpp.o[0m
[38.898s] [ 62%] [32mBuilding CXX object CMakeFiles/path_manager_interfaces__rosidl_typesupport_cpp.dir/rosidl_typesupport_cpp/path_manager_interfaces/srv/return_robot_path__type_support.cpp.o[0m
[39.505s] [ 63%] [32mBuilding CXX object CMakeFiles/path_manager_interfaces__rosidl_typesupport_fastrtps_c.dir/rosidl_typesupport_fastrtps_c/path_manager_interfaces/srv/detail/plan_path__type_support_c.cpp.o[0m
[39.798s] [ 64%] [32mBuilding CXX object CMakeFiles/path_manager_interfaces__rosidl_typesupport_introspection_cpp.dir/rosidl_typesupport_introspection_cpp/path_manager_interfaces/srv/detail/plan_path__type_support.cpp.o[0m
[40.106s] [ 65%] [32mBuilding CXX object CMakeFiles/path_manager_interfaces__rosidl_typesupport_cpp.dir/rosidl_typesupport_cpp/path_manager_interfaces/srv/read_path_from_file__type_support.cpp.o[0m
[40.276s] [ 67%] [32mBuilding CXX object CMakeFiles/path_manager_interfaces__rosidl_typesupport_fastrtps_cpp.dir/rosidl_typesupport_fastrtps_cpp/path_manager_interfaces/srv/detail/dds_fastrtps/get_fix_frame_path__type_support.cpp.o[0m
[40.704s] [ 68%] [32mBuilding CXX object CMakeFiles/path_manager_interfaces__rosidl_typesupport_fastrtps_c.dir/rosidl_typesupport_fastrtps_c/path_manager_interfaces/srv/detail/assist_emergency__type_support_c.cpp.o[0m
[41.278s] [ 69%] [32m[1mLinking CXX shared library libpath_manager_interfaces__rosidl_typesupport_cpp.so[0m
[41.378s] [ 69%] Built target path_manager_interfaces__rosidl_typesupport_cpp
[41.612s] [ 70%] [32mBuilding CXX object CMakeFiles/path_manager_interfaces__rosidl_typesupport_introspection_cpp.dir/rosidl_typesupport_introspection_cpp/path_manager_interfaces/srv/detail/get_ll_path__type_support.cpp.o[0m
[41.967s] [ 71%] [32mBuilding CXX object CMakeFiles/path_manager_interfaces__rosidl_typesupport_fastrtps_cpp.dir/rosidl_typesupport_fastrtps_cpp/path_manager_interfaces/srv/detail/dds_fastrtps/robot_path__type_support.cpp.o[0m
[42.074s] [ 72%] [32mBuilding CXX object CMakeFiles/path_manager_interfaces__rosidl_typesupport_fastrtps_c.dir/rosidl_typesupport_fastrtps_c/path_manager_interfaces/srv/detail/get_ll_path__type_support_c.cpp.o[0m
[43.141s] [ 73%] [32mBuilding CXX object CMakeFiles/path_manager_interfaces__rosidl_typesupport_introspection_cpp.dir/rosidl_typesupport_introspection_cpp/path_manager_interfaces/srv/detail/get_fix_frame_path__type_support.cpp.o[0m
[43.538s] [ 75%] [32mBuilding CXX object CMakeFiles/path_manager_interfaces__rosidl_typesupport_fastrtps_c.dir/rosidl_typesupport_fastrtps_c/path_manager_interfaces/srv/detail/get_fix_frame_path__type_support_c.cpp.o[0m
[43.548s] [ 76%] [32mBuilding CXX object CMakeFiles/path_manager_interfaces__rosidl_typesupport_fastrtps_cpp.dir/rosidl_typesupport_fastrtps_cpp/path_manager_interfaces/srv/detail/dds_fastrtps/return_robot_path__type_support.cpp.o[0m
[44.473s] [ 77%] [32mBuilding CXX object CMakeFiles/path_manager_interfaces__rosidl_typesupport_introspection_cpp.dir/rosidl_typesupport_introspection_cpp/path_manager_interfaces/srv/detail/robot_path__type_support.cpp.o[0m
[44.530s] [ 78%] [32m[1mLinking CXX shared library libpath_manager_interfaces__rosidl_typesupport_fastrtps_c.so[0m
[44.787s] [ 78%] Built target path_manager_interfaces__rosidl_typesupport_fastrtps_c
[45.082s] [ 79%] [32mBuilding CXX object CMakeFiles/path_manager_interfaces__rosidl_typesupport_fastrtps_cpp.dir/rosidl_typesupport_fastrtps_cpp/path_manager_interfaces/srv/detail/dds_fastrtps/read_path_from_file__type_support.cpp.o[0m
[45.631s] [ 80%] [32m[1mLinking CXX shared library libpath_manager_interfaces__rosidl_typesupport_introspection_cpp.so[0m
[45.797s] [ 80%] Built target path_manager_interfaces__rosidl_typesupport_introspection_cpp
[46.361s] [ 81%] [32m[1mLinking CXX shared library libpath_manager_interfaces__rosidl_typesupport_fastrtps_cpp.so[0m
[46.561s] [ 81%] Built target path_manager_interfaces__rosidl_typesupport_fastrtps_cpp
[46.594s] [ 81%] Built target path_manager_interfaces
[46.630s] [ 82%] [34m[1mGenerating Python code for ROS interfaces[0m
[51.044s] [ 82%] Built target path_manager_interfaces__py
[51.076s] [ 84%] [32mBuilding C object CMakeFiles/path_manager_interfaces__rosidl_generator_py.dir/rosidl_generator_py/path_manager_interfaces/srv/_write_path_to_file_s.c.o[0m
[51.378s] [ 85%] [32mBuilding C object CMakeFiles/path_manager_interfaces__rosidl_generator_py.dir/rosidl_generator_py/path_manager_interfaces/srv/_assist_emergency_s.c.o[0m
[51.645s] [ 86%] [32mBuilding C object CMakeFiles/path_manager_interfaces__rosidl_generator_py.dir/rosidl_generator_py/path_manager_interfaces/srv/_plan_path_s.c.o[0m
[51.933s] [ 87%] [32mBuilding C object CMakeFiles/path_manager_interfaces__rosidl_generator_py.dir/rosidl_generator_py/path_manager_interfaces/srv/_get_ll_path_s.c.o[0m
[52.131s] [ 88%] [32mBuilding C object CMakeFiles/path_manager_interfaces__rosidl_generator_py.dir/rosidl_generator_py/path_manager_interfaces/srv/_get_fix_frame_path_s.c.o[0m
[52.437s] [ 89%] [32mBuilding C object CMakeFiles/path_manager_interfaces__rosidl_generator_py.dir/rosidl_generator_py/path_manager_interfaces/srv/_robot_path_s.c.o[0m
[52.744s] [ 90%] [32mBuilding C object CMakeFiles/path_manager_interfaces__rosidl_generator_py.dir/rosidl_generator_py/path_manager_interfaces/srv/_return_robot_path_s.c.o[0m
[53.045s] [ 92%] [32mBuilding C object CMakeFiles/path_manager_interfaces__rosidl_generator_py.dir/rosidl_generator_py/path_manager_interfaces/srv/_read_path_from_file_s.c.o[0m
[53.289s] [ 93%] [32m[1mLinking C shared library rosidl_generator_py/path_manager_interfaces/libpath_manager_interfaces__rosidl_generator_py.so[0m
[53.378s] [ 93%] Built target path_manager_interfaces__rosidl_generator_py
[53.406s] [ 94%] [32mBuilding C object CMakeFiles/path_manager_interfaces__rosidl_typesupport_fastrtps_c__pyext.dir/rosidl_generator_py/path_manager_interfaces/_path_manager_interfaces_s.ep.rosidl_typesupport_fastrtps_c.c.o[0m
[53.811s] [ 95%] [32m[1mLinking C shared library rosidl_generator_py/path_manager_interfaces/path_manager_interfaces_s__rosidl_typesupport_fastrtps_c.cpython-310-x86_64-linux-gnu.so[0m
[53.893s] [ 95%] Built target path_manager_interfaces__rosidl_typesupport_fastrtps_c__pyext
[53.914s] [ 96%] [32mBuilding C object CMakeFiles/path_manager_interfaces__rosidl_typesupport_c__pyext.dir/rosidl_generator_py/path_manager_interfaces/_path_manager_interfaces_s.ep.rosidl_typesupport_c.c.o[0m
[54.238s] [ 97%] [32m[1mLinking C shared library rosidl_generator_py/path_manager_interfaces/path_manager_interfaces_s__rosidl_typesupport_c.cpython-310-x86_64-linux-gnu.so[0m
[54.302s] [ 97%] Built target path_manager_interfaces__rosidl_typesupport_c__pyext
[54.327s] [ 98%] [32mBuilding C object CMakeFiles/path_manager_interfaces__rosidl_typesupport_introspection_c__pyext.dir/rosidl_generator_py/path_manager_interfaces/_path_manager_interfaces_s.ep.rosidl_typesupport_introspection_c.c.o[0m
[54.754s] [100%] [32m[1mLinking C shared library rosidl_generator_py/path_manager_interfaces/path_manager_interfaces_s__rosidl_typesupport_introspection_c.cpython-310-x86_64-linux-gnu.so[0m
[54.855s] [100%] Built target path_manager_interfaces__rosidl_typesupport_introspection_c__pyext
[54.874s] Invoked command in '/home/rhobtor/PHD/test_j8_hayat/J8/build/path_manager_interfaces' returned '0': CMAKE_PREFIX_PATH=${CMAKE_PREFIX_PATH}:/home/rhobtor/PHD/ARGOJ8_IA/ARGOSJ8_IA_/install/ntrip_client:/home/rhobtor/PHD/ARGOJ8_IA/ARGOSJ8_IA_/install/j8_gui:/home/rhobtor/PHD/ARGOJ8_IA/ARGOSJ8_IA_/install/car:/home/rhobtor/PHD/ARGOJ8_IA/ARGOSJ8_IA_/install/android_ros2_server:/home/rhobtor/PHD/ARGOJ8_IA/ARGOSJ8_IA_/install/GUI_pkg:/opt/ros/humble /opt/st/stm32cubeclt_1.18.0/CMake/bin/cmake --build /home/rhobtor/PHD/test_j8_hayat/J8/build/path_manager_interfaces -- -j16 -l16
[54.882s] Invoking command in '/home/rhobtor/PHD/test_j8_hayat/J8/build/path_manager_interfaces': CMAKE_PREFIX_PATH=${CMAKE_PREFIX_PATH}:/home/rhobtor/PHD/ARGOJ8_IA/ARGOSJ8_IA_/install/ntrip_client:/home/rhobtor/PHD/ARGOJ8_IA/ARGOSJ8_IA_/install/j8_gui:/home/rhobtor/PHD/ARGOJ8_IA/ARGOSJ8_IA_/install/car:/home/rhobtor/PHD/ARGOJ8_IA/ARGOSJ8_IA_/install/android_ros2_server:/home/rhobtor/PHD/ARGOJ8_IA/ARGOSJ8_IA_/install/GUI_pkg:/opt/ros/humble /opt/st/stm32cubeclt_1.18.0/CMake/bin/cmake --install /home/rhobtor/PHD/test_j8_hayat/J8/build/path_manager_interfaces
[56.040s] -- Install configuration: ""
[56.041s] -- Installing: /home/rhobtor/PHD/test_j8_hayat/J8/install/path_manager_interfaces/share/ament_index/resource_index/rosidl_interfaces/path_manager_interfaces
[56.043s] -- Installing: /home/rhobtor/PHD/test_j8_hayat/J8/install/path_manager_interfaces/include/path_manager_interfaces/path_manager_interfaces
[56.045s] -- Installing: /home/rhobtor/PHD/test_j8_hayat/J8/install/path_manager_interfaces/include/path_manager_interfaces/path_manager_interfaces/srv
[56.045s] -- Installing: /home/rhobtor/PHD/test_j8_hayat/J8/install/path_manager_interfaces/include/path_manager_interfaces/path_manager_interfaces/srv/plan_path.h
[56.045s] -- Installing: /home/rhobtor/PHD/test_j8_hayat/J8/install/path_manager_interfaces/include/path_manager_interfaces/path_manager_interfaces/srv/assist_emergency.h
[56.045s] -- Installing: /home/rhobtor/PHD/test_j8_hayat/J8/install/path_manager_interfaces/include/path_manager_interfaces/path_manager_interfaces/srv/robot_path.h
[56.045s] -- Installing: /home/rhobtor/PHD/test_j8_hayat/J8/install/path_manager_interfaces/include/path_manager_interfaces/path_manager_interfaces/srv/return_robot_path.h
[56.046s] -- Installing: /home/rhobtor/PHD/test_j8_hayat/J8/install/path_manager_interfaces/include/path_manager_interfaces/path_manager_interfaces/srv/get_ll_path.h
[56.046s] -- Installing: /home/rhobtor/PHD/test_j8_hayat/J8/install/path_manager_interfaces/include/path_manager_interfaces/path_manager_interfaces/srv/detail
[56.046s] -- Installing: /home/rhobtor/PHD/test_j8_hayat/J8/install/path_manager_interfaces/include/path_manager_interfaces/path_manager_interfaces/srv/detail/robot_path__functions.h
[56.046s] -- Installing: /home/rhobtor/PHD/test_j8_hayat/J8/install/path_manager_interfaces/include/path_manager_interfaces/path_manager_interfaces/srv/detail/read_path_from_file__functions.c
[56.046s] -- Installing: /home/rhobtor/PHD/test_j8_hayat/J8/install/path_manager_interfaces/include/path_manager_interfaces/path_manager_interfaces/srv/detail/return_robot_path__type_support.h
[56.046s] -- Installing: /home/rhobtor/PHD/test_j8_hayat/J8/install/path_manager_interfaces/include/path_manager_interfaces/path_manager_interfaces/srv/detail/write_path_to_file__functions.h
[56.047s] -- Installing: /home/rhobtor/PHD/test_j8_hayat/J8/install/path_manager_interfaces/include/path_manager_interfaces/path_manager_interfaces/srv/detail/plan_path__functions.c
[56.047s] -- Installing: /home/rhobtor/PHD/test_j8_hayat/J8/install/path_manager_interfaces/include/path_manager_interfaces/path_manager_interfaces/srv/detail/return_robot_path__struct.h
[56.047s] -- Installing: /home/rhobtor/PHD/test_j8_hayat/J8/install/path_manager_interfaces/include/path_manager_interfaces/path_manager_interfaces/srv/detail/get_fix_frame_path__functions.c
[56.047s] -- Installing: /home/rhobtor/PHD/test_j8_hayat/J8/install/path_manager_interfaces/include/path_manager_interfaces/path_manager_interfaces/srv/detail/assist_emergency__struct.h
[56.047s] -- Installing: /home/rhobtor/PHD/test_j8_hayat/J8/install/path_manager_interfaces/include/path_manager_interfaces/path_manager_interfaces/srv/detail/plan_path__type_support.h
[56.047s] -- Installing: /home/rhobtor/PHD/test_j8_hayat/J8/install/path_manager_interfaces/include/path_manager_interfaces/path_manager_interfaces/srv/detail/assist_emergency__functions.c
[56.048s] -- Installing: /home/rhobtor/PHD/test_j8_hayat/J8/install/path_manager_interfaces/include/path_manager_interfaces/path_manager_interfaces/srv/detail/read_path_from_file__type_support.h
[56.048s] -- Installing: /home/rhobtor/PHD/test_j8_hayat/J8/install/path_manager_interfaces/include/path_manager_interfaces/path_manager_interfaces/srv/detail/get_ll_path__functions.h
[56.048s] -- Installing: /home/rhobtor/PHD/test_j8_hayat/J8/install/path_manager_interfaces/include/path_manager_interfaces/path_manager_interfaces/srv/detail/get_ll_path__type_support.h
[56.048s] -- Installing: /home/rhobtor/PHD/test_j8_hayat/J8/install/path_manager_interfaces/include/path_manager_interfaces/path_manager_interfaces/srv/detail/assist_emergency__type_support.h
[56.050s] -- Installing: /home/rhobtor/PHD/test_j8_hayat/J8/install/path_manager_interfaces/include/path_manager_interfaces/path_manager_interfaces/srv/detail/write_path_to_file__functions.c
[56.050s] -- Installing: /home/rhobtor/PHD/test_j8_hayat/J8/install/path_manager_interfaces/include/path_manager_interfaces/path_manager_interfaces/srv/detail/robot_path__functions.c
[56.050s] -- Installing: /home/rhobtor/PHD/test_j8_hayat/J8/install/path_manager_interfaces/include/path_manager_interfaces/path_manager_interfaces/srv/detail/robot_path__type_support.h
[56.050s] -- Installing: /home/rhobtor/PHD/test_j8_hayat/J8/install/path_manager_interfaces/include/path_manager_interfaces/path_manager_interfaces/srv/detail/return_robot_path__functions.h
[56.050s] -- Installing: /home/rhobtor/PHD/test_j8_hayat/J8/install/path_manager_interfaces/include/path_manager_interfaces/path_manager_interfaces/srv/detail/get_fix_frame_path__functions.h
[56.050s] -- Installing: /home/rhobtor/PHD/test_j8_hayat/J8/install/path_manager_interfaces/include/path_manager_interfaces/path_manager_interfaces/srv/detail/read_path_from_file__struct.h
[56.050s] -- Installing: /home/rhobtor/PHD/test_j8_hayat/J8/install/path_manager_interfaces/include/path_manager_interfaces/path_manager_interfaces/srv/detail/plan_path__struct.h
[56.051s] -- Installing: /home/rhobtor/PHD/test_j8_hayat/J8/install/path_manager_interfaces/include/path_manager_interfaces/path_manager_interfaces/srv/detail/assist_emergency__functions.h
[56.051s] -- Installing: /home/rhobtor/PHD/test_j8_hayat/J8/install/path_manager_interfaces/include/path_manager_interfaces/path_manager_interfaces/srv/detail/write_path_to_file__struct.h
[56.051s] -- Installing: /home/rhobtor/PHD/test_j8_hayat/J8/install/path_manager_interfaces/include/path_manager_interfaces/path_manager_interfaces/srv/detail/get_fix_frame_path__struct.h
[56.051s] -- Installing: /home/rhobtor/PHD/test_j8_hayat/J8/install/path_manager_interfaces/include/path_manager_interfaces/path_manager_interfaces/srv/detail/get_ll_path__functions.c
[56.051s] -- Installing: /home/rhobtor/PHD/test_j8_hayat/J8/install/path_manager_interfaces/include/path_manager_interfaces/path_manager_interfaces/srv/detail/write_path_to_file__type_support.h
[56.052s] -- Installing: /home/rhobtor/PHD/test_j8_hayat/J8/install/path_manager_interfaces/include/path_manager_interfaces/path_manager_interfaces/srv/detail/return_robot_path__functions.c
[56.053s] -- Installing: /home/rhobtor/PHD/test_j8_hayat/J8/install/path_manager_interfaces/include/path_manager_interfaces/path_manager_interfaces/srv/detail/get_ll_path__struct.h
[56.053s] -- Installing: /home/rhobtor/PHD/test_j8_hayat/J8/install/path_manager_interfaces/include/path_manager_interfaces/path_manager_interfaces/srv/detail/robot_path__struct.h
[56.053s] -- Installing: /home/rhobtor/PHD/test_j8_hayat/J8/install/path_manager_interfaces/include/path_manager_interfaces/path_manager_interfaces/srv/detail/read_path_from_file__functions.h
[56.053s] -- Installing: /home/rhobtor/PHD/test_j8_hayat/J8/install/path_manager_interfaces/include/path_manager_interfaces/path_manager_interfaces/srv/detail/plan_path__functions.h
[56.053s] -- Installing: /home/rhobtor/PHD/test_j8_hayat/J8/install/path_manager_interfaces/include/path_manager_interfaces/path_manager_interfaces/srv/detail/get_fix_frame_path__type_support.h
[56.054s] -- Installing: /home/rhobtor/PHD/test_j8_hayat/J8/install/path_manager_interfaces/include/path_manager_interfaces/path_manager_interfaces/srv/get_fix_frame_path.h
[56.054s] -- Installing: /home/rhobtor/PHD/test_j8_hayat/J8/install/path_manager_interfaces/include/path_manager_interfaces/path_manager_interfaces/srv/write_path_to_file.h
[56.054s] -- Installing: /home/rhobtor/PHD/test_j8_hayat/J8/install/path_manager_interfaces/include/path_manager_interfaces/path_manager_interfaces/srv/read_path_from_file.h
[56.054s] -- Installing: /home/rhobtor/PHD/test_j8_hayat/J8/install/path_manager_interfaces/include/path_manager_interfaces/path_manager_interfaces/msg
[56.054s] -- Installing: /home/rhobtor/PHD/test_j8_hayat/J8/install/path_manager_interfaces/include/path_manager_interfaces/path_manager_interfaces/msg/rosidl_generator_c__visibility_control.h
[56.055s] -- Installing: /home/rhobtor/PHD/test_j8_hayat/J8/install/path_manager_interfaces/share/path_manager_interfaces/environment/library_path.sh
[56.055s] -- Installing: /home/rhobtor/PHD/test_j8_hayat/J8/install/path_manager_interfaces/share/path_manager_interfaces/environment/library_path.dsv
[56.055s] -- Installing: /home/rhobtor/PHD/test_j8_hayat/J8/install/path_manager_interfaces/lib/libpath_manager_interfaces__rosidl_generator_c.so
[56.055s] -- Set non-toolchain portion of runtime path of "/home/rhobtor/PHD/test_j8_hayat/J8/install/path_manager_interfaces/lib/libpath_manager_interfaces__rosidl_generator_c.so" to ""
[56.055s] -- Up-to-date: /home/rhobtor/PHD/test_j8_hayat/J8/install/path_manager_interfaces/include/path_manager_interfaces/path_manager_interfaces
[56.055s] -- Up-to-date: /home/rhobtor/PHD/test_j8_hayat/J8/install/path_manager_interfaces/include/path_manager_interfaces/path_manager_interfaces/srv
[56.056s] -- Up-to-date: /home/rhobtor/PHD/test_j8_hayat/J8/install/path_manager_interfaces/include/path_manager_interfaces/path_manager_interfaces/srv/detail
[56.056s] -- Installing: /home/rhobtor/PHD/test_j8_hayat/J8/install/path_manager_interfaces/include/path_manager_interfaces/path_manager_interfaces/srv/detail/get_fix_frame_path__rosidl_typesupport_fastrtps_c.h
[56.056s] -- Installing: /home/rhobtor/PHD/test_j8_hayat/J8/install/path_manager_interfaces/include/path_manager_interfaces/path_manager_interfaces/srv/detail/get_ll_path__rosidl_typesupport_fastrtps_c.h
[56.056s] -- Installing: /home/rhobtor/PHD/test_j8_hayat/J8/install/path_manager_interfaces/include/path_manager_interfaces/path_manager_interfaces/srv/detail/assist_emergency__rosidl_typesupport_fastrtps_c.h
[56.057s] -- Installing: /home/rhobtor/PHD/test_j8_hayat/J8/install/path_manager_interfaces/include/path_manager_interfaces/path_manager_interfaces/srv/detail/write_path_to_file__rosidl_typesupport_fastrtps_c.h
[56.057s] -- Installing: /home/rhobtor/PHD/test_j8_hayat/J8/install/path_manager_interfaces/include/path_manager_interfaces/path_manager_interfaces/srv/detail/return_robot_path__rosidl_typesupport_fastrtps_c.h
[56.057s] -- Installing: /home/rhobtor/PHD/test_j8_hayat/J8/install/path_manager_interfaces/include/path_manager_interfaces/path_manager_interfaces/srv/detail/robot_path__rosidl_typesupport_fastrtps_c.h
[56.057s] -- Installing: /home/rhobtor/PHD/test_j8_hayat/J8/install/path_manager_interfaces/include/path_manager_interfaces/path_manager_interfaces/srv/detail/plan_path__rosidl_typesupport_fastrtps_c.h
[56.057s] -- Installing: /home/rhobtor/PHD/test_j8_hayat/J8/install/path_manager_interfaces/include/path_manager_interfaces/path_manager_interfaces/srv/detail/read_path_from_file__rosidl_typesupport_fastrtps_c.h
[56.057s] -- Up-to-date: /home/rhobtor/PHD/test_j8_hayat/J8/install/path_manager_interfaces/include/path_manager_interfaces/path_manager_interfaces/msg
[56.058s] -- Installing: /home/rhobtor/PHD/test_j8_hayat/J8/install/path_manager_interfaces/include/path_manager_interfaces/path_manager_interfaces/msg/rosidl_typesupport_fastrtps_c__visibility_control.h
[56.058s] -- Installing: /home/rhobtor/PHD/test_j8_hayat/J8/install/path_manager_interfaces/lib/libpath_manager_interfaces__rosidl_typesupport_fastrtps_c.so
[56.058s] -- Set non-toolchain portion of runtime path of "/home/rhobtor/PHD/test_j8_hayat/J8/install/path_manager_interfaces/lib/libpath_manager_interfaces__rosidl_typesupport_fastrtps_c.so" to ""
[56.058s] -- Up-to-date: /home/rhobtor/PHD/test_j8_hayat/J8/install/path_manager_interfaces/include/path_manager_interfaces/path_manager_interfaces
[56.058s] -- Up-to-date: /home/rhobtor/PHD/test_j8_hayat/J8/install/path_manager_interfaces/include/path_manager_interfaces/path_manager_interfaces/srv
[56.058s] -- Up-to-date: /home/rhobtor/PHD/test_j8_hayat/J8/install/path_manager_interfaces/include/path_manager_interfaces/path_manager_interfaces/srv/detail
[56.059s] -- Installing: /home/rhobtor/PHD/test_j8_hayat/J8/install/path_manager_interfaces/include/path_manager_interfaces/path_manager_interfaces/srv/detail/robot_path__rosidl_typesupport_introspection_c.h
[56.059s] -- Installing: /home/rhobtor/PHD/test_j8_hayat/J8/install/path_manager_interfaces/include/path_manager_interfaces/path_manager_interfaces/srv/detail/get_ll_path__type_support.c
[56.059s] -- Installing: /home/rhobtor/PHD/test_j8_hayat/J8/install/path_manager_interfaces/include/path_manager_interfaces/path_manager_interfaces/srv/detail/assist_emergency__rosidl_typesupport_introspection_c.h
[56.059s] -- Installing: /home/rhobtor/PHD/test_j8_hayat/J8/install/path_manager_interfaces/include/path_manager_interfaces/path_manager_interfaces/srv/detail/write_path_to_file__type_support.c
[56.059s] -- Installing: /home/rhobtor/PHD/test_j8_hayat/J8/install/path_manager_interfaces/include/path_manager_interfaces/path_manager_interfaces/srv/detail/read_path_from_file__type_support.c
[56.059s] -- Installing: /home/rhobtor/PHD/test_j8_hayat/J8/install/path_manager_interfaces/include/path_manager_interfaces/path_manager_interfaces/srv/detail/read_path_from_file__rosidl_typesupport_introspection_c.h
[56.060s] -- Installing: /home/rhobtor/PHD/test_j8_hayat/J8/install/path_manager_interfaces/include/path_manager_interfaces/path_manager_interfaces/srv/detail/return_robot_path__rosidl_typesupport_introspection_c.h
[56.060s] -- Installing: /home/rhobtor/PHD/test_j8_hayat/J8/install/path_manager_interfaces/include/path_manager_interfaces/path_manager_interfaces/srv/detail/get_fix_frame_path__rosidl_typesupport_introspection_c.h
[56.060s] -- Installing: /home/rhobtor/PHD/test_j8_hayat/J8/install/path_manager_interfaces/include/path_manager_interfaces/path_manager_interfaces/srv/detail/plan_path__rosidl_typesupport_introspection_c.h
[56.060s] -- Installing: /home/rhobtor/PHD/test_j8_hayat/J8/install/path_manager_interfaces/include/path_manager_interfaces/path_manager_interfaces/srv/detail/return_robot_path__type_support.c
[56.061s] -- Installing: /home/rhobtor/PHD/test_j8_hayat/J8/install/path_manager_interfaces/include/path_manager_interfaces/path_manager_interfaces/srv/detail/write_path_to_file__rosidl_typesupport_introspection_c.h
[56.061s] -- Installing: /home/rhobtor/PHD/test_j8_hayat/J8/install/path_manager_interfaces/include/path_manager_interfaces/path_manager_interfaces/srv/detail/get_ll_path__rosidl_typesupport_introspection_c.h
[56.061s] -- Installing: /home/rhobtor/PHD/test_j8_hayat/J8/install/path_manager_interfaces/include/path_manager_interfaces/path_manager_interfaces/srv/detail/robot_path__type_support.c
[56.061s] -- Installing: /home/rhobtor/PHD/test_j8_hayat/J8/install/path_manager_interfaces/include/path_manager_interfaces/path_manager_interfaces/srv/detail/plan_path__type_support.c
[56.062s] -- Installing: /home/rhobtor/PHD/test_j8_hayat/J8/install/path_manager_interfaces/include/path_manager_interfaces/path_manager_interfaces/srv/detail/get_fix_frame_path__type_support.c
[56.062s] -- Installing: /home/rhobtor/PHD/test_j8_hayat/J8/install/path_manager_interfaces/include/path_manager_interfaces/path_manager_interfaces/srv/detail/assist_emergency__type_support.c
[56.062s] -- Up-to-date: /home/rhobtor/PHD/test_j8_hayat/J8/install/path_manager_interfaces/include/path_manager_interfaces/path_manager_interfaces/msg
[56.062s] -- Installing: /home/rhobtor/PHD/test_j8_hayat/J8/install/path_manager_interfaces/include/path_manager_interfaces/path_manager_interfaces/msg/rosidl_typesupport_introspection_c__visibility_control.h
[56.062s] -- Installing: /home/rhobtor/PHD/test_j8_hayat/J8/install/path_manager_interfaces/lib/libpath_manager_interfaces__rosidl_typesupport_introspection_c.so
[56.063s] -- Set non-toolchain portion of runtime path of "/home/rhobtor/PHD/test_j8_hayat/J8/install/path_manager_interfaces/lib/libpath_manager_interfaces__rosidl_typesupport_introspection_c.so" to ""
[56.063s] -- Installing: /home/rhobtor/PHD/test_j8_hayat/J8/install/path_manager_interfaces/lib/libpath_manager_interfaces__rosidl_typesupport_c.so
[56.063s] -- Set non-toolchain portion of runtime path of "/home/rhobtor/PHD/test_j8_hayat/J8/install/path_manager_interfaces/lib/libpath_manager_interfaces__rosidl_typesupport_c.so" to ""
[56.064s] -- Up-to-date: /home/rhobtor/PHD/test_j8_hayat/J8/install/path_manager_interfaces/include/path_manager_interfaces/path_manager_interfaces
[56.064s] -- Up-to-date: /home/rhobtor/PHD/test_j8_hayat/J8/install/path_manager_interfaces/include/path_manager_interfaces/path_manager_interfaces/srv
[56.064s] -- Installing: /home/rhobtor/PHD/test_j8_hayat/J8/install/path_manager_interfaces/include/path_manager_interfaces/path_manager_interfaces/srv/robot_path.hpp
[56.064s] -- Installing: /home/rhobtor/PHD/test_j8_hayat/J8/install/path_manager_interfaces/include/path_manager_interfaces/path_manager_interfaces/srv/get_fix_frame_path.hpp
[56.064s] -- Installing: /home/rhobtor/PHD/test_j8_hayat/J8/install/path_manager_interfaces/include/path_manager_interfaces/path_manager_interfaces/srv/write_path_to_file.hpp
[56.065s] -- Up-to-date: /home/rhobtor/PHD/test_j8_hayat/J8/install/path_manager_interfaces/include/path_manager_interfaces/path_manager_interfaces/srv/detail
[56.065s] -- Installing: /home/rhobtor/PHD/test_j8_hayat/J8/install/path_manager_interfaces/include/path_manager_interfaces/path_manager_interfaces/srv/detail/read_path_from_file__type_support.hpp
[56.065s] -- Installing: /home/rhobtor/PHD/test_j8_hayat/J8/install/path_manager_interfaces/include/path_manager_interfaces/path_manager_interfaces/srv/detail/write_path_to_file__type_support.hpp
[56.065s] -- Installing: /home/rhobtor/PHD/test_j8_hayat/J8/install/path_manager_interfaces/include/path_manager_interfaces/path_manager_interfaces/srv/detail/return_robot_path__builder.hpp
[56.065s] -- Installing: /home/rhobtor/PHD/test_j8_hayat/J8/install/path_manager_interfaces/include/path_manager_interfaces/path_manager_interfaces/srv/detail/robot_path__type_support.hpp
[56.066s] -- Installing: /home/rhobtor/PHD/test_j8_hayat/J8/install/path_manager_interfaces/include/path_manager_interfaces/path_manager_interfaces/srv/detail/robot_path__struct.hpp
[56.066s] -- Installing: /home/rhobtor/PHD/test_j8_hayat/J8/install/path_manager_interfaces/include/path_manager_interfaces/path_manager_interfaces/srv/detail/write_path_to_file__builder.hpp
[56.066s] -- Installing: /home/rhobtor/PHD/test_j8_hayat/J8/install/path_manager_interfaces/include/path_manager_interfaces/path_manager_interfaces/srv/detail/get_ll_path__builder.hpp
[56.066s] -- Installing: /home/rhobtor/PHD/test_j8_hayat/J8/install/path_manager_interfaces/include/path_manager_interfaces/path_manager_interfaces/srv/detail/return_robot_path__traits.hpp
[56.067s] -- Installing: /home/rhobtor/PHD/test_j8_hayat/J8/install/path_manager_interfaces/include/path_manager_interfaces/path_manager_interfaces/srv/detail/read_path_from_file__struct.hpp
[56.067s] -- Installing: /home/rhobtor/PHD/test_j8_hayat/J8/install/path_manager_interfaces/include/path_manager_interfaces/path_manager_interfaces/srv/detail/plan_path__struct.hpp
[56.067s] -- Installing: /home/rhobtor/PHD/test_j8_hayat/J8/install/path_manager_interfaces/include/path_manager_interfaces/path_manager_interfaces/srv/detail/return_robot_path__type_support.hpp
[56.067s] -- Installing: /home/rhobtor/PHD/test_j8_hayat/J8/install/path_manager_interfaces/include/path_manager_interfaces/path_manager_interfaces/srv/detail/get_ll_path__struct.hpp
[56.067s] -- Installing: /home/rhobtor/PHD/test_j8_hayat/J8/install/path_manager_interfaces/include/path_manager_interfaces/path_manager_interfaces/srv/detail/get_fix_frame_path__type_support.hpp
[56.070s] -- Installing: /home/rhobtor/PHD/test_j8_hayat/J8/install/path_manager_interfaces/include/path_manager_interfaces/path_manager_interfaces/srv/detail/write_path_to_file__traits.hpp
[56.070s] -- Installing: /home/rhobtor/PHD/test_j8_hayat/J8/install/path_manager_interfaces/include/path_manager_interfaces/path_manager_interfaces/srv/detail/plan_path__builder.hpp
[56.070s] -- Installing: /home/rhobtor/PHD/test_j8_hayat/J8/install/path_manager_interfaces/include/path_manager_interfaces/path_manager_interfaces/srv/detail/get_fix_frame_path__struct.hpp
[56.070s] -- Installing: /home/rhobtor/PHD/test_j8_hayat/J8/install/path_manager_interfaces/include/path_manager_interfaces/path_manager_interfaces/srv/detail/assist_emergency__type_support.hpp
[56.070s] -- Installing: /home/rhobtor/PHD/test_j8_hayat/J8/install/path_manager_interfaces/include/path_manager_interfaces/path_manager_interfaces/srv/detail/get_ll_path__type_support.hpp
[56.071s] -- Installing: /home/rhobtor/PHD/test_j8_hayat/J8/install/path_manager_interfaces/include/path_manager_interfaces/path_manager_interfaces/srv/detail/return_robot_path__struct.hpp
[56.071s] -- Installing: /home/rhobtor/PHD/test_j8_hayat/J8/install/path_manager_interfaces/include/path_manager_interfaces/path_manager_interfaces/srv/detail/plan_path__traits.hpp
[56.071s] -- Installing: /home/rhobtor/PHD/test_j8_hayat/J8/install/path_manager_interfaces/include/path_manager_interfaces/path_manager_interfaces/srv/detail/get_fix_frame_path__builder.hpp
[56.071s] -- Installing: /home/rhobtor/PHD/test_j8_hayat/J8/install/path_manager_interfaces/include/path_manager_interfaces/path_manager_interfaces/srv/detail/plan_path__type_support.hpp
[56.071s] -- Installing: /home/rhobtor/PHD/test_j8_hayat/J8/install/path_manager_interfaces/include/path_manager_interfaces/path_manager_interfaces/srv/detail/assist_emergency__builder.hpp
[56.071s] -- Installing: /home/rhobtor/PHD/test_j8_hayat/J8/install/path_manager_interfaces/include/path_manager_interfaces/path_manager_interfaces/srv/detail/get_fix_frame_path__traits.hpp
[56.071s] -- Installing: /home/rhobtor/PHD/test_j8_hayat/J8/install/path_manager_interfaces/include/path_manager_interfaces/path_manager_interfaces/srv/detail/read_path_from_file__builder.hpp
[56.072s] -- Installing: /home/rhobtor/PHD/test_j8_hayat/J8/install/path_manager_interfaces/include/path_manager_interfaces/path_manager_interfaces/srv/detail/assist_emergency__struct.hpp
[56.072s] -- Installing: /home/rhobtor/PHD/test_j8_hayat/J8/install/path_manager_interfaces/include/path_manager_interfaces/path_manager_interfaces/srv/detail/assist_emergency__traits.hpp
[56.072s] -- Installing: /home/rhobtor/PHD/test_j8_hayat/J8/install/path_manager_interfaces/include/path_manager_interfaces/path_manager_interfaces/srv/detail/robot_path__traits.hpp
[56.072s] -- Installing: /home/rhobtor/PHD/test_j8_hayat/J8/install/path_manager_interfaces/include/path_manager_interfaces/path_manager_interfaces/srv/detail/write_path_to_file__struct.hpp
[56.072s] -- Installing: /home/rhobtor/PHD/test_j8_hayat/J8/install/path_manager_interfaces/include/path_manager_interfaces/path_manager_interfaces/srv/detail/robot_path__builder.hpp
[56.073s] -- Installing: /home/rhobtor/PHD/test_j8_hayat/J8/install/path_manager_interfaces/include/path_manager_interfaces/path_manager_interfaces/srv/detail/read_path_from_file__traits.hpp
[56.073s] -- Installing: /home/rhobtor/PHD/test_j8_hayat/J8/install/path_manager_interfaces/include/path_manager_interfaces/path_manager_interfaces/srv/detail/get_ll_path__traits.hpp
[56.073s] -- Installing: /home/rhobtor/PHD/test_j8_hayat/J8/install/path_manager_interfaces/include/path_manager_interfaces/path_manager_interfaces/srv/return_robot_path.hpp
[56.073s] -- Installing: /home/rhobtor/PHD/test_j8_hayat/J8/install/path_manager_interfaces/include/path_manager_interfaces/path_manager_interfaces/srv/plan_path.hpp
[56.073s] -- Installing: /home/rhobtor/PHD/test_j8_hayat/J8/install/path_manager_interfaces/include/path_manager_interfaces/path_manager_interfaces/srv/read_path_from_file.hpp
[56.074s] -- Installing: /home/rhobtor/PHD/test_j8_hayat/J8/install/path_manager_interfaces/include/path_manager_interfaces/path_manager_interfaces/srv/assist_emergency.hpp
[56.074s] -- Installing: /home/rhobtor/PHD/test_j8_hayat/J8/install/path_manager_interfaces/include/path_manager_interfaces/path_manager_interfaces/srv/get_ll_path.hpp
[56.074s] -- Up-to-date: /home/rhobtor/PHD/test_j8_hayat/J8/install/path_manager_interfaces/include/path_manager_interfaces/path_manager_interfaces/msg
[56.074s] -- Installing: /home/rhobtor/PHD/test_j8_hayat/J8/install/path_manager_interfaces/include/path_manager_interfaces/path_manager_interfaces/msg/rosidl_generator_cpp__visibility_control.hpp
[56.074s] -- Up-to-date: /home/rhobtor/PHD/test_j8_hayat/J8/install/path_manager_interfaces/include/path_manager_interfaces/path_manager_interfaces
[56.074s] -- Up-to-date: /home/rhobtor/PHD/test_j8_hayat/J8/install/path_manager_interfaces/include/path_manager_interfaces/path_manager_interfaces/srv
[56.075s] -- Up-to-date: /home/rhobtor/PHD/test_j8_hayat/J8/install/path_manager_interfaces/include/path_manager_interfaces/path_manager_interfaces/srv/detail
[56.075s] -- Installing: /home/rhobtor/PHD/test_j8_hayat/J8/install/path_manager_interfaces/include/path_manager_interfaces/path_manager_interfaces/srv/detail/robot_path__rosidl_typesupport_fastrtps_cpp.hpp
[56.075s] -- Installing: /home/rhobtor/PHD/test_j8_hayat/J8/install/path_manager_interfaces/include/path_manager_interfaces/path_manager_interfaces/srv/detail/plan_path__rosidl_typesupport_fastrtps_cpp.hpp
[56.075s] -- Installing: /home/rhobtor/PHD/test_j8_hayat/J8/install/path_manager_interfaces/include/path_manager_interfaces/path_manager_interfaces/srv/detail/write_path_to_file__rosidl_typesupport_fastrtps_cpp.hpp
[56.076s] -- Installing: /home/rhobtor/PHD/test_j8_hayat/J8/install/path_manager_interfaces/include/path_manager_interfaces/path_manager_interfaces/srv/detail/return_robot_path__rosidl_typesupport_fastrtps_cpp.hpp
[56.076s] -- Installing: /home/rhobtor/PHD/test_j8_hayat/J8/install/path_manager_interfaces/include/path_manager_interfaces/path_manager_interfaces/srv/detail/get_fix_frame_path__rosidl_typesupport_fastrtps_cpp.hpp
[56.076s] -- Installing: /home/rhobtor/PHD/test_j8_hayat/J8/install/path_manager_interfaces/include/path_manager_interfaces/path_manager_interfaces/srv/detail/get_ll_path__rosidl_typesupport_fastrtps_cpp.hpp
[56.076s] -- Installing: /home/rhobtor/PHD/test_j8_hayat/J8/install/path_manager_interfaces/include/path_manager_interfaces/path_manager_interfaces/srv/detail/dds_fastrtps
[56.076s] -- Installing: /home/rhobtor/PHD/test_j8_hayat/J8/install/path_manager_interfaces/include/path_manager_interfaces/path_manager_interfaces/srv/detail/read_path_from_file__rosidl_typesupport_fastrtps_cpp.hpp
[56.077s] -- Installing: /home/rhobtor/PHD/test_j8_hayat/J8/install/path_manager_interfaces/include/path_manager_interfaces/path_manager_interfaces/srv/detail/assist_emergency__rosidl_typesupport_fastrtps_cpp.hpp
[56.077s] -- Up-to-date: /home/rhobtor/PHD/test_j8_hayat/J8/install/path_manager_interfaces/include/path_manager_interfaces/path_manager_interfaces/msg
[56.077s] -- Installing: /home/rhobtor/PHD/test_j8_hayat/J8/install/path_manager_interfaces/include/path_manager_interfaces/path_manager_interfaces/msg/rosidl_typesupport_fastrtps_cpp__visibility_control.h
[56.077s] -- Installing: /home/rhobtor/PHD/test_j8_hayat/J8/install/path_manager_interfaces/lib/libpath_manager_interfaces__rosidl_typesupport_fastrtps_cpp.so
[56.077s] -- Set non-toolchain portion of runtime path of "/home/rhobtor/PHD/test_j8_hayat/J8/install/path_manager_interfaces/lib/libpath_manager_interfaces__rosidl_typesupport_fastrtps_cpp.so" to ""
[56.077s] -- Up-to-date: /home/rhobtor/PHD/test_j8_hayat/J8/install/path_manager_interfaces/include/path_manager_interfaces/path_manager_interfaces
[56.078s] -- Up-to-date: /home/rhobtor/PHD/test_j8_hayat/J8/install/path_manager_interfaces/include/path_manager_interfaces/path_manager_interfaces/srv
[56.078s] -- Up-to-date: /home/rhobtor/PHD/test_j8_hayat/J8/install/path_manager_interfaces/include/path_manager_interfaces/path_manager_interfaces/srv/detail
[56.078s] -- Installing: /home/rhobtor/PHD/test_j8_hayat/J8/install/path_manager_interfaces/include/path_manager_interfaces/path_manager_interfaces/srv/detail/robot_path__rosidl_typesupport_introspection_cpp.hpp
[56.078s] -- Installing: /home/rhobtor/PHD/test_j8_hayat/J8/install/path_manager_interfaces/include/path_manager_interfaces/path_manager_interfaces/srv/detail/get_fix_frame_path__type_support.cpp
[56.079s] -- Installing: /home/rhobtor/PHD/test_j8_hayat/J8/install/path_manager_interfaces/include/path_manager_interfaces/path_manager_interfaces/srv/detail/get_fix_frame_path__rosidl_typesupport_introspection_cpp.hpp
[56.079s] -- Installing: /home/rhobtor/PHD/test_j8_hayat/J8/install/path_manager_interfaces/include/path_manager_interfaces/path_manager_interfaces/srv/detail/assist_emergency__type_support.cpp
[56.079s] -- Installing: /home/rhobtor/PHD/test_j8_hayat/J8/install/path_manager_interfaces/include/path_manager_interfaces/path_manager_interfaces/srv/detail/plan_path__type_support.cpp
[56.079s] -- Installing: /home/rhobtor/PHD/test_j8_hayat/J8/install/path_manager_interfaces/include/path_manager_interfaces/path_manager_interfaces/srv/detail/get_ll_path__type_support.cpp
[56.080s] -- Installing: /home/rhobtor/PHD/test_j8_hayat/J8/install/path_manager_interfaces/include/path_manager_interfaces/path_manager_interfaces/srv/detail/write_path_to_file__rosidl_typesupport_introspection_cpp.hpp
[56.080s] -- Installing: /home/rhobtor/PHD/test_j8_hayat/J8/install/path_manager_interfaces/include/path_manager_interfaces/path_manager_interfaces/srv/detail/return_robot_path__rosidl_typesupport_introspection_cpp.hpp
[56.080s] -- Installing: /home/rhobtor/PHD/test_j8_hayat/J8/install/path_manager_interfaces/include/path_manager_interfaces/path_manager_interfaces/srv/detail/read_path_from_file__rosidl_typesupport_introspection_cpp.hpp
[56.080s] -- Installing: /home/rhobtor/PHD/test_j8_hayat/J8/install/path_manager_interfaces/include/path_manager_interfaces/path_manager_interfaces/srv/detail/robot_path__type_support.cpp
[56.080s] -- Installing: /home/rhobtor/PHD/test_j8_hayat/J8/install/path_manager_interfaces/include/path_manager_interfaces/path_manager_interfaces/srv/detail/return_robot_path__type_support.cpp
[56.080s] -- Installing: /home/rhobtor/PHD/test_j8_hayat/J8/install/path_manager_interfaces/include/path_manager_interfaces/path_manager_interfaces/srv/detail/assist_emergency__rosidl_typesupport_introspection_cpp.hpp
[56.080s] -- Installing: /home/rhobtor/PHD/test_j8_hayat/J8/install/path_manager_interfaces/include/path_manager_interfaces/path_manager_interfaces/srv/detail/read_path_from_file__type_support.cpp
[56.081s] -- Installing: /home/rhobtor/PHD/test_j8_hayat/J8/install/path_manager_interfaces/include/path_manager_interfaces/path_manager_interfaces/srv/detail/write_path_to_file__type_support.cpp
[56.081s] -- Installing: /home/rhobtor/PHD/test_j8_hayat/J8/install/path_manager_interfaces/include/path_manager_interfaces/path_manager_interfaces/srv/detail/plan_path__rosidl_typesupport_introspection_cpp.hpp
[56.081s] -- Installing: /home/rhobtor/PHD/test_j8_hayat/J8/install/path_manager_interfaces/include/path_manager_interfaces/path_manager_interfaces/srv/detail/get_ll_path__rosidl_typesupport_introspection_cpp.hpp
[56.081s] -- Installing: /home/rhobtor/PHD/test_j8_hayat/J8/install/path_manager_interfaces/lib/libpath_manager_interfaces__rosidl_typesupport_introspection_cpp.so
[56.082s] -- Set non-toolchain portion of runtime path of "/home/rhobtor/PHD/test_j8_hayat/J8/install/path_manager_interfaces/lib/libpath_manager_interfaces__rosidl_typesupport_introspection_cpp.so" to ""
[56.082s] -- Installing: /home/rhobtor/PHD/test_j8_hayat/J8/install/path_manager_interfaces/lib/libpath_manager_interfaces__rosidl_typesupport_cpp.so
[56.082s] -- Set non-toolchain portion of runtime path of "/home/rhobtor/PHD/test_j8_hayat/J8/install/path_manager_interfaces/lib/libpath_manager_interfaces__rosidl_typesupport_cpp.so" to ""
[56.082s] -- Installing: /home/rhobtor/PHD/test_j8_hayat/J8/install/path_manager_interfaces/share/path_manager_interfaces/environment/pythonpath.sh
[56.082s] -- Installing: /home/rhobtor/PHD/test_j8_hayat/J8/install/path_manager_interfaces/share/path_manager_interfaces/environment/pythonpath.dsv
[56.082s] -- Installing: /home/rhobtor/PHD/test_j8_hayat/J8/install/path_manager_interfaces/local/lib/python3.10/dist-packages/path_manager_interfaces-0.0.0-py3.10.egg-info
[56.083s] -- Installing: /home/rhobtor/PHD/test_j8_hayat/J8/install/path_manager_interfaces/local/lib/python3.10/dist-packages/path_manager_interfaces-0.0.0-py3.10.egg-info/top_level.txt
[56.083s] -- Installing: /home/rhobtor/PHD/test_j8_hayat/J8/install/path_manager_interfaces/local/lib/python3.10/dist-packages/path_manager_interfaces-0.0.0-py3.10.egg-info/SOURCES.txt
[56.083s] -- Installing: /home/rhobtor/PHD/test_j8_hayat/J8/install/path_manager_interfaces/local/lib/python3.10/dist-packages/path_manager_interfaces-0.0.0-py3.10.egg-info/PKG-INFO
[56.083s] -- Installing: /home/rhobtor/PHD/test_j8_hayat/J8/install/path_manager_interfaces/local/lib/python3.10/dist-packages/path_manager_interfaces-0.0.0-py3.10.egg-info/dependency_links.txt
[56.083s] -- Installing: /home/rhobtor/PHD/test_j8_hayat/J8/install/path_manager_interfaces/local/lib/python3.10/dist-packages/path_manager_interfaces
[56.083s] -- Installing: /home/rhobtor/PHD/test_j8_hayat/J8/install/path_manager_interfaces/local/lib/python3.10/dist-packages/path_manager_interfaces/path_manager_interfaces_s__rosidl_typesupport_fastrtps_c.cpython-310-x86_64-linux-gnu.so
[56.084s] -- Installing: /home/rhobtor/PHD/test_j8_hayat/J8/install/path_manager_interfaces/local/lib/python3.10/dist-packages/path_manager_interfaces/srv
[56.084s] -- Installing: /home/rhobtor/PHD/test_j8_hayat/J8/install/path_manager_interfaces/local/lib/python3.10/dist-packages/path_manager_interfaces/srv/_get_ll_path.py
[56.084s] -- Installing: /home/rhobtor/PHD/test_j8_hayat/J8/install/path_manager_interfaces/local/lib/python3.10/dist-packages/path_manager_interfaces/srv/_read_path_from_file.py
[56.084s] -- Installing: /home/rhobtor/PHD/test_j8_hayat/J8/install/path_manager_interfaces/local/lib/python3.10/dist-packages/path_manager_interfaces/srv/_read_path_from_file_s.c
[56.084s] -- Installing: /home/rhobtor/PHD/test_j8_hayat/J8/install/path_manager_interfaces/local/lib/python3.10/dist-packages/path_manager_interfaces/srv/_get_ll_path_s.c
[56.084s] -- Installing: /home/rhobtor/PHD/test_j8_hayat/J8/install/path_manager_interfaces/local/lib/python3.10/dist-packages/path_manager_interfaces/srv/_return_robot_path_s.c
[56.084s] -- Installing: /home/rhobtor/PHD/test_j8_hayat/J8/install/path_manager_interfaces/local/lib/python3.10/dist-packages/path_manager_interfaces/srv/_robot_path_s.c
[56.085s] -- Installing: /home/rhobtor/PHD/test_j8_hayat/J8/install/path_manager_interfaces/local/lib/python3.10/dist-packages/path_manager_interfaces/srv/_write_path_to_file.py
[56.085s] -- Installing: /home/rhobtor/PHD/test_j8_hayat/J8/install/path_manager_interfaces/local/lib/python3.10/dist-packages/path_manager_interfaces/srv/_robot_path.py
[56.085s] -- Installing: /home/rhobtor/PHD/test_j8_hayat/J8/install/path_manager_interfaces/local/lib/python3.10/dist-packages/path_manager_interfaces/srv/_plan_path.py
[56.085s] -- Installing: /home/rhobtor/PHD/test_j8_hayat/J8/install/path_manager_interfaces/local/lib/python3.10/dist-packages/path_manager_interfaces/srv/_return_robot_path.py
[56.085s] -- Installing: /home/rhobtor/PHD/test_j8_hayat/J8/install/path_manager_interfaces/local/lib/python3.10/dist-packages/path_manager_interfaces/srv/_get_fix_frame_path_s.c
[56.085s] -- Installing: /home/rhobtor/PHD/test_j8_hayat/J8/install/path_manager_interfaces/local/lib/python3.10/dist-packages/path_manager_interfaces/srv/__init__.py
[56.086s] -- Installing: /home/rhobtor/PHD/test_j8_hayat/J8/install/path_manager_interfaces/local/lib/python3.10/dist-packages/path_manager_interfaces/srv/_write_path_to_file_s.c
[56.086s] -- Installing: /home/rhobtor/PHD/test_j8_hayat/J8/install/path_manager_interfaces/local/lib/python3.10/dist-packages/path_manager_interfaces/srv/_plan_path_s.c
[56.086s] -- Installing: /home/rhobtor/PHD/test_j8_hayat/J8/install/path_manager_interfaces/local/lib/python3.10/dist-packages/path_manager_interfaces/srv/_assist_emergency_s.c
[56.086s] -- Installing: /home/rhobtor/PHD/test_j8_hayat/J8/install/path_manager_interfaces/local/lib/python3.10/dist-packages/path_manager_interfaces/srv/_get_fix_frame_path.py
[56.086s] -- Installing: /home/rhobtor/PHD/test_j8_hayat/J8/install/path_manager_interfaces/local/lib/python3.10/dist-packages/path_manager_interfaces/srv/_assist_emergency.py
[56.086s] -- Installing: /home/rhobtor/PHD/test_j8_hayat/J8/install/path_manager_interfaces/local/lib/python3.10/dist-packages/path_manager_interfaces/libpath_manager_interfaces__rosidl_generator_py.so
[56.087s] -- Installing: /home/rhobtor/PHD/test_j8_hayat/J8/install/path_manager_interfaces/local/lib/python3.10/dist-packages/path_manager_interfaces/path_manager_interfaces_s__rosidl_typesupport_introspection_c.cpython-310-x86_64-linux-gnu.so
[56.087s] -- Installing: /home/rhobtor/PHD/test_j8_hayat/J8/install/path_manager_interfaces/local/lib/python3.10/dist-packages/path_manager_interfaces/_path_manager_interfaces_s.ep.rosidl_typesupport_fastrtps_c.c
[56.087s] -- Installing: /home/rhobtor/PHD/test_j8_hayat/J8/install/path_manager_interfaces/local/lib/python3.10/dist-packages/path_manager_interfaces/_path_manager_interfaces_s.ep.rosidl_typesupport_introspection_c.c
[56.087s] -- Installing: /home/rhobtor/PHD/test_j8_hayat/J8/install/path_manager_interfaces/local/lib/python3.10/dist-packages/path_manager_interfaces/__init__.py
[56.087s] -- Installing: /home/rhobtor/PHD/test_j8_hayat/J8/install/path_manager_interfaces/local/lib/python3.10/dist-packages/path_manager_interfaces/path_manager_interfaces_s__rosidl_typesupport_c.cpython-310-x86_64-linux-gnu.so
[56.087s] -- Installing: /home/rhobtor/PHD/test_j8_hayat/J8/install/path_manager_interfaces/local/lib/python3.10/dist-packages/path_manager_interfaces/_path_manager_interfaces_s.ep.rosidl_typesupport_c.c
[56.200s] Listing '/home/rhobtor/PHD/test_j8_hayat/J8/install/path_manager_interfaces/local/lib/python3.10/dist-packages/path_manager_interfaces'...
[56.200s] Compiling '/home/rhobtor/PHD/test_j8_hayat/J8/install/path_manager_interfaces/local/lib/python3.10/dist-packages/path_manager_interfaces/__init__.py'...
[56.201s] Listing '/home/rhobtor/PHD/test_j8_hayat/J8/install/path_manager_interfaces/local/lib/python3.10/dist-packages/path_manager_interfaces/srv'...
[56.201s] Compiling '/home/rhobtor/PHD/test_j8_hayat/J8/install/path_manager_interfaces/local/lib/python3.10/dist-packages/path_manager_interfaces/srv/__init__.py'...
[56.201s] Compiling '/home/rhobtor/PHD/test_j8_hayat/J8/install/path_manager_interfaces/local/lib/python3.10/dist-packages/path_manager_interfaces/srv/_assist_emergency.py'...
[56.201s] Compiling '/home/rhobtor/PHD/test_j8_hayat/J8/install/path_manager_interfaces/local/lib/python3.10/dist-packages/path_manager_interfaces/srv/_get_fix_frame_path.py'...
[56.201s] Compiling '/home/rhobtor/PHD/test_j8_hayat/J8/install/path_manager_interfaces/local/lib/python3.10/dist-packages/path_manager_interfaces/srv/_get_ll_path.py'...
[56.201s] Compiling '/home/rhobtor/PHD/test_j8_hayat/J8/install/path_manager_interfaces/local/lib/python3.10/dist-packages/path_manager_interfaces/srv/_plan_path.py'...
[56.202s] Compiling '/home/rhobtor/PHD/test_j8_hayat/J8/install/path_manager_interfaces/local/lib/python3.10/dist-packages/path_manager_interfaces/srv/_read_path_from_file.py'...
[56.202s] Compiling '/home/rhobtor/PHD/test_j8_hayat/J8/install/path_manager_interfaces/local/lib/python3.10/dist-packages/path_manager_interfaces/srv/_return_robot_path.py'...
[56.202s] Compiling '/home/rhobtor/PHD/test_j8_hayat/J8/install/path_manager_interfaces/local/lib/python3.10/dist-packages/path_manager_interfaces/srv/_robot_path.py'...
[56.202s] Compiling '/home/rhobtor/PHD/test_j8_hayat/J8/install/path_manager_interfaces/local/lib/python3.10/dist-packages/path_manager_interfaces/srv/_write_path_to_file.py'...
[56.211s] -- Installing: /home/rhobtor/PHD/test_j8_hayat/J8/install/path_manager_interfaces/local/lib/python3.10/dist-packages/path_manager_interfaces/path_manager_interfaces_s__rosidl_typesupport_fastrtps_c.cpython-310-x86_64-linux-gnu.so
[56.212s] -- Set non-toolchain portion of runtime path of "/home/rhobtor/PHD/test_j8_hayat/J8/install/path_manager_interfaces/local/lib/python3.10/dist-packages/path_manager_interfaces/path_manager_interfaces_s__rosidl_typesupport_fastrtps_c.cpython-310-x86_64-linux-gnu.so" to ""
[56.212s] -- Installing: /home/rhobtor/PHD/test_j8_hayat/J8/install/path_manager_interfaces/local/lib/python3.10/dist-packages/path_manager_interfaces/path_manager_interfaces_s__rosidl_typesupport_introspection_c.cpython-310-x86_64-linux-gnu.so
[56.213s] -- Set non-toolchain portion of runtime path of "/home/rhobtor/PHD/test_j8_hayat/J8/install/path_manager_interfaces/local/lib/python3.10/dist-packages/path_manager_interfaces/path_manager_interfaces_s__rosidl_typesupport_introspection_c.cpython-310-x86_64-linux-gnu.so" to ""
[56.213s] -- Installing: /home/rhobtor/PHD/test_j8_hayat/J8/install/path_manager_interfaces/local/lib/python3.10/dist-packages/path_manager_interfaces/path_manager_interfaces_s__rosidl_typesupport_c.cpython-310-x86_64-linux-gnu.so
[56.214s] -- Set non-toolchain portion of runtime path of "/home/rhobtor/PHD/test_j8_hayat/J8/install/path_manager_interfaces/local/lib/python3.10/dist-packages/path_manager_interfaces/path_manager_interfaces_s__rosidl_typesupport_c.cpython-310-x86_64-linux-gnu.so" to ""
[56.214s] -- Installing: /home/rhobtor/PHD/test_j8_hayat/J8/install/path_manager_interfaces/lib/libpath_manager_interfaces__rosidl_generator_py.so
[56.217s] -- Set non-toolchain portion of runtime path of "/home/rhobtor/PHD/test_j8_hayat/J8/install/path_manager_interfaces/lib/libpath_manager_interfaces__rosidl_generator_py.so" to ""
[56.217s] -- Installing: /home/rhobtor/PHD/test_j8_hayat/J8/install/path_manager_interfaces/share/ament_index/resource_index/rust_packages/path_manager_interfaces
[56.217s] -- Installing: /home/rhobtor/PHD/test_j8_hayat/J8/install/path_manager_interfaces/share/path_manager_interfaces/rust
[56.218s] -- Installing: /home/rhobtor/PHD/test_j8_hayat/J8/install/path_manager_interfaces/share/path_manager_interfaces/rust/src
[56.218s] -- Installing: /home/rhobtor/PHD/test_j8_hayat/J8/install/path_manager_interfaces/share/path_manager_interfaces/rust/src/lib.rs
[56.218s] -- Installing: /home/rhobtor/PHD/test_j8_hayat/J8/install/path_manager_interfaces/share/path_manager_interfaces/rust/src/srv
[56.218s] -- Installing: /home/rhobtor/PHD/test_j8_hayat/J8/install/path_manager_interfaces/share/path_manager_interfaces/rust/src/srv/rmw.rs
[56.218s] -- Installing: /home/rhobtor/PHD/test_j8_hayat/J8/install/path_manager_interfaces/share/path_manager_interfaces/rust/src/srv.rs
[56.219s] -- Installing: /home/rhobtor/PHD/test_j8_hayat/J8/install/path_manager_interfaces/share/path_manager_interfaces/rust/Cargo.toml
[56.219s] -- Installing: /home/rhobtor/PHD/test_j8_hayat/J8/install/path_manager_interfaces/share/path_manager_interfaces/rust/build.rs
[56.220s] -- Installing: /home/rhobtor/PHD/test_j8_hayat/J8/install/path_manager_interfaces/share/path_manager_interfaces/srv/WritePathToFile.idl
[56.220s] -- Installing: /home/rhobtor/PHD/test_j8_hayat/J8/install/path_manager_interfaces/share/path_manager_interfaces/srv/ReadPathFromFile.idl
[56.220s] -- Installing: /home/rhobtor/PHD/test_j8_hayat/J8/install/path_manager_interfaces/share/path_manager_interfaces/srv/ReturnRobotPath.idl
[56.221s] -- Installing: /home/rhobtor/PHD/test_j8_hayat/J8/install/path_manager_interfaces/share/path_manager_interfaces/srv/RobotPath.idl
[56.221s] -- Installing: /home/rhobtor/PHD/test_j8_hayat/J8/install/path_manager_interfaces/share/path_manager_interfaces/srv/GetFixFramePath.idl
[56.221s] -- Installing: /home/rhobtor/PHD/test_j8_hayat/J8/install/path_manager_interfaces/share/path_manager_interfaces/srv/GetLLPath.idl
[56.221s] -- Installing: /home/rhobtor/PHD/test_j8_hayat/J8/install/path_manager_interfaces/share/path_manager_interfaces/srv/PlanPath.idl
[56.221s] -- Installing: /home/rhobtor/PHD/test_j8_hayat/J8/install/path_manager_interfaces/share/path_manager_interfaces/srv/AssistEmergency.idl
[56.221s] -- Installing: /home/rhobtor/PHD/test_j8_hayat/J8/install/path_manager_interfaces/share/path_manager_interfaces/srv/WritePathToFile.srv
[56.221s] -- Installing: /home/rhobtor/PHD/test_j8_hayat/J8/install/path_manager_interfaces/share/path_manager_interfaces/srv/WritePathToFile_Request.msg
[56.222s] -- Installing: /home/rhobtor/PHD/test_j8_hayat/J8/install/path_manager_interfaces/share/path_manager_interfaces/srv/WritePathToFile_Response.msg
[56.222s] -- Installing: /home/rhobtor/PHD/test_j8_hayat/J8/install/path_manager_interfaces/share/path_manager_interfaces/srv/ReadPathFromFile.srv
[56.222s] -- Installing: /home/rhobtor/PHD/test_j8_hayat/J8/install/path_manager_interfaces/share/path_manager_interfaces/srv/ReadPathFromFile_Request.msg
[56.222s] -- Installing: /home/rhobtor/PHD/test_j8_hayat/J8/install/path_manager_interfaces/share/path_manager_interfaces/srv/ReadPathFromFile_Response.msg
[56.222s] -- Installing: /home/rhobtor/PHD/test_j8_hayat/J8/install/path_manager_interfaces/share/path_manager_interfaces/srv/ReturnRobotPath.srv
[56.223s] -- Installing: /home/rhobtor/PHD/test_j8_hayat/J8/install/path_manager_interfaces/share/path_manager_interfaces/srv/ReturnRobotPath_Request.msg
[56.223s] -- Installing: /home/rhobtor/PHD/test_j8_hayat/J8/install/path_manager_interfaces/share/path_manager_interfaces/srv/ReturnRobotPath_Response.msg
[56.223s] -- Installing: /home/rhobtor/PHD/test_j8_hayat/J8/install/path_manager_interfaces/share/path_manager_interfaces/srv/RobotPath.srv
[56.223s] -- Installing: /home/rhobtor/PHD/test_j8_hayat/J8/install/path_manager_interfaces/share/path_manager_interfaces/srv/RobotPath_Request.msg
[56.223s] -- Installing: /home/rhobtor/PHD/test_j8_hayat/J8/install/path_manager_interfaces/share/path_manager_interfaces/srv/RobotPath_Response.msg
[56.223s] -- Installing: /home/rhobtor/PHD/test_j8_hayat/J8/install/path_manager_interfaces/share/path_manager_interfaces/srv/GetFixFramePath.srv
[56.223s] -- Installing: /home/rhobtor/PHD/test_j8_hayat/J8/install/path_manager_interfaces/share/path_manager_interfaces/srv/GetFixFramePath_Request.msg
[56.224s] -- Installing: /home/rhobtor/PHD/test_j8_hayat/J8/install/path_manager_interfaces/share/path_manager_interfaces/srv/GetFixFramePath_Response.msg
[56.225s] -- Installing: /home/rhobtor/PHD/test_j8_hayat/J8/install/path_manager_interfaces/share/path_manager_interfaces/srv/GetLLPath.srv
[56.225s] -- Installing: /home/rhobtor/PHD/test_j8_hayat/J8/install/path_manager_interfaces/share/path_manager_interfaces/srv/GetLLPath_Request.msg
[56.225s] -- Installing: /home/rhobtor/PHD/test_j8_hayat/J8/install/path_manager_interfaces/share/path_manager_interfaces/srv/GetLLPath_Response.msg
[56.225s] -- Installing: /home/rhobtor/PHD/test_j8_hayat/J8/install/path_manager_interfaces/share/path_manager_interfaces/srv/PlanPath.srv
[56.225s] -- Installing: /home/rhobtor/PHD/test_j8_hayat/J8/install/path_manager_interfaces/share/path_manager_interfaces/srv/PlanPath_Request.msg
[56.225s] -- Installing: /home/rhobtor/PHD/test_j8_hayat/J8/install/path_manager_interfaces/share/path_manager_interfaces/srv/PlanPath_Response.msg
[56.225s] -- Installing: /home/rhobtor/PHD/test_j8_hayat/J8/install/path_manager_interfaces/share/path_manager_interfaces/srv/AssistEmergency.srv
[56.226s] -- Installing: /home/rhobtor/PHD/test_j8_hayat/J8/install/path_manager_interfaces/share/path_manager_interfaces/srv/AssistEmergency_Request.msg
[56.226s] -- Installing: /home/rhobtor/PHD/test_j8_hayat/J8/install/path_manager_interfaces/share/path_manager_interfaces/srv/AssistEmergency_Response.msg
[56.226s] -- Installing: /home/rhobtor/PHD/test_j8_hayat/J8/install/path_manager_interfaces/share/ament_index/resource_index/package_run_dependencies/path_manager_interfaces
[56.226s] -- Installing: /home/rhobtor/PHD/test_j8_hayat/J8/install/path_manager_interfaces/share/ament_index/resource_index/parent_prefix_path/path_manager_interfaces
[56.226s] -- Installing: /home/rhobtor/PHD/test_j8_hayat/J8/install/path_manager_interfaces/share/path_manager_interfaces/environment/ament_prefix_path.sh
[56.227s] -- Installing: /home/rhobtor/PHD/test_j8_hayat/J8/install/path_manager_interfaces/share/path_manager_interfaces/environment/ament_prefix_path.dsv
[56.227s] -- Installing: /home/rhobtor/PHD/test_j8_hayat/J8/install/path_manager_interfaces/share/path_manager_interfaces/environment/path.sh
[56.227s] -- Installing: /home/rhobtor/PHD/test_j8_hayat/J8/install/path_manager_interfaces/share/path_manager_interfaces/environment/path.dsv
[56.227s] -- Installing: /home/rhobtor/PHD/test_j8_hayat/J8/install/path_manager_interfaces/share/path_manager_interfaces/local_setup.bash
[56.228s] -- Installing: /home/rhobtor/PHD/test_j8_hayat/J8/install/path_manager_interfaces/share/path_manager_interfaces/local_setup.sh
[56.228s] -- Installing: /home/rhobtor/PHD/test_j8_hayat/J8/install/path_manager_interfaces/share/path_manager_interfaces/local_setup.zsh
[56.228s] -- Installing: /home/rhobtor/PHD/test_j8_hayat/J8/install/path_manager_interfaces/share/path_manager_interfaces/local_setup.dsv
[56.229s] -- Installing: /home/rhobtor/PHD/test_j8_hayat/J8/install/path_manager_interfaces/share/path_manager_interfaces/package.dsv
[56.229s] -- Installing: /home/rhobtor/PHD/test_j8_hayat/J8/install/path_manager_interfaces/share/ament_index/resource_index/packages/path_manager_interfaces
[56.229s] -- Installing: /home/rhobtor/PHD/test_j8_hayat/J8/install/path_manager_interfaces/share/path_manager_interfaces/cmake/export_path_manager_interfaces__rosidl_generator_cExport.cmake
[56.230s] -- Installing: /home/rhobtor/PHD/test_j8_hayat/J8/install/path_manager_interfaces/share/path_manager_interfaces/cmake/export_path_manager_interfaces__rosidl_generator_cExport-noconfig.cmake
[56.230s] -- Installing: /home/rhobtor/PHD/test_j8_hayat/J8/install/path_manager_interfaces/share/path_manager_interfaces/cmake/export_path_manager_interfaces__rosidl_typesupport_fastrtps_cExport.cmake
[56.230s] -- Installing: /home/rhobtor/PHD/test_j8_hayat/J8/install/path_manager_interfaces/share/path_manager_interfaces/cmake/export_path_manager_interfaces__rosidl_typesupport_fastrtps_cExport-noconfig.cmake
[56.231s] -- Installing: /home/rhobtor/PHD/test_j8_hayat/J8/install/path_manager_interfaces/share/path_manager_interfaces/cmake/path_manager_interfaces__rosidl_typesupport_introspection_cExport.cmake
[56.231s] -- Installing: /home/rhobtor/PHD/test_j8_hayat/J8/install/path_manager_interfaces/share/path_manager_interfaces/cmake/path_manager_interfaces__rosidl_typesupport_introspection_cExport-noconfig.cmake
[56.231s] -- Installing: /home/rhobtor/PHD/test_j8_hayat/J8/install/path_manager_interfaces/share/path_manager_interfaces/cmake/path_manager_interfaces__rosidl_typesupport_cExport.cmake
[56.232s] -- Installing: /home/rhobtor/PHD/test_j8_hayat/J8/install/path_manager_interfaces/share/path_manager_interfaces/cmake/path_manager_interfaces__rosidl_typesupport_cExport-noconfig.cmake
[56.232s] -- Installing: /home/rhobtor/PHD/test_j8_hayat/J8/install/path_manager_interfaces/share/path_manager_interfaces/cmake/export_path_manager_interfaces__rosidl_generator_cppExport.cmake
[56.233s] -- Installing: /home/rhobtor/PHD/test_j8_hayat/J8/install/path_manager_interfaces/share/path_manager_interfaces/cmake/export_path_manager_interfaces__rosidl_typesupport_fastrtps_cppExport.cmake
[56.233s] -- Installing: /home/rhobtor/PHD/test_j8_hayat/J8/install/path_manager_interfaces/share/path_manager_interfaces/cmake/export_path_manager_interfaces__rosidl_typesupport_fastrtps_cppExport-noconfig.cmake
[56.233s] -- Installing: /home/rhobtor/PHD/test_j8_hayat/J8/install/path_manager_interfaces/share/path_manager_interfaces/cmake/path_manager_interfaces__rosidl_typesupport_introspection_cppExport.cmake
[56.234s] -- Installing: /home/rhobtor/PHD/test_j8_hayat/J8/install/path_manager_interfaces/share/path_manager_interfaces/cmake/path_manager_interfaces__rosidl_typesupport_introspection_cppExport-noconfig.cmake
[56.234s] -- Installing: /home/rhobtor/PHD/test_j8_hayat/J8/install/path_manager_interfaces/share/path_manager_interfaces/cmake/path_manager_interfaces__rosidl_typesupport_cppExport.cmake
[56.234s] -- Installing: /home/rhobtor/PHD/test_j8_hayat/J8/install/path_manager_interfaces/share/path_manager_interfaces/cmake/path_manager_interfaces__rosidl_typesupport_cppExport-noconfig.cmake
[56.235s] -- Installing: /home/rhobtor/PHD/test_j8_hayat/J8/install/path_manager_interfaces/share/path_manager_interfaces/cmake/export_path_manager_interfaces__rosidl_generator_pyExport.cmake
[56.235s] -- Installing: /home/rhobtor/PHD/test_j8_hayat/J8/install/path_manager_interfaces/share/path_manager_interfaces/cmake/export_path_manager_interfaces__rosidl_generator_pyExport-noconfig.cmake
[56.235s] -- Installing: /home/rhobtor/PHD/test_j8_hayat/J8/install/path_manager_interfaces/share/path_manager_interfaces/cmake/rosidl_cmake-extras.cmake
[56.236s] -- Installing: /home/rhobtor/PHD/test_j8_hayat/J8/install/path_manager_interfaces/share/path_manager_interfaces/cmake/ament_cmake_export_dependencies-extras.cmake
[56.236s] -- Installing: /home/rhobtor/PHD/test_j8_hayat/J8/install/path_manager_interfaces/share/path_manager_interfaces/cmake/ament_cmake_export_include_directories-extras.cmake
[56.236s] -- Installing: /home/rhobtor/PHD/test_j8_hayat/J8/install/path_manager_interfaces/share/path_manager_interfaces/cmake/ament_cmake_export_libraries-extras.cmake
[56.237s] -- Installing: /home/rhobtor/PHD/test_j8_hayat/J8/install/path_manager_interfaces/share/path_manager_interfaces/cmake/ament_cmake_export_targets-extras.cmake
[56.237s] -- Installing: /home/rhobtor/PHD/test_j8_hayat/J8/install/path_manager_interfaces/share/path_manager_interfaces/cmake/rosidl_cmake_export_typesupport_targets-extras.cmake
[56.237s] -- Installing: /home/rhobtor/PHD/test_j8_hayat/J8/install/path_manager_interfaces/share/path_manager_interfaces/cmake/rosidl_cmake_export_typesupport_libraries-extras.cmake
[56.238s] -- Installing: /home/rhobtor/PHD/test_j8_hayat/J8/install/path_manager_interfaces/share/path_manager_interfaces/cmake/path_manager_interfacesConfig.cmake
[56.238s] -- Installing: /home/rhobtor/PHD/test_j8_hayat/J8/install/path_manager_interfaces/share/path_manager_interfaces/cmake/path_manager_interfacesConfig-version.cmake
[56.238s] -- Installing: /home/rhobtor/PHD/test_j8_hayat/J8/install/path_manager_interfaces/share/path_manager_interfaces/package.xml
[56.251s] Invoked command in '/home/rhobtor/PHD/test_j8_hayat/J8/build/path_manager_interfaces' returned '0': CMAKE_PREFIX_PATH=${CMAKE_PREFIX_PATH}:/home/rhobtor/PHD/ARGOJ8_IA/ARGOSJ8_IA_/install/ntrip_client:/home/rhobtor/PHD/ARGOJ8_IA/ARGOSJ8_IA_/install/j8_gui:/home/rhobtor/PHD/ARGOJ8_IA/ARGOSJ8_IA_/install/car:/home/rhobtor/PHD/ARGOJ8_IA/ARGOSJ8_IA_/install/android_ros2_server:/home/rhobtor/PHD/ARGOJ8_IA/ARGOSJ8_IA_/install/GUI_pkg:/opt/ros/humble /opt/st/stm32cubeclt_1.18.0/CMake/bin/cmake --install /home/rhobtor/PHD/test_j8_hayat/J8/build/path_manager_interfaces
