[ 28%] Built target argj801_lcm
[100%] Built target ARGJ801_ctl_platform
-- Install configuration: ""
-- Up-to-date: /home/rhobtor/PHD/test_j8_hayat/J8/install/argj801_ctl_platform/lib/argj801_ctl_platform/ARGJ801_ctl_platform
-- Up-to-date: /home/rhobtor/PHD/test_j8_hayat/J8/install/argj801_ctl_platform/share/argj801_ctl_platform//launch
-- Up-to-date: /home/rhobtor/PHD/test_j8_hayat/J8/install/argj801_ctl_platform/share/argj801_ctl_platform//launch/argj801_ctl_platform_launch.py
-- Up-to-date: /home/rhobtor/PHD/test_j8_hayat/J8/install/argj801_ctl_platform/share/argj801_ctl_platform//config
-- Up-to-date: /home/rhobtor/PHD/test_j8_hayat/J8/install/argj801_ctl_platform/share/argj801_ctl_platform//config/params.yaml
-- Up-to-date: /home/rhobtor/PHD/test_j8_hayat/J8/install/argj801_ctl_platform/share/ament_index/resource_index/package_run_dependencies/argj801_ctl_platform
-- Up-to-date: /home/rhobtor/PHD/test_j8_hayat/J8/install/argj801_ctl_platform/share/ament_index/resource_index/parent_prefix_path/argj801_ctl_platform
-- Up-to-date: /home/rhobtor/PHD/test_j8_hayat/J8/install/argj801_ctl_platform/share/argj801_ctl_platform/environment/ament_prefix_path.sh
-- Up-to-date: /home/rhobtor/PHD/test_j8_hayat/J8/install/argj801_ctl_platform/share/argj801_ctl_platform/environment/ament_prefix_path.dsv
-- Up-to-date: /home/rhobtor/PHD/test_j8_hayat/J8/install/argj801_ctl_platform/share/argj801_ctl_platform/environment/path.sh
-- Up-to-date: /home/rhobtor/PHD/test_j8_hayat/J8/install/argj801_ctl_platform/share/argj801_ctl_platform/environment/path.dsv
-- Up-to-date: /home/rhobtor/PHD/test_j8_hayat/J8/install/argj801_ctl_platform/share/argj801_ctl_platform/local_setup.bash
-- Up-to-date: /home/rhobtor/PHD/test_j8_hayat/J8/install/argj801_ctl_platform/share/argj801_ctl_platform/local_setup.sh
-- Up-to-date: /home/rhobtor/PHD/test_j8_hayat/J8/install/argj801_ctl_platform/share/argj801_ctl_platform/local_setup.zsh
-- Up-to-date: /home/rhobtor/PHD/test_j8_hayat/J8/install/argj801_ctl_platform/share/argj801_ctl_platform/local_setup.dsv
-- Installing: /home/rhobtor/PHD/test_j8_hayat/J8/install/argj801_ctl_platform/share/argj801_ctl_platform/package.dsv
-- Up-to-date: /home/rhobtor/PHD/test_j8_hayat/J8/install/argj801_ctl_platform/share/ament_index/resource_index/packages/argj801_ctl_platform
-- Up-to-date: /home/rhobtor/PHD/test_j8_hayat/J8/install/argj801_ctl_platform/share/argj801_ctl_platform/cmake/argj801_ctl_platformConfig.cmake
-- Up-to-date: /home/rhobtor/PHD/test_j8_hayat/J8/install/argj801_ctl_platform/share/argj801_ctl_platform/cmake/argj801_ctl_platformConfig-version.cmake
-- Up-to-date: /home/rhobtor/PHD/test_j8_hayat/J8/install/argj801_ctl_platform/share/argj801_ctl_platform/package.xml
-- Up-to-date: /home/rhobtor/PHD/test_j8_hayat/J8/install/argj801_ctl_platform/share/argj801_lcm//config
-- Up-to-date: /home/rhobtor/PHD/test_j8_hayat/J8/install/argj801_ctl_platform/share/argj801_lcm//config/argj801_lcm_config_sensors.yaml
-- Up-to-date: /home/rhobtor/PHD/test_j8_hayat/J8/install/argj801_ctl_platform/share/argj801_lcm//config/argj801_lcm_config_platform.yaml
