[0.069s] Invoking command in '/home/rhobtor/PHD/test_j8_hayat/J8/build/sdl2_vendor': CMAKE_PREFIX_PATH=${CMAKE_PREFIX_PATH}:/home/rhobtor/PHD/test_j8_hayat/J8/install/ntrip_client:/home/rhobtor/PHD/test_j8_hayat/J8/install/j8_gui:/home/rhobtor/PHD/test_j8_hayat/J8/install/android_ros2_server:/home/rhobtor/PHD/test_j8_hayat/J8/install/GUI_pkg:/home/rhobtor/PHD/ARGOJ8_IA/ARGOSJ8_IA_/install/ntrip_client:/home/rhobtor/PHD/ARGOJ8_IA/ARGOSJ8_IA_/install/j8_gui:/home/rhobtor/PHD/ARGOJ8_IA/ARGOSJ8_IA_/install/car:/home/rhobtor/PHD/ARGOJ8_IA/ARGOSJ8_IA_/install/android_ros2_server:/home/rhobtor/PHD/ARGOJ8_IA/ARGOSJ8_IA_/install/GUI_pkg:/opt/ros/humble /opt/st/stm32cubeclt_1.18.0/CMake/bin/cmake --build /home/rhobtor/PHD/test_j8_hayat/J8/build/sdl2_vendor -- -j16 -l16
[0.858s] Invoked command in '/home/rhobtor/PHD/test_j8_hayat/J8/build/sdl2_vendor' returned '0': CMAKE_PREFIX_PATH=${CMAKE_PREFIX_PATH}:/home/rhobtor/PHD/test_j8_hayat/J8/install/ntrip_client:/home/rhobtor/PHD/test_j8_hayat/J8/install/j8_gui:/home/rhobtor/PHD/test_j8_hayat/J8/install/android_ros2_server:/home/rhobtor/PHD/test_j8_hayat/J8/install/GUI_pkg:/home/rhobtor/PHD/ARGOJ8_IA/ARGOSJ8_IA_/install/ntrip_client:/home/rhobtor/PHD/ARGOJ8_IA/ARGOSJ8_IA_/install/j8_gui:/home/rhobtor/PHD/ARGOJ8_IA/ARGOSJ8_IA_/install/car:/home/rhobtor/PHD/ARGOJ8_IA/ARGOSJ8_IA_/install/android_ros2_server:/home/rhobtor/PHD/ARGOJ8_IA/ARGOSJ8_IA_/install/GUI_pkg:/opt/ros/humble /opt/st/stm32cubeclt_1.18.0/CMake/bin/cmake --build /home/rhobtor/PHD/test_j8_hayat/J8/build/sdl2_vendor -- -j16 -l16
[0.861s] Invoking command in '/home/rhobtor/PHD/test_j8_hayat/J8/build/sdl2_vendor': CMAKE_PREFIX_PATH=${CMAKE_PREFIX_PATH}:/home/rhobtor/PHD/test_j8_hayat/J8/install/ntrip_client:/home/rhobtor/PHD/test_j8_hayat/J8/install/j8_gui:/home/rhobtor/PHD/test_j8_hayat/J8/install/android_ros2_server:/home/rhobtor/PHD/test_j8_hayat/J8/install/GUI_pkg:/home/rhobtor/PHD/ARGOJ8_IA/ARGOSJ8_IA_/install/ntrip_client:/home/rhobtor/PHD/ARGOJ8_IA/ARGOSJ8_IA_/install/j8_gui:/home/rhobtor/PHD/ARGOJ8_IA/ARGOSJ8_IA_/install/car:/home/rhobtor/PHD/ARGOJ8_IA/ARGOSJ8_IA_/install/android_ros2_server:/home/rhobtor/PHD/ARGOJ8_IA/ARGOSJ8_IA_/install/GUI_pkg:/opt/ros/humble /opt/st/stm32cubeclt_1.18.0/CMake/bin/cmake --install /home/rhobtor/PHD/test_j8_hayat/J8/build/sdl2_vendor
[1.045s] -- Install configuration: ""
[1.046s] -- Up-to-date: /home/rhobtor/PHD/test_j8_hayat/J8/install/sdl2_vendor/share/sdl2_vendor/cmake
[1.046s] -- Up-to-date: /home/rhobtor/PHD/test_j8_hayat/J8/install/sdl2_vendor/share/sdl2_vendor/cmake/Modules
[1.046s] -- Up-to-date: /home/rhobtor/PHD/test_j8_hayat/J8/install/sdl2_vendor/share/sdl2_vendor/cmake/Modules/Findsdl2_custom.cmake
[1.046s] -- Up-to-date: /home/rhobtor/PHD/test_j8_hayat/J8/install/sdl2_vendor/share/ament_index/resource_index/package_run_dependencies/sdl2_vendor
[1.046s] -- Up-to-date: /home/rhobtor/PHD/test_j8_hayat/J8/install/sdl2_vendor/share/ament_index/resource_index/parent_prefix_path/sdl2_vendor
[1.047s] -- Up-to-date: /home/rhobtor/PHD/test_j8_hayat/J8/install/sdl2_vendor/share/sdl2_vendor/environment/ament_prefix_path.sh
[1.047s] -- Up-to-date: /home/rhobtor/PHD/test_j8_hayat/J8/install/sdl2_vendor/share/sdl2_vendor/environment/ament_prefix_path.dsv
[1.047s] -- Up-to-date: /home/rhobtor/PHD/test_j8_hayat/J8/install/sdl2_vendor/share/sdl2_vendor/environment/path.sh
[1.047s] -- Up-to-date: /home/rhobtor/PHD/test_j8_hayat/J8/install/sdl2_vendor/share/sdl2_vendor/environment/path.dsv
[1.047s] -- Up-to-date: /home/rhobtor/PHD/test_j8_hayat/J8/install/sdl2_vendor/share/sdl2_vendor/local_setup.bash
[1.047s] -- Up-to-date: /home/rhobtor/PHD/test_j8_hayat/J8/install/sdl2_vendor/share/sdl2_vendor/local_setup.sh
[1.047s] -- Up-to-date: /home/rhobtor/PHD/test_j8_hayat/J8/install/sdl2_vendor/share/sdl2_vendor/local_setup.zsh
[1.047s] -- Up-to-date: /home/rhobtor/PHD/test_j8_hayat/J8/install/sdl2_vendor/share/sdl2_vendor/local_setup.dsv
[1.047s] -- Installing: /home/rhobtor/PHD/test_j8_hayat/J8/install/sdl2_vendor/share/sdl2_vendor/package.dsv
[1.047s] -- Up-to-date: /home/rhobtor/PHD/test_j8_hayat/J8/install/sdl2_vendor/share/ament_index/resource_index/packages/sdl2_vendor
[1.048s] -- Up-to-date: /home/rhobtor/PHD/test_j8_hayat/J8/install/sdl2_vendor/share/sdl2_vendor/cmake/sdl2_vendor-extras.cmake
[1.048s] -- Up-to-date: /home/rhobtor/PHD/test_j8_hayat/J8/install/sdl2_vendor/share/sdl2_vendor/cmake/sdl2_vendorConfig.cmake
[1.048s] -- Up-to-date: /home/rhobtor/PHD/test_j8_hayat/J8/install/sdl2_vendor/share/sdl2_vendor/cmake/sdl2_vendorConfig-version.cmake
[1.048s] -- Up-to-date: /home/rhobtor/PHD/test_j8_hayat/J8/install/sdl2_vendor/share/sdl2_vendor/package.xml
[1.139s] Invoked command in '/home/rhobtor/PHD/test_j8_hayat/J8/build/sdl2_vendor' returned '0': CMAKE_PREFIX_PATH=${CMAKE_PREFIX_PATH}:/home/rhobtor/PHD/test_j8_hayat/J8/install/ntrip_client:/home/rhobtor/PHD/test_j8_hayat/J8/install/j8_gui:/home/rhobtor/PHD/test_j8_hayat/J8/install/android_ros2_server:/home/rhobtor/PHD/test_j8_hayat/J8/install/GUI_pkg:/home/rhobtor/PHD/ARGOJ8_IA/ARGOSJ8_IA_/install/ntrip_client:/home/rhobtor/PHD/ARGOJ8_IA/ARGOSJ8_IA_/install/j8_gui:/home/rhobtor/PHD/ARGOJ8_IA/ARGOSJ8_IA_/install/car:/home/rhobtor/PHD/ARGOJ8_IA/ARGOSJ8_IA_/install/android_ros2_server:/home/rhobtor/PHD/ARGOJ8_IA/ARGOSJ8_IA_/install/GUI_pkg:/opt/ros/humble /opt/st/stm32cubeclt_1.18.0/CMake/bin/cmake --install /home/rhobtor/PHD/test_j8_hayat/J8/build/sdl2_vendor
