-- Found ament_cmake: 1.3.14 (/opt/ros/humble/share/ament_cmake/cmake)
-- Override CMake install command with custom implementation using symlinks instead of copying resources
-- Found gazebo_dev: 3.9.0 (/opt/ros/humble/share/gazebo_dev/cmake)
-- Found DART: /usr/include (Required is at least version "6.6") found components: dart 
-- Found Protobuf: /usr/lib/x86_64-linux-gnu/libprotobuf.so (found version "3.12.4") 
-- Looking for ignition-math6 -- found version 6.15.1
-- Searching for dependencies of ignition-math6
-- Looking for OGRE...
-- Found Ogre Ghadamon (1.9.0)
-- Found OGRE: optimized;/usr/lib/x86_64-linux-gnu/libOgreMain.so;debug;/usr/lib/x86_64-linux-gnu/libOgreMain.so
-- Looking for OGRE_Paging...
-- Found OGRE_Paging: optimized;/usr/lib/x86_64-linux-gnu/libOgrePaging.so;debug;/usr/lib/x86_64-linux-gnu/libOgrePaging.so
-- Looking for OGRE_Terrain...
-- Found OGRE_Terrain: optimized;/usr/lib/x86_64-linux-gnu/libOgreTerrain.so;debug;/usr/lib/x86_64-linux-gnu/libOgreTerrain.so
-- Looking for OGRE_Property...
-- Found OGRE_Property: optimized;/usr/lib/x86_64-linux-gnu/libOgreProperty.so;debug;/usr/lib/x86_64-linux-gnu/libOgreProperty.so
-- Looking for OGRE_RTShaderSystem...
-- Found OGRE_RTShaderSystem: optimized;/usr/lib/x86_64-linux-gnu/libOgreRTShaderSystem.so;debug;/usr/lib/x86_64-linux-gnu/libOgreRTShaderSystem.so
-- Looking for OGRE_Volume...
-- Found OGRE_Volume: optimized;/usr/lib/x86_64-linux-gnu/libOgreVolume.so;debug;/usr/lib/x86_64-linux-gnu/libOgreVolume.so
-- Looking for OGRE_Overlay...
-- Found OGRE_Overlay: optimized;/usr/lib/x86_64-linux-gnu/libOgreOverlay.so;debug;/usr/lib/x86_64-linux-gnu/libOgreOverlay.so
-- Looking for ignition-math6 -- found version 6.15.1
-- Looking for ignition-transport8 -- found version 8.2.1
-- Searching for dependencies of ignition-transport8
-- Found Protobuf: /usr/lib/x86_64-linux-gnu/libprotobuf.so (found suitable version "3.12.4", minimum required is "3") 
-- Config-file not installed for ZeroMQ -- checking for pkg-config
-- Checking for module 'libzmq >= 4'
--   Found libzmq, version 4.3.4
-- Checking for module 'uuid'
--   Found uuid, version 2.37.2
-- Looking for ignition-msgs5 -- found version 5.8.1
-- Searching for dependencies of ignition-msgs5
-- Looking for ignition-math6 -- found version 6.15.1
-- Checking for module 'tinyxml2'
--   Found tinyxml2, version 9.0.0
-- Looking for ignition-msgs5 -- found version 5.8.1
-- Looking for ignition-common3 -- found version 3.14.0
-- Searching for dependencies of ignition-common3
-- Looking for dlfcn.h - found
-- Looking for libdl - found
-- Searching for <ignition-common3> component [graphics]
-- Looking for ignition-common3-graphics -- found version 3.14.0
-- Searching for dependencies of ignition-common3-graphics
-- Looking for ignition-math6 -- found version 6.15.1
-- Looking for ignition-fuel_tools4 -- found version 4.4.0
-- Searching for dependencies of ignition-fuel_tools4
CMake Deprecation Warning at /usr/lib/x86_64-linux-gnu/cmake/jsoncpp/jsoncppConfig.cmake:2 (cmake_policy):
  Compatibility with CMake < 3.5 will be removed from a future version of
  CMake.

  Update the VERSION argument <min> value or use a ...<max> suffix to tell
  CMake that the project does not need compatibility with older versions.
Call Stack (most recent call first):
  /usr/share/cmake/ignition-cmake2/cmake2/FindJSONCPP.cmake:34 (find_package)
  /usr/lib/x86_64-linux-gnu/cmake/ignition-fuel_tools4/ignition-fuel_tools4-config.cmake:94 (find_package)
  /usr/lib/x86_64-linux-gnu/cmake/gazebo/gazebo-config.cmake:251 (find_package)
  /opt/ros/humble/share/gazebo_dev/cmake/gazebo_dev-extras.cmake:3 (find_package)
  /opt/ros/humble/share/gazebo_dev/cmake/gazebo_devConfig.cmake:41 (include)
  CMakeLists.txt:13 (find_package)


-- Checking for module 'jsoncpp'
--   Found jsoncpp, version 1.9.5
-- Checking for module 'libzip'
--   Found libzip, version 1.7.3
-- Looking for ignition-common3 -- found version 3.14.0
-- Looking for ignition-math6 -- found version 6.15.1
-- Looking for ignition-msgs5 -- found version 5.8.1
-- Gazebo version: 11.10
-- Found gazebo_ros: 3.9.0 (/opt/ros/humble/share/gazebo_ros/cmake)
-- Found rosidl_generator_c: 3.1.8 (/opt/ros/humble/share/rosidl_generator_c/cmake)
-- Found rosidl_adapter: 3.1.8 (/opt/ros/humble/share/rosidl_adapter/cmake)
-- Found rosidl_generator_cpp: 3.1.8 (/opt/ros/humble/share/rosidl_generator_cpp/cmake)
-- Using all available rosidl_typesupport_c: rosidl_typesupport_fastrtps_c;rosidl_typesupport_introspection_c
-- Using all available rosidl_typesupport_cpp: rosidl_typesupport_fastrtps_cpp;rosidl_typesupport_introspection_cpp
-- Found rmw_implementation_cmake: 6.1.2 (/opt/ros/humble/share/rmw_implementation_cmake/cmake)
-- Found rmw_fastrtps_cpp: 6.2.10 (/opt/ros/humble/share/rmw_fastrtps_cpp/cmake)
-- Using RMW implementation 'rmw_fastrtps_cpp' as default
-- Found geometry_msgs: 4.9.1 (/opt/ros/humble/share/geometry_msgs/cmake)
-- Found nav_msgs: 4.9.1 (/opt/ros/humble/share/nav_msgs/cmake)
-- Found tf2: 0.25.19 (/opt/ros/humble/share/tf2/cmake)
-- Found tf2_geometry_msgs: 0.25.19 (/opt/ros/humble/share/tf2_geometry_msgs/cmake)
-- Found eigen3_cmake_module: 0.1.1 (/opt/ros/humble/share/eigen3_cmake_module/cmake)
-- Ensuring Eigen3 include directory is part of orocos-kdl CMake target
-- Found sensor_msgs: 4.9.1 (/opt/ros/humble/share/sensor_msgs/cmake)
-- Found argj801_ctl_platform_interfaces: 0.0.0 (/home/rhobtor/PHD/test_j8_hayat/J8/install/argj801_ctl_platform_interfaces/share/argj801_ctl_platform_interfaces/cmake)
-- Found ament_lint_auto: 0.12.15 (/opt/ros/humble/share/ament_lint_auto/cmake)
-- Added test 'cppcheck' to perform static code analysis on C / C++ code
-- Configured cppcheck include dirs: /home/rhobtor/PHD/test_j8_hayat/J8/src/gazebo_sim_pkgs/j8_xacro_model/include;$<BUILD_INTERFACE:/home/rhobtor/PHD/test_j8_hayat/J8/src/gazebo_sim_pkgs/j8_xacro_model/include>
-- Configured cppcheck exclude dirs and/or files: 
-- Added test 'flake8' to check Python code syntax and style conventions
-- Added test 'lint_cmake' to check CMake code style
-- Added test 'pep257' to check Python code against some of the docstring style conventions in PEP 257
-- Added test 'uncrustify' to check C / C++ code style
-- Configured uncrustify additional arguments: 
-- Added test 'xmllint' to check XML markup files
-- Configuring done (2.3s)
-- Generating done (0.0s)
-- Build files have been written to: /home/rhobtor/PHD/test_j8_hayat/J8/build/j8_xacro_model
[ 50%] Linking CXX shared library libgazebo_ros_j8_wheels_plugin.so
[100%] Built target gazebo_ros_j8_wheels_plugin
-- Install configuration: ""
-- Execute custom install script
-- Symlinking: /home/rhobtor/PHD/test_j8_hayat/J8/install/j8_xacro_model/share/j8_xacro_model/environment/library_path.sh
-- Symlinking: /home/rhobtor/PHD/test_j8_hayat/J8/install/j8_xacro_model/share/j8_xacro_model/environment/library_path.dsv
-- Symlinking: /home/rhobtor/PHD/test_j8_hayat/J8/install/j8_xacro_model/lib/libgazebo_ros_j8_wheels_plugin.so
-- Symlinking: /home/rhobtor/PHD/test_j8_hayat/J8/install/j8_xacro_model/share/j8_xacro_model//launch/start_gazebo_j8.launch.py
-- Symlinking: /home/rhobtor/PHD/test_j8_hayat/J8/install/j8_xacro_model/share/j8_xacro_model//worlds/empty_custom.world
-- Symlinking: /home/rhobtor/PHD/test_j8_hayat/J8/install/j8_xacro_model/share/j8_xacro_model//urdf/argo_j8.xacro
-- Symlinking: /home/rhobtor/PHD/test_j8_hayat/J8/install/j8_xacro_model/share/j8_xacro_model//urdf/camera.xacro
-- Symlinking: /home/rhobtor/PHD/test_j8_hayat/J8/install/j8_xacro_model/share/j8_xacro_model//urdf/fixposition_holder.xacro
-- Symlinking: /home/rhobtor/PHD/test_j8_hayat/J8/install/j8_xacro_model/share/j8_xacro_model//urdf/fixposition_sensor.xacro
-- Symlinking: /home/rhobtor/PHD/test_j8_hayat/J8/install/j8_xacro_model/share/j8_xacro_model//urdf/gps.xacro
-- Symlinking: /home/rhobtor/PHD/test_j8_hayat/J8/install/j8_xacro_model/share/j8_xacro_model//urdf/gps_holder.xacro
-- Symlinking: /home/rhobtor/PHD/test_j8_hayat/J8/install/j8_xacro_model/share/j8_xacro_model//urdf/lidar.plugin.xacro
-- Symlinking: /home/rhobtor/PHD/test_j8_hayat/J8/install/j8_xacro_model/share/j8_xacro_model//urdf/panel.xacro
-- Symlinking: /home/rhobtor/PHD/test_j8_hayat/J8/install/j8_xacro_model/share/j8_xacro_model//urdf/set_color.xacro
-- Symlinking: /home/rhobtor/PHD/test_j8_hayat/J8/install/j8_xacro_model/share/j8_xacro_model//urdf/sick_lidar.plugin.xacro
-- Symlinking: /home/rhobtor/PHD/test_j8_hayat/J8/install/j8_xacro_model/share/j8_xacro_model//urdf/side_bar.xacro
-- Symlinking: /home/rhobtor/PHD/test_j8_hayat/J8/install/j8_xacro_model/share/j8_xacro_model//urdf/test.urdf
-- Symlinking: /home/rhobtor/PHD/test_j8_hayat/J8/install/j8_xacro_model/share/j8_xacro_model//urdf/wheel.urdf.xacro
-- Symlinking: /home/rhobtor/PHD/test_j8_hayat/J8/install/j8_xacro_model/share/j8_xacro_model//meshes/Back_camera.STL
-- Symlinking: /home/rhobtor/PHD/test_j8_hayat/J8/install/j8_xacro_model/share/j8_xacro_model//meshes/Bridge.STL
-- Symlinking: /home/rhobtor/PHD/test_j8_hayat/J8/install/j8_xacro_model/share/j8_xacro_model//meshes/Bridge_panel_1.STL
-- Symlinking: /home/rhobtor/PHD/test_j8_hayat/J8/install/j8_xacro_model/share/j8_xacro_model//meshes/Bridge_panel_2.STL
-- Symlinking: /home/rhobtor/PHD/test_j8_hayat/J8/install/j8_xacro_model/share/j8_xacro_model//meshes/Bridge_panel_3.STL
-- Symlinking: /home/rhobtor/PHD/test_j8_hayat/J8/install/j8_xacro_model/share/j8_xacro_model//meshes/Bridge_panel_4.STL
-- Symlinking: /home/rhobtor/PHD/test_j8_hayat/J8/install/j8_xacro_model/share/j8_xacro_model//meshes/Central_fixposition_feet.STL
-- Symlinking: /home/rhobtor/PHD/test_j8_hayat/J8/install/j8_xacro_model/share/j8_xacro_model//meshes/Central_fixposition_holder.STL
-- Symlinking: /home/rhobtor/PHD/test_j8_hayat/J8/install/j8_xacro_model/share/j8_xacro_model//meshes/Fix_position_left_antenna.STL
-- Symlinking: /home/rhobtor/PHD/test_j8_hayat/J8/install/j8_xacro_model/share/j8_xacro_model//meshes/Fix_position_metal_frame.STL
-- Symlinking: /home/rhobtor/PHD/test_j8_hayat/J8/install/j8_xacro_model/share/j8_xacro_model//meshes/Fixposion_base.STL
-- Symlinking: /home/rhobtor/PHD/test_j8_hayat/J8/install/j8_xacro_model/share/j8_xacro_model//meshes/Fixposition_camera.STL
-- Symlinking: /home/rhobtor/PHD/test_j8_hayat/J8/install/j8_xacro_model/share/j8_xacro_model//meshes/Fixposition_lower_case.STL
-- Symlinking: /home/rhobtor/PHD/test_j8_hayat/J8/install/j8_xacro_model/share/j8_xacro_model//meshes/Fixposition_right_antenna.STL
-- Symlinking: /home/rhobtor/PHD/test_j8_hayat/J8/install/j8_xacro_model/share/j8_xacro_model//meshes/Fixposition_upper_case.STL
-- Symlinking: /home/rhobtor/PHD/test_j8_hayat/J8/install/j8_xacro_model/share/j8_xacro_model//meshes/Front_camera.STL
-- Symlinking: /home/rhobtor/PHD/test_j8_hayat/J8/install/j8_xacro_model/share/j8_xacro_model//meshes/J8_top.STL
-- Symlinking: /home/rhobtor/PHD/test_j8_hayat/J8/install/j8_xacro_model/share/j8_xacro_model//meshes/Left_bar.STL
-- Symlinking: /home/rhobtor/PHD/test_j8_hayat/J8/install/j8_xacro_model/share/j8_xacro_model//meshes/Left_fixposition_feet.STL
-- Symlinking: /home/rhobtor/PHD/test_j8_hayat/J8/install/j8_xacro_model/share/j8_xacro_model//meshes/Left_fixposition_holder.STL
-- Symlinking: /home/rhobtor/PHD/test_j8_hayat/J8/install/j8_xacro_model/share/j8_xacro_model//meshes/Left_gps.STL
-- Symlinking: /home/rhobtor/PHD/test_j8_hayat/J8/install/j8_xacro_model/share/j8_xacro_model//meshes/Left_gps_holder.STL
-- Symlinking: /home/rhobtor/PHD/test_j8_hayat/J8/install/j8_xacro_model/share/j8_xacro_model//meshes/Right_bar.STL
-- Symlinking: /home/rhobtor/PHD/test_j8_hayat/J8/install/j8_xacro_model/share/j8_xacro_model//meshes/Right_fixposition_feet.STL
-- Symlinking: /home/rhobtor/PHD/test_j8_hayat/J8/install/j8_xacro_model/share/j8_xacro_model//meshes/Right_fixposition_holder.STL
-- Symlinking: /home/rhobtor/PHD/test_j8_hayat/J8/install/j8_xacro_model/share/j8_xacro_model//meshes/Right_gps.STL
-- Symlinking: /home/rhobtor/PHD/test_j8_hayat/J8/install/j8_xacro_model/share/j8_xacro_model//meshes/Right_gps_holder.STL
-- Symlinking: /home/rhobtor/PHD/test_j8_hayat/J8/install/j8_xacro_model/share/j8_xacro_model//meshes/Sick.STL
-- Symlinking: /home/rhobtor/PHD/test_j8_hayat/J8/install/j8_xacro_model/share/j8_xacro_model//meshes/Suspension_1.STL
-- Symlinking: /home/rhobtor/PHD/test_j8_hayat/J8/install/j8_xacro_model/share/j8_xacro_model//meshes/Suspension_2.STL
-- Symlinking: /home/rhobtor/PHD/test_j8_hayat/J8/install/j8_xacro_model/share/j8_xacro_model//meshes/Suspension_3.STL
-- Symlinking: /home/rhobtor/PHD/test_j8_hayat/J8/install/j8_xacro_model/share/j8_xacro_model//meshes/Suspension_4.STL
-- Symlinking: /home/rhobtor/PHD/test_j8_hayat/J8/install/j8_xacro_model/share/j8_xacro_model//meshes/Suspension_5.STL
-- Symlinking: /home/rhobtor/PHD/test_j8_hayat/J8/install/j8_xacro_model/share/j8_xacro_model//meshes/Suspension_6.STL
-- Symlinking: /home/rhobtor/PHD/test_j8_hayat/J8/install/j8_xacro_model/share/j8_xacro_model//meshes/Suspension_7.STL
-- Symlinking: /home/rhobtor/PHD/test_j8_hayat/J8/install/j8_xacro_model/share/j8_xacro_model//meshes/Suspension_8.STL
-- Symlinking: /home/rhobtor/PHD/test_j8_hayat/J8/install/j8_xacro_model/share/j8_xacro_model//meshes/Velodyne.STL
-- Symlinking: /home/rhobtor/PHD/test_j8_hayat/J8/install/j8_xacro_model/share/j8_xacro_model//meshes/Wheel1.STL
-- Symlinking: /home/rhobtor/PHD/test_j8_hayat/J8/install/j8_xacro_model/share/j8_xacro_model//meshes/Wheel2.STL
-- Symlinking: /home/rhobtor/PHD/test_j8_hayat/J8/install/j8_xacro_model/share/j8_xacro_model//meshes/Wheel3.STL
-- Symlinking: /home/rhobtor/PHD/test_j8_hayat/J8/install/j8_xacro_model/share/j8_xacro_model//meshes/Wheel4.STL
-- Symlinking: /home/rhobtor/PHD/test_j8_hayat/J8/install/j8_xacro_model/share/j8_xacro_model//meshes/Wheel5.STL
-- Symlinking: /home/rhobtor/PHD/test_j8_hayat/J8/install/j8_xacro_model/share/j8_xacro_model//meshes/Wheel6.STL
-- Symlinking: /home/rhobtor/PHD/test_j8_hayat/J8/install/j8_xacro_model/share/j8_xacro_model//meshes/Wheel7.STL
-- Symlinking: /home/rhobtor/PHD/test_j8_hayat/J8/install/j8_xacro_model/share/j8_xacro_model//meshes/Wheel8.STL
-- Symlinking: /home/rhobtor/PHD/test_j8_hayat/J8/install/j8_xacro_model/share/j8_xacro_model//meshes/Wheel_1.STL
-- Symlinking: /home/rhobtor/PHD/test_j8_hayat/J8/install/j8_xacro_model/share/j8_xacro_model//meshes/Wheel_2.STL
-- Symlinking: /home/rhobtor/PHD/test_j8_hayat/J8/install/j8_xacro_model/share/j8_xacro_model//meshes/Wheel_3.STL
-- Symlinking: /home/rhobtor/PHD/test_j8_hayat/J8/install/j8_xacro_model/share/j8_xacro_model//meshes/Wheel_4.STL
-- Symlinking: /home/rhobtor/PHD/test_j8_hayat/J8/install/j8_xacro_model/share/j8_xacro_model//meshes/Wheel_5.STL
-- Symlinking: /home/rhobtor/PHD/test_j8_hayat/J8/install/j8_xacro_model/share/j8_xacro_model//meshes/Wheel_6.STL
-- Symlinking: /home/rhobtor/PHD/test_j8_hayat/J8/install/j8_xacro_model/share/j8_xacro_model//meshes/Wheel_7.STL
-- Symlinking: /home/rhobtor/PHD/test_j8_hayat/J8/install/j8_xacro_model/share/j8_xacro_model//meshes/Wheel_8.STL
-- Symlinking: /home/rhobtor/PHD/test_j8_hayat/J8/install/j8_xacro_model/share/j8_xacro_model//meshes/base_link.STL
-- Symlinking: /home/rhobtor/PHD/test_j8_hayat/J8/install/j8_xacro_model/share/ament_index/resource_index/package_run_dependencies/j8_xacro_model
-- Symlinking: /home/rhobtor/PHD/test_j8_hayat/J8/install/j8_xacro_model/share/ament_index/resource_index/parent_prefix_path/j8_xacro_model
-- Symlinking: /home/rhobtor/PHD/test_j8_hayat/J8/install/j8_xacro_model/share/j8_xacro_model/environment/ament_prefix_path.sh
-- Symlinking: /home/rhobtor/PHD/test_j8_hayat/J8/install/j8_xacro_model/share/j8_xacro_model/environment/ament_prefix_path.dsv
-- Symlinking: /home/rhobtor/PHD/test_j8_hayat/J8/install/j8_xacro_model/share/j8_xacro_model/environment/path.sh
-- Symlinking: /home/rhobtor/PHD/test_j8_hayat/J8/install/j8_xacro_model/share/j8_xacro_model/environment/path.dsv
-- Symlinking: /home/rhobtor/PHD/test_j8_hayat/J8/install/j8_xacro_model/share/j8_xacro_model/local_setup.bash
-- Symlinking: /home/rhobtor/PHD/test_j8_hayat/J8/install/j8_xacro_model/share/j8_xacro_model/local_setup.sh
-- Symlinking: /home/rhobtor/PHD/test_j8_hayat/J8/install/j8_xacro_model/share/j8_xacro_model/local_setup.zsh
-- Symlinking: /home/rhobtor/PHD/test_j8_hayat/J8/install/j8_xacro_model/share/j8_xacro_model/local_setup.dsv
-- Symlinking: /home/rhobtor/PHD/test_j8_hayat/J8/install/j8_xacro_model/share/j8_xacro_model/package.dsv
-- Symlinking: /home/rhobtor/PHD/test_j8_hayat/J8/install/j8_xacro_model/share/ament_index/resource_index/packages/j8_xacro_model
-- Symlinking: /home/rhobtor/PHD/test_j8_hayat/J8/install/j8_xacro_model/share/j8_xacro_model/cmake/ament_cmake_export_libraries-extras.cmake
-- Symlinking: /home/rhobtor/PHD/test_j8_hayat/J8/install/j8_xacro_model/share/j8_xacro_model/cmake/j8_xacro_modelConfig.cmake
-- Symlinking: /home/rhobtor/PHD/test_j8_hayat/J8/install/j8_xacro_model/share/j8_xacro_model/cmake/j8_xacro_modelConfig-version.cmake
-- Symlinking: /home/rhobtor/PHD/test_j8_hayat/J8/install/j8_xacro_model/share/j8_xacro_model/package.xml
