[0.653s] Invoking command in '/home/rhobtor/PHD/test_j8_hayat/J8/build/fixposition_sensor_pkg': CMAKE_PREFIX_PATH=${CMAKE_PREFIX_PATH}:/home/rhobtor/PHD/test_j8_hayat/J8/install/ntrip_client:/home/rhobtor/PHD/test_j8_hayat/J8/install/j8_gui:/home/rhobtor/PHD/test_j8_hayat/J8/install/android_ros2_server:/home/rhobtor/PHD/test_j8_hayat/J8/install/GUI_pkg:/home/rhobtor/PHD/ARGOJ8_IA/ARGOSJ8_IA_/install/ntrip_client:/home/rhobtor/PHD/ARGOJ8_IA/ARGOSJ8_IA_/install/j8_gui:/home/rhobtor/PHD/ARGOJ8_IA/ARGOSJ8_IA_/install/car:/home/rhobtor/PHD/ARGOJ8_IA/ARGOSJ8_IA_/install/android_ros2_server:/home/rhobtor/PHD/ARGOJ8_IA/ARGOSJ8_IA_/install/GUI_pkg:/opt/ros/humble /opt/st/stm32cubeclt_1.18.0/CMake/bin/cmake --build /home/rhobtor/PHD/test_j8_hayat/J8/build/fixposition_sensor_pkg -- -j16 -l16
[0.826s] [ 33%] Built target gazebo_ros_gps_sensor_mod
[0.826s] [ 66%] Built target gazebo_ros_imu_sensor_mod
[0.826s] [100%] Built target gazebo_ros_fixposition_plugin
[0.849s] Invoked command in '/home/rhobtor/PHD/test_j8_hayat/J8/build/fixposition_sensor_pkg' returned '0': CMAKE_PREFIX_PATH=${CMAKE_PREFIX_PATH}:/home/rhobtor/PHD/test_j8_hayat/J8/install/ntrip_client:/home/rhobtor/PHD/test_j8_hayat/J8/install/j8_gui:/home/rhobtor/PHD/test_j8_hayat/J8/install/android_ros2_server:/home/rhobtor/PHD/test_j8_hayat/J8/install/GUI_pkg:/home/rhobtor/PHD/ARGOJ8_IA/ARGOSJ8_IA_/install/ntrip_client:/home/rhobtor/PHD/ARGOJ8_IA/ARGOSJ8_IA_/install/j8_gui:/home/rhobtor/PHD/ARGOJ8_IA/ARGOSJ8_IA_/install/car:/home/rhobtor/PHD/ARGOJ8_IA/ARGOSJ8_IA_/install/android_ros2_server:/home/rhobtor/PHD/ARGOJ8_IA/ARGOSJ8_IA_/install/GUI_pkg:/opt/ros/humble /opt/st/stm32cubeclt_1.18.0/CMake/bin/cmake --build /home/rhobtor/PHD/test_j8_hayat/J8/build/fixposition_sensor_pkg -- -j16 -l16
[0.851s] Invoking command in '/home/rhobtor/PHD/test_j8_hayat/J8/build/fixposition_sensor_pkg': CMAKE_PREFIX_PATH=${CMAKE_PREFIX_PATH}:/home/rhobtor/PHD/test_j8_hayat/J8/install/ntrip_client:/home/rhobtor/PHD/test_j8_hayat/J8/install/j8_gui:/home/rhobtor/PHD/test_j8_hayat/J8/install/android_ros2_server:/home/rhobtor/PHD/test_j8_hayat/J8/install/GUI_pkg:/home/rhobtor/PHD/ARGOJ8_IA/ARGOSJ8_IA_/install/ntrip_client:/home/rhobtor/PHD/ARGOJ8_IA/ARGOSJ8_IA_/install/j8_gui:/home/rhobtor/PHD/ARGOJ8_IA/ARGOSJ8_IA_/install/car:/home/rhobtor/PHD/ARGOJ8_IA/ARGOSJ8_IA_/install/android_ros2_server:/home/rhobtor/PHD/ARGOJ8_IA/ARGOSJ8_IA_/install/GUI_pkg:/opt/ros/humble /opt/st/stm32cubeclt_1.18.0/CMake/bin/cmake --install /home/rhobtor/PHD/test_j8_hayat/J8/build/fixposition_sensor_pkg
[1.100s] -- Install configuration: ""
[1.100s] -- Up-to-date: /home/rhobtor/PHD/test_j8_hayat/J8/install/fixposition_sensor_pkg/share/fixposition_sensor_pkg/environment/library_path.sh
[1.100s] -- Up-to-date: /home/rhobtor/PHD/test_j8_hayat/J8/install/fixposition_sensor_pkg/share/fixposition_sensor_pkg/environment/library_path.dsv
[1.101s] -- Up-to-date: /home/rhobtor/PHD/test_j8_hayat/J8/install/fixposition_sensor_pkg/lib/libgazebo_ros_fixposition_plugin.so
[1.101s] -- Up-to-date: /home/rhobtor/PHD/test_j8_hayat/J8/install/fixposition_sensor_pkg/lib/libgazebo_ros_imu_sensor_mod.so
[1.101s] -- Up-to-date: /home/rhobtor/PHD/test_j8_hayat/J8/install/fixposition_sensor_pkg/lib/libgazebo_ros_gps_sensor_mod.so
[1.101s] -- Up-to-date: /home/rhobtor/PHD/test_j8_hayat/J8/install/fixposition_sensor_pkg/share/fixposition_sensor_pkg//urdf
[1.101s] -- Up-to-date: /home/rhobtor/PHD/test_j8_hayat/J8/install/fixposition_sensor_pkg/share/fixposition_sensor_pkg//urdf/fixposition_main.xacro
[1.101s] -- Up-to-date: /home/rhobtor/PHD/test_j8_hayat/J8/install/fixposition_sensor_pkg/share/fixposition_sensor_pkg//urdf/fixposition_sensor.xacro
[1.101s] -- Up-to-date: /home/rhobtor/PHD/test_j8_hayat/J8/install/fixposition_sensor_pkg/share/fixposition_sensor_pkg//urdf/fixposition_holder.xacro
[1.101s] -- Up-to-date: /home/rhobtor/PHD/test_j8_hayat/J8/install/fixposition_sensor_pkg/share/fixposition_sensor_pkg//meshes
[1.101s] -- Up-to-date: /home/rhobtor/PHD/test_j8_hayat/J8/install/fixposition_sensor_pkg/share/fixposition_sensor_pkg//meshes/Central_fixposition_holder.STL
[1.101s] -- Up-to-date: /home/rhobtor/PHD/test_j8_hayat/J8/install/fixposition_sensor_pkg/share/fixposition_sensor_pkg//meshes/Front_camera.STL
[1.101s] -- Up-to-date: /home/rhobtor/PHD/test_j8_hayat/J8/install/fixposition_sensor_pkg/share/fixposition_sensor_pkg//meshes/Fixposition_lower_case.STL
[1.101s] -- Up-to-date: /home/rhobtor/PHD/test_j8_hayat/J8/install/fixposition_sensor_pkg/share/fixposition_sensor_pkg//meshes/Central_fixposition_feet.STL
[1.101s] -- Up-to-date: /home/rhobtor/PHD/test_j8_hayat/J8/install/fixposition_sensor_pkg/share/fixposition_sensor_pkg//meshes/Right_fixposition_holder.STL
[1.101s] -- Up-to-date: /home/rhobtor/PHD/test_j8_hayat/J8/install/fixposition_sensor_pkg/share/fixposition_sensor_pkg//meshes/Left_fixposition_holder.STL
[1.101s] -- Up-to-date: /home/rhobtor/PHD/test_j8_hayat/J8/install/fixposition_sensor_pkg/share/fixposition_sensor_pkg//meshes/Fix_position_metal_frame.STL
[1.101s] -- Up-to-date: /home/rhobtor/PHD/test_j8_hayat/J8/install/fixposition_sensor_pkg/share/fixposition_sensor_pkg//meshes/Fix_position_left_antenna.STL
[1.101s] -- Up-to-date: /home/rhobtor/PHD/test_j8_hayat/J8/install/fixposition_sensor_pkg/share/fixposition_sensor_pkg//meshes/Fixposition_right_antenna.STL
[1.101s] -- Up-to-date: /home/rhobtor/PHD/test_j8_hayat/J8/install/fixposition_sensor_pkg/share/fixposition_sensor_pkg//meshes/Left_fixposition_feet.STL
[1.101s] -- Up-to-date: /home/rhobtor/PHD/test_j8_hayat/J8/install/fixposition_sensor_pkg/share/fixposition_sensor_pkg//meshes/Fixposition_camera.STL
[1.101s] -- Up-to-date: /home/rhobtor/PHD/test_j8_hayat/J8/install/fixposition_sensor_pkg/share/fixposition_sensor_pkg//meshes/Fixposition_upper_case.STL
[1.101s] -- Up-to-date: /home/rhobtor/PHD/test_j8_hayat/J8/install/fixposition_sensor_pkg/share/fixposition_sensor_pkg//meshes/Right_fixposition_feet.STL
[1.101s] -- Up-to-date: /home/rhobtor/PHD/test_j8_hayat/J8/install/fixposition_sensor_pkg/share/fixposition_sensor_pkg//meshes/Fixposion_base.STL
[1.101s] -- Up-to-date: /home/rhobtor/PHD/test_j8_hayat/J8/install/fixposition_sensor_pkg/share/ament_index/resource_index/package_run_dependencies/fixposition_sensor_pkg
[1.101s] -- Up-to-date: /home/rhobtor/PHD/test_j8_hayat/J8/install/fixposition_sensor_pkg/share/ament_index/resource_index/parent_prefix_path/fixposition_sensor_pkg
[1.102s] -- Up-to-date: /home/rhobtor/PHD/test_j8_hayat/J8/install/fixposition_sensor_pkg/share/fixposition_sensor_pkg/environment/ament_prefix_path.sh
[1.102s] -- Up-to-date: /home/rhobtor/PHD/test_j8_hayat/J8/install/fixposition_sensor_pkg/share/fixposition_sensor_pkg/environment/ament_prefix_path.dsv
[1.103s] -- Up-to-date: /home/rhobtor/PHD/test_j8_hayat/J8/install/fixposition_sensor_pkg/share/fixposition_sensor_pkg/environment/path.sh
[1.103s] -- Up-to-date: /home/rhobtor/PHD/test_j8_hayat/J8/install/fixposition_sensor_pkg/share/fixposition_sensor_pkg/environment/path.dsv
[1.103s] -- Up-to-date: /home/rhobtor/PHD/test_j8_hayat/J8/install/fixposition_sensor_pkg/share/fixposition_sensor_pkg/local_setup.bash
[1.103s] -- Up-to-date: /home/rhobtor/PHD/test_j8_hayat/J8/install/fixposition_sensor_pkg/share/fixposition_sensor_pkg/local_setup.sh
[1.103s] -- Up-to-date: /home/rhobtor/PHD/test_j8_hayat/J8/install/fixposition_sensor_pkg/share/fixposition_sensor_pkg/local_setup.zsh
[1.103s] -- Up-to-date: /home/rhobtor/PHD/test_j8_hayat/J8/install/fixposition_sensor_pkg/share/fixposition_sensor_pkg/local_setup.dsv
[1.103s] -- Installing: /home/rhobtor/PHD/test_j8_hayat/J8/install/fixposition_sensor_pkg/share/fixposition_sensor_pkg/package.dsv
[1.103s] -- Up-to-date: /home/rhobtor/PHD/test_j8_hayat/J8/install/fixposition_sensor_pkg/share/ament_index/resource_index/packages/fixposition_sensor_pkg
[1.103s] -- Up-to-date: /home/rhobtor/PHD/test_j8_hayat/J8/install/fixposition_sensor_pkg/share/fixposition_sensor_pkg/cmake/ament_cmake_export_libraries-extras.cmake
[1.103s] -- Up-to-date: /home/rhobtor/PHD/test_j8_hayat/J8/install/fixposition_sensor_pkg/share/fixposition_sensor_pkg/cmake/fixposition_sensor_pkgConfig.cmake
[1.103s] -- Up-to-date: /home/rhobtor/PHD/test_j8_hayat/J8/install/fixposition_sensor_pkg/share/fixposition_sensor_pkg/cmake/fixposition_sensor_pkgConfig-version.cmake
[1.104s] -- Up-to-date: /home/rhobtor/PHD/test_j8_hayat/J8/install/fixposition_sensor_pkg/share/fixposition_sensor_pkg/package.xml
[1.133s] Invoked command in '/home/rhobtor/PHD/test_j8_hayat/J8/build/fixposition_sensor_pkg' returned '0': CMAKE_PREFIX_PATH=${CMAKE_PREFIX_PATH}:/home/rhobtor/PHD/test_j8_hayat/J8/install/ntrip_client:/home/rhobtor/PHD/test_j8_hayat/J8/install/j8_gui:/home/rhobtor/PHD/test_j8_hayat/J8/install/android_ros2_server:/home/rhobtor/PHD/test_j8_hayat/J8/install/GUI_pkg:/home/rhobtor/PHD/ARGOJ8_IA/ARGOSJ8_IA_/install/ntrip_client:/home/rhobtor/PHD/ARGOJ8_IA/ARGOSJ8_IA_/install/j8_gui:/home/rhobtor/PHD/ARGOJ8_IA/ARGOSJ8_IA_/install/car:/home/rhobtor/PHD/ARGOJ8_IA/ARGOSJ8_IA_/install/android_ros2_server:/home/rhobtor/PHD/ARGOJ8_IA/ARGOSJ8_IA_/install/GUI_pkg:/opt/ros/humble /opt/st/stm32cubeclt_1.18.0/CMake/bin/cmake --install /home/rhobtor/PHD/test_j8_hayat/J8/build/fixposition_sensor_pkg
