-- The C compiler identification is GNU 11.4.0
-- The CXX compiler identification is GNU 11.4.0
-- Detecting C compiler ABI info
-- Detecting C compiler ABI info - done
-- Check for working C compiler: /usr/bin/cc - skipped
-- Detecting C compile features
-- Detecting C compile features - done
-- Detecting CXX compiler ABI info
-- Detecting CXX compiler ABI info - done
-- Check for working CXX compiler: /usr/bin/c++ - skipped
-- Detecting CXX compile features
-- Detecting CXX compile features - done
-- Found ament_cmake: 1.3.14 (/opt/ros/humble/share/ament_cmake/cmake)
-- Found Python3: /usr/bin/python3 (found version "3.10.12") found components: Interpreter 
-- Found ament_cmake_auto: 1.3.14 (/opt/ros/humble/share/ament_cmake_auto/cmake)
-- Found rosidl_generator_c: 3.1.8 (/opt/ros/humble/share/rosidl_generator_c/cmake)
-- Found rosidl_adapter: 3.1.8 (/opt/ros/humble/share/rosidl_adapter/cmake)
-- Found rosidl_generator_cpp: 3.1.8 (/opt/ros/humble/share/rosidl_generator_cpp/cmake)
-- Using all available rosidl_typesupport_c: rosidl_typesupport_fastrtps_c;rosidl_typesupport_introspection_c
-- Using all available rosidl_typesupport_cpp: rosidl_typesupport_fastrtps_cpp;rosidl_typesupport_introspection_cpp
-- Found ament_lint_auto: 0.12.15 (/opt/ros/humble/share/ament_lint_auto/cmake)
-- Found ament_cmake_ros: 0.10.0 (/opt/ros/humble/share/ament_cmake_ros/cmake)
-- Using all available rosidl_typesupport_c: rosidl_typesupport_fastrtps_c;rosidl_typesupport_introspection_c
-- Using all available rosidl_typesupport_cpp: rosidl_typesupport_fastrtps_cpp;rosidl_typesupport_introspection_cpp
[33mCMake Warning (dev) at /opt/ros/humble/share/rosidl_generator_py/cmake/rosidl_generator_py_generate_interfaces.cmake:20 (find_package):
  Policy CMP0148 is not set: The FindPythonInterp and FindPythonLibs modules
  are removed.  Run "cmake --help-policy CMP0148" for policy details.  Use
  the cmake_policy command to set the policy and suppress this warning.

Call Stack (most recent call first):
  /opt/ros/humble/share/ament_cmake_core/cmake/core/ament_execute_extensions.cmake:48 (include)
  /opt/ros/humble/share/rosidl_cmake/cmake/rosidl_generate_interfaces.cmake:286 (ament_execute_extensions)
  CMakeLists.txt:36 (rosidl_generate_interfaces)
This warning is for project developers.  Use -Wno-dev to suppress it.
[0m
-- Found PythonInterp: /usr/bin/python3 (found suitable version "3.10.12", minimum required is "3.6") 
-- Found python_cmake_module: 0.10.0 (/opt/ros/humble/share/python_cmake_module/cmake)
[33mCMake Warning (dev) at /opt/ros/humble/share/python_cmake_module/cmake/Modules/FindPythonExtra.cmake:52 (find_package):
  Policy CMP0148 is not set: The FindPythonInterp and FindPythonLibs modules
  are removed.  Run "cmake --help-policy CMP0148" for policy details.  Use
  the cmake_policy command to set the policy and suppress this warning.

Call Stack (most recent call first):
  /opt/ros/humble/share/rosidl_generator_py/cmake/rosidl_generator_py_generate_interfaces.cmake:23 (find_package)
  /opt/ros/humble/share/ament_cmake_core/cmake/core/ament_execute_extensions.cmake:48 (include)
  /opt/ros/humble/share/rosidl_cmake/cmake/rosidl_generate_interfaces.cmake:286 (ament_execute_extensions)
  CMakeLists.txt:36 (rosidl_generate_interfaces)
This warning is for project developers.  Use -Wno-dev to suppress it.
[0m
[33mCMake Warning (dev) at /opt/ros/humble/share/python_cmake_module/cmake/Modules/FindPythonExtra.cmake:140 (find_package):
  Policy CMP0148 is not set: The FindPythonInterp and FindPythonLibs modules
  are removed.  Run "cmake --help-policy CMP0148" for policy details.  Use
  the cmake_policy command to set the policy and suppress this warning.

Call Stack (most recent call first):
  /opt/ros/humble/share/rosidl_generator_py/cmake/rosidl_generator_py_generate_interfaces.cmake:23 (find_package)
  /opt/ros/humble/share/ament_cmake_core/cmake/core/ament_execute_extensions.cmake:48 (include)
  /opt/ros/humble/share/rosidl_cmake/cmake/rosidl_generate_interfaces.cmake:286 (ament_execute_extensions)
  CMakeLists.txt:36 (rosidl_generate_interfaces)
This warning is for project developers.  Use -Wno-dev to suppress it.
[0m
-- Found PythonLibs: /usr/lib/x86_64-linux-gnu/libpython3.10.so (found suitable version "3.10.12", minimum required is "3.5") 
-- Using PYTHON_EXECUTABLE: /usr/bin/python3
-- Using PYTHON_INCLUDE_DIRS: /usr/include/python3.10
-- Using PYTHON_LIBRARIES: /usr/lib/x86_64-linux-gnu/libpython3.10.so
-- Found PythonExtra: .so  
-- Added test 'copyright' to check source files copyright and LICENSE
-- Added test 'lint_cmake' to check CMake code style
-- Added test 'xmllint' to check XML markup files
-- Configuring done (17.0s)
-- Generating done (0.4s)
-- Build files have been written to: /home/rhobtor/PHD/test_j8_hayat/J8/build/wiimote_msgs
[  2%] [34m[1mGenerating C code for ROS interfaces[0m
[  4%] [34m[1mGenerating C++ code for ROS interfaces[0m
[  6%] [34m[1mGenerating Rust code for ROS interfaces[0m
[  6%] Built target ament_cmake_python_copy_wiimote_msgs
running egg_info
creating wiimote_msgs.egg-info
writing wiimote_msgs.egg-info/PKG-INFO
writing dependency_links to wiimote_msgs.egg-info/dependency_links.txt
writing top-level names to wiimote_msgs.egg-info/top_level.txt
writing manifest file 'wiimote_msgs.egg-info/SOURCES.txt'
reading manifest file 'wiimote_msgs.egg-info/SOURCES.txt'
writing manifest file 'wiimote_msgs.egg-info/SOURCES.txt'
[  6%] Built target ament_cmake_python_build_wiimote_msgs_egg
[  6%] Built target wiimote_msgs__rs
[  6%] Built target wiimote_msgs__cpp
[  8%] [32mBuilding C object CMakeFiles/wiimote_msgs__rosidl_generator_c.dir/rosidl_generator_c/wiimote_msgs/msg/detail/ir_source_info__functions.c.o[0m
[ 10%] [32mBuilding C object CMakeFiles/wiimote_msgs__rosidl_generator_c.dir/rosidl_generator_c/wiimote_msgs/msg/detail/timed_switch__functions.c.o[0m
[ 12%] [32mBuilding C object CMakeFiles/wiimote_msgs__rosidl_generator_c.dir/rosidl_generator_c/wiimote_msgs/msg/detail/state__functions.c.o[0m
[ 14%] [32m[1mLinking C shared library libwiimote_msgs__rosidl_generator_c.so[0m
[ 14%] Built target wiimote_msgs__rosidl_generator_c
[ 16%] [34m[1mGenerating C++ introspection for ROS interfaces[0m
[ 18%] [32mBuilding CXX object CMakeFiles/wiimote_msgs__rosidl_typesupport_introspection_cpp.dir/rosidl_typesupport_introspection_cpp/wiimote_msgs/msg/detail/ir_source_info__type_support.cpp.o[0m
[ 20%] [32mBuilding CXX object CMakeFiles/wiimote_msgs__rosidl_typesupport_introspection_cpp.dir/rosidl_typesupport_introspection_cpp/wiimote_msgs/msg/detail/timed_switch__type_support.cpp.o[0m
[ 22%] [32mBuilding CXX object CMakeFiles/wiimote_msgs__rosidl_typesupport_introspection_cpp.dir/rosidl_typesupport_introspection_cpp/wiimote_msgs/msg/detail/state__type_support.cpp.o[0m
[ 25%] [32m[1mLinking CXX shared library libwiimote_msgs__rosidl_typesupport_introspection_cpp.so[0m
[ 25%] Built target wiimote_msgs__rosidl_typesupport_introspection_cpp
[ 27%] [34m[1mGenerating C introspection for ROS interfaces[0m
[ 29%] [32mBuilding C object CMakeFiles/wiimote_msgs__rosidl_typesupport_introspection_c.dir/rosidl_typesupport_introspection_c/wiimote_msgs/msg/detail/ir_source_info__type_support.c.o[0m
[ 31%] [32mBuilding C object CMakeFiles/wiimote_msgs__rosidl_typesupport_introspection_c.dir/rosidl_typesupport_introspection_c/wiimote_msgs/msg/detail/timed_switch__type_support.c.o[0m
[ 33%] [32mBuilding C object CMakeFiles/wiimote_msgs__rosidl_typesupport_introspection_c.dir/rosidl_typesupport_introspection_c/wiimote_msgs/msg/detail/state__type_support.c.o[0m
[ 35%] [32m[1mLinking C shared library libwiimote_msgs__rosidl_typesupport_introspection_c.so[0m
[ 35%] Built target wiimote_msgs__rosidl_typesupport_introspection_c
[ 37%] [34m[1mGenerating C type support dispatch for ROS interfaces[0m
[ 39%] [32mBuilding CXX object CMakeFiles/wiimote_msgs__rosidl_typesupport_c.dir/rosidl_typesupport_c/wiimote_msgs/msg/ir_source_info__type_support.cpp.o[0m
[ 41%] [32mBuilding CXX object CMakeFiles/wiimote_msgs__rosidl_typesupport_c.dir/rosidl_typesupport_c/wiimote_msgs/msg/timed_switch__type_support.cpp.o[0m
[ 43%] [32mBuilding CXX object CMakeFiles/wiimote_msgs__rosidl_typesupport_c.dir/rosidl_typesupport_c/wiimote_msgs/msg/state__type_support.cpp.o[0m
[ 45%] [32m[1mLinking CXX shared library libwiimote_msgs__rosidl_typesupport_c.so[0m
[ 45%] Built target wiimote_msgs__rosidl_typesupport_c
[ 47%] [34m[1mGenerating C type support for eProsima Fast-RTPS[0m
[ 50%] [32mBuilding CXX object CMakeFiles/wiimote_msgs__rosidl_typesupport_fastrtps_c.dir/rosidl_typesupport_fastrtps_c/wiimote_msgs/msg/detail/ir_source_info__type_support_c.cpp.o[0m
[ 52%] [32mBuilding CXX object CMakeFiles/wiimote_msgs__rosidl_typesupport_fastrtps_c.dir/rosidl_typesupport_fastrtps_c/wiimote_msgs/msg/detail/timed_switch__type_support_c.cpp.o[0m
[ 54%] [32mBuilding CXX object CMakeFiles/wiimote_msgs__rosidl_typesupport_fastrtps_c.dir/rosidl_typesupport_fastrtps_c/wiimote_msgs/msg/detail/state__type_support_c.cpp.o[0m
[ 56%] [32m[1mLinking CXX shared library libwiimote_msgs__rosidl_typesupport_fastrtps_c.so[0m
[ 56%] Built target wiimote_msgs__rosidl_typesupport_fastrtps_c
[ 58%] [34m[1mGenerating C++ type support dispatch for ROS interfaces[0m
[ 60%] [32mBuilding CXX object CMakeFiles/wiimote_msgs__rosidl_typesupport_cpp.dir/rosidl_typesupport_cpp/wiimote_msgs/msg/ir_source_info__type_support.cpp.o[0m
[ 62%] [32mBuilding CXX object CMakeFiles/wiimote_msgs__rosidl_typesupport_cpp.dir/rosidl_typesupport_cpp/wiimote_msgs/msg/timed_switch__type_support.cpp.o[0m
[ 64%] [32mBuilding CXX object CMakeFiles/wiimote_msgs__rosidl_typesupport_cpp.dir/rosidl_typesupport_cpp/wiimote_msgs/msg/state__type_support.cpp.o[0m
[ 66%] [32m[1mLinking CXX shared library libwiimote_msgs__rosidl_typesupport_cpp.so[0m
[ 66%] Built target wiimote_msgs__rosidl_typesupport_cpp
[ 68%] [34m[1mGenerating C++ type support for eProsima Fast-RTPS[0m
[ 70%] [32mBuilding CXX object CMakeFiles/wiimote_msgs__rosidl_typesupport_fastrtps_cpp.dir/rosidl_typesupport_fastrtps_cpp/wiimote_msgs/msg/detail/dds_fastrtps/ir_source_info__type_support.cpp.o[0m
[ 72%] [32mBuilding CXX object CMakeFiles/wiimote_msgs__rosidl_typesupport_fastrtps_cpp.dir/rosidl_typesupport_fastrtps_cpp/wiimote_msgs/msg/detail/dds_fastrtps/timed_switch__type_support.cpp.o[0m
[ 75%] [32mBuilding CXX object CMakeFiles/wiimote_msgs__rosidl_typesupport_fastrtps_cpp.dir/rosidl_typesupport_fastrtps_cpp/wiimote_msgs/msg/detail/dds_fastrtps/state__type_support.cpp.o[0m
[ 77%] [32m[1mLinking CXX shared library libwiimote_msgs__rosidl_typesupport_fastrtps_cpp.so[0m
[ 77%] Built target wiimote_msgs__rosidl_typesupport_fastrtps_cpp
[ 77%] Built target wiimote_msgs
[ 79%] [34m[1mGenerating Python code for ROS interfaces[0m
[ 79%] Built target wiimote_msgs__py
[ 81%] [32mBuilding C object CMakeFiles/wiimote_msgs__rosidl_generator_py.dir/rosidl_generator_py/wiimote_msgs/msg/_ir_source_info_s.c.o[0m
[ 83%] [32mBuilding C object CMakeFiles/wiimote_msgs__rosidl_generator_py.dir/rosidl_generator_py/wiimote_msgs/msg/_timed_switch_s.c.o[0m
[ 85%] [32mBuilding C object CMakeFiles/wiimote_msgs__rosidl_generator_py.dir/rosidl_generator_py/wiimote_msgs/msg/_state_s.c.o[0m
[ 87%] [32m[1mLinking C shared library rosidl_generator_py/wiimote_msgs/libwiimote_msgs__rosidl_generator_py.so[0m
[ 87%] Built target wiimote_msgs__rosidl_generator_py
[ 89%] [32mBuilding C object CMakeFiles/wiimote_msgs__rosidl_typesupport_fastrtps_c__pyext.dir/rosidl_generator_py/wiimote_msgs/_wiimote_msgs_s.ep.rosidl_typesupport_fastrtps_c.c.o[0m
[ 91%] [32m[1mLinking C shared library rosidl_generator_py/wiimote_msgs/wiimote_msgs_s__rosidl_typesupport_fastrtps_c.cpython-310-x86_64-linux-gnu.so[0m
[ 91%] Built target wiimote_msgs__rosidl_typesupport_fastrtps_c__pyext
[ 93%] [32mBuilding C object CMakeFiles/wiimote_msgs__rosidl_typesupport_c__pyext.dir/rosidl_generator_py/wiimote_msgs/_wiimote_msgs_s.ep.rosidl_typesupport_c.c.o[0m
[ 95%] [32m[1mLinking C shared library rosidl_generator_py/wiimote_msgs/wiimote_msgs_s__rosidl_typesupport_c.cpython-310-x86_64-linux-gnu.so[0m
[ 95%] Built target wiimote_msgs__rosidl_typesupport_c__pyext
[ 97%] [32mBuilding C object CMakeFiles/wiimote_msgs__rosidl_typesupport_introspection_c__pyext.dir/rosidl_generator_py/wiimote_msgs/_wiimote_msgs_s.ep.rosidl_typesupport_introspection_c.c.o[0m
[100%] [32m[1mLinking C shared library rosidl_generator_py/wiimote_msgs/wiimote_msgs_s__rosidl_typesupport_introspection_c.cpython-310-x86_64-linux-gnu.so[0m
[100%] Built target wiimote_msgs__rosidl_typesupport_introspection_c__pyext
-- Install configuration: ""
-- Installing: /home/rhobtor/PHD/test_j8_hayat/J8/install/wiimote_msgs/share/ament_index/resource_index/rosidl_interfaces/wiimote_msgs
-- Installing: /home/rhobtor/PHD/test_j8_hayat/J8/install/wiimote_msgs/include/wiimote_msgs/wiimote_msgs
-- Installing: /home/rhobtor/PHD/test_j8_hayat/J8/install/wiimote_msgs/include/wiimote_msgs/wiimote_msgs/msg
-- Installing: /home/rhobtor/PHD/test_j8_hayat/J8/install/wiimote_msgs/include/wiimote_msgs/wiimote_msgs/msg/state.h
-- Installing: /home/rhobtor/PHD/test_j8_hayat/J8/install/wiimote_msgs/include/wiimote_msgs/wiimote_msgs/msg/rosidl_generator_c__visibility_control.h
-- Installing: /home/rhobtor/PHD/test_j8_hayat/J8/install/wiimote_msgs/include/wiimote_msgs/wiimote_msgs/msg/timed_switch.h
-- Installing: /home/rhobtor/PHD/test_j8_hayat/J8/install/wiimote_msgs/include/wiimote_msgs/wiimote_msgs/msg/detail
-- Installing: /home/rhobtor/PHD/test_j8_hayat/J8/install/wiimote_msgs/include/wiimote_msgs/wiimote_msgs/msg/detail/state__type_support.h
-- Installing: /home/rhobtor/PHD/test_j8_hayat/J8/install/wiimote_msgs/include/wiimote_msgs/wiimote_msgs/msg/detail/state__struct.h
-- Installing: /home/rhobtor/PHD/test_j8_hayat/J8/install/wiimote_msgs/include/wiimote_msgs/wiimote_msgs/msg/detail/ir_source_info__functions.h
-- Installing: /home/rhobtor/PHD/test_j8_hayat/J8/install/wiimote_msgs/include/wiimote_msgs/wiimote_msgs/msg/detail/timed_switch__type_support.h
-- Installing: /home/rhobtor/PHD/test_j8_hayat/J8/install/wiimote_msgs/include/wiimote_msgs/wiimote_msgs/msg/detail/timed_switch__struct.h
-- Installing: /home/rhobtor/PHD/test_j8_hayat/J8/install/wiimote_msgs/include/wiimote_msgs/wiimote_msgs/msg/detail/ir_source_info__functions.c
-- Installing: /home/rhobtor/PHD/test_j8_hayat/J8/install/wiimote_msgs/include/wiimote_msgs/wiimote_msgs/msg/detail/ir_source_info__type_support.h
-- Installing: /home/rhobtor/PHD/test_j8_hayat/J8/install/wiimote_msgs/include/wiimote_msgs/wiimote_msgs/msg/detail/timed_switch__functions.h
-- Installing: /home/rhobtor/PHD/test_j8_hayat/J8/install/wiimote_msgs/include/wiimote_msgs/wiimote_msgs/msg/detail/timed_switch__functions.c
-- Installing: /home/rhobtor/PHD/test_j8_hayat/J8/install/wiimote_msgs/include/wiimote_msgs/wiimote_msgs/msg/detail/state__functions.h
-- Installing: /home/rhobtor/PHD/test_j8_hayat/J8/install/wiimote_msgs/include/wiimote_msgs/wiimote_msgs/msg/detail/ir_source_info__struct.h
-- Installing: /home/rhobtor/PHD/test_j8_hayat/J8/install/wiimote_msgs/include/wiimote_msgs/wiimote_msgs/msg/detail/state__functions.c
-- Installing: /home/rhobtor/PHD/test_j8_hayat/J8/install/wiimote_msgs/include/wiimote_msgs/wiimote_msgs/msg/ir_source_info.h
-- Installing: /home/rhobtor/PHD/test_j8_hayat/J8/install/wiimote_msgs/share/wiimote_msgs/environment/library_path.sh
-- Installing: /home/rhobtor/PHD/test_j8_hayat/J8/install/wiimote_msgs/share/wiimote_msgs/environment/library_path.dsv
-- Installing: /home/rhobtor/PHD/test_j8_hayat/J8/install/wiimote_msgs/lib/libwiimote_msgs__rosidl_generator_c.so
-- Set non-toolchain portion of runtime path of "/home/rhobtor/PHD/test_j8_hayat/J8/install/wiimote_msgs/lib/libwiimote_msgs__rosidl_generator_c.so" to ""
-- Up-to-date: /home/rhobtor/PHD/test_j8_hayat/J8/install/wiimote_msgs/include/wiimote_msgs/wiimote_msgs
-- Up-to-date: /home/rhobtor/PHD/test_j8_hayat/J8/install/wiimote_msgs/include/wiimote_msgs/wiimote_msgs/msg
-- Up-to-date: /home/rhobtor/PHD/test_j8_hayat/J8/install/wiimote_msgs/include/wiimote_msgs/wiimote_msgs/msg/detail
-- Installing: /home/rhobtor/PHD/test_j8_hayat/J8/install/wiimote_msgs/include/wiimote_msgs/wiimote_msgs/msg/detail/ir_source_info__rosidl_typesupport_fastrtps_c.h
-- Installing: /home/rhobtor/PHD/test_j8_hayat/J8/install/wiimote_msgs/include/wiimote_msgs/wiimote_msgs/msg/detail/state__rosidl_typesupport_fastrtps_c.h
-- Installing: /home/rhobtor/PHD/test_j8_hayat/J8/install/wiimote_msgs/include/wiimote_msgs/wiimote_msgs/msg/detail/timed_switch__rosidl_typesupport_fastrtps_c.h
-- Installing: /home/rhobtor/PHD/test_j8_hayat/J8/install/wiimote_msgs/include/wiimote_msgs/wiimote_msgs/msg/rosidl_typesupport_fastrtps_c__visibility_control.h
-- Installing: /home/rhobtor/PHD/test_j8_hayat/J8/install/wiimote_msgs/lib/libwiimote_msgs__rosidl_typesupport_fastrtps_c.so
-- Set non-toolchain portion of runtime path of "/home/rhobtor/PHD/test_j8_hayat/J8/install/wiimote_msgs/lib/libwiimote_msgs__rosidl_typesupport_fastrtps_c.so" to ""
-- Up-to-date: /home/rhobtor/PHD/test_j8_hayat/J8/install/wiimote_msgs/include/wiimote_msgs/wiimote_msgs
-- Up-to-date: /home/rhobtor/PHD/test_j8_hayat/J8/install/wiimote_msgs/include/wiimote_msgs/wiimote_msgs/msg
-- Installing: /home/rhobtor/PHD/test_j8_hayat/J8/install/wiimote_msgs/include/wiimote_msgs/wiimote_msgs/msg/ir_source_info.hpp
-- Installing: /home/rhobtor/PHD/test_j8_hayat/J8/install/wiimote_msgs/include/wiimote_msgs/wiimote_msgs/msg/timed_switch.hpp
-- Installing: /home/rhobtor/PHD/test_j8_hayat/J8/install/wiimote_msgs/include/wiimote_msgs/wiimote_msgs/msg/rosidl_generator_cpp__visibility_control.hpp
-- Installing: /home/rhobtor/PHD/test_j8_hayat/J8/install/wiimote_msgs/include/wiimote_msgs/wiimote_msgs/msg/state.hpp
-- Up-to-date: /home/rhobtor/PHD/test_j8_hayat/J8/install/wiimote_msgs/include/wiimote_msgs/wiimote_msgs/msg/detail
-- Installing: /home/rhobtor/PHD/test_j8_hayat/J8/install/wiimote_msgs/include/wiimote_msgs/wiimote_msgs/msg/detail/timed_switch__builder.hpp
-- Installing: /home/rhobtor/PHD/test_j8_hayat/J8/install/wiimote_msgs/include/wiimote_msgs/wiimote_msgs/msg/detail/ir_source_info__builder.hpp
-- Installing: /home/rhobtor/PHD/test_j8_hayat/J8/install/wiimote_msgs/include/wiimote_msgs/wiimote_msgs/msg/detail/ir_source_info__traits.hpp
-- Installing: /home/rhobtor/PHD/test_j8_hayat/J8/install/wiimote_msgs/include/wiimote_msgs/wiimote_msgs/msg/detail/state__type_support.hpp
-- Installing: /home/rhobtor/PHD/test_j8_hayat/J8/install/wiimote_msgs/include/wiimote_msgs/wiimote_msgs/msg/detail/state__builder.hpp
-- Installing: /home/rhobtor/PHD/test_j8_hayat/J8/install/wiimote_msgs/include/wiimote_msgs/wiimote_msgs/msg/detail/state__traits.hpp
-- Installing: /home/rhobtor/PHD/test_j8_hayat/J8/install/wiimote_msgs/include/wiimote_msgs/wiimote_msgs/msg/detail/timed_switch__traits.hpp
-- Installing: /home/rhobtor/PHD/test_j8_hayat/J8/install/wiimote_msgs/include/wiimote_msgs/wiimote_msgs/msg/detail/state__struct.hpp
-- Installing: /home/rhobtor/PHD/test_j8_hayat/J8/install/wiimote_msgs/include/wiimote_msgs/wiimote_msgs/msg/detail/timed_switch__type_support.hpp
-- Installing: /home/rhobtor/PHD/test_j8_hayat/J8/install/wiimote_msgs/include/wiimote_msgs/wiimote_msgs/msg/detail/ir_source_info__struct.hpp
-- Installing: /home/rhobtor/PHD/test_j8_hayat/J8/install/wiimote_msgs/include/wiimote_msgs/wiimote_msgs/msg/detail/ir_source_info__type_support.hpp
-- Installing: /home/rhobtor/PHD/test_j8_hayat/J8/install/wiimote_msgs/include/wiimote_msgs/wiimote_msgs/msg/detail/timed_switch__struct.hpp
-- Up-to-date: /home/rhobtor/PHD/test_j8_hayat/J8/install/wiimote_msgs/include/wiimote_msgs/wiimote_msgs
-- Up-to-date: /home/rhobtor/PHD/test_j8_hayat/J8/install/wiimote_msgs/include/wiimote_msgs/wiimote_msgs/msg
-- Installing: /home/rhobtor/PHD/test_j8_hayat/J8/install/wiimote_msgs/include/wiimote_msgs/wiimote_msgs/msg/rosidl_typesupport_fastrtps_cpp__visibility_control.h
-- Up-to-date: /home/rhobtor/PHD/test_j8_hayat/J8/install/wiimote_msgs/include/wiimote_msgs/wiimote_msgs/msg/detail
-- Installing: /home/rhobtor/PHD/test_j8_hayat/J8/install/wiimote_msgs/include/wiimote_msgs/wiimote_msgs/msg/detail/timed_switch__rosidl_typesupport_fastrtps_cpp.hpp
-- Installing: /home/rhobtor/PHD/test_j8_hayat/J8/install/wiimote_msgs/include/wiimote_msgs/wiimote_msgs/msg/detail/state__rosidl_typesupport_fastrtps_cpp.hpp
-- Installing: /home/rhobtor/PHD/test_j8_hayat/J8/install/wiimote_msgs/include/wiimote_msgs/wiimote_msgs/msg/detail/dds_fastrtps
-- Installing: /home/rhobtor/PHD/test_j8_hayat/J8/install/wiimote_msgs/include/wiimote_msgs/wiimote_msgs/msg/detail/ir_source_info__rosidl_typesupport_fastrtps_cpp.hpp
-- Installing: /home/rhobtor/PHD/test_j8_hayat/J8/install/wiimote_msgs/lib/libwiimote_msgs__rosidl_typesupport_fastrtps_cpp.so
-- Set non-toolchain portion of runtime path of "/home/rhobtor/PHD/test_j8_hayat/J8/install/wiimote_msgs/lib/libwiimote_msgs__rosidl_typesupport_fastrtps_cpp.so" to ""
-- Up-to-date: /home/rhobtor/PHD/test_j8_hayat/J8/install/wiimote_msgs/include/wiimote_msgs/wiimote_msgs
-- Up-to-date: /home/rhobtor/PHD/test_j8_hayat/J8/install/wiimote_msgs/include/wiimote_msgs/wiimote_msgs/msg
-- Installing: /home/rhobtor/PHD/test_j8_hayat/J8/install/wiimote_msgs/include/wiimote_msgs/wiimote_msgs/msg/rosidl_typesupport_introspection_c__visibility_control.h
-- Up-to-date: /home/rhobtor/PHD/test_j8_hayat/J8/install/wiimote_msgs/include/wiimote_msgs/wiimote_msgs/msg/detail
-- Installing: /home/rhobtor/PHD/test_j8_hayat/J8/install/wiimote_msgs/include/wiimote_msgs/wiimote_msgs/msg/detail/state__rosidl_typesupport_introspection_c.h
-- Installing: /home/rhobtor/PHD/test_j8_hayat/J8/install/wiimote_msgs/include/wiimote_msgs/wiimote_msgs/msg/detail/ir_source_info__type_support.c
-- Installing: /home/rhobtor/PHD/test_j8_hayat/J8/install/wiimote_msgs/include/wiimote_msgs/wiimote_msgs/msg/detail/state__type_support.c
-- Installing: /home/rhobtor/PHD/test_j8_hayat/J8/install/wiimote_msgs/include/wiimote_msgs/wiimote_msgs/msg/detail/timed_switch__type_support.c
-- Installing: /home/rhobtor/PHD/test_j8_hayat/J8/install/wiimote_msgs/include/wiimote_msgs/wiimote_msgs/msg/detail/ir_source_info__rosidl_typesupport_introspection_c.h
-- Installing: /home/rhobtor/PHD/test_j8_hayat/J8/install/wiimote_msgs/include/wiimote_msgs/wiimote_msgs/msg/detail/timed_switch__rosidl_typesupport_introspection_c.h
-- Installing: /home/rhobtor/PHD/test_j8_hayat/J8/install/wiimote_msgs/lib/libwiimote_msgs__rosidl_typesupport_introspection_c.so
-- Set non-toolchain portion of runtime path of "/home/rhobtor/PHD/test_j8_hayat/J8/install/wiimote_msgs/lib/libwiimote_msgs__rosidl_typesupport_introspection_c.so" to ""
-- Installing: /home/rhobtor/PHD/test_j8_hayat/J8/install/wiimote_msgs/lib/libwiimote_msgs__rosidl_typesupport_c.so
-- Set non-toolchain portion of runtime path of "/home/rhobtor/PHD/test_j8_hayat/J8/install/wiimote_msgs/lib/libwiimote_msgs__rosidl_typesupport_c.so" to ""
-- Up-to-date: /home/rhobtor/PHD/test_j8_hayat/J8/install/wiimote_msgs/include/wiimote_msgs/wiimote_msgs
-- Up-to-date: /home/rhobtor/PHD/test_j8_hayat/J8/install/wiimote_msgs/include/wiimote_msgs/wiimote_msgs/msg
-- Up-to-date: /home/rhobtor/PHD/test_j8_hayat/J8/install/wiimote_msgs/include/wiimote_msgs/wiimote_msgs/msg/detail
-- Installing: /home/rhobtor/PHD/test_j8_hayat/J8/install/wiimote_msgs/include/wiimote_msgs/wiimote_msgs/msg/detail/ir_source_info__type_support.cpp
-- Installing: /home/rhobtor/PHD/test_j8_hayat/J8/install/wiimote_msgs/include/wiimote_msgs/wiimote_msgs/msg/detail/state__type_support.cpp
-- Installing: /home/rhobtor/PHD/test_j8_hayat/J8/install/wiimote_msgs/include/wiimote_msgs/wiimote_msgs/msg/detail/timed_switch__type_support.cpp
-- Installing: /home/rhobtor/PHD/test_j8_hayat/J8/install/wiimote_msgs/include/wiimote_msgs/wiimote_msgs/msg/detail/timed_switch__rosidl_typesupport_introspection_cpp.hpp
-- Installing: /home/rhobtor/PHD/test_j8_hayat/J8/install/wiimote_msgs/include/wiimote_msgs/wiimote_msgs/msg/detail/state__rosidl_typesupport_introspection_cpp.hpp
-- Installing: /home/rhobtor/PHD/test_j8_hayat/J8/install/wiimote_msgs/include/wiimote_msgs/wiimote_msgs/msg/detail/ir_source_info__rosidl_typesupport_introspection_cpp.hpp
-- Installing: /home/rhobtor/PHD/test_j8_hayat/J8/install/wiimote_msgs/lib/libwiimote_msgs__rosidl_typesupport_introspection_cpp.so
-- Set non-toolchain portion of runtime path of "/home/rhobtor/PHD/test_j8_hayat/J8/install/wiimote_msgs/lib/libwiimote_msgs__rosidl_typesupport_introspection_cpp.so" to ""
-- Installing: /home/rhobtor/PHD/test_j8_hayat/J8/install/wiimote_msgs/lib/libwiimote_msgs__rosidl_typesupport_cpp.so
-- Set non-toolchain portion of runtime path of "/home/rhobtor/PHD/test_j8_hayat/J8/install/wiimote_msgs/lib/libwiimote_msgs__rosidl_typesupport_cpp.so" to ""
-- Installing: /home/rhobtor/PHD/test_j8_hayat/J8/install/wiimote_msgs/share/wiimote_msgs/environment/pythonpath.sh
-- Installing: /home/rhobtor/PHD/test_j8_hayat/J8/install/wiimote_msgs/share/wiimote_msgs/environment/pythonpath.dsv
-- Installing: /home/rhobtor/PHD/test_j8_hayat/J8/install/wiimote_msgs/local/lib/python3.10/dist-packages/wiimote_msgs-3.1.0-py3.10.egg-info
-- Installing: /home/rhobtor/PHD/test_j8_hayat/J8/install/wiimote_msgs/local/lib/python3.10/dist-packages/wiimote_msgs-3.1.0-py3.10.egg-info/top_level.txt
-- Installing: /home/rhobtor/PHD/test_j8_hayat/J8/install/wiimote_msgs/local/lib/python3.10/dist-packages/wiimote_msgs-3.1.0-py3.10.egg-info/SOURCES.txt
-- Installing: /home/rhobtor/PHD/test_j8_hayat/J8/install/wiimote_msgs/local/lib/python3.10/dist-packages/wiimote_msgs-3.1.0-py3.10.egg-info/PKG-INFO
-- Installing: /home/rhobtor/PHD/test_j8_hayat/J8/install/wiimote_msgs/local/lib/python3.10/dist-packages/wiimote_msgs-3.1.0-py3.10.egg-info/dependency_links.txt
-- Installing: /home/rhobtor/PHD/test_j8_hayat/J8/install/wiimote_msgs/local/lib/python3.10/dist-packages/wiimote_msgs
-- Installing: /home/rhobtor/PHD/test_j8_hayat/J8/install/wiimote_msgs/local/lib/python3.10/dist-packages/wiimote_msgs/_wiimote_msgs_s.ep.rosidl_typesupport_introspection_c.c
-- Installing: /home/rhobtor/PHD/test_j8_hayat/J8/install/wiimote_msgs/local/lib/python3.10/dist-packages/wiimote_msgs/wiimote_msgs_s__rosidl_typesupport_fastrtps_c.cpython-310-x86_64-linux-gnu.so
-- Installing: /home/rhobtor/PHD/test_j8_hayat/J8/install/wiimote_msgs/local/lib/python3.10/dist-packages/wiimote_msgs/__init__.py
-- Installing: /home/rhobtor/PHD/test_j8_hayat/J8/install/wiimote_msgs/local/lib/python3.10/dist-packages/wiimote_msgs/_wiimote_msgs_s.ep.rosidl_typesupport_c.c
-- Installing: /home/rhobtor/PHD/test_j8_hayat/J8/install/wiimote_msgs/local/lib/python3.10/dist-packages/wiimote_msgs/_wiimote_msgs_s.ep.rosidl_typesupport_fastrtps_c.c
-- Installing: /home/rhobtor/PHD/test_j8_hayat/J8/install/wiimote_msgs/local/lib/python3.10/dist-packages/wiimote_msgs/libwiimote_msgs__rosidl_generator_py.so
-- Installing: /home/rhobtor/PHD/test_j8_hayat/J8/install/wiimote_msgs/local/lib/python3.10/dist-packages/wiimote_msgs/msg
-- Installing: /home/rhobtor/PHD/test_j8_hayat/J8/install/wiimote_msgs/local/lib/python3.10/dist-packages/wiimote_msgs/msg/_state_s.c
-- Installing: /home/rhobtor/PHD/test_j8_hayat/J8/install/wiimote_msgs/local/lib/python3.10/dist-packages/wiimote_msgs/msg/_timed_switch_s.c
-- Installing: /home/rhobtor/PHD/test_j8_hayat/J8/install/wiimote_msgs/local/lib/python3.10/dist-packages/wiimote_msgs/msg/_ir_source_info.py
-- Installing: /home/rhobtor/PHD/test_j8_hayat/J8/install/wiimote_msgs/local/lib/python3.10/dist-packages/wiimote_msgs/msg/_ir_source_info_s.c
-- Installing: /home/rhobtor/PHD/test_j8_hayat/J8/install/wiimote_msgs/local/lib/python3.10/dist-packages/wiimote_msgs/msg/__init__.py
-- Installing: /home/rhobtor/PHD/test_j8_hayat/J8/install/wiimote_msgs/local/lib/python3.10/dist-packages/wiimote_msgs/msg/_state.py
-- Installing: /home/rhobtor/PHD/test_j8_hayat/J8/install/wiimote_msgs/local/lib/python3.10/dist-packages/wiimote_msgs/msg/_timed_switch.py
-- Installing: /home/rhobtor/PHD/test_j8_hayat/J8/install/wiimote_msgs/local/lib/python3.10/dist-packages/wiimote_msgs/wiimote_msgs_s__rosidl_typesupport_c.cpython-310-x86_64-linux-gnu.so
-- Installing: /home/rhobtor/PHD/test_j8_hayat/J8/install/wiimote_msgs/local/lib/python3.10/dist-packages/wiimote_msgs/wiimote_msgs_s__rosidl_typesupport_introspection_c.cpython-310-x86_64-linux-gnu.so
Listing '/home/rhobtor/PHD/test_j8_hayat/J8/install/wiimote_msgs/local/lib/python3.10/dist-packages/wiimote_msgs'...
Compiling '/home/rhobtor/PHD/test_j8_hayat/J8/install/wiimote_msgs/local/lib/python3.10/dist-packages/wiimote_msgs/__init__.py'...
Listing '/home/rhobtor/PHD/test_j8_hayat/J8/install/wiimote_msgs/local/lib/python3.10/dist-packages/wiimote_msgs/msg'...
Compiling '/home/rhobtor/PHD/test_j8_hayat/J8/install/wiimote_msgs/local/lib/python3.10/dist-packages/wiimote_msgs/msg/__init__.py'...
Compiling '/home/rhobtor/PHD/test_j8_hayat/J8/install/wiimote_msgs/local/lib/python3.10/dist-packages/wiimote_msgs/msg/_ir_source_info.py'...
Compiling '/home/rhobtor/PHD/test_j8_hayat/J8/install/wiimote_msgs/local/lib/python3.10/dist-packages/wiimote_msgs/msg/_state.py'...
Compiling '/home/rhobtor/PHD/test_j8_hayat/J8/install/wiimote_msgs/local/lib/python3.10/dist-packages/wiimote_msgs/msg/_timed_switch.py'...
-- Installing: /home/rhobtor/PHD/test_j8_hayat/J8/install/wiimote_msgs/local/lib/python3.10/dist-packages/wiimote_msgs/wiimote_msgs_s__rosidl_typesupport_fastrtps_c.cpython-310-x86_64-linux-gnu.so
-- Set non-toolchain portion of runtime path of "/home/rhobtor/PHD/test_j8_hayat/J8/install/wiimote_msgs/local/lib/python3.10/dist-packages/wiimote_msgs/wiimote_msgs_s__rosidl_typesupport_fastrtps_c.cpython-310-x86_64-linux-gnu.so" to ""
-- Installing: /home/rhobtor/PHD/test_j8_hayat/J8/install/wiimote_msgs/local/lib/python3.10/dist-packages/wiimote_msgs/wiimote_msgs_s__rosidl_typesupport_introspection_c.cpython-310-x86_64-linux-gnu.so
-- Set non-toolchain portion of runtime path of "/home/rhobtor/PHD/test_j8_hayat/J8/install/wiimote_msgs/local/lib/python3.10/dist-packages/wiimote_msgs/wiimote_msgs_s__rosidl_typesupport_introspection_c.cpython-310-x86_64-linux-gnu.so" to ""
-- Installing: /home/rhobtor/PHD/test_j8_hayat/J8/install/wiimote_msgs/local/lib/python3.10/dist-packages/wiimote_msgs/wiimote_msgs_s__rosidl_typesupport_c.cpython-310-x86_64-linux-gnu.so
-- Set non-toolchain portion of runtime path of "/home/rhobtor/PHD/test_j8_hayat/J8/install/wiimote_msgs/local/lib/python3.10/dist-packages/wiimote_msgs/wiimote_msgs_s__rosidl_typesupport_c.cpython-310-x86_64-linux-gnu.so" to ""
-- Installing: /home/rhobtor/PHD/test_j8_hayat/J8/install/wiimote_msgs/lib/libwiimote_msgs__rosidl_generator_py.so
-- Set non-toolchain portion of runtime path of "/home/rhobtor/PHD/test_j8_hayat/J8/install/wiimote_msgs/lib/libwiimote_msgs__rosidl_generator_py.so" to ""
-- Installing: /home/rhobtor/PHD/test_j8_hayat/J8/install/wiimote_msgs/share/ament_index/resource_index/rust_packages/wiimote_msgs
-- Installing: /home/rhobtor/PHD/test_j8_hayat/J8/install/wiimote_msgs/share/wiimote_msgs/rust
-- Installing: /home/rhobtor/PHD/test_j8_hayat/J8/install/wiimote_msgs/share/wiimote_msgs/rust/src
-- Installing: /home/rhobtor/PHD/test_j8_hayat/J8/install/wiimote_msgs/share/wiimote_msgs/rust/src/lib.rs
-- Installing: /home/rhobtor/PHD/test_j8_hayat/J8/install/wiimote_msgs/share/wiimote_msgs/rust/src/msg.rs
-- Installing: /home/rhobtor/PHD/test_j8_hayat/J8/install/wiimote_msgs/share/wiimote_msgs/rust/src/msg
-- Installing: /home/rhobtor/PHD/test_j8_hayat/J8/install/wiimote_msgs/share/wiimote_msgs/rust/src/msg/rmw.rs
-- Installing: /home/rhobtor/PHD/test_j8_hayat/J8/install/wiimote_msgs/share/wiimote_msgs/rust/Cargo.toml
-- Installing: /home/rhobtor/PHD/test_j8_hayat/J8/install/wiimote_msgs/share/wiimote_msgs/rust/build.rs
-- Installing: /home/rhobtor/PHD/test_j8_hayat/J8/install/wiimote_msgs/share/wiimote_msgs/msg/IrSourceInfo.idl
-- Installing: /home/rhobtor/PHD/test_j8_hayat/J8/install/wiimote_msgs/share/wiimote_msgs/msg/State.idl
-- Installing: /home/rhobtor/PHD/test_j8_hayat/J8/install/wiimote_msgs/share/wiimote_msgs/msg/TimedSwitch.idl
-- Installing: /home/rhobtor/PHD/test_j8_hayat/J8/install/wiimote_msgs/share/wiimote_msgs/msg/IrSourceInfo.msg
-- Installing: /home/rhobtor/PHD/test_j8_hayat/J8/install/wiimote_msgs/share/wiimote_msgs/msg/State.msg
-- Installing: /home/rhobtor/PHD/test_j8_hayat/J8/install/wiimote_msgs/share/wiimote_msgs/msg/TimedSwitch.msg
-- Installing: /home/rhobtor/PHD/test_j8_hayat/J8/install/wiimote_msgs/share/ament_index/resource_index/package_run_dependencies/wiimote_msgs
-- Installing: /home/rhobtor/PHD/test_j8_hayat/J8/install/wiimote_msgs/share/ament_index/resource_index/parent_prefix_path/wiimote_msgs
-- Installing: /home/rhobtor/PHD/test_j8_hayat/J8/install/wiimote_msgs/share/wiimote_msgs/environment/ament_prefix_path.sh
-- Installing: /home/rhobtor/PHD/test_j8_hayat/J8/install/wiimote_msgs/share/wiimote_msgs/environment/ament_prefix_path.dsv
-- Installing: /home/rhobtor/PHD/test_j8_hayat/J8/install/wiimote_msgs/share/wiimote_msgs/environment/path.sh
-- Installing: /home/rhobtor/PHD/test_j8_hayat/J8/install/wiimote_msgs/share/wiimote_msgs/environment/path.dsv
-- Installing: /home/rhobtor/PHD/test_j8_hayat/J8/install/wiimote_msgs/share/wiimote_msgs/local_setup.bash
-- Installing: /home/rhobtor/PHD/test_j8_hayat/J8/install/wiimote_msgs/share/wiimote_msgs/local_setup.sh
-- Installing: /home/rhobtor/PHD/test_j8_hayat/J8/install/wiimote_msgs/share/wiimote_msgs/local_setup.zsh
-- Installing: /home/rhobtor/PHD/test_j8_hayat/J8/install/wiimote_msgs/share/wiimote_msgs/local_setup.dsv
-- Installing: /home/rhobtor/PHD/test_j8_hayat/J8/install/wiimote_msgs/share/wiimote_msgs/package.dsv
-- Installing: /home/rhobtor/PHD/test_j8_hayat/J8/install/wiimote_msgs/share/ament_index/resource_index/packages/wiimote_msgs
-- Installing: /home/rhobtor/PHD/test_j8_hayat/J8/install/wiimote_msgs/share/wiimote_msgs/cmake/export_wiimote_msgs__rosidl_generator_cExport.cmake
-- Installing: /home/rhobtor/PHD/test_j8_hayat/J8/install/wiimote_msgs/share/wiimote_msgs/cmake/export_wiimote_msgs__rosidl_generator_cExport-noconfig.cmake
-- Installing: /home/rhobtor/PHD/test_j8_hayat/J8/install/wiimote_msgs/share/wiimote_msgs/cmake/export_wiimote_msgs__rosidl_typesupport_fastrtps_cExport.cmake
-- Installing: /home/rhobtor/PHD/test_j8_hayat/J8/install/wiimote_msgs/share/wiimote_msgs/cmake/export_wiimote_msgs__rosidl_typesupport_fastrtps_cExport-noconfig.cmake
-- Installing: /home/rhobtor/PHD/test_j8_hayat/J8/install/wiimote_msgs/share/wiimote_msgs/cmake/export_wiimote_msgs__rosidl_generator_cppExport.cmake
-- Installing: /home/rhobtor/PHD/test_j8_hayat/J8/install/wiimote_msgs/share/wiimote_msgs/cmake/export_wiimote_msgs__rosidl_typesupport_fastrtps_cppExport.cmake
-- Installing: /home/rhobtor/PHD/test_j8_hayat/J8/install/wiimote_msgs/share/wiimote_msgs/cmake/export_wiimote_msgs__rosidl_typesupport_fastrtps_cppExport-noconfig.cmake
-- Installing: /home/rhobtor/PHD/test_j8_hayat/J8/install/wiimote_msgs/share/wiimote_msgs/cmake/wiimote_msgs__rosidl_typesupport_introspection_cExport.cmake
-- Installing: /home/rhobtor/PHD/test_j8_hayat/J8/install/wiimote_msgs/share/wiimote_msgs/cmake/wiimote_msgs__rosidl_typesupport_introspection_cExport-noconfig.cmake
-- Installing: /home/rhobtor/PHD/test_j8_hayat/J8/install/wiimote_msgs/share/wiimote_msgs/cmake/wiimote_msgs__rosidl_typesupport_cExport.cmake
-- Installing: /home/rhobtor/PHD/test_j8_hayat/J8/install/wiimote_msgs/share/wiimote_msgs/cmake/wiimote_msgs__rosidl_typesupport_cExport-noconfig.cmake
-- Installing: /home/rhobtor/PHD/test_j8_hayat/J8/install/wiimote_msgs/share/wiimote_msgs/cmake/wiimote_msgs__rosidl_typesupport_introspection_cppExport.cmake
-- Installing: /home/rhobtor/PHD/test_j8_hayat/J8/install/wiimote_msgs/share/wiimote_msgs/cmake/wiimote_msgs__rosidl_typesupport_introspection_cppExport-noconfig.cmake
-- Installing: /home/rhobtor/PHD/test_j8_hayat/J8/install/wiimote_msgs/share/wiimote_msgs/cmake/wiimote_msgs__rosidl_typesupport_cppExport.cmake
-- Installing: /home/rhobtor/PHD/test_j8_hayat/J8/install/wiimote_msgs/share/wiimote_msgs/cmake/wiimote_msgs__rosidl_typesupport_cppExport-noconfig.cmake
-- Installing: /home/rhobtor/PHD/test_j8_hayat/J8/install/wiimote_msgs/share/wiimote_msgs/cmake/export_wiimote_msgs__rosidl_generator_pyExport.cmake
-- Installing: /home/rhobtor/PHD/test_j8_hayat/J8/install/wiimote_msgs/share/wiimote_msgs/cmake/export_wiimote_msgs__rosidl_generator_pyExport-noconfig.cmake
-- Installing: /home/rhobtor/PHD/test_j8_hayat/J8/install/wiimote_msgs/share/wiimote_msgs/cmake/rosidl_cmake-extras.cmake
-- Installing: /home/rhobtor/PHD/test_j8_hayat/J8/install/wiimote_msgs/share/wiimote_msgs/cmake/ament_cmake_export_dependencies-extras.cmake
-- Installing: /home/rhobtor/PHD/test_j8_hayat/J8/install/wiimote_msgs/share/wiimote_msgs/cmake/ament_cmake_export_include_directories-extras.cmake
-- Installing: /home/rhobtor/PHD/test_j8_hayat/J8/install/wiimote_msgs/share/wiimote_msgs/cmake/ament_cmake_export_libraries-extras.cmake
-- Installing: /home/rhobtor/PHD/test_j8_hayat/J8/install/wiimote_msgs/share/wiimote_msgs/cmake/ament_cmake_export_targets-extras.cmake
-- Installing: /home/rhobtor/PHD/test_j8_hayat/J8/install/wiimote_msgs/share/wiimote_msgs/cmake/rosidl_cmake_export_typesupport_targets-extras.cmake
-- Installing: /home/rhobtor/PHD/test_j8_hayat/J8/install/wiimote_msgs/share/wiimote_msgs/cmake/rosidl_cmake_export_typesupport_libraries-extras.cmake
-- Installing: /home/rhobtor/PHD/test_j8_hayat/J8/install/wiimote_msgs/share/wiimote_msgs/cmake/wiimote_msgsConfig.cmake
-- Installing: /home/rhobtor/PHD/test_j8_hayat/J8/install/wiimote_msgs/share/wiimote_msgs/cmake/wiimote_msgsConfig-version.cmake
-- Installing: /home/rhobtor/PHD/test_j8_hayat/J8/install/wiimote_msgs/share/wiimote_msgs/package.xml
