[0.034s] Invoking command in '/home/rhobtor/PHD/test_j8_hayat/J8/build/wiimote_msgs': CMAKE_PREFIX_PATH=${CMAKE_PREFIX_PATH}:/home/rhobtor/PHD/ARGOJ8_IA/ARGOSJ8_IA_/install/ntrip_client:/home/rhobtor/PHD/ARGOJ8_IA/ARGOSJ8_IA_/install/j8_gui:/home/rhobtor/PHD/ARGOJ8_IA/ARGOSJ8_IA_/install/car:/home/rhobtor/PHD/ARGOJ8_IA/ARGOSJ8_IA_/install/android_ros2_server:/home/rhobtor/PHD/ARGOJ8_IA/ARGOSJ8_IA_/install/GUI_pkg:/opt/ros/humble /opt/st/stm32cubeclt_1.18.0/CMake/bin/cmake /home/rhobtor/PHD/test_j8_hayat/J8/src/j8_joystick/wiimote_msgs -DCMAKE_INSTALL_PREFIX=/home/rhobtor/PHD/test_j8_hayat/J8/install/wiimote_msgs
[3.763s] -- The C compiler identification is GNU 11.4.0
[3.764s] -- The CXX compiler identification is GNU 11.4.0
[3.764s] -- Detecting C compiler ABI info
[3.764s] -- Detecting C compiler ABI info - done
[3.764s] -- Check for working C compiler: /usr/bin/cc - skipped
[3.764s] -- Detecting C compile features
[3.765s] -- Detecting C compile features - done
[3.765s] -- Detecting CXX compiler ABI info
[3.768s] -- Detecting CXX compiler ABI info - done
[3.768s] -- Check for working CXX compiler: /usr/bin/c++ - skipped
[3.769s] -- Detecting CXX compile features
[3.769s] -- Detecting CXX compile features - done
[3.769s] -- Found ament_cmake: 1.3.14 (/opt/ros/humble/share/ament_cmake/cmake)
[3.769s] -- Found Python3: /usr/bin/python3 (found version "3.10.12") found components: Interpreter 
[3.770s] -- Found ament_cmake_auto: 1.3.14 (/opt/ros/humble/share/ament_cmake_auto/cmake)
[3.770s] -- Found rosidl_generator_c: 3.1.8 (/opt/ros/humble/share/rosidl_generator_c/cmake)
[3.770s] -- Found rosidl_adapter: 3.1.8 (/opt/ros/humble/share/rosidl_adapter/cmake)
[3.770s] -- Found rosidl_generator_cpp: 3.1.8 (/opt/ros/humble/share/rosidl_generator_cpp/cmake)
[3.770s] -- Using all available rosidl_typesupport_c: rosidl_typesupport_fastrtps_c;rosidl_typesupport_introspection_c
[3.771s] -- Using all available rosidl_typesupport_cpp: rosidl_typesupport_fastrtps_cpp;rosidl_typesupport_introspection_cpp
[3.771s] -- Found ament_lint_auto: 0.12.15 (/opt/ros/humble/share/ament_lint_auto/cmake)
[4.445s] -- Found ament_cmake_ros: 0.10.0 (/opt/ros/humble/share/ament_cmake_ros/cmake)
[10.221s] -- Using all available rosidl_typesupport_c: rosidl_typesupport_fastrtps_c;rosidl_typesupport_introspection_c
[14.559s] -- Using all available rosidl_typesupport_cpp: rosidl_typesupport_fastrtps_cpp;rosidl_typesupport_introspection_cpp
[14.573s] [33mCMake Warning (dev) at /opt/ros/humble/share/rosidl_generator_py/cmake/rosidl_generator_py_generate_interfaces.cmake:20 (find_package):
[14.573s]   Policy CMP0148 is not set: The FindPythonInterp and FindPythonLibs modules
[14.573s]   are removed.  Run "cmake --help-policy CMP0148" for policy details.  Use
[14.573s]   the cmake_policy command to set the policy and suppress this warning.
[14.573s] 
[14.574s] Call Stack (most recent call first):
[14.574s]   /opt/ros/humble/share/ament_cmake_core/cmake/core/ament_execute_extensions.cmake:48 (include)
[14.574s]   /opt/ros/humble/share/rosidl_cmake/cmake/rosidl_generate_interfaces.cmake:286 (ament_execute_extensions)
[14.574s]   CMakeLists.txt:36 (rosidl_generate_interfaces)
[14.574s] This warning is for project developers.  Use -Wno-dev to suppress it.
[14.574s] [0m
[14.664s] -- Found PythonInterp: /usr/bin/python3 (found suitable version "3.10.12", minimum required is "3.6") 
[14.681s] -- Found python_cmake_module: 0.10.0 (/opt/ros/humble/share/python_cmake_module/cmake)
[14.682s] [33mCMake Warning (dev) at /opt/ros/humble/share/python_cmake_module/cmake/Modules/FindPythonExtra.cmake:52 (find_package):
[14.682s]   Policy CMP0148 is not set: The FindPythonInterp and FindPythonLibs modules
[14.682s]   are removed.  Run "cmake --help-policy CMP0148" for policy details.  Use
[14.684s]   the cmake_policy command to set the policy and suppress this warning.
[14.685s] 
[14.685s] Call Stack (most recent call first):
[14.685s]   /opt/ros/humble/share/rosidl_generator_py/cmake/rosidl_generator_py_generate_interfaces.cmake:23 (find_package)
[14.685s]   /opt/ros/humble/share/ament_cmake_core/cmake/core/ament_execute_extensions.cmake:48 (include)
[14.696s]   /opt/ros/humble/share/rosidl_cmake/cmake/rosidl_generate_interfaces.cmake:286 (ament_execute_extensions)
[14.696s]   CMakeLists.txt:36 (rosidl_generate_interfaces)
[14.696s] This warning is for project developers.  Use -Wno-dev to suppress it.
[14.696s] [0m
[14.785s] [33mCMake Warning (dev) at /opt/ros/humble/share/python_cmake_module/cmake/Modules/FindPythonExtra.cmake:140 (find_package):
[14.785s]   Policy CMP0148 is not set: The FindPythonInterp and FindPythonLibs modules
[14.785s]   are removed.  Run "cmake --help-policy CMP0148" for policy details.  Use
[14.785s]   the cmake_policy command to set the policy and suppress this warning.
[14.785s] 
[14.786s] Call Stack (most recent call first):
[14.786s]   /opt/ros/humble/share/rosidl_generator_py/cmake/rosidl_generator_py_generate_interfaces.cmake:23 (find_package)
[14.786s]   /opt/ros/humble/share/ament_cmake_core/cmake/core/ament_execute_extensions.cmake:48 (include)
[14.786s]   /opt/ros/humble/share/rosidl_cmake/cmake/rosidl_generate_interfaces.cmake:286 (ament_execute_extensions)
[14.786s]   CMakeLists.txt:36 (rosidl_generate_interfaces)
[14.787s] This warning is for project developers.  Use -Wno-dev to suppress it.
[14.787s] [0m
[14.810s] -- Found PythonLibs: /usr/lib/x86_64-linux-gnu/libpython3.10.so (found suitable version "3.10.12", minimum required is "3.5") 
[14.810s] -- Using PYTHON_EXECUTABLE: /usr/bin/python3
[14.811s] -- Using PYTHON_INCLUDE_DIRS: /usr/include/python3.10
[14.811s] -- Using PYTHON_LIBRARIES: /usr/lib/x86_64-linux-gnu/libpython3.10.so
[14.905s] -- Found PythonExtra: .so  
[16.902s] -- Added test 'copyright' to check source files copyright and LICENSE
[16.942s] -- Added test 'lint_cmake' to check CMake code style
[16.956s] -- Added test 'xmllint' to check XML markup files
[17.041s] -- Configuring done (17.0s)
[17.602s] -- Generating done (0.4s)
[17.763s] -- Build files have been written to: /home/rhobtor/PHD/test_j8_hayat/J8/build/wiimote_msgs
[17.883s] Invoked command in '/home/rhobtor/PHD/test_j8_hayat/J8/build/wiimote_msgs' returned '0': CMAKE_PREFIX_PATH=${CMAKE_PREFIX_PATH}:/home/rhobtor/PHD/ARGOJ8_IA/ARGOSJ8_IA_/install/ntrip_client:/home/rhobtor/PHD/ARGOJ8_IA/ARGOSJ8_IA_/install/j8_gui:/home/rhobtor/PHD/ARGOJ8_IA/ARGOSJ8_IA_/install/car:/home/rhobtor/PHD/ARGOJ8_IA/ARGOSJ8_IA_/install/android_ros2_server:/home/rhobtor/PHD/ARGOJ8_IA/ARGOSJ8_IA_/install/GUI_pkg:/opt/ros/humble /opt/st/stm32cubeclt_1.18.0/CMake/bin/cmake /home/rhobtor/PHD/test_j8_hayat/J8/src/j8_joystick/wiimote_msgs -DCMAKE_INSTALL_PREFIX=/home/rhobtor/PHD/test_j8_hayat/J8/install/wiimote_msgs
[17.890s] Invoking command in '/home/rhobtor/PHD/test_j8_hayat/J8/build/wiimote_msgs': CMAKE_PREFIX_PATH=${CMAKE_PREFIX_PATH}:/home/rhobtor/PHD/ARGOJ8_IA/ARGOSJ8_IA_/install/ntrip_client:/home/rhobtor/PHD/ARGOJ8_IA/ARGOSJ8_IA_/install/j8_gui:/home/rhobtor/PHD/ARGOJ8_IA/ARGOSJ8_IA_/install/car:/home/rhobtor/PHD/ARGOJ8_IA/ARGOSJ8_IA_/install/android_ros2_server:/home/rhobtor/PHD/ARGOJ8_IA/ARGOSJ8_IA_/install/GUI_pkg:/opt/ros/humble /opt/st/stm32cubeclt_1.18.0/CMake/bin/cmake --build /home/rhobtor/PHD/test_j8_hayat/J8/build/wiimote_msgs -- -j16 -l16
[28.156s] [  2%] [34m[1mGenerating C code for ROS interfaces[0m
[28.156s] [  4%] [34m[1mGenerating C++ code for ROS interfaces[0m
[28.156s] [  6%] [34m[1mGenerating Rust code for ROS interfaces[0m
[28.156s] [  6%] Built target ament_cmake_python_copy_wiimote_msgs
[28.157s] running egg_info
[28.157s] creating wiimote_msgs.egg-info
[28.157s] writing wiimote_msgs.egg-info/PKG-INFO
[28.157s] writing dependency_links to wiimote_msgs.egg-info/dependency_links.txt
[28.157s] writing top-level names to wiimote_msgs.egg-info/top_level.txt
[28.157s] writing manifest file 'wiimote_msgs.egg-info/SOURCES.txt'
[28.157s] reading manifest file 'wiimote_msgs.egg-info/SOURCES.txt'
[28.158s] writing manifest file 'wiimote_msgs.egg-info/SOURCES.txt'
[28.158s] [  6%] Built target ament_cmake_python_build_wiimote_msgs_egg
[28.158s] [  6%] Built target wiimote_msgs__rs
[28.158s] [  6%] Built target wiimote_msgs__cpp
[28.158s] [  8%] [32mBuilding C object CMakeFiles/wiimote_msgs__rosidl_generator_c.dir/rosidl_generator_c/wiimote_msgs/msg/detail/ir_source_info__functions.c.o[0m
[28.158s] [ 10%] [32mBuilding C object CMakeFiles/wiimote_msgs__rosidl_generator_c.dir/rosidl_generator_c/wiimote_msgs/msg/detail/timed_switch__functions.c.o[0m
[28.159s] [ 12%] [32mBuilding C object CMakeFiles/wiimote_msgs__rosidl_generator_c.dir/rosidl_generator_c/wiimote_msgs/msg/detail/state__functions.c.o[0m
[28.159s] [ 14%] [32m[1mLinking C shared library libwiimote_msgs__rosidl_generator_c.so[0m
[28.159s] [ 14%] Built target wiimote_msgs__rosidl_generator_c
[28.159s] [ 16%] [34m[1mGenerating C++ introspection for ROS interfaces[0m
[33.115s] [ 18%] [32mBuilding CXX object CMakeFiles/wiimote_msgs__rosidl_typesupport_introspection_cpp.dir/rosidl_typesupport_introspection_cpp/wiimote_msgs/msg/detail/ir_source_info__type_support.cpp.o[0m
[35.426s] [ 20%] [32mBuilding CXX object CMakeFiles/wiimote_msgs__rosidl_typesupport_introspection_cpp.dir/rosidl_typesupport_introspection_cpp/wiimote_msgs/msg/detail/timed_switch__type_support.cpp.o[0m
[37.300s] [ 22%] [32mBuilding CXX object CMakeFiles/wiimote_msgs__rosidl_typesupport_introspection_cpp.dir/rosidl_typesupport_introspection_cpp/wiimote_msgs/msg/detail/state__type_support.cpp.o[0m
[38.887s] [ 25%] [32m[1mLinking CXX shared library libwiimote_msgs__rosidl_typesupport_introspection_cpp.so[0m
[39.138s] [ 25%] Built target wiimote_msgs__rosidl_typesupport_introspection_cpp
[39.148s] [ 27%] [34m[1mGenerating C introspection for ROS interfaces[0m
[42.204s] [ 29%] [32mBuilding C object CMakeFiles/wiimote_msgs__rosidl_typesupport_introspection_c.dir/rosidl_typesupport_introspection_c/wiimote_msgs/msg/detail/ir_source_info__type_support.c.o[0m
[42.339s] [ 31%] [32mBuilding C object CMakeFiles/wiimote_msgs__rosidl_typesupport_introspection_c.dir/rosidl_typesupport_introspection_c/wiimote_msgs/msg/detail/timed_switch__type_support.c.o[0m
[42.473s] [ 33%] [32mBuilding C object CMakeFiles/wiimote_msgs__rosidl_typesupport_introspection_c.dir/rosidl_typesupport_introspection_c/wiimote_msgs/msg/detail/state__type_support.c.o[0m
[42.715s] [ 35%] [32m[1mLinking C shared library libwiimote_msgs__rosidl_typesupport_introspection_c.so[0m
[42.795s] [ 35%] Built target wiimote_msgs__rosidl_typesupport_introspection_c
[42.818s] [ 37%] [34m[1mGenerating C type support dispatch for ROS interfaces[0m
[45.024s] [ 39%] [32mBuilding CXX object CMakeFiles/wiimote_msgs__rosidl_typesupport_c.dir/rosidl_typesupport_c/wiimote_msgs/msg/ir_source_info__type_support.cpp.o[0m
[45.089s] [ 41%] [32mBuilding CXX object CMakeFiles/wiimote_msgs__rosidl_typesupport_c.dir/rosidl_typesupport_c/wiimote_msgs/msg/timed_switch__type_support.cpp.o[0m
[45.134s] [ 43%] [32mBuilding CXX object CMakeFiles/wiimote_msgs__rosidl_typesupport_c.dir/rosidl_typesupport_c/wiimote_msgs/msg/state__type_support.cpp.o[0m
[45.200s] [ 45%] [32m[1mLinking CXX shared library libwiimote_msgs__rosidl_typesupport_c.so[0m
[45.289s] [ 45%] Built target wiimote_msgs__rosidl_typesupport_c
[45.304s] [ 47%] [34m[1mGenerating C type support for eProsima Fast-RTPS[0m
[46.924s] [ 50%] [32mBuilding CXX object CMakeFiles/wiimote_msgs__rosidl_typesupport_fastrtps_c.dir/rosidl_typesupport_fastrtps_c/wiimote_msgs/msg/detail/ir_source_info__type_support_c.cpp.o[0m
[47.582s] [ 52%] [32mBuilding CXX object CMakeFiles/wiimote_msgs__rosidl_typesupport_fastrtps_c.dir/rosidl_typesupport_fastrtps_c/wiimote_msgs/msg/detail/timed_switch__type_support_c.cpp.o[0m
[48.367s] [ 54%] [32mBuilding CXX object CMakeFiles/wiimote_msgs__rosidl_typesupport_fastrtps_c.dir/rosidl_typesupport_fastrtps_c/wiimote_msgs/msg/detail/state__type_support_c.cpp.o[0m
[49.273s] [ 56%] [32m[1mLinking CXX shared library libwiimote_msgs__rosidl_typesupport_fastrtps_c.so[0m
[49.449s] [ 56%] Built target wiimote_msgs__rosidl_typesupport_fastrtps_c
[49.465s] [ 58%] [34m[1mGenerating C++ type support dispatch for ROS interfaces[0m
[51.066s] [ 60%] [32mBuilding CXX object CMakeFiles/wiimote_msgs__rosidl_typesupport_cpp.dir/rosidl_typesupport_cpp/wiimote_msgs/msg/ir_source_info__type_support.cpp.o[0m
[51.622s] [ 62%] [32mBuilding CXX object CMakeFiles/wiimote_msgs__rosidl_typesupport_cpp.dir/rosidl_typesupport_cpp/wiimote_msgs/msg/timed_switch__type_support.cpp.o[0m
[52.124s] [ 64%] [32mBuilding CXX object CMakeFiles/wiimote_msgs__rosidl_typesupport_cpp.dir/rosidl_typesupport_cpp/wiimote_msgs/msg/state__type_support.cpp.o[0m
[52.651s] [ 66%] [32m[1mLinking CXX shared library libwiimote_msgs__rosidl_typesupport_cpp.so[0m
[52.715s] [ 66%] Built target wiimote_msgs__rosidl_typesupport_cpp
[52.731s] [ 68%] [34m[1mGenerating C++ type support for eProsima Fast-RTPS[0m
[54.556s] [ 70%] [32mBuilding CXX object CMakeFiles/wiimote_msgs__rosidl_typesupport_fastrtps_cpp.dir/rosidl_typesupport_fastrtps_cpp/wiimote_msgs/msg/detail/dds_fastrtps/ir_source_info__type_support.cpp.o[0m
[55.314s] [ 72%] [32mBuilding CXX object CMakeFiles/wiimote_msgs__rosidl_typesupport_fastrtps_cpp.dir/rosidl_typesupport_fastrtps_cpp/wiimote_msgs/msg/detail/dds_fastrtps/timed_switch__type_support.cpp.o[0m
[55.972s] [ 75%] [32mBuilding CXX object CMakeFiles/wiimote_msgs__rosidl_typesupport_fastrtps_cpp.dir/rosidl_typesupport_fastrtps_cpp/wiimote_msgs/msg/detail/dds_fastrtps/state__type_support.cpp.o[0m
[56.690s] [ 77%] [32m[1mLinking CXX shared library libwiimote_msgs__rosidl_typesupport_fastrtps_cpp.so[0m
[56.888s] [ 77%] Built target wiimote_msgs__rosidl_typesupport_fastrtps_cpp
[56.906s] [ 77%] Built target wiimote_msgs
[56.926s] [ 79%] [34m[1mGenerating Python code for ROS interfaces[0m
[59.276s] [ 79%] Built target wiimote_msgs__py
[59.303s] [ 81%] [32mBuilding C object CMakeFiles/wiimote_msgs__rosidl_generator_py.dir/rosidl_generator_py/wiimote_msgs/msg/_ir_source_info_s.c.o[0m
[59.582s] [ 83%] [32mBuilding C object CMakeFiles/wiimote_msgs__rosidl_generator_py.dir/rosidl_generator_py/wiimote_msgs/msg/_timed_switch_s.c.o[0m
[59.873s] [ 85%] [32mBuilding C object CMakeFiles/wiimote_msgs__rosidl_generator_py.dir/rosidl_generator_py/wiimote_msgs/msg/_state_s.c.o[0m
[60.073s] [ 87%] [32m[1mLinking C shared library rosidl_generator_py/wiimote_msgs/libwiimote_msgs__rosidl_generator_py.so[0m
[60.132s] [ 87%] Built target wiimote_msgs__rosidl_generator_py
[60.152s] [ 89%] [32mBuilding C object CMakeFiles/wiimote_msgs__rosidl_typesupport_fastrtps_c__pyext.dir/rosidl_generator_py/wiimote_msgs/_wiimote_msgs_s.ep.rosidl_typesupport_fastrtps_c.c.o[0m
[60.314s] [ 91%] [32m[1mLinking C shared library rosidl_generator_py/wiimote_msgs/wiimote_msgs_s__rosidl_typesupport_fastrtps_c.cpython-310-x86_64-linux-gnu.so[0m
[60.365s] [ 91%] Built target wiimote_msgs__rosidl_typesupport_fastrtps_c__pyext
[60.384s] [ 93%] [32mBuilding C object CMakeFiles/wiimote_msgs__rosidl_typesupport_c__pyext.dir/rosidl_generator_py/wiimote_msgs/_wiimote_msgs_s.ep.rosidl_typesupport_c.c.o[0m
[60.546s] [ 95%] [32m[1mLinking C shared library rosidl_generator_py/wiimote_msgs/wiimote_msgs_s__rosidl_typesupport_c.cpython-310-x86_64-linux-gnu.so[0m
[60.595s] [ 95%] Built target wiimote_msgs__rosidl_typesupport_c__pyext
[60.613s] [ 97%] [32mBuilding C object CMakeFiles/wiimote_msgs__rosidl_typesupport_introspection_c__pyext.dir/rosidl_generator_py/wiimote_msgs/_wiimote_msgs_s.ep.rosidl_typesupport_introspection_c.c.o[0m
[60.774s] [100%] [32m[1mLinking C shared library rosidl_generator_py/wiimote_msgs/wiimote_msgs_s__rosidl_typesupport_introspection_c.cpython-310-x86_64-linux-gnu.so[0m
[60.825s] [100%] Built target wiimote_msgs__rosidl_typesupport_introspection_c__pyext
[60.834s] Invoked command in '/home/rhobtor/PHD/test_j8_hayat/J8/build/wiimote_msgs' returned '0': CMAKE_PREFIX_PATH=${CMAKE_PREFIX_PATH}:/home/rhobtor/PHD/ARGOJ8_IA/ARGOSJ8_IA_/install/ntrip_client:/home/rhobtor/PHD/ARGOJ8_IA/ARGOSJ8_IA_/install/j8_gui:/home/rhobtor/PHD/ARGOJ8_IA/ARGOSJ8_IA_/install/car:/home/rhobtor/PHD/ARGOJ8_IA/ARGOSJ8_IA_/install/android_ros2_server:/home/rhobtor/PHD/ARGOJ8_IA/ARGOSJ8_IA_/install/GUI_pkg:/opt/ros/humble /opt/st/stm32cubeclt_1.18.0/CMake/bin/cmake --build /home/rhobtor/PHD/test_j8_hayat/J8/build/wiimote_msgs -- -j16 -l16
[60.839s] Invoking command in '/home/rhobtor/PHD/test_j8_hayat/J8/build/wiimote_msgs': CMAKE_PREFIX_PATH=${CMAKE_PREFIX_PATH}:/home/rhobtor/PHD/ARGOJ8_IA/ARGOSJ8_IA_/install/ntrip_client:/home/rhobtor/PHD/ARGOJ8_IA/ARGOSJ8_IA_/install/j8_gui:/home/rhobtor/PHD/ARGOJ8_IA/ARGOSJ8_IA_/install/car:/home/rhobtor/PHD/ARGOJ8_IA/ARGOSJ8_IA_/install/android_ros2_server:/home/rhobtor/PHD/ARGOJ8_IA/ARGOSJ8_IA_/install/GUI_pkg:/opt/ros/humble /opt/st/stm32cubeclt_1.18.0/CMake/bin/cmake --install /home/rhobtor/PHD/test_j8_hayat/J8/build/wiimote_msgs
[60.844s] -- Install configuration: ""
[60.844s] -- Installing: /home/rhobtor/PHD/test_j8_hayat/J8/install/wiimote_msgs/share/ament_index/resource_index/rosidl_interfaces/wiimote_msgs
[60.844s] -- Installing: /home/rhobtor/PHD/test_j8_hayat/J8/install/wiimote_msgs/include/wiimote_msgs/wiimote_msgs
[60.844s] -- Installing: /home/rhobtor/PHD/test_j8_hayat/J8/install/wiimote_msgs/include/wiimote_msgs/wiimote_msgs/msg
[60.845s] -- Installing: /home/rhobtor/PHD/test_j8_hayat/J8/install/wiimote_msgs/include/wiimote_msgs/wiimote_msgs/msg/state.h
[60.845s] -- Installing: /home/rhobtor/PHD/test_j8_hayat/J8/install/wiimote_msgs/include/wiimote_msgs/wiimote_msgs/msg/rosidl_generator_c__visibility_control.h
[60.845s] -- Installing: /home/rhobtor/PHD/test_j8_hayat/J8/install/wiimote_msgs/include/wiimote_msgs/wiimote_msgs/msg/timed_switch.h
[60.845s] -- Installing: /home/rhobtor/PHD/test_j8_hayat/J8/install/wiimote_msgs/include/wiimote_msgs/wiimote_msgs/msg/detail
[60.845s] -- Installing: /home/rhobtor/PHD/test_j8_hayat/J8/install/wiimote_msgs/include/wiimote_msgs/wiimote_msgs/msg/detail/state__type_support.h
[60.846s] -- Installing: /home/rhobtor/PHD/test_j8_hayat/J8/install/wiimote_msgs/include/wiimote_msgs/wiimote_msgs/msg/detail/state__struct.h
[60.846s] -- Installing: /home/rhobtor/PHD/test_j8_hayat/J8/install/wiimote_msgs/include/wiimote_msgs/wiimote_msgs/msg/detail/ir_source_info__functions.h
[60.846s] -- Installing: /home/rhobtor/PHD/test_j8_hayat/J8/install/wiimote_msgs/include/wiimote_msgs/wiimote_msgs/msg/detail/timed_switch__type_support.h
[60.846s] -- Installing: /home/rhobtor/PHD/test_j8_hayat/J8/install/wiimote_msgs/include/wiimote_msgs/wiimote_msgs/msg/detail/timed_switch__struct.h
[60.846s] -- Installing: /home/rhobtor/PHD/test_j8_hayat/J8/install/wiimote_msgs/include/wiimote_msgs/wiimote_msgs/msg/detail/ir_source_info__functions.c
[60.846s] -- Installing: /home/rhobtor/PHD/test_j8_hayat/J8/install/wiimote_msgs/include/wiimote_msgs/wiimote_msgs/msg/detail/ir_source_info__type_support.h
[60.847s] -- Installing: /home/rhobtor/PHD/test_j8_hayat/J8/install/wiimote_msgs/include/wiimote_msgs/wiimote_msgs/msg/detail/timed_switch__functions.h
[60.847s] -- Installing: /home/rhobtor/PHD/test_j8_hayat/J8/install/wiimote_msgs/include/wiimote_msgs/wiimote_msgs/msg/detail/timed_switch__functions.c
[60.847s] -- Installing: /home/rhobtor/PHD/test_j8_hayat/J8/install/wiimote_msgs/include/wiimote_msgs/wiimote_msgs/msg/detail/state__functions.h
[60.847s] -- Installing: /home/rhobtor/PHD/test_j8_hayat/J8/install/wiimote_msgs/include/wiimote_msgs/wiimote_msgs/msg/detail/ir_source_info__struct.h
[60.847s] -- Installing: /home/rhobtor/PHD/test_j8_hayat/J8/install/wiimote_msgs/include/wiimote_msgs/wiimote_msgs/msg/detail/state__functions.c
[60.847s] -- Installing: /home/rhobtor/PHD/test_j8_hayat/J8/install/wiimote_msgs/include/wiimote_msgs/wiimote_msgs/msg/ir_source_info.h
[60.847s] -- Installing: /home/rhobtor/PHD/test_j8_hayat/J8/install/wiimote_msgs/share/wiimote_msgs/environment/library_path.sh
[60.847s] -- Installing: /home/rhobtor/PHD/test_j8_hayat/J8/install/wiimote_msgs/share/wiimote_msgs/environment/library_path.dsv
[60.848s] -- Installing: /home/rhobtor/PHD/test_j8_hayat/J8/install/wiimote_msgs/lib/libwiimote_msgs__rosidl_generator_c.so
[60.848s] -- Set non-toolchain portion of runtime path of "/home/rhobtor/PHD/test_j8_hayat/J8/install/wiimote_msgs/lib/libwiimote_msgs__rosidl_generator_c.so" to ""
[60.848s] -- Up-to-date: /home/rhobtor/PHD/test_j8_hayat/J8/install/wiimote_msgs/include/wiimote_msgs/wiimote_msgs
[60.848s] -- Up-to-date: /home/rhobtor/PHD/test_j8_hayat/J8/install/wiimote_msgs/include/wiimote_msgs/wiimote_msgs/msg
[60.848s] -- Up-to-date: /home/rhobtor/PHD/test_j8_hayat/J8/install/wiimote_msgs/include/wiimote_msgs/wiimote_msgs/msg/detail
[60.848s] -- Installing: /home/rhobtor/PHD/test_j8_hayat/J8/install/wiimote_msgs/include/wiimote_msgs/wiimote_msgs/msg/detail/ir_source_info__rosidl_typesupport_fastrtps_c.h
[60.849s] -- Installing: /home/rhobtor/PHD/test_j8_hayat/J8/install/wiimote_msgs/include/wiimote_msgs/wiimote_msgs/msg/detail/state__rosidl_typesupport_fastrtps_c.h
[60.849s] -- Installing: /home/rhobtor/PHD/test_j8_hayat/J8/install/wiimote_msgs/include/wiimote_msgs/wiimote_msgs/msg/detail/timed_switch__rosidl_typesupport_fastrtps_c.h
[60.849s] -- Installing: /home/rhobtor/PHD/test_j8_hayat/J8/install/wiimote_msgs/include/wiimote_msgs/wiimote_msgs/msg/rosidl_typesupport_fastrtps_c__visibility_control.h
[60.849s] -- Installing: /home/rhobtor/PHD/test_j8_hayat/J8/install/wiimote_msgs/lib/libwiimote_msgs__rosidl_typesupport_fastrtps_c.so
[60.849s] -- Set non-toolchain portion of runtime path of "/home/rhobtor/PHD/test_j8_hayat/J8/install/wiimote_msgs/lib/libwiimote_msgs__rosidl_typesupport_fastrtps_c.so" to ""
[60.850s] -- Up-to-date: /home/rhobtor/PHD/test_j8_hayat/J8/install/wiimote_msgs/include/wiimote_msgs/wiimote_msgs
[60.850s] -- Up-to-date: /home/rhobtor/PHD/test_j8_hayat/J8/install/wiimote_msgs/include/wiimote_msgs/wiimote_msgs/msg
[60.850s] -- Installing: /home/rhobtor/PHD/test_j8_hayat/J8/install/wiimote_msgs/include/wiimote_msgs/wiimote_msgs/msg/ir_source_info.hpp
[60.850s] -- Installing: /home/rhobtor/PHD/test_j8_hayat/J8/install/wiimote_msgs/include/wiimote_msgs/wiimote_msgs/msg/timed_switch.hpp
[60.850s] -- Installing: /home/rhobtor/PHD/test_j8_hayat/J8/install/wiimote_msgs/include/wiimote_msgs/wiimote_msgs/msg/rosidl_generator_cpp__visibility_control.hpp
[60.850s] -- Installing: /home/rhobtor/PHD/test_j8_hayat/J8/install/wiimote_msgs/include/wiimote_msgs/wiimote_msgs/msg/state.hpp
[60.851s] -- Up-to-date: /home/rhobtor/PHD/test_j8_hayat/J8/install/wiimote_msgs/include/wiimote_msgs/wiimote_msgs/msg/detail
[60.851s] -- Installing: /home/rhobtor/PHD/test_j8_hayat/J8/install/wiimote_msgs/include/wiimote_msgs/wiimote_msgs/msg/detail/timed_switch__builder.hpp
[60.851s] -- Installing: /home/rhobtor/PHD/test_j8_hayat/J8/install/wiimote_msgs/include/wiimote_msgs/wiimote_msgs/msg/detail/ir_source_info__builder.hpp
[60.851s] -- Installing: /home/rhobtor/PHD/test_j8_hayat/J8/install/wiimote_msgs/include/wiimote_msgs/wiimote_msgs/msg/detail/ir_source_info__traits.hpp
[60.851s] -- Installing: /home/rhobtor/PHD/test_j8_hayat/J8/install/wiimote_msgs/include/wiimote_msgs/wiimote_msgs/msg/detail/state__type_support.hpp
[60.851s] -- Installing: /home/rhobtor/PHD/test_j8_hayat/J8/install/wiimote_msgs/include/wiimote_msgs/wiimote_msgs/msg/detail/state__builder.hpp
[60.852s] -- Installing: /home/rhobtor/PHD/test_j8_hayat/J8/install/wiimote_msgs/include/wiimote_msgs/wiimote_msgs/msg/detail/state__traits.hpp
[60.852s] -- Installing: /home/rhobtor/PHD/test_j8_hayat/J8/install/wiimote_msgs/include/wiimote_msgs/wiimote_msgs/msg/detail/timed_switch__traits.hpp
[60.852s] -- Installing: /home/rhobtor/PHD/test_j8_hayat/J8/install/wiimote_msgs/include/wiimote_msgs/wiimote_msgs/msg/detail/state__struct.hpp
[60.852s] -- Installing: /home/rhobtor/PHD/test_j8_hayat/J8/install/wiimote_msgs/include/wiimote_msgs/wiimote_msgs/msg/detail/timed_switch__type_support.hpp
[60.852s] -- Installing: /home/rhobtor/PHD/test_j8_hayat/J8/install/wiimote_msgs/include/wiimote_msgs/wiimote_msgs/msg/detail/ir_source_info__struct.hpp
[60.852s] -- Installing: /home/rhobtor/PHD/test_j8_hayat/J8/install/wiimote_msgs/include/wiimote_msgs/wiimote_msgs/msg/detail/ir_source_info__type_support.hpp
[60.852s] -- Installing: /home/rhobtor/PHD/test_j8_hayat/J8/install/wiimote_msgs/include/wiimote_msgs/wiimote_msgs/msg/detail/timed_switch__struct.hpp
[60.853s] -- Up-to-date: /home/rhobtor/PHD/test_j8_hayat/J8/install/wiimote_msgs/include/wiimote_msgs/wiimote_msgs
[60.853s] -- Up-to-date: /home/rhobtor/PHD/test_j8_hayat/J8/install/wiimote_msgs/include/wiimote_msgs/wiimote_msgs/msg
[60.853s] -- Installing: /home/rhobtor/PHD/test_j8_hayat/J8/install/wiimote_msgs/include/wiimote_msgs/wiimote_msgs/msg/rosidl_typesupport_fastrtps_cpp__visibility_control.h
[60.853s] -- Up-to-date: /home/rhobtor/PHD/test_j8_hayat/J8/install/wiimote_msgs/include/wiimote_msgs/wiimote_msgs/msg/detail
[60.853s] -- Installing: /home/rhobtor/PHD/test_j8_hayat/J8/install/wiimote_msgs/include/wiimote_msgs/wiimote_msgs/msg/detail/timed_switch__rosidl_typesupport_fastrtps_cpp.hpp
[60.853s] -- Installing: /home/rhobtor/PHD/test_j8_hayat/J8/install/wiimote_msgs/include/wiimote_msgs/wiimote_msgs/msg/detail/state__rosidl_typesupport_fastrtps_cpp.hpp
[60.854s] -- Installing: /home/rhobtor/PHD/test_j8_hayat/J8/install/wiimote_msgs/include/wiimote_msgs/wiimote_msgs/msg/detail/dds_fastrtps
[60.854s] -- Installing: /home/rhobtor/PHD/test_j8_hayat/J8/install/wiimote_msgs/include/wiimote_msgs/wiimote_msgs/msg/detail/ir_source_info__rosidl_typesupport_fastrtps_cpp.hpp
[60.854s] -- Installing: /home/rhobtor/PHD/test_j8_hayat/J8/install/wiimote_msgs/lib/libwiimote_msgs__rosidl_typesupport_fastrtps_cpp.so
[60.854s] -- Set non-toolchain portion of runtime path of "/home/rhobtor/PHD/test_j8_hayat/J8/install/wiimote_msgs/lib/libwiimote_msgs__rosidl_typesupport_fastrtps_cpp.so" to ""
[60.855s] -- Up-to-date: /home/rhobtor/PHD/test_j8_hayat/J8/install/wiimote_msgs/include/wiimote_msgs/wiimote_msgs
[60.855s] -- Up-to-date: /home/rhobtor/PHD/test_j8_hayat/J8/install/wiimote_msgs/include/wiimote_msgs/wiimote_msgs/msg
[60.855s] -- Installing: /home/rhobtor/PHD/test_j8_hayat/J8/install/wiimote_msgs/include/wiimote_msgs/wiimote_msgs/msg/rosidl_typesupport_introspection_c__visibility_control.h
[60.855s] -- Up-to-date: /home/rhobtor/PHD/test_j8_hayat/J8/install/wiimote_msgs/include/wiimote_msgs/wiimote_msgs/msg/detail
[60.855s] -- Installing: /home/rhobtor/PHD/test_j8_hayat/J8/install/wiimote_msgs/include/wiimote_msgs/wiimote_msgs/msg/detail/state__rosidl_typesupport_introspection_c.h
[60.855s] -- Installing: /home/rhobtor/PHD/test_j8_hayat/J8/install/wiimote_msgs/include/wiimote_msgs/wiimote_msgs/msg/detail/ir_source_info__type_support.c
[60.855s] -- Installing: /home/rhobtor/PHD/test_j8_hayat/J8/install/wiimote_msgs/include/wiimote_msgs/wiimote_msgs/msg/detail/state__type_support.c
[60.856s] -- Installing: /home/rhobtor/PHD/test_j8_hayat/J8/install/wiimote_msgs/include/wiimote_msgs/wiimote_msgs/msg/detail/timed_switch__type_support.c
[60.856s] -- Installing: /home/rhobtor/PHD/test_j8_hayat/J8/install/wiimote_msgs/include/wiimote_msgs/wiimote_msgs/msg/detail/ir_source_info__rosidl_typesupport_introspection_c.h
[60.856s] -- Installing: /home/rhobtor/PHD/test_j8_hayat/J8/install/wiimote_msgs/include/wiimote_msgs/wiimote_msgs/msg/detail/timed_switch__rosidl_typesupport_introspection_c.h
[60.856s] -- Installing: /home/rhobtor/PHD/test_j8_hayat/J8/install/wiimote_msgs/lib/libwiimote_msgs__rosidl_typesupport_introspection_c.so
[60.856s] -- Set non-toolchain portion of runtime path of "/home/rhobtor/PHD/test_j8_hayat/J8/install/wiimote_msgs/lib/libwiimote_msgs__rosidl_typesupport_introspection_c.so" to ""
[60.856s] -- Installing: /home/rhobtor/PHD/test_j8_hayat/J8/install/wiimote_msgs/lib/libwiimote_msgs__rosidl_typesupport_c.so
[60.857s] -- Set non-toolchain portion of runtime path of "/home/rhobtor/PHD/test_j8_hayat/J8/install/wiimote_msgs/lib/libwiimote_msgs__rosidl_typesupport_c.so" to ""
[60.857s] -- Up-to-date: /home/rhobtor/PHD/test_j8_hayat/J8/install/wiimote_msgs/include/wiimote_msgs/wiimote_msgs
[60.857s] -- Up-to-date: /home/rhobtor/PHD/test_j8_hayat/J8/install/wiimote_msgs/include/wiimote_msgs/wiimote_msgs/msg
[60.857s] -- Up-to-date: /home/rhobtor/PHD/test_j8_hayat/J8/install/wiimote_msgs/include/wiimote_msgs/wiimote_msgs/msg/detail
[60.857s] -- Installing: /home/rhobtor/PHD/test_j8_hayat/J8/install/wiimote_msgs/include/wiimote_msgs/wiimote_msgs/msg/detail/ir_source_info__type_support.cpp
[60.857s] -- Installing: /home/rhobtor/PHD/test_j8_hayat/J8/install/wiimote_msgs/include/wiimote_msgs/wiimote_msgs/msg/detail/state__type_support.cpp
[60.858s] -- Installing: /home/rhobtor/PHD/test_j8_hayat/J8/install/wiimote_msgs/include/wiimote_msgs/wiimote_msgs/msg/detail/timed_switch__type_support.cpp
[60.858s] -- Installing: /home/rhobtor/PHD/test_j8_hayat/J8/install/wiimote_msgs/include/wiimote_msgs/wiimote_msgs/msg/detail/timed_switch__rosidl_typesupport_introspection_cpp.hpp
[60.858s] -- Installing: /home/rhobtor/PHD/test_j8_hayat/J8/install/wiimote_msgs/include/wiimote_msgs/wiimote_msgs/msg/detail/state__rosidl_typesupport_introspection_cpp.hpp
[60.858s] -- Installing: /home/rhobtor/PHD/test_j8_hayat/J8/install/wiimote_msgs/include/wiimote_msgs/wiimote_msgs/msg/detail/ir_source_info__rosidl_typesupport_introspection_cpp.hpp
[60.858s] -- Installing: /home/rhobtor/PHD/test_j8_hayat/J8/install/wiimote_msgs/lib/libwiimote_msgs__rosidl_typesupport_introspection_cpp.so
[60.858s] -- Set non-toolchain portion of runtime path of "/home/rhobtor/PHD/test_j8_hayat/J8/install/wiimote_msgs/lib/libwiimote_msgs__rosidl_typesupport_introspection_cpp.so" to ""
[60.858s] -- Installing: /home/rhobtor/PHD/test_j8_hayat/J8/install/wiimote_msgs/lib/libwiimote_msgs__rosidl_typesupport_cpp.so
[60.859s] -- Set non-toolchain portion of runtime path of "/home/rhobtor/PHD/test_j8_hayat/J8/install/wiimote_msgs/lib/libwiimote_msgs__rosidl_typesupport_cpp.so" to ""
[60.859s] -- Installing: /home/rhobtor/PHD/test_j8_hayat/J8/install/wiimote_msgs/share/wiimote_msgs/environment/pythonpath.sh
[60.859s] -- Installing: /home/rhobtor/PHD/test_j8_hayat/J8/install/wiimote_msgs/share/wiimote_msgs/environment/pythonpath.dsv
[60.859s] -- Installing: /home/rhobtor/PHD/test_j8_hayat/J8/install/wiimote_msgs/local/lib/python3.10/dist-packages/wiimote_msgs-3.1.0-py3.10.egg-info
[60.859s] -- Installing: /home/rhobtor/PHD/test_j8_hayat/J8/install/wiimote_msgs/local/lib/python3.10/dist-packages/wiimote_msgs-3.1.0-py3.10.egg-info/top_level.txt
[60.860s] -- Installing: /home/rhobtor/PHD/test_j8_hayat/J8/install/wiimote_msgs/local/lib/python3.10/dist-packages/wiimote_msgs-3.1.0-py3.10.egg-info/SOURCES.txt
[60.860s] -- Installing: /home/rhobtor/PHD/test_j8_hayat/J8/install/wiimote_msgs/local/lib/python3.10/dist-packages/wiimote_msgs-3.1.0-py3.10.egg-info/PKG-INFO
[60.860s] -- Installing: /home/rhobtor/PHD/test_j8_hayat/J8/install/wiimote_msgs/local/lib/python3.10/dist-packages/wiimote_msgs-3.1.0-py3.10.egg-info/dependency_links.txt
[60.860s] -- Installing: /home/rhobtor/PHD/test_j8_hayat/J8/install/wiimote_msgs/local/lib/python3.10/dist-packages/wiimote_msgs
[60.860s] -- Installing: /home/rhobtor/PHD/test_j8_hayat/J8/install/wiimote_msgs/local/lib/python3.10/dist-packages/wiimote_msgs/_wiimote_msgs_s.ep.rosidl_typesupport_introspection_c.c
[60.860s] -- Installing: /home/rhobtor/PHD/test_j8_hayat/J8/install/wiimote_msgs/local/lib/python3.10/dist-packages/wiimote_msgs/wiimote_msgs_s__rosidl_typesupport_fastrtps_c.cpython-310-x86_64-linux-gnu.so
[60.861s] -- Installing: /home/rhobtor/PHD/test_j8_hayat/J8/install/wiimote_msgs/local/lib/python3.10/dist-packages/wiimote_msgs/__init__.py
[60.861s] -- Installing: /home/rhobtor/PHD/test_j8_hayat/J8/install/wiimote_msgs/local/lib/python3.10/dist-packages/wiimote_msgs/_wiimote_msgs_s.ep.rosidl_typesupport_c.c
[60.861s] -- Installing: /home/rhobtor/PHD/test_j8_hayat/J8/install/wiimote_msgs/local/lib/python3.10/dist-packages/wiimote_msgs/_wiimote_msgs_s.ep.rosidl_typesupport_fastrtps_c.c
[60.861s] -- Installing: /home/rhobtor/PHD/test_j8_hayat/J8/install/wiimote_msgs/local/lib/python3.10/dist-packages/wiimote_msgs/libwiimote_msgs__rosidl_generator_py.so
[60.861s] -- Installing: /home/rhobtor/PHD/test_j8_hayat/J8/install/wiimote_msgs/local/lib/python3.10/dist-packages/wiimote_msgs/msg
[60.861s] -- Installing: /home/rhobtor/PHD/test_j8_hayat/J8/install/wiimote_msgs/local/lib/python3.10/dist-packages/wiimote_msgs/msg/_state_s.c
[60.862s] -- Installing: /home/rhobtor/PHD/test_j8_hayat/J8/install/wiimote_msgs/local/lib/python3.10/dist-packages/wiimote_msgs/msg/_timed_switch_s.c
[60.862s] -- Installing: /home/rhobtor/PHD/test_j8_hayat/J8/install/wiimote_msgs/local/lib/python3.10/dist-packages/wiimote_msgs/msg/_ir_source_info.py
[60.862s] -- Installing: /home/rhobtor/PHD/test_j8_hayat/J8/install/wiimote_msgs/local/lib/python3.10/dist-packages/wiimote_msgs/msg/_ir_source_info_s.c
[60.862s] -- Installing: /home/rhobtor/PHD/test_j8_hayat/J8/install/wiimote_msgs/local/lib/python3.10/dist-packages/wiimote_msgs/msg/__init__.py
[60.862s] -- Installing: /home/rhobtor/PHD/test_j8_hayat/J8/install/wiimote_msgs/local/lib/python3.10/dist-packages/wiimote_msgs/msg/_state.py
[60.862s] -- Installing: /home/rhobtor/PHD/test_j8_hayat/J8/install/wiimote_msgs/local/lib/python3.10/dist-packages/wiimote_msgs/msg/_timed_switch.py
[60.862s] -- Installing: /home/rhobtor/PHD/test_j8_hayat/J8/install/wiimote_msgs/local/lib/python3.10/dist-packages/wiimote_msgs/wiimote_msgs_s__rosidl_typesupport_c.cpython-310-x86_64-linux-gnu.so
[60.863s] -- Installing: /home/rhobtor/PHD/test_j8_hayat/J8/install/wiimote_msgs/local/lib/python3.10/dist-packages/wiimote_msgs/wiimote_msgs_s__rosidl_typesupport_introspection_c.cpython-310-x86_64-linux-gnu.so
[60.952s] Listing '/home/rhobtor/PHD/test_j8_hayat/J8/install/wiimote_msgs/local/lib/python3.10/dist-packages/wiimote_msgs'...
[60.953s] Compiling '/home/rhobtor/PHD/test_j8_hayat/J8/install/wiimote_msgs/local/lib/python3.10/dist-packages/wiimote_msgs/__init__.py'...
[60.953s] Listing '/home/rhobtor/PHD/test_j8_hayat/J8/install/wiimote_msgs/local/lib/python3.10/dist-packages/wiimote_msgs/msg'...
[60.953s] Compiling '/home/rhobtor/PHD/test_j8_hayat/J8/install/wiimote_msgs/local/lib/python3.10/dist-packages/wiimote_msgs/msg/__init__.py'...
[60.953s] Compiling '/home/rhobtor/PHD/test_j8_hayat/J8/install/wiimote_msgs/local/lib/python3.10/dist-packages/wiimote_msgs/msg/_ir_source_info.py'...
[60.953s] Compiling '/home/rhobtor/PHD/test_j8_hayat/J8/install/wiimote_msgs/local/lib/python3.10/dist-packages/wiimote_msgs/msg/_state.py'...
[60.953s] Compiling '/home/rhobtor/PHD/test_j8_hayat/J8/install/wiimote_msgs/local/lib/python3.10/dist-packages/wiimote_msgs/msg/_timed_switch.py'...
[60.962s] -- Installing: /home/rhobtor/PHD/test_j8_hayat/J8/install/wiimote_msgs/local/lib/python3.10/dist-packages/wiimote_msgs/wiimote_msgs_s__rosidl_typesupport_fastrtps_c.cpython-310-x86_64-linux-gnu.so
[60.962s] -- Set non-toolchain portion of runtime path of "/home/rhobtor/PHD/test_j8_hayat/J8/install/wiimote_msgs/local/lib/python3.10/dist-packages/wiimote_msgs/wiimote_msgs_s__rosidl_typesupport_fastrtps_c.cpython-310-x86_64-linux-gnu.so" to ""
[60.962s] -- Installing: /home/rhobtor/PHD/test_j8_hayat/J8/install/wiimote_msgs/local/lib/python3.10/dist-packages/wiimote_msgs/wiimote_msgs_s__rosidl_typesupport_introspection_c.cpython-310-x86_64-linux-gnu.so
[60.963s] -- Set non-toolchain portion of runtime path of "/home/rhobtor/PHD/test_j8_hayat/J8/install/wiimote_msgs/local/lib/python3.10/dist-packages/wiimote_msgs/wiimote_msgs_s__rosidl_typesupport_introspection_c.cpython-310-x86_64-linux-gnu.so" to ""
[60.963s] -- Installing: /home/rhobtor/PHD/test_j8_hayat/J8/install/wiimote_msgs/local/lib/python3.10/dist-packages/wiimote_msgs/wiimote_msgs_s__rosidl_typesupport_c.cpython-310-x86_64-linux-gnu.so
[60.963s] -- Set non-toolchain portion of runtime path of "/home/rhobtor/PHD/test_j8_hayat/J8/install/wiimote_msgs/local/lib/python3.10/dist-packages/wiimote_msgs/wiimote_msgs_s__rosidl_typesupport_c.cpython-310-x86_64-linux-gnu.so" to ""
[60.964s] -- Installing: /home/rhobtor/PHD/test_j8_hayat/J8/install/wiimote_msgs/lib/libwiimote_msgs__rosidl_generator_py.so
[60.964s] -- Set non-toolchain portion of runtime path of "/home/rhobtor/PHD/test_j8_hayat/J8/install/wiimote_msgs/lib/libwiimote_msgs__rosidl_generator_py.so" to ""
[60.964s] -- Installing: /home/rhobtor/PHD/test_j8_hayat/J8/install/wiimote_msgs/share/ament_index/resource_index/rust_packages/wiimote_msgs
[60.964s] -- Installing: /home/rhobtor/PHD/test_j8_hayat/J8/install/wiimote_msgs/share/wiimote_msgs/rust
[60.965s] -- Installing: /home/rhobtor/PHD/test_j8_hayat/J8/install/wiimote_msgs/share/wiimote_msgs/rust/src
[60.965s] -- Installing: /home/rhobtor/PHD/test_j8_hayat/J8/install/wiimote_msgs/share/wiimote_msgs/rust/src/lib.rs
[60.965s] -- Installing: /home/rhobtor/PHD/test_j8_hayat/J8/install/wiimote_msgs/share/wiimote_msgs/rust/src/msg.rs
[60.965s] -- Installing: /home/rhobtor/PHD/test_j8_hayat/J8/install/wiimote_msgs/share/wiimote_msgs/rust/src/msg
[60.965s] -- Installing: /home/rhobtor/PHD/test_j8_hayat/J8/install/wiimote_msgs/share/wiimote_msgs/rust/src/msg/rmw.rs
[60.965s] -- Installing: /home/rhobtor/PHD/test_j8_hayat/J8/install/wiimote_msgs/share/wiimote_msgs/rust/Cargo.toml
[60.966s] -- Installing: /home/rhobtor/PHD/test_j8_hayat/J8/install/wiimote_msgs/share/wiimote_msgs/rust/build.rs
[60.966s] -- Installing: /home/rhobtor/PHD/test_j8_hayat/J8/install/wiimote_msgs/share/wiimote_msgs/msg/IrSourceInfo.idl
[60.966s] -- Installing: /home/rhobtor/PHD/test_j8_hayat/J8/install/wiimote_msgs/share/wiimote_msgs/msg/State.idl
[60.966s] -- Installing: /home/rhobtor/PHD/test_j8_hayat/J8/install/wiimote_msgs/share/wiimote_msgs/msg/TimedSwitch.idl
[60.966s] -- Installing: /home/rhobtor/PHD/test_j8_hayat/J8/install/wiimote_msgs/share/wiimote_msgs/msg/IrSourceInfo.msg
[60.966s] -- Installing: /home/rhobtor/PHD/test_j8_hayat/J8/install/wiimote_msgs/share/wiimote_msgs/msg/State.msg
[60.966s] -- Installing: /home/rhobtor/PHD/test_j8_hayat/J8/install/wiimote_msgs/share/wiimote_msgs/msg/TimedSwitch.msg
[60.967s] -- Installing: /home/rhobtor/PHD/test_j8_hayat/J8/install/wiimote_msgs/share/ament_index/resource_index/package_run_dependencies/wiimote_msgs
[60.967s] -- Installing: /home/rhobtor/PHD/test_j8_hayat/J8/install/wiimote_msgs/share/ament_index/resource_index/parent_prefix_path/wiimote_msgs
[60.967s] -- Installing: /home/rhobtor/PHD/test_j8_hayat/J8/install/wiimote_msgs/share/wiimote_msgs/environment/ament_prefix_path.sh
[60.967s] -- Installing: /home/rhobtor/PHD/test_j8_hayat/J8/install/wiimote_msgs/share/wiimote_msgs/environment/ament_prefix_path.dsv
[60.967s] -- Installing: /home/rhobtor/PHD/test_j8_hayat/J8/install/wiimote_msgs/share/wiimote_msgs/environment/path.sh
[60.967s] -- Installing: /home/rhobtor/PHD/test_j8_hayat/J8/install/wiimote_msgs/share/wiimote_msgs/environment/path.dsv
[60.968s] -- Installing: /home/rhobtor/PHD/test_j8_hayat/J8/install/wiimote_msgs/share/wiimote_msgs/local_setup.bash
[60.968s] -- Installing: /home/rhobtor/PHD/test_j8_hayat/J8/install/wiimote_msgs/share/wiimote_msgs/local_setup.sh
[60.968s] -- Installing: /home/rhobtor/PHD/test_j8_hayat/J8/install/wiimote_msgs/share/wiimote_msgs/local_setup.zsh
[60.968s] -- Installing: /home/rhobtor/PHD/test_j8_hayat/J8/install/wiimote_msgs/share/wiimote_msgs/local_setup.dsv
[60.968s] -- Installing: /home/rhobtor/PHD/test_j8_hayat/J8/install/wiimote_msgs/share/wiimote_msgs/package.dsv
[60.969s] -- Installing: /home/rhobtor/PHD/test_j8_hayat/J8/install/wiimote_msgs/share/ament_index/resource_index/packages/wiimote_msgs
[60.969s] -- Installing: /home/rhobtor/PHD/test_j8_hayat/J8/install/wiimote_msgs/share/wiimote_msgs/cmake/export_wiimote_msgs__rosidl_generator_cExport.cmake
[60.969s] -- Installing: /home/rhobtor/PHD/test_j8_hayat/J8/install/wiimote_msgs/share/wiimote_msgs/cmake/export_wiimote_msgs__rosidl_generator_cExport-noconfig.cmake
[60.969s] -- Installing: /home/rhobtor/PHD/test_j8_hayat/J8/install/wiimote_msgs/share/wiimote_msgs/cmake/export_wiimote_msgs__rosidl_typesupport_fastrtps_cExport.cmake
[60.969s] -- Installing: /home/rhobtor/PHD/test_j8_hayat/J8/install/wiimote_msgs/share/wiimote_msgs/cmake/export_wiimote_msgs__rosidl_typesupport_fastrtps_cExport-noconfig.cmake
[60.970s] -- Installing: /home/rhobtor/PHD/test_j8_hayat/J8/install/wiimote_msgs/share/wiimote_msgs/cmake/export_wiimote_msgs__rosidl_generator_cppExport.cmake
[60.970s] -- Installing: /home/rhobtor/PHD/test_j8_hayat/J8/install/wiimote_msgs/share/wiimote_msgs/cmake/export_wiimote_msgs__rosidl_typesupport_fastrtps_cppExport.cmake
[60.970s] -- Installing: /home/rhobtor/PHD/test_j8_hayat/J8/install/wiimote_msgs/share/wiimote_msgs/cmake/export_wiimote_msgs__rosidl_typesupport_fastrtps_cppExport-noconfig.cmake
[60.970s] -- Installing: /home/rhobtor/PHD/test_j8_hayat/J8/install/wiimote_msgs/share/wiimote_msgs/cmake/wiimote_msgs__rosidl_typesupport_introspection_cExport.cmake
[60.970s] -- Installing: /home/rhobtor/PHD/test_j8_hayat/J8/install/wiimote_msgs/share/wiimote_msgs/cmake/wiimote_msgs__rosidl_typesupport_introspection_cExport-noconfig.cmake
[60.970s] -- Installing: /home/rhobtor/PHD/test_j8_hayat/J8/install/wiimote_msgs/share/wiimote_msgs/cmake/wiimote_msgs__rosidl_typesupport_cExport.cmake
[60.971s] -- Installing: /home/rhobtor/PHD/test_j8_hayat/J8/install/wiimote_msgs/share/wiimote_msgs/cmake/wiimote_msgs__rosidl_typesupport_cExport-noconfig.cmake
[60.971s] -- Installing: /home/rhobtor/PHD/test_j8_hayat/J8/install/wiimote_msgs/share/wiimote_msgs/cmake/wiimote_msgs__rosidl_typesupport_introspection_cppExport.cmake
[60.971s] -- Installing: /home/rhobtor/PHD/test_j8_hayat/J8/install/wiimote_msgs/share/wiimote_msgs/cmake/wiimote_msgs__rosidl_typesupport_introspection_cppExport-noconfig.cmake
[60.971s] -- Installing: /home/rhobtor/PHD/test_j8_hayat/J8/install/wiimote_msgs/share/wiimote_msgs/cmake/wiimote_msgs__rosidl_typesupport_cppExport.cmake
[60.971s] -- Installing: /home/rhobtor/PHD/test_j8_hayat/J8/install/wiimote_msgs/share/wiimote_msgs/cmake/wiimote_msgs__rosidl_typesupport_cppExport-noconfig.cmake
[60.971s] -- Installing: /home/rhobtor/PHD/test_j8_hayat/J8/install/wiimote_msgs/share/wiimote_msgs/cmake/export_wiimote_msgs__rosidl_generator_pyExport.cmake
[60.972s] -- Installing: /home/rhobtor/PHD/test_j8_hayat/J8/install/wiimote_msgs/share/wiimote_msgs/cmake/export_wiimote_msgs__rosidl_generator_pyExport-noconfig.cmake
[60.972s] -- Installing: /home/rhobtor/PHD/test_j8_hayat/J8/install/wiimote_msgs/share/wiimote_msgs/cmake/rosidl_cmake-extras.cmake
[60.972s] -- Installing: /home/rhobtor/PHD/test_j8_hayat/J8/install/wiimote_msgs/share/wiimote_msgs/cmake/ament_cmake_export_dependencies-extras.cmake
[60.972s] -- Installing: /home/rhobtor/PHD/test_j8_hayat/J8/install/wiimote_msgs/share/wiimote_msgs/cmake/ament_cmake_export_include_directories-extras.cmake
[60.972s] -- Installing: /home/rhobtor/PHD/test_j8_hayat/J8/install/wiimote_msgs/share/wiimote_msgs/cmake/ament_cmake_export_libraries-extras.cmake
[60.972s] -- Installing: /home/rhobtor/PHD/test_j8_hayat/J8/install/wiimote_msgs/share/wiimote_msgs/cmake/ament_cmake_export_targets-extras.cmake
[60.973s] -- Installing: /home/rhobtor/PHD/test_j8_hayat/J8/install/wiimote_msgs/share/wiimote_msgs/cmake/rosidl_cmake_export_typesupport_targets-extras.cmake
[60.973s] -- Installing: /home/rhobtor/PHD/test_j8_hayat/J8/install/wiimote_msgs/share/wiimote_msgs/cmake/rosidl_cmake_export_typesupport_libraries-extras.cmake
[60.973s] -- Installing: /home/rhobtor/PHD/test_j8_hayat/J8/install/wiimote_msgs/share/wiimote_msgs/cmake/wiimote_msgsConfig.cmake
[60.973s] -- Installing: /home/rhobtor/PHD/test_j8_hayat/J8/install/wiimote_msgs/share/wiimote_msgs/cmake/wiimote_msgsConfig-version.cmake
[60.973s] -- Installing: /home/rhobtor/PHD/test_j8_hayat/J8/install/wiimote_msgs/share/wiimote_msgs/package.xml
[60.977s] Invoked command in '/home/rhobtor/PHD/test_j8_hayat/J8/build/wiimote_msgs' returned '0': CMAKE_PREFIX_PATH=${CMAKE_PREFIX_PATH}:/home/rhobtor/PHD/ARGOJ8_IA/ARGOSJ8_IA_/install/ntrip_client:/home/rhobtor/PHD/ARGOJ8_IA/ARGOSJ8_IA_/install/j8_gui:/home/rhobtor/PHD/ARGOJ8_IA/ARGOSJ8_IA_/install/car:/home/rhobtor/PHD/ARGOJ8_IA/ARGOSJ8_IA_/install/android_ros2_server:/home/rhobtor/PHD/ARGOJ8_IA/ARGOSJ8_IA_/install/GUI_pkg:/opt/ros/humble /opt/st/stm32cubeclt_1.18.0/CMake/bin/cmake --install /home/rhobtor/PHD/test_j8_hayat/J8/build/wiimote_msgs
