[100%] Built target gazebo_ros_j8_wheels_plugin
-- Install configuration: ""
-- Execute custom install script
-- Up-to-date symlink: /home/rhobtor/PHD/test_j8_hayat/J8/install/j8_xacro_model/share/j8_xacro_model/environment/library_path.sh
-- Up-to-date symlink: /home/rhobtor/PHD/test_j8_hayat/J8/install/j8_xacro_model/share/j8_xacro_model/environment/library_path.dsv
-- Up-to-date symlink: /home/rhobtor/PHD/test_j8_hayat/J8/install/j8_xacro_model/lib/libgazebo_ros_j8_wheels_plugin.so
-- Up-to-date symlink: /home/rhobtor/PHD/test_j8_hayat/J8/install/j8_xacro_model/share/j8_xacro_model//launch/start_gazebo_j8.launch.py
-- Up-to-date symlink: /home/rhobtor/PHD/test_j8_hayat/J8/install/j8_xacro_model/share/j8_xacro_model//worlds/empty_custom.world
-- Up-to-date symlink: /home/rhobtor/PHD/test_j8_hayat/J8/install/j8_xacro_model/share/j8_xacro_model//urdf/argo_j8.xacro
-- Up-to-date symlink: /home/rhobtor/PHD/test_j8_hayat/J8/install/j8_xacro_model/share/j8_xacro_model//urdf/camera.xacro
-- Up-to-date symlink: /home/rhobtor/PHD/test_j8_hayat/J8/install/j8_xacro_model/share/j8_xacro_model//urdf/fixposition_holder.xacro
-- Up-to-date symlink: /home/rhobtor/PHD/test_j8_hayat/J8/install/j8_xacro_model/share/j8_xacro_model//urdf/fixposition_sensor.xacro
-- Up-to-date symlink: /home/rhobtor/PHD/test_j8_hayat/J8/install/j8_xacro_model/share/j8_xacro_model//urdf/gps.xacro
-- Up-to-date symlink: /home/rhobtor/PHD/test_j8_hayat/J8/install/j8_xacro_model/share/j8_xacro_model//urdf/gps_holder.xacro
-- Up-to-date symlink: /home/rhobtor/PHD/test_j8_hayat/J8/install/j8_xacro_model/share/j8_xacro_model//urdf/lidar.plugin.xacro
-- Up-to-date symlink: /home/rhobtor/PHD/test_j8_hayat/J8/install/j8_xacro_model/share/j8_xacro_model//urdf/panel.xacro
-- Up-to-date symlink: /home/rhobtor/PHD/test_j8_hayat/J8/install/j8_xacro_model/share/j8_xacro_model//urdf/set_color.xacro
-- Up-to-date symlink: /home/rhobtor/PHD/test_j8_hayat/J8/install/j8_xacro_model/share/j8_xacro_model//urdf/sick_lidar.plugin.xacro
-- Up-to-date symlink: /home/rhobtor/PHD/test_j8_hayat/J8/install/j8_xacro_model/share/j8_xacro_model//urdf/side_bar.xacro
-- Up-to-date symlink: /home/rhobtor/PHD/test_j8_hayat/J8/install/j8_xacro_model/share/j8_xacro_model//urdf/test.urdf
-- Up-to-date symlink: /home/rhobtor/PHD/test_j8_hayat/J8/install/j8_xacro_model/share/j8_xacro_model//urdf/wheel.urdf.xacro
-- Up-to-date symlink: /home/rhobtor/PHD/test_j8_hayat/J8/install/j8_xacro_model/share/j8_xacro_model//meshes/Back_camera.STL
-- Up-to-date symlink: /home/rhobtor/PHD/test_j8_hayat/J8/install/j8_xacro_model/share/j8_xacro_model//meshes/Bridge.STL
-- Up-to-date symlink: /home/rhobtor/PHD/test_j8_hayat/J8/install/j8_xacro_model/share/j8_xacro_model//meshes/Bridge_panel_1.STL
-- Up-to-date symlink: /home/rhobtor/PHD/test_j8_hayat/J8/install/j8_xacro_model/share/j8_xacro_model//meshes/Bridge_panel_2.STL
-- Up-to-date symlink: /home/rhobtor/PHD/test_j8_hayat/J8/install/j8_xacro_model/share/j8_xacro_model//meshes/Bridge_panel_3.STL
-- Up-to-date symlink: /home/rhobtor/PHD/test_j8_hayat/J8/install/j8_xacro_model/share/j8_xacro_model//meshes/Bridge_panel_4.STL
-- Up-to-date symlink: /home/rhobtor/PHD/test_j8_hayat/J8/install/j8_xacro_model/share/j8_xacro_model//meshes/Central_fixposition_feet.STL
-- Up-to-date symlink: /home/rhobtor/PHD/test_j8_hayat/J8/install/j8_xacro_model/share/j8_xacro_model//meshes/Central_fixposition_holder.STL
-- Up-to-date symlink: /home/rhobtor/PHD/test_j8_hayat/J8/install/j8_xacro_model/share/j8_xacro_model//meshes/Fix_position_left_antenna.STL
-- Up-to-date symlink: /home/rhobtor/PHD/test_j8_hayat/J8/install/j8_xacro_model/share/j8_xacro_model//meshes/Fix_position_metal_frame.STL
-- Up-to-date symlink: /home/rhobtor/PHD/test_j8_hayat/J8/install/j8_xacro_model/share/j8_xacro_model//meshes/Fixposion_base.STL
-- Up-to-date symlink: /home/rhobtor/PHD/test_j8_hayat/J8/install/j8_xacro_model/share/j8_xacro_model//meshes/Fixposition_camera.STL
-- Up-to-date symlink: /home/rhobtor/PHD/test_j8_hayat/J8/install/j8_xacro_model/share/j8_xacro_model//meshes/Fixposition_lower_case.STL
-- Up-to-date symlink: /home/rhobtor/PHD/test_j8_hayat/J8/install/j8_xacro_model/share/j8_xacro_model//meshes/Fixposition_right_antenna.STL
-- Up-to-date symlink: /home/rhobtor/PHD/test_j8_hayat/J8/install/j8_xacro_model/share/j8_xacro_model//meshes/Fixposition_upper_case.STL
-- Up-to-date symlink: /home/rhobtor/PHD/test_j8_hayat/J8/install/j8_xacro_model/share/j8_xacro_model//meshes/Front_camera.STL
-- Up-to-date symlink: /home/rhobtor/PHD/test_j8_hayat/J8/install/j8_xacro_model/share/j8_xacro_model//meshes/J8_top.STL
-- Up-to-date symlink: /home/rhobtor/PHD/test_j8_hayat/J8/install/j8_xacro_model/share/j8_xacro_model//meshes/Left_bar.STL
-- Up-to-date symlink: /home/rhobtor/PHD/test_j8_hayat/J8/install/j8_xacro_model/share/j8_xacro_model//meshes/Left_fixposition_feet.STL
-- Up-to-date symlink: /home/rhobtor/PHD/test_j8_hayat/J8/install/j8_xacro_model/share/j8_xacro_model//meshes/Left_fixposition_holder.STL
-- Up-to-date symlink: /home/rhobtor/PHD/test_j8_hayat/J8/install/j8_xacro_model/share/j8_xacro_model//meshes/Left_gps.STL
-- Up-to-date symlink: /home/rhobtor/PHD/test_j8_hayat/J8/install/j8_xacro_model/share/j8_xacro_model//meshes/Left_gps_holder.STL
-- Up-to-date symlink: /home/rhobtor/PHD/test_j8_hayat/J8/install/j8_xacro_model/share/j8_xacro_model//meshes/Right_bar.STL
-- Up-to-date symlink: /home/rhobtor/PHD/test_j8_hayat/J8/install/j8_xacro_model/share/j8_xacro_model//meshes/Right_fixposition_feet.STL
-- Up-to-date symlink: /home/rhobtor/PHD/test_j8_hayat/J8/install/j8_xacro_model/share/j8_xacro_model//meshes/Right_fixposition_holder.STL
-- Up-to-date symlink: /home/rhobtor/PHD/test_j8_hayat/J8/install/j8_xacro_model/share/j8_xacro_model//meshes/Right_gps.STL
-- Up-to-date symlink: /home/rhobtor/PHD/test_j8_hayat/J8/install/j8_xacro_model/share/j8_xacro_model//meshes/Right_gps_holder.STL
-- Up-to-date symlink: /home/rhobtor/PHD/test_j8_hayat/J8/install/j8_xacro_model/share/j8_xacro_model//meshes/Sick.STL
-- Up-to-date symlink: /home/rhobtor/PHD/test_j8_hayat/J8/install/j8_xacro_model/share/j8_xacro_model//meshes/Suspension_1.STL
-- Up-to-date symlink: /home/rhobtor/PHD/test_j8_hayat/J8/install/j8_xacro_model/share/j8_xacro_model//meshes/Suspension_2.STL
-- Up-to-date symlink: /home/rhobtor/PHD/test_j8_hayat/J8/install/j8_xacro_model/share/j8_xacro_model//meshes/Suspension_3.STL
-- Up-to-date symlink: /home/rhobtor/PHD/test_j8_hayat/J8/install/j8_xacro_model/share/j8_xacro_model//meshes/Suspension_4.STL
-- Up-to-date symlink: /home/rhobtor/PHD/test_j8_hayat/J8/install/j8_xacro_model/share/j8_xacro_model//meshes/Suspension_5.STL
-- Up-to-date symlink: /home/rhobtor/PHD/test_j8_hayat/J8/install/j8_xacro_model/share/j8_xacro_model//meshes/Suspension_6.STL
-- Up-to-date symlink: /home/rhobtor/PHD/test_j8_hayat/J8/install/j8_xacro_model/share/j8_xacro_model//meshes/Suspension_7.STL
-- Up-to-date symlink: /home/rhobtor/PHD/test_j8_hayat/J8/install/j8_xacro_model/share/j8_xacro_model//meshes/Suspension_8.STL
-- Up-to-date symlink: /home/rhobtor/PHD/test_j8_hayat/J8/install/j8_xacro_model/share/j8_xacro_model//meshes/Velodyne.STL
-- Up-to-date symlink: /home/rhobtor/PHD/test_j8_hayat/J8/install/j8_xacro_model/share/j8_xacro_model//meshes/Wheel1.STL
-- Up-to-date symlink: /home/rhobtor/PHD/test_j8_hayat/J8/install/j8_xacro_model/share/j8_xacro_model//meshes/Wheel2.STL
-- Up-to-date symlink: /home/rhobtor/PHD/test_j8_hayat/J8/install/j8_xacro_model/share/j8_xacro_model//meshes/Wheel3.STL
-- Up-to-date symlink: /home/rhobtor/PHD/test_j8_hayat/J8/install/j8_xacro_model/share/j8_xacro_model//meshes/Wheel4.STL
-- Up-to-date symlink: /home/rhobtor/PHD/test_j8_hayat/J8/install/j8_xacro_model/share/j8_xacro_model//meshes/Wheel5.STL
-- Up-to-date symlink: /home/rhobtor/PHD/test_j8_hayat/J8/install/j8_xacro_model/share/j8_xacro_model//meshes/Wheel6.STL
-- Up-to-date symlink: /home/rhobtor/PHD/test_j8_hayat/J8/install/j8_xacro_model/share/j8_xacro_model//meshes/Wheel7.STL
-- Up-to-date symlink: /home/rhobtor/PHD/test_j8_hayat/J8/install/j8_xacro_model/share/j8_xacro_model//meshes/Wheel8.STL
-- Up-to-date symlink: /home/rhobtor/PHD/test_j8_hayat/J8/install/j8_xacro_model/share/j8_xacro_model//meshes/Wheel_1.STL
-- Up-to-date symlink: /home/rhobtor/PHD/test_j8_hayat/J8/install/j8_xacro_model/share/j8_xacro_model//meshes/Wheel_2.STL
-- Up-to-date symlink: /home/rhobtor/PHD/test_j8_hayat/J8/install/j8_xacro_model/share/j8_xacro_model//meshes/Wheel_3.STL
-- Up-to-date symlink: /home/rhobtor/PHD/test_j8_hayat/J8/install/j8_xacro_model/share/j8_xacro_model//meshes/Wheel_4.STL
-- Up-to-date symlink: /home/rhobtor/PHD/test_j8_hayat/J8/install/j8_xacro_model/share/j8_xacro_model//meshes/Wheel_5.STL
-- Up-to-date symlink: /home/rhobtor/PHD/test_j8_hayat/J8/install/j8_xacro_model/share/j8_xacro_model//meshes/Wheel_6.STL
-- Up-to-date symlink: /home/rhobtor/PHD/test_j8_hayat/J8/install/j8_xacro_model/share/j8_xacro_model//meshes/Wheel_7.STL
-- Up-to-date symlink: /home/rhobtor/PHD/test_j8_hayat/J8/install/j8_xacro_model/share/j8_xacro_model//meshes/Wheel_8.STL
-- Up-to-date symlink: /home/rhobtor/PHD/test_j8_hayat/J8/install/j8_xacro_model/share/j8_xacro_model//meshes/base_link.STL
-- Up-to-date symlink: /home/rhobtor/PHD/test_j8_hayat/J8/install/j8_xacro_model/share/ament_index/resource_index/package_run_dependencies/j8_xacro_model
-- Up-to-date symlink: /home/rhobtor/PHD/test_j8_hayat/J8/install/j8_xacro_model/share/ament_index/resource_index/parent_prefix_path/j8_xacro_model
-- Up-to-date symlink: /home/rhobtor/PHD/test_j8_hayat/J8/install/j8_xacro_model/share/j8_xacro_model/environment/ament_prefix_path.sh
-- Up-to-date symlink: /home/rhobtor/PHD/test_j8_hayat/J8/install/j8_xacro_model/share/j8_xacro_model/environment/ament_prefix_path.dsv
-- Up-to-date symlink: /home/rhobtor/PHD/test_j8_hayat/J8/install/j8_xacro_model/share/j8_xacro_model/environment/path.sh
-- Up-to-date symlink: /home/rhobtor/PHD/test_j8_hayat/J8/install/j8_xacro_model/share/j8_xacro_model/environment/path.dsv
-- Up-to-date symlink: /home/rhobtor/PHD/test_j8_hayat/J8/install/j8_xacro_model/share/j8_xacro_model/local_setup.bash
-- Up-to-date symlink: /home/rhobtor/PHD/test_j8_hayat/J8/install/j8_xacro_model/share/j8_xacro_model/local_setup.sh
-- Up-to-date symlink: /home/rhobtor/PHD/test_j8_hayat/J8/install/j8_xacro_model/share/j8_xacro_model/local_setup.zsh
-- Up-to-date symlink: /home/rhobtor/PHD/test_j8_hayat/J8/install/j8_xacro_model/share/j8_xacro_model/local_setup.dsv
-- Symlinking: /home/rhobtor/PHD/test_j8_hayat/J8/install/j8_xacro_model/share/j8_xacro_model/package.dsv
-- Up-to-date symlink: /home/rhobtor/PHD/test_j8_hayat/J8/install/j8_xacro_model/share/ament_index/resource_index/packages/j8_xacro_model
-- Up-to-date symlink: /home/rhobtor/PHD/test_j8_hayat/J8/install/j8_xacro_model/share/j8_xacro_model/cmake/ament_cmake_export_libraries-extras.cmake
-- Up-to-date symlink: /home/rhobtor/PHD/test_j8_hayat/J8/install/j8_xacro_model/share/j8_xacro_model/cmake/j8_xacro_modelConfig.cmake
-- Up-to-date symlink: /home/rhobtor/PHD/test_j8_hayat/J8/install/j8_xacro_model/share/j8_xacro_model/cmake/j8_xacro_modelConfig-version.cmake
-- Up-to-date symlink: /home/rhobtor/PHD/test_j8_hayat/J8/install/j8_xacro_model/share/j8_xacro_model/package.xml
