[0.915s] Invoking command in '/home/rhobtor/PHD/test_j8_hayat/J8/build/joy_linux': CMAKE_PREFIX_PATH=${CMAKE_PREFIX_PATH}:/home/rhobtor/PHD/test_j8_hayat/J8/install/ntrip_client:/home/rhobtor/PHD/test_j8_hayat/J8/install/j8_gui:/home/rhobtor/PHD/test_j8_hayat/J8/install/android_ros2_server:/home/rhobtor/PHD/test_j8_hayat/J8/install/GUI_pkg:/home/rhobtor/PHD/ARGOJ8_IA/ARGOSJ8_IA_/install/ntrip_client:/home/rhobtor/PHD/ARGOJ8_IA/ARGOSJ8_IA_/install/j8_gui:/home/rhobtor/PHD/ARGOJ8_IA/ARGOSJ8_IA_/install/car:/home/rhobtor/PHD/ARGOJ8_IA/ARGOSJ8_IA_/install/android_ros2_server:/home/rhobtor/PHD/ARGOJ8_IA/ARGOSJ8_IA_/install/GUI_pkg:/opt/ros/humble /opt/st/stm32cubeclt_1.18.0/CMake/bin/cmake --build /home/rhobtor/PHD/test_j8_hayat/J8/build/joy_linux -- -j16 -l16
[0.945s] [100%] Built target joy_linux_node
[1.251s] Invoked command in '/home/rhobtor/PHD/test_j8_hayat/J8/build/joy_linux' returned '0': CMAKE_PREFIX_PATH=${CMAKE_PREFIX_PATH}:/home/rhobtor/PHD/test_j8_hayat/J8/install/ntrip_client:/home/rhobtor/PHD/test_j8_hayat/J8/install/j8_gui:/home/rhobtor/PHD/test_j8_hayat/J8/install/android_ros2_server:/home/rhobtor/PHD/test_j8_hayat/J8/install/GUI_pkg:/home/rhobtor/PHD/ARGOJ8_IA/ARGOSJ8_IA_/install/ntrip_client:/home/rhobtor/PHD/ARGOJ8_IA/ARGOSJ8_IA_/install/j8_gui:/home/rhobtor/PHD/ARGOJ8_IA/ARGOSJ8_IA_/install/car:/home/rhobtor/PHD/ARGOJ8_IA/ARGOSJ8_IA_/install/android_ros2_server:/home/rhobtor/PHD/ARGOJ8_IA/ARGOSJ8_IA_/install/GUI_pkg:/opt/ros/humble /opt/st/stm32cubeclt_1.18.0/CMake/bin/cmake --build /home/rhobtor/PHD/test_j8_hayat/J8/build/joy_linux -- -j16 -l16
[1.252s] Invoking command in '/home/rhobtor/PHD/test_j8_hayat/J8/build/joy_linux': CMAKE_PREFIX_PATH=${CMAKE_PREFIX_PATH}:/home/rhobtor/PHD/test_j8_hayat/J8/install/ntrip_client:/home/rhobtor/PHD/test_j8_hayat/J8/install/j8_gui:/home/rhobtor/PHD/test_j8_hayat/J8/install/android_ros2_server:/home/rhobtor/PHD/test_j8_hayat/J8/install/GUI_pkg:/home/rhobtor/PHD/ARGOJ8_IA/ARGOSJ8_IA_/install/ntrip_client:/home/rhobtor/PHD/ARGOJ8_IA/ARGOSJ8_IA_/install/j8_gui:/home/rhobtor/PHD/ARGOJ8_IA/ARGOSJ8_IA_/install/car:/home/rhobtor/PHD/ARGOJ8_IA/ARGOSJ8_IA_/install/android_ros2_server:/home/rhobtor/PHD/ARGOJ8_IA/ARGOSJ8_IA_/install/GUI_pkg:/opt/ros/humble /opt/st/stm32cubeclt_1.18.0/CMake/bin/cmake --install /home/rhobtor/PHD/test_j8_hayat/J8/build/joy_linux
[1.396s] -- Install configuration: ""
[1.396s] -- Up-to-date: /home/rhobtor/PHD/test_j8_hayat/J8/install/joy_linux/lib/joy_linux/joy_linux_node
[1.397s] -- Up-to-date: /home/rhobtor/PHD/test_j8_hayat/J8/install/joy_linux/share/ament_index/resource_index/package_run_dependencies/joy_linux
[1.397s] -- Up-to-date: /home/rhobtor/PHD/test_j8_hayat/J8/install/joy_linux/share/ament_index/resource_index/parent_prefix_path/joy_linux
[1.397s] -- Up-to-date: /home/rhobtor/PHD/test_j8_hayat/J8/install/joy_linux/share/joy_linux/environment/ament_prefix_path.sh
[1.397s] -- Up-to-date: /home/rhobtor/PHD/test_j8_hayat/J8/install/joy_linux/share/joy_linux/environment/ament_prefix_path.dsv
[1.397s] -- Up-to-date: /home/rhobtor/PHD/test_j8_hayat/J8/install/joy_linux/share/joy_linux/environment/path.sh
[1.397s] -- Up-to-date: /home/rhobtor/PHD/test_j8_hayat/J8/install/joy_linux/share/joy_linux/environment/path.dsv
[1.397s] -- Up-to-date: /home/rhobtor/PHD/test_j8_hayat/J8/install/joy_linux/share/joy_linux/local_setup.bash
[1.397s] -- Up-to-date: /home/rhobtor/PHD/test_j8_hayat/J8/install/joy_linux/share/joy_linux/local_setup.sh
[1.397s] -- Up-to-date: /home/rhobtor/PHD/test_j8_hayat/J8/install/joy_linux/share/joy_linux/local_setup.zsh
[1.397s] -- Up-to-date: /home/rhobtor/PHD/test_j8_hayat/J8/install/joy_linux/share/joy_linux/local_setup.dsv
[1.397s] -- Installing: /home/rhobtor/PHD/test_j8_hayat/J8/install/joy_linux/share/joy_linux/package.dsv
[1.397s] -- Up-to-date: /home/rhobtor/PHD/test_j8_hayat/J8/install/joy_linux/share/ament_index/resource_index/packages/joy_linux
[1.397s] -- Up-to-date: /home/rhobtor/PHD/test_j8_hayat/J8/install/joy_linux/share/joy_linux/cmake/joy_linuxConfig.cmake
[1.397s] -- Up-to-date: /home/rhobtor/PHD/test_j8_hayat/J8/install/joy_linux/share/joy_linux/cmake/joy_linuxConfig-version.cmake
[1.398s] -- Up-to-date: /home/rhobtor/PHD/test_j8_hayat/J8/install/joy_linux/share/joy_linux/package.xml
[1.470s] Invoked command in '/home/rhobtor/PHD/test_j8_hayat/J8/build/joy_linux' returned '0': CMAKE_PREFIX_PATH=${CMAKE_PREFIX_PATH}:/home/rhobtor/PHD/test_j8_hayat/J8/install/ntrip_client:/home/rhobtor/PHD/test_j8_hayat/J8/install/j8_gui:/home/rhobtor/PHD/test_j8_hayat/J8/install/android_ros2_server:/home/rhobtor/PHD/test_j8_hayat/J8/install/GUI_pkg:/home/rhobtor/PHD/ARGOJ8_IA/ARGOSJ8_IA_/install/ntrip_client:/home/rhobtor/PHD/ARGOJ8_IA/ARGOSJ8_IA_/install/j8_gui:/home/rhobtor/PHD/ARGOJ8_IA/ARGOSJ8_IA_/install/car:/home/rhobtor/PHD/ARGOJ8_IA/ARGOSJ8_IA_/install/android_ros2_server:/home/rhobtor/PHD/ARGOJ8_IA/ARGOSJ8_IA_/install/GUI_pkg:/opt/ros/humble /opt/st/stm32cubeclt_1.18.0/CMake/bin/cmake --install /home/rhobtor/PHD/test_j8_hayat/J8/build/joy_linux
