running egg_info
writing ../../../build/ntrip_client/ntrip_client.egg-info/PKG-INFO
writing dependency_links to ../../../build/ntrip_client/ntrip_client.egg-info/dependency_links.txt
writing requirements to ../../../build/ntrip_client/ntrip_client.egg-info/requires.txt
writing top-level names to ../../../build/ntrip_client/ntrip_client.egg-info/top_level.txt
reading manifest file '../../../build/ntrip_client/ntrip_client.egg-info/SOURCES.txt'
adding license file 'LICENSE'
writing manifest file '../../../build/ntrip_client/ntrip_client.egg-info/SOURCES.txt'
running build
running build_py
copying src/ntrip_client/ntrip_client.py -> /home/rhobtor/PHD/test_j8_hayat/J8/build/ntrip_client/build/lib/ntrip_client
copying src/ntrip_client/rtcm_parser.py -> /home/rhobtor/PHD/test_j8_hayat/J8/build/ntrip_client/build/lib/ntrip_client
copying src/ntrip_client/__init__.py -> /home/rhobtor/PHD/test_j8_hayat/J8/build/ntrip_client/build/lib/ntrip_client
copying src/ntrip_client/nmea_parser.py -> /home/rhobtor/PHD/test_j8_hayat/J8/build/ntrip_client/build/lib/ntrip_client
running build_scripts
running install
running install_lib
running install_data
copying resource/ntrip_client -> /home/rhobtor/PHD/test_j8_hayat/J8/install/ntrip_client/share/ament_index/resource_index/packages
copying package.xml -> /home/rhobtor/PHD/test_j8_hayat/J8/install/ntrip_client/share/ntrip_client
copying launch/gps_ntrip_launch.py -> /home/rhobtor/PHD/test_j8_hayat/J8/install/ntrip_client/share/ntrip_client
copying launch/ntrip_client_launch.py -> /home/rhobtor/PHD/test_j8_hayat/J8/install/ntrip_client/share/ntrip_client
running install_egg_info
removing '/home/rhobtor/PHD/test_j8_hayat/J8/install/ntrip_client/lib/python3.10/site-packages/ntrip_client-1.2.0-py3.10.egg-info' (and everything under it)
Copying ../../../build/ntrip_client/ntrip_client.egg-info to /home/rhobtor/PHD/test_j8_hayat/J8/install/ntrip_client/lib/python3.10/site-packages/ntrip_client-1.2.0-py3.10.egg-info
running install_scripts
copying /home/rhobtor/PHD/test_j8_hayat/J8/build/ntrip_client/build/scripts-3.10/ntrip_ros.py -> /home/rhobtor/PHD/test_j8_hayat/J8/install/ntrip_client/lib/ntrip_client
changing mode of /home/rhobtor/PHD/test_j8_hayat/J8/install/ntrip_client/lib/ntrip_client/ntrip_ros.py to 775
writing list of installed files to '/home/rhobtor/PHD/test_j8_hayat/J8/build/ntrip_client/install.log'
