[2.075s] Invoking command in '/home/rhobtor/PHD/test_j8_hayat/J8/src/argo_drivers_pkgs/ntrip_client': PYTHONPATH=/home/rhobtor/PHD/test_j8_hayat/J8/build/ntrip_client/prefix_override:/usr/lib/python3/dist-packages/colcon_core/task/python/colcon_distutils_commands:/home/rhobtor/PHD/test_j8_hayat/J8/install/ntrip_client/lib/python3.10/site-packages:${PYTHONPATH} /usr/bin/python3 -W ignore:setup.py install is deprecated -W ignore:easy_install command is deprecated setup.py egg_info --egg-base ../../../build/ntrip_client build --build-base /home/rhobtor/PHD/test_j8_hayat/J8/build/ntrip_client/build install --record /home/rhobtor/PHD/test_j8_hayat/J8/build/ntrip_client/install.log --single-version-externally-managed install_data
[2.295s] /home/rhobtor/.local/lib/python3.10/site-packages/setuptools/_distutils/dist.py:289: UserWarning: Unknown distribution option: 'tests_require'
[2.295s]   warnings.warn(msg)
[2.325s] /home/rhobtor/.local/lib/python3.10/site-packages/setuptools/dist.py:759: SetuptoolsDeprecationWarning: License classifiers are deprecated.
[2.325s] !!
[2.325s] 
[2.325s]         ********************************************************************************
[2.325s]         Please consider removing the following classifiers in favor of a SPDX license expression:
[2.325s] 
[2.325s]         License :: OSI Approved :: MIT Software License
[2.325s] 
[2.325s]         See https://packaging.python.org/en/latest/guides/writing-pyproject-toml/#license for details.
[2.325s]         ********************************************************************************
[2.326s] 
[2.326s] !!
[2.326s]   self._finalize_license_expression()
[2.384s] running egg_info
[2.398s] writing ../../../build/ntrip_client/ntrip_client.egg-info/PKG-INFO
[2.398s] writing dependency_links to ../../../build/ntrip_client/ntrip_client.egg-info/dependency_links.txt
[2.398s] writing requirements to ../../../build/ntrip_client/ntrip_client.egg-info/requires.txt
[2.398s] writing top-level names to ../../../build/ntrip_client/ntrip_client.egg-info/top_level.txt
[2.438s] reading manifest file '../../../build/ntrip_client/ntrip_client.egg-info/SOURCES.txt'
[2.438s] adding license file 'LICENSE'
[2.439s] writing manifest file '../../../build/ntrip_client/ntrip_client.egg-info/SOURCES.txt'
[2.439s] running build
[2.439s] running build_py
[2.439s] copying src/ntrip_client/ntrip_client.py -> /home/rhobtor/PHD/test_j8_hayat/J8/build/ntrip_client/build/lib/ntrip_client
[2.439s] copying src/ntrip_client/rtcm_parser.py -> /home/rhobtor/PHD/test_j8_hayat/J8/build/ntrip_client/build/lib/ntrip_client
[2.439s] copying src/ntrip_client/__init__.py -> /home/rhobtor/PHD/test_j8_hayat/J8/build/ntrip_client/build/lib/ntrip_client
[2.439s] copying src/ntrip_client/nmea_parser.py -> /home/rhobtor/PHD/test_j8_hayat/J8/build/ntrip_client/build/lib/ntrip_client
[2.439s] running build_scripts
[2.439s] running install
[2.443s] running install_lib
[2.454s] running install_data
[2.454s] copying resource/ntrip_client -> /home/rhobtor/PHD/test_j8_hayat/J8/install/ntrip_client/share/ament_index/resource_index/packages
[2.454s] copying package.xml -> /home/rhobtor/PHD/test_j8_hayat/J8/install/ntrip_client/share/ntrip_client
[2.455s] copying launch/gps_ntrip_launch.py -> /home/rhobtor/PHD/test_j8_hayat/J8/install/ntrip_client/share/ntrip_client
[2.455s] copying launch/ntrip_client_launch.py -> /home/rhobtor/PHD/test_j8_hayat/J8/install/ntrip_client/share/ntrip_client
[2.455s] running install_egg_info
[2.466s] removing '/home/rhobtor/PHD/test_j8_hayat/J8/install/ntrip_client/lib/python3.10/site-packages/ntrip_client-1.2.0-py3.10.egg-info' (and everything under it)
[2.466s] Copying ../../../build/ntrip_client/ntrip_client.egg-info to /home/rhobtor/PHD/test_j8_hayat/J8/install/ntrip_client/lib/python3.10/site-packages/ntrip_client-1.2.0-py3.10.egg-info
[2.467s] running install_scripts
[2.477s] copying /home/rhobtor/PHD/test_j8_hayat/J8/build/ntrip_client/build/scripts-3.10/ntrip_ros.py -> /home/rhobtor/PHD/test_j8_hayat/J8/install/ntrip_client/lib/ntrip_client
[2.477s] changing mode of /home/rhobtor/PHD/test_j8_hayat/J8/install/ntrip_client/lib/ntrip_client/ntrip_ros.py to 775
[2.479s] writing list of installed files to '/home/rhobtor/PHD/test_j8_hayat/J8/build/ntrip_client/install.log'
[2.493s] Invoked command in '/home/rhobtor/PHD/test_j8_hayat/J8/src/argo_drivers_pkgs/ntrip_client' returned '0': PYTHONPATH=/home/rhobtor/PHD/test_j8_hayat/J8/build/ntrip_client/prefix_override:/usr/lib/python3/dist-packages/colcon_core/task/python/colcon_distutils_commands:/home/rhobtor/PHD/test_j8_hayat/J8/install/ntrip_client/lib/python3.10/site-packages:${PYTHONPATH} /usr/bin/python3 -W ignore:setup.py install is deprecated -W ignore:easy_install command is deprecated setup.py egg_info --egg-base ../../../build/ntrip_client build --build-base /home/rhobtor/PHD/test_j8_hayat/J8/build/ntrip_client/build install --record /home/rhobtor/PHD/test_j8_hayat/J8/build/ntrip_client/install.log --single-version-externally-managed install_data
