[2.678s] Invoking command in '/home/rhobtor/PHD/test_j8_hayat/J8/src/argo_drivers_pkgs/ntrip_client': PYTHONPATH=/home/rhobtor/PHD/test_j8_hayat/J8/build/ntrip_client/prefix_override:/usr/lib/python3/dist-packages/colcon_core/task/python/colcon_distutils_commands:/home/rhobtor/PHD/test_j8_hayat/J8/install/ntrip_client/lib/python3.10/site-packages:${PYTHONPATH} /usr/bin/python3 -W ignore:setup.py install is deprecated -W ignore:easy_install command is deprecated setup.py egg_info --egg-base ../../../build/ntrip_client build --build-base /home/rhobtor/PHD/test_j8_hayat/J8/build/ntrip_client/build install --record /home/rhobtor/PHD/test_j8_hayat/J8/build/ntrip_client/install.log --single-version-externally-managed install_data
[2.871s] /home/rhobtor/.local/lib/python3.10/site-packages/setuptools/_distutils/dist.py:289: UserWarning: Unknown distribution option: 'tests_require'
[2.871s]   warnings.warn(msg)
[2.902s] /home/rhobtor/.local/lib/python3.10/site-packages/setuptools/dist.py:759: SetuptoolsDeprecationWarning: License classifiers are deprecated.
[2.902s] !!
[2.902s] 
[2.902s]         ********************************************************************************
[2.902s]         Please consider removing the following classifiers in favor of a SPDX license expression:
[2.903s] 
[2.903s]         License :: OSI Approved :: MIT Software License
[2.903s] 
[2.903s]         See https://packaging.python.org/en/latest/guides/writing-pyproject-toml/#license for details.
[2.903s]         ********************************************************************************
[2.903s] 
[2.903s] !!
[2.903s]   self._finalize_license_expression()
[2.965s] running egg_info
[2.979s] writing ../../../build/ntrip_client/ntrip_client.egg-info/PKG-INFO
[2.979s] writing dependency_links to ../../../build/ntrip_client/ntrip_client.egg-info/dependency_links.txt
[2.979s] writing requirements to ../../../build/ntrip_client/ntrip_client.egg-info/requires.txt
[2.980s] writing top-level names to ../../../build/ntrip_client/ntrip_client.egg-info/top_level.txt
[3.022s] reading manifest file '../../../build/ntrip_client/ntrip_client.egg-info/SOURCES.txt'
[3.022s] adding license file 'LICENSE'
[3.023s] writing manifest file '../../../build/ntrip_client/ntrip_client.egg-info/SOURCES.txt'
[3.023s] running build
[3.023s] running build_py
[3.024s] copying src/ntrip_client/ntrip_client.py -> /home/rhobtor/PHD/test_j8_hayat/J8/build/ntrip_client/build/lib/ntrip_client
[3.024s] copying src/ntrip_client/rtcm_parser.py -> /home/rhobtor/PHD/test_j8_hayat/J8/build/ntrip_client/build/lib/ntrip_client
[3.024s] copying src/ntrip_client/__init__.py -> /home/rhobtor/PHD/test_j8_hayat/J8/build/ntrip_client/build/lib/ntrip_client
[3.024s] copying src/ntrip_client/nmea_parser.py -> /home/rhobtor/PHD/test_j8_hayat/J8/build/ntrip_client/build/lib/ntrip_client
[3.024s] running build_scripts
[3.024s] running install
[3.028s] running install_lib
[3.044s] running install_data
[3.044s] copying resource/ntrip_client -> /home/rhobtor/PHD/test_j8_hayat/J8/install/ntrip_client/share/ament_index/resource_index/packages
[3.044s] copying package.xml -> /home/rhobtor/PHD/test_j8_hayat/J8/install/ntrip_client/share/ntrip_client
[3.044s] copying launch/gps_ntrip_launch.py -> /home/rhobtor/PHD/test_j8_hayat/J8/install/ntrip_client/share/ntrip_client
[3.045s] copying launch/ntrip_client_launch.py -> /home/rhobtor/PHD/test_j8_hayat/J8/install/ntrip_client/share/ntrip_client
[3.045s] running install_egg_info
[3.062s] removing '/home/rhobtor/PHD/test_j8_hayat/J8/install/ntrip_client/lib/python3.10/site-packages/ntrip_client-1.2.0-py3.10.egg-info' (and everything under it)
[3.062s] Copying ../../../build/ntrip_client/ntrip_client.egg-info to /home/rhobtor/PHD/test_j8_hayat/J8/install/ntrip_client/lib/python3.10/site-packages/ntrip_client-1.2.0-py3.10.egg-info
[3.065s] running install_scripts
[3.107s] copying /home/rhobtor/PHD/test_j8_hayat/J8/build/ntrip_client/build/scripts-3.10/ntrip_ros.py -> /home/rhobtor/PHD/test_j8_hayat/J8/install/ntrip_client/lib/ntrip_client
[3.107s] changing mode of /home/rhobtor/PHD/test_j8_hayat/J8/install/ntrip_client/lib/ntrip_client/ntrip_ros.py to 775
[3.111s] writing list of installed files to '/home/rhobtor/PHD/test_j8_hayat/J8/build/ntrip_client/install.log'
[3.138s] Invoked command in '/home/rhobtor/PHD/test_j8_hayat/J8/src/argo_drivers_pkgs/ntrip_client' returned '0': PYTHONPATH=/home/rhobtor/PHD/test_j8_hayat/J8/build/ntrip_client/prefix_override:/usr/lib/python3/dist-packages/colcon_core/task/python/colcon_distutils_commands:/home/rhobtor/PHD/test_j8_hayat/J8/install/ntrip_client/lib/python3.10/site-packages:${PYTHONPATH} /usr/bin/python3 -W ignore:setup.py install is deprecated -W ignore:easy_install command is deprecated setup.py egg_info --egg-base ../../../build/ntrip_client build --build-base /home/rhobtor/PHD/test_j8_hayat/J8/build/ntrip_client/build install --record /home/rhobtor/PHD/test_j8_hayat/J8/build/ntrip_client/install.log --single-version-externally-managed install_data
