[0.118s] Invoking command in '/home/rhobtor/PHD/test_j8_hayat/J8/build/spacenav': CMAKE_PREFIX_PATH=${CMAKE_PREFIX_PATH}:/home/rhobtor/PHD/ARGOJ8_IA/ARGOSJ8_IA_/install/ntrip_client:/home/rhobtor/PHD/ARGOJ8_IA/ARGOSJ8_IA_/install/j8_gui:/home/rhobtor/PHD/ARGOJ8_IA/ARGOSJ8_IA_/install/car:/home/rhobtor/PHD/ARGOJ8_IA/ARGOSJ8_IA_/install/android_ros2_server:/home/rhobtor/PHD/ARGOJ8_IA/ARGOSJ8_IA_/install/GUI_pkg:/opt/ros/humble /opt/st/stm32cubeclt_1.18.0/CMake/bin/cmake /home/rhobtor/PHD/test_j8_hayat/J8/src/j8_joystick/spacenav -DCMAKE_INSTALL_PREFIX=/home/rhobtor/PHD/test_j8_hayat/J8/install/spacenav
[0.282s] -- The C compiler identification is GNU 11.4.0
[0.474s] -- The CXX compiler identification is GNU 11.4.0
[0.533s] -- Detecting C compiler ABI info
[0.756s] -- Detecting C compiler ABI info - done
[0.801s] -- Check for working C compiler: /usr/bin/cc - skipped
[0.801s] -- Detecting C compile features
[0.801s] -- Detecting C compile features - done
[0.839s] -- Detecting CXX compiler ABI info
[1.109s] -- Detecting CXX compiler ABI info - done
[1.166s] -- Check for working CXX compiler: /usr/bin/c++ - skipped
[1.167s] -- Detecting CXX compile features
[1.168s] -- Detecting CXX compile features - done
[1.205s] -- Found ament_cmake: 1.3.14 (/opt/ros/humble/share/ament_cmake/cmake)
[1.833s] -- Found Python3: /usr/bin/python3 (found version "3.10.12") found components: Interpreter 
[2.352s] -- Found geometry_msgs: 4.9.1 (/opt/ros/humble/share/geometry_msgs/cmake)
[2.625s] -- Found rosidl_generator_c: 3.1.8 (/opt/ros/humble/share/rosidl_generator_c/cmake)
[2.665s] -- Found rosidl_adapter: 3.1.8 (/opt/ros/humble/share/rosidl_adapter/cmake)
[2.723s] -- Found rosidl_generator_cpp: 3.1.8 (/opt/ros/humble/share/rosidl_generator_cpp/cmake)
[2.805s] -- Using all available rosidl_typesupport_c: rosidl_typesupport_fastrtps_c;rosidl_typesupport_introspection_c
[2.901s] -- Using all available rosidl_typesupport_cpp: rosidl_typesupport_fastrtps_cpp;rosidl_typesupport_introspection_cpp
[3.152s] -- Found rclcpp: 16.0.18 (/opt/ros/humble/share/rclcpp/cmake)
[3.424s] -- Found rmw_implementation_cmake: 6.1.2 (/opt/ros/humble/share/rmw_implementation_cmake/cmake)
[3.448s] -- Found rmw_fastrtps_cpp: 6.2.10 (/opt/ros/humble/share/rmw_fastrtps_cpp/cmake)
[3.748s] -- Found OpenSSL: /usr/lib/x86_64-linux-gnu/libcrypto.so (found version "3.0.2")  
[3.835s] -- Found FastRTPS: /opt/ros/humble/include  
[3.983s] -- Using RMW implementation 'rmw_fastrtps_cpp' as default
[4.036s] -- Performing Test CMAKE_HAVE_LIBC_PTHREAD
[4.172s] -- Performing Test CMAKE_HAVE_LIBC_PTHREAD - Success
[4.176s] -- Found Threads: TRUE  
[4.409s] -- Found rclcpp_components: 16.0.18 (/opt/ros/humble/share/rclcpp_components/cmake)
[4.561s] -- Found sensor_msgs: 4.9.1 (/opt/ros/humble/share/sensor_msgs/cmake)
[4.646s] -- Found SPNAV: /usr/lib/libspnav.so  
[4.675s] -- Found ament_lint_auto: 0.12.15 (/opt/ros/humble/share/ament_lint_auto/cmake)
[5.014s] -- Added test 'cppcheck' to perform static code analysis on C / C++ code
[5.020s] -- Configured cppcheck include dirs: $<BUILD_INTERFACE:/home/rhobtor/PHD/test_j8_hayat/J8/src/j8_joystick/spacenav/include>
[5.020s] -- Configured cppcheck exclude dirs and/or files: 
[5.024s] -- Added test 'cpplint' to check C / C++ code against the Google style
[5.024s] -- Configured cpplint exclude dirs and/or files: 
[5.028s] -- Added test 'flake8' to check Python code syntax and style conventions
[5.032s] -- Added test 'lint_cmake' to check CMake code style
[5.042s] -- Added test 'pep257' to check Python code against some of the docstring style conventions in PEP 257
[5.042s] -- Added test 'uncrustify' to check C / C++ code style
[5.042s] -- Configured uncrustify additional arguments: 
[5.043s] -- Added test 'xmllint' to check XML markup files
[5.053s] -- Configuring done (4.9s)
[5.100s] -- Generating done (0.0s)
[5.108s] -- Build files have been written to: /home/rhobtor/PHD/test_j8_hayat/J8/build/spacenav
[5.132s] Invoked command in '/home/rhobtor/PHD/test_j8_hayat/J8/build/spacenav' returned '0': CMAKE_PREFIX_PATH=${CMAKE_PREFIX_PATH}:/home/rhobtor/PHD/ARGOJ8_IA/ARGOSJ8_IA_/install/ntrip_client:/home/rhobtor/PHD/ARGOJ8_IA/ARGOSJ8_IA_/install/j8_gui:/home/rhobtor/PHD/ARGOJ8_IA/ARGOSJ8_IA_/install/car:/home/rhobtor/PHD/ARGOJ8_IA/ARGOSJ8_IA_/install/android_ros2_server:/home/rhobtor/PHD/ARGOJ8_IA/ARGOSJ8_IA_/install/GUI_pkg:/opt/ros/humble /opt/st/stm32cubeclt_1.18.0/CMake/bin/cmake /home/rhobtor/PHD/test_j8_hayat/J8/src/j8_joystick/spacenav -DCMAKE_INSTALL_PREFIX=/home/rhobtor/PHD/test_j8_hayat/J8/install/spacenav
[5.140s] Invoking command in '/home/rhobtor/PHD/test_j8_hayat/J8/build/spacenav': CMAKE_PREFIX_PATH=${CMAKE_PREFIX_PATH}:/home/rhobtor/PHD/ARGOJ8_IA/ARGOSJ8_IA_/install/ntrip_client:/home/rhobtor/PHD/ARGOJ8_IA/ARGOSJ8_IA_/install/j8_gui:/home/rhobtor/PHD/ARGOJ8_IA/ARGOSJ8_IA_/install/car:/home/rhobtor/PHD/ARGOJ8_IA/ARGOSJ8_IA_/install/android_ros2_server:/home/rhobtor/PHD/ARGOJ8_IA/ARGOSJ8_IA_/install/GUI_pkg:/opt/ros/humble /opt/st/stm32cubeclt_1.18.0/CMake/bin/cmake --build /home/rhobtor/PHD/test_j8_hayat/J8/build/spacenav -- -j16 -l16
[6.237s] [ 25%] [32mBuilding CXX object CMakeFiles/spacenav_node.dir/rclcpp_components/node_main_spacenav_node.cpp.o[0m
[6.237s] [ 50%] [32mBuilding CXX object CMakeFiles/spacenav.dir/src/spacenav.cpp.o[0m
[30.133s] [ 75%] [32m[1mLinking CXX executable spacenav_node[0m
[30.816s] [ 75%] Built target spacenav_node
[43.363s] [100%] [32m[1mLinking CXX shared library libspacenav.so[0m
[44.019s] [100%] Built target spacenav
[44.037s] Invoked command in '/home/rhobtor/PHD/test_j8_hayat/J8/build/spacenav' returned '0': CMAKE_PREFIX_PATH=${CMAKE_PREFIX_PATH}:/home/rhobtor/PHD/ARGOJ8_IA/ARGOSJ8_IA_/install/ntrip_client:/home/rhobtor/PHD/ARGOJ8_IA/ARGOSJ8_IA_/install/j8_gui:/home/rhobtor/PHD/ARGOJ8_IA/ARGOSJ8_IA_/install/car:/home/rhobtor/PHD/ARGOJ8_IA/ARGOSJ8_IA_/install/android_ros2_server:/home/rhobtor/PHD/ARGOJ8_IA/ARGOSJ8_IA_/install/GUI_pkg:/opt/ros/humble /opt/st/stm32cubeclt_1.18.0/CMake/bin/cmake --build /home/rhobtor/PHD/test_j8_hayat/J8/build/spacenav -- -j16 -l16
[44.039s] Invoking command in '/home/rhobtor/PHD/test_j8_hayat/J8/build/spacenav': CMAKE_PREFIX_PATH=${CMAKE_PREFIX_PATH}:/home/rhobtor/PHD/ARGOJ8_IA/ARGOSJ8_IA_/install/ntrip_client:/home/rhobtor/PHD/ARGOJ8_IA/ARGOSJ8_IA_/install/j8_gui:/home/rhobtor/PHD/ARGOJ8_IA/ARGOSJ8_IA_/install/car:/home/rhobtor/PHD/ARGOJ8_IA/ARGOSJ8_IA_/install/android_ros2_server:/home/rhobtor/PHD/ARGOJ8_IA/ARGOSJ8_IA_/install/GUI_pkg:/opt/ros/humble /opt/st/stm32cubeclt_1.18.0/CMake/bin/cmake --install /home/rhobtor/PHD/test_j8_hayat/J8/build/spacenav
[45.948s] -- Install configuration: ""
[45.949s] -- Installing: /home/rhobtor/PHD/test_j8_hayat/J8/install/spacenav/lib/libspacenav.so
[45.949s] -- Set non-toolchain portion of runtime path of "/home/rhobtor/PHD/test_j8_hayat/J8/install/spacenav/lib/libspacenav.so" to ""
[45.950s] -- Installing: /home/rhobtor/PHD/test_j8_hayat/J8/install/spacenav/lib/spacenav/spacenav_node
[45.950s] -- Set non-toolchain portion of runtime path of "/home/rhobtor/PHD/test_j8_hayat/J8/install/spacenav/lib/spacenav/spacenav_node" to ""
[45.950s] -- Installing: /home/rhobtor/PHD/test_j8_hayat/J8/install/spacenav/include/spacenav
[45.950s] -- Installing: /home/rhobtor/PHD/test_j8_hayat/J8/install/spacenav/include/spacenav/spacenav
[45.950s] -- Installing: /home/rhobtor/PHD/test_j8_hayat/J8/install/spacenav/include/spacenav/spacenav/spacenav.hpp
[45.951s] -- Installing: /home/rhobtor/PHD/test_j8_hayat/J8/install/spacenav/share/spacenav//launch
[45.951s] -- Installing: /home/rhobtor/PHD/test_j8_hayat/J8/install/spacenav/share/spacenav//launch/static_deadband-launch.py
[45.951s] -- Installing: /home/rhobtor/PHD/test_j8_hayat/J8/install/spacenav/share/spacenav//launch/no_deadband-launch.py
[45.952s] -- Installing: /home/rhobtor/PHD/test_j8_hayat/J8/install/spacenav/share/spacenav//launch/classic-launch.py
[45.952s] -- Up-to-date: /home/rhobtor/PHD/test_j8_hayat/J8/install/spacenav/lib/libspacenav.so
[45.952s] -- Installing: /home/rhobtor/PHD/test_j8_hayat/J8/install/spacenav/share/ament_index/resource_index/package_run_dependencies/spacenav
[45.952s] -- Installing: /home/rhobtor/PHD/test_j8_hayat/J8/install/spacenav/share/ament_index/resource_index/parent_prefix_path/spacenav
[45.952s] -- Installing: /home/rhobtor/PHD/test_j8_hayat/J8/install/spacenav/share/spacenav/environment/ament_prefix_path.sh
[45.952s] -- Installing: /home/rhobtor/PHD/test_j8_hayat/J8/install/spacenav/share/spacenav/environment/ament_prefix_path.dsv
[45.953s] -- Installing: /home/rhobtor/PHD/test_j8_hayat/J8/install/spacenav/share/spacenav/environment/path.sh
[45.953s] -- Installing: /home/rhobtor/PHD/test_j8_hayat/J8/install/spacenav/share/spacenav/environment/path.dsv
[45.953s] -- Installing: /home/rhobtor/PHD/test_j8_hayat/J8/install/spacenav/share/spacenav/local_setup.bash
[45.953s] -- Installing: /home/rhobtor/PHD/test_j8_hayat/J8/install/spacenav/share/spacenav/local_setup.sh
[45.953s] -- Installing: /home/rhobtor/PHD/test_j8_hayat/J8/install/spacenav/share/spacenav/local_setup.zsh
[45.953s] -- Installing: /home/rhobtor/PHD/test_j8_hayat/J8/install/spacenav/share/spacenav/local_setup.dsv
[45.953s] -- Installing: /home/rhobtor/PHD/test_j8_hayat/J8/install/spacenav/share/spacenav/package.dsv
[45.954s] -- Installing: /home/rhobtor/PHD/test_j8_hayat/J8/install/spacenav/share/ament_index/resource_index/packages/spacenav
[45.954s] -- Installing: /home/rhobtor/PHD/test_j8_hayat/J8/install/spacenav/share/ament_index/resource_index/rclcpp_components/spacenav
[45.954s] -- Installing: /home/rhobtor/PHD/test_j8_hayat/J8/install/spacenav/share/spacenav/cmake/export_spacenavExport.cmake
[45.954s] -- Installing: /home/rhobtor/PHD/test_j8_hayat/J8/install/spacenav/share/spacenav/cmake/export_spacenavExport-noconfig.cmake
[45.954s] -- Installing: /home/rhobtor/PHD/test_j8_hayat/J8/install/spacenav/share/spacenav/cmake/ament_cmake_export_targets-extras.cmake
[45.954s] -- Installing: /home/rhobtor/PHD/test_j8_hayat/J8/install/spacenav/share/spacenav/cmake/ament_cmake_export_dependencies-extras.cmake
[45.954s] -- Installing: /home/rhobtor/PHD/test_j8_hayat/J8/install/spacenav/share/spacenav/cmake/spacenavConfig.cmake
[45.954s] -- Installing: /home/rhobtor/PHD/test_j8_hayat/J8/install/spacenav/share/spacenav/cmake/spacenavConfig-version.cmake
[45.955s] -- Installing: /home/rhobtor/PHD/test_j8_hayat/J8/install/spacenav/share/spacenav/package.xml
[45.963s] Invoked command in '/home/rhobtor/PHD/test_j8_hayat/J8/build/spacenav' returned '0': CMAKE_PREFIX_PATH=${CMAKE_PREFIX_PATH}:/home/rhobtor/PHD/ARGOJ8_IA/ARGOSJ8_IA_/install/ntrip_client:/home/rhobtor/PHD/ARGOJ8_IA/ARGOSJ8_IA_/install/j8_gui:/home/rhobtor/PHD/ARGOJ8_IA/ARGOSJ8_IA_/install/car:/home/rhobtor/PHD/ARGOJ8_IA/ARGOSJ8_IA_/install/android_ros2_server:/home/rhobtor/PHD/ARGOJ8_IA/ARGOSJ8_IA_/install/GUI_pkg:/opt/ros/humble /opt/st/stm32cubeclt_1.18.0/CMake/bin/cmake --install /home/rhobtor/PHD/test_j8_hayat/J8/build/spacenav
