[0.841s] Invoking command in '/home/rhobtor/PHD/test_j8_hayat/J8/build/argj801_setup': CMAKE_PREFIX_PATH=${CMAKE_PREFIX_PATH}:/home/rhobtor/PHD/test_j8_hayat/J8/install/ntrip_client:/home/rhobtor/PHD/test_j8_hayat/J8/install/j8_gui:/home/rhobtor/PHD/test_j8_hayat/J8/install/android_ros2_server:/home/rhobtor/PHD/test_j8_hayat/J8/install/GUI_pkg:/home/rhobtor/PHD/ARGOJ8_IA/ARGOSJ8_IA_/install/ntrip_client:/home/rhobtor/PHD/ARGOJ8_IA/ARGOSJ8_IA_/install/j8_gui:/home/rhobtor/PHD/ARGOJ8_IA/ARGOSJ8_IA_/install/car:/home/rhobtor/PHD/ARGOJ8_IA/ARGOSJ8_IA_/install/android_ros2_server:/home/rhobtor/PHD/ARGOJ8_IA/ARGOSJ8_IA_/install/GUI_pkg:/opt/ros/humble /opt/st/stm32cubeclt_1.18.0/CMake/bin/cmake --build /home/rhobtor/PHD/test_j8_hayat/J8/build/argj801_setup -- -j16 -l16
[1.070s] Invoked command in '/home/rhobtor/PHD/test_j8_hayat/J8/build/argj801_setup' returned '0': CMAKE_PREFIX_PATH=${CMAKE_PREFIX_PATH}:/home/rhobtor/PHD/test_j8_hayat/J8/install/ntrip_client:/home/rhobtor/PHD/test_j8_hayat/J8/install/j8_gui:/home/rhobtor/PHD/test_j8_hayat/J8/install/android_ros2_server:/home/rhobtor/PHD/test_j8_hayat/J8/install/GUI_pkg:/home/rhobtor/PHD/ARGOJ8_IA/ARGOSJ8_IA_/install/ntrip_client:/home/rhobtor/PHD/ARGOJ8_IA/ARGOSJ8_IA_/install/j8_gui:/home/rhobtor/PHD/ARGOJ8_IA/ARGOSJ8_IA_/install/car:/home/rhobtor/PHD/ARGOJ8_IA/ARGOSJ8_IA_/install/android_ros2_server:/home/rhobtor/PHD/ARGOJ8_IA/ARGOSJ8_IA_/install/GUI_pkg:/opt/ros/humble /opt/st/stm32cubeclt_1.18.0/CMake/bin/cmake --build /home/rhobtor/PHD/test_j8_hayat/J8/build/argj801_setup -- -j16 -l16
[1.071s] Invoking command in '/home/rhobtor/PHD/test_j8_hayat/J8/build/argj801_setup': CMAKE_PREFIX_PATH=${CMAKE_PREFIX_PATH}:/home/rhobtor/PHD/test_j8_hayat/J8/install/ntrip_client:/home/rhobtor/PHD/test_j8_hayat/J8/install/j8_gui:/home/rhobtor/PHD/test_j8_hayat/J8/install/android_ros2_server:/home/rhobtor/PHD/test_j8_hayat/J8/install/GUI_pkg:/home/rhobtor/PHD/ARGOJ8_IA/ARGOSJ8_IA_/install/ntrip_client:/home/rhobtor/PHD/ARGOJ8_IA/ARGOSJ8_IA_/install/j8_gui:/home/rhobtor/PHD/ARGOJ8_IA/ARGOSJ8_IA_/install/car:/home/rhobtor/PHD/ARGOJ8_IA/ARGOSJ8_IA_/install/android_ros2_server:/home/rhobtor/PHD/ARGOJ8_IA/ARGOSJ8_IA_/install/GUI_pkg:/opt/ros/humble /opt/st/stm32cubeclt_1.18.0/CMake/bin/cmake --install /home/rhobtor/PHD/test_j8_hayat/J8/build/argj801_setup
[1.340s] -- Install configuration: ""
[1.340s] -- Up-to-date: /home/rhobtor/PHD/test_j8_hayat/J8/install/argj801_setup/share/argj801_setup//launch
[1.340s] -- Up-to-date: /home/rhobtor/PHD/test_j8_hayat/J8/install/argj801_setup/share/argj801_setup//launch/README.md
[1.340s] -- Up-to-date: /home/rhobtor/PHD/test_j8_hayat/J8/install/argj801_setup/share/argj801_setup//launch/J8_launch.py
[1.340s] -- Up-to-date: /home/rhobtor/PHD/test_j8_hayat/J8/install/argj801_setup/share/argj801_setup//config
[1.340s] -- Up-to-date: /home/rhobtor/PHD/test_j8_hayat/J8/install/argj801_setup/share/argj801_setup//config/README.md
[1.340s] -- Up-to-date: /home/rhobtor/PHD/test_j8_hayat/J8/install/argj801_setup/share/argj801_setup//config/J8_params.yaml
[1.340s] -- Up-to-date: /home/rhobtor/PHD/test_j8_hayat/J8/install/argj801_setup/share/ament_index/resource_index/package_run_dependencies/argj801_setup
[1.340s] -- Up-to-date: /home/rhobtor/PHD/test_j8_hayat/J8/install/argj801_setup/share/ament_index/resource_index/parent_prefix_path/argj801_setup
[1.340s] -- Up-to-date: /home/rhobtor/PHD/test_j8_hayat/J8/install/argj801_setup/share/argj801_setup/environment/ament_prefix_path.sh
[1.340s] -- Up-to-date: /home/rhobtor/PHD/test_j8_hayat/J8/install/argj801_setup/share/argj801_setup/environment/ament_prefix_path.dsv
[1.340s] -- Up-to-date: /home/rhobtor/PHD/test_j8_hayat/J8/install/argj801_setup/share/argj801_setup/environment/path.sh
[1.341s] -- Up-to-date: /home/rhobtor/PHD/test_j8_hayat/J8/install/argj801_setup/share/argj801_setup/environment/path.dsv
[1.341s] -- Up-to-date: /home/rhobtor/PHD/test_j8_hayat/J8/install/argj801_setup/share/argj801_setup/local_setup.bash
[1.341s] -- Up-to-date: /home/rhobtor/PHD/test_j8_hayat/J8/install/argj801_setup/share/argj801_setup/local_setup.sh
[1.341s] -- Up-to-date: /home/rhobtor/PHD/test_j8_hayat/J8/install/argj801_setup/share/argj801_setup/local_setup.zsh
[1.341s] -- Up-to-date: /home/rhobtor/PHD/test_j8_hayat/J8/install/argj801_setup/share/argj801_setup/local_setup.dsv
[1.341s] -- Up-to-date: /home/rhobtor/PHD/test_j8_hayat/J8/install/argj801_setup/share/argj801_setup/package.dsv
[1.341s] -- Up-to-date: /home/rhobtor/PHD/test_j8_hayat/J8/install/argj801_setup/share/ament_index/resource_index/packages/argj801_setup
[1.341s] -- Up-to-date: /home/rhobtor/PHD/test_j8_hayat/J8/install/argj801_setup/share/argj801_setup/cmake/argj801_setupConfig.cmake
[1.341s] -- Up-to-date: /home/rhobtor/PHD/test_j8_hayat/J8/install/argj801_setup/share/argj801_setup/cmake/argj801_setupConfig-version.cmake
[1.341s] -- Up-to-date: /home/rhobtor/PHD/test_j8_hayat/J8/install/argj801_setup/share/argj801_setup/package.xml
[1.407s] Invoked command in '/home/rhobtor/PHD/test_j8_hayat/J8/build/argj801_setup' returned '0': CMAKE_PREFIX_PATH=${CMAKE_PREFIX_PATH}:/home/rhobtor/PHD/test_j8_hayat/J8/install/ntrip_client:/home/rhobtor/PHD/test_j8_hayat/J8/install/j8_gui:/home/rhobtor/PHD/test_j8_hayat/J8/install/android_ros2_server:/home/rhobtor/PHD/test_j8_hayat/J8/install/GUI_pkg:/home/rhobtor/PHD/ARGOJ8_IA/ARGOSJ8_IA_/install/ntrip_client:/home/rhobtor/PHD/ARGOJ8_IA/ARGOSJ8_IA_/install/j8_gui:/home/rhobtor/PHD/ARGOJ8_IA/ARGOSJ8_IA_/install/car:/home/rhobtor/PHD/ARGOJ8_IA/ARGOSJ8_IA_/install/android_ros2_server:/home/rhobtor/PHD/ARGOJ8_IA/ARGOSJ8_IA_/install/GUI_pkg:/opt/ros/humble /opt/st/stm32cubeclt_1.18.0/CMake/bin/cmake --install /home/rhobtor/PHD/test_j8_hayat/J8/build/argj801_setup
