[0.089s] Invoking command in '/home/rhobtor/PHD/test_j8_hayat/J8/build/fixposition_gnss_tf': CMAKE_PREFIX_PATH=${CMAKE_PREFIX_PATH}:/home/rhobtor/PHD/ARGOJ8_IA/ARGOSJ8_IA_/install/ntrip_client:/home/rhobtor/PHD/ARGOJ8_IA/ARGOSJ8_IA_/install/j8_gui:/home/rhobtor/PHD/ARGOJ8_IA/ARGOSJ8_IA_/install/car:/home/rhobtor/PHD/ARGOJ8_IA/ARGOSJ8_IA_/install/android_ros2_server:/home/rhobtor/PHD/ARGOJ8_IA/ARGOSJ8_IA_/install/GUI_pkg:/opt/ros/humble /opt/st/stm32cubeclt_1.18.0/CMake/bin/cmake /home/rhobtor/PHD/test_j8_hayat/J8/src/argo_drivers_pkgs/Fixposition_driver_pkg/fixposition_gnss_tf-main -DCMAKE_INSTALL_PREFIX=/home/rhobtor/PHD/test_j8_hayat/J8/install/fixposition_gnss_tf
[1.550s] -- The CXX compiler identification is GNU 11.4.0
[1.554s] -- Detecting CXX compiler ABI info
[1.554s] -- Detecting CXX compiler ABI info - done
[1.554s] -- Check for working CXX compiler: /usr/bin/c++ - skipped
[1.554s] -- Detecting CXX compile features
[1.554s] -- Detecting CXX compile features - done
[1.555s] -- Configuring done (0.4s)
[1.555s] -- Generating done (0.0s)
[1.555s] -- Build files have been written to: /home/rhobtor/PHD/test_j8_hayat/J8/build/fixposition_gnss_tf
[2.051s] Invoked command in '/home/rhobtor/PHD/test_j8_hayat/J8/build/fixposition_gnss_tf' returned '0': CMAKE_PREFIX_PATH=${CMAKE_PREFIX_PATH}:/home/rhobtor/PHD/ARGOJ8_IA/ARGOSJ8_IA_/install/ntrip_client:/home/rhobtor/PHD/ARGOJ8_IA/ARGOSJ8_IA_/install/j8_gui:/home/rhobtor/PHD/ARGOJ8_IA/ARGOSJ8_IA_/install/car:/home/rhobtor/PHD/ARGOJ8_IA/ARGOSJ8_IA_/install/android_ros2_server:/home/rhobtor/PHD/ARGOJ8_IA/ARGOSJ8_IA_/install/GUI_pkg:/opt/ros/humble /opt/st/stm32cubeclt_1.18.0/CMake/bin/cmake /home/rhobtor/PHD/test_j8_hayat/J8/src/argo_drivers_pkgs/Fixposition_driver_pkg/fixposition_gnss_tf-main -DCMAKE_INSTALL_PREFIX=/home/rhobtor/PHD/test_j8_hayat/J8/install/fixposition_gnss_tf
[2.056s] Invoking command in '/home/rhobtor/PHD/test_j8_hayat/J8/build/fixposition_gnss_tf': CMAKE_PREFIX_PATH=${CMAKE_PREFIX_PATH}:/home/rhobtor/PHD/ARGOJ8_IA/ARGOSJ8_IA_/install/ntrip_client:/home/rhobtor/PHD/ARGOJ8_IA/ARGOSJ8_IA_/install/j8_gui:/home/rhobtor/PHD/ARGOJ8_IA/ARGOSJ8_IA_/install/car:/home/rhobtor/PHD/ARGOJ8_IA/ARGOSJ8_IA_/install/android_ros2_server:/home/rhobtor/PHD/ARGOJ8_IA/ARGOSJ8_IA_/install/GUI_pkg:/opt/ros/humble /opt/st/stm32cubeclt_1.18.0/CMake/bin/cmake --build /home/rhobtor/PHD/test_j8_hayat/J8/build/fixposition_gnss_tf -- -j16 -l16
[2.119s] [ 50%] [32mBuilding CXX object CMakeFiles/fixposition_gnss_tf.dir/src/gnss_tf.cpp.o[0m
[6.729s] [100%] [32m[1mLinking CXX shared library libfixposition_gnss_tf.so[0m
[6.820s] [100%] Built target fixposition_gnss_tf
[6.831s] Invoked command in '/home/rhobtor/PHD/test_j8_hayat/J8/build/fixposition_gnss_tf' returned '0': CMAKE_PREFIX_PATH=${CMAKE_PREFIX_PATH}:/home/rhobtor/PHD/ARGOJ8_IA/ARGOSJ8_IA_/install/ntrip_client:/home/rhobtor/PHD/ARGOJ8_IA/ARGOSJ8_IA_/install/j8_gui:/home/rhobtor/PHD/ARGOJ8_IA/ARGOSJ8_IA_/install/car:/home/rhobtor/PHD/ARGOJ8_IA/ARGOSJ8_IA_/install/android_ros2_server:/home/rhobtor/PHD/ARGOJ8_IA/ARGOSJ8_IA_/install/GUI_pkg:/opt/ros/humble /opt/st/stm32cubeclt_1.18.0/CMake/bin/cmake --build /home/rhobtor/PHD/test_j8_hayat/J8/build/fixposition_gnss_tf -- -j16 -l16
[6.838s] Invoking command in '/home/rhobtor/PHD/test_j8_hayat/J8/build/fixposition_gnss_tf': CMAKE_PREFIX_PATH=${CMAKE_PREFIX_PATH}:/home/rhobtor/PHD/ARGOJ8_IA/ARGOSJ8_IA_/install/ntrip_client:/home/rhobtor/PHD/ARGOJ8_IA/ARGOSJ8_IA_/install/j8_gui:/home/rhobtor/PHD/ARGOJ8_IA/ARGOSJ8_IA_/install/car:/home/rhobtor/PHD/ARGOJ8_IA/ARGOSJ8_IA_/install/android_ros2_server:/home/rhobtor/PHD/ARGOJ8_IA/ARGOSJ8_IA_/install/GUI_pkg:/opt/ros/humble /opt/st/stm32cubeclt_1.18.0/CMake/bin/cmake --install /home/rhobtor/PHD/test_j8_hayat/J8/build/fixposition_gnss_tf
[7.990s] -- Install configuration: "Release"
[7.990s] -- Installing: /home/rhobtor/PHD/test_j8_hayat/J8/install/fixposition_gnss_tf/./include
[7.992s] -- Installing: /home/rhobtor/PHD/test_j8_hayat/J8/install/fixposition_gnss_tf/./include/fixposition_gnss_tf
[7.992s] -- Installing: /home/rhobtor/PHD/test_j8_hayat/J8/install/fixposition_gnss_tf/./include/fixposition_gnss_tf/gnss_tf.hpp
[7.993s] -- Installing: /home/rhobtor/PHD/test_j8_hayat/J8/install/fixposition_gnss_tf/lib/libfixposition_gnss_tf.so
[7.993s] -- Up-to-date: /home/rhobtor/PHD/test_j8_hayat/J8/install/fixposition_gnss_tf/lib/libfixposition_gnss_tf.so
[7.993s] -- Installing: /home/rhobtor/PHD/test_j8_hayat/J8/install/fixposition_gnss_tf/lib/cmake/fixposition_gnss_tf/fixposition_gnss_tf-targets.cmake
[7.993s] -- Installing: /home/rhobtor/PHD/test_j8_hayat/J8/install/fixposition_gnss_tf/lib/cmake/fixposition_gnss_tf/fixposition_gnss_tf-targets-release.cmake
[7.993s] -- Up-to-date: /home/rhobtor/PHD/test_j8_hayat/J8/install/fixposition_gnss_tf/include/fixposition_gnss_tf
[7.993s] -- Up-to-date: /home/rhobtor/PHD/test_j8_hayat/J8/install/fixposition_gnss_tf/include/fixposition_gnss_tf/gnss_tf.hpp
[7.993s] -- Installing: /home/rhobtor/PHD/test_j8_hayat/J8/install/fixposition_gnss_tf/share/fixposition_gnss_tf/package.xml
[7.994s] -- Installing: /home/rhobtor/PHD/test_j8_hayat/J8/install/fixposition_gnss_tf/lib/cmake/fixposition_gnss_tf/fixposition_gnss_tf-config.cmake
[7.994s] -- Installing: /home/rhobtor/PHD/test_j8_hayat/J8/install/fixposition_gnss_tf/lib/cmake/fixposition_gnss_tf/fixposition_gnss_tf-config-version.cmake
[8.054s] Invoked command in '/home/rhobtor/PHD/test_j8_hayat/J8/build/fixposition_gnss_tf' returned '0': CMAKE_PREFIX_PATH=${CMAKE_PREFIX_PATH}:/home/rhobtor/PHD/ARGOJ8_IA/ARGOSJ8_IA_/install/ntrip_client:/home/rhobtor/PHD/ARGOJ8_IA/ARGOSJ8_IA_/install/j8_gui:/home/rhobtor/PHD/ARGOJ8_IA/ARGOSJ8_IA_/install/car:/home/rhobtor/PHD/ARGOJ8_IA/ARGOSJ8_IA_/install/android_ros2_server:/home/rhobtor/PHD/ARGOJ8_IA/ARGOSJ8_IA_/install/GUI_pkg:/opt/ros/humble /opt/st/stm32cubeclt_1.18.0/CMake/bin/cmake --install /home/rhobtor/PHD/test_j8_hayat/J8/build/fixposition_gnss_tf
