running egg_info
writing ../../../../build/j8_gui/j8_gui.egg-info/PKG-INFO
writing dependency_links to ../../../../build/j8_gui/j8_gui.egg-info/dependency_links.txt
writing entry points to ../../../../build/j8_gui/j8_gui.egg-info/entry_points.txt
writing requirements to ../../../../build/j8_gui/j8_gui.egg-info/requires.txt
writing top-level names to ../../../../build/j8_gui/j8_gui.egg-info/top_level.txt
reading manifest file '../../../../build/j8_gui/j8_gui.egg-info/SOURCES.txt'
writing manifest file '../../../../build/j8_gui/j8_gui.egg-info/SOURCES.txt'
running build
running build_py
copying j8_gui/__init__.py -> /home/rhobtor/PHD/test_j8_hayat/J8/build/j8_gui/build/lib/j8_gui
copying j8_gui/ros_api.py -> /home/rhobtor/PHD/test_j8_hayat/J8/build/j8_gui/build/lib/j8_gui
copying j8_gui/gui_node.py -> /home/rhobtor/PHD/test_j8_hayat/J8/build/j8_gui/build/lib/j8_gui
copying j8_gui/app/state_widget.py -> /home/rhobtor/PHD/test_j8_hayat/J8/build/j8_gui/build/lib/j8_gui/app
copying j8_gui/app/followzed_widget.py -> /home/rhobtor/PHD/test_j8_hayat/J8/build/j8_gui/build/lib/j8_gui/app
copying j8_gui/app/__init__.py -> /home/rhobtor/PHD/test_j8_hayat/J8/build/j8_gui/build/lib/j8_gui/app
copying j8_gui/app/map_bridge.py -> /home/rhobtor/PHD/test_j8_hayat/J8/build/j8_gui/build/lib/j8_gui/app
copying j8_gui/app/geo_local.py -> /home/rhobtor/PHD/test_j8_hayat/J8/build/j8_gui/build/lib/j8_gui/app
copying j8_gui/app/control_widget.py -> /home/rhobtor/PHD/test_j8_hayat/J8/build/j8_gui/build/lib/j8_gui/app
copying j8_gui/app/main_window.py -> /home/rhobtor/PHD/test_j8_hayat/J8/build/j8_gui/build/lib/j8_gui/app
running install
running install_lib
running install_data
copying resource/j8_gui -> /home/rhobtor/PHD/test_j8_hayat/J8/install/j8_gui/share/ament_index/resource_index/packages
copying package.xml -> /home/rhobtor/PHD/test_j8_hayat/J8/install/j8_gui/share/j8_gui
copying j8_gui/resources/map.html -> /home/rhobtor/PHD/test_j8_hayat/J8/install/j8_gui/share/j8_gui/resources
copying resource/j8_gui -> /home/rhobtor/PHD/test_j8_hayat/J8/install/j8_gui/share/ament_index/resource_index/packages
copying package.xml -> /home/rhobtor/PHD/test_j8_hayat/J8/install/j8_gui/share/j8_gui
copying j8_gui/resources/map.html -> /home/rhobtor/PHD/test_j8_hayat/J8/install/j8_gui/share/j8_gui/resources
copying j8_gui/resources/vendor/leaflet/leaflet.js -> /home/rhobtor/PHD/test_j8_hayat/J8/install/j8_gui/share/j8_gui/resources/vendor/leaflet
copying j8_gui/resources/vendor/leaflet/leaflet.css -> /home/rhobtor/PHD/test_j8_hayat/J8/install/j8_gui/share/j8_gui/resources/vendor/leaflet
copying j8_gui/resources/vendor/leaflet/images/marker-icon.png -> /home/rhobtor/PHD/test_j8_hayat/J8/install/j8_gui/share/j8_gui/resources/vendor/leaflet/images
copying j8_gui/resources/vendor/leaflet/images/marker-icon-2x.png -> /home/rhobtor/PHD/test_j8_hayat/J8/install/j8_gui/share/j8_gui/resources/vendor/leaflet/images
copying j8_gui/resources/vendor/leaflet/images/marker-shadow.png -> /home/rhobtor/PHD/test_j8_hayat/J8/install/j8_gui/share/j8_gui/resources/vendor/leaflet/images
running install_egg_info
removing '/home/rhobtor/PHD/test_j8_hayat/J8/install/j8_gui/lib/python3.10/site-packages/j8_gui-0.1.0-py3.10.egg-info' (and everything under it)
Copying ../../../../build/j8_gui/j8_gui.egg-info to /home/rhobtor/PHD/test_j8_hayat/J8/install/j8_gui/lib/python3.10/site-packages/j8_gui-0.1.0-py3.10.egg-info
running install_scripts
Installing gui script to /home/rhobtor/PHD/test_j8_hayat/J8/install/j8_gui/lib/j8_gui
writing list of installed files to '/home/rhobtor/PHD/test_j8_hayat/J8/build/j8_gui/install.log'
