-- The C compiler identification is GNU 11.4.0
-- The CXX compiler identification is GNU 11.4.0
-- Detecting C compiler ABI info
-- Detecting C compiler ABI info - done
-- Check for working C compiler: /usr/bin/cc - skipped
-- Detecting C compile features
-- Detecting C compile features - done
-- Detecting CXX compiler ABI info
-- Detecting CXX compiler ABI info - done
-- Check for working CXX compiler: /usr/bin/c++ - skipped
-- Detecting CXX compile features
-- Detecting CXX compile features - done
-- Found ament_cmake: 1.3.14 (/opt/ros/humble/share/ament_cmake/cmake)
-- Found Python3: /usr/bin/python3 (found version "3.10.12") found components: Interpreter 
-- Found rclcpp: 16.0.18 (/opt/ros/humble/share/rclcpp/cmake)
-- Found rosidl_generator_c: 3.1.8 (/opt/ros/humble/share/rosidl_generator_c/cmake)
-- Found rosidl_adapter: 3.1.8 (/opt/ros/humble/share/rosidl_adapter/cmake)
-- Found rosidl_generator_cpp: 3.1.8 (/opt/ros/humble/share/rosidl_generator_cpp/cmake)
-- Using all available rosidl_typesupport_c: rosidl_typesupport_fastrtps_c;rosidl_typesupport_introspection_c
-- Using all available rosidl_typesupport_cpp: rosidl_typesupport_fastrtps_cpp;rosidl_typesupport_introspection_cpp
-- Found rmw_implementation_cmake: 6.1.2 (/opt/ros/humble/share/rmw_implementation_cmake/cmake)
-- Found rmw_fastrtps_cpp: 6.2.10 (/opt/ros/humble/share/rmw_fastrtps_cpp/cmake)
-- Found OpenSSL: /usr/lib/x86_64-linux-gnu/libcrypto.so (found version "3.0.2")  
-- Found FastRTPS: /opt/ros/humble/include  
-- Using RMW implementation 'rmw_fastrtps_cpp' as default
-- Performing Test CMAKE_HAVE_LIBC_PTHREAD
-- Performing Test CMAKE_HAVE_LIBC_PTHREAD - Success
-- Found Threads: TRUE  
-- Found rclcpp_lifecycle: 16.0.18 (/opt/ros/humble/share/rclcpp_lifecycle/cmake)
-- Found std_srvs: 4.9.1 (/opt/ros/humble/share/std_srvs/cmake)
-- Found nav_msgs: 4.9.1 (/opt/ros/humble/share/nav_msgs/cmake)
-- Found GeographicLib: /usr/lib/x86_64-linux-gnu  
-- Found path_manager_interfaces: 0.0.0 (/home/rhobtor/PHD/test_j8_hayat/J8/install/path_manager_interfaces/share/path_manager_interfaces/cmake)
-- Found rosidl_default_generators: 1.2.1 (/opt/ros/humble/share/rosidl_default_generators/cmake)
-- Configuring done (3.9s)
-- Generating done (0.0s)
-- Build files have been written to: /home/rhobtor/PHD/test_j8_hayat/J8/build/path_manager
[ 33%] [32mBuilding CXX object CMakeFiles/path_manager_node.dir/src/path_manager.cpp.o[0m
[ 66%] [32mBuilding CXX object CMakeFiles/path_manager_node.dir/src/Demaias_planner/DEMAIAS.cpp.o[0m
[100%] [32m[1mLinking CXX executable path_manager_node[0m
[100%] Built target path_manager_node
-- Install configuration: ""
-- Installing: /home/rhobtor/PHD/test_j8_hayat/J8/install/path_manager/lib/path_manager/path_manager_node
-- Set non-toolchain portion of runtime path of "/home/rhobtor/PHD/test_j8_hayat/J8/install/path_manager/lib/path_manager/path_manager_node" to ""
-- Installing: /home/rhobtor/PHD/test_j8_hayat/J8/install/path_manager/include
-- Installing: /home/rhobtor/PHD/test_j8_hayat/J8/install/path_manager/include/path_manager
-- Installing: /home/rhobtor/PHD/test_j8_hayat/J8/install/path_manager/include/path_manager/path_manager.hpp
-- Installing: /home/rhobtor/PHD/test_j8_hayat/J8/install/path_manager/include/path_manager/DEMAIAS_directives.hpp
-- Installing: /home/rhobtor/PHD/test_j8_hayat/J8/install/path_manager/include/path_manager/DEMAIAS_class.hpp
-- Installing: /home/rhobtor/PHD/test_j8_hayat/J8/install/path_manager/include/path_manager/DEMAIAS.hpp
-- Installing: /home/rhobtor/PHD/test_j8_hayat/J8/install/path_manager/share/path_manager/paths
-- Installing: /home/rhobtor/PHD/test_j8_hayat/J8/install/path_manager/share/path_manager/paths/sarfis_2.gpx
-- Installing: /home/rhobtor/PHD/test_j8_hayat/J8/install/path_manager/share/path_manager/paths/gpx_path3.gpx
-- Installing: /home/rhobtor/PHD/test_j8_hayat/J8/install/path_manager/share/path_manager/paths/lef.gpx
-- Installing: /home/rhobtor/PHD/test_j8_hayat/J8/install/path_manager/share/path_manager/paths/legion2.gpx
-- Installing: /home/rhobtor/PHD/test_j8_hayat/J8/install/path_manager/share/path_manager/paths/sarfis_4.gpx
-- Installing: /home/rhobtor/PHD/test_j8_hayat/J8/install/path_manager/share/path_manager/paths/spin.gpx
-- Installing: /home/rhobtor/PHD/test_j8_hayat/J8/install/path_manager/share/path_manager/paths/sarfis_3.gpx
-- Installing: /home/rhobtor/PHD/test_j8_hayat/J8/install/path_manager/share/path_manager/paths/path_4_june_26.gpx
-- Installing: /home/rhobtor/PHD/test_j8_hayat/J8/install/path_manager/share/path_manager/paths/sarfis_1.gpx
-- Installing: /home/rhobtor/PHD/test_j8_hayat/J8/install/path_manager/share/path_manager/paths/gpx_path2.gpx
-- Installing: /home/rhobtor/PHD/test_j8_hayat/J8/install/path_manager/share/path_manager/paths/path_1_june_26.gpx
-- Installing: /home/rhobtor/PHD/test_j8_hayat/J8/install/path_manager/share/path_manager/paths/path_3_june_26.gpx
-- Installing: /home/rhobtor/PHD/test_j8_hayat/J8/install/path_manager/share/path_manager/paths/path_2_june_26.gpx
-- Installing: /home/rhobtor/PHD/test_j8_hayat/J8/install/path_manager/share/path_manager/Demaias_planner_missions
-- Installing: /home/rhobtor/PHD/test_j8_hayat/J8/install/path_manager/share/path_manager/Demaias_planner_missions/LTL_mission_test.dat
-- Installing: /home/rhobtor/PHD/test_j8_hayat/J8/install/path_manager/share/path_manager/Demaias_planner_missions/LTL_mission_legion.dat
-- Installing: /home/rhobtor/PHD/test_j8_hayat/J8/install/path_manager/share/path_manager/Demaias_planner_missions/UMA_SEG_24_dsm_150cm.xyz
-- Installing: /home/rhobtor/PHD/test_j8_hayat/J8/install/path_manager/share/path_manager/Demaias_planner_missions/LAENTIEC100cm.xyz
-- Installing: /home/rhobtor/PHD/test_j8_hayat/J8/install/path_manager/share/path_manager/Demaias_planner_missions/NFA_mission_dsm_100cm.dat
-- Installing: /home/rhobtor/PHD/test_j8_hayat/J8/install/path_manager/share/path_manager/Demaias_planner_missions/mapping_dsm_100cm.dat
-- Installing: /home/rhobtor/PHD/test_j8_hayat/J8/install/path_manager/share/ament_index/resource_index/package_run_dependencies/path_manager
-- Installing: /home/rhobtor/PHD/test_j8_hayat/J8/install/path_manager/share/ament_index/resource_index/parent_prefix_path/path_manager
-- Installing: /home/rhobtor/PHD/test_j8_hayat/J8/install/path_manager/share/path_manager/environment/ament_prefix_path.sh
-- Installing: /home/rhobtor/PHD/test_j8_hayat/J8/install/path_manager/share/path_manager/environment/ament_prefix_path.dsv
-- Installing: /home/rhobtor/PHD/test_j8_hayat/J8/install/path_manager/share/path_manager/environment/path.sh
-- Installing: /home/rhobtor/PHD/test_j8_hayat/J8/install/path_manager/share/path_manager/environment/path.dsv
-- Installing: /home/rhobtor/PHD/test_j8_hayat/J8/install/path_manager/share/path_manager/local_setup.bash
-- Installing: /home/rhobtor/PHD/test_j8_hayat/J8/install/path_manager/share/path_manager/local_setup.sh
-- Installing: /home/rhobtor/PHD/test_j8_hayat/J8/install/path_manager/share/path_manager/local_setup.zsh
-- Installing: /home/rhobtor/PHD/test_j8_hayat/J8/install/path_manager/share/path_manager/local_setup.dsv
-- Installing: /home/rhobtor/PHD/test_j8_hayat/J8/install/path_manager/share/path_manager/package.dsv
-- Installing: /home/rhobtor/PHD/test_j8_hayat/J8/install/path_manager/share/ament_index/resource_index/packages/path_manager
-- Installing: /home/rhobtor/PHD/test_j8_hayat/J8/install/path_manager/share/path_manager/cmake/ament_cmake_export_dependencies-extras.cmake
-- Installing: /home/rhobtor/PHD/test_j8_hayat/J8/install/path_manager/share/path_manager/cmake/path_managerConfig.cmake
-- Installing: /home/rhobtor/PHD/test_j8_hayat/J8/install/path_manager/share/path_manager/cmake/path_managerConfig-version.cmake
-- Installing: /home/rhobtor/PHD/test_j8_hayat/J8/install/path_manager/share/path_manager/package.xml
