[0.096s] Invoking command in '/home/rhobtor/PHD/test_j8_hayat/J8/build/fixposition_driver_ros2': CMAKE_PREFIX_PATH=/home/rhobtor/PHD/test_j8_hayat/J8/install/fixposition_driver_lib:/home/rhobtor/PHD/test_j8_hayat/J8/install/fixposition_gnss_tf:/home/rhobtor/PHD/ARGOJ8_IA/ARGOSJ8_IA_/install/wiimote_msgs:/home/rhobtor/PHD/ARGOJ8_IA/ARGOSJ8_IA_/install/ublox:/home/rhobtor/PHD/ARGOJ8_IA/ARGOSJ8_IA_/install/ublox_gps:/home/rhobtor/PHD/ARGOJ8_IA/ARGOSJ8_IA_/install/security_check:/home/rhobtor/PHD/ARGOJ8_IA/ARGOSJ8_IA_/install/ctl_mission:/home/rhobtor/PHD/ARGOJ8_IA/ARGOSJ8_IA_/install/ublox_msgs:/home/rhobtor/PHD/ARGOJ8_IA/ARGOSJ8_IA_/install/ublox_serialization:/home/rhobtor/PHD/ARGOJ8_IA/ARGOSJ8_IA_/install/spacenav:/home/rhobtor/PHD/ARGOJ8_IA/ARGOSJ8_IA_/install/laser_segmentation:/home/rhobtor/PHD/ARGOJ8_IA/ARGOSJ8_IA_/install/slg_msgs:/home/rhobtor/PHD/ARGOJ8_IA/ARGOSJ8_IA_/install/security_check_interfaces:/home/rhobtor/PHD/ARGOJ8_IA/ARGOSJ8_IA_/install/joy:/home/rhobtor/PHD/ARGOJ8_IA/ARGOSJ8_IA_/install/sdl2_vendor:/home/rhobtor/PHD/ARGOJ8_IA/ARGOSJ8_IA_/install/path_manager:/home/rhobtor/PHD/ARGOJ8_IA/ARGOSJ8_IA_/install/path_manager_interfaces:/home/rhobtor/PHD/ARGOJ8_IA/ARGOSJ8_IA_/install/joy_linux:/home/rhobtor/PHD/ARGOJ8_IA/ARGOSJ8_IA_/install/j8_xacro_model:/home/rhobtor/PHD/ARGOJ8_IA/ARGOSJ8_IA_/install/hector_gazebo_plugins:/home/rhobtor/PHD/ARGOJ8_IA/ARGOSJ8_IA_/install/fixposition_sensor_pkg:/home/rhobtor/PHD/ARGOJ8_IA/ARGOSJ8_IA_/install/fixposition_odometry_converter_ros2:/home/rhobtor/PHD/ARGOJ8_IA/ARGOSJ8_IA_/install/fixposition_driver_ros2:/home/rhobtor/PHD/ARGOJ8_IA/ARGOSJ8_IA_/install/fixposition_driver_lib:/home/rhobtor/PHD/ARGOJ8_IA/ARGOSJ8_IA_/install/fixposition_gnss_tf:/home/rhobtor/PHD/ARGOJ8_IA/ARGOSJ8_IA_/install/ctl_mission_interfaces:/home/rhobtor/PHD/ARGOJ8_IA/ARGOSJ8_IA_/install/car_cpp:/home/rhobtor/PHD/ARGOJ8_IA/ARGOSJ8_IA_/install/car_interfaces:/home/rhobtor/PHD/ARGOJ8_IA/ARGOSJ8_IA_/install/argj801_setup:/home/rhobtor/PHD/ARGOJ8_IA/ARGOSJ8_IA_/install/argj801_sensors:/home/rhobtor/PHD/ARGOJ8_IA/ARGOSJ8_IA_/install/argj801_sensors_msgs:/home/rhobtor/PHD/ARGOJ8_IA/ARGOSJ8_IA_/install/argj801_ctl_platform:/home/rhobtor/PHD/ARGOJ8_IA/ARGOSJ8_IA_/install/argj801_ctl_platform_interfaces:/home/rhobtor/zed/install/zed_ros2:/home/rhobtor/zed/install/zed_wrapper:/home/rhobtor/zed/install/zed_components:/home/rhobtor/zed/install/zed_interfaces:/home/rhobtor/PHD/ARGOJ8_IA/ARGOSJ8_IA_/install/ntrip_client:/home/rhobtor/PHD/ARGOJ8_IA/ARGOSJ8_IA_/install/j8_gui:/home/rhobtor/PHD/ARGOJ8_IA/ARGOSJ8_IA_/install/car:/home/rhobtor/PHD/ARGOJ8_IA/ARGOSJ8_IA_/install/android_ros2_server:/home/rhobtor/PHD/ARGOJ8_IA/ARGOSJ8_IA_/install/GUI_pkg:/opt/ros/humble LD_LIBRARY_PATH=/home/rhobtor/PHD/test_j8_hayat/J8/install/fixposition_driver_lib/lib:/home/rhobtor/PHD/test_j8_hayat/J8/install/fixposition_gnss_tf/lib:${LD_LIBRARY_PATH} PKG_CONFIG_PATH=/home/rhobtor/PHD/test_j8_hayat/J8/install/fixposition_driver_lib/lib/x86_64-linux-gnu/pkgconfig:/home/rhobtor/PHD/test_j8_hayat/J8/install/fixposition_driver_lib/lib/pkgconfig:/home/rhobtor/PHD/test_j8_hayat/J8/install/fixposition_gnss_tf/lib/x86_64-linux-gnu/pkgconfig:/home/rhobtor/PHD/test_j8_hayat/J8/install/fixposition_gnss_tf/lib/pkgconfig:${PKG_CONFIG_PATH} /opt/st/stm32cubeclt_1.18.0/CMake/bin/cmake /home/rhobtor/PHD/test_j8_hayat/J8/src/argo_drivers_pkgs/Fixposition_driver_pkg/fixposition_driver-main/fixposition_driver_ros2 -DCMAKE_INSTALL_PREFIX=/home/rhobtor/PHD/test_j8_hayat/J8/install/fixposition_driver_ros2
[6.207s] -- The C compiler identification is GNU 11.4.0
[6.208s] -- The CXX compiler identification is GNU 11.4.0
[6.208s] -- Detecting C compiler ABI info
[6.208s] -- Detecting C compiler ABI info - done
[6.208s] -- Check for working C compiler: /usr/bin/cc - skipped
[6.208s] -- Detecting C compile features
[6.208s] -- Detecting C compile features - done
[6.208s] -- Detecting CXX compiler ABI info
[6.209s] -- Detecting CXX compiler ABI info - done
[6.209s] -- Check for working CXX compiler: /usr/bin/c++ - skipped
[6.209s] -- Detecting CXX compile features
[6.209s] -- Detecting CXX compile features - done
[6.209s] -- Found Boost: /usr/lib/x86_64-linux-gnu/cmake/Boost-1.74.0/BoostConfig.cmake (found suitable version "1.74.0", minimum required is "1.65.0") found components: date_time 
[6.209s] -- Found ament_cmake: 1.3.14 (/opt/ros/humble/share/ament_cmake/cmake)
[6.210s] -- Found Python3: /usr/bin/python3 (found version "3.10.12") found components: Interpreter 
[6.210s] -- Found nav_msgs: 4.9.1 (/opt/ros/humble/share/nav_msgs/cmake)
[6.210s] -- Found rosidl_generator_c: 3.1.8 (/opt/ros/humble/share/rosidl_generator_c/cmake)
[6.210s] -- Found rosidl_adapter: 3.1.8 (/opt/ros/humble/share/rosidl_adapter/cmake)
[6.210s] -- Found rosidl_generator_cpp: 3.1.8 (/opt/ros/humble/share/rosidl_generator_cpp/cmake)
[6.210s] -- Using all available rosidl_typesupport_c: rosidl_typesupport_fastrtps_c;rosidl_typesupport_introspection_c
[6.210s] -- Using all available rosidl_typesupport_cpp: rosidl_typesupport_fastrtps_cpp;rosidl_typesupport_introspection_cpp
[6.210s] -- Found sensor_msgs: 4.9.1 (/opt/ros/humble/share/sensor_msgs/cmake)
[6.211s] -- Found rosidl_default_generators: 1.2.1 (/opt/ros/humble/share/rosidl_default_generators/cmake)
[6.211s] -- Found rclcpp: 16.0.18 (/opt/ros/humble/share/rclcpp/cmake)
[6.211s] -- Found rmw_implementation_cmake: 6.1.2 (/opt/ros/humble/share/rmw_implementation_cmake/cmake)
[6.211s] -- Found rmw_fastrtps_cpp: 6.2.10 (/opt/ros/humble/share/rmw_fastrtps_cpp/cmake)
[6.211s] -- Found OpenSSL: /usr/lib/x86_64-linux-gnu/libcrypto.so (found version "3.0.2")  
[6.211s] -- Found FastRTPS: /opt/ros/humble/include  
[6.211s] -- Using RMW implementation 'rmw_fastrtps_cpp' as default
[6.212s] -- Performing Test CMAKE_HAVE_LIBC_PTHREAD
[6.212s] -- Performing Test CMAKE_HAVE_LIBC_PTHREAD - Success
[6.212s] -- Found Threads: TRUE  
[6.212s] -- Found tf2: 0.25.19 (/opt/ros/humble/share/tf2/cmake)
[6.212s] -- Found tf2_ros: 0.25.19 (/opt/ros/humble/share/tf2_ros/cmake)
[6.555s] -- Found tf2_eigen: 0.25.19 (/opt/ros/humble/share/tf2_eigen/cmake)
[8.210s] -- Found ament_cmake_ros: 0.10.0 (/opt/ros/humble/share/ament_cmake_ros/cmake)
[11.044s] -- Using all available rosidl_typesupport_c: rosidl_typesupport_fastrtps_c;rosidl_typesupport_introspection_c
[12.100s] -- Using all available rosidl_typesupport_cpp: rosidl_typesupport_fastrtps_cpp;rosidl_typesupport_introspection_cpp
[12.106s] [33mCMake Warning (dev) at /opt/ros/humble/share/rosidl_generator_py/cmake/rosidl_generator_py_generate_interfaces.cmake:20 (find_package):
[12.106s]   Policy CMP0148 is not set: The FindPythonInterp and FindPythonLibs modules
[12.106s]   are removed.  Run "cmake --help-policy CMP0148" for policy details.  Use
[12.106s]   the cmake_policy command to set the policy and suppress this warning.
[12.106s] 
[12.106s] Call Stack (most recent call first):
[12.107s]   /opt/ros/humble/share/ament_cmake_core/cmake/core/ament_execute_extensions.cmake:48 (include)
[12.107s]   /opt/ros/humble/share/rosidl_cmake/cmake/rosidl_generate_interfaces.cmake:286 (ament_execute_extensions)
[12.107s]   CMakeLists.txt:26 (rosidl_generate_interfaces)
[12.107s] This warning is for project developers.  Use -Wno-dev to suppress it.
[12.107s] [0m
[12.164s] -- Found PythonInterp: /usr/bin/python3 (found suitable version "3.10.12", minimum required is "3.6") 
[12.173s] -- Found python_cmake_module: 0.10.0 (/opt/ros/humble/share/python_cmake_module/cmake)
[12.174s] [33mCMake Warning (dev) at /opt/ros/humble/share/python_cmake_module/cmake/Modules/FindPythonExtra.cmake:52 (find_package):
[12.174s]   Policy CMP0148 is not set: The FindPythonInterp and FindPythonLibs modules
[12.174s]   are removed.  Run "cmake --help-policy CMP0148" for policy details.  Use
[12.174s]   the cmake_policy command to set the policy and suppress this warning.
[12.175s] 
[12.175s] Call Stack (most recent call first):
[12.175s]   /opt/ros/humble/share/rosidl_generator_py/cmake/rosidl_generator_py_generate_interfaces.cmake:23 (find_package)
[12.175s]   /opt/ros/humble/share/ament_cmake_core/cmake/core/ament_execute_extensions.cmake:48 (include)
[12.175s]   /opt/ros/humble/share/rosidl_cmake/cmake/rosidl_generate_interfaces.cmake:286 (ament_execute_extensions)
[12.175s]   CMakeLists.txt:26 (rosidl_generate_interfaces)
[12.175s] This warning is for project developers.  Use -Wno-dev to suppress it.
[12.176s] [0m
[12.229s] [33mCMake Warning (dev) at /opt/ros/humble/share/python_cmake_module/cmake/Modules/FindPythonExtra.cmake:140 (find_package):
[12.230s]   Policy CMP0148 is not set: The FindPythonInterp and FindPythonLibs modules
[12.230s]   are removed.  Run "cmake --help-policy CMP0148" for policy details.  Use
[12.230s]   the cmake_policy command to set the policy and suppress this warning.
[12.230s] 
[12.231s] Call Stack (most recent call first):
[12.231s]   /opt/ros/humble/share/rosidl_generator_py/cmake/rosidl_generator_py_generate_interfaces.cmake:23 (find_package)
[12.231s]   /opt/ros/humble/share/ament_cmake_core/cmake/core/ament_execute_extensions.cmake:48 (include)
[12.231s]   /opt/ros/humble/share/rosidl_cmake/cmake/rosidl_generate_interfaces.cmake:286 (ament_execute_extensions)
[12.231s]   CMakeLists.txt:26 (rosidl_generate_interfaces)
[12.231s] This warning is for project developers.  Use -Wno-dev to suppress it.
[12.232s] [0m
[12.250s] -- Found PythonLibs: /usr/lib/x86_64-linux-gnu/libpython3.10.so (found suitable version "3.10.12", minimum required is "3.5") 
[12.251s] -- Using PYTHON_EXECUTABLE: /usr/bin/python3
[12.251s] -- Using PYTHON_INCLUDE_DIRS: /usr/include/python3.10
[12.251s] -- Using PYTHON_LIBRARIES: /usr/lib/x86_64-linux-gnu/libpython3.10.so
[12.330s] -- Found PythonExtra: .so  
[13.331s] -- Configuring done (13.2s)
[13.505s] -- Generating done (0.1s)
[13.551s] -- Build files have been written to: /home/rhobtor/PHD/test_j8_hayat/J8/build/fixposition_driver_ros2
[13.588s] Invoked command in '/home/rhobtor/PHD/test_j8_hayat/J8/build/fixposition_driver_ros2' returned '0': CMAKE_PREFIX_PATH=/home/rhobtor/PHD/test_j8_hayat/J8/install/fixposition_driver_lib:/home/rhobtor/PHD/test_j8_hayat/J8/install/fixposition_gnss_tf:/home/rhobtor/PHD/ARGOJ8_IA/ARGOSJ8_IA_/install/wiimote_msgs:/home/rhobtor/PHD/ARGOJ8_IA/ARGOSJ8_IA_/install/ublox:/home/rhobtor/PHD/ARGOJ8_IA/ARGOSJ8_IA_/install/ublox_gps:/home/rhobtor/PHD/ARGOJ8_IA/ARGOSJ8_IA_/install/security_check:/home/rhobtor/PHD/ARGOJ8_IA/ARGOSJ8_IA_/install/ctl_mission:/home/rhobtor/PHD/ARGOJ8_IA/ARGOSJ8_IA_/install/ublox_msgs:/home/rhobtor/PHD/ARGOJ8_IA/ARGOSJ8_IA_/install/ublox_serialization:/home/rhobtor/PHD/ARGOJ8_IA/ARGOSJ8_IA_/install/spacenav:/home/rhobtor/PHD/ARGOJ8_IA/ARGOSJ8_IA_/install/laser_segmentation:/home/rhobtor/PHD/ARGOJ8_IA/ARGOSJ8_IA_/install/slg_msgs:/home/rhobtor/PHD/ARGOJ8_IA/ARGOSJ8_IA_/install/security_check_interfaces:/home/rhobtor/PHD/ARGOJ8_IA/ARGOSJ8_IA_/install/joy:/home/rhobtor/PHD/ARGOJ8_IA/ARGOSJ8_IA_/install/sdl2_vendor:/home/rhobtor/PHD/ARGOJ8_IA/ARGOSJ8_IA_/install/path_manager:/home/rhobtor/PHD/ARGOJ8_IA/ARGOSJ8_IA_/install/path_manager_interfaces:/home/rhobtor/PHD/ARGOJ8_IA/ARGOSJ8_IA_/install/joy_linux:/home/rhobtor/PHD/ARGOJ8_IA/ARGOSJ8_IA_/install/j8_xacro_model:/home/rhobtor/PHD/ARGOJ8_IA/ARGOSJ8_IA_/install/hector_gazebo_plugins:/home/rhobtor/PHD/ARGOJ8_IA/ARGOSJ8_IA_/install/fixposition_sensor_pkg:/home/rhobtor/PHD/ARGOJ8_IA/ARGOSJ8_IA_/install/fixposition_odometry_converter_ros2:/home/rhobtor/PHD/ARGOJ8_IA/ARGOSJ8_IA_/install/fixposition_driver_ros2:/home/rhobtor/PHD/ARGOJ8_IA/ARGOSJ8_IA_/install/fixposition_driver_lib:/home/rhobtor/PHD/ARGOJ8_IA/ARGOSJ8_IA_/install/fixposition_gnss_tf:/home/rhobtor/PHD/ARGOJ8_IA/ARGOSJ8_IA_/install/ctl_mission_interfaces:/home/rhobtor/PHD/ARGOJ8_IA/ARGOSJ8_IA_/install/car_cpp:/home/rhobtor/PHD/ARGOJ8_IA/ARGOSJ8_IA_/install/car_interfaces:/home/rhobtor/PHD/ARGOJ8_IA/ARGOSJ8_IA_/install/argj801_setup:/home/rhobtor/PHD/ARGOJ8_IA/ARGOSJ8_IA_/install/argj801_sensors:/home/rhobtor/PHD/ARGOJ8_IA/ARGOSJ8_IA_/install/argj801_sensors_msgs:/home/rhobtor/PHD/ARGOJ8_IA/ARGOSJ8_IA_/install/argj801_ctl_platform:/home/rhobtor/PHD/ARGOJ8_IA/ARGOSJ8_IA_/install/argj801_ctl_platform_interfaces:/home/rhobtor/zed/install/zed_ros2:/home/rhobtor/zed/install/zed_wrapper:/home/rhobtor/zed/install/zed_components:/home/rhobtor/zed/install/zed_interfaces:/home/rhobtor/PHD/ARGOJ8_IA/ARGOSJ8_IA_/install/ntrip_client:/home/rhobtor/PHD/ARGOJ8_IA/ARGOSJ8_IA_/install/j8_gui:/home/rhobtor/PHD/ARGOJ8_IA/ARGOSJ8_IA_/install/car:/home/rhobtor/PHD/ARGOJ8_IA/ARGOSJ8_IA_/install/android_ros2_server:/home/rhobtor/PHD/ARGOJ8_IA/ARGOSJ8_IA_/install/GUI_pkg:/opt/ros/humble LD_LIBRARY_PATH=/home/rhobtor/PHD/test_j8_hayat/J8/install/fixposition_driver_lib/lib:/home/rhobtor/PHD/test_j8_hayat/J8/install/fixposition_gnss_tf/lib:${LD_LIBRARY_PATH} PKG_CONFIG_PATH=/home/rhobtor/PHD/test_j8_hayat/J8/install/fixposition_driver_lib/lib/x86_64-linux-gnu/pkgconfig:/home/rhobtor/PHD/test_j8_hayat/J8/install/fixposition_driver_lib/lib/pkgconfig:/home/rhobtor/PHD/test_j8_hayat/J8/install/fixposition_gnss_tf/lib/x86_64-linux-gnu/pkgconfig:/home/rhobtor/PHD/test_j8_hayat/J8/install/fixposition_gnss_tf/lib/pkgconfig:${PKG_CONFIG_PATH} /opt/st/stm32cubeclt_1.18.0/CMake/bin/cmake /home/rhobtor/PHD/test_j8_hayat/J8/src/argo_drivers_pkgs/Fixposition_driver_pkg/fixposition_driver-main/fixposition_driver_ros2 -DCMAKE_INSTALL_PREFIX=/home/rhobtor/PHD/test_j8_hayat/J8/install/fixposition_driver_ros2
[13.608s] Invoking command in '/home/rhobtor/PHD/test_j8_hayat/J8/build/fixposition_driver_ros2': CMAKE_PREFIX_PATH=/home/rhobtor/PHD/test_j8_hayat/J8/install/fixposition_driver_lib:/home/rhobtor/PHD/test_j8_hayat/J8/install/fixposition_gnss_tf:/home/rhobtor/PHD/ARGOJ8_IA/ARGOSJ8_IA_/install/wiimote_msgs:/home/rhobtor/PHD/ARGOJ8_IA/ARGOSJ8_IA_/install/ublox:/home/rhobtor/PHD/ARGOJ8_IA/ARGOSJ8_IA_/install/ublox_gps:/home/rhobtor/PHD/ARGOJ8_IA/ARGOSJ8_IA_/install/security_check:/home/rhobtor/PHD/ARGOJ8_IA/ARGOSJ8_IA_/install/ctl_mission:/home/rhobtor/PHD/ARGOJ8_IA/ARGOSJ8_IA_/install/ublox_msgs:/home/rhobtor/PHD/ARGOJ8_IA/ARGOSJ8_IA_/install/ublox_serialization:/home/rhobtor/PHD/ARGOJ8_IA/ARGOSJ8_IA_/install/spacenav:/home/rhobtor/PHD/ARGOJ8_IA/ARGOSJ8_IA_/install/laser_segmentation:/home/rhobtor/PHD/ARGOJ8_IA/ARGOSJ8_IA_/install/slg_msgs:/home/rhobtor/PHD/ARGOJ8_IA/ARGOSJ8_IA_/install/security_check_interfaces:/home/rhobtor/PHD/ARGOJ8_IA/ARGOSJ8_IA_/install/joy:/home/rhobtor/PHD/ARGOJ8_IA/ARGOSJ8_IA_/install/sdl2_vendor:/home/rhobtor/PHD/ARGOJ8_IA/ARGOSJ8_IA_/install/path_manager:/home/rhobtor/PHD/ARGOJ8_IA/ARGOSJ8_IA_/install/path_manager_interfaces:/home/rhobtor/PHD/ARGOJ8_IA/ARGOSJ8_IA_/install/joy_linux:/home/rhobtor/PHD/ARGOJ8_IA/ARGOSJ8_IA_/install/j8_xacro_model:/home/rhobtor/PHD/ARGOJ8_IA/ARGOSJ8_IA_/install/hector_gazebo_plugins:/home/rhobtor/PHD/ARGOJ8_IA/ARGOSJ8_IA_/install/fixposition_sensor_pkg:/home/rhobtor/PHD/ARGOJ8_IA/ARGOSJ8_IA_/install/fixposition_odometry_converter_ros2:/home/rhobtor/PHD/ARGOJ8_IA/ARGOSJ8_IA_/install/fixposition_driver_ros2:/home/rhobtor/PHD/ARGOJ8_IA/ARGOSJ8_IA_/install/fixposition_driver_lib:/home/rhobtor/PHD/ARGOJ8_IA/ARGOSJ8_IA_/install/fixposition_gnss_tf:/home/rhobtor/PHD/ARGOJ8_IA/ARGOSJ8_IA_/install/ctl_mission_interfaces:/home/rhobtor/PHD/ARGOJ8_IA/ARGOSJ8_IA_/install/car_cpp:/home/rhobtor/PHD/ARGOJ8_IA/ARGOSJ8_IA_/install/car_interfaces:/home/rhobtor/PHD/ARGOJ8_IA/ARGOSJ8_IA_/install/argj801_setup:/home/rhobtor/PHD/ARGOJ8_IA/ARGOSJ8_IA_/install/argj801_sensors:/home/rhobtor/PHD/ARGOJ8_IA/ARGOSJ8_IA_/install/argj801_sensors_msgs:/home/rhobtor/PHD/ARGOJ8_IA/ARGOSJ8_IA_/install/argj801_ctl_platform:/home/rhobtor/PHD/ARGOJ8_IA/ARGOSJ8_IA_/install/argj801_ctl_platform_interfaces:/home/rhobtor/zed/install/zed_ros2:/home/rhobtor/zed/install/zed_wrapper:/home/rhobtor/zed/install/zed_components:/home/rhobtor/zed/install/zed_interfaces:/home/rhobtor/PHD/ARGOJ8_IA/ARGOSJ8_IA_/install/ntrip_client:/home/rhobtor/PHD/ARGOJ8_IA/ARGOSJ8_IA_/install/j8_gui:/home/rhobtor/PHD/ARGOJ8_IA/ARGOSJ8_IA_/install/car:/home/rhobtor/PHD/ARGOJ8_IA/ARGOSJ8_IA_/install/android_ros2_server:/home/rhobtor/PHD/ARGOJ8_IA/ARGOSJ8_IA_/install/GUI_pkg:/opt/ros/humble LD_LIBRARY_PATH=/home/rhobtor/PHD/test_j8_hayat/J8/install/fixposition_driver_lib/lib:/home/rhobtor/PHD/test_j8_hayat/J8/install/fixposition_gnss_tf/lib:${LD_LIBRARY_PATH} PKG_CONFIG_PATH=/home/rhobtor/PHD/test_j8_hayat/J8/install/fixposition_driver_lib/lib/x86_64-linux-gnu/pkgconfig:/home/rhobtor/PHD/test_j8_hayat/J8/install/fixposition_driver_lib/lib/pkgconfig:/home/rhobtor/PHD/test_j8_hayat/J8/install/fixposition_gnss_tf/lib/x86_64-linux-gnu/pkgconfig:/home/rhobtor/PHD/test_j8_hayat/J8/install/fixposition_gnss_tf/lib/pkgconfig:${PKG_CONFIG_PATH} /opt/st/stm32cubeclt_1.18.0/CMake/bin/cmake --build /home/rhobtor/PHD/test_j8_hayat/J8/build/fixposition_driver_ros2 -- -j16 -l16
[13.791s] [  2%] [34m[1mGenerating Rust code for ROS interfaces[0m
[14.820s] [  2%] Built target fixposition_driver_ros2__rs
[14.848s] [  2%] Built target ament_cmake_python_copy_fixposition_driver_ros2
[14.873s] [  4%] [34m[1mGenerating C++ code for ROS interfaces[0m
[15.885s] [  4%] Built target fixposition_driver_ros2__cpp
[16.274s] running egg_info
[16.302s] creating fixposition_driver_ros2.egg-info
[16.302s] writing fixposition_driver_ros2.egg-info/PKG-INFO
[16.302s] writing dependency_links to fixposition_driver_ros2.egg-info/dependency_links.txt
[16.302s] writing top-level names to fixposition_driver_ros2.egg-info/top_level.txt
[16.303s] writing manifest file 'fixposition_driver_ros2.egg-info/SOURCES.txt'
[16.459s] reading manifest file 'fixposition_driver_ros2.egg-info/SOURCES.txt'
[16.462s] writing manifest file 'fixposition_driver_ros2.egg-info/SOURCES.txt'
[16.538s] [  4%] Built target ament_cmake_python_build_fixposition_driver_ros2_egg
[16.548s] [  6%] [34m[1mGenerating C++ type support dispatch for ROS interfaces[0m
[17.193s] [  9%] [32mBuilding CXX object CMakeFiles/fixposition_driver_ros2__rosidl_typesupport_cpp.dir/rosidl_typesupport_cpp/fixposition_driver_ros2/msg/vrtk__type_support.cpp.o[0m
[17.625s] [ 11%] [32mBuilding CXX object CMakeFiles/fixposition_driver_ros2__rosidl_typesupport_cpp.dir/rosidl_typesupport_cpp/fixposition_driver_ros2/msg/speed__type_support.cpp.o[0m
[18.201s] [ 13%] [32m[1mLinking CXX shared library libfixposition_driver_ros2__rosidl_typesupport_cpp.so[0m
[18.254s] [ 13%] Built target fixposition_driver_ros2__rosidl_typesupport_cpp
[18.264s] [ 15%] [34m[1mGenerating C++ introspection for ROS interfaces[0m
[18.994s] [ 18%] [32mBuilding CXX object CMakeFiles/fixposition_driver_ros2__rosidl_typesupport_introspection_cpp.dir/rosidl_typesupport_introspection_cpp/fixposition_driver_ros2/msg/detail/vrtk__type_support.cpp.o[0m
[19.680s] [ 20%] [32mBuilding CXX object CMakeFiles/fixposition_driver_ros2__rosidl_typesupport_introspection_cpp.dir/rosidl_typesupport_introspection_cpp/fixposition_driver_ros2/msg/detail/speed__type_support.cpp.o[0m
[20.342s] [ 22%] [32m[1mLinking CXX shared library libfixposition_driver_ros2__rosidl_typesupport_introspection_cpp.so[0m
[20.461s] [ 22%] Built target fixposition_driver_ros2__rosidl_typesupport_introspection_cpp
[20.483s] [ 25%] [32mBuilding CXX object CMakeFiles/fixposition_driver_ros2_exec.dir/src/fixposition_driver_node.cpp.o[0m
[47.859s] [ 27%] [32mBuilding CXX object CMakeFiles/fixposition_driver_ros2_exec.dir/src/params.cpp.o[0m
[47.859s] [ 29%] [32mBuilding CXX object CMakeFiles/fixposition_driver_ros2_exec.dir/src/data_to_ros2.cpp.o[0m
[58.938s] [ 31%] [32m[1mLinking CXX executable fixposition_driver_ros2_exec[0m
[59.198s] [ 31%] Built target fixposition_driver_ros2_exec
[59.209s] [ 34%] [34m[1mGenerating C++ type support for eProsima Fast-RTPS[0m
[59.209s] [ 36%] [34m[1mGenerating C code for ROS interfaces[0m
[59.809s] [ 38%] [32mBuilding CXX object CMakeFiles/fixposition_driver_ros2__rosidl_typesupport_fastrtps_cpp.dir/rosidl_typesupport_fastrtps_cpp/fixposition_driver_ros2/msg/detail/dds_fastrtps/vrtk__type_support.cpp.o[0m
[59.810s] [ 40%] [32mBuilding CXX object CMakeFiles/fixposition_driver_ros2__rosidl_typesupport_fastrtps_cpp.dir/rosidl_typesupport_fastrtps_cpp/fixposition_driver_ros2/msg/detail/dds_fastrtps/speed__type_support.cpp.o[0m
[59.842s] [ 43%] [32mBuilding C object CMakeFiles/fixposition_driver_ros2__rosidl_generator_c.dir/rosidl_generator_c/fixposition_driver_ros2/msg/detail/speed__functions.c.o[0m
[59.842s] [ 45%] [32mBuilding C object CMakeFiles/fixposition_driver_ros2__rosidl_generator_c.dir/rosidl_generator_c/fixposition_driver_ros2/msg/detail/vrtk__functions.c.o[0m
[60.058s] [ 47%] [32m[1mLinking C shared library libfixposition_driver_ros2__rosidl_generator_c.so[0m
[60.113s] [ 47%] Built target fixposition_driver_ros2__rosidl_generator_c
[60.123s] [ 50%] [34m[1mGenerating C type support dispatch for ROS interfaces[0m
[60.125s] [ 52%] [34m[1mGenerating C introspection for ROS interfaces[0m
[60.127s] [ 54%] [34m[1mGenerating C type support for eProsima Fast-RTPS[0m
[60.499s] [ 56%] [32m[1mLinking CXX shared library libfixposition_driver_ros2__rosidl_typesupport_fastrtps_cpp.so[0m
[60.606s] [ 56%] Built target fixposition_driver_ros2__rosidl_typesupport_fastrtps_cpp
[60.795s] [ 59%] [32mBuilding C object CMakeFiles/fixposition_driver_ros2__rosidl_typesupport_introspection_c.dir/rosidl_typesupport_introspection_c/fixposition_driver_ros2/msg/detail/vrtk__type_support.c.o[0m
[60.796s] [ 61%] [32mBuilding C object CMakeFiles/fixposition_driver_ros2__rosidl_typesupport_introspection_c.dir/rosidl_typesupport_introspection_c/fixposition_driver_ros2/msg/detail/speed__type_support.c.o[0m
[60.878s] [ 63%] [32m[1mLinking C shared library libfixposition_driver_ros2__rosidl_typesupport_introspection_c.so[0m
[60.921s] [ 65%] [32mBuilding CXX object CMakeFiles/fixposition_driver_ros2__rosidl_typesupport_fastrtps_c.dir/rosidl_typesupport_fastrtps_c/fixposition_driver_ros2/msg/detail/speed__type_support_c.cpp.o[0m
[60.922s] [ 68%] [32mBuilding CXX object CMakeFiles/fixposition_driver_ros2__rosidl_typesupport_fastrtps_c.dir/rosidl_typesupport_fastrtps_c/fixposition_driver_ros2/msg/detail/vrtk__type_support_c.cpp.o[0m
[60.926s] [ 68%] Built target fixposition_driver_ros2__rosidl_typesupport_introspection_c
[60.934s] [ 70%] [32mBuilding CXX object CMakeFiles/fixposition_driver_ros2__rosidl_typesupport_c.dir/rosidl_typesupport_c/fixposition_driver_ros2/msg/vrtk__type_support.cpp.o[0m
[60.934s] [ 72%] [32mBuilding CXX object CMakeFiles/fixposition_driver_ros2__rosidl_typesupport_c.dir/rosidl_typesupport_c/fixposition_driver_ros2/msg/speed__type_support.cpp.o[0m
[60.981s] [ 75%] [32m[1mLinking CXX shared library libfixposition_driver_ros2__rosidl_typesupport_c.so[0m
[61.059s] [ 75%] Built target fixposition_driver_ros2__rosidl_typesupport_c
[61.460s] [ 77%] [32m[1mLinking CXX shared library libfixposition_driver_ros2__rosidl_typesupport_fastrtps_c.so[0m
[61.551s] [ 77%] Built target fixposition_driver_ros2__rosidl_typesupport_fastrtps_c
[61.572s] [ 77%] Built target fixposition_driver_ros2
[61.592s] [ 79%] [34m[1mGenerating Python code for ROS interfaces[0m
[62.423s] [ 79%] Built target fixposition_driver_ros2__py
[62.445s] [ 81%] [32mBuilding C object CMakeFiles/fixposition_driver_ros2__rosidl_generator_py.dir/rosidl_generator_py/fixposition_driver_ros2/msg/_vrtk_s.c.o[0m
[62.445s] [ 84%] [32mBuilding C object CMakeFiles/fixposition_driver_ros2__rosidl_generator_py.dir/rosidl_generator_py/fixposition_driver_ros2/msg/_speed_s.c.o[0m
[62.652s] [ 86%] [32m[1mLinking C shared library rosidl_generator_py/fixposition_driver_ros2/libfixposition_driver_ros2__rosidl_generator_py.so[0m
[62.703s] [ 86%] Built target fixposition_driver_ros2__rosidl_generator_py
[62.719s] [ 88%] [32mBuilding C object CMakeFiles/fixposition_driver_ros2__rosidl_typesupport_c__pyext.dir/rosidl_generator_py/fixposition_driver_ros2/_fixposition_driver_ros2_s.ep.rosidl_typesupport_c.c.o[0m
[62.723s] [ 90%] [32mBuilding C object CMakeFiles/fixposition_driver_ros2__rosidl_typesupport_introspection_c__pyext.dir/rosidl_generator_py/fixposition_driver_ros2/_fixposition_driver_ros2_s.ep.rosidl_typesupport_introspection_c.c.o[0m
[62.725s] [ 93%] [32mBuilding C object CMakeFiles/fixposition_driver_ros2__rosidl_typesupport_fastrtps_c__pyext.dir/rosidl_generator_py/fixposition_driver_ros2/_fixposition_driver_ros2_s.ep.rosidl_typesupport_fastrtps_c.c.o[0m
[62.903s] [ 95%] [32m[1mLinking C shared library rosidl_generator_py/fixposition_driver_ros2/fixposition_driver_ros2_s__rosidl_typesupport_introspection_c.cpython-310-x86_64-linux-gnu.so[0m
[62.904s] [ 97%] [32m[1mLinking C shared library rosidl_generator_py/fixposition_driver_ros2/fixposition_driver_ros2_s__rosidl_typesupport_c.cpython-310-x86_64-linux-gnu.so[0m
[62.910s] [100%] [32m[1mLinking C shared library rosidl_generator_py/fixposition_driver_ros2/fixposition_driver_ros2_s__rosidl_typesupport_fastrtps_c.cpython-310-x86_64-linux-gnu.so[0m
[62.955s] [100%] Built target fixposition_driver_ros2__rosidl_typesupport_introspection_c__pyext
[62.956s] [100%] Built target fixposition_driver_ros2__rosidl_typesupport_c__pyext
[62.976s] [100%] Built target fixposition_driver_ros2__rosidl_typesupport_fastrtps_c__pyext
[62.985s] Invoked command in '/home/rhobtor/PHD/test_j8_hayat/J8/build/fixposition_driver_ros2' returned '0': CMAKE_PREFIX_PATH=/home/rhobtor/PHD/test_j8_hayat/J8/install/fixposition_driver_lib:/home/rhobtor/PHD/test_j8_hayat/J8/install/fixposition_gnss_tf:/home/rhobtor/PHD/ARGOJ8_IA/ARGOSJ8_IA_/install/wiimote_msgs:/home/rhobtor/PHD/ARGOJ8_IA/ARGOSJ8_IA_/install/ublox:/home/rhobtor/PHD/ARGOJ8_IA/ARGOSJ8_IA_/install/ublox_gps:/home/rhobtor/PHD/ARGOJ8_IA/ARGOSJ8_IA_/install/security_check:/home/rhobtor/PHD/ARGOJ8_IA/ARGOSJ8_IA_/install/ctl_mission:/home/rhobtor/PHD/ARGOJ8_IA/ARGOSJ8_IA_/install/ublox_msgs:/home/rhobtor/PHD/ARGOJ8_IA/ARGOSJ8_IA_/install/ublox_serialization:/home/rhobtor/PHD/ARGOJ8_IA/ARGOSJ8_IA_/install/spacenav:/home/rhobtor/PHD/ARGOJ8_IA/ARGOSJ8_IA_/install/laser_segmentation:/home/rhobtor/PHD/ARGOJ8_IA/ARGOSJ8_IA_/install/slg_msgs:/home/rhobtor/PHD/ARGOJ8_IA/ARGOSJ8_IA_/install/security_check_interfaces:/home/rhobtor/PHD/ARGOJ8_IA/ARGOSJ8_IA_/install/joy:/home/rhobtor/PHD/ARGOJ8_IA/ARGOSJ8_IA_/install/sdl2_vendor:/home/rhobtor/PHD/ARGOJ8_IA/ARGOSJ8_IA_/install/path_manager:/home/rhobtor/PHD/ARGOJ8_IA/ARGOSJ8_IA_/install/path_manager_interfaces:/home/rhobtor/PHD/ARGOJ8_IA/ARGOSJ8_IA_/install/joy_linux:/home/rhobtor/PHD/ARGOJ8_IA/ARGOSJ8_IA_/install/j8_xacro_model:/home/rhobtor/PHD/ARGOJ8_IA/ARGOSJ8_IA_/install/hector_gazebo_plugins:/home/rhobtor/PHD/ARGOJ8_IA/ARGOSJ8_IA_/install/fixposition_sensor_pkg:/home/rhobtor/PHD/ARGOJ8_IA/ARGOSJ8_IA_/install/fixposition_odometry_converter_ros2:/home/rhobtor/PHD/ARGOJ8_IA/ARGOSJ8_IA_/install/fixposition_driver_ros2:/home/rhobtor/PHD/ARGOJ8_IA/ARGOSJ8_IA_/install/fixposition_driver_lib:/home/rhobtor/PHD/ARGOJ8_IA/ARGOSJ8_IA_/install/fixposition_gnss_tf:/home/rhobtor/PHD/ARGOJ8_IA/ARGOSJ8_IA_/install/ctl_mission_interfaces:/home/rhobtor/PHD/ARGOJ8_IA/ARGOSJ8_IA_/install/car_cpp:/home/rhobtor/PHD/ARGOJ8_IA/ARGOSJ8_IA_/install/car_interfaces:/home/rhobtor/PHD/ARGOJ8_IA/ARGOSJ8_IA_/install/argj801_setup:/home/rhobtor/PHD/ARGOJ8_IA/ARGOSJ8_IA_/install/argj801_sensors:/home/rhobtor/PHD/ARGOJ8_IA/ARGOSJ8_IA_/install/argj801_sensors_msgs:/home/rhobtor/PHD/ARGOJ8_IA/ARGOSJ8_IA_/install/argj801_ctl_platform:/home/rhobtor/PHD/ARGOJ8_IA/ARGOSJ8_IA_/install/argj801_ctl_platform_interfaces:/home/rhobtor/zed/install/zed_ros2:/home/rhobtor/zed/install/zed_wrapper:/home/rhobtor/zed/install/zed_components:/home/rhobtor/zed/install/zed_interfaces:/home/rhobtor/PHD/ARGOJ8_IA/ARGOSJ8_IA_/install/ntrip_client:/home/rhobtor/PHD/ARGOJ8_IA/ARGOSJ8_IA_/install/j8_gui:/home/rhobtor/PHD/ARGOJ8_IA/ARGOSJ8_IA_/install/car:/home/rhobtor/PHD/ARGOJ8_IA/ARGOSJ8_IA_/install/android_ros2_server:/home/rhobtor/PHD/ARGOJ8_IA/ARGOSJ8_IA_/install/GUI_pkg:/opt/ros/humble LD_LIBRARY_PATH=/home/rhobtor/PHD/test_j8_hayat/J8/install/fixposition_driver_lib/lib:/home/rhobtor/PHD/test_j8_hayat/J8/install/fixposition_gnss_tf/lib:${LD_LIBRARY_PATH} PKG_CONFIG_PATH=/home/rhobtor/PHD/test_j8_hayat/J8/install/fixposition_driver_lib/lib/x86_64-linux-gnu/pkgconfig:/home/rhobtor/PHD/test_j8_hayat/J8/install/fixposition_driver_lib/lib/pkgconfig:/home/rhobtor/PHD/test_j8_hayat/J8/install/fixposition_gnss_tf/lib/x86_64-linux-gnu/pkgconfig:/home/rhobtor/PHD/test_j8_hayat/J8/install/fixposition_gnss_tf/lib/pkgconfig:${PKG_CONFIG_PATH} /opt/st/stm32cubeclt_1.18.0/CMake/bin/cmake --build /home/rhobtor/PHD/test_j8_hayat/J8/build/fixposition_driver_ros2 -- -j16 -l16
[62.989s] Invoking command in '/home/rhobtor/PHD/test_j8_hayat/J8/build/fixposition_driver_ros2': CMAKE_PREFIX_PATH=/home/rhobtor/PHD/test_j8_hayat/J8/install/fixposition_driver_lib:/home/rhobtor/PHD/test_j8_hayat/J8/install/fixposition_gnss_tf:/home/rhobtor/PHD/ARGOJ8_IA/ARGOSJ8_IA_/install/wiimote_msgs:/home/rhobtor/PHD/ARGOJ8_IA/ARGOSJ8_IA_/install/ublox:/home/rhobtor/PHD/ARGOJ8_IA/ARGOSJ8_IA_/install/ublox_gps:/home/rhobtor/PHD/ARGOJ8_IA/ARGOSJ8_IA_/install/security_check:/home/rhobtor/PHD/ARGOJ8_IA/ARGOSJ8_IA_/install/ctl_mission:/home/rhobtor/PHD/ARGOJ8_IA/ARGOSJ8_IA_/install/ublox_msgs:/home/rhobtor/PHD/ARGOJ8_IA/ARGOSJ8_IA_/install/ublox_serialization:/home/rhobtor/PHD/ARGOJ8_IA/ARGOSJ8_IA_/install/spacenav:/home/rhobtor/PHD/ARGOJ8_IA/ARGOSJ8_IA_/install/laser_segmentation:/home/rhobtor/PHD/ARGOJ8_IA/ARGOSJ8_IA_/install/slg_msgs:/home/rhobtor/PHD/ARGOJ8_IA/ARGOSJ8_IA_/install/security_check_interfaces:/home/rhobtor/PHD/ARGOJ8_IA/ARGOSJ8_IA_/install/joy:/home/rhobtor/PHD/ARGOJ8_IA/ARGOSJ8_IA_/install/sdl2_vendor:/home/rhobtor/PHD/ARGOJ8_IA/ARGOSJ8_IA_/install/path_manager:/home/rhobtor/PHD/ARGOJ8_IA/ARGOSJ8_IA_/install/path_manager_interfaces:/home/rhobtor/PHD/ARGOJ8_IA/ARGOSJ8_IA_/install/joy_linux:/home/rhobtor/PHD/ARGOJ8_IA/ARGOSJ8_IA_/install/j8_xacro_model:/home/rhobtor/PHD/ARGOJ8_IA/ARGOSJ8_IA_/install/hector_gazebo_plugins:/home/rhobtor/PHD/ARGOJ8_IA/ARGOSJ8_IA_/install/fixposition_sensor_pkg:/home/rhobtor/PHD/ARGOJ8_IA/ARGOSJ8_IA_/install/fixposition_odometry_converter_ros2:/home/rhobtor/PHD/ARGOJ8_IA/ARGOSJ8_IA_/install/fixposition_driver_ros2:/home/rhobtor/PHD/ARGOJ8_IA/ARGOSJ8_IA_/install/fixposition_driver_lib:/home/rhobtor/PHD/ARGOJ8_IA/ARGOSJ8_IA_/install/fixposition_gnss_tf:/home/rhobtor/PHD/ARGOJ8_IA/ARGOSJ8_IA_/install/ctl_mission_interfaces:/home/rhobtor/PHD/ARGOJ8_IA/ARGOSJ8_IA_/install/car_cpp:/home/rhobtor/PHD/ARGOJ8_IA/ARGOSJ8_IA_/install/car_interfaces:/home/rhobtor/PHD/ARGOJ8_IA/ARGOSJ8_IA_/install/argj801_setup:/home/rhobtor/PHD/ARGOJ8_IA/ARGOSJ8_IA_/install/argj801_sensors:/home/rhobtor/PHD/ARGOJ8_IA/ARGOSJ8_IA_/install/argj801_sensors_msgs:/home/rhobtor/PHD/ARGOJ8_IA/ARGOSJ8_IA_/install/argj801_ctl_platform:/home/rhobtor/PHD/ARGOJ8_IA/ARGOSJ8_IA_/install/argj801_ctl_platform_interfaces:/home/rhobtor/zed/install/zed_ros2:/home/rhobtor/zed/install/zed_wrapper:/home/rhobtor/zed/install/zed_components:/home/rhobtor/zed/install/zed_interfaces:/home/rhobtor/PHD/ARGOJ8_IA/ARGOSJ8_IA_/install/ntrip_client:/home/rhobtor/PHD/ARGOJ8_IA/ARGOSJ8_IA_/install/j8_gui:/home/rhobtor/PHD/ARGOJ8_IA/ARGOSJ8_IA_/install/car:/home/rhobtor/PHD/ARGOJ8_IA/ARGOSJ8_IA_/install/android_ros2_server:/home/rhobtor/PHD/ARGOJ8_IA/ARGOSJ8_IA_/install/GUI_pkg:/opt/ros/humble LD_LIBRARY_PATH=/home/rhobtor/PHD/test_j8_hayat/J8/install/fixposition_driver_lib/lib:/home/rhobtor/PHD/test_j8_hayat/J8/install/fixposition_gnss_tf/lib:${LD_LIBRARY_PATH} PKG_CONFIG_PATH=/home/rhobtor/PHD/test_j8_hayat/J8/install/fixposition_driver_lib/lib/x86_64-linux-gnu/pkgconfig:/home/rhobtor/PHD/test_j8_hayat/J8/install/fixposition_driver_lib/lib/pkgconfig:/home/rhobtor/PHD/test_j8_hayat/J8/install/fixposition_gnss_tf/lib/x86_64-linux-gnu/pkgconfig:/home/rhobtor/PHD/test_j8_hayat/J8/install/fixposition_gnss_tf/lib/pkgconfig:${PKG_CONFIG_PATH} /opt/st/stm32cubeclt_1.18.0/CMake/bin/cmake --install /home/rhobtor/PHD/test_j8_hayat/J8/build/fixposition_driver_ros2
[62.995s] -- Install configuration: "Release"
[62.996s] -- Installing: /home/rhobtor/PHD/test_j8_hayat/J8/install/fixposition_driver_ros2/share/ament_index/resource_index/rosidl_interfaces/fixposition_driver_ros2
[62.996s] -- Installing: /home/rhobtor/PHD/test_j8_hayat/J8/install/fixposition_driver_ros2/include/fixposition_driver_ros2/fixposition_driver_ros2
[62.996s] -- Installing: /home/rhobtor/PHD/test_j8_hayat/J8/install/fixposition_driver_ros2/include/fixposition_driver_ros2/fixposition_driver_ros2/msg
[62.996s] -- Installing: /home/rhobtor/PHD/test_j8_hayat/J8/install/fixposition_driver_ros2/include/fixposition_driver_ros2/fixposition_driver_ros2/msg/vrtk.h
[62.997s] -- Installing: /home/rhobtor/PHD/test_j8_hayat/J8/install/fixposition_driver_ros2/include/fixposition_driver_ros2/fixposition_driver_ros2/msg/rosidl_generator_c__visibility_control.h
[62.997s] -- Installing: /home/rhobtor/PHD/test_j8_hayat/J8/install/fixposition_driver_ros2/include/fixposition_driver_ros2/fixposition_driver_ros2/msg/detail
[62.997s] -- Installing: /home/rhobtor/PHD/test_j8_hayat/J8/install/fixposition_driver_ros2/include/fixposition_driver_ros2/fixposition_driver_ros2/msg/detail/speed__functions.c
[62.997s] -- Installing: /home/rhobtor/PHD/test_j8_hayat/J8/install/fixposition_driver_ros2/include/fixposition_driver_ros2/fixposition_driver_ros2/msg/detail/vrtk__functions.h
[62.997s] -- Installing: /home/rhobtor/PHD/test_j8_hayat/J8/install/fixposition_driver_ros2/include/fixposition_driver_ros2/fixposition_driver_ros2/msg/detail/vrtk__type_support.h
[62.997s] -- Installing: /home/rhobtor/PHD/test_j8_hayat/J8/install/fixposition_driver_ros2/include/fixposition_driver_ros2/fixposition_driver_ros2/msg/detail/speed__functions.h
[62.998s] -- Installing: /home/rhobtor/PHD/test_j8_hayat/J8/install/fixposition_driver_ros2/include/fixposition_driver_ros2/fixposition_driver_ros2/msg/detail/vrtk__struct.h
[62.998s] -- Installing: /home/rhobtor/PHD/test_j8_hayat/J8/install/fixposition_driver_ros2/include/fixposition_driver_ros2/fixposition_driver_ros2/msg/detail/speed__struct.h
[62.998s] -- Installing: /home/rhobtor/PHD/test_j8_hayat/J8/install/fixposition_driver_ros2/include/fixposition_driver_ros2/fixposition_driver_ros2/msg/detail/speed__type_support.h
[62.998s] -- Installing: /home/rhobtor/PHD/test_j8_hayat/J8/install/fixposition_driver_ros2/include/fixposition_driver_ros2/fixposition_driver_ros2/msg/detail/vrtk__functions.c
[62.998s] -- Installing: /home/rhobtor/PHD/test_j8_hayat/J8/install/fixposition_driver_ros2/include/fixposition_driver_ros2/fixposition_driver_ros2/msg/speed.h
[62.998s] -- Installing: /home/rhobtor/PHD/test_j8_hayat/J8/install/fixposition_driver_ros2/share/fixposition_driver_ros2/environment/library_path.sh
[62.999s] -- Installing: /home/rhobtor/PHD/test_j8_hayat/J8/install/fixposition_driver_ros2/share/fixposition_driver_ros2/environment/library_path.dsv
[62.999s] -- Installing: /home/rhobtor/PHD/test_j8_hayat/J8/install/fixposition_driver_ros2/lib/libfixposition_driver_ros2__rosidl_generator_c.so
[62.999s] -- Set non-toolchain portion of runtime path of "/home/rhobtor/PHD/test_j8_hayat/J8/install/fixposition_driver_ros2/lib/libfixposition_driver_ros2__rosidl_generator_c.so" to ""
[62.999s] -- Up-to-date: /home/rhobtor/PHD/test_j8_hayat/J8/install/fixposition_driver_ros2/include/fixposition_driver_ros2/fixposition_driver_ros2
[62.999s] -- Up-to-date: /home/rhobtor/PHD/test_j8_hayat/J8/install/fixposition_driver_ros2/include/fixposition_driver_ros2/fixposition_driver_ros2/msg
[63.000s] -- Up-to-date: /home/rhobtor/PHD/test_j8_hayat/J8/install/fixposition_driver_ros2/include/fixposition_driver_ros2/fixposition_driver_ros2/msg/detail
[63.000s] -- Installing: /home/rhobtor/PHD/test_j8_hayat/J8/install/fixposition_driver_ros2/include/fixposition_driver_ros2/fixposition_driver_ros2/msg/detail/vrtk__rosidl_typesupport_fastrtps_c.h
[63.000s] -- Installing: /home/rhobtor/PHD/test_j8_hayat/J8/install/fixposition_driver_ros2/include/fixposition_driver_ros2/fixposition_driver_ros2/msg/detail/speed__rosidl_typesupport_fastrtps_c.h
[63.000s] -- Installing: /home/rhobtor/PHD/test_j8_hayat/J8/install/fixposition_driver_ros2/include/fixposition_driver_ros2/fixposition_driver_ros2/msg/rosidl_typesupport_fastrtps_c__visibility_control.h
[63.000s] -- Installing: /home/rhobtor/PHD/test_j8_hayat/J8/install/fixposition_driver_ros2/lib/libfixposition_driver_ros2__rosidl_typesupport_fastrtps_c.so
[63.001s] -- Set non-toolchain portion of runtime path of "/home/rhobtor/PHD/test_j8_hayat/J8/install/fixposition_driver_ros2/lib/libfixposition_driver_ros2__rosidl_typesupport_fastrtps_c.so" to ""
[63.001s] -- Up-to-date: /home/rhobtor/PHD/test_j8_hayat/J8/install/fixposition_driver_ros2/include/fixposition_driver_ros2/fixposition_driver_ros2
[63.001s] -- Up-to-date: /home/rhobtor/PHD/test_j8_hayat/J8/install/fixposition_driver_ros2/include/fixposition_driver_ros2/fixposition_driver_ros2/msg
[63.001s] -- Installing: /home/rhobtor/PHD/test_j8_hayat/J8/install/fixposition_driver_ros2/include/fixposition_driver_ros2/fixposition_driver_ros2/msg/rosidl_generator_cpp__visibility_control.hpp
[63.001s] -- Installing: /home/rhobtor/PHD/test_j8_hayat/J8/install/fixposition_driver_ros2/include/fixposition_driver_ros2/fixposition_driver_ros2/msg/vrtk.hpp
[63.002s] -- Up-to-date: /home/rhobtor/PHD/test_j8_hayat/J8/install/fixposition_driver_ros2/include/fixposition_driver_ros2/fixposition_driver_ros2/msg/detail
[63.002s] -- Installing: /home/rhobtor/PHD/test_j8_hayat/J8/install/fixposition_driver_ros2/include/fixposition_driver_ros2/fixposition_driver_ros2/msg/detail/vrtk__type_support.hpp
[63.002s] -- Installing: /home/rhobtor/PHD/test_j8_hayat/J8/install/fixposition_driver_ros2/include/fixposition_driver_ros2/fixposition_driver_ros2/msg/detail/speed__builder.hpp
[63.002s] -- Installing: /home/rhobtor/PHD/test_j8_hayat/J8/install/fixposition_driver_ros2/include/fixposition_driver_ros2/fixposition_driver_ros2/msg/detail/speed__struct.hpp
[63.003s] -- Installing: /home/rhobtor/PHD/test_j8_hayat/J8/install/fixposition_driver_ros2/include/fixposition_driver_ros2/fixposition_driver_ros2/msg/detail/speed__traits.hpp
[63.003s] -- Installing: /home/rhobtor/PHD/test_j8_hayat/J8/install/fixposition_driver_ros2/include/fixposition_driver_ros2/fixposition_driver_ros2/msg/detail/vrtk__builder.hpp
[63.003s] -- Installing: /home/rhobtor/PHD/test_j8_hayat/J8/install/fixposition_driver_ros2/include/fixposition_driver_ros2/fixposition_driver_ros2/msg/detail/vrtk__traits.hpp
[63.003s] -- Installing: /home/rhobtor/PHD/test_j8_hayat/J8/install/fixposition_driver_ros2/include/fixposition_driver_ros2/fixposition_driver_ros2/msg/detail/vrtk__struct.hpp
[63.003s] -- Installing: /home/rhobtor/PHD/test_j8_hayat/J8/install/fixposition_driver_ros2/include/fixposition_driver_ros2/fixposition_driver_ros2/msg/detail/speed__type_support.hpp
[63.003s] -- Installing: /home/rhobtor/PHD/test_j8_hayat/J8/install/fixposition_driver_ros2/include/fixposition_driver_ros2/fixposition_driver_ros2/msg/speed.hpp
[63.004s] -- Up-to-date: /home/rhobtor/PHD/test_j8_hayat/J8/install/fixposition_driver_ros2/include/fixposition_driver_ros2/fixposition_driver_ros2
[63.004s] -- Up-to-date: /home/rhobtor/PHD/test_j8_hayat/J8/install/fixposition_driver_ros2/include/fixposition_driver_ros2/fixposition_driver_ros2/msg
[63.004s] -- Installing: /home/rhobtor/PHD/test_j8_hayat/J8/install/fixposition_driver_ros2/include/fixposition_driver_ros2/fixposition_driver_ros2/msg/rosidl_typesupport_fastrtps_cpp__visibility_control.h
[63.004s] -- Up-to-date: /home/rhobtor/PHD/test_j8_hayat/J8/install/fixposition_driver_ros2/include/fixposition_driver_ros2/fixposition_driver_ros2/msg/detail
[63.004s] -- Installing: /home/rhobtor/PHD/test_j8_hayat/J8/install/fixposition_driver_ros2/include/fixposition_driver_ros2/fixposition_driver_ros2/msg/detail/dds_fastrtps
[63.005s] -- Installing: /home/rhobtor/PHD/test_j8_hayat/J8/install/fixposition_driver_ros2/include/fixposition_driver_ros2/fixposition_driver_ros2/msg/detail/vrtk__rosidl_typesupport_fastrtps_cpp.hpp
[63.005s] -- Installing: /home/rhobtor/PHD/test_j8_hayat/J8/install/fixposition_driver_ros2/include/fixposition_driver_ros2/fixposition_driver_ros2/msg/detail/speed__rosidl_typesupport_fastrtps_cpp.hpp
[63.005s] -- Installing: /home/rhobtor/PHD/test_j8_hayat/J8/install/fixposition_driver_ros2/lib/libfixposition_driver_ros2__rosidl_typesupport_fastrtps_cpp.so
[63.005s] -- Set non-toolchain portion of runtime path of "/home/rhobtor/PHD/test_j8_hayat/J8/install/fixposition_driver_ros2/lib/libfixposition_driver_ros2__rosidl_typesupport_fastrtps_cpp.so" to ""
[63.005s] -- Up-to-date: /home/rhobtor/PHD/test_j8_hayat/J8/install/fixposition_driver_ros2/include/fixposition_driver_ros2/fixposition_driver_ros2
[63.005s] -- Up-to-date: /home/rhobtor/PHD/test_j8_hayat/J8/install/fixposition_driver_ros2/include/fixposition_driver_ros2/fixposition_driver_ros2/msg
[63.006s] -- Installing: /home/rhobtor/PHD/test_j8_hayat/J8/install/fixposition_driver_ros2/include/fixposition_driver_ros2/fixposition_driver_ros2/msg/rosidl_typesupport_introspection_c__visibility_control.h
[63.006s] -- Up-to-date: /home/rhobtor/PHD/test_j8_hayat/J8/install/fixposition_driver_ros2/include/fixposition_driver_ros2/fixposition_driver_ros2/msg/detail
[63.006s] -- Installing: /home/rhobtor/PHD/test_j8_hayat/J8/install/fixposition_driver_ros2/include/fixposition_driver_ros2/fixposition_driver_ros2/msg/detail/vrtk__rosidl_typesupport_introspection_c.h
[63.006s] -- Installing: /home/rhobtor/PHD/test_j8_hayat/J8/install/fixposition_driver_ros2/include/fixposition_driver_ros2/fixposition_driver_ros2/msg/detail/speed__type_support.c
[63.006s] -- Installing: /home/rhobtor/PHD/test_j8_hayat/J8/install/fixposition_driver_ros2/include/fixposition_driver_ros2/fixposition_driver_ros2/msg/detail/speed__rosidl_typesupport_introspection_c.h
[63.006s] -- Installing: /home/rhobtor/PHD/test_j8_hayat/J8/install/fixposition_driver_ros2/include/fixposition_driver_ros2/fixposition_driver_ros2/msg/detail/vrtk__type_support.c
[63.006s] -- Installing: /home/rhobtor/PHD/test_j8_hayat/J8/install/fixposition_driver_ros2/lib/libfixposition_driver_ros2__rosidl_typesupport_introspection_c.so
[63.007s] -- Set non-toolchain portion of runtime path of "/home/rhobtor/PHD/test_j8_hayat/J8/install/fixposition_driver_ros2/lib/libfixposition_driver_ros2__rosidl_typesupport_introspection_c.so" to ""
[63.007s] -- Installing: /home/rhobtor/PHD/test_j8_hayat/J8/install/fixposition_driver_ros2/lib/libfixposition_driver_ros2__rosidl_typesupport_c.so
[63.007s] -- Set non-toolchain portion of runtime path of "/home/rhobtor/PHD/test_j8_hayat/J8/install/fixposition_driver_ros2/lib/libfixposition_driver_ros2__rosidl_typesupport_c.so" to ""
[63.007s] -- Up-to-date: /home/rhobtor/PHD/test_j8_hayat/J8/install/fixposition_driver_ros2/include/fixposition_driver_ros2/fixposition_driver_ros2
[63.007s] -- Up-to-date: /home/rhobtor/PHD/test_j8_hayat/J8/install/fixposition_driver_ros2/include/fixposition_driver_ros2/fixposition_driver_ros2/msg
[63.007s] -- Up-to-date: /home/rhobtor/PHD/test_j8_hayat/J8/install/fixposition_driver_ros2/include/fixposition_driver_ros2/fixposition_driver_ros2/msg/detail
[63.007s] -- Installing: /home/rhobtor/PHD/test_j8_hayat/J8/install/fixposition_driver_ros2/include/fixposition_driver_ros2/fixposition_driver_ros2/msg/detail/speed__type_support.cpp
[63.007s] -- Installing: /home/rhobtor/PHD/test_j8_hayat/J8/install/fixposition_driver_ros2/include/fixposition_driver_ros2/fixposition_driver_ros2/msg/detail/vrtk__type_support.cpp
[63.007s] -- Installing: /home/rhobtor/PHD/test_j8_hayat/J8/install/fixposition_driver_ros2/include/fixposition_driver_ros2/fixposition_driver_ros2/msg/detail/vrtk__rosidl_typesupport_introspection_cpp.hpp
[63.007s] -- Installing: /home/rhobtor/PHD/test_j8_hayat/J8/install/fixposition_driver_ros2/include/fixposition_driver_ros2/fixposition_driver_ros2/msg/detail/speed__rosidl_typesupport_introspection_cpp.hpp
[63.007s] -- Installing: /home/rhobtor/PHD/test_j8_hayat/J8/install/fixposition_driver_ros2/lib/libfixposition_driver_ros2__rosidl_typesupport_introspection_cpp.so
[63.007s] -- Set non-toolchain portion of runtime path of "/home/rhobtor/PHD/test_j8_hayat/J8/install/fixposition_driver_ros2/lib/libfixposition_driver_ros2__rosidl_typesupport_introspection_cpp.so" to ""
[63.007s] -- Installing: /home/rhobtor/PHD/test_j8_hayat/J8/install/fixposition_driver_ros2/lib/libfixposition_driver_ros2__rosidl_typesupport_cpp.so
[63.007s] -- Set non-toolchain portion of runtime path of "/home/rhobtor/PHD/test_j8_hayat/J8/install/fixposition_driver_ros2/lib/libfixposition_driver_ros2__rosidl_typesupport_cpp.so" to ""
[63.008s] -- Installing: /home/rhobtor/PHD/test_j8_hayat/J8/install/fixposition_driver_ros2/share/fixposition_driver_ros2/environment/pythonpath.sh
[63.008s] -- Installing: /home/rhobtor/PHD/test_j8_hayat/J8/install/fixposition_driver_ros2/share/fixposition_driver_ros2/environment/pythonpath.dsv
[63.008s] -- Installing: /home/rhobtor/PHD/test_j8_hayat/J8/install/fixposition_driver_ros2/local/lib/python3.10/dist-packages/fixposition_driver_ros2-5.0.0-py3.10.egg-info
[63.008s] -- Installing: /home/rhobtor/PHD/test_j8_hayat/J8/install/fixposition_driver_ros2/local/lib/python3.10/dist-packages/fixposition_driver_ros2-5.0.0-py3.10.egg-info/top_level.txt
[63.008s] -- Installing: /home/rhobtor/PHD/test_j8_hayat/J8/install/fixposition_driver_ros2/local/lib/python3.10/dist-packages/fixposition_driver_ros2-5.0.0-py3.10.egg-info/SOURCES.txt
[63.008s] -- Installing: /home/rhobtor/PHD/test_j8_hayat/J8/install/fixposition_driver_ros2/local/lib/python3.10/dist-packages/fixposition_driver_ros2-5.0.0-py3.10.egg-info/PKG-INFO
[63.008s] -- Installing: /home/rhobtor/PHD/test_j8_hayat/J8/install/fixposition_driver_ros2/local/lib/python3.10/dist-packages/fixposition_driver_ros2-5.0.0-py3.10.egg-info/dependency_links.txt
[63.008s] -- Installing: /home/rhobtor/PHD/test_j8_hayat/J8/install/fixposition_driver_ros2/local/lib/python3.10/dist-packages/fixposition_driver_ros2
[63.008s] -- Installing: /home/rhobtor/PHD/test_j8_hayat/J8/install/fixposition_driver_ros2/local/lib/python3.10/dist-packages/fixposition_driver_ros2/fixposition_driver_ros2_s__rosidl_typesupport_fastrtps_c.cpython-310-x86_64-linux-gnu.so
[63.008s] -- Installing: /home/rhobtor/PHD/test_j8_hayat/J8/install/fixposition_driver_ros2/local/lib/python3.10/dist-packages/fixposition_driver_ros2/_fixposition_driver_ros2_s.ep.rosidl_typesupport_fastrtps_c.c
[63.008s] -- Installing: /home/rhobtor/PHD/test_j8_hayat/J8/install/fixposition_driver_ros2/local/lib/python3.10/dist-packages/fixposition_driver_ros2/_fixposition_driver_ros2_s.ep.rosidl_typesupport_c.c
[63.008s] -- Installing: /home/rhobtor/PHD/test_j8_hayat/J8/install/fixposition_driver_ros2/local/lib/python3.10/dist-packages/fixposition_driver_ros2/fixposition_driver_ros2_s__rosidl_typesupport_c.cpython-310-x86_64-linux-gnu.so
[63.008s] -- Installing: /home/rhobtor/PHD/test_j8_hayat/J8/install/fixposition_driver_ros2/local/lib/python3.10/dist-packages/fixposition_driver_ros2/__init__.py
[63.008s] -- Installing: /home/rhobtor/PHD/test_j8_hayat/J8/install/fixposition_driver_ros2/local/lib/python3.10/dist-packages/fixposition_driver_ros2/libfixposition_driver_ros2__rosidl_generator_py.so
[63.008s] -- Installing: /home/rhobtor/PHD/test_j8_hayat/J8/install/fixposition_driver_ros2/local/lib/python3.10/dist-packages/fixposition_driver_ros2/fixposition_driver_ros2_s__rosidl_typesupport_introspection_c.cpython-310-x86_64-linux-gnu.so
[63.008s] -- Installing: /home/rhobtor/PHD/test_j8_hayat/J8/install/fixposition_driver_ros2/local/lib/python3.10/dist-packages/fixposition_driver_ros2/_fixposition_driver_ros2_s.ep.rosidl_typesupport_introspection_c.c
[63.008s] -- Installing: /home/rhobtor/PHD/test_j8_hayat/J8/install/fixposition_driver_ros2/local/lib/python3.10/dist-packages/fixposition_driver_ros2/msg
[63.008s] -- Installing: /home/rhobtor/PHD/test_j8_hayat/J8/install/fixposition_driver_ros2/local/lib/python3.10/dist-packages/fixposition_driver_ros2/msg/_speed.py
[63.009s] -- Installing: /home/rhobtor/PHD/test_j8_hayat/J8/install/fixposition_driver_ros2/local/lib/python3.10/dist-packages/fixposition_driver_ros2/msg/_vrtk.py
[63.009s] -- Installing: /home/rhobtor/PHD/test_j8_hayat/J8/install/fixposition_driver_ros2/local/lib/python3.10/dist-packages/fixposition_driver_ros2/msg/__init__.py
[63.009s] -- Installing: /home/rhobtor/PHD/test_j8_hayat/J8/install/fixposition_driver_ros2/local/lib/python3.10/dist-packages/fixposition_driver_ros2/msg/_vrtk_s.c
[63.009s] -- Installing: /home/rhobtor/PHD/test_j8_hayat/J8/install/fixposition_driver_ros2/local/lib/python3.10/dist-packages/fixposition_driver_ros2/msg/_speed_s.c
[63.071s] Listing '/home/rhobtor/PHD/test_j8_hayat/J8/install/fixposition_driver_ros2/local/lib/python3.10/dist-packages/fixposition_driver_ros2'...
[63.071s] Compiling '/home/rhobtor/PHD/test_j8_hayat/J8/install/fixposition_driver_ros2/local/lib/python3.10/dist-packages/fixposition_driver_ros2/__init__.py'...
[63.071s] Listing '/home/rhobtor/PHD/test_j8_hayat/J8/install/fixposition_driver_ros2/local/lib/python3.10/dist-packages/fixposition_driver_ros2/msg'...
[63.071s] Compiling '/home/rhobtor/PHD/test_j8_hayat/J8/install/fixposition_driver_ros2/local/lib/python3.10/dist-packages/fixposition_driver_ros2/msg/__init__.py'...
[63.071s] Compiling '/home/rhobtor/PHD/test_j8_hayat/J8/install/fixposition_driver_ros2/local/lib/python3.10/dist-packages/fixposition_driver_ros2/msg/_speed.py'...
[63.072s] Compiling '/home/rhobtor/PHD/test_j8_hayat/J8/install/fixposition_driver_ros2/local/lib/python3.10/dist-packages/fixposition_driver_ros2/msg/_vrtk.py'...
[63.078s] -- Installing: /home/rhobtor/PHD/test_j8_hayat/J8/install/fixposition_driver_ros2/local/lib/python3.10/dist-packages/fixposition_driver_ros2/fixposition_driver_ros2_s__rosidl_typesupport_fastrtps_c.cpython-310-x86_64-linux-gnu.so
[63.078s] -- Set non-toolchain portion of runtime path of "/home/rhobtor/PHD/test_j8_hayat/J8/install/fixposition_driver_ros2/local/lib/python3.10/dist-packages/fixposition_driver_ros2/fixposition_driver_ros2_s__rosidl_typesupport_fastrtps_c.cpython-310-x86_64-linux-gnu.so" to ""
[63.079s] -- Installing: /home/rhobtor/PHD/test_j8_hayat/J8/install/fixposition_driver_ros2/local/lib/python3.10/dist-packages/fixposition_driver_ros2/fixposition_driver_ros2_s__rosidl_typesupport_introspection_c.cpython-310-x86_64-linux-gnu.so
[63.079s] -- Set non-toolchain portion of runtime path of "/home/rhobtor/PHD/test_j8_hayat/J8/install/fixposition_driver_ros2/local/lib/python3.10/dist-packages/fixposition_driver_ros2/fixposition_driver_ros2_s__rosidl_typesupport_introspection_c.cpython-310-x86_64-linux-gnu.so" to ""
[63.079s] -- Installing: /home/rhobtor/PHD/test_j8_hayat/J8/install/fixposition_driver_ros2/local/lib/python3.10/dist-packages/fixposition_driver_ros2/fixposition_driver_ros2_s__rosidl_typesupport_c.cpython-310-x86_64-linux-gnu.so
[63.080s] -- Set non-toolchain portion of runtime path of "/home/rhobtor/PHD/test_j8_hayat/J8/install/fixposition_driver_ros2/local/lib/python3.10/dist-packages/fixposition_driver_ros2/fixposition_driver_ros2_s__rosidl_typesupport_c.cpython-310-x86_64-linux-gnu.so" to ""
[63.080s] -- Installing: /home/rhobtor/PHD/test_j8_hayat/J8/install/fixposition_driver_ros2/lib/libfixposition_driver_ros2__rosidl_generator_py.so
[63.080s] -- Set non-toolchain portion of runtime path of "/home/rhobtor/PHD/test_j8_hayat/J8/install/fixposition_driver_ros2/lib/libfixposition_driver_ros2__rosidl_generator_py.so" to ""
[63.080s] -- Installing: /home/rhobtor/PHD/test_j8_hayat/J8/install/fixposition_driver_ros2/share/ament_index/resource_index/rust_packages/fixposition_driver_ros2
[63.080s] -- Installing: /home/rhobtor/PHD/test_j8_hayat/J8/install/fixposition_driver_ros2/share/fixposition_driver_ros2/rust
[63.081s] -- Installing: /home/rhobtor/PHD/test_j8_hayat/J8/install/fixposition_driver_ros2/share/fixposition_driver_ros2/rust/src
[63.081s] -- Installing: /home/rhobtor/PHD/test_j8_hayat/J8/install/fixposition_driver_ros2/share/fixposition_driver_ros2/rust/src/lib.rs
[63.081s] -- Installing: /home/rhobtor/PHD/test_j8_hayat/J8/install/fixposition_driver_ros2/share/fixposition_driver_ros2/rust/src/msg.rs
[63.081s] -- Installing: /home/rhobtor/PHD/test_j8_hayat/J8/install/fixposition_driver_ros2/share/fixposition_driver_ros2/rust/src/msg
[63.081s] -- Installing: /home/rhobtor/PHD/test_j8_hayat/J8/install/fixposition_driver_ros2/share/fixposition_driver_ros2/rust/src/msg/rmw.rs
[63.081s] -- Installing: /home/rhobtor/PHD/test_j8_hayat/J8/install/fixposition_driver_ros2/share/fixposition_driver_ros2/rust/Cargo.toml
[63.082s] -- Installing: /home/rhobtor/PHD/test_j8_hayat/J8/install/fixposition_driver_ros2/share/fixposition_driver_ros2/rust/build.rs
[63.082s] -- Installing: /home/rhobtor/PHD/test_j8_hayat/J8/install/fixposition_driver_ros2/share/fixposition_driver_ros2/msg/VRTK.idl
[63.082s] -- Installing: /home/rhobtor/PHD/test_j8_hayat/J8/install/fixposition_driver_ros2/share/fixposition_driver_ros2/msg/Speed.idl
[63.082s] -- Installing: /home/rhobtor/PHD/test_j8_hayat/J8/install/fixposition_driver_ros2/share/fixposition_driver_ros2/msg/VRTK.msg
[63.082s] -- Installing: /home/rhobtor/PHD/test_j8_hayat/J8/install/fixposition_driver_ros2/share/fixposition_driver_ros2/msg/Speed.msg
[63.082s] -- Up-to-date: /home/rhobtor/PHD/test_j8_hayat/J8/install/fixposition_driver_ros2/.
[63.082s] -- Installing: /home/rhobtor/PHD/test_j8_hayat/J8/install/fixposition_driver_ros2/./fixposition_driver_ros2
[63.082s] -- Installing: /home/rhobtor/PHD/test_j8_hayat/J8/install/fixposition_driver_ros2/./fixposition_driver_ros2/params.hpp
[63.083s] -- Installing: /home/rhobtor/PHD/test_j8_hayat/J8/install/fixposition_driver_ros2/./fixposition_driver_ros2/data_to_ros2.hpp
[63.083s] -- Installing: /home/rhobtor/PHD/test_j8_hayat/J8/install/fixposition_driver_ros2/./fixposition_driver_ros2/fixposition_driver_node.hpp
[63.083s] -- Installing: /home/rhobtor/PHD/test_j8_hayat/J8/install/fixposition_driver_ros2/lib/fixposition_driver_ros2/fixposition_driver_ros2_exec
[63.083s] -- Set non-toolchain portion of runtime path of "/home/rhobtor/PHD/test_j8_hayat/J8/install/fixposition_driver_ros2/lib/fixposition_driver_ros2/fixposition_driver_ros2_exec" to ""
[63.083s] -- Installing: /home/rhobtor/PHD/test_j8_hayat/J8/install/fixposition_driver_ros2/share/fixposition_driver_ros2//launch
[63.083s] -- Installing: /home/rhobtor/PHD/test_j8_hayat/J8/install/fixposition_driver_ros2/share/fixposition_driver_ros2//launch/tcp.launch
[63.084s] -- Installing: /home/rhobtor/PHD/test_j8_hayat/J8/install/fixposition_driver_ros2/share/fixposition_driver_ros2//launch/tcp.yaml
[63.084s] -- Installing: /home/rhobtor/PHD/test_j8_hayat/J8/install/fixposition_driver_ros2/share/fixposition_driver_ros2//launch/serial.launch
[63.084s] -- Installing: /home/rhobtor/PHD/test_j8_hayat/J8/install/fixposition_driver_ros2/share/fixposition_driver_ros2//launch/serial.yaml
[63.084s] -- Installing: /home/rhobtor/PHD/test_j8_hayat/J8/install/fixposition_driver_ros2/share/ament_index/resource_index/package_run_dependencies/fixposition_driver_ros2
[63.084s] -- Installing: /home/rhobtor/PHD/test_j8_hayat/J8/install/fixposition_driver_ros2/share/ament_index/resource_index/parent_prefix_path/fixposition_driver_ros2
[63.084s] -- Installing: /home/rhobtor/PHD/test_j8_hayat/J8/install/fixposition_driver_ros2/share/fixposition_driver_ros2/environment/ament_prefix_path.sh
[63.085s] -- Installing: /home/rhobtor/PHD/test_j8_hayat/J8/install/fixposition_driver_ros2/share/fixposition_driver_ros2/environment/ament_prefix_path.dsv
[63.085s] -- Installing: /home/rhobtor/PHD/test_j8_hayat/J8/install/fixposition_driver_ros2/share/fixposition_driver_ros2/environment/path.sh
[63.085s] -- Installing: /home/rhobtor/PHD/test_j8_hayat/J8/install/fixposition_driver_ros2/share/fixposition_driver_ros2/environment/path.dsv
[63.086s] -- Installing: /home/rhobtor/PHD/test_j8_hayat/J8/install/fixposition_driver_ros2/share/fixposition_driver_ros2/local_setup.bash
[63.086s] -- Installing: /home/rhobtor/PHD/test_j8_hayat/J8/install/fixposition_driver_ros2/share/fixposition_driver_ros2/local_setup.sh
[63.086s] -- Installing: /home/rhobtor/PHD/test_j8_hayat/J8/install/fixposition_driver_ros2/share/fixposition_driver_ros2/local_setup.zsh
[63.086s] -- Installing: /home/rhobtor/PHD/test_j8_hayat/J8/install/fixposition_driver_ros2/share/fixposition_driver_ros2/local_setup.dsv
[63.086s] -- Installing: /home/rhobtor/PHD/test_j8_hayat/J8/install/fixposition_driver_ros2/share/fixposition_driver_ros2/package.dsv
[63.087s] -- Installing: /home/rhobtor/PHD/test_j8_hayat/J8/install/fixposition_driver_ros2/share/ament_index/resource_index/packages/fixposition_driver_ros2
[63.087s] -- Installing: /home/rhobtor/PHD/test_j8_hayat/J8/install/fixposition_driver_ros2/share/fixposition_driver_ros2/cmake/export_fixposition_driver_ros2__rosidl_generator_cExport.cmake
[63.087s] -- Installing: /home/rhobtor/PHD/test_j8_hayat/J8/install/fixposition_driver_ros2/share/fixposition_driver_ros2/cmake/export_fixposition_driver_ros2__rosidl_generator_cExport-release.cmake
[63.087s] -- Installing: /home/rhobtor/PHD/test_j8_hayat/J8/install/fixposition_driver_ros2/share/fixposition_driver_ros2/cmake/export_fixposition_driver_ros2__rosidl_typesupport_fastrtps_cExport.cmake
[63.087s] -- Installing: /home/rhobtor/PHD/test_j8_hayat/J8/install/fixposition_driver_ros2/share/fixposition_driver_ros2/cmake/export_fixposition_driver_ros2__rosidl_typesupport_fastrtps_cExport-release.cmake
[63.087s] -- Installing: /home/rhobtor/PHD/test_j8_hayat/J8/install/fixposition_driver_ros2/share/fixposition_driver_ros2/cmake/export_fixposition_driver_ros2__rosidl_generator_cppExport.cmake
[63.088s] -- Installing: /home/rhobtor/PHD/test_j8_hayat/J8/install/fixposition_driver_ros2/share/fixposition_driver_ros2/cmake/export_fixposition_driver_ros2__rosidl_typesupport_fastrtps_cppExport.cmake
[63.088s] -- Installing: /home/rhobtor/PHD/test_j8_hayat/J8/install/fixposition_driver_ros2/share/fixposition_driver_ros2/cmake/export_fixposition_driver_ros2__rosidl_typesupport_fastrtps_cppExport-release.cmake
[63.088s] -- Installing: /home/rhobtor/PHD/test_j8_hayat/J8/install/fixposition_driver_ros2/share/fixposition_driver_ros2/cmake/fixposition_driver_ros2__rosidl_typesupport_introspection_cExport.cmake
[63.088s] -- Installing: /home/rhobtor/PHD/test_j8_hayat/J8/install/fixposition_driver_ros2/share/fixposition_driver_ros2/cmake/fixposition_driver_ros2__rosidl_typesupport_introspection_cExport-release.cmake
[63.088s] -- Installing: /home/rhobtor/PHD/test_j8_hayat/J8/install/fixposition_driver_ros2/share/fixposition_driver_ros2/cmake/fixposition_driver_ros2__rosidl_typesupport_cExport.cmake
[63.088s] -- Installing: /home/rhobtor/PHD/test_j8_hayat/J8/install/fixposition_driver_ros2/share/fixposition_driver_ros2/cmake/fixposition_driver_ros2__rosidl_typesupport_cExport-release.cmake
[63.088s] -- Installing: /home/rhobtor/PHD/test_j8_hayat/J8/install/fixposition_driver_ros2/share/fixposition_driver_ros2/cmake/fixposition_driver_ros2__rosidl_typesupport_introspection_cppExport.cmake
[63.089s] -- Installing: /home/rhobtor/PHD/test_j8_hayat/J8/install/fixposition_driver_ros2/share/fixposition_driver_ros2/cmake/fixposition_driver_ros2__rosidl_typesupport_introspection_cppExport-release.cmake
[63.089s] -- Installing: /home/rhobtor/PHD/test_j8_hayat/J8/install/fixposition_driver_ros2/share/fixposition_driver_ros2/cmake/fixposition_driver_ros2__rosidl_typesupport_cppExport.cmake
[63.089s] -- Installing: /home/rhobtor/PHD/test_j8_hayat/J8/install/fixposition_driver_ros2/share/fixposition_driver_ros2/cmake/fixposition_driver_ros2__rosidl_typesupport_cppExport-release.cmake
[63.089s] -- Installing: /home/rhobtor/PHD/test_j8_hayat/J8/install/fixposition_driver_ros2/share/fixposition_driver_ros2/cmake/export_fixposition_driver_ros2__rosidl_generator_pyExport.cmake
[63.089s] -- Installing: /home/rhobtor/PHD/test_j8_hayat/J8/install/fixposition_driver_ros2/share/fixposition_driver_ros2/cmake/export_fixposition_driver_ros2__rosidl_generator_pyExport-release.cmake
[63.089s] -- Installing: /home/rhobtor/PHD/test_j8_hayat/J8/install/fixposition_driver_ros2/share/fixposition_driver_ros2/cmake/rosidl_cmake-extras.cmake
[63.089s] -- Installing: /home/rhobtor/PHD/test_j8_hayat/J8/install/fixposition_driver_ros2/share/fixposition_driver_ros2/cmake/ament_cmake_export_dependencies-extras.cmake
[63.090s] -- Installing: /home/rhobtor/PHD/test_j8_hayat/J8/install/fixposition_driver_ros2/share/fixposition_driver_ros2/cmake/ament_cmake_export_include_directories-extras.cmake
[63.090s] -- Installing: /home/rhobtor/PHD/test_j8_hayat/J8/install/fixposition_driver_ros2/share/fixposition_driver_ros2/cmake/ament_cmake_export_libraries-extras.cmake
[63.090s] -- Installing: /home/rhobtor/PHD/test_j8_hayat/J8/install/fixposition_driver_ros2/share/fixposition_driver_ros2/cmake/ament_cmake_export_targets-extras.cmake
[63.090s] -- Installing: /home/rhobtor/PHD/test_j8_hayat/J8/install/fixposition_driver_ros2/share/fixposition_driver_ros2/cmake/rosidl_cmake_export_typesupport_targets-extras.cmake
[63.092s] -- Installing: /home/rhobtor/PHD/test_j8_hayat/J8/install/fixposition_driver_ros2/share/fixposition_driver_ros2/cmake/rosidl_cmake_export_typesupport_libraries-extras.cmake
[63.092s] -- Installing: /home/rhobtor/PHD/test_j8_hayat/J8/install/fixposition_driver_ros2/share/fixposition_driver_ros2/cmake/fixposition_driver_ros2Config.cmake
[63.092s] -- Installing: /home/rhobtor/PHD/test_j8_hayat/J8/install/fixposition_driver_ros2/share/fixposition_driver_ros2/cmake/fixposition_driver_ros2Config-version.cmake
[63.092s] -- Installing: /home/rhobtor/PHD/test_j8_hayat/J8/install/fixposition_driver_ros2/share/fixposition_driver_ros2/package.xml
[63.092s] Invoked command in '/home/rhobtor/PHD/test_j8_hayat/J8/build/fixposition_driver_ros2' returned '0': CMAKE_PREFIX_PATH=/home/rhobtor/PHD/test_j8_hayat/J8/install/fixposition_driver_lib:/home/rhobtor/PHD/test_j8_hayat/J8/install/fixposition_gnss_tf:/home/rhobtor/PHD/ARGOJ8_IA/ARGOSJ8_IA_/install/wiimote_msgs:/home/rhobtor/PHD/ARGOJ8_IA/ARGOSJ8_IA_/install/ublox:/home/rhobtor/PHD/ARGOJ8_IA/ARGOSJ8_IA_/install/ublox_gps:/home/rhobtor/PHD/ARGOJ8_IA/ARGOSJ8_IA_/install/security_check:/home/rhobtor/PHD/ARGOJ8_IA/ARGOSJ8_IA_/install/ctl_mission:/home/rhobtor/PHD/ARGOJ8_IA/ARGOSJ8_IA_/install/ublox_msgs:/home/rhobtor/PHD/ARGOJ8_IA/ARGOSJ8_IA_/install/ublox_serialization:/home/rhobtor/PHD/ARGOJ8_IA/ARGOSJ8_IA_/install/spacenav:/home/rhobtor/PHD/ARGOJ8_IA/ARGOSJ8_IA_/install/laser_segmentation:/home/rhobtor/PHD/ARGOJ8_IA/ARGOSJ8_IA_/install/slg_msgs:/home/rhobtor/PHD/ARGOJ8_IA/ARGOSJ8_IA_/install/security_check_interfaces:/home/rhobtor/PHD/ARGOJ8_IA/ARGOSJ8_IA_/install/joy:/home/rhobtor/PHD/ARGOJ8_IA/ARGOSJ8_IA_/install/sdl2_vendor:/home/rhobtor/PHD/ARGOJ8_IA/ARGOSJ8_IA_/install/path_manager:/home/rhobtor/PHD/ARGOJ8_IA/ARGOSJ8_IA_/install/path_manager_interfaces:/home/rhobtor/PHD/ARGOJ8_IA/ARGOSJ8_IA_/install/joy_linux:/home/rhobtor/PHD/ARGOJ8_IA/ARGOSJ8_IA_/install/j8_xacro_model:/home/rhobtor/PHD/ARGOJ8_IA/ARGOSJ8_IA_/install/hector_gazebo_plugins:/home/rhobtor/PHD/ARGOJ8_IA/ARGOSJ8_IA_/install/fixposition_sensor_pkg:/home/rhobtor/PHD/ARGOJ8_IA/ARGOSJ8_IA_/install/fixposition_odometry_converter_ros2:/home/rhobtor/PHD/ARGOJ8_IA/ARGOSJ8_IA_/install/fixposition_driver_ros2:/home/rhobtor/PHD/ARGOJ8_IA/ARGOSJ8_IA_/install/fixposition_driver_lib:/home/rhobtor/PHD/ARGOJ8_IA/ARGOSJ8_IA_/install/fixposition_gnss_tf:/home/rhobtor/PHD/ARGOJ8_IA/ARGOSJ8_IA_/install/ctl_mission_interfaces:/home/rhobtor/PHD/ARGOJ8_IA/ARGOSJ8_IA_/install/car_cpp:/home/rhobtor/PHD/ARGOJ8_IA/ARGOSJ8_IA_/install/car_interfaces:/home/rhobtor/PHD/ARGOJ8_IA/ARGOSJ8_IA_/install/argj801_setup:/home/rhobtor/PHD/ARGOJ8_IA/ARGOSJ8_IA_/install/argj801_sensors:/home/rhobtor/PHD/ARGOJ8_IA/ARGOSJ8_IA_/install/argj801_sensors_msgs:/home/rhobtor/PHD/ARGOJ8_IA/ARGOSJ8_IA_/install/argj801_ctl_platform:/home/rhobtor/PHD/ARGOJ8_IA/ARGOSJ8_IA_/install/argj801_ctl_platform_interfaces:/home/rhobtor/zed/install/zed_ros2:/home/rhobtor/zed/install/zed_wrapper:/home/rhobtor/zed/install/zed_components:/home/rhobtor/zed/install/zed_interfaces:/home/rhobtor/PHD/ARGOJ8_IA/ARGOSJ8_IA_/install/ntrip_client:/home/rhobtor/PHD/ARGOJ8_IA/ARGOSJ8_IA_/install/j8_gui:/home/rhobtor/PHD/ARGOJ8_IA/ARGOSJ8_IA_/install/car:/home/rhobtor/PHD/ARGOJ8_IA/ARGOSJ8_IA_/install/android_ros2_server:/home/rhobtor/PHD/ARGOJ8_IA/ARGOSJ8_IA_/install/GUI_pkg:/opt/ros/humble LD_LIBRARY_PATH=/home/rhobtor/PHD/test_j8_hayat/J8/install/fixposition_driver_lib/lib:/home/rhobtor/PHD/test_j8_hayat/J8/install/fixposition_gnss_tf/lib:${LD_LIBRARY_PATH} PKG_CONFIG_PATH=/home/rhobtor/PHD/test_j8_hayat/J8/install/fixposition_driver_lib/lib/x86_64-linux-gnu/pkgconfig:/home/rhobtor/PHD/test_j8_hayat/J8/install/fixposition_driver_lib/lib/pkgconfig:/home/rhobtor/PHD/test_j8_hayat/J8/install/fixposition_gnss_tf/lib/x86_64-linux-gnu/pkgconfig:/home/rhobtor/PHD/test_j8_hayat/J8/install/fixposition_gnss_tf/lib/pkgconfig:${PKG_CONFIG_PATH} /opt/st/stm32cubeclt_1.18.0/CMake/bin/cmake --install /home/rhobtor/PHD/test_j8_hayat/J8/build/fixposition_driver_ros2
