[0.042s] Invoking command in '/home/rhobtor/PHD/test_j8_hayat/J8/build/j8_xacro_model': AMENT_PREFIX_PATH=/home/rhobtor/PHD/test_j8_hayat/J8/install/argj801_ctl_platform:/home/rhobtor/PHD/test_j8_hayat/J8/install/argj801_ctl_platform_interfaces:${AMENT_PREFIX_PATH} CMAKE_PREFIX_PATH=/home/rhobtor/PHD/test_j8_hayat/J8/install/argj801_ctl_platform:/home/rhobtor/PHD/test_j8_hayat/J8/install/argj801_ctl_platform_interfaces:/home/rhobtor/PHD/ARGOJ8_IA/ARGOSJ8_IA_/install/wiimote_msgs:/home/rhobtor/PHD/ARGOJ8_IA/ARGOSJ8_IA_/install/ublox:/home/rhobtor/PHD/ARGOJ8_IA/ARGOSJ8_IA_/install/ublox_gps:/home/rhobtor/PHD/ARGOJ8_IA/ARGOSJ8_IA_/install/security_check:/home/rhobtor/PHD/ARGOJ8_IA/ARGOSJ8_IA_/install/ctl_mission:/home/rhobtor/PHD/ARGOJ8_IA/ARGOSJ8_IA_/install/ublox_msgs:/home/rhobtor/PHD/ARGOJ8_IA/ARGOSJ8_IA_/install/ublox_serialization:/home/rhobtor/PHD/ARGOJ8_IA/ARGOSJ8_IA_/install/spacenav:/home/rhobtor/PHD/ARGOJ8_IA/ARGOSJ8_IA_/install/laser_segmentation:/home/rhobtor/PHD/ARGOJ8_IA/ARGOSJ8_IA_/install/slg_msgs:/home/rhobtor/PHD/ARGOJ8_IA/ARGOSJ8_IA_/install/security_check_interfaces:/home/rhobtor/PHD/ARGOJ8_IA/ARGOSJ8_IA_/install/joy:/home/rhobtor/PHD/ARGOJ8_IA/ARGOSJ8_IA_/install/sdl2_vendor:/home/rhobtor/PHD/ARGOJ8_IA/ARGOSJ8_IA_/install/path_manager:/home/rhobtor/PHD/ARGOJ8_IA/ARGOSJ8_IA_/install/path_manager_interfaces:/home/rhobtor/PHD/ARGOJ8_IA/ARGOSJ8_IA_/install/joy_linux:/home/rhobtor/PHD/ARGOJ8_IA/ARGOSJ8_IA_/install/j8_xacro_model:/home/rhobtor/PHD/ARGOJ8_IA/ARGOSJ8_IA_/install/hector_gazebo_plugins:/home/rhobtor/PHD/ARGOJ8_IA/ARGOSJ8_IA_/install/fixposition_sensor_pkg:/home/rhobtor/PHD/ARGOJ8_IA/ARGOSJ8_IA_/install/fixposition_odometry_converter_ros2:/home/rhobtor/PHD/ARGOJ8_IA/ARGOSJ8_IA_/install/fixposition_driver_ros2:/home/rhobtor/PHD/ARGOJ8_IA/ARGOSJ8_IA_/install/fixposition_driver_lib:/home/rhobtor/PHD/ARGOJ8_IA/ARGOSJ8_IA_/install/fixposition_gnss_tf:/home/rhobtor/PHD/ARGOJ8_IA/ARGOSJ8_IA_/install/ctl_mission_interfaces:/home/rhobtor/PHD/ARGOJ8_IA/ARGOSJ8_IA_/install/car_cpp:/home/rhobtor/PHD/ARGOJ8_IA/ARGOSJ8_IA_/install/car_interfaces:/home/rhobtor/PHD/ARGOJ8_IA/ARGOSJ8_IA_/install/argj801_setup:/home/rhobtor/PHD/ARGOJ8_IA/ARGOSJ8_IA_/install/argj801_sensors:/home/rhobtor/PHD/ARGOJ8_IA/ARGOSJ8_IA_/install/argj801_sensors_msgs:/home/rhobtor/PHD/ARGOJ8_IA/ARGOSJ8_IA_/install/argj801_ctl_platform:/home/rhobtor/PHD/ARGOJ8_IA/ARGOSJ8_IA_/install/argj801_ctl_platform_interfaces:/home/rhobtor/zed/install/zed_ros2:/home/rhobtor/zed/install/zed_wrapper:/home/rhobtor/zed/install/zed_components:/home/rhobtor/zed/install/zed_interfaces:/home/rhobtor/PHD/ARGOJ8_IA/ARGOSJ8_IA_/install/ntrip_client:/home/rhobtor/PHD/ARGOJ8_IA/ARGOSJ8_IA_/install/j8_gui:/home/rhobtor/PHD/ARGOJ8_IA/ARGOSJ8_IA_/install/car:/home/rhobtor/PHD/ARGOJ8_IA/ARGOSJ8_IA_/install/android_ros2_server:/home/rhobtor/PHD/ARGOJ8_IA/ARGOSJ8_IA_/install/GUI_pkg:/opt/ros/humble LD_LIBRARY_PATH=/home/rhobtor/PHD/test_j8_hayat/J8/install/argj801_ctl_platform_interfaces/lib:${LD_LIBRARY_PATH} PYTHONPATH=/home/rhobtor/PHD/test_j8_hayat/J8/install/argj801_ctl_platform_interfaces/local/lib/python3.10/dist-packages:${PYTHONPATH} /opt/st/stm32cubeclt_1.18.0/CMake/bin/cmake /home/rhobtor/PHD/test_j8_hayat/J8/src/gazebo_sim_pkgs/j8_xacro_model -DCMAKE_INSTALL_PREFIX=/home/rhobtor/PHD/test_j8_hayat/J8/install/j8_xacro_model
[0.142s] -- The C compiler identification is GNU 11.4.0
[0.287s] -- The CXX compiler identification is GNU 11.4.0
[0.338s] -- Detecting C compiler ABI info
[0.491s] -- Detecting C compiler ABI info - done
[0.493s] -- Check for working C compiler: /usr/bin/cc - skipped
[0.494s] -- Detecting C compile features
[0.495s] -- Detecting C compile features - done
[0.518s] -- Detecting CXX compiler ABI info
[0.667s] -- Detecting CXX compiler ABI info - done
[0.691s] -- Check for working CXX compiler: /usr/bin/c++ - skipped
[0.691s] -- Detecting CXX compile features
[0.692s] -- Detecting CXX compile features - done
[0.702s] -- Found ament_cmake: 1.3.14 (/opt/ros/humble/share/ament_cmake/cmake)
[0.995s] -- Found Python3: /usr/bin/python3 (found version "3.10.12") found components: Interpreter 
[1.271s] -- Found gazebo_dev: 3.9.0 (/opt/ros/humble/share/gazebo_dev/cmake)
[1.294s] -- Found PkgConfig: /usr/bin/pkg-config (found version "0.29.2") 
[1.307s] -- Checking for module 'bullet>=2.82'
[1.348s] --   Found bullet, version 3.05
[1.619s] -- Found fcl: /usr/include (found suitable version "0.7.0", minimum required is "0.5.0") 
[1.734s] -- Found assimp: /usr/include (found version "5.2.0") 
[1.793s] -- Found DART: /usr/include (Required is at least version "6.6") found components: dart 
[1.998s] -- Found Boost: /usr/lib/x86_64-linux-gnu/cmake/Boost-1.74.0/BoostConfig.cmake (found suitable version "1.74.0", minimum required is "1.40.0") found components: thread system filesystem program_options regex iostreams date_time 
[2.050s] -- Found Protobuf: /usr/lib/x86_64-linux-gnu/libprotobuf.so (found version "3.12.4") 
[2.072s] -- Looking for ignition-math6 -- found version 6.15.1
[2.090s] -- Searching for dependencies of ignition-math6
[2.093s] -- Looking for OGRE...
[2.094s] -- OGRE_PREFIX_WATCH changed.
[2.104s] -- Checking for module 'OGRE'
[2.132s] --   Found OGRE, version 1.9.0
[2.192s] -- Found Ogre Ghadamon (1.9.0)
[2.223s] -- Found OGRE: optimized;/usr/lib/x86_64-linux-gnu/libOgreMain.so;debug;/usr/lib/x86_64-linux-gnu/libOgreMain.so
[2.244s] -- Looking for OGRE_Paging...
[2.270s] -- Found OGRE_Paging: optimized;/usr/lib/x86_64-linux-gnu/libOgrePaging.so;debug;/usr/lib/x86_64-linux-gnu/libOgrePaging.so
[2.270s] -- Looking for OGRE_Terrain...
[2.294s] -- Found OGRE_Terrain: optimized;/usr/lib/x86_64-linux-gnu/libOgreTerrain.so;debug;/usr/lib/x86_64-linux-gnu/libOgreTerrain.so
[2.294s] -- Looking for OGRE_Property...
[2.318s] -- Found OGRE_Property: optimized;/usr/lib/x86_64-linux-gnu/libOgreProperty.so;debug;/usr/lib/x86_64-linux-gnu/libOgreProperty.so
[2.318s] -- Looking for OGRE_RTShaderSystem...
[2.342s] -- Found OGRE_RTShaderSystem: optimized;/usr/lib/x86_64-linux-gnu/libOgreRTShaderSystem.so;debug;/usr/lib/x86_64-linux-gnu/libOgreRTShaderSystem.so
[2.342s] -- Looking for OGRE_Volume...
[2.368s] -- Found OGRE_Volume: optimized;/usr/lib/x86_64-linux-gnu/libOgreVolume.so;debug;/usr/lib/x86_64-linux-gnu/libOgreVolume.so
[2.368s] -- Looking for OGRE_Overlay...
[2.392s] -- Found OGRE_Overlay: optimized;/usr/lib/x86_64-linux-gnu/libOgreOverlay.so;debug;/usr/lib/x86_64-linux-gnu/libOgreOverlay.so
[2.917s] -- Looking for ignition-math6 -- found version 6.15.1
[2.927s] -- Looking for ignition-transport8 -- found version 8.2.1
[2.928s] -- Searching for dependencies of ignition-transport8
[2.968s] -- Found Protobuf: /usr/lib/x86_64-linux-gnu/libprotobuf.so (found suitable version "3.12.4", minimum required is "3") 
[2.994s] -- Config-file not installed for ZeroMQ -- checking for pkg-config
[3.003s] -- Checking for module 'libzmq >= 4'
[3.032s] --   Found libzmq, version 4.3.4
[3.102s] -- Found ZeroMQ: TRUE (Required is at least version "4") 
[3.114s] -- Checking for module 'uuid'
[3.144s] --   Found uuid, version 2.37.2
[3.205s] -- Found UUID: TRUE  
[3.215s] -- Looking for ignition-msgs5 -- found version 5.8.1
[3.215s] -- Searching for dependencies of ignition-msgs5
[3.258s] -- Looking for ignition-math6 -- found version 6.15.1
[3.271s] -- Checking for module 'tinyxml2'
[3.315s] --   Found tinyxml2, version 9.0.0
[3.394s] -- Looking for ignition-msgs5 -- found version 5.8.1
[3.412s] -- Looking for ignition-common3 -- found version 3.14.0
[3.413s] -- Searching for dependencies of ignition-common3
[3.415s] -- Looking for dlfcn.h - found
[3.421s] -- Looking for libdl - found
[3.426s] -- Found DL: TRUE  
[3.480s] -- Found tinyobjloader: /usr/lib/x86_64-linux-gnu/cmake/tinyobjloader/tinyobjloader-config.cmake (found version "2.0.0") 
[3.481s] -- Searching for <ignition-common3> component [graphics]
[3.501s] -- Looking for ignition-common3-graphics -- found version 3.14.0
[3.501s] -- Searching for dependencies of ignition-common3-graphics
[3.503s] -- Looking for ignition-math6 -- found version 6.15.1
[3.524s] -- Looking for ignition-fuel_tools4 -- found version 4.4.0
[3.524s] -- Searching for dependencies of ignition-fuel_tools4
[3.756s] -- Found CURL: /usr/lib/x86_64-linux-gnu/libcurl.so (found version "7.81.0")  
[3.767s] [0mCMake Deprecation Warning at /usr/lib/x86_64-linux-gnu/cmake/jsoncpp/jsoncppConfig.cmake:2 (cmake_policy):
[3.767s]   Compatibility with CMake < 3.5 will be removed from a future version of
[3.767s]   CMake.
[3.768s] 
[3.768s]   Update the VERSION argument <min> value or use a ...<max> suffix to tell
[3.768s]   CMake that the project does not need compatibility with older versions.
[3.768s] Call Stack (most recent call first):
[3.768s]   /usr/share/cmake/ignition-cmake2/cmake2/FindJSONCPP.cmake:34 (find_package)
[3.768s]   /usr/lib/x86_64-linux-gnu/cmake/ignition-fuel_tools4/ignition-fuel_tools4-config.cmake:94 (find_package)
[3.768s]   /usr/lib/x86_64-linux-gnu/cmake/gazebo/gazebo-config.cmake:251 (find_package)
[3.769s]   /opt/ros/humble/share/gazebo_dev/cmake/gazebo_dev-extras.cmake:3 (find_package)
[3.769s]   /opt/ros/humble/share/gazebo_dev/cmake/gazebo_devConfig.cmake:41 (include)
[3.769s]   CMakeLists.txt:13 (find_package)
[3.769s] 
[3.769s] [0m
[3.780s] -- Checking for module 'jsoncpp'
[3.816s] --   Found jsoncpp, version 1.9.5
[3.876s] -- Found JSONCPP: TRUE  
[3.890s] -- Checking for module 'libzip'
[3.924s] --   Found libzip, version 1.7.3
[3.987s] -- Found ZIP: TRUE  
[3.988s] -- Looking for ignition-common3 -- found version 3.14.0
[3.988s] -- Looking for ignition-math6 -- found version 6.15.1
[3.989s] -- Looking for ignition-msgs5 -- found version 5.8.1
[4.000s] -- Gazebo version: 11.10
[4.001s] -- Checking for module 'tbb'
[4.037s] --   Found tbb, version 2021.5.0
[4.101s] -- Found gazebo_ros: 3.9.0 (/opt/ros/humble/share/gazebo_ros/cmake)
[4.236s] -- Found rosidl_generator_c: 3.1.8 (/opt/ros/humble/share/rosidl_generator_c/cmake)
[4.255s] -- Found rosidl_adapter: 3.1.8 (/opt/ros/humble/share/rosidl_adapter/cmake)
[4.283s] -- Found rosidl_generator_cpp: 3.1.8 (/opt/ros/humble/share/rosidl_generator_cpp/cmake)
[4.321s] -- Using all available rosidl_typesupport_c: rosidl_typesupport_fastrtps_c;rosidl_typesupport_introspection_c
[4.372s] -- Using all available rosidl_typesupport_cpp: rosidl_typesupport_fastrtps_cpp;rosidl_typesupport_introspection_cpp
[4.509s] -- Found rmw_implementation_cmake: 6.1.2 (/opt/ros/humble/share/rmw_implementation_cmake/cmake)
[4.522s] -- Found rmw_fastrtps_cpp: 6.2.10 (/opt/ros/humble/share/rmw_fastrtps_cpp/cmake)
[4.748s] -- Found OpenSSL: /usr/lib/x86_64-linux-gnu/libcrypto.so (found version "3.0.2")  
[4.809s] -- Found FastRTPS: /opt/ros/humble/include  
[4.911s] -- Using RMW implementation 'rmw_fastrtps_cpp' as default
[4.943s] -- Found Threads: TRUE  
[5.085s] -- Found geometry_msgs: 4.9.1 (/opt/ros/humble/share/geometry_msgs/cmake)
[5.121s] -- Found nav_msgs: 4.9.1 (/opt/ros/humble/share/nav_msgs/cmake)
[5.168s] -- Found tf2: 0.25.19 (/opt/ros/humble/share/tf2/cmake)
[5.198s] -- Found tf2_geometry_msgs: 0.25.19 (/opt/ros/humble/share/tf2_geometry_msgs/cmake)
[5.230s] -- Found eigen3_cmake_module: 0.1.1 (/opt/ros/humble/share/eigen3_cmake_module/cmake)
[5.232s] -- Found Eigen3: TRUE (found version "3.4.0") 
[5.233s] -- Ensuring Eigen3 include directory is part of orocos-kdl CMake target
[5.514s] -- Found sensor_msgs: 4.9.1 (/opt/ros/humble/share/sensor_msgs/cmake)
[5.556s] -- Found argj801_ctl_platform_interfaces: 0.0.0 (/home/rhobtor/PHD/test_j8_hayat/J8/install/argj801_ctl_platform_interfaces/share/argj801_ctl_platform_interfaces/cmake)
[5.635s] -- Found ament_lint_auto: 0.12.15 (/opt/ros/humble/share/ament_lint_auto/cmake)
[5.818s] -- Added test 'cppcheck' to perform static code analysis on C / C++ code
[5.818s] -- Configured cppcheck include dirs: /home/rhobtor/PHD/test_j8_hayat/J8/src/gazebo_sim_pkgs/j8_xacro_model/include;$<BUILD_INTERFACE:/home/rhobtor/PHD/test_j8_hayat/J8/src/gazebo_sim_pkgs/j8_xacro_model/include>
[5.818s] -- Configured cppcheck exclude dirs and/or files: 
[5.821s] -- Added test 'flake8' to check Python code syntax and style conventions
[5.824s] -- Added test 'lint_cmake' to check CMake code style
[5.827s] -- Added test 'pep257' to check Python code against some of the docstring style conventions in PEP 257
[5.833s] -- Added test 'uncrustify' to check C / C++ code style
[5.834s] -- Configured uncrustify additional arguments: 
[5.836s] -- Added test 'xmllint' to check XML markup files
[5.841s] -- Configuring done (5.8s)
[5.884s] -- Generating done (0.0s)
[5.894s] -- Build files have been written to: /home/rhobtor/PHD/test_j8_hayat/J8/build/j8_xacro_model
[5.917s] Invoked command in '/home/rhobtor/PHD/test_j8_hayat/J8/build/j8_xacro_model' returned '0': AMENT_PREFIX_PATH=/home/rhobtor/PHD/test_j8_hayat/J8/install/argj801_ctl_platform:/home/rhobtor/PHD/test_j8_hayat/J8/install/argj801_ctl_platform_interfaces:${AMENT_PREFIX_PATH} CMAKE_PREFIX_PATH=/home/rhobtor/PHD/test_j8_hayat/J8/install/argj801_ctl_platform:/home/rhobtor/PHD/test_j8_hayat/J8/install/argj801_ctl_platform_interfaces:/home/rhobtor/PHD/ARGOJ8_IA/ARGOSJ8_IA_/install/wiimote_msgs:/home/rhobtor/PHD/ARGOJ8_IA/ARGOSJ8_IA_/install/ublox:/home/rhobtor/PHD/ARGOJ8_IA/ARGOSJ8_IA_/install/ublox_gps:/home/rhobtor/PHD/ARGOJ8_IA/ARGOSJ8_IA_/install/security_check:/home/rhobtor/PHD/ARGOJ8_IA/ARGOSJ8_IA_/install/ctl_mission:/home/rhobtor/PHD/ARGOJ8_IA/ARGOSJ8_IA_/install/ublox_msgs:/home/rhobtor/PHD/ARGOJ8_IA/ARGOSJ8_IA_/install/ublox_serialization:/home/rhobtor/PHD/ARGOJ8_IA/ARGOSJ8_IA_/install/spacenav:/home/rhobtor/PHD/ARGOJ8_IA/ARGOSJ8_IA_/install/laser_segmentation:/home/rhobtor/PHD/ARGOJ8_IA/ARGOSJ8_IA_/install/slg_msgs:/home/rhobtor/PHD/ARGOJ8_IA/ARGOSJ8_IA_/install/security_check_interfaces:/home/rhobtor/PHD/ARGOJ8_IA/ARGOSJ8_IA_/install/joy:/home/rhobtor/PHD/ARGOJ8_IA/ARGOSJ8_IA_/install/sdl2_vendor:/home/rhobtor/PHD/ARGOJ8_IA/ARGOSJ8_IA_/install/path_manager:/home/rhobtor/PHD/ARGOJ8_IA/ARGOSJ8_IA_/install/path_manager_interfaces:/home/rhobtor/PHD/ARGOJ8_IA/ARGOSJ8_IA_/install/joy_linux:/home/rhobtor/PHD/ARGOJ8_IA/ARGOSJ8_IA_/install/j8_xacro_model:/home/rhobtor/PHD/ARGOJ8_IA/ARGOSJ8_IA_/install/hector_gazebo_plugins:/home/rhobtor/PHD/ARGOJ8_IA/ARGOSJ8_IA_/install/fixposition_sensor_pkg:/home/rhobtor/PHD/ARGOJ8_IA/ARGOSJ8_IA_/install/fixposition_odometry_converter_ros2:/home/rhobtor/PHD/ARGOJ8_IA/ARGOSJ8_IA_/install/fixposition_driver_ros2:/home/rhobtor/PHD/ARGOJ8_IA/ARGOSJ8_IA_/install/fixposition_driver_lib:/home/rhobtor/PHD/ARGOJ8_IA/ARGOSJ8_IA_/install/fixposition_gnss_tf:/home/rhobtor/PHD/ARGOJ8_IA/ARGOSJ8_IA_/install/ctl_mission_interfaces:/home/rhobtor/PHD/ARGOJ8_IA/ARGOSJ8_IA_/install/car_cpp:/home/rhobtor/PHD/ARGOJ8_IA/ARGOSJ8_IA_/install/car_interfaces:/home/rhobtor/PHD/ARGOJ8_IA/ARGOSJ8_IA_/install/argj801_setup:/home/rhobtor/PHD/ARGOJ8_IA/ARGOSJ8_IA_/install/argj801_sensors:/home/rhobtor/PHD/ARGOJ8_IA/ARGOSJ8_IA_/install/argj801_sensors_msgs:/home/rhobtor/PHD/ARGOJ8_IA/ARGOSJ8_IA_/install/argj801_ctl_platform:/home/rhobtor/PHD/ARGOJ8_IA/ARGOSJ8_IA_/install/argj801_ctl_platform_interfaces:/home/rhobtor/zed/install/zed_ros2:/home/rhobtor/zed/install/zed_wrapper:/home/rhobtor/zed/install/zed_components:/home/rhobtor/zed/install/zed_interfaces:/home/rhobtor/PHD/ARGOJ8_IA/ARGOSJ8_IA_/install/ntrip_client:/home/rhobtor/PHD/ARGOJ8_IA/ARGOSJ8_IA_/install/j8_gui:/home/rhobtor/PHD/ARGOJ8_IA/ARGOSJ8_IA_/install/car:/home/rhobtor/PHD/ARGOJ8_IA/ARGOSJ8_IA_/install/android_ros2_server:/home/rhobtor/PHD/ARGOJ8_IA/ARGOSJ8_IA_/install/GUI_pkg:/opt/ros/humble LD_LIBRARY_PATH=/home/rhobtor/PHD/test_j8_hayat/J8/install/argj801_ctl_platform_interfaces/lib:${LD_LIBRARY_PATH} PYTHONPATH=/home/rhobtor/PHD/test_j8_hayat/J8/install/argj801_ctl_platform_interfaces/local/lib/python3.10/dist-packages:${PYTHONPATH} /opt/st/stm32cubeclt_1.18.0/CMake/bin/cmake /home/rhobtor/PHD/test_j8_hayat/J8/src/gazebo_sim_pkgs/j8_xacro_model -DCMAKE_INSTALL_PREFIX=/home/rhobtor/PHD/test_j8_hayat/J8/install/j8_xacro_model
[5.921s] Invoking command in '/home/rhobtor/PHD/test_j8_hayat/J8/build/j8_xacro_model': AMENT_PREFIX_PATH=/home/rhobtor/PHD/test_j8_hayat/J8/install/argj801_ctl_platform:/home/rhobtor/PHD/test_j8_hayat/J8/install/argj801_ctl_platform_interfaces:${AMENT_PREFIX_PATH} CMAKE_PREFIX_PATH=/home/rhobtor/PHD/test_j8_hayat/J8/install/argj801_ctl_platform:/home/rhobtor/PHD/test_j8_hayat/J8/install/argj801_ctl_platform_interfaces:/home/rhobtor/PHD/ARGOJ8_IA/ARGOSJ8_IA_/install/wiimote_msgs:/home/rhobtor/PHD/ARGOJ8_IA/ARGOSJ8_IA_/install/ublox:/home/rhobtor/PHD/ARGOJ8_IA/ARGOSJ8_IA_/install/ublox_gps:/home/rhobtor/PHD/ARGOJ8_IA/ARGOSJ8_IA_/install/security_check:/home/rhobtor/PHD/ARGOJ8_IA/ARGOSJ8_IA_/install/ctl_mission:/home/rhobtor/PHD/ARGOJ8_IA/ARGOSJ8_IA_/install/ublox_msgs:/home/rhobtor/PHD/ARGOJ8_IA/ARGOSJ8_IA_/install/ublox_serialization:/home/rhobtor/PHD/ARGOJ8_IA/ARGOSJ8_IA_/install/spacenav:/home/rhobtor/PHD/ARGOJ8_IA/ARGOSJ8_IA_/install/laser_segmentation:/home/rhobtor/PHD/ARGOJ8_IA/ARGOSJ8_IA_/install/slg_msgs:/home/rhobtor/PHD/ARGOJ8_IA/ARGOSJ8_IA_/install/security_check_interfaces:/home/rhobtor/PHD/ARGOJ8_IA/ARGOSJ8_IA_/install/joy:/home/rhobtor/PHD/ARGOJ8_IA/ARGOSJ8_IA_/install/sdl2_vendor:/home/rhobtor/PHD/ARGOJ8_IA/ARGOSJ8_IA_/install/path_manager:/home/rhobtor/PHD/ARGOJ8_IA/ARGOSJ8_IA_/install/path_manager_interfaces:/home/rhobtor/PHD/ARGOJ8_IA/ARGOSJ8_IA_/install/joy_linux:/home/rhobtor/PHD/ARGOJ8_IA/ARGOSJ8_IA_/install/j8_xacro_model:/home/rhobtor/PHD/ARGOJ8_IA/ARGOSJ8_IA_/install/hector_gazebo_plugins:/home/rhobtor/PHD/ARGOJ8_IA/ARGOSJ8_IA_/install/fixposition_sensor_pkg:/home/rhobtor/PHD/ARGOJ8_IA/ARGOSJ8_IA_/install/fixposition_odometry_converter_ros2:/home/rhobtor/PHD/ARGOJ8_IA/ARGOSJ8_IA_/install/fixposition_driver_ros2:/home/rhobtor/PHD/ARGOJ8_IA/ARGOSJ8_IA_/install/fixposition_driver_lib:/home/rhobtor/PHD/ARGOJ8_IA/ARGOSJ8_IA_/install/fixposition_gnss_tf:/home/rhobtor/PHD/ARGOJ8_IA/ARGOSJ8_IA_/install/ctl_mission_interfaces:/home/rhobtor/PHD/ARGOJ8_IA/ARGOSJ8_IA_/install/car_cpp:/home/rhobtor/PHD/ARGOJ8_IA/ARGOSJ8_IA_/install/car_interfaces:/home/rhobtor/PHD/ARGOJ8_IA/ARGOSJ8_IA_/install/argj801_setup:/home/rhobtor/PHD/ARGOJ8_IA/ARGOSJ8_IA_/install/argj801_sensors:/home/rhobtor/PHD/ARGOJ8_IA/ARGOSJ8_IA_/install/argj801_sensors_msgs:/home/rhobtor/PHD/ARGOJ8_IA/ARGOSJ8_IA_/install/argj801_ctl_platform:/home/rhobtor/PHD/ARGOJ8_IA/ARGOSJ8_IA_/install/argj801_ctl_platform_interfaces:/home/rhobtor/zed/install/zed_ros2:/home/rhobtor/zed/install/zed_wrapper:/home/rhobtor/zed/install/zed_components:/home/rhobtor/zed/install/zed_interfaces:/home/rhobtor/PHD/ARGOJ8_IA/ARGOSJ8_IA_/install/ntrip_client:/home/rhobtor/PHD/ARGOJ8_IA/ARGOSJ8_IA_/install/j8_gui:/home/rhobtor/PHD/ARGOJ8_IA/ARGOSJ8_IA_/install/car:/home/rhobtor/PHD/ARGOJ8_IA/ARGOSJ8_IA_/install/android_ros2_server:/home/rhobtor/PHD/ARGOJ8_IA/ARGOSJ8_IA_/install/GUI_pkg:/opt/ros/humble LD_LIBRARY_PATH=/home/rhobtor/PHD/test_j8_hayat/J8/install/argj801_ctl_platform_interfaces/lib:${LD_LIBRARY_PATH} PYTHONPATH=/home/rhobtor/PHD/test_j8_hayat/J8/install/argj801_ctl_platform_interfaces/local/lib/python3.10/dist-packages:${PYTHONPATH} /opt/st/stm32cubeclt_1.18.0/CMake/bin/cmake --build /home/rhobtor/PHD/test_j8_hayat/J8/build/j8_xacro_model -- -j16 -l16
[5.974s] [ 50%] [32mBuilding CXX object CMakeFiles/gazebo_ros_j8_wheels_plugin.dir/src/gazebo_ros_j8_wheels_speed.cpp.o[0m
[31.936s] [100%] [32m[1mLinking CXX shared library libgazebo_ros_j8_wheels_plugin.so[0m
[34.414s] [100%] Built target gazebo_ros_j8_wheels_plugin
[34.424s] Invoked command in '/home/rhobtor/PHD/test_j8_hayat/J8/build/j8_xacro_model' returned '0': AMENT_PREFIX_PATH=/home/rhobtor/PHD/test_j8_hayat/J8/install/argj801_ctl_platform:/home/rhobtor/PHD/test_j8_hayat/J8/install/argj801_ctl_platform_interfaces:${AMENT_PREFIX_PATH} CMAKE_PREFIX_PATH=/home/rhobtor/PHD/test_j8_hayat/J8/install/argj801_ctl_platform:/home/rhobtor/PHD/test_j8_hayat/J8/install/argj801_ctl_platform_interfaces:/home/rhobtor/PHD/ARGOJ8_IA/ARGOSJ8_IA_/install/wiimote_msgs:/home/rhobtor/PHD/ARGOJ8_IA/ARGOSJ8_IA_/install/ublox:/home/rhobtor/PHD/ARGOJ8_IA/ARGOSJ8_IA_/install/ublox_gps:/home/rhobtor/PHD/ARGOJ8_IA/ARGOSJ8_IA_/install/security_check:/home/rhobtor/PHD/ARGOJ8_IA/ARGOSJ8_IA_/install/ctl_mission:/home/rhobtor/PHD/ARGOJ8_IA/ARGOSJ8_IA_/install/ublox_msgs:/home/rhobtor/PHD/ARGOJ8_IA/ARGOSJ8_IA_/install/ublox_serialization:/home/rhobtor/PHD/ARGOJ8_IA/ARGOSJ8_IA_/install/spacenav:/home/rhobtor/PHD/ARGOJ8_IA/ARGOSJ8_IA_/install/laser_segmentation:/home/rhobtor/PHD/ARGOJ8_IA/ARGOSJ8_IA_/install/slg_msgs:/home/rhobtor/PHD/ARGOJ8_IA/ARGOSJ8_IA_/install/security_check_interfaces:/home/rhobtor/PHD/ARGOJ8_IA/ARGOSJ8_IA_/install/joy:/home/rhobtor/PHD/ARGOJ8_IA/ARGOSJ8_IA_/install/sdl2_vendor:/home/rhobtor/PHD/ARGOJ8_IA/ARGOSJ8_IA_/install/path_manager:/home/rhobtor/PHD/ARGOJ8_IA/ARGOSJ8_IA_/install/path_manager_interfaces:/home/rhobtor/PHD/ARGOJ8_IA/ARGOSJ8_IA_/install/joy_linux:/home/rhobtor/PHD/ARGOJ8_IA/ARGOSJ8_IA_/install/j8_xacro_model:/home/rhobtor/PHD/ARGOJ8_IA/ARGOSJ8_IA_/install/hector_gazebo_plugins:/home/rhobtor/PHD/ARGOJ8_IA/ARGOSJ8_IA_/install/fixposition_sensor_pkg:/home/rhobtor/PHD/ARGOJ8_IA/ARGOSJ8_IA_/install/fixposition_odometry_converter_ros2:/home/rhobtor/PHD/ARGOJ8_IA/ARGOSJ8_IA_/install/fixposition_driver_ros2:/home/rhobtor/PHD/ARGOJ8_IA/ARGOSJ8_IA_/install/fixposition_driver_lib:/home/rhobtor/PHD/ARGOJ8_IA/ARGOSJ8_IA_/install/fixposition_gnss_tf:/home/rhobtor/PHD/ARGOJ8_IA/ARGOSJ8_IA_/install/ctl_mission_interfaces:/home/rhobtor/PHD/ARGOJ8_IA/ARGOSJ8_IA_/install/car_cpp:/home/rhobtor/PHD/ARGOJ8_IA/ARGOSJ8_IA_/install/car_interfaces:/home/rhobtor/PHD/ARGOJ8_IA/ARGOSJ8_IA_/install/argj801_setup:/home/rhobtor/PHD/ARGOJ8_IA/ARGOSJ8_IA_/install/argj801_sensors:/home/rhobtor/PHD/ARGOJ8_IA/ARGOSJ8_IA_/install/argj801_sensors_msgs:/home/rhobtor/PHD/ARGOJ8_IA/ARGOSJ8_IA_/install/argj801_ctl_platform:/home/rhobtor/PHD/ARGOJ8_IA/ARGOSJ8_IA_/install/argj801_ctl_platform_interfaces:/home/rhobtor/zed/install/zed_ros2:/home/rhobtor/zed/install/zed_wrapper:/home/rhobtor/zed/install/zed_components:/home/rhobtor/zed/install/zed_interfaces:/home/rhobtor/PHD/ARGOJ8_IA/ARGOSJ8_IA_/install/ntrip_client:/home/rhobtor/PHD/ARGOJ8_IA/ARGOSJ8_IA_/install/j8_gui:/home/rhobtor/PHD/ARGOJ8_IA/ARGOSJ8_IA_/install/car:/home/rhobtor/PHD/ARGOJ8_IA/ARGOSJ8_IA_/install/android_ros2_server:/home/rhobtor/PHD/ARGOJ8_IA/ARGOSJ8_IA_/install/GUI_pkg:/opt/ros/humble LD_LIBRARY_PATH=/home/rhobtor/PHD/test_j8_hayat/J8/install/argj801_ctl_platform_interfaces/lib:${LD_LIBRARY_PATH} PYTHONPATH=/home/rhobtor/PHD/test_j8_hayat/J8/install/argj801_ctl_platform_interfaces/local/lib/python3.10/dist-packages:${PYTHONPATH} /opt/st/stm32cubeclt_1.18.0/CMake/bin/cmake --build /home/rhobtor/PHD/test_j8_hayat/J8/build/j8_xacro_model -- -j16 -l16
[34.429s] Invoking command in '/home/rhobtor/PHD/test_j8_hayat/J8/build/j8_xacro_model': AMENT_PREFIX_PATH=/home/rhobtor/PHD/test_j8_hayat/J8/install/argj801_ctl_platform:/home/rhobtor/PHD/test_j8_hayat/J8/install/argj801_ctl_platform_interfaces:${AMENT_PREFIX_PATH} CMAKE_PREFIX_PATH=/home/rhobtor/PHD/test_j8_hayat/J8/install/argj801_ctl_platform:/home/rhobtor/PHD/test_j8_hayat/J8/install/argj801_ctl_platform_interfaces:/home/rhobtor/PHD/ARGOJ8_IA/ARGOSJ8_IA_/install/wiimote_msgs:/home/rhobtor/PHD/ARGOJ8_IA/ARGOSJ8_IA_/install/ublox:/home/rhobtor/PHD/ARGOJ8_IA/ARGOSJ8_IA_/install/ublox_gps:/home/rhobtor/PHD/ARGOJ8_IA/ARGOSJ8_IA_/install/security_check:/home/rhobtor/PHD/ARGOJ8_IA/ARGOSJ8_IA_/install/ctl_mission:/home/rhobtor/PHD/ARGOJ8_IA/ARGOSJ8_IA_/install/ublox_msgs:/home/rhobtor/PHD/ARGOJ8_IA/ARGOSJ8_IA_/install/ublox_serialization:/home/rhobtor/PHD/ARGOJ8_IA/ARGOSJ8_IA_/install/spacenav:/home/rhobtor/PHD/ARGOJ8_IA/ARGOSJ8_IA_/install/laser_segmentation:/home/rhobtor/PHD/ARGOJ8_IA/ARGOSJ8_IA_/install/slg_msgs:/home/rhobtor/PHD/ARGOJ8_IA/ARGOSJ8_IA_/install/security_check_interfaces:/home/rhobtor/PHD/ARGOJ8_IA/ARGOSJ8_IA_/install/joy:/home/rhobtor/PHD/ARGOJ8_IA/ARGOSJ8_IA_/install/sdl2_vendor:/home/rhobtor/PHD/ARGOJ8_IA/ARGOSJ8_IA_/install/path_manager:/home/rhobtor/PHD/ARGOJ8_IA/ARGOSJ8_IA_/install/path_manager_interfaces:/home/rhobtor/PHD/ARGOJ8_IA/ARGOSJ8_IA_/install/joy_linux:/home/rhobtor/PHD/ARGOJ8_IA/ARGOSJ8_IA_/install/j8_xacro_model:/home/rhobtor/PHD/ARGOJ8_IA/ARGOSJ8_IA_/install/hector_gazebo_plugins:/home/rhobtor/PHD/ARGOJ8_IA/ARGOSJ8_IA_/install/fixposition_sensor_pkg:/home/rhobtor/PHD/ARGOJ8_IA/ARGOSJ8_IA_/install/fixposition_odometry_converter_ros2:/home/rhobtor/PHD/ARGOJ8_IA/ARGOSJ8_IA_/install/fixposition_driver_ros2:/home/rhobtor/PHD/ARGOJ8_IA/ARGOSJ8_IA_/install/fixposition_driver_lib:/home/rhobtor/PHD/ARGOJ8_IA/ARGOSJ8_IA_/install/fixposition_gnss_tf:/home/rhobtor/PHD/ARGOJ8_IA/ARGOSJ8_IA_/install/ctl_mission_interfaces:/home/rhobtor/PHD/ARGOJ8_IA/ARGOSJ8_IA_/install/car_cpp:/home/rhobtor/PHD/ARGOJ8_IA/ARGOSJ8_IA_/install/car_interfaces:/home/rhobtor/PHD/ARGOJ8_IA/ARGOSJ8_IA_/install/argj801_setup:/home/rhobtor/PHD/ARGOJ8_IA/ARGOSJ8_IA_/install/argj801_sensors:/home/rhobtor/PHD/ARGOJ8_IA/ARGOSJ8_IA_/install/argj801_sensors_msgs:/home/rhobtor/PHD/ARGOJ8_IA/ARGOSJ8_IA_/install/argj801_ctl_platform:/home/rhobtor/PHD/ARGOJ8_IA/ARGOSJ8_IA_/install/argj801_ctl_platform_interfaces:/home/rhobtor/zed/install/zed_ros2:/home/rhobtor/zed/install/zed_wrapper:/home/rhobtor/zed/install/zed_components:/home/rhobtor/zed/install/zed_interfaces:/home/rhobtor/PHD/ARGOJ8_IA/ARGOSJ8_IA_/install/ntrip_client:/home/rhobtor/PHD/ARGOJ8_IA/ARGOSJ8_IA_/install/j8_gui:/home/rhobtor/PHD/ARGOJ8_IA/ARGOSJ8_IA_/install/car:/home/rhobtor/PHD/ARGOJ8_IA/ARGOSJ8_IA_/install/android_ros2_server:/home/rhobtor/PHD/ARGOJ8_IA/ARGOSJ8_IA_/install/GUI_pkg:/opt/ros/humble LD_LIBRARY_PATH=/home/rhobtor/PHD/test_j8_hayat/J8/install/argj801_ctl_platform_interfaces/lib:${LD_LIBRARY_PATH} PYTHONPATH=/home/rhobtor/PHD/test_j8_hayat/J8/install/argj801_ctl_platform_interfaces/local/lib/python3.10/dist-packages:${PYTHONPATH} /opt/st/stm32cubeclt_1.18.0/CMake/bin/cmake --install /home/rhobtor/PHD/test_j8_hayat/J8/build/j8_xacro_model
[34.435s] -- Install configuration: ""
[34.436s] -- Installing: /home/rhobtor/PHD/test_j8_hayat/J8/install/j8_xacro_model/share/j8_xacro_model/environment/library_path.sh
[34.436s] -- Installing: /home/rhobtor/PHD/test_j8_hayat/J8/install/j8_xacro_model/share/j8_xacro_model/environment/library_path.dsv
[34.437s] -- Installing: /home/rhobtor/PHD/test_j8_hayat/J8/install/j8_xacro_model/lib/libgazebo_ros_j8_wheels_plugin.so
[34.463s] -- Set non-toolchain portion of runtime path of "/home/rhobtor/PHD/test_j8_hayat/J8/install/j8_xacro_model/lib/libgazebo_ros_j8_wheels_plugin.so" to ""
[34.464s] -- Installing: /home/rhobtor/PHD/test_j8_hayat/J8/install/j8_xacro_model/share/j8_xacro_model//launch
[34.464s] -- Installing: /home/rhobtor/PHD/test_j8_hayat/J8/install/j8_xacro_model/share/j8_xacro_model//launch/start_gazebo_j8.launch.py
[34.464s] -- Installing: /home/rhobtor/PHD/test_j8_hayat/J8/install/j8_xacro_model/share/j8_xacro_model//worlds
[34.465s] -- Installing: /home/rhobtor/PHD/test_j8_hayat/J8/install/j8_xacro_model/share/j8_xacro_model//worlds/empty_custom.world
[34.465s] -- Installing: /home/rhobtor/PHD/test_j8_hayat/J8/install/j8_xacro_model/share/j8_xacro_model//urdf
[34.465s] -- Installing: /home/rhobtor/PHD/test_j8_hayat/J8/install/j8_xacro_model/share/j8_xacro_model//urdf/sick_lidar.plugin.xacro
[34.466s] -- Installing: /home/rhobtor/PHD/test_j8_hayat/J8/install/j8_xacro_model/share/j8_xacro_model//urdf/gps.xacro
[34.466s] -- Installing: /home/rhobtor/PHD/test_j8_hayat/J8/install/j8_xacro_model/share/j8_xacro_model//urdf/panel.xacro
[34.467s] -- Installing: /home/rhobtor/PHD/test_j8_hayat/J8/install/j8_xacro_model/share/j8_xacro_model//urdf/fixposition_sensor.xacro
[34.467s] -- Installing: /home/rhobtor/PHD/test_j8_hayat/J8/install/j8_xacro_model/share/j8_xacro_model//urdf/wheel.urdf.xacro
[34.467s] -- Installing: /home/rhobtor/PHD/test_j8_hayat/J8/install/j8_xacro_model/share/j8_xacro_model//urdf/lidar.plugin.xacro
[34.467s] -- Installing: /home/rhobtor/PHD/test_j8_hayat/J8/install/j8_xacro_model/share/j8_xacro_model//urdf/gps_holder.xacro
[34.467s] -- Installing: /home/rhobtor/PHD/test_j8_hayat/J8/install/j8_xacro_model/share/j8_xacro_model//urdf/test.urdf
[34.468s] -- Installing: /home/rhobtor/PHD/test_j8_hayat/J8/install/j8_xacro_model/share/j8_xacro_model//urdf/argo_j8.xacro
[34.468s] -- Installing: /home/rhobtor/PHD/test_j8_hayat/J8/install/j8_xacro_model/share/j8_xacro_model//urdf/fixposition_holder.xacro
[34.468s] -- Installing: /home/rhobtor/PHD/test_j8_hayat/J8/install/j8_xacro_model/share/j8_xacro_model//urdf/camera.xacro
[34.468s] -- Installing: /home/rhobtor/PHD/test_j8_hayat/J8/install/j8_xacro_model/share/j8_xacro_model//urdf/side_bar.xacro
[34.469s] -- Installing: /home/rhobtor/PHD/test_j8_hayat/J8/install/j8_xacro_model/share/j8_xacro_model//urdf/set_color.xacro
[34.470s] -- Installing: /home/rhobtor/PHD/test_j8_hayat/J8/install/j8_xacro_model/share/j8_xacro_model//meshes
[34.470s] -- Installing: /home/rhobtor/PHD/test_j8_hayat/J8/install/j8_xacro_model/share/j8_xacro_model//meshes/Left_bar.STL
[34.470s] -- Installing: /home/rhobtor/PHD/test_j8_hayat/J8/install/j8_xacro_model/share/j8_xacro_model//meshes/Wheel5.STL
[34.470s] -- Installing: /home/rhobtor/PHD/test_j8_hayat/J8/install/j8_xacro_model/share/j8_xacro_model//meshes/Central_fixposition_holder.STL
[34.471s] -- Installing: /home/rhobtor/PHD/test_j8_hayat/J8/install/j8_xacro_model/share/j8_xacro_model//meshes/Wheel_7.STL
[34.471s] -- Installing: /home/rhobtor/PHD/test_j8_hayat/J8/install/j8_xacro_model/share/j8_xacro_model//meshes/Front_camera.STL
[34.471s] -- Installing: /home/rhobtor/PHD/test_j8_hayat/J8/install/j8_xacro_model/share/j8_xacro_model//meshes/Fixposition_lower_case.STL
[34.471s] -- Installing: /home/rhobtor/PHD/test_j8_hayat/J8/install/j8_xacro_model/share/j8_xacro_model//meshes/Wheel_5.STL
[34.471s] -- Installing: /home/rhobtor/PHD/test_j8_hayat/J8/install/j8_xacro_model/share/j8_xacro_model//meshes/Central_fixposition_feet.STL
[34.472s] -- Installing: /home/rhobtor/PHD/test_j8_hayat/J8/install/j8_xacro_model/share/j8_xacro_model//meshes/Wheel2.STL
[34.472s] -- Installing: /home/rhobtor/PHD/test_j8_hayat/J8/install/j8_xacro_model/share/j8_xacro_model//meshes/Right_fixposition_holder.STL
[34.473s] -- Installing: /home/rhobtor/PHD/test_j8_hayat/J8/install/j8_xacro_model/share/j8_xacro_model//meshes/Right_bar.STL
[34.473s] -- Installing: /home/rhobtor/PHD/test_j8_hayat/J8/install/j8_xacro_model/share/j8_xacro_model//meshes/Bridge_panel_2.STL
[34.474s] -- Installing: /home/rhobtor/PHD/test_j8_hayat/J8/install/j8_xacro_model/share/j8_xacro_model//meshes/Bridge_panel_4.STL
[34.474s] -- Installing: /home/rhobtor/PHD/test_j8_hayat/J8/install/j8_xacro_model/share/j8_xacro_model//meshes/Left_fixposition_holder.STL
[34.474s] -- Installing: /home/rhobtor/PHD/test_j8_hayat/J8/install/j8_xacro_model/share/j8_xacro_model//meshes/Bridge.STL
[34.475s] -- Installing: /home/rhobtor/PHD/test_j8_hayat/J8/install/j8_xacro_model/share/j8_xacro_model//meshes/Wheel_3.STL
[34.475s] -- Installing: /home/rhobtor/PHD/test_j8_hayat/J8/install/j8_xacro_model/share/j8_xacro_model//meshes/Wheel1.STL
[34.476s] -- Installing: /home/rhobtor/PHD/test_j8_hayat/J8/install/j8_xacro_model/share/j8_xacro_model//meshes/J8_top.STL
[34.476s] -- Installing: /home/rhobtor/PHD/test_j8_hayat/J8/install/j8_xacro_model/share/j8_xacro_model//meshes/Wheel_1.STL
[34.477s] -- Installing: /home/rhobtor/PHD/test_j8_hayat/J8/install/j8_xacro_model/share/j8_xacro_model//meshes/Velodyne.STL
[34.477s] -- Installing: /home/rhobtor/PHD/test_j8_hayat/J8/install/j8_xacro_model/share/j8_xacro_model//meshes/Fix_position_metal_frame.STL
[34.478s] -- Installing: /home/rhobtor/PHD/test_j8_hayat/J8/install/j8_xacro_model/share/j8_xacro_model//meshes/Fix_position_left_antenna.STL
[34.478s] -- Installing: /home/rhobtor/PHD/test_j8_hayat/J8/install/j8_xacro_model/share/j8_xacro_model//meshes/Suspension_7.STL
[34.478s] -- Installing: /home/rhobtor/PHD/test_j8_hayat/J8/install/j8_xacro_model/share/j8_xacro_model//meshes/Suspension_3.STL
[34.479s] -- Installing: /home/rhobtor/PHD/test_j8_hayat/J8/install/j8_xacro_model/share/j8_xacro_model//meshes/Wheel4.STL
[34.479s] -- Installing: /home/rhobtor/PHD/test_j8_hayat/J8/install/j8_xacro_model/share/j8_xacro_model//meshes/Fixposition_right_antenna.STL
[34.480s] -- Installing: /home/rhobtor/PHD/test_j8_hayat/J8/install/j8_xacro_model/share/j8_xacro_model//meshes/Wheel8.STL
[34.480s] -- Installing: /home/rhobtor/PHD/test_j8_hayat/J8/install/j8_xacro_model/share/j8_xacro_model//meshes/Wheel_8.STL
[34.481s] -- Installing: /home/rhobtor/PHD/test_j8_hayat/J8/install/j8_xacro_model/share/j8_xacro_model//meshes/Bridge_panel_1.STL
[34.481s] -- Installing: /home/rhobtor/PHD/test_j8_hayat/J8/install/j8_xacro_model/share/j8_xacro_model//meshes/Back_camera.STL
[34.481s] -- Installing: /home/rhobtor/PHD/test_j8_hayat/J8/install/j8_xacro_model/share/j8_xacro_model//meshes/Suspension_4.STL
[34.482s] -- Installing: /home/rhobtor/PHD/test_j8_hayat/J8/install/j8_xacro_model/share/j8_xacro_model//meshes/Suspension_5.STL
[34.482s] -- Installing: /home/rhobtor/PHD/test_j8_hayat/J8/install/j8_xacro_model/share/j8_xacro_model//meshes/Wheel_6.STL
[34.482s] -- Installing: /home/rhobtor/PHD/test_j8_hayat/J8/install/j8_xacro_model/share/j8_xacro_model//meshes/Left_fixposition_feet.STL
[34.483s] -- Installing: /home/rhobtor/PHD/test_j8_hayat/J8/install/j8_xacro_model/share/j8_xacro_model//meshes/Bridge_panel_3.STL
[34.483s] -- Installing: /home/rhobtor/PHD/test_j8_hayat/J8/install/j8_xacro_model/share/j8_xacro_model//meshes/Right_gps.STL
[34.484s] -- Installing: /home/rhobtor/PHD/test_j8_hayat/J8/install/j8_xacro_model/share/j8_xacro_model//meshes/Wheel_2.STL
[34.485s] -- Installing: /home/rhobtor/PHD/test_j8_hayat/J8/install/j8_xacro_model/share/j8_xacro_model//meshes/Fixposition_camera.STL
[34.485s] -- Installing: /home/rhobtor/PHD/test_j8_hayat/J8/install/j8_xacro_model/share/j8_xacro_model//meshes/Left_gps.STL
[34.487s] -- Installing: /home/rhobtor/PHD/test_j8_hayat/J8/install/j8_xacro_model/share/j8_xacro_model//meshes/Fixposition_upper_case.STL
[34.487s] -- Installing: /home/rhobtor/PHD/test_j8_hayat/J8/install/j8_xacro_model/share/j8_xacro_model//meshes/Suspension_6.STL
[34.488s] -- Installing: /home/rhobtor/PHD/test_j8_hayat/J8/install/j8_xacro_model/share/j8_xacro_model//meshes/Suspension_2.STL
[34.488s] -- Installing: /home/rhobtor/PHD/test_j8_hayat/J8/install/j8_xacro_model/share/j8_xacro_model//meshes/Left_gps_holder.STL
[34.488s] -- Installing: /home/rhobtor/PHD/test_j8_hayat/J8/install/j8_xacro_model/share/j8_xacro_model//meshes/Wheel6.STL
[34.489s] -- Installing: /home/rhobtor/PHD/test_j8_hayat/J8/install/j8_xacro_model/share/j8_xacro_model//meshes/Wheel_4.STL
[34.489s] -- Installing: /home/rhobtor/PHD/test_j8_hayat/J8/install/j8_xacro_model/share/j8_xacro_model//meshes/Suspension_8.STL
[34.490s] -- Installing: /home/rhobtor/PHD/test_j8_hayat/J8/install/j8_xacro_model/share/j8_xacro_model//meshes/Wheel3.STL
[34.490s] -- Installing: /home/rhobtor/PHD/test_j8_hayat/J8/install/j8_xacro_model/share/j8_xacro_model//meshes/Right_fixposition_feet.STL
[34.490s] -- Installing: /home/rhobtor/PHD/test_j8_hayat/J8/install/j8_xacro_model/share/j8_xacro_model//meshes/Sick.STL
[34.492s] -- Installing: /home/rhobtor/PHD/test_j8_hayat/J8/install/j8_xacro_model/share/j8_xacro_model//meshes/Right_gps_holder.STL
[34.493s] -- Installing: /home/rhobtor/PHD/test_j8_hayat/J8/install/j8_xacro_model/share/j8_xacro_model//meshes/Fixposion_base.STL
[34.493s] -- Installing: /home/rhobtor/PHD/test_j8_hayat/J8/install/j8_xacro_model/share/j8_xacro_model//meshes/Wheel7.STL
[34.494s] -- Installing: /home/rhobtor/PHD/test_j8_hayat/J8/install/j8_xacro_model/share/j8_xacro_model//meshes/Suspension_1.STL
[34.494s] -- Installing: /home/rhobtor/PHD/test_j8_hayat/J8/install/j8_xacro_model/share/j8_xacro_model//meshes/base_link.STL
[34.495s] -- Installing: /home/rhobtor/PHD/test_j8_hayat/J8/install/j8_xacro_model/share/ament_index/resource_index/package_run_dependencies/j8_xacro_model
[34.495s] -- Installing: /home/rhobtor/PHD/test_j8_hayat/J8/install/j8_xacro_model/share/ament_index/resource_index/parent_prefix_path/j8_xacro_model
[34.496s] -- Installing: /home/rhobtor/PHD/test_j8_hayat/J8/install/j8_xacro_model/share/j8_xacro_model/environment/ament_prefix_path.sh
[34.496s] -- Installing: /home/rhobtor/PHD/test_j8_hayat/J8/install/j8_xacro_model/share/j8_xacro_model/environment/ament_prefix_path.dsv
[34.496s] -- Installing: /home/rhobtor/PHD/test_j8_hayat/J8/install/j8_xacro_model/share/j8_xacro_model/environment/path.sh
[34.497s] -- Installing: /home/rhobtor/PHD/test_j8_hayat/J8/install/j8_xacro_model/share/j8_xacro_model/environment/path.dsv
[34.497s] -- Installing: /home/rhobtor/PHD/test_j8_hayat/J8/install/j8_xacro_model/share/j8_xacro_model/local_setup.bash
[34.497s] -- Installing: /home/rhobtor/PHD/test_j8_hayat/J8/install/j8_xacro_model/share/j8_xacro_model/local_setup.sh
[34.498s] -- Installing: /home/rhobtor/PHD/test_j8_hayat/J8/install/j8_xacro_model/share/j8_xacro_model/local_setup.zsh
[34.498s] -- Installing: /home/rhobtor/PHD/test_j8_hayat/J8/install/j8_xacro_model/share/j8_xacro_model/local_setup.dsv
[34.498s] -- Installing: /home/rhobtor/PHD/test_j8_hayat/J8/install/j8_xacro_model/share/j8_xacro_model/package.dsv
[34.499s] -- Installing: /home/rhobtor/PHD/test_j8_hayat/J8/install/j8_xacro_model/share/ament_index/resource_index/packages/j8_xacro_model
[34.499s] -- Installing: /home/rhobtor/PHD/test_j8_hayat/J8/install/j8_xacro_model/share/j8_xacro_model/cmake/ament_cmake_export_libraries-extras.cmake
[34.499s] -- Installing: /home/rhobtor/PHD/test_j8_hayat/J8/install/j8_xacro_model/share/j8_xacro_model/cmake/j8_xacro_modelConfig.cmake
[34.500s] -- Installing: /home/rhobtor/PHD/test_j8_hayat/J8/install/j8_xacro_model/share/j8_xacro_model/cmake/j8_xacro_modelConfig-version.cmake
[34.500s] -- Installing: /home/rhobtor/PHD/test_j8_hayat/J8/install/j8_xacro_model/share/j8_xacro_model/package.xml
[34.505s] Invoked command in '/home/rhobtor/PHD/test_j8_hayat/J8/build/j8_xacro_model' returned '0': AMENT_PREFIX_PATH=/home/rhobtor/PHD/test_j8_hayat/J8/install/argj801_ctl_platform:/home/rhobtor/PHD/test_j8_hayat/J8/install/argj801_ctl_platform_interfaces:${AMENT_PREFIX_PATH} CMAKE_PREFIX_PATH=/home/rhobtor/PHD/test_j8_hayat/J8/install/argj801_ctl_platform:/home/rhobtor/PHD/test_j8_hayat/J8/install/argj801_ctl_platform_interfaces:/home/rhobtor/PHD/ARGOJ8_IA/ARGOSJ8_IA_/install/wiimote_msgs:/home/rhobtor/PHD/ARGOJ8_IA/ARGOSJ8_IA_/install/ublox:/home/rhobtor/PHD/ARGOJ8_IA/ARGOSJ8_IA_/install/ublox_gps:/home/rhobtor/PHD/ARGOJ8_IA/ARGOSJ8_IA_/install/security_check:/home/rhobtor/PHD/ARGOJ8_IA/ARGOSJ8_IA_/install/ctl_mission:/home/rhobtor/PHD/ARGOJ8_IA/ARGOSJ8_IA_/install/ublox_msgs:/home/rhobtor/PHD/ARGOJ8_IA/ARGOSJ8_IA_/install/ublox_serialization:/home/rhobtor/PHD/ARGOJ8_IA/ARGOSJ8_IA_/install/spacenav:/home/rhobtor/PHD/ARGOJ8_IA/ARGOSJ8_IA_/install/laser_segmentation:/home/rhobtor/PHD/ARGOJ8_IA/ARGOSJ8_IA_/install/slg_msgs:/home/rhobtor/PHD/ARGOJ8_IA/ARGOSJ8_IA_/install/security_check_interfaces:/home/rhobtor/PHD/ARGOJ8_IA/ARGOSJ8_IA_/install/joy:/home/rhobtor/PHD/ARGOJ8_IA/ARGOSJ8_IA_/install/sdl2_vendor:/home/rhobtor/PHD/ARGOJ8_IA/ARGOSJ8_IA_/install/path_manager:/home/rhobtor/PHD/ARGOJ8_IA/ARGOSJ8_IA_/install/path_manager_interfaces:/home/rhobtor/PHD/ARGOJ8_IA/ARGOSJ8_IA_/install/joy_linux:/home/rhobtor/PHD/ARGOJ8_IA/ARGOSJ8_IA_/install/j8_xacro_model:/home/rhobtor/PHD/ARGOJ8_IA/ARGOSJ8_IA_/install/hector_gazebo_plugins:/home/rhobtor/PHD/ARGOJ8_IA/ARGOSJ8_IA_/install/fixposition_sensor_pkg:/home/rhobtor/PHD/ARGOJ8_IA/ARGOSJ8_IA_/install/fixposition_odometry_converter_ros2:/home/rhobtor/PHD/ARGOJ8_IA/ARGOSJ8_IA_/install/fixposition_driver_ros2:/home/rhobtor/PHD/ARGOJ8_IA/ARGOSJ8_IA_/install/fixposition_driver_lib:/home/rhobtor/PHD/ARGOJ8_IA/ARGOSJ8_IA_/install/fixposition_gnss_tf:/home/rhobtor/PHD/ARGOJ8_IA/ARGOSJ8_IA_/install/ctl_mission_interfaces:/home/rhobtor/PHD/ARGOJ8_IA/ARGOSJ8_IA_/install/car_cpp:/home/rhobtor/PHD/ARGOJ8_IA/ARGOSJ8_IA_/install/car_interfaces:/home/rhobtor/PHD/ARGOJ8_IA/ARGOSJ8_IA_/install/argj801_setup:/home/rhobtor/PHD/ARGOJ8_IA/ARGOSJ8_IA_/install/argj801_sensors:/home/rhobtor/PHD/ARGOJ8_IA/ARGOSJ8_IA_/install/argj801_sensors_msgs:/home/rhobtor/PHD/ARGOJ8_IA/ARGOSJ8_IA_/install/argj801_ctl_platform:/home/rhobtor/PHD/ARGOJ8_IA/ARGOSJ8_IA_/install/argj801_ctl_platform_interfaces:/home/rhobtor/zed/install/zed_ros2:/home/rhobtor/zed/install/zed_wrapper:/home/rhobtor/zed/install/zed_components:/home/rhobtor/zed/install/zed_interfaces:/home/rhobtor/PHD/ARGOJ8_IA/ARGOSJ8_IA_/install/ntrip_client:/home/rhobtor/PHD/ARGOJ8_IA/ARGOSJ8_IA_/install/j8_gui:/home/rhobtor/PHD/ARGOJ8_IA/ARGOSJ8_IA_/install/car:/home/rhobtor/PHD/ARGOJ8_IA/ARGOSJ8_IA_/install/android_ros2_server:/home/rhobtor/PHD/ARGOJ8_IA/ARGOSJ8_IA_/install/GUI_pkg:/opt/ros/humble LD_LIBRARY_PATH=/home/rhobtor/PHD/test_j8_hayat/J8/install/argj801_ctl_platform_interfaces/lib:${LD_LIBRARY_PATH} PYTHONPATH=/home/rhobtor/PHD/test_j8_hayat/J8/install/argj801_ctl_platform_interfaces/local/lib/python3.10/dist-packages:${PYTHONPATH} /opt/st/stm32cubeclt_1.18.0/CMake/bin/cmake --install /home/rhobtor/PHD/test_j8_hayat/J8/build/j8_xacro_model
