[1.996s] Invoking command in '/home/rhobtor/PHD/test_j8_hayat/J8/src/test_gui_j8/src/j8_gui': PYTHONPATH=/home/rhobtor/PHD/test_j8_hayat/J8/build/j8_gui/prefix_override:/usr/lib/python3/dist-packages/colcon_core/task/python/colcon_distutils_commands:/home/rhobtor/PHD/test_j8_hayat/J8/install/j8_gui/lib/python3.10/site-packages:${PYTHONPATH} /usr/bin/python3 -W ignore:setup.py install is deprecated -W ignore:easy_install command is deprecated setup.py egg_info --egg-base ../../../../build/j8_gui build --build-base /home/rhobtor/PHD/test_j8_hayat/J8/build/j8_gui/build install --record /home/rhobtor/PHD/test_j8_hayat/J8/build/j8_gui/install.log --single-version-externally-managed install_data
[2.231s] /home/rhobtor/.local/lib/python3.10/site-packages/setuptools/_distutils/dist.py:289: UserWarning: Unknown distribution option: 'tests_require'
[2.231s]   warnings.warn(msg)
[2.426s] running egg_info
[2.484s] writing ../../../../build/j8_gui/j8_gui.egg-info/PKG-INFO
[2.485s] writing dependency_links to ../../../../build/j8_gui/j8_gui.egg-info/dependency_links.txt
[2.485s] writing entry points to ../../../../build/j8_gui/j8_gui.egg-info/entry_points.txt
[2.486s] writing requirements to ../../../../build/j8_gui/j8_gui.egg-info/requires.txt
[2.486s] writing top-level names to ../../../../build/j8_gui/j8_gui.egg-info/top_level.txt
[2.493s] reading manifest file '../../../../build/j8_gui/j8_gui.egg-info/SOURCES.txt'
[2.493s] writing manifest file '../../../../build/j8_gui/j8_gui.egg-info/SOURCES.txt'
[2.493s] running build
[2.493s] running build_py
[2.493s] copying j8_gui/__init__.py -> /home/rhobtor/PHD/test_j8_hayat/J8/build/j8_gui/build/lib/j8_gui
[2.494s] copying j8_gui/ros_api.py -> /home/rhobtor/PHD/test_j8_hayat/J8/build/j8_gui/build/lib/j8_gui
[2.494s] copying j8_gui/gui_node.py -> /home/rhobtor/PHD/test_j8_hayat/J8/build/j8_gui/build/lib/j8_gui
[2.494s] copying j8_gui/app/state_widget.py -> /home/rhobtor/PHD/test_j8_hayat/J8/build/j8_gui/build/lib/j8_gui/app
[2.494s] copying j8_gui/app/followzed_widget.py -> /home/rhobtor/PHD/test_j8_hayat/J8/build/j8_gui/build/lib/j8_gui/app
[2.494s] copying j8_gui/app/__init__.py -> /home/rhobtor/PHD/test_j8_hayat/J8/build/j8_gui/build/lib/j8_gui/app
[2.494s] copying j8_gui/app/map_bridge.py -> /home/rhobtor/PHD/test_j8_hayat/J8/build/j8_gui/build/lib/j8_gui/app
[2.494s] copying j8_gui/app/geo_local.py -> /home/rhobtor/PHD/test_j8_hayat/J8/build/j8_gui/build/lib/j8_gui/app
[2.494s] copying j8_gui/app/control_widget.py -> /home/rhobtor/PHD/test_j8_hayat/J8/build/j8_gui/build/lib/j8_gui/app
[2.494s] copying j8_gui/app/main_window.py -> /home/rhobtor/PHD/test_j8_hayat/J8/build/j8_gui/build/lib/j8_gui/app
[2.494s] running install
[2.494s] running install_lib
[2.523s] running install_data
[2.523s] copying resource/j8_gui -> /home/rhobtor/PHD/test_j8_hayat/J8/install/j8_gui/share/ament_index/resource_index/packages
[2.523s] copying package.xml -> /home/rhobtor/PHD/test_j8_hayat/J8/install/j8_gui/share/j8_gui
[2.523s] copying j8_gui/resources/map.html -> /home/rhobtor/PHD/test_j8_hayat/J8/install/j8_gui/share/j8_gui/resources
[2.524s] copying resource/j8_gui -> /home/rhobtor/PHD/test_j8_hayat/J8/install/j8_gui/share/ament_index/resource_index/packages
[2.524s] copying package.xml -> /home/rhobtor/PHD/test_j8_hayat/J8/install/j8_gui/share/j8_gui
[2.524s] copying j8_gui/resources/map.html -> /home/rhobtor/PHD/test_j8_hayat/J8/install/j8_gui/share/j8_gui/resources
[2.524s] copying j8_gui/resources/vendor/leaflet/leaflet.js -> /home/rhobtor/PHD/test_j8_hayat/J8/install/j8_gui/share/j8_gui/resources/vendor/leaflet
[2.524s] copying j8_gui/resources/vendor/leaflet/leaflet.css -> /home/rhobtor/PHD/test_j8_hayat/J8/install/j8_gui/share/j8_gui/resources/vendor/leaflet
[2.524s] copying j8_gui/resources/vendor/leaflet/images/marker-icon.png -> /home/rhobtor/PHD/test_j8_hayat/J8/install/j8_gui/share/j8_gui/resources/vendor/leaflet/images
[2.524s] copying j8_gui/resources/vendor/leaflet/images/marker-icon-2x.png -> /home/rhobtor/PHD/test_j8_hayat/J8/install/j8_gui/share/j8_gui/resources/vendor/leaflet/images
[2.524s] copying j8_gui/resources/vendor/leaflet/images/marker-shadow.png -> /home/rhobtor/PHD/test_j8_hayat/J8/install/j8_gui/share/j8_gui/resources/vendor/leaflet/images
[2.524s] running install_egg_info
[2.540s] removing '/home/rhobtor/PHD/test_j8_hayat/J8/install/j8_gui/lib/python3.10/site-packages/j8_gui-0.1.0-py3.10.egg-info' (and everything under it)
[2.541s] Copying ../../../../build/j8_gui/j8_gui.egg-info to /home/rhobtor/PHD/test_j8_hayat/J8/install/j8_gui/lib/python3.10/site-packages/j8_gui-0.1.0-py3.10.egg-info
[2.541s] running install_scripts
[2.582s] Installing gui script to /home/rhobtor/PHD/test_j8_hayat/J8/install/j8_gui/lib/j8_gui
[2.583s] writing list of installed files to '/home/rhobtor/PHD/test_j8_hayat/J8/build/j8_gui/install.log'
[2.614s] Invoked command in '/home/rhobtor/PHD/test_j8_hayat/J8/src/test_gui_j8/src/j8_gui' returned '0': PYTHONPATH=/home/rhobtor/PHD/test_j8_hayat/J8/build/j8_gui/prefix_override:/usr/lib/python3/dist-packages/colcon_core/task/python/colcon_distutils_commands:/home/rhobtor/PHD/test_j8_hayat/J8/install/j8_gui/lib/python3.10/site-packages:${PYTHONPATH} /usr/bin/python3 -W ignore:setup.py install is deprecated -W ignore:easy_install command is deprecated setup.py egg_info --egg-base ../../../../build/j8_gui build --build-base /home/rhobtor/PHD/test_j8_hayat/J8/build/j8_gui/build install --record /home/rhobtor/PHD/test_j8_hayat/J8/build/j8_gui/install.log --single-version-externally-managed install_data
