running egg_info
writing ../../build/GUI_pkg/GUI_pkg.egg-info/PKG-INFO
writing dependency_links to ../../build/GUI_pkg/GUI_pkg.egg-info/dependency_links.txt
writing entry points to ../../build/GUI_pkg/GUI_pkg.egg-info/entry_points.txt
writing requirements to ../../build/GUI_pkg/GUI_pkg.egg-info/requires.txt
writing top-level names to ../../build/GUI_pkg/GUI_pkg.egg-info/top_level.txt
reading manifest file '../../build/GUI_pkg/GUI_pkg.egg-info/SOURCES.txt'
writing manifest file '../../build/GUI_pkg/GUI_pkg.egg-info/SOURCES.txt'
running build
running build_py
copying GUI_pkg/tabs.py -> /home/rhobtor/PHD/test_j8_hayat/J8/build/GUI_pkg/build/lib/GUI_pkg
copying GUI_pkg/profiler.py -> /home/rhobtor/PHD/test_j8_hayat/J8/build/GUI_pkg/build/lib/GUI_pkg
copying GUI_pkg/profile_analisys.py -> /home/rhobtor/PHD/test_j8_hayat/J8/build/GUI_pkg/build/lib/GUI_pkg
copying GUI_pkg/ui_form.py -> /home/rhobtor/PHD/test_j8_hayat/J8/build/GUI_pkg/build/lib/GUI_pkg
copying GUI_pkg/path_utils.py -> /home/rhobtor/PHD/test_j8_hayat/J8/build/GUI_pkg/build/lib/GUI_pkg
copying GUI_pkg/__init__.py -> /home/rhobtor/PHD/test_j8_hayat/J8/build/GUI_pkg/build/lib/GUI_pkg
copying GUI_pkg/ros_classes.py -> /home/rhobtor/PHD/test_j8_hayat/J8/build/GUI_pkg/build/lib/GUI_pkg
copying GUI_pkg/mainwindow.py -> /home/rhobtor/PHD/test_j8_hayat/J8/build/GUI_pkg/build/lib/GUI_pkg
copying GUI_pkg/ui_tabs.py -> /home/rhobtor/PHD/test_j8_hayat/J8/build/GUI_pkg/build/lib/GUI_pkg
copying GUI_pkg/geonav_conversions.py -> /home/rhobtor/PHD/test_j8_hayat/J8/build/GUI_pkg/build/lib/GUI_pkg
copying GUI_pkg/zoom_image_handler.py -> /home/rhobtor/PHD/test_j8_hayat/J8/build/GUI_pkg/build/lib/GUI_pkg
copying GUI_pkg/gui_node.py -> /home/rhobtor/PHD/test_j8_hayat/J8/build/GUI_pkg/build/lib/GUI_pkg
copying GUI_pkg/cythonized_code/setup.py -> /home/rhobtor/PHD/test_j8_hayat/J8/build/GUI_pkg/build/lib/GUI_pkg/cythonized_code
copying GUI_pkg/cythonized_code/__init__.py -> /home/rhobtor/PHD/test_j8_hayat/J8/build/GUI_pkg/build/lib/GUI_pkg/cythonized_code
running install
running install_lib
byte-compiling /home/rhobtor/PHD/test_j8_hayat/J8/install/GUI_pkg/lib/python3.10/site-packages/GUI_pkg/tabs.py to tabs.cpython-310.pyc
running install_egg_info
removing '/home/rhobtor/PHD/test_j8_hayat/J8/install/GUI_pkg/lib/python3.10/site-packages/GUI_pkg-0.0.0-py3.10.egg-info' (and everything under it)
Copying ../../build/GUI_pkg/GUI_pkg.egg-info to /home/rhobtor/PHD/test_j8_hayat/J8/install/GUI_pkg/lib/python3.10/site-packages/GUI_pkg-0.0.0-py3.10.egg-info
running install_scripts
Installing gui_node script to /home/rhobtor/PHD/test_j8_hayat/J8/install/GUI_pkg/lib/GUI_pkg
writing list of installed files to '/home/rhobtor/PHD/test_j8_hayat/J8/build/GUI_pkg/install.log'
