[4.317s] Invoking command in '/home/rhobtor/PHD/test_j8_hayat/J8/src/test_gui_j8/src/j8_gui': PYTHONPATH=/home/rhobtor/PHD/test_j8_hayat/J8/build/j8_gui/prefix_override:/usr/lib/python3/dist-packages/colcon_core/task/python/colcon_distutils_commands:/home/rhobtor/PHD/test_j8_hayat/J8/install/j8_gui/lib/python3.10/site-packages:${PYTHONPATH} /usr/bin/python3 -W ignore:setup.py install is deprecated -W ignore:easy_install command is deprecated setup.py egg_info --egg-base ../../../../build/j8_gui build --build-base /home/rhobtor/PHD/test_j8_hayat/J8/build/j8_gui/build install --record /home/rhobtor/PHD/test_j8_hayat/J8/build/j8_gui/install.log --single-version-externally-managed install_data
[7.851s] running egg_info
[7.856s] creating ../../../../build/j8_gui/j8_gui.egg-info
[7.857s] writing ../../../../build/j8_gui/j8_gui.egg-info/PKG-INFO
[7.858s] writing dependency_links to ../../../../build/j8_gui/j8_gui.egg-info/dependency_links.txt
[7.858s] writing entry points to ../../../../build/j8_gui/j8_gui.egg-info/entry_points.txt
[7.858s] writing requirements to ../../../../build/j8_gui/j8_gui.egg-info/requires.txt
[7.858s] writing top-level names to ../../../../build/j8_gui/j8_gui.egg-info/top_level.txt
[7.859s] writing manifest file '../../../../build/j8_gui/j8_gui.egg-info/SOURCES.txt'
[7.859s] reading manifest file '../../../../build/j8_gui/j8_gui.egg-info/SOURCES.txt'
[7.859s] writing manifest file '../../../../build/j8_gui/j8_gui.egg-info/SOURCES.txt'
[7.859s] running build
[7.859s] running build_py
[7.859s] creating /home/rhobtor/PHD/test_j8_hayat/J8/build/j8_gui/build/lib/j8_gui
[7.859s] copying j8_gui/__init__.py -> /home/rhobtor/PHD/test_j8_hayat/J8/build/j8_gui/build/lib/j8_gui
[7.859s] copying j8_gui/ros_api.py -> /home/rhobtor/PHD/test_j8_hayat/J8/build/j8_gui/build/lib/j8_gui
[7.860s] copying j8_gui/gui_node.py -> /home/rhobtor/PHD/test_j8_hayat/J8/build/j8_gui/build/lib/j8_gui
[7.860s] creating /home/rhobtor/PHD/test_j8_hayat/J8/build/j8_gui/build/lib/j8_gui/app
[7.862s] copying j8_gui/app/state_widget.py -> /home/rhobtor/PHD/test_j8_hayat/J8/build/j8_gui/build/lib/j8_gui/app
[7.863s] copying j8_gui/app/followzed_widget.py -> /home/rhobtor/PHD/test_j8_hayat/J8/build/j8_gui/build/lib/j8_gui/app
[7.864s] copying j8_gui/app/__init__.py -> /home/rhobtor/PHD/test_j8_hayat/J8/build/j8_gui/build/lib/j8_gui/app
[7.864s] copying j8_gui/app/map_bridge.py -> /home/rhobtor/PHD/test_j8_hayat/J8/build/j8_gui/build/lib/j8_gui/app
[7.864s] copying j8_gui/app/geo_local.py -> /home/rhobtor/PHD/test_j8_hayat/J8/build/j8_gui/build/lib/j8_gui/app
[7.865s] copying j8_gui/app/control_widget.py -> /home/rhobtor/PHD/test_j8_hayat/J8/build/j8_gui/build/lib/j8_gui/app
[7.865s] copying j8_gui/app/main_window.py -> /home/rhobtor/PHD/test_j8_hayat/J8/build/j8_gui/build/lib/j8_gui/app
[7.865s] running install
[7.866s] running install_lib
[7.866s] creating /home/rhobtor/PHD/test_j8_hayat/J8/install/j8_gui/lib/python3.10/site-packages/j8_gui
[7.867s] copying /home/rhobtor/PHD/test_j8_hayat/J8/build/j8_gui/build/lib/j8_gui/__init__.py -> /home/rhobtor/PHD/test_j8_hayat/J8/install/j8_gui/lib/python3.10/site-packages/j8_gui
[7.867s] copying /home/rhobtor/PHD/test_j8_hayat/J8/build/j8_gui/build/lib/j8_gui/ros_api.py -> /home/rhobtor/PHD/test_j8_hayat/J8/install/j8_gui/lib/python3.10/site-packages/j8_gui
[7.867s] creating /home/rhobtor/PHD/test_j8_hayat/J8/install/j8_gui/lib/python3.10/site-packages/j8_gui/app
[7.867s] copying /home/rhobtor/PHD/test_j8_hayat/J8/build/j8_gui/build/lib/j8_gui/app/state_widget.py -> /home/rhobtor/PHD/test_j8_hayat/J8/install/j8_gui/lib/python3.10/site-packages/j8_gui/app
[7.867s] copying /home/rhobtor/PHD/test_j8_hayat/J8/build/j8_gui/build/lib/j8_gui/app/followzed_widget.py -> /home/rhobtor/PHD/test_j8_hayat/J8/install/j8_gui/lib/python3.10/site-packages/j8_gui/app
[7.867s] copying /home/rhobtor/PHD/test_j8_hayat/J8/build/j8_gui/build/lib/j8_gui/app/__init__.py -> /home/rhobtor/PHD/test_j8_hayat/J8/install/j8_gui/lib/python3.10/site-packages/j8_gui/app
[7.868s] copying /home/rhobtor/PHD/test_j8_hayat/J8/build/j8_gui/build/lib/j8_gui/app/map_bridge.py -> /home/rhobtor/PHD/test_j8_hayat/J8/install/j8_gui/lib/python3.10/site-packages/j8_gui/app
[7.868s] copying /home/rhobtor/PHD/test_j8_hayat/J8/build/j8_gui/build/lib/j8_gui/app/geo_local.py -> /home/rhobtor/PHD/test_j8_hayat/J8/install/j8_gui/lib/python3.10/site-packages/j8_gui/app
[7.868s] copying /home/rhobtor/PHD/test_j8_hayat/J8/build/j8_gui/build/lib/j8_gui/app/control_widget.py -> /home/rhobtor/PHD/test_j8_hayat/J8/install/j8_gui/lib/python3.10/site-packages/j8_gui/app
[7.868s] copying /home/rhobtor/PHD/test_j8_hayat/J8/build/j8_gui/build/lib/j8_gui/app/main_window.py -> /home/rhobtor/PHD/test_j8_hayat/J8/install/j8_gui/lib/python3.10/site-packages/j8_gui/app
[7.868s] copying /home/rhobtor/PHD/test_j8_hayat/J8/build/j8_gui/build/lib/j8_gui/gui_node.py -> /home/rhobtor/PHD/test_j8_hayat/J8/install/j8_gui/lib/python3.10/site-packages/j8_gui
[7.868s] byte-compiling /home/rhobtor/PHD/test_j8_hayat/J8/install/j8_gui/lib/python3.10/site-packages/j8_gui/__init__.py to __init__.cpython-310.pyc
[7.869s] byte-compiling /home/rhobtor/PHD/test_j8_hayat/J8/install/j8_gui/lib/python3.10/site-packages/j8_gui/ros_api.py to ros_api.cpython-310.pyc
[7.869s] byte-compiling /home/rhobtor/PHD/test_j8_hayat/J8/install/j8_gui/lib/python3.10/site-packages/j8_gui/app/state_widget.py to state_widget.cpython-310.pyc
[7.869s] byte-compiling /home/rhobtor/PHD/test_j8_hayat/J8/install/j8_gui/lib/python3.10/site-packages/j8_gui/app/followzed_widget.py to followzed_widget.cpython-310.pyc
[7.869s] byte-compiling /home/rhobtor/PHD/test_j8_hayat/J8/install/j8_gui/lib/python3.10/site-packages/j8_gui/app/__init__.py to __init__.cpython-310.pyc
[7.869s] byte-compiling /home/rhobtor/PHD/test_j8_hayat/J8/install/j8_gui/lib/python3.10/site-packages/j8_gui/app/map_bridge.py to map_bridge.cpython-310.pyc
[7.870s] byte-compiling /home/rhobtor/PHD/test_j8_hayat/J8/install/j8_gui/lib/python3.10/site-packages/j8_gui/app/geo_local.py to geo_local.cpython-310.pyc
[7.870s] byte-compiling /home/rhobtor/PHD/test_j8_hayat/J8/install/j8_gui/lib/python3.10/site-packages/j8_gui/app/control_widget.py to control_widget.cpython-310.pyc
[7.870s] byte-compiling /home/rhobtor/PHD/test_j8_hayat/J8/install/j8_gui/lib/python3.10/site-packages/j8_gui/app/main_window.py to main_window.cpython-310.pyc
[7.870s] byte-compiling /home/rhobtor/PHD/test_j8_hayat/J8/install/j8_gui/lib/python3.10/site-packages/j8_gui/gui_node.py to gui_node.cpython-310.pyc
[7.871s] running install_data
[7.871s] creating /home/rhobtor/PHD/test_j8_hayat/J8/install/j8_gui/share/ament_index/resource_index/packages
[7.871s] copying resource/j8_gui -> /home/rhobtor/PHD/test_j8_hayat/J8/install/j8_gui/share/ament_index/resource_index/packages
[7.871s] copying package.xml -> /home/rhobtor/PHD/test_j8_hayat/J8/install/j8_gui/share/j8_gui
[7.872s] creating /home/rhobtor/PHD/test_j8_hayat/J8/install/j8_gui/share/j8_gui/resources
[7.872s] copying j8_gui/resources/map.html -> /home/rhobtor/PHD/test_j8_hayat/J8/install/j8_gui/share/j8_gui/resources
[7.872s] copying resource/j8_gui -> /home/rhobtor/PHD/test_j8_hayat/J8/install/j8_gui/share/ament_index/resource_index/packages
[7.872s] copying package.xml -> /home/rhobtor/PHD/test_j8_hayat/J8/install/j8_gui/share/j8_gui
[7.873s] copying j8_gui/resources/map.html -> /home/rhobtor/PHD/test_j8_hayat/J8/install/j8_gui/share/j8_gui/resources
[7.873s] creating /home/rhobtor/PHD/test_j8_hayat/J8/install/j8_gui/share/j8_gui/resources/vendor/leaflet
[7.873s] copying j8_gui/resources/vendor/leaflet/leaflet.js -> /home/rhobtor/PHD/test_j8_hayat/J8/install/j8_gui/share/j8_gui/resources/vendor/leaflet
[7.873s] copying j8_gui/resources/vendor/leaflet/leaflet.css -> /home/rhobtor/PHD/test_j8_hayat/J8/install/j8_gui/share/j8_gui/resources/vendor/leaflet
[7.873s] creating /home/rhobtor/PHD/test_j8_hayat/J8/install/j8_gui/share/j8_gui/resources/vendor/leaflet/images
[7.874s] copying j8_gui/resources/vendor/leaflet/images/marker-icon.png -> /home/rhobtor/PHD/test_j8_hayat/J8/install/j8_gui/share/j8_gui/resources/vendor/leaflet/images
[7.874s] copying j8_gui/resources/vendor/leaflet/images/marker-icon-2x.png -> /home/rhobtor/PHD/test_j8_hayat/J8/install/j8_gui/share/j8_gui/resources/vendor/leaflet/images
[7.874s] copying j8_gui/resources/vendor/leaflet/images/marker-shadow.png -> /home/rhobtor/PHD/test_j8_hayat/J8/install/j8_gui/share/j8_gui/resources/vendor/leaflet/images
[7.874s] running install_egg_info
[7.874s] Copying ../../../../build/j8_gui/j8_gui.egg-info to /home/rhobtor/PHD/test_j8_hayat/J8/install/j8_gui/lib/python3.10/site-packages/j8_gui-0.1.0-py3.10.egg-info
[7.875s] running install_scripts
[7.875s] Installing gui script to /home/rhobtor/PHD/test_j8_hayat/J8/install/j8_gui/lib/j8_gui
[7.880s] writing list of installed files to '/home/rhobtor/PHD/test_j8_hayat/J8/build/j8_gui/install.log'
[7.880s] /home/rhobtor/.local/lib/python3.10/site-packages/setuptools/_distutils/dist.py:289: UserWarning: Unknown distribution option: 'tests_require'
[7.881s]   warnings.warn(msg)
[7.936s] Invoked command in '/home/rhobtor/PHD/test_j8_hayat/J8/src/test_gui_j8/src/j8_gui' returned '0': PYTHONPATH=/home/rhobtor/PHD/test_j8_hayat/J8/build/j8_gui/prefix_override:/usr/lib/python3/dist-packages/colcon_core/task/python/colcon_distutils_commands:/home/rhobtor/PHD/test_j8_hayat/J8/install/j8_gui/lib/python3.10/site-packages:${PYTHONPATH} /usr/bin/python3 -W ignore:setup.py install is deprecated -W ignore:easy_install command is deprecated setup.py egg_info --egg-base ../../../../build/j8_gui build --build-base /home/rhobtor/PHD/test_j8_hayat/J8/build/j8_gui/build install --record /home/rhobtor/PHD/test_j8_hayat/J8/build/j8_gui/install.log --single-version-externally-managed install_data
