[  2%] Built target argj801_sensors_msgs__cpp
[ 12%] Built target argj801_sensors_msgs__rosidl_generator_c
[ 15%] Built target argj801_sensors_msgs__rs
[ 15%] Built target ament_cmake_python_copy_argj801_sensors_msgs
[ 25%] Built target argj801_sensors_msgs__rosidl_typesupport_cpp
[ 35%] Built target argj801_sensors_msgs__rosidl_typesupport_fastrtps_c
[ 45%] Built target argj801_sensors_msgs__rosidl_typesupport_introspection_cpp
[ 55%] Built target argj801_sensors_msgs__rosidl_typesupport_fastrtps_cpp
[ 65%] Built target argj801_sensors_msgs__rosidl_typesupport_introspection_c
[ 75%] Built target argj801_sensors_msgs__rosidl_typesupport_c
[ 75%] Built target argj801_sensors_msgs
[ 77%] Built target argj801_sensors_msgs__py
[ 85%] Built target argj801_sensors_msgs__rosidl_generator_py
[ 90%] Built target argj801_sensors_msgs__rosidl_typesupport_fastrtps_c__pyext
[ 95%] Built target argj801_sensors_msgs__rosidl_typesupport_introspection_c__pyext
[100%] Built target argj801_sensors_msgs__rosidl_typesupport_c__pyext
running egg_info
writing argj801_sensors_msgs.egg-info/PKG-INFO
writing dependency_links to argj801_sensors_msgs.egg-info/dependency_links.txt
writing top-level names to argj801_sensors_msgs.egg-info/top_level.txt
reading manifest file 'argj801_sensors_msgs.egg-info/SOURCES.txt'
writing manifest file 'argj801_sensors_msgs.egg-info/SOURCES.txt'
[100%] Built target ament_cmake_python_build_argj801_sensors_msgs_egg
-- Install configuration: ""
-- Up-to-date: /home/rhobtor/PHD/test_j8_hayat/J8/install/argj801_sensors_msgs/share/ament_index/resource_index/rosidl_interfaces/argj801_sensors_msgs
-- Up-to-date: /home/rhobtor/PHD/test_j8_hayat/J8/install/argj801_sensors_msgs/include/argj801_sensors_msgs/argj801_sensors_msgs
-- Up-to-date: /home/rhobtor/PHD/test_j8_hayat/J8/install/argj801_sensors_msgs/include/argj801_sensors_msgs/argj801_sensors_msgs/msg
-- Up-to-date: /home/rhobtor/PHD/test_j8_hayat/J8/install/argj801_sensors_msgs/include/argj801_sensors_msgs/argj801_sensors_msgs/msg/motor_telemetry.h
-- Up-to-date: /home/rhobtor/PHD/test_j8_hayat/J8/install/argj801_sensors_msgs/include/argj801_sensors_msgs/argj801_sensors_msgs/msg/rosidl_generator_c__visibility_control.h
-- Up-to-date: /home/rhobtor/PHD/test_j8_hayat/J8/install/argj801_sensors_msgs/include/argj801_sensors_msgs/argj801_sensors_msgs/msg/detail
-- Up-to-date: /home/rhobtor/PHD/test_j8_hayat/J8/install/argj801_sensors_msgs/include/argj801_sensors_msgs/argj801_sensors_msgs/msg/detail/odometer__functions.c
-- Up-to-date: /home/rhobtor/PHD/test_j8_hayat/J8/install/argj801_sensors_msgs/include/argj801_sensors_msgs/argj801_sensors_msgs/msg/detail/motor_telemetry__struct.h
-- Up-to-date: /home/rhobtor/PHD/test_j8_hayat/J8/install/argj801_sensors_msgs/include/argj801_sensors_msgs/argj801_sensors_msgs/msg/detail/motor_telemetry__functions.c
-- Up-to-date: /home/rhobtor/PHD/test_j8_hayat/J8/install/argj801_sensors_msgs/include/argj801_sensors_msgs/argj801_sensors_msgs/msg/detail/motor_telemetry__type_support.h
-- Up-to-date: /home/rhobtor/PHD/test_j8_hayat/J8/install/argj801_sensors_msgs/include/argj801_sensors_msgs/argj801_sensors_msgs/msg/detail/odometer__type_support.h
-- Up-to-date: /home/rhobtor/PHD/test_j8_hayat/J8/install/argj801_sensors_msgs/include/argj801_sensors_msgs/argj801_sensors_msgs/msg/detail/odometer__functions.h
-- Up-to-date: /home/rhobtor/PHD/test_j8_hayat/J8/install/argj801_sensors_msgs/include/argj801_sensors_msgs/argj801_sensors_msgs/msg/detail/motor_telemetry__functions.h
-- Up-to-date: /home/rhobtor/PHD/test_j8_hayat/J8/install/argj801_sensors_msgs/include/argj801_sensors_msgs/argj801_sensors_msgs/msg/detail/odometer__struct.h
-- Up-to-date: /home/rhobtor/PHD/test_j8_hayat/J8/install/argj801_sensors_msgs/include/argj801_sensors_msgs/argj801_sensors_msgs/msg/odometer.h
-- Up-to-date: /home/rhobtor/PHD/test_j8_hayat/J8/install/argj801_sensors_msgs/share/argj801_sensors_msgs/environment/library_path.sh
-- Up-to-date: /home/rhobtor/PHD/test_j8_hayat/J8/install/argj801_sensors_msgs/share/argj801_sensors_msgs/environment/library_path.dsv
-- Up-to-date: /home/rhobtor/PHD/test_j8_hayat/J8/install/argj801_sensors_msgs/lib/libargj801_sensors_msgs__rosidl_generator_c.so
-- Up-to-date: /home/rhobtor/PHD/test_j8_hayat/J8/install/argj801_sensors_msgs/include/argj801_sensors_msgs/argj801_sensors_msgs
-- Up-to-date: /home/rhobtor/PHD/test_j8_hayat/J8/install/argj801_sensors_msgs/include/argj801_sensors_msgs/argj801_sensors_msgs/msg
-- Up-to-date: /home/rhobtor/PHD/test_j8_hayat/J8/install/argj801_sensors_msgs/include/argj801_sensors_msgs/argj801_sensors_msgs/msg/detail
-- Up-to-date: /home/rhobtor/PHD/test_j8_hayat/J8/install/argj801_sensors_msgs/include/argj801_sensors_msgs/argj801_sensors_msgs/msg/detail/odometer__rosidl_typesupport_fastrtps_c.h
-- Up-to-date: /home/rhobtor/PHD/test_j8_hayat/J8/install/argj801_sensors_msgs/include/argj801_sensors_msgs/argj801_sensors_msgs/msg/detail/motor_telemetry__rosidl_typesupport_fastrtps_c.h
-- Up-to-date: /home/rhobtor/PHD/test_j8_hayat/J8/install/argj801_sensors_msgs/include/argj801_sensors_msgs/argj801_sensors_msgs/msg/rosidl_typesupport_fastrtps_c__visibility_control.h
-- Up-to-date: /home/rhobtor/PHD/test_j8_hayat/J8/install/argj801_sensors_msgs/lib/libargj801_sensors_msgs__rosidl_typesupport_fastrtps_c.so
-- Up-to-date: /home/rhobtor/PHD/test_j8_hayat/J8/install/argj801_sensors_msgs/include/argj801_sensors_msgs/argj801_sensors_msgs
-- Up-to-date: /home/rhobtor/PHD/test_j8_hayat/J8/install/argj801_sensors_msgs/include/argj801_sensors_msgs/argj801_sensors_msgs/msg
-- Up-to-date: /home/rhobtor/PHD/test_j8_hayat/J8/install/argj801_sensors_msgs/include/argj801_sensors_msgs/argj801_sensors_msgs/msg/rosidl_typesupport_introspection_c__visibility_control.h
-- Up-to-date: /home/rhobtor/PHD/test_j8_hayat/J8/install/argj801_sensors_msgs/include/argj801_sensors_msgs/argj801_sensors_msgs/msg/detail
-- Up-to-date: /home/rhobtor/PHD/test_j8_hayat/J8/install/argj801_sensors_msgs/include/argj801_sensors_msgs/argj801_sensors_msgs/msg/detail/motor_telemetry__type_support.c
-- Up-to-date: /home/rhobtor/PHD/test_j8_hayat/J8/install/argj801_sensors_msgs/include/argj801_sensors_msgs/argj801_sensors_msgs/msg/detail/motor_telemetry__rosidl_typesupport_introspection_c.h
-- Up-to-date: /home/rhobtor/PHD/test_j8_hayat/J8/install/argj801_sensors_msgs/include/argj801_sensors_msgs/argj801_sensors_msgs/msg/detail/odometer__rosidl_typesupport_introspection_c.h
-- Up-to-date: /home/rhobtor/PHD/test_j8_hayat/J8/install/argj801_sensors_msgs/include/argj801_sensors_msgs/argj801_sensors_msgs/msg/detail/odometer__type_support.c
-- Up-to-date: /home/rhobtor/PHD/test_j8_hayat/J8/install/argj801_sensors_msgs/lib/libargj801_sensors_msgs__rosidl_typesupport_introspection_c.so
-- Up-to-date: /home/rhobtor/PHD/test_j8_hayat/J8/install/argj801_sensors_msgs/lib/libargj801_sensors_msgs__rosidl_typesupport_c.so
-- Up-to-date: /home/rhobtor/PHD/test_j8_hayat/J8/install/argj801_sensors_msgs/include/argj801_sensors_msgs/argj801_sensors_msgs
-- Up-to-date: /home/rhobtor/PHD/test_j8_hayat/J8/install/argj801_sensors_msgs/include/argj801_sensors_msgs/argj801_sensors_msgs/msg
-- Up-to-date: /home/rhobtor/PHD/test_j8_hayat/J8/install/argj801_sensors_msgs/include/argj801_sensors_msgs/argj801_sensors_msgs/msg/rosidl_generator_cpp__visibility_control.hpp
-- Up-to-date: /home/rhobtor/PHD/test_j8_hayat/J8/install/argj801_sensors_msgs/include/argj801_sensors_msgs/argj801_sensors_msgs/msg/odometer.hpp
-- Up-to-date: /home/rhobtor/PHD/test_j8_hayat/J8/install/argj801_sensors_msgs/include/argj801_sensors_msgs/argj801_sensors_msgs/msg/detail
-- Up-to-date: /home/rhobtor/PHD/test_j8_hayat/J8/install/argj801_sensors_msgs/include/argj801_sensors_msgs/argj801_sensors_msgs/msg/detail/odometer__builder.hpp
-- Up-to-date: /home/rhobtor/PHD/test_j8_hayat/J8/install/argj801_sensors_msgs/include/argj801_sensors_msgs/argj801_sensors_msgs/msg/detail/odometer__struct.hpp
-- Up-to-date: /home/rhobtor/PHD/test_j8_hayat/J8/install/argj801_sensors_msgs/include/argj801_sensors_msgs/argj801_sensors_msgs/msg/detail/motor_telemetry__builder.hpp
-- Up-to-date: /home/rhobtor/PHD/test_j8_hayat/J8/install/argj801_sensors_msgs/include/argj801_sensors_msgs/argj801_sensors_msgs/msg/detail/odometer__type_support.hpp
-- Up-to-date: /home/rhobtor/PHD/test_j8_hayat/J8/install/argj801_sensors_msgs/include/argj801_sensors_msgs/argj801_sensors_msgs/msg/detail/motor_telemetry__struct.hpp
-- Up-to-date: /home/rhobtor/PHD/test_j8_hayat/J8/install/argj801_sensors_msgs/include/argj801_sensors_msgs/argj801_sensors_msgs/msg/detail/motor_telemetry__type_support.hpp
-- Up-to-date: /home/rhobtor/PHD/test_j8_hayat/J8/install/argj801_sensors_msgs/include/argj801_sensors_msgs/argj801_sensors_msgs/msg/detail/motor_telemetry__traits.hpp
-- Up-to-date: /home/rhobtor/PHD/test_j8_hayat/J8/install/argj801_sensors_msgs/include/argj801_sensors_msgs/argj801_sensors_msgs/msg/detail/odometer__traits.hpp
-- Up-to-date: /home/rhobtor/PHD/test_j8_hayat/J8/install/argj801_sensors_msgs/include/argj801_sensors_msgs/argj801_sensors_msgs/msg/motor_telemetry.hpp
-- Up-to-date: /home/rhobtor/PHD/test_j8_hayat/J8/install/argj801_sensors_msgs/include/argj801_sensors_msgs/argj801_sensors_msgs
-- Up-to-date: /home/rhobtor/PHD/test_j8_hayat/J8/install/argj801_sensors_msgs/include/argj801_sensors_msgs/argj801_sensors_msgs/msg
-- Up-to-date: /home/rhobtor/PHD/test_j8_hayat/J8/install/argj801_sensors_msgs/include/argj801_sensors_msgs/argj801_sensors_msgs/msg/rosidl_typesupport_fastrtps_cpp__visibility_control.h
-- Up-to-date: /home/rhobtor/PHD/test_j8_hayat/J8/install/argj801_sensors_msgs/include/argj801_sensors_msgs/argj801_sensors_msgs/msg/detail
-- Up-to-date: /home/rhobtor/PHD/test_j8_hayat/J8/install/argj801_sensors_msgs/include/argj801_sensors_msgs/argj801_sensors_msgs/msg/detail/motor_telemetry__rosidl_typesupport_fastrtps_cpp.hpp
-- Up-to-date: /home/rhobtor/PHD/test_j8_hayat/J8/install/argj801_sensors_msgs/include/argj801_sensors_msgs/argj801_sensors_msgs/msg/detail/dds_fastrtps
-- Up-to-date: /home/rhobtor/PHD/test_j8_hayat/J8/install/argj801_sensors_msgs/include/argj801_sensors_msgs/argj801_sensors_msgs/msg/detail/odometer__rosidl_typesupport_fastrtps_cpp.hpp
-- Up-to-date: /home/rhobtor/PHD/test_j8_hayat/J8/install/argj801_sensors_msgs/lib/libargj801_sensors_msgs__rosidl_typesupport_fastrtps_cpp.so
-- Up-to-date: /home/rhobtor/PHD/test_j8_hayat/J8/install/argj801_sensors_msgs/include/argj801_sensors_msgs/argj801_sensors_msgs
-- Up-to-date: /home/rhobtor/PHD/test_j8_hayat/J8/install/argj801_sensors_msgs/include/argj801_sensors_msgs/argj801_sensors_msgs/msg
-- Up-to-date: /home/rhobtor/PHD/test_j8_hayat/J8/install/argj801_sensors_msgs/include/argj801_sensors_msgs/argj801_sensors_msgs/msg/detail
-- Up-to-date: /home/rhobtor/PHD/test_j8_hayat/J8/install/argj801_sensors_msgs/include/argj801_sensors_msgs/argj801_sensors_msgs/msg/detail/odometer__type_support.cpp
-- Up-to-date: /home/rhobtor/PHD/test_j8_hayat/J8/install/argj801_sensors_msgs/include/argj801_sensors_msgs/argj801_sensors_msgs/msg/detail/odometer__rosidl_typesupport_introspection_cpp.hpp
-- Up-to-date: /home/rhobtor/PHD/test_j8_hayat/J8/install/argj801_sensors_msgs/include/argj801_sensors_msgs/argj801_sensors_msgs/msg/detail/motor_telemetry__rosidl_typesupport_introspection_cpp.hpp
-- Up-to-date: /home/rhobtor/PHD/test_j8_hayat/J8/install/argj801_sensors_msgs/include/argj801_sensors_msgs/argj801_sensors_msgs/msg/detail/motor_telemetry__type_support.cpp
-- Up-to-date: /home/rhobtor/PHD/test_j8_hayat/J8/install/argj801_sensors_msgs/lib/libargj801_sensors_msgs__rosidl_typesupport_introspection_cpp.so
-- Up-to-date: /home/rhobtor/PHD/test_j8_hayat/J8/install/argj801_sensors_msgs/lib/libargj801_sensors_msgs__rosidl_typesupport_cpp.so
-- Up-to-date: /home/rhobtor/PHD/test_j8_hayat/J8/install/argj801_sensors_msgs/share/argj801_sensors_msgs/environment/pythonpath.sh
-- Up-to-date: /home/rhobtor/PHD/test_j8_hayat/J8/install/argj801_sensors_msgs/share/argj801_sensors_msgs/environment/pythonpath.dsv
-- Up-to-date: /home/rhobtor/PHD/test_j8_hayat/J8/install/argj801_sensors_msgs/local/lib/python3.10/dist-packages/argj801_sensors_msgs-0.0.0-py3.10.egg-info
-- Installing: /home/rhobtor/PHD/test_j8_hayat/J8/install/argj801_sensors_msgs/local/lib/python3.10/dist-packages/argj801_sensors_msgs-0.0.0-py3.10.egg-info/top_level.txt
-- Installing: /home/rhobtor/PHD/test_j8_hayat/J8/install/argj801_sensors_msgs/local/lib/python3.10/dist-packages/argj801_sensors_msgs-0.0.0-py3.10.egg-info/SOURCES.txt
-- Installing: /home/rhobtor/PHD/test_j8_hayat/J8/install/argj801_sensors_msgs/local/lib/python3.10/dist-packages/argj801_sensors_msgs-0.0.0-py3.10.egg-info/PKG-INFO
-- Installing: /home/rhobtor/PHD/test_j8_hayat/J8/install/argj801_sensors_msgs/local/lib/python3.10/dist-packages/argj801_sensors_msgs-0.0.0-py3.10.egg-info/dependency_links.txt
-- Up-to-date: /home/rhobtor/PHD/test_j8_hayat/J8/install/argj801_sensors_msgs/local/lib/python3.10/dist-packages/argj801_sensors_msgs
-- Up-to-date: /home/rhobtor/PHD/test_j8_hayat/J8/install/argj801_sensors_msgs/local/lib/python3.10/dist-packages/argj801_sensors_msgs/_argj801_sensors_msgs_s.ep.rosidl_typesupport_introspection_c.c
-- Up-to-date: /home/rhobtor/PHD/test_j8_hayat/J8/install/argj801_sensors_msgs/local/lib/python3.10/dist-packages/argj801_sensors_msgs/argj801_sensors_msgs_s__rosidl_typesupport_c.cpython-310-x86_64-linux-gnu.so
-- Up-to-date: /home/rhobtor/PHD/test_j8_hayat/J8/install/argj801_sensors_msgs/local/lib/python3.10/dist-packages/argj801_sensors_msgs/argj801_sensors_msgs_s__rosidl_typesupport_fastrtps_c.cpython-310-x86_64-linux-gnu.so
-- Up-to-date: /home/rhobtor/PHD/test_j8_hayat/J8/install/argj801_sensors_msgs/local/lib/python3.10/dist-packages/argj801_sensors_msgs/libargj801_sensors_msgs__rosidl_generator_py.so
-- Up-to-date: /home/rhobtor/PHD/test_j8_hayat/J8/install/argj801_sensors_msgs/local/lib/python3.10/dist-packages/argj801_sensors_msgs/__init__.py
-- Up-to-date: /home/rhobtor/PHD/test_j8_hayat/J8/install/argj801_sensors_msgs/local/lib/python3.10/dist-packages/argj801_sensors_msgs/argj801_sensors_msgs_s__rosidl_typesupport_introspection_c.cpython-310-x86_64-linux-gnu.so
-- Up-to-date: /home/rhobtor/PHD/test_j8_hayat/J8/install/argj801_sensors_msgs/local/lib/python3.10/dist-packages/argj801_sensors_msgs/_argj801_sensors_msgs_s.ep.rosidl_typesupport_c.c
-- Up-to-date: /home/rhobtor/PHD/test_j8_hayat/J8/install/argj801_sensors_msgs/local/lib/python3.10/dist-packages/argj801_sensors_msgs/_argj801_sensors_msgs_s.ep.rosidl_typesupport_fastrtps_c.c
-- Up-to-date: /home/rhobtor/PHD/test_j8_hayat/J8/install/argj801_sensors_msgs/local/lib/python3.10/dist-packages/argj801_sensors_msgs/msg
-- Up-to-date: /home/rhobtor/PHD/test_j8_hayat/J8/install/argj801_sensors_msgs/local/lib/python3.10/dist-packages/argj801_sensors_msgs/msg/_motor_telemetry_s.c
-- Up-to-date: /home/rhobtor/PHD/test_j8_hayat/J8/install/argj801_sensors_msgs/local/lib/python3.10/dist-packages/argj801_sensors_msgs/msg/_motor_telemetry.py
-- Up-to-date: /home/rhobtor/PHD/test_j8_hayat/J8/install/argj801_sensors_msgs/local/lib/python3.10/dist-packages/argj801_sensors_msgs/msg/__init__.py
-- Up-to-date: /home/rhobtor/PHD/test_j8_hayat/J8/install/argj801_sensors_msgs/local/lib/python3.10/dist-packages/argj801_sensors_msgs/msg/_odometer_s.c
-- Up-to-date: /home/rhobtor/PHD/test_j8_hayat/J8/install/argj801_sensors_msgs/local/lib/python3.10/dist-packages/argj801_sensors_msgs/msg/_odometer.py
Listing '/home/rhobtor/PHD/test_j8_hayat/J8/install/argj801_sensors_msgs/local/lib/python3.10/dist-packages/argj801_sensors_msgs'...
Listing '/home/rhobtor/PHD/test_j8_hayat/J8/install/argj801_sensors_msgs/local/lib/python3.10/dist-packages/argj801_sensors_msgs/msg'...
-- Up-to-date: /home/rhobtor/PHD/test_j8_hayat/J8/install/argj801_sensors_msgs/local/lib/python3.10/dist-packages/argj801_sensors_msgs/argj801_sensors_msgs_s__rosidl_typesupport_fastrtps_c.cpython-310-x86_64-linux-gnu.so
-- Up-to-date: /home/rhobtor/PHD/test_j8_hayat/J8/install/argj801_sensors_msgs/local/lib/python3.10/dist-packages/argj801_sensors_msgs/argj801_sensors_msgs_s__rosidl_typesupport_introspection_c.cpython-310-x86_64-linux-gnu.so
-- Up-to-date: /home/rhobtor/PHD/test_j8_hayat/J8/install/argj801_sensors_msgs/local/lib/python3.10/dist-packages/argj801_sensors_msgs/argj801_sensors_msgs_s__rosidl_typesupport_c.cpython-310-x86_64-linux-gnu.so
-- Up-to-date: /home/rhobtor/PHD/test_j8_hayat/J8/install/argj801_sensors_msgs/lib/libargj801_sensors_msgs__rosidl_generator_py.so
-- Up-to-date: /home/rhobtor/PHD/test_j8_hayat/J8/install/argj801_sensors_msgs/share/ament_index/resource_index/rust_packages/argj801_sensors_msgs
-- Up-to-date: /home/rhobtor/PHD/test_j8_hayat/J8/install/argj801_sensors_msgs/share/argj801_sensors_msgs/rust
-- Up-to-date: /home/rhobtor/PHD/test_j8_hayat/J8/install/argj801_sensors_msgs/share/argj801_sensors_msgs/rust/src
-- Up-to-date: /home/rhobtor/PHD/test_j8_hayat/J8/install/argj801_sensors_msgs/share/argj801_sensors_msgs/rust/src/lib.rs
-- Up-to-date: /home/rhobtor/PHD/test_j8_hayat/J8/install/argj801_sensors_msgs/share/argj801_sensors_msgs/rust/src/msg.rs
-- Up-to-date: /home/rhobtor/PHD/test_j8_hayat/J8/install/argj801_sensors_msgs/share/argj801_sensors_msgs/rust/src/msg
-- Up-to-date: /home/rhobtor/PHD/test_j8_hayat/J8/install/argj801_sensors_msgs/share/argj801_sensors_msgs/rust/src/msg/rmw.rs
-- Up-to-date: /home/rhobtor/PHD/test_j8_hayat/J8/install/argj801_sensors_msgs/share/argj801_sensors_msgs/rust/Cargo.toml
-- Up-to-date: /home/rhobtor/PHD/test_j8_hayat/J8/install/argj801_sensors_msgs/share/argj801_sensors_msgs/rust/build.rs
-- Up-to-date: /home/rhobtor/PHD/test_j8_hayat/J8/install/argj801_sensors_msgs/share/argj801_sensors_msgs/msg/MotorTelemetry.idl
-- Up-to-date: /home/rhobtor/PHD/test_j8_hayat/J8/install/argj801_sensors_msgs/share/argj801_sensors_msgs/msg/Odometer.idl
-- Up-to-date: /home/rhobtor/PHD/test_j8_hayat/J8/install/argj801_sensors_msgs/share/argj801_sensors_msgs/msg/MotorTelemetry.msg
-- Up-to-date: /home/rhobtor/PHD/test_j8_hayat/J8/install/argj801_sensors_msgs/share/argj801_sensors_msgs/msg/Odometer.msg
-- Up-to-date: /home/rhobtor/PHD/test_j8_hayat/J8/install/argj801_sensors_msgs/share/ament_index/resource_index/package_run_dependencies/argj801_sensors_msgs
-- Up-to-date: /home/rhobtor/PHD/test_j8_hayat/J8/install/argj801_sensors_msgs/share/ament_index/resource_index/parent_prefix_path/argj801_sensors_msgs
-- Up-to-date: /home/rhobtor/PHD/test_j8_hayat/J8/install/argj801_sensors_msgs/share/argj801_sensors_msgs/environment/ament_prefix_path.sh
-- Up-to-date: /home/rhobtor/PHD/test_j8_hayat/J8/install/argj801_sensors_msgs/share/argj801_sensors_msgs/environment/ament_prefix_path.dsv
-- Up-to-date: /home/rhobtor/PHD/test_j8_hayat/J8/install/argj801_sensors_msgs/share/argj801_sensors_msgs/environment/path.sh
-- Up-to-date: /home/rhobtor/PHD/test_j8_hayat/J8/install/argj801_sensors_msgs/share/argj801_sensors_msgs/environment/path.dsv
-- Up-to-date: /home/rhobtor/PHD/test_j8_hayat/J8/install/argj801_sensors_msgs/share/argj801_sensors_msgs/local_setup.bash
-- Up-to-date: /home/rhobtor/PHD/test_j8_hayat/J8/install/argj801_sensors_msgs/share/argj801_sensors_msgs/local_setup.sh
-- Up-to-date: /home/rhobtor/PHD/test_j8_hayat/J8/install/argj801_sensors_msgs/share/argj801_sensors_msgs/local_setup.zsh
-- Up-to-date: /home/rhobtor/PHD/test_j8_hayat/J8/install/argj801_sensors_msgs/share/argj801_sensors_msgs/local_setup.dsv
-- Installing: /home/rhobtor/PHD/test_j8_hayat/J8/install/argj801_sensors_msgs/share/argj801_sensors_msgs/package.dsv
-- Up-to-date: /home/rhobtor/PHD/test_j8_hayat/J8/install/argj801_sensors_msgs/share/ament_index/resource_index/packages/argj801_sensors_msgs
-- Up-to-date: /home/rhobtor/PHD/test_j8_hayat/J8/install/argj801_sensors_msgs/share/argj801_sensors_msgs/cmake/export_argj801_sensors_msgs__rosidl_generator_cExport.cmake
-- Up-to-date: /home/rhobtor/PHD/test_j8_hayat/J8/install/argj801_sensors_msgs/share/argj801_sensors_msgs/cmake/export_argj801_sensors_msgs__rosidl_generator_cExport-noconfig.cmake
-- Up-to-date: /home/rhobtor/PHD/test_j8_hayat/J8/install/argj801_sensors_msgs/share/argj801_sensors_msgs/cmake/export_argj801_sensors_msgs__rosidl_typesupport_fastrtps_cExport.cmake
-- Up-to-date: /home/rhobtor/PHD/test_j8_hayat/J8/install/argj801_sensors_msgs/share/argj801_sensors_msgs/cmake/export_argj801_sensors_msgs__rosidl_typesupport_fastrtps_cExport-noconfig.cmake
-- Up-to-date: /home/rhobtor/PHD/test_j8_hayat/J8/install/argj801_sensors_msgs/share/argj801_sensors_msgs/cmake/argj801_sensors_msgs__rosidl_typesupport_introspection_cExport.cmake
-- Up-to-date: /home/rhobtor/PHD/test_j8_hayat/J8/install/argj801_sensors_msgs/share/argj801_sensors_msgs/cmake/argj801_sensors_msgs__rosidl_typesupport_introspection_cExport-noconfig.cmake
-- Up-to-date: /home/rhobtor/PHD/test_j8_hayat/J8/install/argj801_sensors_msgs/share/argj801_sensors_msgs/cmake/argj801_sensors_msgs__rosidl_typesupport_cExport.cmake
-- Up-to-date: /home/rhobtor/PHD/test_j8_hayat/J8/install/argj801_sensors_msgs/share/argj801_sensors_msgs/cmake/argj801_sensors_msgs__rosidl_typesupport_cExport-noconfig.cmake
-- Up-to-date: /home/rhobtor/PHD/test_j8_hayat/J8/install/argj801_sensors_msgs/share/argj801_sensors_msgs/cmake/export_argj801_sensors_msgs__rosidl_generator_cppExport.cmake
-- Up-to-date: /home/rhobtor/PHD/test_j8_hayat/J8/install/argj801_sensors_msgs/share/argj801_sensors_msgs/cmake/export_argj801_sensors_msgs__rosidl_typesupport_fastrtps_cppExport.cmake
-- Up-to-date: /home/rhobtor/PHD/test_j8_hayat/J8/install/argj801_sensors_msgs/share/argj801_sensors_msgs/cmake/export_argj801_sensors_msgs__rosidl_typesupport_fastrtps_cppExport-noconfig.cmake
-- Up-to-date: /home/rhobtor/PHD/test_j8_hayat/J8/install/argj801_sensors_msgs/share/argj801_sensors_msgs/cmake/argj801_sensors_msgs__rosidl_typesupport_introspection_cppExport.cmake
-- Up-to-date: /home/rhobtor/PHD/test_j8_hayat/J8/install/argj801_sensors_msgs/share/argj801_sensors_msgs/cmake/argj801_sensors_msgs__rosidl_typesupport_introspection_cppExport-noconfig.cmake
-- Up-to-date: /home/rhobtor/PHD/test_j8_hayat/J8/install/argj801_sensors_msgs/share/argj801_sensors_msgs/cmake/argj801_sensors_msgs__rosidl_typesupport_cppExport.cmake
-- Up-to-date: /home/rhobtor/PHD/test_j8_hayat/J8/install/argj801_sensors_msgs/share/argj801_sensors_msgs/cmake/argj801_sensors_msgs__rosidl_typesupport_cppExport-noconfig.cmake
-- Up-to-date: /home/rhobtor/PHD/test_j8_hayat/J8/install/argj801_sensors_msgs/share/argj801_sensors_msgs/cmake/export_argj801_sensors_msgs__rosidl_generator_pyExport.cmake
-- Up-to-date: /home/rhobtor/PHD/test_j8_hayat/J8/install/argj801_sensors_msgs/share/argj801_sensors_msgs/cmake/export_argj801_sensors_msgs__rosidl_generator_pyExport-noconfig.cmake
-- Up-to-date: /home/rhobtor/PHD/test_j8_hayat/J8/install/argj801_sensors_msgs/share/argj801_sensors_msgs/cmake/rosidl_cmake-extras.cmake
-- Up-to-date: /home/rhobtor/PHD/test_j8_hayat/J8/install/argj801_sensors_msgs/share/argj801_sensors_msgs/cmake/ament_cmake_export_dependencies-extras.cmake
-- Up-to-date: /home/rhobtor/PHD/test_j8_hayat/J8/install/argj801_sensors_msgs/share/argj801_sensors_msgs/cmake/ament_cmake_export_include_directories-extras.cmake
-- Up-to-date: /home/rhobtor/PHD/test_j8_hayat/J8/install/argj801_sensors_msgs/share/argj801_sensors_msgs/cmake/ament_cmake_export_libraries-extras.cmake
-- Up-to-date: /home/rhobtor/PHD/test_j8_hayat/J8/install/argj801_sensors_msgs/share/argj801_sensors_msgs/cmake/ament_cmake_export_targets-extras.cmake
-- Up-to-date: /home/rhobtor/PHD/test_j8_hayat/J8/install/argj801_sensors_msgs/share/argj801_sensors_msgs/cmake/rosidl_cmake_export_typesupport_targets-extras.cmake
-- Up-to-date: /home/rhobtor/PHD/test_j8_hayat/J8/install/argj801_sensors_msgs/share/argj801_sensors_msgs/cmake/rosidl_cmake_export_typesupport_libraries-extras.cmake
-- Up-to-date: /home/rhobtor/PHD/test_j8_hayat/J8/install/argj801_sensors_msgs/share/argj801_sensors_msgs/cmake/argj801_sensors_msgsConfig.cmake
-- Up-to-date: /home/rhobtor/PHD/test_j8_hayat/J8/install/argj801_sensors_msgs/share/argj801_sensors_msgs/cmake/argj801_sensors_msgsConfig-version.cmake
-- Up-to-date: /home/rhobtor/PHD/test_j8_hayat/J8/install/argj801_sensors_msgs/share/argj801_sensors_msgs/package.xml
