[  1%] Built target path_manager_interfaces__cpp
[  2%] Built target path_manager_interfaces__rs
[  2%] Built target ament_cmake_python_copy_path_manager_interfaces
[ 13%] Built target path_manager_interfaces__rosidl_generator_c
[ 25%] Built target path_manager_interfaces__rosidl_typesupport_cpp
[ 36%] Built target path_manager_interfaces__rosidl_typesupport_introspection_cpp
[ 47%] Built target path_manager_interfaces__rosidl_typesupport_fastrtps_cpp
[ 59%] Built target path_manager_interfaces__rosidl_typesupport_c
[ 70%] Built target path_manager_interfaces__rosidl_typesupport_introspection_c
[ 81%] Built target path_manager_interfaces__rosidl_typesupport_fastrtps_c
[ 81%] Built target path_manager_interfaces
[ 82%] Built target path_manager_interfaces__py
[ 93%] Built target path_manager_interfaces__rosidl_generator_py
[ 95%] Built target path_manager_interfaces__rosidl_typesupport_fastrtps_c__pyext
[ 97%] Built target path_manager_interfaces__rosidl_typesupport_c__pyext
[100%] Built target path_manager_interfaces__rosidl_typesupport_introspection_c__pyext
running egg_info
writing path_manager_interfaces.egg-info/PKG-INFO
writing dependency_links to path_manager_interfaces.egg-info/dependency_links.txt
writing top-level names to path_manager_interfaces.egg-info/top_level.txt
reading manifest file 'path_manager_interfaces.egg-info/SOURCES.txt'
writing manifest file 'path_manager_interfaces.egg-info/SOURCES.txt'
[100%] Built target ament_cmake_python_build_path_manager_interfaces_egg
-- Install configuration: ""
-- Up-to-date: /home/rhobtor/PHD/test_j8_hayat/J8/install/path_manager_interfaces/share/ament_index/resource_index/rosidl_interfaces/path_manager_interfaces
-- Up-to-date: /home/rhobtor/PHD/test_j8_hayat/J8/install/path_manager_interfaces/include/path_manager_interfaces/path_manager_interfaces
-- Up-to-date: /home/rhobtor/PHD/test_j8_hayat/J8/install/path_manager_interfaces/include/path_manager_interfaces/path_manager_interfaces/srv
-- Up-to-date: /home/rhobtor/PHD/test_j8_hayat/J8/install/path_manager_interfaces/include/path_manager_interfaces/path_manager_interfaces/srv/plan_path.h
-- Up-to-date: /home/rhobtor/PHD/test_j8_hayat/J8/install/path_manager_interfaces/include/path_manager_interfaces/path_manager_interfaces/srv/assist_emergency.h
-- Up-to-date: /home/rhobtor/PHD/test_j8_hayat/J8/install/path_manager_interfaces/include/path_manager_interfaces/path_manager_interfaces/srv/robot_path.h
-- Up-to-date: /home/rhobtor/PHD/test_j8_hayat/J8/install/path_manager_interfaces/include/path_manager_interfaces/path_manager_interfaces/srv/return_robot_path.h
-- Up-to-date: /home/rhobtor/PHD/test_j8_hayat/J8/install/path_manager_interfaces/include/path_manager_interfaces/path_manager_interfaces/srv/get_ll_path.h
-- Up-to-date: /home/rhobtor/PHD/test_j8_hayat/J8/install/path_manager_interfaces/include/path_manager_interfaces/path_manager_interfaces/srv/detail
-- Up-to-date: /home/rhobtor/PHD/test_j8_hayat/J8/install/path_manager_interfaces/include/path_manager_interfaces/path_manager_interfaces/srv/detail/robot_path__functions.h
-- Up-to-date: /home/rhobtor/PHD/test_j8_hayat/J8/install/path_manager_interfaces/include/path_manager_interfaces/path_manager_interfaces/srv/detail/read_path_from_file__functions.c
-- Up-to-date: /home/rhobtor/PHD/test_j8_hayat/J8/install/path_manager_interfaces/include/path_manager_interfaces/path_manager_interfaces/srv/detail/return_robot_path__type_support.h
-- Up-to-date: /home/rhobtor/PHD/test_j8_hayat/J8/install/path_manager_interfaces/include/path_manager_interfaces/path_manager_interfaces/srv/detail/write_path_to_file__functions.h
-- Up-to-date: /home/rhobtor/PHD/test_j8_hayat/J8/install/path_manager_interfaces/include/path_manager_interfaces/path_manager_interfaces/srv/detail/plan_path__functions.c
-- Up-to-date: /home/rhobtor/PHD/test_j8_hayat/J8/install/path_manager_interfaces/include/path_manager_interfaces/path_manager_interfaces/srv/detail/return_robot_path__struct.h
-- Up-to-date: /home/rhobtor/PHD/test_j8_hayat/J8/install/path_manager_interfaces/include/path_manager_interfaces/path_manager_interfaces/srv/detail/get_fix_frame_path__functions.c
-- Up-to-date: /home/rhobtor/PHD/test_j8_hayat/J8/install/path_manager_interfaces/include/path_manager_interfaces/path_manager_interfaces/srv/detail/assist_emergency__struct.h
-- Up-to-date: /home/rhobtor/PHD/test_j8_hayat/J8/install/path_manager_interfaces/include/path_manager_interfaces/path_manager_interfaces/srv/detail/plan_path__type_support.h
-- Up-to-date: /home/rhobtor/PHD/test_j8_hayat/J8/install/path_manager_interfaces/include/path_manager_interfaces/path_manager_interfaces/srv/detail/assist_emergency__functions.c
-- Up-to-date: /home/rhobtor/PHD/test_j8_hayat/J8/install/path_manager_interfaces/include/path_manager_interfaces/path_manager_interfaces/srv/detail/read_path_from_file__type_support.h
-- Up-to-date: /home/rhobtor/PHD/test_j8_hayat/J8/install/path_manager_interfaces/include/path_manager_interfaces/path_manager_interfaces/srv/detail/get_ll_path__functions.h
-- Up-to-date: /home/rhobtor/PHD/test_j8_hayat/J8/install/path_manager_interfaces/include/path_manager_interfaces/path_manager_interfaces/srv/detail/get_ll_path__type_support.h
-- Up-to-date: /home/rhobtor/PHD/test_j8_hayat/J8/install/path_manager_interfaces/include/path_manager_interfaces/path_manager_interfaces/srv/detail/assist_emergency__type_support.h
-- Up-to-date: /home/rhobtor/PHD/test_j8_hayat/J8/install/path_manager_interfaces/include/path_manager_interfaces/path_manager_interfaces/srv/detail/write_path_to_file__functions.c
-- Up-to-date: /home/rhobtor/PHD/test_j8_hayat/J8/install/path_manager_interfaces/include/path_manager_interfaces/path_manager_interfaces/srv/detail/robot_path__functions.c
-- Up-to-date: /home/rhobtor/PHD/test_j8_hayat/J8/install/path_manager_interfaces/include/path_manager_interfaces/path_manager_interfaces/srv/detail/robot_path__type_support.h
-- Up-to-date: /home/rhobtor/PHD/test_j8_hayat/J8/install/path_manager_interfaces/include/path_manager_interfaces/path_manager_interfaces/srv/detail/return_robot_path__functions.h
-- Up-to-date: /home/rhobtor/PHD/test_j8_hayat/J8/install/path_manager_interfaces/include/path_manager_interfaces/path_manager_interfaces/srv/detail/get_fix_frame_path__functions.h
-- Up-to-date: /home/rhobtor/PHD/test_j8_hayat/J8/install/path_manager_interfaces/include/path_manager_interfaces/path_manager_interfaces/srv/detail/read_path_from_file__struct.h
-- Up-to-date: /home/rhobtor/PHD/test_j8_hayat/J8/install/path_manager_interfaces/include/path_manager_interfaces/path_manager_interfaces/srv/detail/plan_path__struct.h
-- Up-to-date: /home/rhobtor/PHD/test_j8_hayat/J8/install/path_manager_interfaces/include/path_manager_interfaces/path_manager_interfaces/srv/detail/assist_emergency__functions.h
-- Up-to-date: /home/rhobtor/PHD/test_j8_hayat/J8/install/path_manager_interfaces/include/path_manager_interfaces/path_manager_interfaces/srv/detail/write_path_to_file__struct.h
-- Up-to-date: /home/rhobtor/PHD/test_j8_hayat/J8/install/path_manager_interfaces/include/path_manager_interfaces/path_manager_interfaces/srv/detail/get_fix_frame_path__struct.h
-- Up-to-date: /home/rhobtor/PHD/test_j8_hayat/J8/install/path_manager_interfaces/include/path_manager_interfaces/path_manager_interfaces/srv/detail/get_ll_path__functions.c
-- Up-to-date: /home/rhobtor/PHD/test_j8_hayat/J8/install/path_manager_interfaces/include/path_manager_interfaces/path_manager_interfaces/srv/detail/write_path_to_file__type_support.h
-- Up-to-date: /home/rhobtor/PHD/test_j8_hayat/J8/install/path_manager_interfaces/include/path_manager_interfaces/path_manager_interfaces/srv/detail/return_robot_path__functions.c
-- Up-to-date: /home/rhobtor/PHD/test_j8_hayat/J8/install/path_manager_interfaces/include/path_manager_interfaces/path_manager_interfaces/srv/detail/get_ll_path__struct.h
-- Up-to-date: /home/rhobtor/PHD/test_j8_hayat/J8/install/path_manager_interfaces/include/path_manager_interfaces/path_manager_interfaces/srv/detail/robot_path__struct.h
-- Up-to-date: /home/rhobtor/PHD/test_j8_hayat/J8/install/path_manager_interfaces/include/path_manager_interfaces/path_manager_interfaces/srv/detail/read_path_from_file__functions.h
-- Up-to-date: /home/rhobtor/PHD/test_j8_hayat/J8/install/path_manager_interfaces/include/path_manager_interfaces/path_manager_interfaces/srv/detail/plan_path__functions.h
-- Up-to-date: /home/rhobtor/PHD/test_j8_hayat/J8/install/path_manager_interfaces/include/path_manager_interfaces/path_manager_interfaces/srv/detail/get_fix_frame_path__type_support.h
-- Up-to-date: /home/rhobtor/PHD/test_j8_hayat/J8/install/path_manager_interfaces/include/path_manager_interfaces/path_manager_interfaces/srv/get_fix_frame_path.h
-- Up-to-date: /home/rhobtor/PHD/test_j8_hayat/J8/install/path_manager_interfaces/include/path_manager_interfaces/path_manager_interfaces/srv/write_path_to_file.h
-- Up-to-date: /home/rhobtor/PHD/test_j8_hayat/J8/install/path_manager_interfaces/include/path_manager_interfaces/path_manager_interfaces/srv/read_path_from_file.h
-- Up-to-date: /home/rhobtor/PHD/test_j8_hayat/J8/install/path_manager_interfaces/include/path_manager_interfaces/path_manager_interfaces/msg
-- Up-to-date: /home/rhobtor/PHD/test_j8_hayat/J8/install/path_manager_interfaces/include/path_manager_interfaces/path_manager_interfaces/msg/rosidl_generator_c__visibility_control.h
-- Up-to-date: /home/rhobtor/PHD/test_j8_hayat/J8/install/path_manager_interfaces/share/path_manager_interfaces/environment/library_path.sh
-- Up-to-date: /home/rhobtor/PHD/test_j8_hayat/J8/install/path_manager_interfaces/share/path_manager_interfaces/environment/library_path.dsv
-- Up-to-date: /home/rhobtor/PHD/test_j8_hayat/J8/install/path_manager_interfaces/lib/libpath_manager_interfaces__rosidl_generator_c.so
-- Up-to-date: /home/rhobtor/PHD/test_j8_hayat/J8/install/path_manager_interfaces/include/path_manager_interfaces/path_manager_interfaces
-- Up-to-date: /home/rhobtor/PHD/test_j8_hayat/J8/install/path_manager_interfaces/include/path_manager_interfaces/path_manager_interfaces/srv
-- Up-to-date: /home/rhobtor/PHD/test_j8_hayat/J8/install/path_manager_interfaces/include/path_manager_interfaces/path_manager_interfaces/srv/detail
-- Up-to-date: /home/rhobtor/PHD/test_j8_hayat/J8/install/path_manager_interfaces/include/path_manager_interfaces/path_manager_interfaces/srv/detail/get_fix_frame_path__rosidl_typesupport_fastrtps_c.h
-- Up-to-date: /home/rhobtor/PHD/test_j8_hayat/J8/install/path_manager_interfaces/include/path_manager_interfaces/path_manager_interfaces/srv/detail/get_ll_path__rosidl_typesupport_fastrtps_c.h
-- Up-to-date: /home/rhobtor/PHD/test_j8_hayat/J8/install/path_manager_interfaces/include/path_manager_interfaces/path_manager_interfaces/srv/detail/assist_emergency__rosidl_typesupport_fastrtps_c.h
-- Up-to-date: /home/rhobtor/PHD/test_j8_hayat/J8/install/path_manager_interfaces/include/path_manager_interfaces/path_manager_interfaces/srv/detail/write_path_to_file__rosidl_typesupport_fastrtps_c.h
-- Up-to-date: /home/rhobtor/PHD/test_j8_hayat/J8/install/path_manager_interfaces/include/path_manager_interfaces/path_manager_interfaces/srv/detail/return_robot_path__rosidl_typesupport_fastrtps_c.h
-- Up-to-date: /home/rhobtor/PHD/test_j8_hayat/J8/install/path_manager_interfaces/include/path_manager_interfaces/path_manager_interfaces/srv/detail/robot_path__rosidl_typesupport_fastrtps_c.h
-- Up-to-date: /home/rhobtor/PHD/test_j8_hayat/J8/install/path_manager_interfaces/include/path_manager_interfaces/path_manager_interfaces/srv/detail/plan_path__rosidl_typesupport_fastrtps_c.h
-- Up-to-date: /home/rhobtor/PHD/test_j8_hayat/J8/install/path_manager_interfaces/include/path_manager_interfaces/path_manager_interfaces/srv/detail/read_path_from_file__rosidl_typesupport_fastrtps_c.h
-- Up-to-date: /home/rhobtor/PHD/test_j8_hayat/J8/install/path_manager_interfaces/include/path_manager_interfaces/path_manager_interfaces/msg
-- Up-to-date: /home/rhobtor/PHD/test_j8_hayat/J8/install/path_manager_interfaces/include/path_manager_interfaces/path_manager_interfaces/msg/rosidl_typesupport_fastrtps_c__visibility_control.h
-- Up-to-date: /home/rhobtor/PHD/test_j8_hayat/J8/install/path_manager_interfaces/lib/libpath_manager_interfaces__rosidl_typesupport_fastrtps_c.so
-- Up-to-date: /home/rhobtor/PHD/test_j8_hayat/J8/install/path_manager_interfaces/include/path_manager_interfaces/path_manager_interfaces
-- Up-to-date: /home/rhobtor/PHD/test_j8_hayat/J8/install/path_manager_interfaces/include/path_manager_interfaces/path_manager_interfaces/srv
-- Up-to-date: /home/rhobtor/PHD/test_j8_hayat/J8/install/path_manager_interfaces/include/path_manager_interfaces/path_manager_interfaces/srv/detail
-- Up-to-date: /home/rhobtor/PHD/test_j8_hayat/J8/install/path_manager_interfaces/include/path_manager_interfaces/path_manager_interfaces/srv/detail/robot_path__rosidl_typesupport_introspection_c.h
-- Up-to-date: /home/rhobtor/PHD/test_j8_hayat/J8/install/path_manager_interfaces/include/path_manager_interfaces/path_manager_interfaces/srv/detail/get_ll_path__type_support.c
-- Up-to-date: /home/rhobtor/PHD/test_j8_hayat/J8/install/path_manager_interfaces/include/path_manager_interfaces/path_manager_interfaces/srv/detail/assist_emergency__rosidl_typesupport_introspection_c.h
-- Up-to-date: /home/rhobtor/PHD/test_j8_hayat/J8/install/path_manager_interfaces/include/path_manager_interfaces/path_manager_interfaces/srv/detail/write_path_to_file__type_support.c
-- Up-to-date: /home/rhobtor/PHD/test_j8_hayat/J8/install/path_manager_interfaces/include/path_manager_interfaces/path_manager_interfaces/srv/detail/read_path_from_file__type_support.c
-- Up-to-date: /home/rhobtor/PHD/test_j8_hayat/J8/install/path_manager_interfaces/include/path_manager_interfaces/path_manager_interfaces/srv/detail/read_path_from_file__rosidl_typesupport_introspection_c.h
-- Up-to-date: /home/rhobtor/PHD/test_j8_hayat/J8/install/path_manager_interfaces/include/path_manager_interfaces/path_manager_interfaces/srv/detail/return_robot_path__rosidl_typesupport_introspection_c.h
-- Up-to-date: /home/rhobtor/PHD/test_j8_hayat/J8/install/path_manager_interfaces/include/path_manager_interfaces/path_manager_interfaces/srv/detail/get_fix_frame_path__rosidl_typesupport_introspection_c.h
-- Up-to-date: /home/rhobtor/PHD/test_j8_hayat/J8/install/path_manager_interfaces/include/path_manager_interfaces/path_manager_interfaces/srv/detail/plan_path__rosidl_typesupport_introspection_c.h
-- Up-to-date: /home/rhobtor/PHD/test_j8_hayat/J8/install/path_manager_interfaces/include/path_manager_interfaces/path_manager_interfaces/srv/detail/return_robot_path__type_support.c
-- Up-to-date: /home/rhobtor/PHD/test_j8_hayat/J8/install/path_manager_interfaces/include/path_manager_interfaces/path_manager_interfaces/srv/detail/write_path_to_file__rosidl_typesupport_introspection_c.h
-- Up-to-date: /home/rhobtor/PHD/test_j8_hayat/J8/install/path_manager_interfaces/include/path_manager_interfaces/path_manager_interfaces/srv/detail/get_ll_path__rosidl_typesupport_introspection_c.h
-- Up-to-date: /home/rhobtor/PHD/test_j8_hayat/J8/install/path_manager_interfaces/include/path_manager_interfaces/path_manager_interfaces/srv/detail/robot_path__type_support.c
-- Up-to-date: /home/rhobtor/PHD/test_j8_hayat/J8/install/path_manager_interfaces/include/path_manager_interfaces/path_manager_interfaces/srv/detail/plan_path__type_support.c
-- Up-to-date: /home/rhobtor/PHD/test_j8_hayat/J8/install/path_manager_interfaces/include/path_manager_interfaces/path_manager_interfaces/srv/detail/get_fix_frame_path__type_support.c
-- Up-to-date: /home/rhobtor/PHD/test_j8_hayat/J8/install/path_manager_interfaces/include/path_manager_interfaces/path_manager_interfaces/srv/detail/assist_emergency__type_support.c
-- Up-to-date: /home/rhobtor/PHD/test_j8_hayat/J8/install/path_manager_interfaces/include/path_manager_interfaces/path_manager_interfaces/msg
-- Up-to-date: /home/rhobtor/PHD/test_j8_hayat/J8/install/path_manager_interfaces/include/path_manager_interfaces/path_manager_interfaces/msg/rosidl_typesupport_introspection_c__visibility_control.h
-- Up-to-date: /home/rhobtor/PHD/test_j8_hayat/J8/install/path_manager_interfaces/lib/libpath_manager_interfaces__rosidl_typesupport_introspection_c.so
-- Up-to-date: /home/rhobtor/PHD/test_j8_hayat/J8/install/path_manager_interfaces/lib/libpath_manager_interfaces__rosidl_typesupport_c.so
-- Up-to-date: /home/rhobtor/PHD/test_j8_hayat/J8/install/path_manager_interfaces/include/path_manager_interfaces/path_manager_interfaces
-- Up-to-date: /home/rhobtor/PHD/test_j8_hayat/J8/install/path_manager_interfaces/include/path_manager_interfaces/path_manager_interfaces/srv
-- Up-to-date: /home/rhobtor/PHD/test_j8_hayat/J8/install/path_manager_interfaces/include/path_manager_interfaces/path_manager_interfaces/srv/robot_path.hpp
-- Up-to-date: /home/rhobtor/PHD/test_j8_hayat/J8/install/path_manager_interfaces/include/path_manager_interfaces/path_manager_interfaces/srv/get_fix_frame_path.hpp
-- Up-to-date: /home/rhobtor/PHD/test_j8_hayat/J8/install/path_manager_interfaces/include/path_manager_interfaces/path_manager_interfaces/srv/write_path_to_file.hpp
-- Up-to-date: /home/rhobtor/PHD/test_j8_hayat/J8/install/path_manager_interfaces/include/path_manager_interfaces/path_manager_interfaces/srv/detail
-- Up-to-date: /home/rhobtor/PHD/test_j8_hayat/J8/install/path_manager_interfaces/include/path_manager_interfaces/path_manager_interfaces/srv/detail/read_path_from_file__type_support.hpp
-- Up-to-date: /home/rhobtor/PHD/test_j8_hayat/J8/install/path_manager_interfaces/include/path_manager_interfaces/path_manager_interfaces/srv/detail/write_path_to_file__type_support.hpp
-- Up-to-date: /home/rhobtor/PHD/test_j8_hayat/J8/install/path_manager_interfaces/include/path_manager_interfaces/path_manager_interfaces/srv/detail/return_robot_path__builder.hpp
-- Up-to-date: /home/rhobtor/PHD/test_j8_hayat/J8/install/path_manager_interfaces/include/path_manager_interfaces/path_manager_interfaces/srv/detail/robot_path__type_support.hpp
-- Up-to-date: /home/rhobtor/PHD/test_j8_hayat/J8/install/path_manager_interfaces/include/path_manager_interfaces/path_manager_interfaces/srv/detail/robot_path__struct.hpp
-- Up-to-date: /home/rhobtor/PHD/test_j8_hayat/J8/install/path_manager_interfaces/include/path_manager_interfaces/path_manager_interfaces/srv/detail/write_path_to_file__builder.hpp
-- Up-to-date: /home/rhobtor/PHD/test_j8_hayat/J8/install/path_manager_interfaces/include/path_manager_interfaces/path_manager_interfaces/srv/detail/get_ll_path__builder.hpp
-- Up-to-date: /home/rhobtor/PHD/test_j8_hayat/J8/install/path_manager_interfaces/include/path_manager_interfaces/path_manager_interfaces/srv/detail/return_robot_path__traits.hpp
-- Up-to-date: /home/rhobtor/PHD/test_j8_hayat/J8/install/path_manager_interfaces/include/path_manager_interfaces/path_manager_interfaces/srv/detail/read_path_from_file__struct.hpp
-- Up-to-date: /home/rhobtor/PHD/test_j8_hayat/J8/install/path_manager_interfaces/include/path_manager_interfaces/path_manager_interfaces/srv/detail/plan_path__struct.hpp
-- Up-to-date: /home/rhobtor/PHD/test_j8_hayat/J8/install/path_manager_interfaces/include/path_manager_interfaces/path_manager_interfaces/srv/detail/return_robot_path__type_support.hpp
-- Up-to-date: /home/rhobtor/PHD/test_j8_hayat/J8/install/path_manager_interfaces/include/path_manager_interfaces/path_manager_interfaces/srv/detail/get_ll_path__struct.hpp
-- Up-to-date: /home/rhobtor/PHD/test_j8_hayat/J8/install/path_manager_interfaces/include/path_manager_interfaces/path_manager_interfaces/srv/detail/get_fix_frame_path__type_support.hpp
-- Up-to-date: /home/rhobtor/PHD/test_j8_hayat/J8/install/path_manager_interfaces/include/path_manager_interfaces/path_manager_interfaces/srv/detail/write_path_to_file__traits.hpp
-- Up-to-date: /home/rhobtor/PHD/test_j8_hayat/J8/install/path_manager_interfaces/include/path_manager_interfaces/path_manager_interfaces/srv/detail/plan_path__builder.hpp
-- Up-to-date: /home/rhobtor/PHD/test_j8_hayat/J8/install/path_manager_interfaces/include/path_manager_interfaces/path_manager_interfaces/srv/detail/get_fix_frame_path__struct.hpp
-- Up-to-date: /home/rhobtor/PHD/test_j8_hayat/J8/install/path_manager_interfaces/include/path_manager_interfaces/path_manager_interfaces/srv/detail/assist_emergency__type_support.hpp
-- Up-to-date: /home/rhobtor/PHD/test_j8_hayat/J8/install/path_manager_interfaces/include/path_manager_interfaces/path_manager_interfaces/srv/detail/get_ll_path__type_support.hpp
-- Up-to-date: /home/rhobtor/PHD/test_j8_hayat/J8/install/path_manager_interfaces/include/path_manager_interfaces/path_manager_interfaces/srv/detail/return_robot_path__struct.hpp
-- Up-to-date: /home/rhobtor/PHD/test_j8_hayat/J8/install/path_manager_interfaces/include/path_manager_interfaces/path_manager_interfaces/srv/detail/plan_path__traits.hpp
-- Up-to-date: /home/rhobtor/PHD/test_j8_hayat/J8/install/path_manager_interfaces/include/path_manager_interfaces/path_manager_interfaces/srv/detail/get_fix_frame_path__builder.hpp
-- Up-to-date: /home/rhobtor/PHD/test_j8_hayat/J8/install/path_manager_interfaces/include/path_manager_interfaces/path_manager_interfaces/srv/detail/plan_path__type_support.hpp
-- Up-to-date: /home/rhobtor/PHD/test_j8_hayat/J8/install/path_manager_interfaces/include/path_manager_interfaces/path_manager_interfaces/srv/detail/assist_emergency__builder.hpp
-- Up-to-date: /home/rhobtor/PHD/test_j8_hayat/J8/install/path_manager_interfaces/include/path_manager_interfaces/path_manager_interfaces/srv/detail/get_fix_frame_path__traits.hpp
-- Up-to-date: /home/rhobtor/PHD/test_j8_hayat/J8/install/path_manager_interfaces/include/path_manager_interfaces/path_manager_interfaces/srv/detail/read_path_from_file__builder.hpp
-- Up-to-date: /home/rhobtor/PHD/test_j8_hayat/J8/install/path_manager_interfaces/include/path_manager_interfaces/path_manager_interfaces/srv/detail/assist_emergency__struct.hpp
-- Up-to-date: /home/rhobtor/PHD/test_j8_hayat/J8/install/path_manager_interfaces/include/path_manager_interfaces/path_manager_interfaces/srv/detail/assist_emergency__traits.hpp
-- Up-to-date: /home/rhobtor/PHD/test_j8_hayat/J8/install/path_manager_interfaces/include/path_manager_interfaces/path_manager_interfaces/srv/detail/robot_path__traits.hpp
-- Up-to-date: /home/rhobtor/PHD/test_j8_hayat/J8/install/path_manager_interfaces/include/path_manager_interfaces/path_manager_interfaces/srv/detail/write_path_to_file__struct.hpp
-- Up-to-date: /home/rhobtor/PHD/test_j8_hayat/J8/install/path_manager_interfaces/include/path_manager_interfaces/path_manager_interfaces/srv/detail/robot_path__builder.hpp
-- Up-to-date: /home/rhobtor/PHD/test_j8_hayat/J8/install/path_manager_interfaces/include/path_manager_interfaces/path_manager_interfaces/srv/detail/read_path_from_file__traits.hpp
-- Up-to-date: /home/rhobtor/PHD/test_j8_hayat/J8/install/path_manager_interfaces/include/path_manager_interfaces/path_manager_interfaces/srv/detail/get_ll_path__traits.hpp
-- Up-to-date: /home/rhobtor/PHD/test_j8_hayat/J8/install/path_manager_interfaces/include/path_manager_interfaces/path_manager_interfaces/srv/return_robot_path.hpp
-- Up-to-date: /home/rhobtor/PHD/test_j8_hayat/J8/install/path_manager_interfaces/include/path_manager_interfaces/path_manager_interfaces/srv/plan_path.hpp
-- Up-to-date: /home/rhobtor/PHD/test_j8_hayat/J8/install/path_manager_interfaces/include/path_manager_interfaces/path_manager_interfaces/srv/read_path_from_file.hpp
-- Up-to-date: /home/rhobtor/PHD/test_j8_hayat/J8/install/path_manager_interfaces/include/path_manager_interfaces/path_manager_interfaces/srv/assist_emergency.hpp
-- Up-to-date: /home/rhobtor/PHD/test_j8_hayat/J8/install/path_manager_interfaces/include/path_manager_interfaces/path_manager_interfaces/srv/get_ll_path.hpp
-- Up-to-date: /home/rhobtor/PHD/test_j8_hayat/J8/install/path_manager_interfaces/include/path_manager_interfaces/path_manager_interfaces/msg
-- Up-to-date: /home/rhobtor/PHD/test_j8_hayat/J8/install/path_manager_interfaces/include/path_manager_interfaces/path_manager_interfaces/msg/rosidl_generator_cpp__visibility_control.hpp
-- Up-to-date: /home/rhobtor/PHD/test_j8_hayat/J8/install/path_manager_interfaces/include/path_manager_interfaces/path_manager_interfaces
-- Up-to-date: /home/rhobtor/PHD/test_j8_hayat/J8/install/path_manager_interfaces/include/path_manager_interfaces/path_manager_interfaces/srv
-- Up-to-date: /home/rhobtor/PHD/test_j8_hayat/J8/install/path_manager_interfaces/include/path_manager_interfaces/path_manager_interfaces/srv/detail
-- Up-to-date: /home/rhobtor/PHD/test_j8_hayat/J8/install/path_manager_interfaces/include/path_manager_interfaces/path_manager_interfaces/srv/detail/robot_path__rosidl_typesupport_fastrtps_cpp.hpp
-- Up-to-date: /home/rhobtor/PHD/test_j8_hayat/J8/install/path_manager_interfaces/include/path_manager_interfaces/path_manager_interfaces/srv/detail/plan_path__rosidl_typesupport_fastrtps_cpp.hpp
-- Up-to-date: /home/rhobtor/PHD/test_j8_hayat/J8/install/path_manager_interfaces/include/path_manager_interfaces/path_manager_interfaces/srv/detail/write_path_to_file__rosidl_typesupport_fastrtps_cpp.hpp
-- Up-to-date: /home/rhobtor/PHD/test_j8_hayat/J8/install/path_manager_interfaces/include/path_manager_interfaces/path_manager_interfaces/srv/detail/return_robot_path__rosidl_typesupport_fastrtps_cpp.hpp
-- Up-to-date: /home/rhobtor/PHD/test_j8_hayat/J8/install/path_manager_interfaces/include/path_manager_interfaces/path_manager_interfaces/srv/detail/get_fix_frame_path__rosidl_typesupport_fastrtps_cpp.hpp
-- Up-to-date: /home/rhobtor/PHD/test_j8_hayat/J8/install/path_manager_interfaces/include/path_manager_interfaces/path_manager_interfaces/srv/detail/get_ll_path__rosidl_typesupport_fastrtps_cpp.hpp
-- Up-to-date: /home/rhobtor/PHD/test_j8_hayat/J8/install/path_manager_interfaces/include/path_manager_interfaces/path_manager_interfaces/srv/detail/dds_fastrtps
-- Up-to-date: /home/rhobtor/PHD/test_j8_hayat/J8/install/path_manager_interfaces/include/path_manager_interfaces/path_manager_interfaces/srv/detail/read_path_from_file__rosidl_typesupport_fastrtps_cpp.hpp
-- Up-to-date: /home/rhobtor/PHD/test_j8_hayat/J8/install/path_manager_interfaces/include/path_manager_interfaces/path_manager_interfaces/srv/detail/assist_emergency__rosidl_typesupport_fastrtps_cpp.hpp
-- Up-to-date: /home/rhobtor/PHD/test_j8_hayat/J8/install/path_manager_interfaces/include/path_manager_interfaces/path_manager_interfaces/msg
-- Up-to-date: /home/rhobtor/PHD/test_j8_hayat/J8/install/path_manager_interfaces/include/path_manager_interfaces/path_manager_interfaces/msg/rosidl_typesupport_fastrtps_cpp__visibility_control.h
-- Up-to-date: /home/rhobtor/PHD/test_j8_hayat/J8/install/path_manager_interfaces/lib/libpath_manager_interfaces__rosidl_typesupport_fastrtps_cpp.so
-- Up-to-date: /home/rhobtor/PHD/test_j8_hayat/J8/install/path_manager_interfaces/include/path_manager_interfaces/path_manager_interfaces
-- Up-to-date: /home/rhobtor/PHD/test_j8_hayat/J8/install/path_manager_interfaces/include/path_manager_interfaces/path_manager_interfaces/srv
-- Up-to-date: /home/rhobtor/PHD/test_j8_hayat/J8/install/path_manager_interfaces/include/path_manager_interfaces/path_manager_interfaces/srv/detail
-- Up-to-date: /home/rhobtor/PHD/test_j8_hayat/J8/install/path_manager_interfaces/include/path_manager_interfaces/path_manager_interfaces/srv/detail/robot_path__rosidl_typesupport_introspection_cpp.hpp
-- Up-to-date: /home/rhobtor/PHD/test_j8_hayat/J8/install/path_manager_interfaces/include/path_manager_interfaces/path_manager_interfaces/srv/detail/get_fix_frame_path__type_support.cpp
-- Up-to-date: /home/rhobtor/PHD/test_j8_hayat/J8/install/path_manager_interfaces/include/path_manager_interfaces/path_manager_interfaces/srv/detail/get_fix_frame_path__rosidl_typesupport_introspection_cpp.hpp
-- Up-to-date: /home/rhobtor/PHD/test_j8_hayat/J8/install/path_manager_interfaces/include/path_manager_interfaces/path_manager_interfaces/srv/detail/assist_emergency__type_support.cpp
-- Up-to-date: /home/rhobtor/PHD/test_j8_hayat/J8/install/path_manager_interfaces/include/path_manager_interfaces/path_manager_interfaces/srv/detail/plan_path__type_support.cpp
-- Up-to-date: /home/rhobtor/PHD/test_j8_hayat/J8/install/path_manager_interfaces/include/path_manager_interfaces/path_manager_interfaces/srv/detail/get_ll_path__type_support.cpp
-- Up-to-date: /home/rhobtor/PHD/test_j8_hayat/J8/install/path_manager_interfaces/include/path_manager_interfaces/path_manager_interfaces/srv/detail/write_path_to_file__rosidl_typesupport_introspection_cpp.hpp
-- Up-to-date: /home/rhobtor/PHD/test_j8_hayat/J8/install/path_manager_interfaces/include/path_manager_interfaces/path_manager_interfaces/srv/detail/return_robot_path__rosidl_typesupport_introspection_cpp.hpp
-- Up-to-date: /home/rhobtor/PHD/test_j8_hayat/J8/install/path_manager_interfaces/include/path_manager_interfaces/path_manager_interfaces/srv/detail/read_path_from_file__rosidl_typesupport_introspection_cpp.hpp
-- Up-to-date: /home/rhobtor/PHD/test_j8_hayat/J8/install/path_manager_interfaces/include/path_manager_interfaces/path_manager_interfaces/srv/detail/robot_path__type_support.cpp
-- Up-to-date: /home/rhobtor/PHD/test_j8_hayat/J8/install/path_manager_interfaces/include/path_manager_interfaces/path_manager_interfaces/srv/detail/return_robot_path__type_support.cpp
-- Up-to-date: /home/rhobtor/PHD/test_j8_hayat/J8/install/path_manager_interfaces/include/path_manager_interfaces/path_manager_interfaces/srv/detail/assist_emergency__rosidl_typesupport_introspection_cpp.hpp
-- Up-to-date: /home/rhobtor/PHD/test_j8_hayat/J8/install/path_manager_interfaces/include/path_manager_interfaces/path_manager_interfaces/srv/detail/read_path_from_file__type_support.cpp
-- Up-to-date: /home/rhobtor/PHD/test_j8_hayat/J8/install/path_manager_interfaces/include/path_manager_interfaces/path_manager_interfaces/srv/detail/write_path_to_file__type_support.cpp
-- Up-to-date: /home/rhobtor/PHD/test_j8_hayat/J8/install/path_manager_interfaces/include/path_manager_interfaces/path_manager_interfaces/srv/detail/plan_path__rosidl_typesupport_introspection_cpp.hpp
-- Up-to-date: /home/rhobtor/PHD/test_j8_hayat/J8/install/path_manager_interfaces/include/path_manager_interfaces/path_manager_interfaces/srv/detail/get_ll_path__rosidl_typesupport_introspection_cpp.hpp
-- Up-to-date: /home/rhobtor/PHD/test_j8_hayat/J8/install/path_manager_interfaces/lib/libpath_manager_interfaces__rosidl_typesupport_introspection_cpp.so
-- Up-to-date: /home/rhobtor/PHD/test_j8_hayat/J8/install/path_manager_interfaces/lib/libpath_manager_interfaces__rosidl_typesupport_cpp.so
-- Up-to-date: /home/rhobtor/PHD/test_j8_hayat/J8/install/path_manager_interfaces/share/path_manager_interfaces/environment/pythonpath.sh
-- Up-to-date: /home/rhobtor/PHD/test_j8_hayat/J8/install/path_manager_interfaces/share/path_manager_interfaces/environment/pythonpath.dsv
-- Up-to-date: /home/rhobtor/PHD/test_j8_hayat/J8/install/path_manager_interfaces/local/lib/python3.10/dist-packages/path_manager_interfaces-0.0.0-py3.10.egg-info
-- Installing: /home/rhobtor/PHD/test_j8_hayat/J8/install/path_manager_interfaces/local/lib/python3.10/dist-packages/path_manager_interfaces-0.0.0-py3.10.egg-info/top_level.txt
-- Installing: /home/rhobtor/PHD/test_j8_hayat/J8/install/path_manager_interfaces/local/lib/python3.10/dist-packages/path_manager_interfaces-0.0.0-py3.10.egg-info/SOURCES.txt
-- Installing: /home/rhobtor/PHD/test_j8_hayat/J8/install/path_manager_interfaces/local/lib/python3.10/dist-packages/path_manager_interfaces-0.0.0-py3.10.egg-info/PKG-INFO
-- Installing: /home/rhobtor/PHD/test_j8_hayat/J8/install/path_manager_interfaces/local/lib/python3.10/dist-packages/path_manager_interfaces-0.0.0-py3.10.egg-info/dependency_links.txt
-- Up-to-date: /home/rhobtor/PHD/test_j8_hayat/J8/install/path_manager_interfaces/local/lib/python3.10/dist-packages/path_manager_interfaces
-- Up-to-date: /home/rhobtor/PHD/test_j8_hayat/J8/install/path_manager_interfaces/local/lib/python3.10/dist-packages/path_manager_interfaces/path_manager_interfaces_s__rosidl_typesupport_fastrtps_c.cpython-310-x86_64-linux-gnu.so
-- Up-to-date: /home/rhobtor/PHD/test_j8_hayat/J8/install/path_manager_interfaces/local/lib/python3.10/dist-packages/path_manager_interfaces/srv
-- Up-to-date: /home/rhobtor/PHD/test_j8_hayat/J8/install/path_manager_interfaces/local/lib/python3.10/dist-packages/path_manager_interfaces/srv/_get_ll_path.py
-- Up-to-date: /home/rhobtor/PHD/test_j8_hayat/J8/install/path_manager_interfaces/local/lib/python3.10/dist-packages/path_manager_interfaces/srv/_read_path_from_file.py
-- Up-to-date: /home/rhobtor/PHD/test_j8_hayat/J8/install/path_manager_interfaces/local/lib/python3.10/dist-packages/path_manager_interfaces/srv/_read_path_from_file_s.c
-- Up-to-date: /home/rhobtor/PHD/test_j8_hayat/J8/install/path_manager_interfaces/local/lib/python3.10/dist-packages/path_manager_interfaces/srv/_get_ll_path_s.c
-- Up-to-date: /home/rhobtor/PHD/test_j8_hayat/J8/install/path_manager_interfaces/local/lib/python3.10/dist-packages/path_manager_interfaces/srv/_return_robot_path_s.c
-- Up-to-date: /home/rhobtor/PHD/test_j8_hayat/J8/install/path_manager_interfaces/local/lib/python3.10/dist-packages/path_manager_interfaces/srv/_robot_path_s.c
-- Up-to-date: /home/rhobtor/PHD/test_j8_hayat/J8/install/path_manager_interfaces/local/lib/python3.10/dist-packages/path_manager_interfaces/srv/_write_path_to_file.py
-- Up-to-date: /home/rhobtor/PHD/test_j8_hayat/J8/install/path_manager_interfaces/local/lib/python3.10/dist-packages/path_manager_interfaces/srv/_robot_path.py
-- Up-to-date: /home/rhobtor/PHD/test_j8_hayat/J8/install/path_manager_interfaces/local/lib/python3.10/dist-packages/path_manager_interfaces/srv/_plan_path.py
-- Up-to-date: /home/rhobtor/PHD/test_j8_hayat/J8/install/path_manager_interfaces/local/lib/python3.10/dist-packages/path_manager_interfaces/srv/_return_robot_path.py
-- Up-to-date: /home/rhobtor/PHD/test_j8_hayat/J8/install/path_manager_interfaces/local/lib/python3.10/dist-packages/path_manager_interfaces/srv/_get_fix_frame_path_s.c
-- Up-to-date: /home/rhobtor/PHD/test_j8_hayat/J8/install/path_manager_interfaces/local/lib/python3.10/dist-packages/path_manager_interfaces/srv/__init__.py
-- Up-to-date: /home/rhobtor/PHD/test_j8_hayat/J8/install/path_manager_interfaces/local/lib/python3.10/dist-packages/path_manager_interfaces/srv/_write_path_to_file_s.c
-- Up-to-date: /home/rhobtor/PHD/test_j8_hayat/J8/install/path_manager_interfaces/local/lib/python3.10/dist-packages/path_manager_interfaces/srv/_plan_path_s.c
-- Up-to-date: /home/rhobtor/PHD/test_j8_hayat/J8/install/path_manager_interfaces/local/lib/python3.10/dist-packages/path_manager_interfaces/srv/_assist_emergency_s.c
-- Up-to-date: /home/rhobtor/PHD/test_j8_hayat/J8/install/path_manager_interfaces/local/lib/python3.10/dist-packages/path_manager_interfaces/srv/_get_fix_frame_path.py
-- Up-to-date: /home/rhobtor/PHD/test_j8_hayat/J8/install/path_manager_interfaces/local/lib/python3.10/dist-packages/path_manager_interfaces/srv/_assist_emergency.py
-- Up-to-date: /home/rhobtor/PHD/test_j8_hayat/J8/install/path_manager_interfaces/local/lib/python3.10/dist-packages/path_manager_interfaces/libpath_manager_interfaces__rosidl_generator_py.so
-- Up-to-date: /home/rhobtor/PHD/test_j8_hayat/J8/install/path_manager_interfaces/local/lib/python3.10/dist-packages/path_manager_interfaces/path_manager_interfaces_s__rosidl_typesupport_introspection_c.cpython-310-x86_64-linux-gnu.so
-- Up-to-date: /home/rhobtor/PHD/test_j8_hayat/J8/install/path_manager_interfaces/local/lib/python3.10/dist-packages/path_manager_interfaces/_path_manager_interfaces_s.ep.rosidl_typesupport_fastrtps_c.c
-- Up-to-date: /home/rhobtor/PHD/test_j8_hayat/J8/install/path_manager_interfaces/local/lib/python3.10/dist-packages/path_manager_interfaces/_path_manager_interfaces_s.ep.rosidl_typesupport_introspection_c.c
-- Up-to-date: /home/rhobtor/PHD/test_j8_hayat/J8/install/path_manager_interfaces/local/lib/python3.10/dist-packages/path_manager_interfaces/__init__.py
-- Up-to-date: /home/rhobtor/PHD/test_j8_hayat/J8/install/path_manager_interfaces/local/lib/python3.10/dist-packages/path_manager_interfaces/path_manager_interfaces_s__rosidl_typesupport_c.cpython-310-x86_64-linux-gnu.so
-- Up-to-date: /home/rhobtor/PHD/test_j8_hayat/J8/install/path_manager_interfaces/local/lib/python3.10/dist-packages/path_manager_interfaces/_path_manager_interfaces_s.ep.rosidl_typesupport_c.c
Listing '/home/rhobtor/PHD/test_j8_hayat/J8/install/path_manager_interfaces/local/lib/python3.10/dist-packages/path_manager_interfaces'...
Listing '/home/rhobtor/PHD/test_j8_hayat/J8/install/path_manager_interfaces/local/lib/python3.10/dist-packages/path_manager_interfaces/srv'...
-- Up-to-date: /home/rhobtor/PHD/test_j8_hayat/J8/install/path_manager_interfaces/local/lib/python3.10/dist-packages/path_manager_interfaces/path_manager_interfaces_s__rosidl_typesupport_fastrtps_c.cpython-310-x86_64-linux-gnu.so
-- Up-to-date: /home/rhobtor/PHD/test_j8_hayat/J8/install/path_manager_interfaces/local/lib/python3.10/dist-packages/path_manager_interfaces/path_manager_interfaces_s__rosidl_typesupport_introspection_c.cpython-310-x86_64-linux-gnu.so
-- Up-to-date: /home/rhobtor/PHD/test_j8_hayat/J8/install/path_manager_interfaces/local/lib/python3.10/dist-packages/path_manager_interfaces/path_manager_interfaces_s__rosidl_typesupport_c.cpython-310-x86_64-linux-gnu.so
-- Up-to-date: /home/rhobtor/PHD/test_j8_hayat/J8/install/path_manager_interfaces/lib/libpath_manager_interfaces__rosidl_generator_py.so
-- Up-to-date: /home/rhobtor/PHD/test_j8_hayat/J8/install/path_manager_interfaces/share/ament_index/resource_index/rust_packages/path_manager_interfaces
-- Up-to-date: /home/rhobtor/PHD/test_j8_hayat/J8/install/path_manager_interfaces/share/path_manager_interfaces/rust
-- Up-to-date: /home/rhobtor/PHD/test_j8_hayat/J8/install/path_manager_interfaces/share/path_manager_interfaces/rust/src
-- Up-to-date: /home/rhobtor/PHD/test_j8_hayat/J8/install/path_manager_interfaces/share/path_manager_interfaces/rust/src/lib.rs
-- Up-to-date: /home/rhobtor/PHD/test_j8_hayat/J8/install/path_manager_interfaces/share/path_manager_interfaces/rust/src/srv
-- Up-to-date: /home/rhobtor/PHD/test_j8_hayat/J8/install/path_manager_interfaces/share/path_manager_interfaces/rust/src/srv/rmw.rs
-- Up-to-date: /home/rhobtor/PHD/test_j8_hayat/J8/install/path_manager_interfaces/share/path_manager_interfaces/rust/src/srv.rs
-- Up-to-date: /home/rhobtor/PHD/test_j8_hayat/J8/install/path_manager_interfaces/share/path_manager_interfaces/rust/Cargo.toml
-- Up-to-date: /home/rhobtor/PHD/test_j8_hayat/J8/install/path_manager_interfaces/share/path_manager_interfaces/rust/build.rs
-- Up-to-date: /home/rhobtor/PHD/test_j8_hayat/J8/install/path_manager_interfaces/share/path_manager_interfaces/srv/WritePathToFile.idl
-- Up-to-date: /home/rhobtor/PHD/test_j8_hayat/J8/install/path_manager_interfaces/share/path_manager_interfaces/srv/ReadPathFromFile.idl
-- Up-to-date: /home/rhobtor/PHD/test_j8_hayat/J8/install/path_manager_interfaces/share/path_manager_interfaces/srv/ReturnRobotPath.idl
-- Up-to-date: /home/rhobtor/PHD/test_j8_hayat/J8/install/path_manager_interfaces/share/path_manager_interfaces/srv/RobotPath.idl
-- Up-to-date: /home/rhobtor/PHD/test_j8_hayat/J8/install/path_manager_interfaces/share/path_manager_interfaces/srv/GetFixFramePath.idl
-- Up-to-date: /home/rhobtor/PHD/test_j8_hayat/J8/install/path_manager_interfaces/share/path_manager_interfaces/srv/GetLLPath.idl
-- Up-to-date: /home/rhobtor/PHD/test_j8_hayat/J8/install/path_manager_interfaces/share/path_manager_interfaces/srv/PlanPath.idl
-- Up-to-date: /home/rhobtor/PHD/test_j8_hayat/J8/install/path_manager_interfaces/share/path_manager_interfaces/srv/AssistEmergency.idl
-- Up-to-date: /home/rhobtor/PHD/test_j8_hayat/J8/install/path_manager_interfaces/share/path_manager_interfaces/srv/WritePathToFile.srv
-- Up-to-date: /home/rhobtor/PHD/test_j8_hayat/J8/install/path_manager_interfaces/share/path_manager_interfaces/srv/WritePathToFile_Request.msg
-- Up-to-date: /home/rhobtor/PHD/test_j8_hayat/J8/install/path_manager_interfaces/share/path_manager_interfaces/srv/WritePathToFile_Response.msg
-- Up-to-date: /home/rhobtor/PHD/test_j8_hayat/J8/install/path_manager_interfaces/share/path_manager_interfaces/srv/ReadPathFromFile.srv
-- Up-to-date: /home/rhobtor/PHD/test_j8_hayat/J8/install/path_manager_interfaces/share/path_manager_interfaces/srv/ReadPathFromFile_Request.msg
-- Up-to-date: /home/rhobtor/PHD/test_j8_hayat/J8/install/path_manager_interfaces/share/path_manager_interfaces/srv/ReadPathFromFile_Response.msg
-- Up-to-date: /home/rhobtor/PHD/test_j8_hayat/J8/install/path_manager_interfaces/share/path_manager_interfaces/srv/ReturnRobotPath.srv
-- Up-to-date: /home/rhobtor/PHD/test_j8_hayat/J8/install/path_manager_interfaces/share/path_manager_interfaces/srv/ReturnRobotPath_Request.msg
-- Up-to-date: /home/rhobtor/PHD/test_j8_hayat/J8/install/path_manager_interfaces/share/path_manager_interfaces/srv/ReturnRobotPath_Response.msg
-- Up-to-date: /home/rhobtor/PHD/test_j8_hayat/J8/install/path_manager_interfaces/share/path_manager_interfaces/srv/RobotPath.srv
-- Up-to-date: /home/rhobtor/PHD/test_j8_hayat/J8/install/path_manager_interfaces/share/path_manager_interfaces/srv/RobotPath_Request.msg
-- Up-to-date: /home/rhobtor/PHD/test_j8_hayat/J8/install/path_manager_interfaces/share/path_manager_interfaces/srv/RobotPath_Response.msg
-- Up-to-date: /home/rhobtor/PHD/test_j8_hayat/J8/install/path_manager_interfaces/share/path_manager_interfaces/srv/GetFixFramePath.srv
-- Up-to-date: /home/rhobtor/PHD/test_j8_hayat/J8/install/path_manager_interfaces/share/path_manager_interfaces/srv/GetFixFramePath_Request.msg
-- Up-to-date: /home/rhobtor/PHD/test_j8_hayat/J8/install/path_manager_interfaces/share/path_manager_interfaces/srv/GetFixFramePath_Response.msg
-- Up-to-date: /home/rhobtor/PHD/test_j8_hayat/J8/install/path_manager_interfaces/share/path_manager_interfaces/srv/GetLLPath.srv
-- Up-to-date: /home/rhobtor/PHD/test_j8_hayat/J8/install/path_manager_interfaces/share/path_manager_interfaces/srv/GetLLPath_Request.msg
-- Up-to-date: /home/rhobtor/PHD/test_j8_hayat/J8/install/path_manager_interfaces/share/path_manager_interfaces/srv/GetLLPath_Response.msg
-- Up-to-date: /home/rhobtor/PHD/test_j8_hayat/J8/install/path_manager_interfaces/share/path_manager_interfaces/srv/PlanPath.srv
-- Up-to-date: /home/rhobtor/PHD/test_j8_hayat/J8/install/path_manager_interfaces/share/path_manager_interfaces/srv/PlanPath_Request.msg
-- Up-to-date: /home/rhobtor/PHD/test_j8_hayat/J8/install/path_manager_interfaces/share/path_manager_interfaces/srv/PlanPath_Response.msg
-- Up-to-date: /home/rhobtor/PHD/test_j8_hayat/J8/install/path_manager_interfaces/share/path_manager_interfaces/srv/AssistEmergency.srv
-- Up-to-date: /home/rhobtor/PHD/test_j8_hayat/J8/install/path_manager_interfaces/share/path_manager_interfaces/srv/AssistEmergency_Request.msg
-- Up-to-date: /home/rhobtor/PHD/test_j8_hayat/J8/install/path_manager_interfaces/share/path_manager_interfaces/srv/AssistEmergency_Response.msg
-- Up-to-date: /home/rhobtor/PHD/test_j8_hayat/J8/install/path_manager_interfaces/share/ament_index/resource_index/package_run_dependencies/path_manager_interfaces
-- Up-to-date: /home/rhobtor/PHD/test_j8_hayat/J8/install/path_manager_interfaces/share/ament_index/resource_index/parent_prefix_path/path_manager_interfaces
-- Up-to-date: /home/rhobtor/PHD/test_j8_hayat/J8/install/path_manager_interfaces/share/path_manager_interfaces/environment/ament_prefix_path.sh
-- Up-to-date: /home/rhobtor/PHD/test_j8_hayat/J8/install/path_manager_interfaces/share/path_manager_interfaces/environment/ament_prefix_path.dsv
-- Up-to-date: /home/rhobtor/PHD/test_j8_hayat/J8/install/path_manager_interfaces/share/path_manager_interfaces/environment/path.sh
-- Up-to-date: /home/rhobtor/PHD/test_j8_hayat/J8/install/path_manager_interfaces/share/path_manager_interfaces/environment/path.dsv
-- Up-to-date: /home/rhobtor/PHD/test_j8_hayat/J8/install/path_manager_interfaces/share/path_manager_interfaces/local_setup.bash
-- Up-to-date: /home/rhobtor/PHD/test_j8_hayat/J8/install/path_manager_interfaces/share/path_manager_interfaces/local_setup.sh
-- Up-to-date: /home/rhobtor/PHD/test_j8_hayat/J8/install/path_manager_interfaces/share/path_manager_interfaces/local_setup.zsh
-- Up-to-date: /home/rhobtor/PHD/test_j8_hayat/J8/install/path_manager_interfaces/share/path_manager_interfaces/local_setup.dsv
-- Installing: /home/rhobtor/PHD/test_j8_hayat/J8/install/path_manager_interfaces/share/path_manager_interfaces/package.dsv
-- Up-to-date: /home/rhobtor/PHD/test_j8_hayat/J8/install/path_manager_interfaces/share/ament_index/resource_index/packages/path_manager_interfaces
-- Up-to-date: /home/rhobtor/PHD/test_j8_hayat/J8/install/path_manager_interfaces/share/path_manager_interfaces/cmake/export_path_manager_interfaces__rosidl_generator_cExport.cmake
-- Up-to-date: /home/rhobtor/PHD/test_j8_hayat/J8/install/path_manager_interfaces/share/path_manager_interfaces/cmake/export_path_manager_interfaces__rosidl_generator_cExport-noconfig.cmake
-- Up-to-date: /home/rhobtor/PHD/test_j8_hayat/J8/install/path_manager_interfaces/share/path_manager_interfaces/cmake/export_path_manager_interfaces__rosidl_typesupport_fastrtps_cExport.cmake
-- Up-to-date: /home/rhobtor/PHD/test_j8_hayat/J8/install/path_manager_interfaces/share/path_manager_interfaces/cmake/export_path_manager_interfaces__rosidl_typesupport_fastrtps_cExport-noconfig.cmake
-- Up-to-date: /home/rhobtor/PHD/test_j8_hayat/J8/install/path_manager_interfaces/share/path_manager_interfaces/cmake/path_manager_interfaces__rosidl_typesupport_introspection_cExport.cmake
-- Up-to-date: /home/rhobtor/PHD/test_j8_hayat/J8/install/path_manager_interfaces/share/path_manager_interfaces/cmake/path_manager_interfaces__rosidl_typesupport_introspection_cExport-noconfig.cmake
-- Up-to-date: /home/rhobtor/PHD/test_j8_hayat/J8/install/path_manager_interfaces/share/path_manager_interfaces/cmake/path_manager_interfaces__rosidl_typesupport_cExport.cmake
-- Up-to-date: /home/rhobtor/PHD/test_j8_hayat/J8/install/path_manager_interfaces/share/path_manager_interfaces/cmake/path_manager_interfaces__rosidl_typesupport_cExport-noconfig.cmake
-- Up-to-date: /home/rhobtor/PHD/test_j8_hayat/J8/install/path_manager_interfaces/share/path_manager_interfaces/cmake/export_path_manager_interfaces__rosidl_generator_cppExport.cmake
-- Up-to-date: /home/rhobtor/PHD/test_j8_hayat/J8/install/path_manager_interfaces/share/path_manager_interfaces/cmake/export_path_manager_interfaces__rosidl_typesupport_fastrtps_cppExport.cmake
-- Up-to-date: /home/rhobtor/PHD/test_j8_hayat/J8/install/path_manager_interfaces/share/path_manager_interfaces/cmake/export_path_manager_interfaces__rosidl_typesupport_fastrtps_cppExport-noconfig.cmake
-- Up-to-date: /home/rhobtor/PHD/test_j8_hayat/J8/install/path_manager_interfaces/share/path_manager_interfaces/cmake/path_manager_interfaces__rosidl_typesupport_introspection_cppExport.cmake
-- Up-to-date: /home/rhobtor/PHD/test_j8_hayat/J8/install/path_manager_interfaces/share/path_manager_interfaces/cmake/path_manager_interfaces__rosidl_typesupport_introspection_cppExport-noconfig.cmake
-- Up-to-date: /home/rhobtor/PHD/test_j8_hayat/J8/install/path_manager_interfaces/share/path_manager_interfaces/cmake/path_manager_interfaces__rosidl_typesupport_cppExport.cmake
-- Up-to-date: /home/rhobtor/PHD/test_j8_hayat/J8/install/path_manager_interfaces/share/path_manager_interfaces/cmake/path_manager_interfaces__rosidl_typesupport_cppExport-noconfig.cmake
-- Up-to-date: /home/rhobtor/PHD/test_j8_hayat/J8/install/path_manager_interfaces/share/path_manager_interfaces/cmake/export_path_manager_interfaces__rosidl_generator_pyExport.cmake
-- Up-to-date: /home/rhobtor/PHD/test_j8_hayat/J8/install/path_manager_interfaces/share/path_manager_interfaces/cmake/export_path_manager_interfaces__rosidl_generator_pyExport-noconfig.cmake
-- Up-to-date: /home/rhobtor/PHD/test_j8_hayat/J8/install/path_manager_interfaces/share/path_manager_interfaces/cmake/rosidl_cmake-extras.cmake
-- Up-to-date: /home/rhobtor/PHD/test_j8_hayat/J8/install/path_manager_interfaces/share/path_manager_interfaces/cmake/ament_cmake_export_dependencies-extras.cmake
-- Up-to-date: /home/rhobtor/PHD/test_j8_hayat/J8/install/path_manager_interfaces/share/path_manager_interfaces/cmake/ament_cmake_export_include_directories-extras.cmake
-- Up-to-date: /home/rhobtor/PHD/test_j8_hayat/J8/install/path_manager_interfaces/share/path_manager_interfaces/cmake/ament_cmake_export_libraries-extras.cmake
-- Up-to-date: /home/rhobtor/PHD/test_j8_hayat/J8/install/path_manager_interfaces/share/path_manager_interfaces/cmake/ament_cmake_export_targets-extras.cmake
-- Up-to-date: /home/rhobtor/PHD/test_j8_hayat/J8/install/path_manager_interfaces/share/path_manager_interfaces/cmake/rosidl_cmake_export_typesupport_targets-extras.cmake
-- Up-to-date: /home/rhobtor/PHD/test_j8_hayat/J8/install/path_manager_interfaces/share/path_manager_interfaces/cmake/rosidl_cmake_export_typesupport_libraries-extras.cmake
-- Up-to-date: /home/rhobtor/PHD/test_j8_hayat/J8/install/path_manager_interfaces/share/path_manager_interfaces/cmake/path_manager_interfacesConfig.cmake
-- Up-to-date: /home/rhobtor/PHD/test_j8_hayat/J8/install/path_manager_interfaces/share/path_manager_interfaces/cmake/path_manager_interfacesConfig-version.cmake
-- Up-to-date: /home/rhobtor/PHD/test_j8_hayat/J8/install/path_manager_interfaces/share/path_manager_interfaces/package.xml
