[0.078s] Invoking command in '/home/rhobtor/PHD/test_j8_hayat/J8/build/path_manager_interfaces': CMAKE_PREFIX_PATH=${CMAKE_PREFIX_PATH}:/home/rhobtor/PHD/test_j8_hayat/J8/install/ntrip_client:/home/rhobtor/PHD/test_j8_hayat/J8/install/j8_gui:/home/rhobtor/PHD/test_j8_hayat/J8/install/android_ros2_server:/home/rhobtor/PHD/test_j8_hayat/J8/install/GUI_pkg:/home/rhobtor/PHD/ARGOJ8_IA/ARGOSJ8_IA_/install/ntrip_client:/home/rhobtor/PHD/ARGOJ8_IA/ARGOSJ8_IA_/install/j8_gui:/home/rhobtor/PHD/ARGOJ8_IA/ARGOSJ8_IA_/install/car:/home/rhobtor/PHD/ARGOJ8_IA/ARGOSJ8_IA_/install/android_ros2_server:/home/rhobtor/PHD/ARGOJ8_IA/ARGOSJ8_IA_/install/GUI_pkg:/opt/ros/humble /opt/st/stm32cubeclt_1.18.0/CMake/bin/cmake --build /home/rhobtor/PHD/test_j8_hayat/J8/build/path_manager_interfaces -- -j16 -l16
[0.862s] [  1%] Built target path_manager_interfaces__cpp
[0.862s] [  2%] Built target path_manager_interfaces__rs
[0.862s] [  2%] Built target ament_cmake_python_copy_path_manager_interfaces
[0.862s] [ 13%] Built target path_manager_interfaces__rosidl_generator_c
[0.862s] [ 25%] Built target path_manager_interfaces__rosidl_typesupport_cpp
[0.862s] [ 36%] Built target path_manager_interfaces__rosidl_typesupport_introspection_cpp
[0.862s] [ 47%] Built target path_manager_interfaces__rosidl_typesupport_fastrtps_cpp
[0.862s] [ 59%] Built target path_manager_interfaces__rosidl_typesupport_c
[0.862s] [ 70%] Built target path_manager_interfaces__rosidl_typesupport_introspection_c
[0.863s] [ 81%] Built target path_manager_interfaces__rosidl_typesupport_fastrtps_c
[0.863s] [ 81%] Built target path_manager_interfaces
[0.863s] [ 82%] Built target path_manager_interfaces__py
[0.863s] [ 93%] Built target path_manager_interfaces__rosidl_generator_py
[0.863s] [ 95%] Built target path_manager_interfaces__rosidl_typesupport_fastrtps_c__pyext
[0.863s] [ 97%] Built target path_manager_interfaces__rosidl_typesupport_c__pyext
[0.863s] [100%] Built target path_manager_interfaces__rosidl_typesupport_introspection_c__pyext
[0.863s] running egg_info
[0.863s] writing path_manager_interfaces.egg-info/PKG-INFO
[0.863s] writing dependency_links to path_manager_interfaces.egg-info/dependency_links.txt
[0.863s] writing top-level names to path_manager_interfaces.egg-info/top_level.txt
[0.863s] reading manifest file 'path_manager_interfaces.egg-info/SOURCES.txt'
[0.863s] writing manifest file 'path_manager_interfaces.egg-info/SOURCES.txt'
[0.863s] [100%] Built target ament_cmake_python_build_path_manager_interfaces_egg
[0.879s] Invoked command in '/home/rhobtor/PHD/test_j8_hayat/J8/build/path_manager_interfaces' returned '0': CMAKE_PREFIX_PATH=${CMAKE_PREFIX_PATH}:/home/rhobtor/PHD/test_j8_hayat/J8/install/ntrip_client:/home/rhobtor/PHD/test_j8_hayat/J8/install/j8_gui:/home/rhobtor/PHD/test_j8_hayat/J8/install/android_ros2_server:/home/rhobtor/PHD/test_j8_hayat/J8/install/GUI_pkg:/home/rhobtor/PHD/ARGOJ8_IA/ARGOSJ8_IA_/install/ntrip_client:/home/rhobtor/PHD/ARGOJ8_IA/ARGOSJ8_IA_/install/j8_gui:/home/rhobtor/PHD/ARGOJ8_IA/ARGOSJ8_IA_/install/car:/home/rhobtor/PHD/ARGOJ8_IA/ARGOSJ8_IA_/install/android_ros2_server:/home/rhobtor/PHD/ARGOJ8_IA/ARGOSJ8_IA_/install/GUI_pkg:/opt/ros/humble /opt/st/stm32cubeclt_1.18.0/CMake/bin/cmake --build /home/rhobtor/PHD/test_j8_hayat/J8/build/path_manager_interfaces -- -j16 -l16
[0.881s] Invoking command in '/home/rhobtor/PHD/test_j8_hayat/J8/build/path_manager_interfaces': CMAKE_PREFIX_PATH=${CMAKE_PREFIX_PATH}:/home/rhobtor/PHD/test_j8_hayat/J8/install/ntrip_client:/home/rhobtor/PHD/test_j8_hayat/J8/install/j8_gui:/home/rhobtor/PHD/test_j8_hayat/J8/install/android_ros2_server:/home/rhobtor/PHD/test_j8_hayat/J8/install/GUI_pkg:/home/rhobtor/PHD/ARGOJ8_IA/ARGOSJ8_IA_/install/ntrip_client:/home/rhobtor/PHD/ARGOJ8_IA/ARGOSJ8_IA_/install/j8_gui:/home/rhobtor/PHD/ARGOJ8_IA/ARGOSJ8_IA_/install/car:/home/rhobtor/PHD/ARGOJ8_IA/ARGOSJ8_IA_/install/android_ros2_server:/home/rhobtor/PHD/ARGOJ8_IA/ARGOSJ8_IA_/install/GUI_pkg:/opt/ros/humble /opt/st/stm32cubeclt_1.18.0/CMake/bin/cmake --install /home/rhobtor/PHD/test_j8_hayat/J8/build/path_manager_interfaces
[1.070s] -- Install configuration: ""
[1.070s] -- Up-to-date: /home/rhobtor/PHD/test_j8_hayat/J8/install/path_manager_interfaces/share/ament_index/resource_index/rosidl_interfaces/path_manager_interfaces
[1.070s] -- Up-to-date: /home/rhobtor/PHD/test_j8_hayat/J8/install/path_manager_interfaces/include/path_manager_interfaces/path_manager_interfaces
[1.070s] -- Up-to-date: /home/rhobtor/PHD/test_j8_hayat/J8/install/path_manager_interfaces/include/path_manager_interfaces/path_manager_interfaces/srv
[1.070s] -- Up-to-date: /home/rhobtor/PHD/test_j8_hayat/J8/install/path_manager_interfaces/include/path_manager_interfaces/path_manager_interfaces/srv/plan_path.h
[1.070s] -- Up-to-date: /home/rhobtor/PHD/test_j8_hayat/J8/install/path_manager_interfaces/include/path_manager_interfaces/path_manager_interfaces/srv/assist_emergency.h
[1.070s] -- Up-to-date: /home/rhobtor/PHD/test_j8_hayat/J8/install/path_manager_interfaces/include/path_manager_interfaces/path_manager_interfaces/srv/robot_path.h
[1.071s] -- Up-to-date: /home/rhobtor/PHD/test_j8_hayat/J8/install/path_manager_interfaces/include/path_manager_interfaces/path_manager_interfaces/srv/return_robot_path.h
[1.071s] -- Up-to-date: /home/rhobtor/PHD/test_j8_hayat/J8/install/path_manager_interfaces/include/path_manager_interfaces/path_manager_interfaces/srv/get_ll_path.h
[1.071s] -- Up-to-date: /home/rhobtor/PHD/test_j8_hayat/J8/install/path_manager_interfaces/include/path_manager_interfaces/path_manager_interfaces/srv/detail
[1.071s] -- Up-to-date: /home/rhobtor/PHD/test_j8_hayat/J8/install/path_manager_interfaces/include/path_manager_interfaces/path_manager_interfaces/srv/detail/robot_path__functions.h
[1.071s] -- Up-to-date: /home/rhobtor/PHD/test_j8_hayat/J8/install/path_manager_interfaces/include/path_manager_interfaces/path_manager_interfaces/srv/detail/read_path_from_file__functions.c
[1.071s] -- Up-to-date: /home/rhobtor/PHD/test_j8_hayat/J8/install/path_manager_interfaces/include/path_manager_interfaces/path_manager_interfaces/srv/detail/return_robot_path__type_support.h
[1.071s] -- Up-to-date: /home/rhobtor/PHD/test_j8_hayat/J8/install/path_manager_interfaces/include/path_manager_interfaces/path_manager_interfaces/srv/detail/write_path_to_file__functions.h
[1.071s] -- Up-to-date: /home/rhobtor/PHD/test_j8_hayat/J8/install/path_manager_interfaces/include/path_manager_interfaces/path_manager_interfaces/srv/detail/plan_path__functions.c
[1.071s] -- Up-to-date: /home/rhobtor/PHD/test_j8_hayat/J8/install/path_manager_interfaces/include/path_manager_interfaces/path_manager_interfaces/srv/detail/return_robot_path__struct.h
[1.071s] -- Up-to-date: /home/rhobtor/PHD/test_j8_hayat/J8/install/path_manager_interfaces/include/path_manager_interfaces/path_manager_interfaces/srv/detail/get_fix_frame_path__functions.c
[1.071s] -- Up-to-date: /home/rhobtor/PHD/test_j8_hayat/J8/install/path_manager_interfaces/include/path_manager_interfaces/path_manager_interfaces/srv/detail/assist_emergency__struct.h
[1.071s] -- Up-to-date: /home/rhobtor/PHD/test_j8_hayat/J8/install/path_manager_interfaces/include/path_manager_interfaces/path_manager_interfaces/srv/detail/plan_path__type_support.h
[1.071s] -- Up-to-date: /home/rhobtor/PHD/test_j8_hayat/J8/install/path_manager_interfaces/include/path_manager_interfaces/path_manager_interfaces/srv/detail/assist_emergency__functions.c
[1.071s] -- Up-to-date: /home/rhobtor/PHD/test_j8_hayat/J8/install/path_manager_interfaces/include/path_manager_interfaces/path_manager_interfaces/srv/detail/read_path_from_file__type_support.h
[1.071s] -- Up-to-date: /home/rhobtor/PHD/test_j8_hayat/J8/install/path_manager_interfaces/include/path_manager_interfaces/path_manager_interfaces/srv/detail/get_ll_path__functions.h
[1.071s] -- Up-to-date: /home/rhobtor/PHD/test_j8_hayat/J8/install/path_manager_interfaces/include/path_manager_interfaces/path_manager_interfaces/srv/detail/get_ll_path__type_support.h
[1.071s] -- Up-to-date: /home/rhobtor/PHD/test_j8_hayat/J8/install/path_manager_interfaces/include/path_manager_interfaces/path_manager_interfaces/srv/detail/assist_emergency__type_support.h
[1.072s] -- Up-to-date: /home/rhobtor/PHD/test_j8_hayat/J8/install/path_manager_interfaces/include/path_manager_interfaces/path_manager_interfaces/srv/detail/write_path_to_file__functions.c
[1.072s] -- Up-to-date: /home/rhobtor/PHD/test_j8_hayat/J8/install/path_manager_interfaces/include/path_manager_interfaces/path_manager_interfaces/srv/detail/robot_path__functions.c
[1.072s] -- Up-to-date: /home/rhobtor/PHD/test_j8_hayat/J8/install/path_manager_interfaces/include/path_manager_interfaces/path_manager_interfaces/srv/detail/robot_path__type_support.h
[1.072s] -- Up-to-date: /home/rhobtor/PHD/test_j8_hayat/J8/install/path_manager_interfaces/include/path_manager_interfaces/path_manager_interfaces/srv/detail/return_robot_path__functions.h
[1.072s] -- Up-to-date: /home/rhobtor/PHD/test_j8_hayat/J8/install/path_manager_interfaces/include/path_manager_interfaces/path_manager_interfaces/srv/detail/get_fix_frame_path__functions.h
[1.072s] -- Up-to-date: /home/rhobtor/PHD/test_j8_hayat/J8/install/path_manager_interfaces/include/path_manager_interfaces/path_manager_interfaces/srv/detail/read_path_from_file__struct.h
[1.072s] -- Up-to-date: /home/rhobtor/PHD/test_j8_hayat/J8/install/path_manager_interfaces/include/path_manager_interfaces/path_manager_interfaces/srv/detail/plan_path__struct.h
[1.072s] -- Up-to-date: /home/rhobtor/PHD/test_j8_hayat/J8/install/path_manager_interfaces/include/path_manager_interfaces/path_manager_interfaces/srv/detail/assist_emergency__functions.h
[1.072s] -- Up-to-date: /home/rhobtor/PHD/test_j8_hayat/J8/install/path_manager_interfaces/include/path_manager_interfaces/path_manager_interfaces/srv/detail/write_path_to_file__struct.h
[1.072s] -- Up-to-date: /home/rhobtor/PHD/test_j8_hayat/J8/install/path_manager_interfaces/include/path_manager_interfaces/path_manager_interfaces/srv/detail/get_fix_frame_path__struct.h
[1.072s] -- Up-to-date: /home/rhobtor/PHD/test_j8_hayat/J8/install/path_manager_interfaces/include/path_manager_interfaces/path_manager_interfaces/srv/detail/get_ll_path__functions.c
[1.072s] -- Up-to-date: /home/rhobtor/PHD/test_j8_hayat/J8/install/path_manager_interfaces/include/path_manager_interfaces/path_manager_interfaces/srv/detail/write_path_to_file__type_support.h
[1.072s] -- Up-to-date: /home/rhobtor/PHD/test_j8_hayat/J8/install/path_manager_interfaces/include/path_manager_interfaces/path_manager_interfaces/srv/detail/return_robot_path__functions.c
[1.072s] -- Up-to-date: /home/rhobtor/PHD/test_j8_hayat/J8/install/path_manager_interfaces/include/path_manager_interfaces/path_manager_interfaces/srv/detail/get_ll_path__struct.h
[1.072s] -- Up-to-date: /home/rhobtor/PHD/test_j8_hayat/J8/install/path_manager_interfaces/include/path_manager_interfaces/path_manager_interfaces/srv/detail/robot_path__struct.h
[1.073s] -- Up-to-date: /home/rhobtor/PHD/test_j8_hayat/J8/install/path_manager_interfaces/include/path_manager_interfaces/path_manager_interfaces/srv/detail/read_path_from_file__functions.h
[1.073s] -- Up-to-date: /home/rhobtor/PHD/test_j8_hayat/J8/install/path_manager_interfaces/include/path_manager_interfaces/path_manager_interfaces/srv/detail/plan_path__functions.h
[1.073s] -- Up-to-date: /home/rhobtor/PHD/test_j8_hayat/J8/install/path_manager_interfaces/include/path_manager_interfaces/path_manager_interfaces/srv/detail/get_fix_frame_path__type_support.h
[1.073s] -- Up-to-date: /home/rhobtor/PHD/test_j8_hayat/J8/install/path_manager_interfaces/include/path_manager_interfaces/path_manager_interfaces/srv/get_fix_frame_path.h
[1.073s] -- Up-to-date: /home/rhobtor/PHD/test_j8_hayat/J8/install/path_manager_interfaces/include/path_manager_interfaces/path_manager_interfaces/srv/write_path_to_file.h
[1.073s] -- Up-to-date: /home/rhobtor/PHD/test_j8_hayat/J8/install/path_manager_interfaces/include/path_manager_interfaces/path_manager_interfaces/srv/read_path_from_file.h
[1.073s] -- Up-to-date: /home/rhobtor/PHD/test_j8_hayat/J8/install/path_manager_interfaces/include/path_manager_interfaces/path_manager_interfaces/msg
[1.073s] -- Up-to-date: /home/rhobtor/PHD/test_j8_hayat/J8/install/path_manager_interfaces/include/path_manager_interfaces/path_manager_interfaces/msg/rosidl_generator_c__visibility_control.h
[1.073s] -- Up-to-date: /home/rhobtor/PHD/test_j8_hayat/J8/install/path_manager_interfaces/share/path_manager_interfaces/environment/library_path.sh
[1.073s] -- Up-to-date: /home/rhobtor/PHD/test_j8_hayat/J8/install/path_manager_interfaces/share/path_manager_interfaces/environment/library_path.dsv
[1.073s] -- Up-to-date: /home/rhobtor/PHD/test_j8_hayat/J8/install/path_manager_interfaces/lib/libpath_manager_interfaces__rosidl_generator_c.so
[1.073s] -- Up-to-date: /home/rhobtor/PHD/test_j8_hayat/J8/install/path_manager_interfaces/include/path_manager_interfaces/path_manager_interfaces
[1.073s] -- Up-to-date: /home/rhobtor/PHD/test_j8_hayat/J8/install/path_manager_interfaces/include/path_manager_interfaces/path_manager_interfaces/srv
[1.073s] -- Up-to-date: /home/rhobtor/PHD/test_j8_hayat/J8/install/path_manager_interfaces/include/path_manager_interfaces/path_manager_interfaces/srv/detail
[1.073s] -- Up-to-date: /home/rhobtor/PHD/test_j8_hayat/J8/install/path_manager_interfaces/include/path_manager_interfaces/path_manager_interfaces/srv/detail/get_fix_frame_path__rosidl_typesupport_fastrtps_c.h
[1.073s] -- Up-to-date: /home/rhobtor/PHD/test_j8_hayat/J8/install/path_manager_interfaces/include/path_manager_interfaces/path_manager_interfaces/srv/detail/get_ll_path__rosidl_typesupport_fastrtps_c.h
[1.073s] -- Up-to-date: /home/rhobtor/PHD/test_j8_hayat/J8/install/path_manager_interfaces/include/path_manager_interfaces/path_manager_interfaces/srv/detail/assist_emergency__rosidl_typesupport_fastrtps_c.h
[1.073s] -- Up-to-date: /home/rhobtor/PHD/test_j8_hayat/J8/install/path_manager_interfaces/include/path_manager_interfaces/path_manager_interfaces/srv/detail/write_path_to_file__rosidl_typesupport_fastrtps_c.h
[1.073s] -- Up-to-date: /home/rhobtor/PHD/test_j8_hayat/J8/install/path_manager_interfaces/include/path_manager_interfaces/path_manager_interfaces/srv/detail/return_robot_path__rosidl_typesupport_fastrtps_c.h
[1.073s] -- Up-to-date: /home/rhobtor/PHD/test_j8_hayat/J8/install/path_manager_interfaces/include/path_manager_interfaces/path_manager_interfaces/srv/detail/robot_path__rosidl_typesupport_fastrtps_c.h
[1.074s] -- Up-to-date: /home/rhobtor/PHD/test_j8_hayat/J8/install/path_manager_interfaces/include/path_manager_interfaces/path_manager_interfaces/srv/detail/plan_path__rosidl_typesupport_fastrtps_c.h
[1.074s] -- Up-to-date: /home/rhobtor/PHD/test_j8_hayat/J8/install/path_manager_interfaces/include/path_manager_interfaces/path_manager_interfaces/srv/detail/read_path_from_file__rosidl_typesupport_fastrtps_c.h
[1.074s] -- Up-to-date: /home/rhobtor/PHD/test_j8_hayat/J8/install/path_manager_interfaces/include/path_manager_interfaces/path_manager_interfaces/msg
[1.074s] -- Up-to-date: /home/rhobtor/PHD/test_j8_hayat/J8/install/path_manager_interfaces/include/path_manager_interfaces/path_manager_interfaces/msg/rosidl_typesupport_fastrtps_c__visibility_control.h
[1.074s] -- Up-to-date: /home/rhobtor/PHD/test_j8_hayat/J8/install/path_manager_interfaces/lib/libpath_manager_interfaces__rosidl_typesupport_fastrtps_c.so
[1.074s] -- Up-to-date: /home/rhobtor/PHD/test_j8_hayat/J8/install/path_manager_interfaces/include/path_manager_interfaces/path_manager_interfaces
[1.074s] -- Up-to-date: /home/rhobtor/PHD/test_j8_hayat/J8/install/path_manager_interfaces/include/path_manager_interfaces/path_manager_interfaces/srv
[1.075s] -- Up-to-date: /home/rhobtor/PHD/test_j8_hayat/J8/install/path_manager_interfaces/include/path_manager_interfaces/path_manager_interfaces/srv/detail
[1.075s] -- Up-to-date: /home/rhobtor/PHD/test_j8_hayat/J8/install/path_manager_interfaces/include/path_manager_interfaces/path_manager_interfaces/srv/detail/robot_path__rosidl_typesupport_introspection_c.h
[1.075s] -- Up-to-date: /home/rhobtor/PHD/test_j8_hayat/J8/install/path_manager_interfaces/include/path_manager_interfaces/path_manager_interfaces/srv/detail/get_ll_path__type_support.c
[1.075s] -- Up-to-date: /home/rhobtor/PHD/test_j8_hayat/J8/install/path_manager_interfaces/include/path_manager_interfaces/path_manager_interfaces/srv/detail/assist_emergency__rosidl_typesupport_introspection_c.h
[1.075s] -- Up-to-date: /home/rhobtor/PHD/test_j8_hayat/J8/install/path_manager_interfaces/include/path_manager_interfaces/path_manager_interfaces/srv/detail/write_path_to_file__type_support.c
[1.075s] -- Up-to-date: /home/rhobtor/PHD/test_j8_hayat/J8/install/path_manager_interfaces/include/path_manager_interfaces/path_manager_interfaces/srv/detail/read_path_from_file__type_support.c
[1.075s] -- Up-to-date: /home/rhobtor/PHD/test_j8_hayat/J8/install/path_manager_interfaces/include/path_manager_interfaces/path_manager_interfaces/srv/detail/read_path_from_file__rosidl_typesupport_introspection_c.h
[1.075s] -- Up-to-date: /home/rhobtor/PHD/test_j8_hayat/J8/install/path_manager_interfaces/include/path_manager_interfaces/path_manager_interfaces/srv/detail/return_robot_path__rosidl_typesupport_introspection_c.h
[1.075s] -- Up-to-date: /home/rhobtor/PHD/test_j8_hayat/J8/install/path_manager_interfaces/include/path_manager_interfaces/path_manager_interfaces/srv/detail/get_fix_frame_path__rosidl_typesupport_introspection_c.h
[1.075s] -- Up-to-date: /home/rhobtor/PHD/test_j8_hayat/J8/install/path_manager_interfaces/include/path_manager_interfaces/path_manager_interfaces/srv/detail/plan_path__rosidl_typesupport_introspection_c.h
[1.075s] -- Up-to-date: /home/rhobtor/PHD/test_j8_hayat/J8/install/path_manager_interfaces/include/path_manager_interfaces/path_manager_interfaces/srv/detail/return_robot_path__type_support.c
[1.075s] -- Up-to-date: /home/rhobtor/PHD/test_j8_hayat/J8/install/path_manager_interfaces/include/path_manager_interfaces/path_manager_interfaces/srv/detail/write_path_to_file__rosidl_typesupport_introspection_c.h
[1.075s] -- Up-to-date: /home/rhobtor/PHD/test_j8_hayat/J8/install/path_manager_interfaces/include/path_manager_interfaces/path_manager_interfaces/srv/detail/get_ll_path__rosidl_typesupport_introspection_c.h
[1.075s] -- Up-to-date: /home/rhobtor/PHD/test_j8_hayat/J8/install/path_manager_interfaces/include/path_manager_interfaces/path_manager_interfaces/srv/detail/robot_path__type_support.c
[1.075s] -- Up-to-date: /home/rhobtor/PHD/test_j8_hayat/J8/install/path_manager_interfaces/include/path_manager_interfaces/path_manager_interfaces/srv/detail/plan_path__type_support.c
[1.075s] -- Up-to-date: /home/rhobtor/PHD/test_j8_hayat/J8/install/path_manager_interfaces/include/path_manager_interfaces/path_manager_interfaces/srv/detail/get_fix_frame_path__type_support.c
[1.075s] -- Up-to-date: /home/rhobtor/PHD/test_j8_hayat/J8/install/path_manager_interfaces/include/path_manager_interfaces/path_manager_interfaces/srv/detail/assist_emergency__type_support.c
[1.075s] -- Up-to-date: /home/rhobtor/PHD/test_j8_hayat/J8/install/path_manager_interfaces/include/path_manager_interfaces/path_manager_interfaces/msg
[1.075s] -- Up-to-date: /home/rhobtor/PHD/test_j8_hayat/J8/install/path_manager_interfaces/include/path_manager_interfaces/path_manager_interfaces/msg/rosidl_typesupport_introspection_c__visibility_control.h
[1.075s] -- Up-to-date: /home/rhobtor/PHD/test_j8_hayat/J8/install/path_manager_interfaces/lib/libpath_manager_interfaces__rosidl_typesupport_introspection_c.so
[1.075s] -- Up-to-date: /home/rhobtor/PHD/test_j8_hayat/J8/install/path_manager_interfaces/lib/libpath_manager_interfaces__rosidl_typesupport_c.so
[1.075s] -- Up-to-date: /home/rhobtor/PHD/test_j8_hayat/J8/install/path_manager_interfaces/include/path_manager_interfaces/path_manager_interfaces
[1.075s] -- Up-to-date: /home/rhobtor/PHD/test_j8_hayat/J8/install/path_manager_interfaces/include/path_manager_interfaces/path_manager_interfaces/srv
[1.075s] -- Up-to-date: /home/rhobtor/PHD/test_j8_hayat/J8/install/path_manager_interfaces/include/path_manager_interfaces/path_manager_interfaces/srv/robot_path.hpp
[1.076s] -- Up-to-date: /home/rhobtor/PHD/test_j8_hayat/J8/install/path_manager_interfaces/include/path_manager_interfaces/path_manager_interfaces/srv/get_fix_frame_path.hpp
[1.076s] -- Up-to-date: /home/rhobtor/PHD/test_j8_hayat/J8/install/path_manager_interfaces/include/path_manager_interfaces/path_manager_interfaces/srv/write_path_to_file.hpp
[1.076s] -- Up-to-date: /home/rhobtor/PHD/test_j8_hayat/J8/install/path_manager_interfaces/include/path_manager_interfaces/path_manager_interfaces/srv/detail
[1.076s] -- Up-to-date: /home/rhobtor/PHD/test_j8_hayat/J8/install/path_manager_interfaces/include/path_manager_interfaces/path_manager_interfaces/srv/detail/read_path_from_file__type_support.hpp
[1.076s] -- Up-to-date: /home/rhobtor/PHD/test_j8_hayat/J8/install/path_manager_interfaces/include/path_manager_interfaces/path_manager_interfaces/srv/detail/write_path_to_file__type_support.hpp
[1.076s] -- Up-to-date: /home/rhobtor/PHD/test_j8_hayat/J8/install/path_manager_interfaces/include/path_manager_interfaces/path_manager_interfaces/srv/detail/return_robot_path__builder.hpp
[1.076s] -- Up-to-date: /home/rhobtor/PHD/test_j8_hayat/J8/install/path_manager_interfaces/include/path_manager_interfaces/path_manager_interfaces/srv/detail/robot_path__type_support.hpp
[1.076s] -- Up-to-date: /home/rhobtor/PHD/test_j8_hayat/J8/install/path_manager_interfaces/include/path_manager_interfaces/path_manager_interfaces/srv/detail/robot_path__struct.hpp
[1.076s] -- Up-to-date: /home/rhobtor/PHD/test_j8_hayat/J8/install/path_manager_interfaces/include/path_manager_interfaces/path_manager_interfaces/srv/detail/write_path_to_file__builder.hpp
[1.076s] -- Up-to-date: /home/rhobtor/PHD/test_j8_hayat/J8/install/path_manager_interfaces/include/path_manager_interfaces/path_manager_interfaces/srv/detail/get_ll_path__builder.hpp
[1.076s] -- Up-to-date: /home/rhobtor/PHD/test_j8_hayat/J8/install/path_manager_interfaces/include/path_manager_interfaces/path_manager_interfaces/srv/detail/return_robot_path__traits.hpp
[1.076s] -- Up-to-date: /home/rhobtor/PHD/test_j8_hayat/J8/install/path_manager_interfaces/include/path_manager_interfaces/path_manager_interfaces/srv/detail/read_path_from_file__struct.hpp
[1.076s] -- Up-to-date: /home/rhobtor/PHD/test_j8_hayat/J8/install/path_manager_interfaces/include/path_manager_interfaces/path_manager_interfaces/srv/detail/plan_path__struct.hpp
[1.076s] -- Up-to-date: /home/rhobtor/PHD/test_j8_hayat/J8/install/path_manager_interfaces/include/path_manager_interfaces/path_manager_interfaces/srv/detail/return_robot_path__type_support.hpp
[1.076s] -- Up-to-date: /home/rhobtor/PHD/test_j8_hayat/J8/install/path_manager_interfaces/include/path_manager_interfaces/path_manager_interfaces/srv/detail/get_ll_path__struct.hpp
[1.076s] -- Up-to-date: /home/rhobtor/PHD/test_j8_hayat/J8/install/path_manager_interfaces/include/path_manager_interfaces/path_manager_interfaces/srv/detail/get_fix_frame_path__type_support.hpp
[1.076s] -- Up-to-date: /home/rhobtor/PHD/test_j8_hayat/J8/install/path_manager_interfaces/include/path_manager_interfaces/path_manager_interfaces/srv/detail/write_path_to_file__traits.hpp
[1.076s] -- Up-to-date: /home/rhobtor/PHD/test_j8_hayat/J8/install/path_manager_interfaces/include/path_manager_interfaces/path_manager_interfaces/srv/detail/plan_path__builder.hpp
[1.076s] -- Up-to-date: /home/rhobtor/PHD/test_j8_hayat/J8/install/path_manager_interfaces/include/path_manager_interfaces/path_manager_interfaces/srv/detail/get_fix_frame_path__struct.hpp
[1.076s] -- Up-to-date: /home/rhobtor/PHD/test_j8_hayat/J8/install/path_manager_interfaces/include/path_manager_interfaces/path_manager_interfaces/srv/detail/assist_emergency__type_support.hpp
[1.076s] -- Up-to-date: /home/rhobtor/PHD/test_j8_hayat/J8/install/path_manager_interfaces/include/path_manager_interfaces/path_manager_interfaces/srv/detail/get_ll_path__type_support.hpp
[1.077s] -- Up-to-date: /home/rhobtor/PHD/test_j8_hayat/J8/install/path_manager_interfaces/include/path_manager_interfaces/path_manager_interfaces/srv/detail/return_robot_path__struct.hpp
[1.077s] -- Up-to-date: /home/rhobtor/PHD/test_j8_hayat/J8/install/path_manager_interfaces/include/path_manager_interfaces/path_manager_interfaces/srv/detail/plan_path__traits.hpp
[1.077s] -- Up-to-date: /home/rhobtor/PHD/test_j8_hayat/J8/install/path_manager_interfaces/include/path_manager_interfaces/path_manager_interfaces/srv/detail/get_fix_frame_path__builder.hpp
[1.077s] -- Up-to-date: /home/rhobtor/PHD/test_j8_hayat/J8/install/path_manager_interfaces/include/path_manager_interfaces/path_manager_interfaces/srv/detail/plan_path__type_support.hpp
[1.077s] -- Up-to-date: /home/rhobtor/PHD/test_j8_hayat/J8/install/path_manager_interfaces/include/path_manager_interfaces/path_manager_interfaces/srv/detail/assist_emergency__builder.hpp
[1.077s] -- Up-to-date: /home/rhobtor/PHD/test_j8_hayat/J8/install/path_manager_interfaces/include/path_manager_interfaces/path_manager_interfaces/srv/detail/get_fix_frame_path__traits.hpp
[1.077s] -- Up-to-date: /home/rhobtor/PHD/test_j8_hayat/J8/install/path_manager_interfaces/include/path_manager_interfaces/path_manager_interfaces/srv/detail/read_path_from_file__builder.hpp
[1.081s] -- Up-to-date: /home/rhobtor/PHD/test_j8_hayat/J8/install/path_manager_interfaces/include/path_manager_interfaces/path_manager_interfaces/srv/detail/assist_emergency__struct.hpp
[1.081s] -- Up-to-date: /home/rhobtor/PHD/test_j8_hayat/J8/install/path_manager_interfaces/include/path_manager_interfaces/path_manager_interfaces/srv/detail/assist_emergency__traits.hpp
[1.082s] -- Up-to-date: /home/rhobtor/PHD/test_j8_hayat/J8/install/path_manager_interfaces/include/path_manager_interfaces/path_manager_interfaces/srv/detail/robot_path__traits.hpp
[1.082s] -- Up-to-date: /home/rhobtor/PHD/test_j8_hayat/J8/install/path_manager_interfaces/include/path_manager_interfaces/path_manager_interfaces/srv/detail/write_path_to_file__struct.hpp
[1.082s] -- Up-to-date: /home/rhobtor/PHD/test_j8_hayat/J8/install/path_manager_interfaces/include/path_manager_interfaces/path_manager_interfaces/srv/detail/robot_path__builder.hpp
[1.082s] -- Up-to-date: /home/rhobtor/PHD/test_j8_hayat/J8/install/path_manager_interfaces/include/path_manager_interfaces/path_manager_interfaces/srv/detail/read_path_from_file__traits.hpp
[1.082s] -- Up-to-date: /home/rhobtor/PHD/test_j8_hayat/J8/install/path_manager_interfaces/include/path_manager_interfaces/path_manager_interfaces/srv/detail/get_ll_path__traits.hpp
[1.083s] -- Up-to-date: /home/rhobtor/PHD/test_j8_hayat/J8/install/path_manager_interfaces/include/path_manager_interfaces/path_manager_interfaces/srv/return_robot_path.hpp
[1.083s] -- Up-to-date: /home/rhobtor/PHD/test_j8_hayat/J8/install/path_manager_interfaces/include/path_manager_interfaces/path_manager_interfaces/srv/plan_path.hpp
[1.083s] -- Up-to-date: /home/rhobtor/PHD/test_j8_hayat/J8/install/path_manager_interfaces/include/path_manager_interfaces/path_manager_interfaces/srv/read_path_from_file.hpp
[1.083s] -- Up-to-date: /home/rhobtor/PHD/test_j8_hayat/J8/install/path_manager_interfaces/include/path_manager_interfaces/path_manager_interfaces/srv/assist_emergency.hpp
[1.083s] -- Up-to-date: /home/rhobtor/PHD/test_j8_hayat/J8/install/path_manager_interfaces/include/path_manager_interfaces/path_manager_interfaces/srv/get_ll_path.hpp
[1.084s] -- Up-to-date: /home/rhobtor/PHD/test_j8_hayat/J8/install/path_manager_interfaces/include/path_manager_interfaces/path_manager_interfaces/msg
[1.084s] -- Up-to-date: /home/rhobtor/PHD/test_j8_hayat/J8/install/path_manager_interfaces/include/path_manager_interfaces/path_manager_interfaces/msg/rosidl_generator_cpp__visibility_control.hpp
[1.084s] -- Up-to-date: /home/rhobtor/PHD/test_j8_hayat/J8/install/path_manager_interfaces/include/path_manager_interfaces/path_manager_interfaces
[1.084s] -- Up-to-date: /home/rhobtor/PHD/test_j8_hayat/J8/install/path_manager_interfaces/include/path_manager_interfaces/path_manager_interfaces/srv
[1.085s] -- Up-to-date: /home/rhobtor/PHD/test_j8_hayat/J8/install/path_manager_interfaces/include/path_manager_interfaces/path_manager_interfaces/srv/detail
[1.085s] -- Up-to-date: /home/rhobtor/PHD/test_j8_hayat/J8/install/path_manager_interfaces/include/path_manager_interfaces/path_manager_interfaces/srv/detail/robot_path__rosidl_typesupport_fastrtps_cpp.hpp
[1.085s] -- Up-to-date: /home/rhobtor/PHD/test_j8_hayat/J8/install/path_manager_interfaces/include/path_manager_interfaces/path_manager_interfaces/srv/detail/plan_path__rosidl_typesupport_fastrtps_cpp.hpp
[1.085s] -- Up-to-date: /home/rhobtor/PHD/test_j8_hayat/J8/install/path_manager_interfaces/include/path_manager_interfaces/path_manager_interfaces/srv/detail/write_path_to_file__rosidl_typesupport_fastrtps_cpp.hpp
[1.085s] -- Up-to-date: /home/rhobtor/PHD/test_j8_hayat/J8/install/path_manager_interfaces/include/path_manager_interfaces/path_manager_interfaces/srv/detail/return_robot_path__rosidl_typesupport_fastrtps_cpp.hpp
[1.085s] -- Up-to-date: /home/rhobtor/PHD/test_j8_hayat/J8/install/path_manager_interfaces/include/path_manager_interfaces/path_manager_interfaces/srv/detail/get_fix_frame_path__rosidl_typesupport_fastrtps_cpp.hpp
[1.085s] -- Up-to-date: /home/rhobtor/PHD/test_j8_hayat/J8/install/path_manager_interfaces/include/path_manager_interfaces/path_manager_interfaces/srv/detail/get_ll_path__rosidl_typesupport_fastrtps_cpp.hpp
[1.100s] -- Up-to-date: /home/rhobtor/PHD/test_j8_hayat/J8/install/path_manager_interfaces/include/path_manager_interfaces/path_manager_interfaces/srv/detail/dds_fastrtps
[1.100s] -- Up-to-date: /home/rhobtor/PHD/test_j8_hayat/J8/install/path_manager_interfaces/include/path_manager_interfaces/path_manager_interfaces/srv/detail/read_path_from_file__rosidl_typesupport_fastrtps_cpp.hpp
[1.100s] -- Up-to-date: /home/rhobtor/PHD/test_j8_hayat/J8/install/path_manager_interfaces/include/path_manager_interfaces/path_manager_interfaces/srv/detail/assist_emergency__rosidl_typesupport_fastrtps_cpp.hpp
[1.100s] -- Up-to-date: /home/rhobtor/PHD/test_j8_hayat/J8/install/path_manager_interfaces/include/path_manager_interfaces/path_manager_interfaces/msg
[1.101s] -- Up-to-date: /home/rhobtor/PHD/test_j8_hayat/J8/install/path_manager_interfaces/include/path_manager_interfaces/path_manager_interfaces/msg/rosidl_typesupport_fastrtps_cpp__visibility_control.h
[1.101s] -- Up-to-date: /home/rhobtor/PHD/test_j8_hayat/J8/install/path_manager_interfaces/lib/libpath_manager_interfaces__rosidl_typesupport_fastrtps_cpp.so
[1.101s] -- Up-to-date: /home/rhobtor/PHD/test_j8_hayat/J8/install/path_manager_interfaces/include/path_manager_interfaces/path_manager_interfaces
[1.101s] -- Up-to-date: /home/rhobtor/PHD/test_j8_hayat/J8/install/path_manager_interfaces/include/path_manager_interfaces/path_manager_interfaces/srv
[1.101s] -- Up-to-date: /home/rhobtor/PHD/test_j8_hayat/J8/install/path_manager_interfaces/include/path_manager_interfaces/path_manager_interfaces/srv/detail
[1.102s] -- Up-to-date: /home/rhobtor/PHD/test_j8_hayat/J8/install/path_manager_interfaces/include/path_manager_interfaces/path_manager_interfaces/srv/detail/robot_path__rosidl_typesupport_introspection_cpp.hpp
[1.102s] -- Up-to-date: /home/rhobtor/PHD/test_j8_hayat/J8/install/path_manager_interfaces/include/path_manager_interfaces/path_manager_interfaces/srv/detail/get_fix_frame_path__type_support.cpp
[1.102s] -- Up-to-date: /home/rhobtor/PHD/test_j8_hayat/J8/install/path_manager_interfaces/include/path_manager_interfaces/path_manager_interfaces/srv/detail/get_fix_frame_path__rosidl_typesupport_introspection_cpp.hpp
[1.102s] -- Up-to-date: /home/rhobtor/PHD/test_j8_hayat/J8/install/path_manager_interfaces/include/path_manager_interfaces/path_manager_interfaces/srv/detail/assist_emergency__type_support.cpp
[1.102s] -- Up-to-date: /home/rhobtor/PHD/test_j8_hayat/J8/install/path_manager_interfaces/include/path_manager_interfaces/path_manager_interfaces/srv/detail/plan_path__type_support.cpp
[1.102s] -- Up-to-date: /home/rhobtor/PHD/test_j8_hayat/J8/install/path_manager_interfaces/include/path_manager_interfaces/path_manager_interfaces/srv/detail/get_ll_path__type_support.cpp
[1.102s] -- Up-to-date: /home/rhobtor/PHD/test_j8_hayat/J8/install/path_manager_interfaces/include/path_manager_interfaces/path_manager_interfaces/srv/detail/write_path_to_file__rosidl_typesupport_introspection_cpp.hpp
[1.102s] -- Up-to-date: /home/rhobtor/PHD/test_j8_hayat/J8/install/path_manager_interfaces/include/path_manager_interfaces/path_manager_interfaces/srv/detail/return_robot_path__rosidl_typesupport_introspection_cpp.hpp
[1.102s] -- Up-to-date: /home/rhobtor/PHD/test_j8_hayat/J8/install/path_manager_interfaces/include/path_manager_interfaces/path_manager_interfaces/srv/detail/read_path_from_file__rosidl_typesupport_introspection_cpp.hpp
[1.102s] -- Up-to-date: /home/rhobtor/PHD/test_j8_hayat/J8/install/path_manager_interfaces/include/path_manager_interfaces/path_manager_interfaces/srv/detail/robot_path__type_support.cpp
[1.102s] -- Up-to-date: /home/rhobtor/PHD/test_j8_hayat/J8/install/path_manager_interfaces/include/path_manager_interfaces/path_manager_interfaces/srv/detail/return_robot_path__type_support.cpp
[1.102s] -- Up-to-date: /home/rhobtor/PHD/test_j8_hayat/J8/install/path_manager_interfaces/include/path_manager_interfaces/path_manager_interfaces/srv/detail/assist_emergency__rosidl_typesupport_introspection_cpp.hpp
[1.102s] -- Up-to-date: /home/rhobtor/PHD/test_j8_hayat/J8/install/path_manager_interfaces/include/path_manager_interfaces/path_manager_interfaces/srv/detail/read_path_from_file__type_support.cpp
[1.117s] -- Up-to-date: /home/rhobtor/PHD/test_j8_hayat/J8/install/path_manager_interfaces/include/path_manager_interfaces/path_manager_interfaces/srv/detail/write_path_to_file__type_support.cpp
[1.117s] -- Up-to-date: /home/rhobtor/PHD/test_j8_hayat/J8/install/path_manager_interfaces/include/path_manager_interfaces/path_manager_interfaces/srv/detail/plan_path__rosidl_typesupport_introspection_cpp.hpp
[1.117s] -- Up-to-date: /home/rhobtor/PHD/test_j8_hayat/J8/install/path_manager_interfaces/include/path_manager_interfaces/path_manager_interfaces/srv/detail/get_ll_path__rosidl_typesupport_introspection_cpp.hpp
[1.117s] -- Up-to-date: /home/rhobtor/PHD/test_j8_hayat/J8/install/path_manager_interfaces/lib/libpath_manager_interfaces__rosidl_typesupport_introspection_cpp.so
[1.117s] -- Up-to-date: /home/rhobtor/PHD/test_j8_hayat/J8/install/path_manager_interfaces/lib/libpath_manager_interfaces__rosidl_typesupport_cpp.so
[1.117s] -- Up-to-date: /home/rhobtor/PHD/test_j8_hayat/J8/install/path_manager_interfaces/share/path_manager_interfaces/environment/pythonpath.sh
[1.117s] -- Up-to-date: /home/rhobtor/PHD/test_j8_hayat/J8/install/path_manager_interfaces/share/path_manager_interfaces/environment/pythonpath.dsv
[1.117s] -- Up-to-date: /home/rhobtor/PHD/test_j8_hayat/J8/install/path_manager_interfaces/local/lib/python3.10/dist-packages/path_manager_interfaces-0.0.0-py3.10.egg-info
[1.117s] -- Installing: /home/rhobtor/PHD/test_j8_hayat/J8/install/path_manager_interfaces/local/lib/python3.10/dist-packages/path_manager_interfaces-0.0.0-py3.10.egg-info/top_level.txt
[1.117s] -- Installing: /home/rhobtor/PHD/test_j8_hayat/J8/install/path_manager_interfaces/local/lib/python3.10/dist-packages/path_manager_interfaces-0.0.0-py3.10.egg-info/SOURCES.txt
[1.117s] -- Installing: /home/rhobtor/PHD/test_j8_hayat/J8/install/path_manager_interfaces/local/lib/python3.10/dist-packages/path_manager_interfaces-0.0.0-py3.10.egg-info/PKG-INFO
[1.117s] -- Installing: /home/rhobtor/PHD/test_j8_hayat/J8/install/path_manager_interfaces/local/lib/python3.10/dist-packages/path_manager_interfaces-0.0.0-py3.10.egg-info/dependency_links.txt
[1.117s] -- Up-to-date: /home/rhobtor/PHD/test_j8_hayat/J8/install/path_manager_interfaces/local/lib/python3.10/dist-packages/path_manager_interfaces
[1.117s] -- Up-to-date: /home/rhobtor/PHD/test_j8_hayat/J8/install/path_manager_interfaces/local/lib/python3.10/dist-packages/path_manager_interfaces/path_manager_interfaces_s__rosidl_typesupport_fastrtps_c.cpython-310-x86_64-linux-gnu.so
[1.117s] -- Up-to-date: /home/rhobtor/PHD/test_j8_hayat/J8/install/path_manager_interfaces/local/lib/python3.10/dist-packages/path_manager_interfaces/srv
[1.117s] -- Up-to-date: /home/rhobtor/PHD/test_j8_hayat/J8/install/path_manager_interfaces/local/lib/python3.10/dist-packages/path_manager_interfaces/srv/_get_ll_path.py
[1.117s] -- Up-to-date: /home/rhobtor/PHD/test_j8_hayat/J8/install/path_manager_interfaces/local/lib/python3.10/dist-packages/path_manager_interfaces/srv/_read_path_from_file.py
[1.117s] -- Up-to-date: /home/rhobtor/PHD/test_j8_hayat/J8/install/path_manager_interfaces/local/lib/python3.10/dist-packages/path_manager_interfaces/srv/_read_path_from_file_s.c
[1.117s] -- Up-to-date: /home/rhobtor/PHD/test_j8_hayat/J8/install/path_manager_interfaces/local/lib/python3.10/dist-packages/path_manager_interfaces/srv/_get_ll_path_s.c
[1.117s] -- Up-to-date: /home/rhobtor/PHD/test_j8_hayat/J8/install/path_manager_interfaces/local/lib/python3.10/dist-packages/path_manager_interfaces/srv/_return_robot_path_s.c
[1.118s] -- Up-to-date: /home/rhobtor/PHD/test_j8_hayat/J8/install/path_manager_interfaces/local/lib/python3.10/dist-packages/path_manager_interfaces/srv/_robot_path_s.c
[1.118s] -- Up-to-date: /home/rhobtor/PHD/test_j8_hayat/J8/install/path_manager_interfaces/local/lib/python3.10/dist-packages/path_manager_interfaces/srv/_write_path_to_file.py
[1.118s] -- Up-to-date: /home/rhobtor/PHD/test_j8_hayat/J8/install/path_manager_interfaces/local/lib/python3.10/dist-packages/path_manager_interfaces/srv/_robot_path.py
[1.118s] -- Up-to-date: /home/rhobtor/PHD/test_j8_hayat/J8/install/path_manager_interfaces/local/lib/python3.10/dist-packages/path_manager_interfaces/srv/_plan_path.py
[1.118s] -- Up-to-date: /home/rhobtor/PHD/test_j8_hayat/J8/install/path_manager_interfaces/local/lib/python3.10/dist-packages/path_manager_interfaces/srv/_return_robot_path.py
[1.121s] -- Up-to-date: /home/rhobtor/PHD/test_j8_hayat/J8/install/path_manager_interfaces/local/lib/python3.10/dist-packages/path_manager_interfaces/srv/_get_fix_frame_path_s.c
[1.121s] -- Up-to-date: /home/rhobtor/PHD/test_j8_hayat/J8/install/path_manager_interfaces/local/lib/python3.10/dist-packages/path_manager_interfaces/srv/__init__.py
[1.121s] -- Up-to-date: /home/rhobtor/PHD/test_j8_hayat/J8/install/path_manager_interfaces/local/lib/python3.10/dist-packages/path_manager_interfaces/srv/_write_path_to_file_s.c
[1.121s] -- Up-to-date: /home/rhobtor/PHD/test_j8_hayat/J8/install/path_manager_interfaces/local/lib/python3.10/dist-packages/path_manager_interfaces/srv/_plan_path_s.c
[1.121s] -- Up-to-date: /home/rhobtor/PHD/test_j8_hayat/J8/install/path_manager_interfaces/local/lib/python3.10/dist-packages/path_manager_interfaces/srv/_assist_emergency_s.c
[1.121s] -- Up-to-date: /home/rhobtor/PHD/test_j8_hayat/J8/install/path_manager_interfaces/local/lib/python3.10/dist-packages/path_manager_interfaces/srv/_get_fix_frame_path.py
[1.121s] -- Up-to-date: /home/rhobtor/PHD/test_j8_hayat/J8/install/path_manager_interfaces/local/lib/python3.10/dist-packages/path_manager_interfaces/srv/_assist_emergency.py
[1.121s] -- Up-to-date: /home/rhobtor/PHD/test_j8_hayat/J8/install/path_manager_interfaces/local/lib/python3.10/dist-packages/path_manager_interfaces/libpath_manager_interfaces__rosidl_generator_py.so
[1.121s] -- Up-to-date: /home/rhobtor/PHD/test_j8_hayat/J8/install/path_manager_interfaces/local/lib/python3.10/dist-packages/path_manager_interfaces/path_manager_interfaces_s__rosidl_typesupport_introspection_c.cpython-310-x86_64-linux-gnu.so
[1.121s] -- Up-to-date: /home/rhobtor/PHD/test_j8_hayat/J8/install/path_manager_interfaces/local/lib/python3.10/dist-packages/path_manager_interfaces/_path_manager_interfaces_s.ep.rosidl_typesupport_fastrtps_c.c
[1.122s] -- Up-to-date: /home/rhobtor/PHD/test_j8_hayat/J8/install/path_manager_interfaces/local/lib/python3.10/dist-packages/path_manager_interfaces/_path_manager_interfaces_s.ep.rosidl_typesupport_introspection_c.c
[1.122s] -- Up-to-date: /home/rhobtor/PHD/test_j8_hayat/J8/install/path_manager_interfaces/local/lib/python3.10/dist-packages/path_manager_interfaces/__init__.py
[1.122s] -- Up-to-date: /home/rhobtor/PHD/test_j8_hayat/J8/install/path_manager_interfaces/local/lib/python3.10/dist-packages/path_manager_interfaces/path_manager_interfaces_s__rosidl_typesupport_c.cpython-310-x86_64-linux-gnu.so
[1.122s] -- Up-to-date: /home/rhobtor/PHD/test_j8_hayat/J8/install/path_manager_interfaces/local/lib/python3.10/dist-packages/path_manager_interfaces/_path_manager_interfaces_s.ep.rosidl_typesupport_c.c
[1.154s] Listing '/home/rhobtor/PHD/test_j8_hayat/J8/install/path_manager_interfaces/local/lib/python3.10/dist-packages/path_manager_interfaces'...
[1.154s] Listing '/home/rhobtor/PHD/test_j8_hayat/J8/install/path_manager_interfaces/local/lib/python3.10/dist-packages/path_manager_interfaces/srv'...
[1.154s] -- Up-to-date: /home/rhobtor/PHD/test_j8_hayat/J8/install/path_manager_interfaces/local/lib/python3.10/dist-packages/path_manager_interfaces/path_manager_interfaces_s__rosidl_typesupport_fastrtps_c.cpython-310-x86_64-linux-gnu.so
[1.154s] -- Up-to-date: /home/rhobtor/PHD/test_j8_hayat/J8/install/path_manager_interfaces/local/lib/python3.10/dist-packages/path_manager_interfaces/path_manager_interfaces_s__rosidl_typesupport_introspection_c.cpython-310-x86_64-linux-gnu.so
[1.154s] -- Up-to-date: /home/rhobtor/PHD/test_j8_hayat/J8/install/path_manager_interfaces/local/lib/python3.10/dist-packages/path_manager_interfaces/path_manager_interfaces_s__rosidl_typesupport_c.cpython-310-x86_64-linux-gnu.so
[1.154s] -- Up-to-date: /home/rhobtor/PHD/test_j8_hayat/J8/install/path_manager_interfaces/lib/libpath_manager_interfaces__rosidl_generator_py.so
[1.154s] -- Up-to-date: /home/rhobtor/PHD/test_j8_hayat/J8/install/path_manager_interfaces/share/ament_index/resource_index/rust_packages/path_manager_interfaces
[1.154s] -- Up-to-date: /home/rhobtor/PHD/test_j8_hayat/J8/install/path_manager_interfaces/share/path_manager_interfaces/rust
[1.154s] -- Up-to-date: /home/rhobtor/PHD/test_j8_hayat/J8/install/path_manager_interfaces/share/path_manager_interfaces/rust/src
[1.155s] -- Up-to-date: /home/rhobtor/PHD/test_j8_hayat/J8/install/path_manager_interfaces/share/path_manager_interfaces/rust/src/lib.rs
[1.155s] -- Up-to-date: /home/rhobtor/PHD/test_j8_hayat/J8/install/path_manager_interfaces/share/path_manager_interfaces/rust/src/srv
[1.155s] -- Up-to-date: /home/rhobtor/PHD/test_j8_hayat/J8/install/path_manager_interfaces/share/path_manager_interfaces/rust/src/srv/rmw.rs
[1.155s] -- Up-to-date: /home/rhobtor/PHD/test_j8_hayat/J8/install/path_manager_interfaces/share/path_manager_interfaces/rust/src/srv.rs
[1.155s] -- Up-to-date: /home/rhobtor/PHD/test_j8_hayat/J8/install/path_manager_interfaces/share/path_manager_interfaces/rust/Cargo.toml
[1.155s] -- Up-to-date: /home/rhobtor/PHD/test_j8_hayat/J8/install/path_manager_interfaces/share/path_manager_interfaces/rust/build.rs
[1.155s] -- Up-to-date: /home/rhobtor/PHD/test_j8_hayat/J8/install/path_manager_interfaces/share/path_manager_interfaces/srv/WritePathToFile.idl
[1.155s] -- Up-to-date: /home/rhobtor/PHD/test_j8_hayat/J8/install/path_manager_interfaces/share/path_manager_interfaces/srv/ReadPathFromFile.idl
[1.155s] -- Up-to-date: /home/rhobtor/PHD/test_j8_hayat/J8/install/path_manager_interfaces/share/path_manager_interfaces/srv/ReturnRobotPath.idl
[1.155s] -- Up-to-date: /home/rhobtor/PHD/test_j8_hayat/J8/install/path_manager_interfaces/share/path_manager_interfaces/srv/RobotPath.idl
[1.155s] -- Up-to-date: /home/rhobtor/PHD/test_j8_hayat/J8/install/path_manager_interfaces/share/path_manager_interfaces/srv/GetFixFramePath.idl
[1.155s] -- Up-to-date: /home/rhobtor/PHD/test_j8_hayat/J8/install/path_manager_interfaces/share/path_manager_interfaces/srv/GetLLPath.idl
[1.155s] -- Up-to-date: /home/rhobtor/PHD/test_j8_hayat/J8/install/path_manager_interfaces/share/path_manager_interfaces/srv/PlanPath.idl
[1.155s] -- Up-to-date: /home/rhobtor/PHD/test_j8_hayat/J8/install/path_manager_interfaces/share/path_manager_interfaces/srv/AssistEmergency.idl
[1.155s] -- Up-to-date: /home/rhobtor/PHD/test_j8_hayat/J8/install/path_manager_interfaces/share/path_manager_interfaces/srv/WritePathToFile.srv
[1.155s] -- Up-to-date: /home/rhobtor/PHD/test_j8_hayat/J8/install/path_manager_interfaces/share/path_manager_interfaces/srv/WritePathToFile_Request.msg
[1.155s] -- Up-to-date: /home/rhobtor/PHD/test_j8_hayat/J8/install/path_manager_interfaces/share/path_manager_interfaces/srv/WritePathToFile_Response.msg
[1.155s] -- Up-to-date: /home/rhobtor/PHD/test_j8_hayat/J8/install/path_manager_interfaces/share/path_manager_interfaces/srv/ReadPathFromFile.srv
[1.155s] -- Up-to-date: /home/rhobtor/PHD/test_j8_hayat/J8/install/path_manager_interfaces/share/path_manager_interfaces/srv/ReadPathFromFile_Request.msg
[1.155s] -- Up-to-date: /home/rhobtor/PHD/test_j8_hayat/J8/install/path_manager_interfaces/share/path_manager_interfaces/srv/ReadPathFromFile_Response.msg
[1.155s] -- Up-to-date: /home/rhobtor/PHD/test_j8_hayat/J8/install/path_manager_interfaces/share/path_manager_interfaces/srv/ReturnRobotPath.srv
[1.155s] -- Up-to-date: /home/rhobtor/PHD/test_j8_hayat/J8/install/path_manager_interfaces/share/path_manager_interfaces/srv/ReturnRobotPath_Request.msg
[1.155s] -- Up-to-date: /home/rhobtor/PHD/test_j8_hayat/J8/install/path_manager_interfaces/share/path_manager_interfaces/srv/ReturnRobotPath_Response.msg
[1.155s] -- Up-to-date: /home/rhobtor/PHD/test_j8_hayat/J8/install/path_manager_interfaces/share/path_manager_interfaces/srv/RobotPath.srv
[1.155s] -- Up-to-date: /home/rhobtor/PHD/test_j8_hayat/J8/install/path_manager_interfaces/share/path_manager_interfaces/srv/RobotPath_Request.msg
[1.155s] -- Up-to-date: /home/rhobtor/PHD/test_j8_hayat/J8/install/path_manager_interfaces/share/path_manager_interfaces/srv/RobotPath_Response.msg
[1.155s] -- Up-to-date: /home/rhobtor/PHD/test_j8_hayat/J8/install/path_manager_interfaces/share/path_manager_interfaces/srv/GetFixFramePath.srv
[1.155s] -- Up-to-date: /home/rhobtor/PHD/test_j8_hayat/J8/install/path_manager_interfaces/share/path_manager_interfaces/srv/GetFixFramePath_Request.msg
[1.155s] -- Up-to-date: /home/rhobtor/PHD/test_j8_hayat/J8/install/path_manager_interfaces/share/path_manager_interfaces/srv/GetFixFramePath_Response.msg
[1.156s] -- Up-to-date: /home/rhobtor/PHD/test_j8_hayat/J8/install/path_manager_interfaces/share/path_manager_interfaces/srv/GetLLPath.srv
[1.156s] -- Up-to-date: /home/rhobtor/PHD/test_j8_hayat/J8/install/path_manager_interfaces/share/path_manager_interfaces/srv/GetLLPath_Request.msg
[1.156s] -- Up-to-date: /home/rhobtor/PHD/test_j8_hayat/J8/install/path_manager_interfaces/share/path_manager_interfaces/srv/GetLLPath_Response.msg
[1.156s] -- Up-to-date: /home/rhobtor/PHD/test_j8_hayat/J8/install/path_manager_interfaces/share/path_manager_interfaces/srv/PlanPath.srv
[1.156s] -- Up-to-date: /home/rhobtor/PHD/test_j8_hayat/J8/install/path_manager_interfaces/share/path_manager_interfaces/srv/PlanPath_Request.msg
[1.156s] -- Up-to-date: /home/rhobtor/PHD/test_j8_hayat/J8/install/path_manager_interfaces/share/path_manager_interfaces/srv/PlanPath_Response.msg
[1.156s] -- Up-to-date: /home/rhobtor/PHD/test_j8_hayat/J8/install/path_manager_interfaces/share/path_manager_interfaces/srv/AssistEmergency.srv
[1.156s] -- Up-to-date: /home/rhobtor/PHD/test_j8_hayat/J8/install/path_manager_interfaces/share/path_manager_interfaces/srv/AssistEmergency_Request.msg
[1.156s] -- Up-to-date: /home/rhobtor/PHD/test_j8_hayat/J8/install/path_manager_interfaces/share/path_manager_interfaces/srv/AssistEmergency_Response.msg
[1.156s] -- Up-to-date: /home/rhobtor/PHD/test_j8_hayat/J8/install/path_manager_interfaces/share/ament_index/resource_index/package_run_dependencies/path_manager_interfaces
[1.156s] -- Up-to-date: /home/rhobtor/PHD/test_j8_hayat/J8/install/path_manager_interfaces/share/ament_index/resource_index/parent_prefix_path/path_manager_interfaces
[1.156s] -- Up-to-date: /home/rhobtor/PHD/test_j8_hayat/J8/install/path_manager_interfaces/share/path_manager_interfaces/environment/ament_prefix_path.sh
[1.156s] -- Up-to-date: /home/rhobtor/PHD/test_j8_hayat/J8/install/path_manager_interfaces/share/path_manager_interfaces/environment/ament_prefix_path.dsv
[1.156s] -- Up-to-date: /home/rhobtor/PHD/test_j8_hayat/J8/install/path_manager_interfaces/share/path_manager_interfaces/environment/path.sh
[1.156s] -- Up-to-date: /home/rhobtor/PHD/test_j8_hayat/J8/install/path_manager_interfaces/share/path_manager_interfaces/environment/path.dsv
[1.156s] -- Up-to-date: /home/rhobtor/PHD/test_j8_hayat/J8/install/path_manager_interfaces/share/path_manager_interfaces/local_setup.bash
[1.156s] -- Up-to-date: /home/rhobtor/PHD/test_j8_hayat/J8/install/path_manager_interfaces/share/path_manager_interfaces/local_setup.sh
[1.156s] -- Up-to-date: /home/rhobtor/PHD/test_j8_hayat/J8/install/path_manager_interfaces/share/path_manager_interfaces/local_setup.zsh
[1.156s] -- Up-to-date: /home/rhobtor/PHD/test_j8_hayat/J8/install/path_manager_interfaces/share/path_manager_interfaces/local_setup.dsv
[1.156s] -- Installing: /home/rhobtor/PHD/test_j8_hayat/J8/install/path_manager_interfaces/share/path_manager_interfaces/package.dsv
[1.156s] -- Up-to-date: /home/rhobtor/PHD/test_j8_hayat/J8/install/path_manager_interfaces/share/ament_index/resource_index/packages/path_manager_interfaces
[1.156s] -- Up-to-date: /home/rhobtor/PHD/test_j8_hayat/J8/install/path_manager_interfaces/share/path_manager_interfaces/cmake/export_path_manager_interfaces__rosidl_generator_cExport.cmake
[1.156s] -- Up-to-date: /home/rhobtor/PHD/test_j8_hayat/J8/install/path_manager_interfaces/share/path_manager_interfaces/cmake/export_path_manager_interfaces__rosidl_generator_cExport-noconfig.cmake
[1.156s] -- Up-to-date: /home/rhobtor/PHD/test_j8_hayat/J8/install/path_manager_interfaces/share/path_manager_interfaces/cmake/export_path_manager_interfaces__rosidl_typesupport_fastrtps_cExport.cmake
[1.156s] -- Up-to-date: /home/rhobtor/PHD/test_j8_hayat/J8/install/path_manager_interfaces/share/path_manager_interfaces/cmake/export_path_manager_interfaces__rosidl_typesupport_fastrtps_cExport-noconfig.cmake
[1.156s] -- Up-to-date: /home/rhobtor/PHD/test_j8_hayat/J8/install/path_manager_interfaces/share/path_manager_interfaces/cmake/path_manager_interfaces__rosidl_typesupport_introspection_cExport.cmake
[1.156s] -- Up-to-date: /home/rhobtor/PHD/test_j8_hayat/J8/install/path_manager_interfaces/share/path_manager_interfaces/cmake/path_manager_interfaces__rosidl_typesupport_introspection_cExport-noconfig.cmake
[1.157s] -- Up-to-date: /home/rhobtor/PHD/test_j8_hayat/J8/install/path_manager_interfaces/share/path_manager_interfaces/cmake/path_manager_interfaces__rosidl_typesupport_cExport.cmake
[1.157s] -- Up-to-date: /home/rhobtor/PHD/test_j8_hayat/J8/install/path_manager_interfaces/share/path_manager_interfaces/cmake/path_manager_interfaces__rosidl_typesupport_cExport-noconfig.cmake
[1.157s] -- Up-to-date: /home/rhobtor/PHD/test_j8_hayat/J8/install/path_manager_interfaces/share/path_manager_interfaces/cmake/export_path_manager_interfaces__rosidl_generator_cppExport.cmake
[1.157s] -- Up-to-date: /home/rhobtor/PHD/test_j8_hayat/J8/install/path_manager_interfaces/share/path_manager_interfaces/cmake/export_path_manager_interfaces__rosidl_typesupport_fastrtps_cppExport.cmake
[1.157s] -- Up-to-date: /home/rhobtor/PHD/test_j8_hayat/J8/install/path_manager_interfaces/share/path_manager_interfaces/cmake/export_path_manager_interfaces__rosidl_typesupport_fastrtps_cppExport-noconfig.cmake
[1.157s] -- Up-to-date: /home/rhobtor/PHD/test_j8_hayat/J8/install/path_manager_interfaces/share/path_manager_interfaces/cmake/path_manager_interfaces__rosidl_typesupport_introspection_cppExport.cmake
[1.157s] -- Up-to-date: /home/rhobtor/PHD/test_j8_hayat/J8/install/path_manager_interfaces/share/path_manager_interfaces/cmake/path_manager_interfaces__rosidl_typesupport_introspection_cppExport-noconfig.cmake
[1.157s] -- Up-to-date: /home/rhobtor/PHD/test_j8_hayat/J8/install/path_manager_interfaces/share/path_manager_interfaces/cmake/path_manager_interfaces__rosidl_typesupport_cppExport.cmake
[1.157s] -- Up-to-date: /home/rhobtor/PHD/test_j8_hayat/J8/install/path_manager_interfaces/share/path_manager_interfaces/cmake/path_manager_interfaces__rosidl_typesupport_cppExport-noconfig.cmake
[1.157s] -- Up-to-date: /home/rhobtor/PHD/test_j8_hayat/J8/install/path_manager_interfaces/share/path_manager_interfaces/cmake/export_path_manager_interfaces__rosidl_generator_pyExport.cmake
[1.157s] -- Up-to-date: /home/rhobtor/PHD/test_j8_hayat/J8/install/path_manager_interfaces/share/path_manager_interfaces/cmake/export_path_manager_interfaces__rosidl_generator_pyExport-noconfig.cmake
[1.157s] -- Up-to-date: /home/rhobtor/PHD/test_j8_hayat/J8/install/path_manager_interfaces/share/path_manager_interfaces/cmake/rosidl_cmake-extras.cmake
[1.157s] -- Up-to-date: /home/rhobtor/PHD/test_j8_hayat/J8/install/path_manager_interfaces/share/path_manager_interfaces/cmake/ament_cmake_export_dependencies-extras.cmake
[1.157s] -- Up-to-date: /home/rhobtor/PHD/test_j8_hayat/J8/install/path_manager_interfaces/share/path_manager_interfaces/cmake/ament_cmake_export_include_directories-extras.cmake
[1.157s] -- Up-to-date: /home/rhobtor/PHD/test_j8_hayat/J8/install/path_manager_interfaces/share/path_manager_interfaces/cmake/ament_cmake_export_libraries-extras.cmake
[1.157s] -- Up-to-date: /home/rhobtor/PHD/test_j8_hayat/J8/install/path_manager_interfaces/share/path_manager_interfaces/cmake/ament_cmake_export_targets-extras.cmake
[1.157s] -- Up-to-date: /home/rhobtor/PHD/test_j8_hayat/J8/install/path_manager_interfaces/share/path_manager_interfaces/cmake/rosidl_cmake_export_typesupport_targets-extras.cmake
[1.157s] -- Up-to-date: /home/rhobtor/PHD/test_j8_hayat/J8/install/path_manager_interfaces/share/path_manager_interfaces/cmake/rosidl_cmake_export_typesupport_libraries-extras.cmake
[1.157s] -- Up-to-date: /home/rhobtor/PHD/test_j8_hayat/J8/install/path_manager_interfaces/share/path_manager_interfaces/cmake/path_manager_interfacesConfig.cmake
[1.157s] -- Up-to-date: /home/rhobtor/PHD/test_j8_hayat/J8/install/path_manager_interfaces/share/path_manager_interfaces/cmake/path_manager_interfacesConfig-version.cmake
[1.157s] -- Up-to-date: /home/rhobtor/PHD/test_j8_hayat/J8/install/path_manager_interfaces/share/path_manager_interfaces/package.xml
[1.268s] Invoked command in '/home/rhobtor/PHD/test_j8_hayat/J8/build/path_manager_interfaces' returned '0': CMAKE_PREFIX_PATH=${CMAKE_PREFIX_PATH}:/home/rhobtor/PHD/test_j8_hayat/J8/install/ntrip_client:/home/rhobtor/PHD/test_j8_hayat/J8/install/j8_gui:/home/rhobtor/PHD/test_j8_hayat/J8/install/android_ros2_server:/home/rhobtor/PHD/test_j8_hayat/J8/install/GUI_pkg:/home/rhobtor/PHD/ARGOJ8_IA/ARGOSJ8_IA_/install/ntrip_client:/home/rhobtor/PHD/ARGOJ8_IA/ARGOSJ8_IA_/install/j8_gui:/home/rhobtor/PHD/ARGOJ8_IA/ARGOSJ8_IA_/install/car:/home/rhobtor/PHD/ARGOJ8_IA/ARGOSJ8_IA_/install/android_ros2_server:/home/rhobtor/PHD/ARGOJ8_IA/ARGOSJ8_IA_/install/GUI_pkg:/opt/ros/humble /opt/st/stm32cubeclt_1.18.0/CMake/bin/cmake --install /home/rhobtor/PHD/test_j8_hayat/J8/build/path_manager_interfaces
