-- The C compiler identification is GNU 11.4.0
-- The CXX compiler identification is GNU 11.4.0
-- Detecting C compiler ABI info
-- Detecting C compiler ABI info - done
-- Check for working C compiler: /usr/bin/cc - skipped
-- Detecting C compile features
-- Detecting C compile features - done
-- Detecting CXX compiler ABI info
-- Detecting CXX compiler ABI info - done
-- Check for working CXX compiler: /usr/bin/c++ - skipped
-- Detecting CXX compile features
-- Detecting CXX compile features - done
-- Setting build type to Release as none was specified.
-- Found ament_cmake: 1.3.14 (/opt/ros/humble/share/ament_cmake/cmake)
-- Found Python3: /usr/bin/python3 (found version "3.10.12") found components: Interpreter 
-- Found rclcpp: 16.0.18 (/opt/ros/humble/share/rclcpp/cmake)
-- Found rosidl_generator_c: 3.1.8 (/opt/ros/humble/share/rosidl_generator_c/cmake)
-- Found rosidl_adapter: 3.1.8 (/opt/ros/humble/share/rosidl_adapter/cmake)
-- Found rosidl_generator_cpp: 3.1.8 (/opt/ros/humble/share/rosidl_generator_cpp/cmake)
-- Using all available rosidl_typesupport_c: rosidl_typesupport_fastrtps_c;rosidl_typesupport_introspection_c
-- Using all available rosidl_typesupport_cpp: rosidl_typesupport_fastrtps_cpp;rosidl_typesupport_introspection_cpp
-- Found rmw_implementation_cmake: 6.1.2 (/opt/ros/humble/share/rmw_implementation_cmake/cmake)
-- Found rmw_fastrtps_cpp: 6.2.10 (/opt/ros/humble/share/rmw_fastrtps_cpp/cmake)
-- Found OpenSSL: /usr/lib/x86_64-linux-gnu/libcrypto.so (found version "3.0.2")  
-- Found FastRTPS: /opt/ros/humble/include  
-- Using RMW implementation 'rmw_fastrtps_cpp' as default
-- Performing Test CMAKE_HAVE_LIBC_PTHREAD
-- Performing Test CMAKE_HAVE_LIBC_PTHREAD - Success
-- Found Threads: TRUE  
-- Found rclcpp_components: 16.0.18 (/opt/ros/humble/share/rclcpp_components/cmake)
-- Found sensor_msgs: 4.9.1 (/opt/ros/humble/share/sensor_msgs/cmake)
-- Found visualization_msgs: 4.9.1 (/opt/ros/humble/share/visualization_msgs/cmake)
-- Found nav2_util: 1.1.20 (/opt/ros/humble/share/nav2_util/cmake)
-- Found eigen3_cmake_module: 0.1.1 (/opt/ros/humble/share/eigen3_cmake_module/cmake)
-- Found Eigen3: TRUE (found version "3.4.0") 
-- Ensuring Eigen3 include directory is part of orocos-kdl CMake target
-- Found slg_msgs: 3.8.0 (/home/rhobtor/PHD/test_j8_hayat/J8/install/slg_msgs/share/slg_msgs/cmake)
-- Found pcl_ros: 2.4.5 (/opt/ros/humble/share/pcl_ros/cmake)
[33mCMake Warning (dev) at /usr/lib/x86_64-linux-gnu/cmake/pcl/PCLConfig.cmake:146 (find_package):
  Policy CMP0144 is not set: find_package uses upper-case <PACKAGENAME>_ROOT
  variables.  Run "cmake --help-policy CMP0144" for policy details.  Use the
  cmake_policy command to set the policy and suppress this warning.

  CMake variable EIGEN_ROOT is set to:

    /usr/include/eigen3

  For compatibility, find_package is ignoring the variable, but code in a
  .cmake module might still use it.
Call Stack (most recent call first):
  /usr/lib/x86_64-linux-gnu/cmake/pcl/PCLConfig.cmake:299 (find_eigen)
  /usr/lib/x86_64-linux-gnu/cmake/pcl/PCLConfig.cmake:543 (find_external_library)
  /opt/ros/humble/share/pcl_conversions/cmake/ament_cmake_export_dependencies-extras.cmake:21 (find_package)
  /opt/ros/humble/share/pcl_conversions/cmake/pcl_conversionsConfig.cmake:41 (include)
  /opt/ros/humble/share/pcl_ros/cmake/ament_cmake_export_dependencies-extras.cmake:21 (find_package)
  /opt/ros/humble/share/pcl_ros/cmake/pcl_rosConfig.cmake:41 (include)
  CMakeLists.txt:54 (find_package)
This warning is for project developers.  Use -Wno-dev to suppress it.
[0m
-- Checking for module 'eigen3'
--   Found eigen3, version 3.4.0
-- Found Eigen: /usr/include/eigen3 (Required is at least version "3.1") 
-- Eigen found (include: /usr/include/eigen3, version: 3.4.0)
[33mCMake Warning (dev) at /usr/lib/x86_64-linux-gnu/cmake/pcl/Modules/FindFLANN.cmake:44 (find_package):
  Policy CMP0144 is not set: find_package uses upper-case <PACKAGENAME>_ROOT
  variables.  Run "cmake --help-policy CMP0144" for policy details.  Use the
  cmake_policy command to set the policy and suppress this warning.

  CMake variable FLANN_ROOT is set to:

    /usr

  For compatibility, find_package is ignoring the variable, but code in a
  .cmake module might still use it.
Call Stack (most recent call first):
  /usr/lib/x86_64-linux-gnu/cmake/pcl/PCLConfig.cmake:256 (find_package)
  /usr/lib/x86_64-linux-gnu/cmake/pcl/PCLConfig.cmake:301 (find_flann)
  /usr/lib/x86_64-linux-gnu/cmake/pcl/PCLConfig.cmake:543 (find_external_library)
  /opt/ros/humble/share/pcl_conversions/cmake/ament_cmake_export_dependencies-extras.cmake:21 (find_package)
  /opt/ros/humble/share/pcl_conversions/cmake/pcl_conversionsConfig.cmake:41 (include)
  /opt/ros/humble/share/pcl_ros/cmake/ament_cmake_export_dependencies-extras.cmake:21 (find_package)
  /opt/ros/humble/share/pcl_ros/cmake/pcl_rosConfig.cmake:41 (include)
  CMakeLists.txt:54 (find_package)
This warning is for project developers.  Use -Wno-dev to suppress it.
[0m
-- Checking for module 'flann'
--   Found flann, version 1.9.1
-- Found FLANN: /usr/lib/x86_64-linux-gnu/libflann_cpp.so  
-- FLANN found (include: /usr/include, lib: /usr/lib/x86_64-linux-gnu/libflann_cpp.so)
-- Checking for module 'libusb-1.0'
--   Found libusb-1.0, version 1.0.25
-- Found libusb: /usr/lib/x86_64-linux-gnu/libusb-1.0.so  
-- OpenNI found (version: 1.5.4.0, include: /usr/include/ni, lib: /usr/lib/libOpenNI.so;libusb::libusb)
-- OpenNI2 found (version: 2.2.0.33, include: /usr/include/openni2, lib: /usr/lib/x86_64-linux-gnu/libOpenNI2.so;libusb::libusb)
-- Eigen found (include: /usr/include/eigen3, version: 3.4.0)
-- OpenNI found (version: 1.5.4.0, include: /usr/include/ni, lib: /usr/lib/libOpenNI.so;libusb::libusb)
-- OpenNI2 found (version: 2.2.0.33, include: /usr/include/openni2, lib: /usr/lib/x86_64-linux-gnu/libOpenNI2.so;libusb::libusb)
-- Found Qhull version 8.0.2
-- OpenNI found (version: 1.5.4.0, include: /usr/include/ni, lib: /usr/lib/libOpenNI.so;libusb::libusb)
-- Found PCL_COMMON: /usr/lib/x86_64-linux-gnu/libpcl_common.so  
-- Found PCL_KDTREE: /usr/lib/x86_64-linux-gnu/libpcl_kdtree.so  
-- Found PCL_OCTREE: /usr/lib/x86_64-linux-gnu/libpcl_octree.so  
-- Found PCL_SEARCH: /usr/lib/x86_64-linux-gnu/libpcl_search.so  
-- Found PCL_SAMPLE_CONSENSUS: /usr/lib/x86_64-linux-gnu/libpcl_sample_consensus.so  
-- Found PCL_FILTERS: /usr/lib/x86_64-linux-gnu/libpcl_filters.so  
-- Found PCL_2D: /usr/include/pcl-1.12  
-- Found PCL_GEOMETRY: /usr/include/pcl-1.12  
-- Found PCL_IO: /usr/lib/x86_64-linux-gnu/libpcl_io.so  
-- Found PCL_FEATURES: /usr/lib/x86_64-linux-gnu/libpcl_features.so  
-- Found PCL_ML: /usr/lib/x86_64-linux-gnu/libpcl_ml.so  
-- Found PCL_SEGMENTATION: /usr/lib/x86_64-linux-gnu/libpcl_segmentation.so  
-- Found PCL_VISUALIZATION: /usr/lib/x86_64-linux-gnu/libpcl_visualization.so  
-- Found PCL_SURFACE: /usr/lib/x86_64-linux-gnu/libpcl_surface.so  
-- Found PCL_REGISTRATION: /usr/lib/x86_64-linux-gnu/libpcl_registration.so  
-- Found PCL_KEYPOINTS: /usr/lib/x86_64-linux-gnu/libpcl_keypoints.so  
-- Found PCL_TRACKING: /usr/lib/x86_64-linux-gnu/libpcl_tracking.so  
-- Found PCL_RECOGNITION: /usr/lib/x86_64-linux-gnu/libpcl_recognition.so  
-- Found PCL_STEREO: /usr/lib/x86_64-linux-gnu/libpcl_stereo.so  
-- Found PCL_APPS: /usr/lib/x86_64-linux-gnu/libpcl_apps.so  
-- Found PCL_IN_HAND_SCANNER: /usr/include/pcl-1.12  
-- Found PCL_MODELER: /usr/include/pcl-1.12  
-- Found PCL_POINT_CLOUD_EDITOR: /usr/include/pcl-1.12  
-- Found PCL_OUTOFCORE: /usr/lib/x86_64-linux-gnu/libpcl_outofcore.so  
-- Found PCL_PEOPLE: /usr/lib/x86_64-linux-gnu/libpcl_people.so  
[33mCMake Warning (dev) at CMakeLists.txt:55 (find_package):
  Policy CMP0074 is not set: find_package uses <PackageName>_ROOT variables.
  Run "cmake --help-policy CMP0074" for policy details.  Use the cmake_policy
  command to set the policy and suppress this warning.

  CMake variable PCL_ROOT is set to:

    /usr

  For compatibility, CMake is ignoring the variable.
This warning is for project developers.  Use -Wno-dev to suppress it.
[0m
-- Found tf2_eigen: 0.25.19 (/opt/ros/humble/share/tf2_eigen/cmake)
-- Found ament_lint_auto: 0.12.15 (/opt/ros/humble/share/ament_lint_auto/cmake)
-- Found gtest sources under '/opt/ros/humble/src/gtest_vendor': C++ tests using 'Google Test' will be built
-- Added test 'cppcheck' to perform static code analysis on C / C++ code
-- Configured cppcheck include dirs: /home/rhobtor/PHD/test_j8_hayat/J8/src/lidar_process_pkgs/laser_segmentation/include
-- Configured cppcheck exclude dirs and/or files: 
-- Added test 'cpplint' to check C / C++ code against the Google style
-- Configured cpplint exclude dirs and/or files: 
-- Added test 'flake8' to check Python code syntax and style conventions
-- Added test 'lint_cmake' to check CMake code style
-- Added test 'pep257' to check Python code against some of the docstring style conventions in PEP 257
-- Added test 'uncrustify' to check C / C++ code style
-- Configured uncrustify additional arguments: 
-- Added test 'xmllint' to check XML markup files
-- Configuring done (11.5s)
-- Generating done (0.5s)
-- Build files have been written to: /home/rhobtor/PHD/test_j8_hayat/J8/build/laser_segmentation
[  5%] [32mBuilding CXX object gtest/CMakeFiles/gtest_main.dir/src/gtest_main.cc.o[0m
[ 11%] [32mBuilding CXX object gtest/CMakeFiles/gtest.dir/src/gtest-all.cc.o[0m
[ 17%] [32mBuilding CXX object CMakeFiles/laser_segmentation_component.dir/src/segmentation/jump_distance.cpp.o[0m
[ 23%] [32mBuilding CXX object CMakeFiles/laser_segmentation_component.dir/src/segmentation/jump_distance_merge.cpp.o[0m
[ 29%] [32mBuilding CXX object CMakeFiles/laser_segmentation_component.dir/src/parameter_handler.cpp.o[0m
[ 35%] [32mBuilding CXX object CMakeFiles/laser_segmentation_component.dir/src/laser_segmentation.cpp.o[0m
[ 41%] [32m[1mLinking CXX static library libgtest_main.a[0m
[ 41%] Built target gtest_main
[ 47%] [32m[1mLinking CXX static library libgtest.a[0m
[ 47%] Built target gtest
[ 52%] [32m[1mLinking CXX shared library liblaser_segmentation_component.so[0m
[ 52%] Built target laser_segmentation_component
[ 58%] [32mBuilding CXX object CMakeFiles/laser_segmentation.dir/src/main.cpp.o[0m
[ 64%] [32mBuilding CXX object test/CMakeFiles/test_integration.dir/test_integration.cpp.o[0m
[ 70%] [32mBuilding CXX object test/CMakeFiles/test_segmentations.dir/test_segmentations.cpp.o[0m
[ 76%] [32mBuilding CXX object test/CMakeFiles/test_laser_segmentation.dir/test_laser_segmentation.cpp.o[0m
[ 82%] [32m[1mLinking CXX executable test_segmentations[0m
[ 82%] Built target test_segmentations
[ 88%] [32m[1mLinking CXX executable laser_segmentation[0m
[ 88%] Built target laser_segmentation
[ 94%] [32m[1mLinking CXX executable test_laser_segmentation[0m
[ 94%] Built target test_laser_segmentation
[100%] [32m[1mLinking CXX executable test_integration[0m
[100%] Built target test_integration
-- Install configuration: "Release"
-- Installing: /home/rhobtor/PHD/test_j8_hayat/J8/install/laser_segmentation/lib/liblaser_segmentation_component.so
-- Set non-toolchain portion of runtime path of "/home/rhobtor/PHD/test_j8_hayat/J8/install/laser_segmentation/lib/liblaser_segmentation_component.so" to ""
-- Installing: /home/rhobtor/PHD/test_j8_hayat/J8/install/laser_segmentation/lib/laser_segmentation/laser_segmentation
-- Set non-toolchain portion of runtime path of "/home/rhobtor/PHD/test_j8_hayat/J8/install/laser_segmentation/lib/laser_segmentation/laser_segmentation" to ""
-- Installing: /home/rhobtor/PHD/test_j8_hayat/J8/install/laser_segmentation/include/laser_segmentation
-- Installing: /home/rhobtor/PHD/test_j8_hayat/J8/install/laser_segmentation/include/laser_segmentation/parameter_handler.hpp
-- Installing: /home/rhobtor/PHD/test_j8_hayat/J8/install/laser_segmentation/include/laser_segmentation/parula.hpp
-- Installing: /home/rhobtor/PHD/test_j8_hayat/J8/install/laser_segmentation/include/laser_segmentation/segmentation
-- Installing: /home/rhobtor/PHD/test_j8_hayat/J8/install/laser_segmentation/include/laser_segmentation/segmentation/segmentation.hpp
-- Installing: /home/rhobtor/PHD/test_j8_hayat/J8/install/laser_segmentation/include/laser_segmentation/segmentation/jump_distance.hpp
-- Installing: /home/rhobtor/PHD/test_j8_hayat/J8/install/laser_segmentation/include/laser_segmentation/segmentation/jump_distance_merge.hpp
-- Installing: /home/rhobtor/PHD/test_j8_hayat/J8/install/laser_segmentation/include/laser_segmentation/laser_segmentation.hpp
-- Installing: /home/rhobtor/PHD/test_j8_hayat/J8/install/laser_segmentation/share/laser_segmentation//launch
-- Installing: /home/rhobtor/PHD/test_j8_hayat/J8/install/laser_segmentation/share/laser_segmentation//launch/segmentation.launch.py
-- Installing: /home/rhobtor/PHD/test_j8_hayat/J8/install/laser_segmentation/share/laser_segmentation//params
-- Installing: /home/rhobtor/PHD/test_j8_hayat/J8/install/laser_segmentation/share/laser_segmentation//params/default_params.yml
-- Installing: /home/rhobtor/PHD/test_j8_hayat/J8/install/laser_segmentation/share/laser_segmentation//params/close_steps_detect.yml
-- Installing: /home/rhobtor/PHD/test_j8_hayat/J8/install/laser_segmentation/share/laser_segmentation/environment/library_path.sh
-- Installing: /home/rhobtor/PHD/test_j8_hayat/J8/install/laser_segmentation/share/laser_segmentation/environment/library_path.dsv
-- Installing: /home/rhobtor/PHD/test_j8_hayat/J8/install/laser_segmentation/share/ament_index/resource_index/package_run_dependencies/laser_segmentation
-- Installing: /home/rhobtor/PHD/test_j8_hayat/J8/install/laser_segmentation/share/ament_index/resource_index/parent_prefix_path/laser_segmentation
-- Installing: /home/rhobtor/PHD/test_j8_hayat/J8/install/laser_segmentation/share/laser_segmentation/environment/ament_prefix_path.sh
-- Installing: /home/rhobtor/PHD/test_j8_hayat/J8/install/laser_segmentation/share/laser_segmentation/environment/ament_prefix_path.dsv
-- Installing: /home/rhobtor/PHD/test_j8_hayat/J8/install/laser_segmentation/share/laser_segmentation/environment/path.sh
-- Installing: /home/rhobtor/PHD/test_j8_hayat/J8/install/laser_segmentation/share/laser_segmentation/environment/path.dsv
-- Installing: /home/rhobtor/PHD/test_j8_hayat/J8/install/laser_segmentation/share/laser_segmentation/local_setup.bash
-- Installing: /home/rhobtor/PHD/test_j8_hayat/J8/install/laser_segmentation/share/laser_segmentation/local_setup.sh
-- Installing: /home/rhobtor/PHD/test_j8_hayat/J8/install/laser_segmentation/share/laser_segmentation/local_setup.zsh
-- Installing: /home/rhobtor/PHD/test_j8_hayat/J8/install/laser_segmentation/share/laser_segmentation/local_setup.dsv
-- Installing: /home/rhobtor/PHD/test_j8_hayat/J8/install/laser_segmentation/share/laser_segmentation/package.dsv
-- Installing: /home/rhobtor/PHD/test_j8_hayat/J8/install/laser_segmentation/share/ament_index/resource_index/packages/laser_segmentation
-- Installing: /home/rhobtor/PHD/test_j8_hayat/J8/install/laser_segmentation/share/ament_index/resource_index/rclcpp_components/laser_segmentation
-- Installing: /home/rhobtor/PHD/test_j8_hayat/J8/install/laser_segmentation/share/laser_segmentation/cmake/ament_cmake_export_include_directories-extras.cmake
-- Installing: /home/rhobtor/PHD/test_j8_hayat/J8/install/laser_segmentation/share/laser_segmentation/cmake/ament_cmake_export_libraries-extras.cmake
-- Installing: /home/rhobtor/PHD/test_j8_hayat/J8/install/laser_segmentation/share/laser_segmentation/cmake/ament_cmake_export_dependencies-extras.cmake
-- Installing: /home/rhobtor/PHD/test_j8_hayat/J8/install/laser_segmentation/share/laser_segmentation/cmake/laser_segmentationConfig.cmake
-- Installing: /home/rhobtor/PHD/test_j8_hayat/J8/install/laser_segmentation/share/laser_segmentation/cmake/laser_segmentationConfig-version.cmake
-- Installing: /home/rhobtor/PHD/test_j8_hayat/J8/install/laser_segmentation/share/laser_segmentation/package.xml
