[1.472s] Invoking command in '/home/rhobtor/PHD/test_j8_hayat/J8/build/joy_linux': CMAKE_PREFIX_PATH=${CMAKE_PREFIX_PATH}:/home/rhobtor/PHD/ARGOJ8_IA/ARGOSJ8_IA_/install/ntrip_client:/home/rhobtor/PHD/ARGOJ8_IA/ARGOSJ8_IA_/install/j8_gui:/home/rhobtor/PHD/ARGOJ8_IA/ARGOSJ8_IA_/install/car:/home/rhobtor/PHD/ARGOJ8_IA/ARGOSJ8_IA_/install/android_ros2_server:/home/rhobtor/PHD/ARGOJ8_IA/ARGOSJ8_IA_/install/GUI_pkg:/opt/ros/humble /opt/st/stm32cubeclt_1.18.0/CMake/bin/cmake /home/rhobtor/PHD/test_j8_hayat/J8/src/j8_joystick/joy_linux -DCMAKE_INSTALL_PREFIX=/home/rhobtor/PHD/test_j8_hayat/J8/install/joy_linux
[1.995s] -- The C compiler identification is GNU 11.4.0
[1.995s] -- The CXX compiler identification is GNU 11.4.0
[1.995s] -- Detecting C compiler ABI info
[1.995s] -- Detecting C compiler ABI info - done
[1.995s] -- Check for working C compiler: /usr/bin/cc - skipped
[1.995s] -- Detecting C compile features
[1.996s] -- Detecting C compile features - done
[1.997s] -- Detecting CXX compiler ABI info
[2.199s] -- Detecting CXX compiler ABI info - done
[2.240s] -- Check for working CXX compiler: /usr/bin/c++ - skipped
[2.241s] -- Detecting CXX compile features
[2.243s] -- Detecting CXX compile features - done
[2.263s] -- Found ament_cmake: 1.3.14 (/opt/ros/humble/share/ament_cmake/cmake)
[2.824s] -- Found Python3: /usr/bin/python3 (found version "3.10.12") found components: Interpreter 
[3.251s] -- Found diagnostic_msgs: 4.9.1 (/opt/ros/humble/share/diagnostic_msgs/cmake)
[3.504s] -- Found rosidl_generator_c: 3.1.8 (/opt/ros/humble/share/rosidl_generator_c/cmake)
[3.545s] -- Found rosidl_adapter: 3.1.8 (/opt/ros/humble/share/rosidl_adapter/cmake)
[3.597s] -- Found rosidl_generator_cpp: 3.1.8 (/opt/ros/humble/share/rosidl_generator_cpp/cmake)
[3.684s] -- Using all available rosidl_typesupport_c: rosidl_typesupport_fastrtps_c;rosidl_typesupport_introspection_c
[3.784s] -- Using all available rosidl_typesupport_cpp: rosidl_typesupport_fastrtps_cpp;rosidl_typesupport_introspection_cpp
[4.055s] -- Found diagnostic_updater: 4.0.6 (/opt/ros/humble/share/diagnostic_updater/cmake)
[4.538s] -- Found rmw_implementation_cmake: 6.1.2 (/opt/ros/humble/share/rmw_implementation_cmake/cmake)
[4.576s] -- Found rmw_fastrtps_cpp: 6.2.10 (/opt/ros/humble/share/rmw_fastrtps_cpp/cmake)
[5.162s] -- Found OpenSSL: /usr/lib/x86_64-linux-gnu/libcrypto.so (found version "3.0.2")  
[5.321s] -- Found FastRTPS: /opt/ros/humble/include  
[5.539s] -- Using RMW implementation 'rmw_fastrtps_cpp' as default
[5.639s] -- Performing Test CMAKE_HAVE_LIBC_PTHREAD
[5.845s] -- Performing Test CMAKE_HAVE_LIBC_PTHREAD - Success
[5.849s] -- Found Threads: TRUE  
[6.189s] -- Found sensor_msgs: 4.9.1 (/opt/ros/humble/share/sensor_msgs/cmake)
[6.362s] -- Looking for include file linux/joystick.h
[6.523s] -- Looking for include file linux/joystick.h - found
[6.557s] -- Found ament_lint_auto: 0.12.15 (/opt/ros/humble/share/ament_lint_auto/cmake)
[6.819s] -- Added test 'cppcheck' to perform static code analysis on C / C++ code
[6.819s] -- Configured cppcheck include dirs: /home/rhobtor/PHD/test_j8_hayat/J8/src/j8_joystick/joy_linux/msg/cpp
[6.819s] -- Configured cppcheck exclude dirs and/or files: 
[6.824s] -- Added test 'cpplint' to check C / C++ code against the Google style
[6.824s] -- Configured cpplint exclude dirs and/or files: 
[6.827s] -- Added test 'lint_cmake' to check CMake code style
[6.831s] -- Added test 'uncrustify' to check C / C++ code style
[6.831s] -- Configured uncrustify additional arguments: 
[6.834s] -- Added test 'xmllint' to check XML markup files
[6.841s] -- Configuring done (5.4s)
[6.868s] -- Generating done (0.0s)
[6.880s] -- Build files have been written to: /home/rhobtor/PHD/test_j8_hayat/J8/build/joy_linux
[6.898s] Invoked command in '/home/rhobtor/PHD/test_j8_hayat/J8/build/joy_linux' returned '0': CMAKE_PREFIX_PATH=${CMAKE_PREFIX_PATH}:/home/rhobtor/PHD/ARGOJ8_IA/ARGOSJ8_IA_/install/ntrip_client:/home/rhobtor/PHD/ARGOJ8_IA/ARGOSJ8_IA_/install/j8_gui:/home/rhobtor/PHD/ARGOJ8_IA/ARGOSJ8_IA_/install/car:/home/rhobtor/PHD/ARGOJ8_IA/ARGOSJ8_IA_/install/android_ros2_server:/home/rhobtor/PHD/ARGOJ8_IA/ARGOSJ8_IA_/install/GUI_pkg:/opt/ros/humble /opt/st/stm32cubeclt_1.18.0/CMake/bin/cmake /home/rhobtor/PHD/test_j8_hayat/J8/src/j8_joystick/joy_linux -DCMAKE_INSTALL_PREFIX=/home/rhobtor/PHD/test_j8_hayat/J8/install/joy_linux
[6.907s] Invoking command in '/home/rhobtor/PHD/test_j8_hayat/J8/build/joy_linux': CMAKE_PREFIX_PATH=${CMAKE_PREFIX_PATH}:/home/rhobtor/PHD/ARGOJ8_IA/ARGOSJ8_IA_/install/ntrip_client:/home/rhobtor/PHD/ARGOJ8_IA/ARGOSJ8_IA_/install/j8_gui:/home/rhobtor/PHD/ARGOJ8_IA/ARGOSJ8_IA_/install/car:/home/rhobtor/PHD/ARGOJ8_IA/ARGOSJ8_IA_/install/android_ros2_server:/home/rhobtor/PHD/ARGOJ8_IA/ARGOSJ8_IA_/install/GUI_pkg:/opt/ros/humble /opt/st/stm32cubeclt_1.18.0/CMake/bin/cmake --build /home/rhobtor/PHD/test_j8_hayat/J8/build/joy_linux -- -j16 -l16
[7.933s] [ 50%] [32mBuilding CXX object CMakeFiles/joy_linux_node.dir/src/joy_linux_node.cpp.o[0m
[56.534s] [100%] [32m[1mLinking CXX executable joy_linux_node[0m
[57.643s] [100%] Built target joy_linux_node
[57.673s] Invoked command in '/home/rhobtor/PHD/test_j8_hayat/J8/build/joy_linux' returned '0': CMAKE_PREFIX_PATH=${CMAKE_PREFIX_PATH}:/home/rhobtor/PHD/ARGOJ8_IA/ARGOSJ8_IA_/install/ntrip_client:/home/rhobtor/PHD/ARGOJ8_IA/ARGOSJ8_IA_/install/j8_gui:/home/rhobtor/PHD/ARGOJ8_IA/ARGOSJ8_IA_/install/car:/home/rhobtor/PHD/ARGOJ8_IA/ARGOSJ8_IA_/install/android_ros2_server:/home/rhobtor/PHD/ARGOJ8_IA/ARGOSJ8_IA_/install/GUI_pkg:/opt/ros/humble /opt/st/stm32cubeclt_1.18.0/CMake/bin/cmake --build /home/rhobtor/PHD/test_j8_hayat/J8/build/joy_linux -- -j16 -l16
[57.675s] Invoking command in '/home/rhobtor/PHD/test_j8_hayat/J8/build/joy_linux': CMAKE_PREFIX_PATH=${CMAKE_PREFIX_PATH}:/home/rhobtor/PHD/ARGOJ8_IA/ARGOSJ8_IA_/install/ntrip_client:/home/rhobtor/PHD/ARGOJ8_IA/ARGOSJ8_IA_/install/j8_gui:/home/rhobtor/PHD/ARGOJ8_IA/ARGOSJ8_IA_/install/car:/home/rhobtor/PHD/ARGOJ8_IA/ARGOSJ8_IA_/install/android_ros2_server:/home/rhobtor/PHD/ARGOJ8_IA/ARGOSJ8_IA_/install/GUI_pkg:/opt/ros/humble /opt/st/stm32cubeclt_1.18.0/CMake/bin/cmake --install /home/rhobtor/PHD/test_j8_hayat/J8/build/joy_linux
[57.678s] -- Install configuration: ""
[57.678s] -- Installing: /home/rhobtor/PHD/test_j8_hayat/J8/install/joy_linux/lib/joy_linux/joy_linux_node
[57.682s] -- Set non-toolchain portion of runtime path of "/home/rhobtor/PHD/test_j8_hayat/J8/install/joy_linux/lib/joy_linux/joy_linux_node" to ""
[57.682s] -- Installing: /home/rhobtor/PHD/test_j8_hayat/J8/install/joy_linux/share/ament_index/resource_index/package_run_dependencies/joy_linux
[57.682s] -- Installing: /home/rhobtor/PHD/test_j8_hayat/J8/install/joy_linux/share/ament_index/resource_index/parent_prefix_path/joy_linux
[57.686s] -- Installing: /home/rhobtor/PHD/test_j8_hayat/J8/install/joy_linux/share/joy_linux/environment/ament_prefix_path.sh
[57.686s] -- Installing: /home/rhobtor/PHD/test_j8_hayat/J8/install/joy_linux/share/joy_linux/environment/ament_prefix_path.dsv
[57.686s] -- Installing: /home/rhobtor/PHD/test_j8_hayat/J8/install/joy_linux/share/joy_linux/environment/path.sh
[57.686s] -- Installing: /home/rhobtor/PHD/test_j8_hayat/J8/install/joy_linux/share/joy_linux/environment/path.dsv
[57.686s] -- Installing: /home/rhobtor/PHD/test_j8_hayat/J8/install/joy_linux/share/joy_linux/local_setup.bash
[57.687s] -- Installing: /home/rhobtor/PHD/test_j8_hayat/J8/install/joy_linux/share/joy_linux/local_setup.sh
[57.687s] -- Installing: /home/rhobtor/PHD/test_j8_hayat/J8/install/joy_linux/share/joy_linux/local_setup.zsh
[57.687s] -- Installing: /home/rhobtor/PHD/test_j8_hayat/J8/install/joy_linux/share/joy_linux/local_setup.dsv
[57.687s] -- Installing: /home/rhobtor/PHD/test_j8_hayat/J8/install/joy_linux/share/joy_linux/package.dsv
[57.687s] -- Installing: /home/rhobtor/PHD/test_j8_hayat/J8/install/joy_linux/share/ament_index/resource_index/packages/joy_linux
[57.687s] -- Installing: /home/rhobtor/PHD/test_j8_hayat/J8/install/joy_linux/share/joy_linux/cmake/joy_linuxConfig.cmake
[57.688s] -- Installing: /home/rhobtor/PHD/test_j8_hayat/J8/install/joy_linux/share/joy_linux/cmake/joy_linuxConfig-version.cmake
[57.688s] -- Installing: /home/rhobtor/PHD/test_j8_hayat/J8/install/joy_linux/share/joy_linux/package.xml
[57.725s] Invoked command in '/home/rhobtor/PHD/test_j8_hayat/J8/build/joy_linux' returned '0': CMAKE_PREFIX_PATH=${CMAKE_PREFIX_PATH}:/home/rhobtor/PHD/ARGOJ8_IA/ARGOSJ8_IA_/install/ntrip_client:/home/rhobtor/PHD/ARGOJ8_IA/ARGOSJ8_IA_/install/j8_gui:/home/rhobtor/PHD/ARGOJ8_IA/ARGOSJ8_IA_/install/car:/home/rhobtor/PHD/ARGOJ8_IA/ARGOSJ8_IA_/install/android_ros2_server:/home/rhobtor/PHD/ARGOJ8_IA/ARGOSJ8_IA_/install/GUI_pkg:/opt/ros/humble /opt/st/stm32cubeclt_1.18.0/CMake/bin/cmake --install /home/rhobtor/PHD/test_j8_hayat/J8/build/joy_linux
