[2.276s] Invoking command in '/home/rhobtor/PHD/test_j8_hayat/J8/src/android_ros2_server': PYTHONPATH=/home/rhobtor/PHD/test_j8_hayat/J8/build/android_ros2_server/prefix_override:/usr/lib/python3/dist-packages/colcon_core/task/python/colcon_distutils_commands:/home/rhobtor/PHD/test_j8_hayat/J8/install/android_ros2_server/lib/python3.10/site-packages:${PYTHONPATH} /usr/bin/python3 -W ignore:setup.py install is deprecated -W ignore:easy_install command is deprecated setup.py egg_info --egg-base ../../build/android_ros2_server build --build-base /home/rhobtor/PHD/test_j8_hayat/J8/build/android_ros2_server/build install --record /home/rhobtor/PHD/test_j8_hayat/J8/build/android_ros2_server/install.log --single-version-externally-managed install_data
[2.507s] /home/rhobtor/.local/lib/python3.10/site-packages/setuptools/_distutils/dist.py:289: UserWarning: Unknown distribution option: 'tests_require'
[2.507s]   warnings.warn(msg)
[2.621s] running egg_info
[2.639s] writing ../../build/android_ros2_server/android_ros2_server.egg-info/PKG-INFO
[2.640s] writing dependency_links to ../../build/android_ros2_server/android_ros2_server.egg-info/dependency_links.txt
[2.640s] writing entry points to ../../build/android_ros2_server/android_ros2_server.egg-info/entry_points.txt
[2.641s] writing requirements to ../../build/android_ros2_server/android_ros2_server.egg-info/requires.txt
[2.641s] writing top-level names to ../../build/android_ros2_server/android_ros2_server.egg-info/top_level.txt
[2.816s] reading manifest file '../../build/android_ros2_server/android_ros2_server.egg-info/SOURCES.txt'
[2.817s] writing manifest file '../../build/android_ros2_server/android_ros2_server.egg-info/SOURCES.txt'
[2.817s] running build
[2.817s] running build_py
[2.817s] copying android_ros2_server/server.py -> /home/rhobtor/PHD/test_j8_hayat/J8/build/android_ros2_server/build/lib/android_ros2_server
[2.817s] copying android_ros2_server/__init__.py -> /home/rhobtor/PHD/test_j8_hayat/J8/build/android_ros2_server/build/lib/android_ros2_server
[2.817s] running install
[2.817s] running install_lib
[2.820s] running install_data
[2.820s] copying resource/android_ros2_server -> /home/rhobtor/PHD/test_j8_hayat/J8/install/android_ros2_server/share/ament_index/resource_index/packages
[2.821s] copying package.xml -> /home/rhobtor/PHD/test_j8_hayat/J8/install/android_ros2_server/share/android_ros2_server
[2.821s] running install_egg_info
[2.823s] removing '/home/rhobtor/PHD/test_j8_hayat/J8/install/android_ros2_server/lib/python3.10/site-packages/android_ros2_server-0.0.0-py3.10.egg-info' (and everything under it)
[2.823s] Copying ../../build/android_ros2_server/android_ros2_server.egg-info to /home/rhobtor/PHD/test_j8_hayat/J8/install/android_ros2_server/lib/python3.10/site-packages/android_ros2_server-0.0.0-py3.10.egg-info
[2.823s] running install_scripts
[2.833s] Installing tcp_server_node script to /home/rhobtor/PHD/test_j8_hayat/J8/install/android_ros2_server/lib/android_ros2_server
[2.834s] writing list of installed files to '/home/rhobtor/PHD/test_j8_hayat/J8/build/android_ros2_server/install.log'
[2.894s] Invoked command in '/home/rhobtor/PHD/test_j8_hayat/J8/src/android_ros2_server' returned '0': PYTHONPATH=/home/rhobtor/PHD/test_j8_hayat/J8/build/android_ros2_server/prefix_override:/usr/lib/python3/dist-packages/colcon_core/task/python/colcon_distutils_commands:/home/rhobtor/PHD/test_j8_hayat/J8/install/android_ros2_server/lib/python3.10/site-packages:${PYTHONPATH} /usr/bin/python3 -W ignore:setup.py install is deprecated -W ignore:easy_install command is deprecated setup.py egg_info --egg-base ../../build/android_ros2_server build --build-base /home/rhobtor/PHD/test_j8_hayat/J8/build/android_ros2_server/build install --record /home/rhobtor/PHD/test_j8_hayat/J8/build/android_ros2_server/install.log --single-version-externally-managed install_data
