[0.922s] Invoking command in '/home/rhobtor/PHD/test_j8_hayat/J8/build/argj801_setup': CMAKE_PREFIX_PATH=${CMAKE_PREFIX_PATH}:/home/rhobtor/PHD/ARGOJ8_IA/ARGOSJ8_IA_/install/ntrip_client:/home/rhobtor/PHD/ARGOJ8_IA/ARGOSJ8_IA_/install/j8_gui:/home/rhobtor/PHD/ARGOJ8_IA/ARGOSJ8_IA_/install/car:/home/rhobtor/PHD/ARGOJ8_IA/ARGOSJ8_IA_/install/android_ros2_server:/home/rhobtor/PHD/ARGOJ8_IA/ARGOSJ8_IA_/install/GUI_pkg:/opt/ros/humble /opt/st/stm32cubeclt_1.18.0/CMake/bin/cmake /home/rhobtor/PHD/test_j8_hayat/J8/src/argj801_setup -DCMAKE_INSTALL_PREFIX=/home/rhobtor/PHD/test_j8_hayat/J8/install/argj801_setup
[1.520s] -- The C compiler identification is GNU 11.4.0
[1.520s] -- The CXX compiler identification is GNU 11.4.0
[1.520s] -- Detecting C compiler ABI info
[1.520s] -- Detecting C compiler ABI info - done
[1.520s] -- Check for working C compiler: /usr/bin/cc - skipped
[1.520s] -- Detecting C compile features
[1.521s] -- Detecting C compile features - done
[1.521s] -- Detecting CXX compiler ABI info
[1.655s] -- Detecting CXX compiler ABI info - done
[1.682s] -- Check for working CXX compiler: /usr/bin/c++ - skipped
[1.683s] -- Detecting CXX compile features
[1.684s] -- Detecting CXX compile features - done
[1.698s] -- Found ament_cmake: 1.3.14 (/opt/ros/humble/share/ament_cmake/cmake)
[2.067s] -- Found Python3: /usr/bin/python3 (found version "3.10.12") found components: Interpreter 
[2.506s] -- Found ament_lint_auto: 0.12.15 (/opt/ros/humble/share/ament_lint_auto/cmake)
[2.850s] -- Added test 'flake8' to check Python code syntax and style conventions
[2.856s] -- Added test 'lint_cmake' to check CMake code style
[2.860s] -- Added test 'pep257' to check Python code against some of the docstring style conventions in PEP 257
[2.864s] -- Added test 'xmllint' to check XML markup files
[2.871s] -- Configuring done (1.9s)
[2.878s] -- Generating done (0.0s)
[2.882s] -- Build files have been written to: /home/rhobtor/PHD/test_j8_hayat/J8/build/argj801_setup
[2.915s] Invoked command in '/home/rhobtor/PHD/test_j8_hayat/J8/build/argj801_setup' returned '0': CMAKE_PREFIX_PATH=${CMAKE_PREFIX_PATH}:/home/rhobtor/PHD/ARGOJ8_IA/ARGOSJ8_IA_/install/ntrip_client:/home/rhobtor/PHD/ARGOJ8_IA/ARGOSJ8_IA_/install/j8_gui:/home/rhobtor/PHD/ARGOJ8_IA/ARGOSJ8_IA_/install/car:/home/rhobtor/PHD/ARGOJ8_IA/ARGOSJ8_IA_/install/android_ros2_server:/home/rhobtor/PHD/ARGOJ8_IA/ARGOSJ8_IA_/install/GUI_pkg:/opt/ros/humble /opt/st/stm32cubeclt_1.18.0/CMake/bin/cmake /home/rhobtor/PHD/test_j8_hayat/J8/src/argj801_setup -DCMAKE_INSTALL_PREFIX=/home/rhobtor/PHD/test_j8_hayat/J8/install/argj801_setup
[2.916s] Invoking command in '/home/rhobtor/PHD/test_j8_hayat/J8/build/argj801_setup': CMAKE_PREFIX_PATH=${CMAKE_PREFIX_PATH}:/home/rhobtor/PHD/ARGOJ8_IA/ARGOSJ8_IA_/install/ntrip_client:/home/rhobtor/PHD/ARGOJ8_IA/ARGOSJ8_IA_/install/j8_gui:/home/rhobtor/PHD/ARGOJ8_IA/ARGOSJ8_IA_/install/car:/home/rhobtor/PHD/ARGOJ8_IA/ARGOSJ8_IA_/install/android_ros2_server:/home/rhobtor/PHD/ARGOJ8_IA/ARGOSJ8_IA_/install/GUI_pkg:/opt/ros/humble /opt/st/stm32cubeclt_1.18.0/CMake/bin/cmake --build /home/rhobtor/PHD/test_j8_hayat/J8/build/argj801_setup -- -j16 -l16
[3.030s] Invoked command in '/home/rhobtor/PHD/test_j8_hayat/J8/build/argj801_setup' returned '0': CMAKE_PREFIX_PATH=${CMAKE_PREFIX_PATH}:/home/rhobtor/PHD/ARGOJ8_IA/ARGOSJ8_IA_/install/ntrip_client:/home/rhobtor/PHD/ARGOJ8_IA/ARGOSJ8_IA_/install/j8_gui:/home/rhobtor/PHD/ARGOJ8_IA/ARGOSJ8_IA_/install/car:/home/rhobtor/PHD/ARGOJ8_IA/ARGOSJ8_IA_/install/android_ros2_server:/home/rhobtor/PHD/ARGOJ8_IA/ARGOSJ8_IA_/install/GUI_pkg:/opt/ros/humble /opt/st/stm32cubeclt_1.18.0/CMake/bin/cmake --build /home/rhobtor/PHD/test_j8_hayat/J8/build/argj801_setup -- -j16 -l16
[3.032s] Invoking command in '/home/rhobtor/PHD/test_j8_hayat/J8/build/argj801_setup': CMAKE_PREFIX_PATH=${CMAKE_PREFIX_PATH}:/home/rhobtor/PHD/ARGOJ8_IA/ARGOSJ8_IA_/install/ntrip_client:/home/rhobtor/PHD/ARGOJ8_IA/ARGOSJ8_IA_/install/j8_gui:/home/rhobtor/PHD/ARGOJ8_IA/ARGOSJ8_IA_/install/car:/home/rhobtor/PHD/ARGOJ8_IA/ARGOSJ8_IA_/install/android_ros2_server:/home/rhobtor/PHD/ARGOJ8_IA/ARGOSJ8_IA_/install/GUI_pkg:/opt/ros/humble /opt/st/stm32cubeclt_1.18.0/CMake/bin/cmake --install /home/rhobtor/PHD/test_j8_hayat/J8/build/argj801_setup
[3.078s] -- Install configuration: ""
[3.078s] -- Installing: /home/rhobtor/PHD/test_j8_hayat/J8/install/argj801_setup/share/argj801_setup//launch
[3.078s] -- Installing: /home/rhobtor/PHD/test_j8_hayat/J8/install/argj801_setup/share/argj801_setup//launch/README.md
[3.079s] -- Installing: /home/rhobtor/PHD/test_j8_hayat/J8/install/argj801_setup/share/argj801_setup//launch/J8_launch.py
[3.079s] -- Installing: /home/rhobtor/PHD/test_j8_hayat/J8/install/argj801_setup/share/argj801_setup//config
[3.079s] -- Installing: /home/rhobtor/PHD/test_j8_hayat/J8/install/argj801_setup/share/argj801_setup//config/README.md
[3.079s] -- Installing: /home/rhobtor/PHD/test_j8_hayat/J8/install/argj801_setup/share/argj801_setup//config/J8_params.yaml
[3.079s] -- Installing: /home/rhobtor/PHD/test_j8_hayat/J8/install/argj801_setup/share/ament_index/resource_index/package_run_dependencies/argj801_setup
[3.079s] -- Installing: /home/rhobtor/PHD/test_j8_hayat/J8/install/argj801_setup/share/ament_index/resource_index/parent_prefix_path/argj801_setup
[3.080s] -- Installing: /home/rhobtor/PHD/test_j8_hayat/J8/install/argj801_setup/share/argj801_setup/environment/ament_prefix_path.sh
[3.080s] -- Installing: /home/rhobtor/PHD/test_j8_hayat/J8/install/argj801_setup/share/argj801_setup/environment/ament_prefix_path.dsv
[3.081s] -- Installing: /home/rhobtor/PHD/test_j8_hayat/J8/install/argj801_setup/share/argj801_setup/environment/path.sh
[3.081s] -- Installing: /home/rhobtor/PHD/test_j8_hayat/J8/install/argj801_setup/share/argj801_setup/environment/path.dsv
[3.081s] -- Installing: /home/rhobtor/PHD/test_j8_hayat/J8/install/argj801_setup/share/argj801_setup/local_setup.bash
[3.081s] -- Installing: /home/rhobtor/PHD/test_j8_hayat/J8/install/argj801_setup/share/argj801_setup/local_setup.sh
[3.081s] -- Installing: /home/rhobtor/PHD/test_j8_hayat/J8/install/argj801_setup/share/argj801_setup/local_setup.zsh
[3.081s] -- Installing: /home/rhobtor/PHD/test_j8_hayat/J8/install/argj801_setup/share/argj801_setup/local_setup.dsv
[3.081s] -- Installing: /home/rhobtor/PHD/test_j8_hayat/J8/install/argj801_setup/share/argj801_setup/package.dsv
[3.082s] -- Installing: /home/rhobtor/PHD/test_j8_hayat/J8/install/argj801_setup/share/ament_index/resource_index/packages/argj801_setup
[3.082s] -- Installing: /home/rhobtor/PHD/test_j8_hayat/J8/install/argj801_setup/share/argj801_setup/cmake/argj801_setupConfig.cmake
[3.082s] -- Installing: /home/rhobtor/PHD/test_j8_hayat/J8/install/argj801_setup/share/argj801_setup/cmake/argj801_setupConfig-version.cmake
[3.082s] -- Installing: /home/rhobtor/PHD/test_j8_hayat/J8/install/argj801_setup/share/argj801_setup/package.xml
[3.116s] Invoked command in '/home/rhobtor/PHD/test_j8_hayat/J8/build/argj801_setup' returned '0': CMAKE_PREFIX_PATH=${CMAKE_PREFIX_PATH}:/home/rhobtor/PHD/ARGOJ8_IA/ARGOSJ8_IA_/install/ntrip_client:/home/rhobtor/PHD/ARGOJ8_IA/ARGOSJ8_IA_/install/j8_gui:/home/rhobtor/PHD/ARGOJ8_IA/ARGOSJ8_IA_/install/car:/home/rhobtor/PHD/ARGOJ8_IA/ARGOSJ8_IA_/install/android_ros2_server:/home/rhobtor/PHD/ARGOJ8_IA/ARGOSJ8_IA_/install/GUI_pkg:/opt/ros/humble /opt/st/stm32cubeclt_1.18.0/CMake/bin/cmake --install /home/rhobtor/PHD/test_j8_hayat/J8/build/argj801_setup
