/home/rhobtor/PHD/test_j8_hayat/J8/install/j8_gui/lib/python3.10/site-packages/j8_gui/__init__.py
/home/rhobtor/PHD/test_j8_hayat/J8/install/j8_gui/lib/python3.10/site-packages/j8_gui/ros_api.py
/home/rhobtor/PHD/test_j8_hayat/J8/install/j8_gui/lib/python3.10/site-packages/j8_gui/gui_node.py
/home/rhobtor/PHD/test_j8_hayat/J8/install/j8_gui/lib/python3.10/site-packages/j8_gui/app/state_widget.py
/home/rhobtor/PHD/test_j8_hayat/J8/install/j8_gui/lib/python3.10/site-packages/j8_gui/app/followzed_widget.py
/home/rhobtor/PHD/test_j8_hayat/J8/install/j8_gui/lib/python3.10/site-packages/j8_gui/app/__init__.py
/home/rhobtor/PHD/test_j8_hayat/J8/install/j8_gui/lib/python3.10/site-packages/j8_gui/app/map_bridge.py
/home/rhobtor/PHD/test_j8_hayat/J8/install/j8_gui/lib/python3.10/site-packages/j8_gui/app/geo_local.py
/home/rhobtor/PHD/test_j8_hayat/J8/install/j8_gui/lib/python3.10/site-packages/j8_gui/app/control_widget.py
/home/rhobtor/PHD/test_j8_hayat/J8/install/j8_gui/lib/python3.10/site-packages/j8_gui/app/main_window.py
/home/rhobtor/PHD/test_j8_hayat/J8/install/j8_gui/lib/python3.10/site-packages/j8_gui/__pycache__/__init__.cpython-310.pyc
/home/rhobtor/PHD/test_j8_hayat/J8/install/j8_gui/lib/python3.10/site-packages/j8_gui/__pycache__/ros_api.cpython-310.pyc
/home/rhobtor/PHD/test_j8_hayat/J8/install/j8_gui/lib/python3.10/site-packages/j8_gui/__pycache__/gui_node.cpython-310.pyc
/home/rhobtor/PHD/test_j8_hayat/J8/install/j8_gui/lib/python3.10/site-packages/j8_gui/app/__pycache__/state_widget.cpython-310.pyc
/home/rhobtor/PHD/test_j8_hayat/J8/install/j8_gui/lib/python3.10/site-packages/j8_gui/app/__pycache__/followzed_widget.cpython-310.pyc
/home/rhobtor/PHD/test_j8_hayat/J8/install/j8_gui/lib/python3.10/site-packages/j8_gui/app/__pycache__/__init__.cpython-310.pyc
/home/rhobtor/PHD/test_j8_hayat/J8/install/j8_gui/lib/python3.10/site-packages/j8_gui/app/__pycache__/map_bridge.cpython-310.pyc
/home/rhobtor/PHD/test_j8_hayat/J8/install/j8_gui/lib/python3.10/site-packages/j8_gui/app/__pycache__/geo_local.cpython-310.pyc
/home/rhobtor/PHD/test_j8_hayat/J8/install/j8_gui/lib/python3.10/site-packages/j8_gui/app/__pycache__/control_widget.cpython-310.pyc
/home/rhobtor/PHD/test_j8_hayat/J8/install/j8_gui/lib/python3.10/site-packages/j8_gui/app/__pycache__/main_window.cpython-310.pyc
/home/rhobtor/PHD/test_j8_hayat/J8/install/j8_gui/share/ament_index/resource_index/packages/j8_gui
/home/rhobtor/PHD/test_j8_hayat/J8/install/j8_gui/share/j8_gui/package.xml
/home/rhobtor/PHD/test_j8_hayat/J8/install/j8_gui/share/j8_gui/resources/map.html
/home/rhobtor/PHD/test_j8_hayat/J8/install/j8_gui/share/j8_gui/resources/vendor/leaflet/leaflet.js
/home/rhobtor/PHD/test_j8_hayat/J8/install/j8_gui/share/j8_gui/resources/vendor/leaflet/leaflet.css
/home/rhobtor/PHD/test_j8_hayat/J8/install/j8_gui/share/j8_gui/resources/vendor/leaflet/images/marker-icon.png
/home/rhobtor/PHD/test_j8_hayat/J8/install/j8_gui/share/j8_gui/resources/vendor/leaflet/images/marker-icon-2x.png
/home/rhobtor/PHD/test_j8_hayat/J8/install/j8_gui/share/j8_gui/resources/vendor/leaflet/images/marker-shadow.png
/home/rhobtor/PHD/test_j8_hayat/J8/install/j8_gui/lib/python3.10/site-packages/j8_gui-0.1.0-py3.10.egg-info/top_level.txt
/home/rhobtor/PHD/test_j8_hayat/J8/install/j8_gui/lib/python3.10/site-packages/j8_gui-0.1.0-py3.10.egg-info/requires.txt
/home/rhobtor/PHD/test_j8_hayat/J8/install/j8_gui/lib/python3.10/site-packages/j8_gui-0.1.0-py3.10.egg-info/SOURCES.txt
/home/rhobtor/PHD/test_j8_hayat/J8/install/j8_gui/lib/python3.10/site-packages/j8_gui-0.1.0-py3.10.egg-info/PKG-INFO
/home/rhobtor/PHD/test_j8_hayat/J8/install/j8_gui/lib/python3.10/site-packages/j8_gui-0.1.0-py3.10.egg-info/entry_points.txt
/home/rhobtor/PHD/test_j8_hayat/J8/install/j8_gui/lib/python3.10/site-packages/j8_gui-0.1.0-py3.10.egg-info/dependency_links.txt
/home/rhobtor/PHD/test_j8_hayat/J8/install/j8_gui/lib/python3.10/site-packages/j8_gui-0.1.0-py3.10.egg-info/zip-safe
/home/rhobtor/PHD/test_j8_hayat/J8/install/j8_gui/lib/j8_gui/gui
