[0.226s] Invoking command in '/home/rhobtor/PHD/test_j8_hayat/J8/build/spacenav': CMAKE_PREFIX_PATH=${CMAKE_PREFIX_PATH}:/home/rhobtor/PHD/test_j8_hayat/J8/install/ntrip_client:/home/rhobtor/PHD/test_j8_hayat/J8/install/j8_gui:/home/rhobtor/PHD/test_j8_hayat/J8/install/android_ros2_server:/home/rhobtor/PHD/test_j8_hayat/J8/install/GUI_pkg:/home/rhobtor/PHD/ARGOJ8_IA/ARGOSJ8_IA_/install/ntrip_client:/home/rhobtor/PHD/ARGOJ8_IA/ARGOSJ8_IA_/install/j8_gui:/home/rhobtor/PHD/ARGOJ8_IA/ARGOSJ8_IA_/install/car:/home/rhobtor/PHD/ARGOJ8_IA/ARGOSJ8_IA_/install/android_ros2_server:/home/rhobtor/PHD/ARGOJ8_IA/ARGOSJ8_IA_/install/GUI_pkg:/opt/ros/humble /opt/st/stm32cubeclt_1.18.0/CMake/bin/cmake --build /home/rhobtor/PHD/test_j8_hayat/J8/build/spacenav -- -j16 -l16
[0.299s] [ 50%] Built target spacenav
[0.320s] [100%] Built target spacenav_node
[0.347s] Invoked command in '/home/rhobtor/PHD/test_j8_hayat/J8/build/spacenav' returned '0': CMAKE_PREFIX_PATH=${CMAKE_PREFIX_PATH}:/home/rhobtor/PHD/test_j8_hayat/J8/install/ntrip_client:/home/rhobtor/PHD/test_j8_hayat/J8/install/j8_gui:/home/rhobtor/PHD/test_j8_hayat/J8/install/android_ros2_server:/home/rhobtor/PHD/test_j8_hayat/J8/install/GUI_pkg:/home/rhobtor/PHD/ARGOJ8_IA/ARGOSJ8_IA_/install/ntrip_client:/home/rhobtor/PHD/ARGOJ8_IA/ARGOSJ8_IA_/install/j8_gui:/home/rhobtor/PHD/ARGOJ8_IA/ARGOSJ8_IA_/install/car:/home/rhobtor/PHD/ARGOJ8_IA/ARGOSJ8_IA_/install/android_ros2_server:/home/rhobtor/PHD/ARGOJ8_IA/ARGOSJ8_IA_/install/GUI_pkg:/opt/ros/humble /opt/st/stm32cubeclt_1.18.0/CMake/bin/cmake --build /home/rhobtor/PHD/test_j8_hayat/J8/build/spacenav -- -j16 -l16
[0.347s] Invoking command in '/home/rhobtor/PHD/test_j8_hayat/J8/build/spacenav': CMAKE_PREFIX_PATH=${CMAKE_PREFIX_PATH}:/home/rhobtor/PHD/test_j8_hayat/J8/install/ntrip_client:/home/rhobtor/PHD/test_j8_hayat/J8/install/j8_gui:/home/rhobtor/PHD/test_j8_hayat/J8/install/android_ros2_server:/home/rhobtor/PHD/test_j8_hayat/J8/install/GUI_pkg:/home/rhobtor/PHD/ARGOJ8_IA/ARGOSJ8_IA_/install/ntrip_client:/home/rhobtor/PHD/ARGOJ8_IA/ARGOSJ8_IA_/install/j8_gui:/home/rhobtor/PHD/ARGOJ8_IA/ARGOSJ8_IA_/install/car:/home/rhobtor/PHD/ARGOJ8_IA/ARGOSJ8_IA_/install/android_ros2_server:/home/rhobtor/PHD/ARGOJ8_IA/ARGOSJ8_IA_/install/GUI_pkg:/opt/ros/humble /opt/st/stm32cubeclt_1.18.0/CMake/bin/cmake --install /home/rhobtor/PHD/test_j8_hayat/J8/build/spacenav
[0.369s] -- Install configuration: ""
[0.369s] -- Up-to-date: /home/rhobtor/PHD/test_j8_hayat/J8/install/spacenav/lib/libspacenav.so
[0.369s] -- Up-to-date: /home/rhobtor/PHD/test_j8_hayat/J8/install/spacenav/lib/spacenav/spacenav_node
[0.370s] -- Up-to-date: /home/rhobtor/PHD/test_j8_hayat/J8/install/spacenav/include/spacenav
[0.370s] -- Up-to-date: /home/rhobtor/PHD/test_j8_hayat/J8/install/spacenav/include/spacenav/spacenav
[0.370s] -- Up-to-date: /home/rhobtor/PHD/test_j8_hayat/J8/install/spacenav/include/spacenav/spacenav/spacenav.hpp
[0.370s] -- Up-to-date: /home/rhobtor/PHD/test_j8_hayat/J8/install/spacenav/share/spacenav//launch
[0.370s] -- Up-to-date: /home/rhobtor/PHD/test_j8_hayat/J8/install/spacenav/share/spacenav//launch/static_deadband-launch.py
[0.373s] -- Up-to-date: /home/rhobtor/PHD/test_j8_hayat/J8/install/spacenav/share/spacenav//launch/no_deadband-launch.py
[0.374s] -- Up-to-date: /home/rhobtor/PHD/test_j8_hayat/J8/install/spacenav/share/spacenav//launch/classic-launch.py
[0.374s] -- Up-to-date: /home/rhobtor/PHD/test_j8_hayat/J8/install/spacenav/lib/libspacenav.so
[0.375s] -- Up-to-date: /home/rhobtor/PHD/test_j8_hayat/J8/install/spacenav/share/ament_index/resource_index/package_run_dependencies/spacenav
[0.375s] -- Up-to-date: /home/rhobtor/PHD/test_j8_hayat/J8/install/spacenav/share/ament_index/resource_index/parent_prefix_path/spacenav
[0.375s] -- Up-to-date: /home/rhobtor/PHD/test_j8_hayat/J8/install/spacenav/share/spacenav/environment/ament_prefix_path.sh
[0.376s] -- Up-to-date: /home/rhobtor/PHD/test_j8_hayat/J8/install/spacenav/share/spacenav/environment/ament_prefix_path.dsv
[0.376s] -- Up-to-date: /home/rhobtor/PHD/test_j8_hayat/J8/install/spacenav/share/spacenav/environment/path.sh
[0.376s] -- Up-to-date: /home/rhobtor/PHD/test_j8_hayat/J8/install/spacenav/share/spacenav/environment/path.dsv
[0.376s] -- Up-to-date: /home/rhobtor/PHD/test_j8_hayat/J8/install/spacenav/share/spacenav/local_setup.bash
[0.376s] -- Up-to-date: /home/rhobtor/PHD/test_j8_hayat/J8/install/spacenav/share/spacenav/local_setup.sh
[0.376s] -- Up-to-date: /home/rhobtor/PHD/test_j8_hayat/J8/install/spacenav/share/spacenav/local_setup.zsh
[0.376s] -- Up-to-date: /home/rhobtor/PHD/test_j8_hayat/J8/install/spacenav/share/spacenav/local_setup.dsv
[0.376s] -- Installing: /home/rhobtor/PHD/test_j8_hayat/J8/install/spacenav/share/spacenav/package.dsv
[0.376s] -- Up-to-date: /home/rhobtor/PHD/test_j8_hayat/J8/install/spacenav/share/ament_index/resource_index/packages/spacenav
[0.376s] -- Up-to-date: /home/rhobtor/PHD/test_j8_hayat/J8/install/spacenav/share/ament_index/resource_index/rclcpp_components/spacenav
[0.376s] -- Up-to-date: /home/rhobtor/PHD/test_j8_hayat/J8/install/spacenav/share/spacenav/cmake/export_spacenavExport.cmake
[0.376s] -- Up-to-date: /home/rhobtor/PHD/test_j8_hayat/J8/install/spacenav/share/spacenav/cmake/export_spacenavExport-noconfig.cmake
[0.376s] -- Up-to-date: /home/rhobtor/PHD/test_j8_hayat/J8/install/spacenav/share/spacenav/cmake/ament_cmake_export_targets-extras.cmake
[0.377s] -- Up-to-date: /home/rhobtor/PHD/test_j8_hayat/J8/install/spacenav/share/spacenav/cmake/ament_cmake_export_dependencies-extras.cmake
[0.377s] -- Up-to-date: /home/rhobtor/PHD/test_j8_hayat/J8/install/spacenav/share/spacenav/cmake/spacenavConfig.cmake
[0.377s] -- Up-to-date: /home/rhobtor/PHD/test_j8_hayat/J8/install/spacenav/share/spacenav/cmake/spacenavConfig-version.cmake
[0.377s] -- Up-to-date: /home/rhobtor/PHD/test_j8_hayat/J8/install/spacenav/share/spacenav/package.xml
[0.410s] Invoked command in '/home/rhobtor/PHD/test_j8_hayat/J8/build/spacenav' returned '0': CMAKE_PREFIX_PATH=${CMAKE_PREFIX_PATH}:/home/rhobtor/PHD/test_j8_hayat/J8/install/ntrip_client:/home/rhobtor/PHD/test_j8_hayat/J8/install/j8_gui:/home/rhobtor/PHD/test_j8_hayat/J8/install/android_ros2_server:/home/rhobtor/PHD/test_j8_hayat/J8/install/GUI_pkg:/home/rhobtor/PHD/ARGOJ8_IA/ARGOSJ8_IA_/install/ntrip_client:/home/rhobtor/PHD/ARGOJ8_IA/ARGOSJ8_IA_/install/j8_gui:/home/rhobtor/PHD/ARGOJ8_IA/ARGOSJ8_IA_/install/car:/home/rhobtor/PHD/ARGOJ8_IA/ARGOSJ8_IA_/install/android_ros2_server:/home/rhobtor/PHD/ARGOJ8_IA/ARGOSJ8_IA_/install/GUI_pkg:/opt/ros/humble /opt/st/stm32cubeclt_1.18.0/CMake/bin/cmake --install /home/rhobtor/PHD/test_j8_hayat/J8/build/spacenav
