[4.314s] Invoking command in '/home/rhobtor/PHD/test_j8_hayat/J8/src/argo_drivers_pkgs/ntrip_client': PYTHONPATH=/home/rhobtor/PHD/test_j8_hayat/J8/build/ntrip_client/prefix_override:/usr/lib/python3/dist-packages/colcon_core/task/python/colcon_distutils_commands:/home/rhobtor/PHD/test_j8_hayat/J8/install/ntrip_client/lib/python3.10/site-packages:${PYTHONPATH} /usr/bin/python3 -W ignore:setup.py install is deprecated -W ignore:easy_install command is deprecated setup.py egg_info --egg-base ../../../build/ntrip_client build --build-base /home/rhobtor/PHD/test_j8_hayat/J8/build/ntrip_client/build install --record /home/rhobtor/PHD/test_j8_hayat/J8/build/ntrip_client/install.log --single-version-externally-managed install_data
[7.870s] running egg_info
[7.870s] creating ../../../build/ntrip_client/ntrip_client.egg-info
[7.870s] writing ../../../build/ntrip_client/ntrip_client.egg-info/PKG-INFO
[7.870s] writing dependency_links to ../../../build/ntrip_client/ntrip_client.egg-info/dependency_links.txt
[7.871s] writing requirements to ../../../build/ntrip_client/ntrip_client.egg-info/requires.txt
[7.871s] writing top-level names to ../../../build/ntrip_client/ntrip_client.egg-info/top_level.txt
[7.871s] writing manifest file '../../../build/ntrip_client/ntrip_client.egg-info/SOURCES.txt'
[7.871s] reading manifest file '../../../build/ntrip_client/ntrip_client.egg-info/SOURCES.txt'
[7.871s] adding license file 'LICENSE'
[7.871s] writing manifest file '../../../build/ntrip_client/ntrip_client.egg-info/SOURCES.txt'
[7.871s] running build
[7.871s] running build_py
[7.871s] creating /home/rhobtor/PHD/test_j8_hayat/J8/build/ntrip_client/build/lib/ntrip_client
[7.872s] copying src/ntrip_client/ntrip_client.py -> /home/rhobtor/PHD/test_j8_hayat/J8/build/ntrip_client/build/lib/ntrip_client
[7.872s] copying src/ntrip_client/rtcm_parser.py -> /home/rhobtor/PHD/test_j8_hayat/J8/build/ntrip_client/build/lib/ntrip_client
[7.872s] copying src/ntrip_client/__init__.py -> /home/rhobtor/PHD/test_j8_hayat/J8/build/ntrip_client/build/lib/ntrip_client
[7.872s] copying src/ntrip_client/nmea_parser.py -> /home/rhobtor/PHD/test_j8_hayat/J8/build/ntrip_client/build/lib/ntrip_client
[7.872s] running build_scripts
[7.872s] creating /home/rhobtor/PHD/test_j8_hayat/J8/build/ntrip_client/build/scripts-3.10
[7.872s] copying and adjusting scripts/ntrip_ros.py -> /home/rhobtor/PHD/test_j8_hayat/J8/build/ntrip_client/build/scripts-3.10
[7.872s] changing mode of /home/rhobtor/PHD/test_j8_hayat/J8/build/ntrip_client/build/scripts-3.10/ntrip_ros.py from 664 to 775
[7.873s] running install
[7.873s] running install_lib
[7.873s] creating /home/rhobtor/PHD/test_j8_hayat/J8/install/ntrip_client/lib/python3.10/site-packages/ntrip_client
[7.873s] copying /home/rhobtor/PHD/test_j8_hayat/J8/build/ntrip_client/build/lib/ntrip_client/ntrip_client.py -> /home/rhobtor/PHD/test_j8_hayat/J8/install/ntrip_client/lib/python3.10/site-packages/ntrip_client
[7.873s] copying /home/rhobtor/PHD/test_j8_hayat/J8/build/ntrip_client/build/lib/ntrip_client/rtcm_parser.py -> /home/rhobtor/PHD/test_j8_hayat/J8/install/ntrip_client/lib/python3.10/site-packages/ntrip_client
[7.873s] copying /home/rhobtor/PHD/test_j8_hayat/J8/build/ntrip_client/build/lib/ntrip_client/__init__.py -> /home/rhobtor/PHD/test_j8_hayat/J8/install/ntrip_client/lib/python3.10/site-packages/ntrip_client
[7.873s] copying /home/rhobtor/PHD/test_j8_hayat/J8/build/ntrip_client/build/lib/ntrip_client/nmea_parser.py -> /home/rhobtor/PHD/test_j8_hayat/J8/install/ntrip_client/lib/python3.10/site-packages/ntrip_client
[7.873s] byte-compiling /home/rhobtor/PHD/test_j8_hayat/J8/install/ntrip_client/lib/python3.10/site-packages/ntrip_client/ntrip_client.py to ntrip_client.cpython-310.pyc
[7.874s] byte-compiling /home/rhobtor/PHD/test_j8_hayat/J8/install/ntrip_client/lib/python3.10/site-packages/ntrip_client/rtcm_parser.py to rtcm_parser.cpython-310.pyc
[7.874s] byte-compiling /home/rhobtor/PHD/test_j8_hayat/J8/install/ntrip_client/lib/python3.10/site-packages/ntrip_client/__init__.py to __init__.cpython-310.pyc
[7.874s] byte-compiling /home/rhobtor/PHD/test_j8_hayat/J8/install/ntrip_client/lib/python3.10/site-packages/ntrip_client/nmea_parser.py to nmea_parser.cpython-310.pyc
[7.874s] running install_data
[7.874s] creating /home/rhobtor/PHD/test_j8_hayat/J8/install/ntrip_client/share/ament_index/resource_index/packages
[7.874s] copying resource/ntrip_client -> /home/rhobtor/PHD/test_j8_hayat/J8/install/ntrip_client/share/ament_index/resource_index/packages
[7.874s] copying package.xml -> /home/rhobtor/PHD/test_j8_hayat/J8/install/ntrip_client/share/ntrip_client
[7.874s] copying launch/gps_ntrip_launch.py -> /home/rhobtor/PHD/test_j8_hayat/J8/install/ntrip_client/share/ntrip_client
[7.875s] copying launch/ntrip_client_launch.py -> /home/rhobtor/PHD/test_j8_hayat/J8/install/ntrip_client/share/ntrip_client
[7.875s] running install_egg_info
[7.876s] Copying ../../../build/ntrip_client/ntrip_client.egg-info to /home/rhobtor/PHD/test_j8_hayat/J8/install/ntrip_client/lib/python3.10/site-packages/ntrip_client-1.2.0-py3.10.egg-info
[7.876s] running install_scripts
[7.876s] /home/rhobtor/.local/lib/python3.10/site-packages/setuptools/_distutils/dist.py:289: UserWarning: Unknown distribution option: 'tests_require'
[7.876s]   warnings.warn(msg)
[7.876s] /home/rhobtor/.local/lib/python3.10/site-packages/setuptools/dist.py:759: SetuptoolsDeprecationWarning: License classifiers are deprecated.
[7.877s] !!
[7.877s] 
[7.877s]         ********************************************************************************
[7.877s]         Please consider removing the following classifiers in favor of a SPDX license expression:
[7.877s] 
[7.878s]         License :: OSI Approved :: MIT Software License
[7.878s] 
[7.878s]         See https://packaging.python.org/en/latest/guides/writing-pyproject-toml/#license for details.
[7.878s]         ********************************************************************************
[7.878s] 
[7.878s] !!
[7.878s]   self._finalize_license_expression()
[7.879s] creating /home/rhobtor/PHD/test_j8_hayat/J8/install/ntrip_client/lib/ntrip_client
[7.879s] copying /home/rhobtor/PHD/test_j8_hayat/J8/build/ntrip_client/build/scripts-3.10/ntrip_ros.py -> /home/rhobtor/PHD/test_j8_hayat/J8/install/ntrip_client/lib/ntrip_client
[7.879s] changing mode of /home/rhobtor/PHD/test_j8_hayat/J8/install/ntrip_client/lib/ntrip_client/ntrip_ros.py to 775
[7.879s] writing list of installed files to '/home/rhobtor/PHD/test_j8_hayat/J8/build/ntrip_client/install.log'
[7.933s] Invoked command in '/home/rhobtor/PHD/test_j8_hayat/J8/src/argo_drivers_pkgs/ntrip_client' returned '0': PYTHONPATH=/home/rhobtor/PHD/test_j8_hayat/J8/build/ntrip_client/prefix_override:/usr/lib/python3/dist-packages/colcon_core/task/python/colcon_distutils_commands:/home/rhobtor/PHD/test_j8_hayat/J8/install/ntrip_client/lib/python3.10/site-packages:${PYTHONPATH} /usr/bin/python3 -W ignore:setup.py install is deprecated -W ignore:easy_install command is deprecated setup.py egg_info --egg-base ../../../build/ntrip_client build --build-base /home/rhobtor/PHD/test_j8_hayat/J8/build/ntrip_client/build install --record /home/rhobtor/PHD/test_j8_hayat/J8/build/ntrip_client/install.log --single-version-externally-managed install_data
