[0.080s] Invoking command in '/home/rhobtor/PHD/test_j8_hayat/J8/build/security_check_interfaces': CMAKE_PREFIX_PATH=${CMAKE_PREFIX_PATH}:/home/rhobtor/PHD/test_j8_hayat/J8/install/ntrip_client:/home/rhobtor/PHD/test_j8_hayat/J8/install/j8_gui:/home/rhobtor/PHD/test_j8_hayat/J8/install/android_ros2_server:/home/rhobtor/PHD/test_j8_hayat/J8/install/GUI_pkg:/home/rhobtor/PHD/ARGOJ8_IA/ARGOSJ8_IA_/install/ntrip_client:/home/rhobtor/PHD/ARGOJ8_IA/ARGOSJ8_IA_/install/j8_gui:/home/rhobtor/PHD/ARGOJ8_IA/ARGOSJ8_IA_/install/car:/home/rhobtor/PHD/ARGOJ8_IA/ARGOSJ8_IA_/install/android_ros2_server:/home/rhobtor/PHD/ARGOJ8_IA/ARGOSJ8_IA_/install/GUI_pkg:/opt/ros/humble /opt/st/stm32cubeclt_1.18.0/CMake/bin/cmake --build /home/rhobtor/PHD/test_j8_hayat/J8/build/security_check_interfaces -- -j16 -l16
[0.962s] [  2%] Built target security_check_interfaces__cpp
[0.962s] [  5%] Built target security_check_interfaces__rs
[0.962s] [ 15%] Built target ament_cmake_python_copy_security_check_interfaces
[0.962s] [ 15%] Built target security_check_interfaces__rosidl_generator_c
[0.962s] [ 25%] Built target security_check_interfaces__rosidl_typesupport_fastrtps_cpp
[0.962s] [ 35%] Built target security_check_interfaces__rosidl_typesupport_cpp
[0.962s] [ 45%] Built target security_check_interfaces__rosidl_typesupport_introspection_cpp
[0.962s] [ 55%] Built target security_check_interfaces__rosidl_typesupport_c
[0.962s] [ 65%] Built target security_check_interfaces__rosidl_typesupport_fastrtps_c
[0.962s] [ 75%] Built target security_check_interfaces__rosidl_typesupport_introspection_c
[0.962s] [ 75%] Built target security_check_interfaces
[0.962s] [ 77%] Built target security_check_interfaces__py
[0.962s] [ 85%] Built target security_check_interfaces__rosidl_generator_py
[0.962s] [ 90%] Built target security_check_interfaces__rosidl_typesupport_introspection_c__pyext
[0.962s] [ 95%] Built target security_check_interfaces__rosidl_typesupport_c__pyext
[0.962s] [100%] Built target security_check_interfaces__rosidl_typesupport_fastrtps_c__pyext
[0.962s] running egg_info
[0.962s] writing security_check_interfaces.egg-info/PKG-INFO
[0.963s] writing dependency_links to security_check_interfaces.egg-info/dependency_links.txt
[0.963s] writing top-level names to security_check_interfaces.egg-info/top_level.txt
[0.963s] reading manifest file 'security_check_interfaces.egg-info/SOURCES.txt'
[0.963s] writing manifest file 'security_check_interfaces.egg-info/SOURCES.txt'
[0.963s] [100%] Built target ament_cmake_python_build_security_check_interfaces_egg
[0.979s] Invoked command in '/home/rhobtor/PHD/test_j8_hayat/J8/build/security_check_interfaces' returned '0': CMAKE_PREFIX_PATH=${CMAKE_PREFIX_PATH}:/home/rhobtor/PHD/test_j8_hayat/J8/install/ntrip_client:/home/rhobtor/PHD/test_j8_hayat/J8/install/j8_gui:/home/rhobtor/PHD/test_j8_hayat/J8/install/android_ros2_server:/home/rhobtor/PHD/test_j8_hayat/J8/install/GUI_pkg:/home/rhobtor/PHD/ARGOJ8_IA/ARGOSJ8_IA_/install/ntrip_client:/home/rhobtor/PHD/ARGOJ8_IA/ARGOSJ8_IA_/install/j8_gui:/home/rhobtor/PHD/ARGOJ8_IA/ARGOSJ8_IA_/install/car:/home/rhobtor/PHD/ARGOJ8_IA/ARGOSJ8_IA_/install/android_ros2_server:/home/rhobtor/PHD/ARGOJ8_IA/ARGOSJ8_IA_/install/GUI_pkg:/opt/ros/humble /opt/st/stm32cubeclt_1.18.0/CMake/bin/cmake --build /home/rhobtor/PHD/test_j8_hayat/J8/build/security_check_interfaces -- -j16 -l16
[0.980s] Invoking command in '/home/rhobtor/PHD/test_j8_hayat/J8/build/security_check_interfaces': CMAKE_PREFIX_PATH=${CMAKE_PREFIX_PATH}:/home/rhobtor/PHD/test_j8_hayat/J8/install/ntrip_client:/home/rhobtor/PHD/test_j8_hayat/J8/install/j8_gui:/home/rhobtor/PHD/test_j8_hayat/J8/install/android_ros2_server:/home/rhobtor/PHD/test_j8_hayat/J8/install/GUI_pkg:/home/rhobtor/PHD/ARGOJ8_IA/ARGOSJ8_IA_/install/ntrip_client:/home/rhobtor/PHD/ARGOJ8_IA/ARGOSJ8_IA_/install/j8_gui:/home/rhobtor/PHD/ARGOJ8_IA/ARGOSJ8_IA_/install/car:/home/rhobtor/PHD/ARGOJ8_IA/ARGOSJ8_IA_/install/android_ros2_server:/home/rhobtor/PHD/ARGOJ8_IA/ARGOSJ8_IA_/install/GUI_pkg:/opt/ros/humble /opt/st/stm32cubeclt_1.18.0/CMake/bin/cmake --install /home/rhobtor/PHD/test_j8_hayat/J8/build/security_check_interfaces
[1.184s] -- Install configuration: ""
[1.184s] -- Up-to-date: /home/rhobtor/PHD/test_j8_hayat/J8/install/security_check_interfaces/share/ament_index/resource_index/rosidl_interfaces/security_check_interfaces
[1.184s] -- Up-to-date: /home/rhobtor/PHD/test_j8_hayat/J8/install/security_check_interfaces/include/security_check_interfaces/security_check_interfaces
[1.184s] -- Up-to-date: /home/rhobtor/PHD/test_j8_hayat/J8/install/security_check_interfaces/include/security_check_interfaces/security_check_interfaces/srv
[1.185s] -- Up-to-date: /home/rhobtor/PHD/test_j8_hayat/J8/install/security_check_interfaces/include/security_check_interfaces/security_check_interfaces/srv/detail
[1.185s] -- Up-to-date: /home/rhobtor/PHD/test_j8_hayat/J8/install/security_check_interfaces/include/security_check_interfaces/security_check_interfaces/srv/detail/get_security_check_status__struct.h
[1.185s] -- Up-to-date: /home/rhobtor/PHD/test_j8_hayat/J8/install/security_check_interfaces/include/security_check_interfaces/security_check_interfaces/srv/detail/password_check__struct.h
[1.185s] -- Up-to-date: /home/rhobtor/PHD/test_j8_hayat/J8/install/security_check_interfaces/include/security_check_interfaces/security_check_interfaces/srv/detail/password_check__functions.c
[1.185s] -- Up-to-date: /home/rhobtor/PHD/test_j8_hayat/J8/install/security_check_interfaces/include/security_check_interfaces/security_check_interfaces/srv/detail/get_security_check_status__functions.h
[1.185s] -- Up-to-date: /home/rhobtor/PHD/test_j8_hayat/J8/install/security_check_interfaces/include/security_check_interfaces/security_check_interfaces/srv/detail/get_security_check_status__functions.c
[1.185s] -- Up-to-date: /home/rhobtor/PHD/test_j8_hayat/J8/install/security_check_interfaces/include/security_check_interfaces/security_check_interfaces/srv/detail/get_security_check_status__type_support.h
[1.185s] -- Up-to-date: /home/rhobtor/PHD/test_j8_hayat/J8/install/security_check_interfaces/include/security_check_interfaces/security_check_interfaces/srv/detail/password_check__functions.h
[1.185s] -- Up-to-date: /home/rhobtor/PHD/test_j8_hayat/J8/install/security_check_interfaces/include/security_check_interfaces/security_check_interfaces/srv/detail/password_check__type_support.h
[1.185s] -- Up-to-date: /home/rhobtor/PHD/test_j8_hayat/J8/install/security_check_interfaces/include/security_check_interfaces/security_check_interfaces/srv/get_security_check_status.h
[1.185s] -- Up-to-date: /home/rhobtor/PHD/test_j8_hayat/J8/install/security_check_interfaces/include/security_check_interfaces/security_check_interfaces/srv/password_check.h
[1.186s] -- Up-to-date: /home/rhobtor/PHD/test_j8_hayat/J8/install/security_check_interfaces/include/security_check_interfaces/security_check_interfaces/msg
[1.186s] -- Up-to-date: /home/rhobtor/PHD/test_j8_hayat/J8/install/security_check_interfaces/include/security_check_interfaces/security_check_interfaces/msg/rosidl_generator_c__visibility_control.h
[1.186s] -- Up-to-date: /home/rhobtor/PHD/test_j8_hayat/J8/install/security_check_interfaces/share/security_check_interfaces/environment/library_path.sh
[1.186s] -- Up-to-date: /home/rhobtor/PHD/test_j8_hayat/J8/install/security_check_interfaces/share/security_check_interfaces/environment/library_path.dsv
[1.186s] -- Up-to-date: /home/rhobtor/PHD/test_j8_hayat/J8/install/security_check_interfaces/lib/libsecurity_check_interfaces__rosidl_generator_c.so
[1.186s] -- Up-to-date: /home/rhobtor/PHD/test_j8_hayat/J8/install/security_check_interfaces/include/security_check_interfaces/security_check_interfaces
[1.186s] -- Up-to-date: /home/rhobtor/PHD/test_j8_hayat/J8/install/security_check_interfaces/include/security_check_interfaces/security_check_interfaces/srv
[1.186s] -- Up-to-date: /home/rhobtor/PHD/test_j8_hayat/J8/install/security_check_interfaces/include/security_check_interfaces/security_check_interfaces/srv/detail
[1.186s] -- Up-to-date: /home/rhobtor/PHD/test_j8_hayat/J8/install/security_check_interfaces/include/security_check_interfaces/security_check_interfaces/srv/detail/get_security_check_status__rosidl_typesupport_fastrtps_c.h
[1.186s] -- Up-to-date: /home/rhobtor/PHD/test_j8_hayat/J8/install/security_check_interfaces/include/security_check_interfaces/security_check_interfaces/srv/detail/password_check__rosidl_typesupport_fastrtps_c.h
[1.186s] -- Up-to-date: /home/rhobtor/PHD/test_j8_hayat/J8/install/security_check_interfaces/include/security_check_interfaces/security_check_interfaces/msg
[1.186s] -- Up-to-date: /home/rhobtor/PHD/test_j8_hayat/J8/install/security_check_interfaces/include/security_check_interfaces/security_check_interfaces/msg/rosidl_typesupport_fastrtps_c__visibility_control.h
[1.186s] -- Up-to-date: /home/rhobtor/PHD/test_j8_hayat/J8/install/security_check_interfaces/lib/libsecurity_check_interfaces__rosidl_typesupport_fastrtps_c.so
[1.186s] -- Up-to-date: /home/rhobtor/PHD/test_j8_hayat/J8/install/security_check_interfaces/include/security_check_interfaces/security_check_interfaces
[1.186s] -- Up-to-date: /home/rhobtor/PHD/test_j8_hayat/J8/install/security_check_interfaces/include/security_check_interfaces/security_check_interfaces/srv
[1.187s] -- Up-to-date: /home/rhobtor/PHD/test_j8_hayat/J8/install/security_check_interfaces/include/security_check_interfaces/security_check_interfaces/srv/detail
[1.187s] -- Up-to-date: /home/rhobtor/PHD/test_j8_hayat/J8/install/security_check_interfaces/include/security_check_interfaces/security_check_interfaces/srv/detail/get_security_check_status__rosidl_typesupport_introspection_c.h
[1.187s] -- Up-to-date: /home/rhobtor/PHD/test_j8_hayat/J8/install/security_check_interfaces/include/security_check_interfaces/security_check_interfaces/srv/detail/password_check__rosidl_typesupport_introspection_c.h
[1.187s] -- Up-to-date: /home/rhobtor/PHD/test_j8_hayat/J8/install/security_check_interfaces/include/security_check_interfaces/security_check_interfaces/srv/detail/password_check__type_support.c
[1.187s] -- Up-to-date: /home/rhobtor/PHD/test_j8_hayat/J8/install/security_check_interfaces/include/security_check_interfaces/security_check_interfaces/srv/detail/get_security_check_status__type_support.c
[1.187s] -- Up-to-date: /home/rhobtor/PHD/test_j8_hayat/J8/install/security_check_interfaces/include/security_check_interfaces/security_check_interfaces/msg
[1.187s] -- Up-to-date: /home/rhobtor/PHD/test_j8_hayat/J8/install/security_check_interfaces/include/security_check_interfaces/security_check_interfaces/msg/rosidl_typesupport_introspection_c__visibility_control.h
[1.187s] -- Up-to-date: /home/rhobtor/PHD/test_j8_hayat/J8/install/security_check_interfaces/lib/libsecurity_check_interfaces__rosidl_typesupport_introspection_c.so
[1.187s] -- Up-to-date: /home/rhobtor/PHD/test_j8_hayat/J8/install/security_check_interfaces/lib/libsecurity_check_interfaces__rosidl_typesupport_c.so
[1.187s] -- Up-to-date: /home/rhobtor/PHD/test_j8_hayat/J8/install/security_check_interfaces/include/security_check_interfaces/security_check_interfaces
[1.187s] -- Up-to-date: /home/rhobtor/PHD/test_j8_hayat/J8/install/security_check_interfaces/include/security_check_interfaces/security_check_interfaces/srv
[1.187s] -- Up-to-date: /home/rhobtor/PHD/test_j8_hayat/J8/install/security_check_interfaces/include/security_check_interfaces/security_check_interfaces/srv/password_check.hpp
[1.187s] -- Up-to-date: /home/rhobtor/PHD/test_j8_hayat/J8/install/security_check_interfaces/include/security_check_interfaces/security_check_interfaces/srv/get_security_check_status.hpp
[1.188s] -- Up-to-date: /home/rhobtor/PHD/test_j8_hayat/J8/install/security_check_interfaces/include/security_check_interfaces/security_check_interfaces/srv/detail
[1.188s] -- Up-to-date: /home/rhobtor/PHD/test_j8_hayat/J8/install/security_check_interfaces/include/security_check_interfaces/security_check_interfaces/srv/detail/get_security_check_status__builder.hpp
[1.188s] -- Up-to-date: /home/rhobtor/PHD/test_j8_hayat/J8/install/security_check_interfaces/include/security_check_interfaces/security_check_interfaces/srv/detail/get_security_check_status__traits.hpp
[1.188s] -- Up-to-date: /home/rhobtor/PHD/test_j8_hayat/J8/install/security_check_interfaces/include/security_check_interfaces/security_check_interfaces/srv/detail/get_security_check_status__struct.hpp
[1.188s] -- Up-to-date: /home/rhobtor/PHD/test_j8_hayat/J8/install/security_check_interfaces/include/security_check_interfaces/security_check_interfaces/srv/detail/password_check__builder.hpp
[1.200s] -- Up-to-date: /home/rhobtor/PHD/test_j8_hayat/J8/install/security_check_interfaces/include/security_check_interfaces/security_check_interfaces/srv/detail/password_check__traits.hpp
[1.201s] -- Up-to-date: /home/rhobtor/PHD/test_j8_hayat/J8/install/security_check_interfaces/include/security_check_interfaces/security_check_interfaces/srv/detail/password_check__struct.hpp
[1.201s] -- Up-to-date: /home/rhobtor/PHD/test_j8_hayat/J8/install/security_check_interfaces/include/security_check_interfaces/security_check_interfaces/srv/detail/password_check__type_support.hpp
[1.201s] -- Up-to-date: /home/rhobtor/PHD/test_j8_hayat/J8/install/security_check_interfaces/include/security_check_interfaces/security_check_interfaces/srv/detail/get_security_check_status__type_support.hpp
[1.201s] -- Up-to-date: /home/rhobtor/PHD/test_j8_hayat/J8/install/security_check_interfaces/include/security_check_interfaces/security_check_interfaces/msg
[1.201s] -- Up-to-date: /home/rhobtor/PHD/test_j8_hayat/J8/install/security_check_interfaces/include/security_check_interfaces/security_check_interfaces/msg/rosidl_generator_cpp__visibility_control.hpp
[1.201s] -- Up-to-date: /home/rhobtor/PHD/test_j8_hayat/J8/install/security_check_interfaces/include/security_check_interfaces/security_check_interfaces
[1.201s] -- Up-to-date: /home/rhobtor/PHD/test_j8_hayat/J8/install/security_check_interfaces/include/security_check_interfaces/security_check_interfaces/srv
[1.201s] -- Up-to-date: /home/rhobtor/PHD/test_j8_hayat/J8/install/security_check_interfaces/include/security_check_interfaces/security_check_interfaces/srv/detail
[1.201s] -- Up-to-date: /home/rhobtor/PHD/test_j8_hayat/J8/install/security_check_interfaces/include/security_check_interfaces/security_check_interfaces/srv/detail/get_security_check_status__rosidl_typesupport_fastrtps_cpp.hpp
[1.201s] -- Up-to-date: /home/rhobtor/PHD/test_j8_hayat/J8/install/security_check_interfaces/include/security_check_interfaces/security_check_interfaces/srv/detail/password_check__rosidl_typesupport_fastrtps_cpp.hpp
[1.201s] -- Up-to-date: /home/rhobtor/PHD/test_j8_hayat/J8/install/security_check_interfaces/include/security_check_interfaces/security_check_interfaces/srv/detail/dds_fastrtps
[1.201s] -- Up-to-date: /home/rhobtor/PHD/test_j8_hayat/J8/install/security_check_interfaces/include/security_check_interfaces/security_check_interfaces/msg
[1.201s] -- Up-to-date: /home/rhobtor/PHD/test_j8_hayat/J8/install/security_check_interfaces/include/security_check_interfaces/security_check_interfaces/msg/rosidl_typesupport_fastrtps_cpp__visibility_control.h
[1.201s] -- Up-to-date: /home/rhobtor/PHD/test_j8_hayat/J8/install/security_check_interfaces/lib/libsecurity_check_interfaces__rosidl_typesupport_fastrtps_cpp.so
[1.202s] -- Up-to-date: /home/rhobtor/PHD/test_j8_hayat/J8/install/security_check_interfaces/include/security_check_interfaces/security_check_interfaces
[1.202s] -- Up-to-date: /home/rhobtor/PHD/test_j8_hayat/J8/install/security_check_interfaces/include/security_check_interfaces/security_check_interfaces/srv
[1.202s] -- Up-to-date: /home/rhobtor/PHD/test_j8_hayat/J8/install/security_check_interfaces/include/security_check_interfaces/security_check_interfaces/srv/detail
[1.202s] -- Up-to-date: /home/rhobtor/PHD/test_j8_hayat/J8/install/security_check_interfaces/include/security_check_interfaces/security_check_interfaces/srv/detail/password_check__rosidl_typesupport_introspection_cpp.hpp
[1.202s] -- Up-to-date: /home/rhobtor/PHD/test_j8_hayat/J8/install/security_check_interfaces/include/security_check_interfaces/security_check_interfaces/srv/detail/get_security_check_status__rosidl_typesupport_introspection_cpp.hpp
[1.202s] -- Up-to-date: /home/rhobtor/PHD/test_j8_hayat/J8/install/security_check_interfaces/include/security_check_interfaces/security_check_interfaces/srv/detail/password_check__type_support.cpp
[1.202s] -- Up-to-date: /home/rhobtor/PHD/test_j8_hayat/J8/install/security_check_interfaces/include/security_check_interfaces/security_check_interfaces/srv/detail/get_security_check_status__type_support.cpp
[1.202s] -- Up-to-date: /home/rhobtor/PHD/test_j8_hayat/J8/install/security_check_interfaces/lib/libsecurity_check_interfaces__rosidl_typesupport_introspection_cpp.so
[1.205s] -- Up-to-date: /home/rhobtor/PHD/test_j8_hayat/J8/install/security_check_interfaces/lib/libsecurity_check_interfaces__rosidl_typesupport_cpp.so
[1.205s] -- Up-to-date: /home/rhobtor/PHD/test_j8_hayat/J8/install/security_check_interfaces/share/security_check_interfaces/environment/pythonpath.sh
[1.205s] -- Up-to-date: /home/rhobtor/PHD/test_j8_hayat/J8/install/security_check_interfaces/share/security_check_interfaces/environment/pythonpath.dsv
[1.205s] -- Up-to-date: /home/rhobtor/PHD/test_j8_hayat/J8/install/security_check_interfaces/local/lib/python3.10/dist-packages/security_check_interfaces-0.0.0-py3.10.egg-info
[1.205s] -- Installing: /home/rhobtor/PHD/test_j8_hayat/J8/install/security_check_interfaces/local/lib/python3.10/dist-packages/security_check_interfaces-0.0.0-py3.10.egg-info/top_level.txt
[1.206s] -- Installing: /home/rhobtor/PHD/test_j8_hayat/J8/install/security_check_interfaces/local/lib/python3.10/dist-packages/security_check_interfaces-0.0.0-py3.10.egg-info/SOURCES.txt
[1.206s] -- Installing: /home/rhobtor/PHD/test_j8_hayat/J8/install/security_check_interfaces/local/lib/python3.10/dist-packages/security_check_interfaces-0.0.0-py3.10.egg-info/PKG-INFO
[1.206s] -- Installing: /home/rhobtor/PHD/test_j8_hayat/J8/install/security_check_interfaces/local/lib/python3.10/dist-packages/security_check_interfaces-0.0.0-py3.10.egg-info/dependency_links.txt
[1.206s] -- Up-to-date: /home/rhobtor/PHD/test_j8_hayat/J8/install/security_check_interfaces/local/lib/python3.10/dist-packages/security_check_interfaces
[1.206s] -- Up-to-date: /home/rhobtor/PHD/test_j8_hayat/J8/install/security_check_interfaces/local/lib/python3.10/dist-packages/security_check_interfaces/srv
[1.206s] -- Up-to-date: /home/rhobtor/PHD/test_j8_hayat/J8/install/security_check_interfaces/local/lib/python3.10/dist-packages/security_check_interfaces/srv/_get_security_check_status.py
[1.206s] -- Up-to-date: /home/rhobtor/PHD/test_j8_hayat/J8/install/security_check_interfaces/local/lib/python3.10/dist-packages/security_check_interfaces/srv/_get_security_check_status_s.c
[1.206s] -- Up-to-date: /home/rhobtor/PHD/test_j8_hayat/J8/install/security_check_interfaces/local/lib/python3.10/dist-packages/security_check_interfaces/srv/__init__.py
[1.206s] -- Up-to-date: /home/rhobtor/PHD/test_j8_hayat/J8/install/security_check_interfaces/local/lib/python3.10/dist-packages/security_check_interfaces/srv/_password_check.py
[1.206s] -- Up-to-date: /home/rhobtor/PHD/test_j8_hayat/J8/install/security_check_interfaces/local/lib/python3.10/dist-packages/security_check_interfaces/srv/_password_check_s.c
[1.206s] -- Up-to-date: /home/rhobtor/PHD/test_j8_hayat/J8/install/security_check_interfaces/local/lib/python3.10/dist-packages/security_check_interfaces/_security_check_interfaces_s.ep.rosidl_typesupport_c.c
[1.206s] -- Up-to-date: /home/rhobtor/PHD/test_j8_hayat/J8/install/security_check_interfaces/local/lib/python3.10/dist-packages/security_check_interfaces/security_check_interfaces_s__rosidl_typesupport_c.cpython-310-x86_64-linux-gnu.so
[1.206s] -- Up-to-date: /home/rhobtor/PHD/test_j8_hayat/J8/install/security_check_interfaces/local/lib/python3.10/dist-packages/security_check_interfaces/_security_check_interfaces_s.ep.rosidl_typesupport_introspection_c.c
[1.206s] -- Up-to-date: /home/rhobtor/PHD/test_j8_hayat/J8/install/security_check_interfaces/local/lib/python3.10/dist-packages/security_check_interfaces/libsecurity_check_interfaces__rosidl_generator_py.so
[1.207s] -- Up-to-date: /home/rhobtor/PHD/test_j8_hayat/J8/install/security_check_interfaces/local/lib/python3.10/dist-packages/security_check_interfaces/__init__.py
[1.207s] -- Up-to-date: /home/rhobtor/PHD/test_j8_hayat/J8/install/security_check_interfaces/local/lib/python3.10/dist-packages/security_check_interfaces/_security_check_interfaces_s.ep.rosidl_typesupport_fastrtps_c.c
[1.207s] -- Up-to-date: /home/rhobtor/PHD/test_j8_hayat/J8/install/security_check_interfaces/local/lib/python3.10/dist-packages/security_check_interfaces/security_check_interfaces_s__rosidl_typesupport_introspection_c.cpython-310-x86_64-linux-gnu.so
[1.207s] -- Up-to-date: /home/rhobtor/PHD/test_j8_hayat/J8/install/security_check_interfaces/local/lib/python3.10/dist-packages/security_check_interfaces/security_check_interfaces_s__rosidl_typesupport_fastrtps_c.cpython-310-x86_64-linux-gnu.so
[1.207s] Listing '/home/rhobtor/PHD/test_j8_hayat/J8/install/security_check_interfaces/local/lib/python3.10/dist-packages/security_check_interfaces'...
[1.207s] Listing '/home/rhobtor/PHD/test_j8_hayat/J8/install/security_check_interfaces/local/lib/python3.10/dist-packages/security_check_interfaces/srv'...
[1.207s] -- Up-to-date: /home/rhobtor/PHD/test_j8_hayat/J8/install/security_check_interfaces/local/lib/python3.10/dist-packages/security_check_interfaces/security_check_interfaces_s__rosidl_typesupport_fastrtps_c.cpython-310-x86_64-linux-gnu.so
[1.207s] -- Up-to-date: /home/rhobtor/PHD/test_j8_hayat/J8/install/security_check_interfaces/local/lib/python3.10/dist-packages/security_check_interfaces/security_check_interfaces_s__rosidl_typesupport_introspection_c.cpython-310-x86_64-linux-gnu.so
[1.207s] -- Up-to-date: /home/rhobtor/PHD/test_j8_hayat/J8/install/security_check_interfaces/local/lib/python3.10/dist-packages/security_check_interfaces/security_check_interfaces_s__rosidl_typesupport_c.cpython-310-x86_64-linux-gnu.so
[1.207s] -- Up-to-date: /home/rhobtor/PHD/test_j8_hayat/J8/install/security_check_interfaces/lib/libsecurity_check_interfaces__rosidl_generator_py.so
[1.207s] -- Up-to-date: /home/rhobtor/PHD/test_j8_hayat/J8/install/security_check_interfaces/share/ament_index/resource_index/rust_packages/security_check_interfaces
[1.207s] -- Up-to-date: /home/rhobtor/PHD/test_j8_hayat/J8/install/security_check_interfaces/share/security_check_interfaces/rust
[1.207s] -- Up-to-date: /home/rhobtor/PHD/test_j8_hayat/J8/install/security_check_interfaces/share/security_check_interfaces/rust/src
[1.207s] -- Up-to-date: /home/rhobtor/PHD/test_j8_hayat/J8/install/security_check_interfaces/share/security_check_interfaces/rust/src/lib.rs
[1.208s] -- Up-to-date: /home/rhobtor/PHD/test_j8_hayat/J8/install/security_check_interfaces/share/security_check_interfaces/rust/src/srv
[1.208s] -- Up-to-date: /home/rhobtor/PHD/test_j8_hayat/J8/install/security_check_interfaces/share/security_check_interfaces/rust/src/srv/rmw.rs
[1.208s] -- Up-to-date: /home/rhobtor/PHD/test_j8_hayat/J8/install/security_check_interfaces/share/security_check_interfaces/rust/src/srv.rs
[1.208s] -- Up-to-date: /home/rhobtor/PHD/test_j8_hayat/J8/install/security_check_interfaces/share/security_check_interfaces/rust/Cargo.toml
[1.208s] -- Up-to-date: /home/rhobtor/PHD/test_j8_hayat/J8/install/security_check_interfaces/share/security_check_interfaces/rust/build.rs
[1.208s] -- Up-to-date: /home/rhobtor/PHD/test_j8_hayat/J8/install/security_check_interfaces/share/security_check_interfaces/srv/PasswordCheck.idl
[1.208s] -- Up-to-date: /home/rhobtor/PHD/test_j8_hayat/J8/install/security_check_interfaces/share/security_check_interfaces/srv/GetSecurityCheckStatus.idl
[1.208s] -- Up-to-date: /home/rhobtor/PHD/test_j8_hayat/J8/install/security_check_interfaces/share/security_check_interfaces/srv/PasswordCheck.srv
[1.208s] -- Up-to-date: /home/rhobtor/PHD/test_j8_hayat/J8/install/security_check_interfaces/share/security_check_interfaces/srv/PasswordCheck_Request.msg
[1.208s] -- Up-to-date: /home/rhobtor/PHD/test_j8_hayat/J8/install/security_check_interfaces/share/security_check_interfaces/srv/PasswordCheck_Response.msg
[1.208s] -- Up-to-date: /home/rhobtor/PHD/test_j8_hayat/J8/install/security_check_interfaces/share/security_check_interfaces/srv/GetSecurityCheckStatus.srv
[1.208s] -- Up-to-date: /home/rhobtor/PHD/test_j8_hayat/J8/install/security_check_interfaces/share/security_check_interfaces/srv/GetSecurityCheckStatus_Request.msg
[1.208s] -- Up-to-date: /home/rhobtor/PHD/test_j8_hayat/J8/install/security_check_interfaces/share/security_check_interfaces/srv/GetSecurityCheckStatus_Response.msg
[1.208s] -- Up-to-date: /home/rhobtor/PHD/test_j8_hayat/J8/install/security_check_interfaces/share/ament_index/resource_index/package_run_dependencies/security_check_interfaces
[1.208s] -- Up-to-date: /home/rhobtor/PHD/test_j8_hayat/J8/install/security_check_interfaces/share/ament_index/resource_index/parent_prefix_path/security_check_interfaces
[1.208s] -- Up-to-date: /home/rhobtor/PHD/test_j8_hayat/J8/install/security_check_interfaces/share/security_check_interfaces/environment/ament_prefix_path.sh
[1.211s] -- Up-to-date: /home/rhobtor/PHD/test_j8_hayat/J8/install/security_check_interfaces/share/security_check_interfaces/environment/ament_prefix_path.dsv
[1.211s] -- Up-to-date: /home/rhobtor/PHD/test_j8_hayat/J8/install/security_check_interfaces/share/security_check_interfaces/environment/path.sh
[1.211s] -- Up-to-date: /home/rhobtor/PHD/test_j8_hayat/J8/install/security_check_interfaces/share/security_check_interfaces/environment/path.dsv
[1.211s] -- Up-to-date: /home/rhobtor/PHD/test_j8_hayat/J8/install/security_check_interfaces/share/security_check_interfaces/local_setup.bash
[1.211s] -- Up-to-date: /home/rhobtor/PHD/test_j8_hayat/J8/install/security_check_interfaces/share/security_check_interfaces/local_setup.sh
[1.212s] -- Up-to-date: /home/rhobtor/PHD/test_j8_hayat/J8/install/security_check_interfaces/share/security_check_interfaces/local_setup.zsh
[1.212s] -- Up-to-date: /home/rhobtor/PHD/test_j8_hayat/J8/install/security_check_interfaces/share/security_check_interfaces/local_setup.dsv
[1.212s] -- Installing: /home/rhobtor/PHD/test_j8_hayat/J8/install/security_check_interfaces/share/security_check_interfaces/package.dsv
[1.212s] -- Up-to-date: /home/rhobtor/PHD/test_j8_hayat/J8/install/security_check_interfaces/share/ament_index/resource_index/packages/security_check_interfaces
[1.212s] -- Up-to-date: /home/rhobtor/PHD/test_j8_hayat/J8/install/security_check_interfaces/share/security_check_interfaces/cmake/export_security_check_interfaces__rosidl_generator_cExport.cmake
[1.212s] -- Up-to-date: /home/rhobtor/PHD/test_j8_hayat/J8/install/security_check_interfaces/share/security_check_interfaces/cmake/export_security_check_interfaces__rosidl_generator_cExport-noconfig.cmake
[1.213s] -- Up-to-date: /home/rhobtor/PHD/test_j8_hayat/J8/install/security_check_interfaces/share/security_check_interfaces/cmake/export_security_check_interfaces__rosidl_typesupport_fastrtps_cExport.cmake
[1.213s] -- Up-to-date: /home/rhobtor/PHD/test_j8_hayat/J8/install/security_check_interfaces/share/security_check_interfaces/cmake/export_security_check_interfaces__rosidl_typesupport_fastrtps_cExport-noconfig.cmake
[1.213s] -- Up-to-date: /home/rhobtor/PHD/test_j8_hayat/J8/install/security_check_interfaces/share/security_check_interfaces/cmake/security_check_interfaces__rosidl_typesupport_introspection_cExport.cmake
[1.213s] -- Up-to-date: /home/rhobtor/PHD/test_j8_hayat/J8/install/security_check_interfaces/share/security_check_interfaces/cmake/security_check_interfaces__rosidl_typesupport_introspection_cExport-noconfig.cmake
[1.214s] -- Up-to-date: /home/rhobtor/PHD/test_j8_hayat/J8/install/security_check_interfaces/share/security_check_interfaces/cmake/security_check_interfaces__rosidl_typesupport_cExport.cmake
[1.214s] -- Up-to-date: /home/rhobtor/PHD/test_j8_hayat/J8/install/security_check_interfaces/share/security_check_interfaces/cmake/security_check_interfaces__rosidl_typesupport_cExport-noconfig.cmake
[1.214s] -- Up-to-date: /home/rhobtor/PHD/test_j8_hayat/J8/install/security_check_interfaces/share/security_check_interfaces/cmake/export_security_check_interfaces__rosidl_generator_cppExport.cmake
[1.214s] -- Up-to-date: /home/rhobtor/PHD/test_j8_hayat/J8/install/security_check_interfaces/share/security_check_interfaces/cmake/export_security_check_interfaces__rosidl_typesupport_fastrtps_cppExport.cmake
[1.214s] -- Up-to-date: /home/rhobtor/PHD/test_j8_hayat/J8/install/security_check_interfaces/share/security_check_interfaces/cmake/export_security_check_interfaces__rosidl_typesupport_fastrtps_cppExport-noconfig.cmake
[1.215s] -- Up-to-date: /home/rhobtor/PHD/test_j8_hayat/J8/install/security_check_interfaces/share/security_check_interfaces/cmake/security_check_interfaces__rosidl_typesupport_introspection_cppExport.cmake
[1.215s] -- Up-to-date: /home/rhobtor/PHD/test_j8_hayat/J8/install/security_check_interfaces/share/security_check_interfaces/cmake/security_check_interfaces__rosidl_typesupport_introspection_cppExport-noconfig.cmake
[1.215s] -- Up-to-date: /home/rhobtor/PHD/test_j8_hayat/J8/install/security_check_interfaces/share/security_check_interfaces/cmake/security_check_interfaces__rosidl_typesupport_cppExport.cmake
[1.227s] -- Up-to-date: /home/rhobtor/PHD/test_j8_hayat/J8/install/security_check_interfaces/share/security_check_interfaces/cmake/security_check_interfaces__rosidl_typesupport_cppExport-noconfig.cmake
[1.227s] -- Up-to-date: /home/rhobtor/PHD/test_j8_hayat/J8/install/security_check_interfaces/share/security_check_interfaces/cmake/export_security_check_interfaces__rosidl_generator_pyExport.cmake
[1.227s] -- Up-to-date: /home/rhobtor/PHD/test_j8_hayat/J8/install/security_check_interfaces/share/security_check_interfaces/cmake/export_security_check_interfaces__rosidl_generator_pyExport-noconfig.cmake
[1.227s] -- Up-to-date: /home/rhobtor/PHD/test_j8_hayat/J8/install/security_check_interfaces/share/security_check_interfaces/cmake/rosidl_cmake-extras.cmake
[1.227s] -- Up-to-date: /home/rhobtor/PHD/test_j8_hayat/J8/install/security_check_interfaces/share/security_check_interfaces/cmake/ament_cmake_export_dependencies-extras.cmake
[1.227s] -- Up-to-date: /home/rhobtor/PHD/test_j8_hayat/J8/install/security_check_interfaces/share/security_check_interfaces/cmake/ament_cmake_export_include_directories-extras.cmake
[1.227s] -- Up-to-date: /home/rhobtor/PHD/test_j8_hayat/J8/install/security_check_interfaces/share/security_check_interfaces/cmake/ament_cmake_export_libraries-extras.cmake
[1.227s] -- Up-to-date: /home/rhobtor/PHD/test_j8_hayat/J8/install/security_check_interfaces/share/security_check_interfaces/cmake/ament_cmake_export_targets-extras.cmake
[1.227s] -- Up-to-date: /home/rhobtor/PHD/test_j8_hayat/J8/install/security_check_interfaces/share/security_check_interfaces/cmake/rosidl_cmake_export_typesupport_targets-extras.cmake
[1.227s] -- Up-to-date: /home/rhobtor/PHD/test_j8_hayat/J8/install/security_check_interfaces/share/security_check_interfaces/cmake/rosidl_cmake_export_typesupport_libraries-extras.cmake
[1.227s] -- Up-to-date: /home/rhobtor/PHD/test_j8_hayat/J8/install/security_check_interfaces/share/security_check_interfaces/cmake/security_check_interfacesConfig.cmake
[1.227s] -- Up-to-date: /home/rhobtor/PHD/test_j8_hayat/J8/install/security_check_interfaces/share/security_check_interfaces/cmake/security_check_interfacesConfig-version.cmake
[1.227s] -- Up-to-date: /home/rhobtor/PHD/test_j8_hayat/J8/install/security_check_interfaces/share/security_check_interfaces/package.xml
[1.373s] Invoked command in '/home/rhobtor/PHD/test_j8_hayat/J8/build/security_check_interfaces' returned '0': CMAKE_PREFIX_PATH=${CMAKE_PREFIX_PATH}:/home/rhobtor/PHD/test_j8_hayat/J8/install/ntrip_client:/home/rhobtor/PHD/test_j8_hayat/J8/install/j8_gui:/home/rhobtor/PHD/test_j8_hayat/J8/install/android_ros2_server:/home/rhobtor/PHD/test_j8_hayat/J8/install/GUI_pkg:/home/rhobtor/PHD/ARGOJ8_IA/ARGOSJ8_IA_/install/ntrip_client:/home/rhobtor/PHD/ARGOJ8_IA/ARGOSJ8_IA_/install/j8_gui:/home/rhobtor/PHD/ARGOJ8_IA/ARGOSJ8_IA_/install/car:/home/rhobtor/PHD/ARGOJ8_IA/ARGOSJ8_IA_/install/android_ros2_server:/home/rhobtor/PHD/ARGOJ8_IA/ARGOSJ8_IA_/install/GUI_pkg:/opt/ros/humble /opt/st/stm32cubeclt_1.18.0/CMake/bin/cmake --install /home/rhobtor/PHD/test_j8_hayat/J8/build/security_check_interfaces
