[0.093s] Invoking command in '/home/rhobtor/PHD/test_j8_hayat/J8/build/argj801_ctl_platform_interfaces': CMAKE_PREFIX_PATH=${CMAKE_PREFIX_PATH}:/home/rhobtor/PHD/ARGOJ8_IA/ARGOSJ8_IA_/install/ntrip_client:/home/rhobtor/PHD/ARGOJ8_IA/ARGOSJ8_IA_/install/j8_gui:/home/rhobtor/PHD/ARGOJ8_IA/ARGOSJ8_IA_/install/car:/home/rhobtor/PHD/ARGOJ8_IA/ARGOSJ8_IA_/install/android_ros2_server:/home/rhobtor/PHD/ARGOJ8_IA/ARGOSJ8_IA_/install/GUI_pkg:/opt/ros/humble /opt/st/stm32cubeclt_1.18.0/CMake/bin/cmake /home/rhobtor/PHD/test_j8_hayat/J8/src/argj801_ctl_platform/argj801_ctl_platform_interfaces -DCMAKE_INSTALL_PREFIX=/home/rhobtor/PHD/test_j8_hayat/J8/install/argj801_ctl_platform_interfaces
[1.554s] -- The C compiler identification is GNU 11.4.0
[1.554s] -- The CXX compiler identification is GNU 11.4.0
[1.554s] -- Detecting C compiler ABI info
[1.554s] -- Detecting C compiler ABI info - done
[1.554s] -- Check for working C compiler: /usr/bin/cc - skipped
[1.554s] -- Detecting C compile features
[1.554s] -- Detecting C compile features - done
[1.554s] -- Detecting CXX compiler ABI info
[1.554s] -- Detecting CXX compiler ABI info - done
[1.554s] -- Check for working CXX compiler: /usr/bin/c++ - skipped
[1.555s] -- Detecting CXX compile features
[1.555s] -- Detecting CXX compile features - done
[1.555s] -- Found ament_cmake: 1.3.14 (/opt/ros/humble/share/ament_cmake/cmake)
[1.555s] -- Found Python3: /usr/bin/python3 (found version "3.10.12") found components: Interpreter 
[1.555s] -- Found rosidl_default_runtime: 1.2.1 (/opt/ros/humble/share/rosidl_default_runtime/cmake)
[1.606s] -- Using all available rosidl_typesupport_c: rosidl_typesupport_fastrtps_c;rosidl_typesupport_introspection_c
[1.658s] -- Found rosidl_adapter: 3.1.8 (/opt/ros/humble/share/rosidl_adapter/cmake)
[1.806s] -- Using all available rosidl_typesupport_cpp: rosidl_typesupport_fastrtps_cpp;rosidl_typesupport_introspection_cpp
[1.909s] -- Found rosidl_default_generators: 1.2.1 (/opt/ros/humble/share/rosidl_default_generators/cmake)
[3.317s] -- Found ament_cmake_ros: 0.10.0 (/opt/ros/humble/share/ament_cmake_ros/cmake)
[5.171s] -- Using all available rosidl_typesupport_c: rosidl_typesupport_fastrtps_c;rosidl_typesupport_introspection_c
[7.009s] -- Using all available rosidl_typesupport_cpp: rosidl_typesupport_fastrtps_cpp;rosidl_typesupport_introspection_cpp
[7.015s] [33mCMake Warning (dev) at /opt/ros/humble/share/rosidl_generator_py/cmake/rosidl_generator_py_generate_interfaces.cmake:20 (find_package):
[7.015s]   Policy CMP0148 is not set: The FindPythonInterp and FindPythonLibs modules
[7.015s]   are removed.  Run "cmake --help-policy CMP0148" for policy details.  Use
[7.015s]   the cmake_policy command to set the policy and suppress this warning.
[7.016s] 
[7.016s] Call Stack (most recent call first):
[7.016s]   /opt/ros/humble/share/ament_cmake_core/cmake/core/ament_execute_extensions.cmake:48 (include)
[7.016s]   /opt/ros/humble/share/rosidl_cmake/cmake/rosidl_generate_interfaces.cmake:286 (ament_execute_extensions)
[7.016s]   CMakeLists.txt:17 (rosidl_generate_interfaces)
[7.016s] This warning is for project developers.  Use -Wno-dev to suppress it.
[7.016s] [0m
[7.097s] -- Found PythonInterp: /usr/bin/python3 (found suitable version "3.10.12", minimum required is "3.6") 
[7.114s] -- Found python_cmake_module: 0.10.0 (/opt/ros/humble/share/python_cmake_module/cmake)
[7.116s] [33mCMake Warning (dev) at /opt/ros/humble/share/python_cmake_module/cmake/Modules/FindPythonExtra.cmake:52 (find_package):
[7.116s]   Policy CMP0148 is not set: The FindPythonInterp and FindPythonLibs modules
[7.116s]   are removed.  Run "cmake --help-policy CMP0148" for policy details.  Use
[7.116s]   the cmake_policy command to set the policy and suppress this warning.
[7.117s] 
[7.117s] Call Stack (most recent call first):
[7.117s]   /opt/ros/humble/share/rosidl_generator_py/cmake/rosidl_generator_py_generate_interfaces.cmake:23 (find_package)
[7.117s]   /opt/ros/humble/share/ament_cmake_core/cmake/core/ament_execute_extensions.cmake:48 (include)
[7.117s]   /opt/ros/humble/share/rosidl_cmake/cmake/rosidl_generate_interfaces.cmake:286 (ament_execute_extensions)
[7.117s]   CMakeLists.txt:17 (rosidl_generate_interfaces)
[7.117s] This warning is for project developers.  Use -Wno-dev to suppress it.
[7.117s] [0m
[7.172s] [33mCMake Warning (dev) at /opt/ros/humble/share/python_cmake_module/cmake/Modules/FindPythonExtra.cmake:140 (find_package):
[7.172s]   Policy CMP0148 is not set: The FindPythonInterp and FindPythonLibs modules
[7.172s]   are removed.  Run "cmake --help-policy CMP0148" for policy details.  Use
[7.173s]   the cmake_policy command to set the policy and suppress this warning.
[7.173s] 
[7.173s] Call Stack (most recent call first):
[7.173s]   /opt/ros/humble/share/rosidl_generator_py/cmake/rosidl_generator_py_generate_interfaces.cmake:23 (find_package)
[7.173s]   /opt/ros/humble/share/ament_cmake_core/cmake/core/ament_execute_extensions.cmake:48 (include)
[7.173s]   /opt/ros/humble/share/rosidl_cmake/cmake/rosidl_generate_interfaces.cmake:286 (ament_execute_extensions)
[7.173s]   CMakeLists.txt:17 (rosidl_generate_interfaces)
[7.173s] This warning is for project developers.  Use -Wno-dev to suppress it.
[7.173s] [0m
[7.195s] -- Found PythonLibs: /usr/lib/x86_64-linux-gnu/libpython3.10.so (found suitable version "3.10.12", minimum required is "3.5") 
[7.195s] -- Using PYTHON_EXECUTABLE: /usr/bin/python3
[7.196s] -- Using PYTHON_INCLUDE_DIRS: /usr/include/python3.10
[7.196s] -- Using PYTHON_LIBRARIES: /usr/lib/x86_64-linux-gnu/libpython3.10.so
[7.244s] -- Found PythonExtra: .so  
[7.716s] -- Configuring done (7.6s)
[7.842s] -- Generating done (0.1s)
[7.879s] -- Build files have been written to: /home/rhobtor/PHD/test_j8_hayat/J8/build/argj801_ctl_platform_interfaces
[7.912s] Invoked command in '/home/rhobtor/PHD/test_j8_hayat/J8/build/argj801_ctl_platform_interfaces' returned '0': CMAKE_PREFIX_PATH=${CMAKE_PREFIX_PATH}:/home/rhobtor/PHD/ARGOJ8_IA/ARGOSJ8_IA_/install/ntrip_client:/home/rhobtor/PHD/ARGOJ8_IA/ARGOSJ8_IA_/install/j8_gui:/home/rhobtor/PHD/ARGOJ8_IA/ARGOSJ8_IA_/install/car:/home/rhobtor/PHD/ARGOJ8_IA/ARGOSJ8_IA_/install/android_ros2_server:/home/rhobtor/PHD/ARGOJ8_IA/ARGOSJ8_IA_/install/GUI_pkg:/opt/ros/humble /opt/st/stm32cubeclt_1.18.0/CMake/bin/cmake /home/rhobtor/PHD/test_j8_hayat/J8/src/argj801_ctl_platform/argj801_ctl_platform_interfaces -DCMAKE_INSTALL_PREFIX=/home/rhobtor/PHD/test_j8_hayat/J8/install/argj801_ctl_platform_interfaces
[7.962s] Invoking command in '/home/rhobtor/PHD/test_j8_hayat/J8/build/argj801_ctl_platform_interfaces': CMAKE_PREFIX_PATH=${CMAKE_PREFIX_PATH}:/home/rhobtor/PHD/ARGOJ8_IA/ARGOSJ8_IA_/install/ntrip_client:/home/rhobtor/PHD/ARGOJ8_IA/ARGOSJ8_IA_/install/j8_gui:/home/rhobtor/PHD/ARGOJ8_IA/ARGOSJ8_IA_/install/car:/home/rhobtor/PHD/ARGOJ8_IA/ARGOSJ8_IA_/install/android_ros2_server:/home/rhobtor/PHD/ARGOJ8_IA/ARGOSJ8_IA_/install/GUI_pkg:/opt/ros/humble /opt/st/stm32cubeclt_1.18.0/CMake/bin/cmake --build /home/rhobtor/PHD/test_j8_hayat/J8/build/argj801_ctl_platform_interfaces -- -j16 -l16
[8.182s] [  1%] [34m[1mGenerating C code for ROS interfaces[0m
[8.182s] [  3%] [34m[1mGenerating C++ code for ROS interfaces[0m
[8.183s] [  4%] [34m[1mGenerating Rust code for ROS interfaces[0m
[8.183s] [  4%] Built target ament_cmake_python_copy_argj801_ctl_platform_interfaces
[9.040s] running egg_info
[9.081s] creating argj801_ctl_platform_interfaces.egg-info
[9.081s] writing argj801_ctl_platform_interfaces.egg-info/PKG-INFO
[9.083s] writing dependency_links to argj801_ctl_platform_interfaces.egg-info/dependency_links.txt
[9.084s] writing top-level names to argj801_ctl_platform_interfaces.egg-info/top_level.txt
[9.084s] writing manifest file 'argj801_ctl_platform_interfaces.egg-info/SOURCES.txt'
[9.344s] reading manifest file 'argj801_ctl_platform_interfaces.egg-info/SOURCES.txt'
[9.344s] writing manifest file 'argj801_ctl_platform_interfaces.egg-info/SOURCES.txt'
[9.490s] [  4%] Built target ament_cmake_python_build_argj801_ctl_platform_interfaces_egg
[10.144s] [  4%] Built target argj801_ctl_platform_interfaces__rs
[10.303s] [  4%] Built target argj801_ctl_platform_interfaces__cpp
[10.335s] [  6%] [34m[1mGenerating C++ type support for eProsima Fast-RTPS[0m
[10.344s] [  7%] [34m[1mGenerating C++ introspection for ROS interfaces[0m
[10.358s] [  9%] [34m[1mGenerating C++ type support dispatch for ROS interfaces[0m
[12.409s] [ 10%] [32mBuilding CXX object CMakeFiles/argj801_ctl_platform_interfaces__rosidl_typesupport_cpp.dir/rosidl_typesupport_cpp/argj801_ctl_platform_interfaces/srv/emergency_stop__type_support.cpp.o[0m
[12.419s] [ 12%] [32mBuilding CXX object CMakeFiles/argj801_ctl_platform_interfaces__rosidl_typesupport_cpp.dir/rosidl_typesupport_cpp/argj801_ctl_platform_interfaces/srv/set_velocity__type_support.cpp.o[0m
[12.420s] [ 14%] [32mBuilding CXX object CMakeFiles/argj801_ctl_platform_interfaces__rosidl_typesupport_cpp.dir/rosidl_typesupport_cpp/argj801_ctl_platform_interfaces/srv/get_velocity__type_support.cpp.o[0m
[12.431s] [ 17%] [32mBuilding CXX object CMakeFiles/argj801_ctl_platform_interfaces__rosidl_typesupport_cpp.dir/rosidl_typesupport_cpp/argj801_ctl_platform_interfaces/msg/kinematic_debug_msg__type_support.cpp.o[0m
[12.439s] [ 17%] [32mBuilding CXX object CMakeFiles/argj801_ctl_platform_interfaces__rosidl_typesupport_cpp.dir/rosidl_typesupport_cpp/argj801_ctl_platform_interfaces/msg/cmd_throttle_msg__type_support.cpp.o[0m
[12.783s] [ 18%] [32mBuilding C object CMakeFiles/argj801_ctl_platform_interfaces__rosidl_generator_c.dir/rosidl_generator_c/argj801_ctl_platform_interfaces/srv/detail/set_velocity__functions.c.o[0m
[12.786s] [ 20%] [32mBuilding C object CMakeFiles/argj801_ctl_platform_interfaces__rosidl_generator_c.dir/rosidl_generator_c/argj801_ctl_platform_interfaces/msg/detail/cmd_throttle_msg__functions.c.o[0m
[12.795s] [ 21%] [32mBuilding C object CMakeFiles/argj801_ctl_platform_interfaces__rosidl_generator_c.dir/rosidl_generator_c/argj801_ctl_platform_interfaces/srv/detail/emergency_stop__functions.c.o[0m
[12.806s] [ 23%] [32mBuilding C object CMakeFiles/argj801_ctl_platform_interfaces__rosidl_generator_c.dir/rosidl_generator_c/argj801_ctl_platform_interfaces/srv/detail/get_velocity__functions.c.o[0m
[12.831s] [ 25%] [32mBuilding C object CMakeFiles/argj801_ctl_platform_interfaces__rosidl_generator_c.dir/rosidl_generator_c/argj801_ctl_platform_interfaces/msg/detail/kinematic_debug_msg__functions.c.o[0m
[13.363s] [ 26%] [32m[1mLinking C shared library libargj801_ctl_platform_interfaces__rosidl_generator_c.so[0m
[13.609s] [ 26%] Built target argj801_ctl_platform_interfaces__rosidl_generator_c
[13.653s] [ 28%] [34m[1mGenerating C introspection for ROS interfaces[0m
[13.667s] [ 29%] [34m[1mGenerating C type support dispatch for ROS interfaces[0m
[13.674s] [ 31%] [34m[1mGenerating C type support for eProsima Fast-RTPS[0m
[15.355s] [ 32%] [32mBuilding CXX object CMakeFiles/argj801_ctl_platform_interfaces__rosidl_typesupport_fastrtps_cpp.dir/rosidl_typesupport_fastrtps_cpp/argj801_ctl_platform_interfaces/srv/detail/dds_fastrtps/get_velocity__type_support.cpp.o[0m
[15.361s] [ 34%] [32mBuilding CXX object CMakeFiles/argj801_ctl_platform_interfaces__rosidl_typesupport_fastrtps_cpp.dir/rosidl_typesupport_fastrtps_cpp/argj801_ctl_platform_interfaces/srv/detail/dds_fastrtps/set_velocity__type_support.cpp.o[0m
[15.391s] [ 35%] [32mBuilding CXX object CMakeFiles/argj801_ctl_platform_interfaces__rosidl_typesupport_fastrtps_cpp.dir/rosidl_typesupport_fastrtps_cpp/argj801_ctl_platform_interfaces/msg/detail/dds_fastrtps/kinematic_debug_msg__type_support.cpp.o[0m
[15.391s] [ 37%] [32mBuilding CXX object CMakeFiles/argj801_ctl_platform_interfaces__rosidl_typesupport_fastrtps_cpp.dir/rosidl_typesupport_fastrtps_cpp/argj801_ctl_platform_interfaces/srv/detail/dds_fastrtps/emergency_stop__type_support.cpp.o[0m
[15.394s] [ 39%] [32mBuilding CXX object CMakeFiles/argj801_ctl_platform_interfaces__rosidl_typesupport_fastrtps_cpp.dir/rosidl_typesupport_fastrtps_cpp/argj801_ctl_platform_interfaces/msg/detail/dds_fastrtps/cmd_throttle_msg__type_support.cpp.o[0m
[15.877s] [ 40%] [32m[1mLinking CXX shared library libargj801_ctl_platform_interfaces__rosidl_typesupport_cpp.so[0m
[16.285s] [ 40%] Built target argj801_ctl_platform_interfaces__rosidl_typesupport_cpp
[17.108s] [ 42%] [32mBuilding CXX object CMakeFiles/argj801_ctl_platform_interfaces__rosidl_typesupport_introspection_cpp.dir/rosidl_typesupport_introspection_cpp/argj801_ctl_platform_interfaces/srv/detail/emergency_stop__type_support.cpp.o[0m
[17.108s] [ 43%] [32mBuilding CXX object CMakeFiles/argj801_ctl_platform_interfaces__rosidl_typesupport_introspection_cpp.dir/rosidl_typesupport_introspection_cpp/argj801_ctl_platform_interfaces/msg/detail/cmd_throttle_msg__type_support.cpp.o[0m
[17.108s] [ 45%] [32mBuilding CXX object CMakeFiles/argj801_ctl_platform_interfaces__rosidl_typesupport_introspection_cpp.dir/rosidl_typesupport_introspection_cpp/argj801_ctl_platform_interfaces/srv/detail/set_velocity__type_support.cpp.o[0m
[17.113s] [ 46%] [32mBuilding CXX object CMakeFiles/argj801_ctl_platform_interfaces__rosidl_typesupport_introspection_cpp.dir/rosidl_typesupport_introspection_cpp/argj801_ctl_platform_interfaces/srv/detail/get_velocity__type_support.cpp.o[0m
[17.122s] [ 48%] [32mBuilding CXX object CMakeFiles/argj801_ctl_platform_interfaces__rosidl_typesupport_introspection_cpp.dir/rosidl_typesupport_introspection_cpp/argj801_ctl_platform_interfaces/msg/detail/kinematic_debug_msg__type_support.cpp.o[0m
[18.985s] [ 50%] [32mBuilding C object CMakeFiles/argj801_ctl_platform_interfaces__rosidl_typesupport_introspection_c.dir/rosidl_typesupport_introspection_c/argj801_ctl_platform_interfaces/srv/detail/set_velocity__type_support.c.o[0m
[19.001s] [ 53%] [32mBuilding C object CMakeFiles/argj801_ctl_platform_interfaces__rosidl_typesupport_introspection_c.dir/rosidl_typesupport_introspection_c/argj801_ctl_platform_interfaces/msg/detail/kinematic_debug_msg__type_support.c.o[0m
[19.003s] [ 53%] [32mBuilding C object CMakeFiles/argj801_ctl_platform_interfaces__rosidl_typesupport_introspection_c.dir/rosidl_typesupport_introspection_c/argj801_ctl_platform_interfaces/srv/detail/emergency_stop__type_support.c.o[0m
[19.013s] [ 54%] [32mBuilding C object CMakeFiles/argj801_ctl_platform_interfaces__rosidl_typesupport_introspection_c.dir/rosidl_typesupport_introspection_c/argj801_ctl_platform_interfaces/srv/detail/get_velocity__type_support.c.o[0m
[19.023s] [ 56%] [32mBuilding C object CMakeFiles/argj801_ctl_platform_interfaces__rosidl_typesupport_introspection_c.dir/rosidl_typesupport_introspection_c/argj801_ctl_platform_interfaces/msg/detail/cmd_throttle_msg__type_support.c.o[0m
[19.378s] [ 57%] [32m[1mLinking C shared library libargj801_ctl_platform_interfaces__rosidl_typesupport_introspection_c.so[0m
[19.589s] [ 57%] Built target argj801_ctl_platform_interfaces__rosidl_typesupport_introspection_c
[20.097s] [ 59%] [32mBuilding CXX object CMakeFiles/argj801_ctl_platform_interfaces__rosidl_typesupport_c.dir/rosidl_typesupport_c/argj801_ctl_platform_interfaces/srv/get_velocity__type_support.cpp.o[0m
[20.099s] [ 60%] [32mBuilding CXX object CMakeFiles/argj801_ctl_platform_interfaces__rosidl_typesupport_c.dir/rosidl_typesupport_c/argj801_ctl_platform_interfaces/srv/set_velocity__type_support.cpp.o[0m
[20.101s] [ 64%] [32mBuilding CXX object CMakeFiles/argj801_ctl_platform_interfaces__rosidl_typesupport_c.dir/rosidl_typesupport_c/argj801_ctl_platform_interfaces/msg/kinematic_debug_msg__type_support.cpp.o[0m
[20.102s] [ 64%] [32mBuilding CXX object CMakeFiles/argj801_ctl_platform_interfaces__rosidl_typesupport_c.dir/rosidl_typesupport_c/argj801_ctl_platform_interfaces/srv/emergency_stop__type_support.cpp.o[0m
[20.106s] [ 65%] [32mBuilding CXX object CMakeFiles/argj801_ctl_platform_interfaces__rosidl_typesupport_c.dir/rosidl_typesupport_c/argj801_ctl_platform_interfaces/msg/cmd_throttle_msg__type_support.cpp.o[0m
[20.399s] [ 67%] [32m[1mLinking CXX shared library libargj801_ctl_platform_interfaces__rosidl_typesupport_c.so[0m
[20.568s] [ 67%] Built target argj801_ctl_platform_interfaces__rosidl_typesupport_c
[20.807s] [ 68%] [32m[1mLinking CXX shared library libargj801_ctl_platform_interfaces__rosidl_typesupport_fastrtps_cpp.so[0m
[21.324s] [ 68%] Built target argj801_ctl_platform_interfaces__rosidl_typesupport_fastrtps_cpp
[21.478s] [ 70%] [32mBuilding CXX object CMakeFiles/argj801_ctl_platform_interfaces__rosidl_typesupport_fastrtps_c.dir/rosidl_typesupport_fastrtps_c/argj801_ctl_platform_interfaces/srv/detail/get_velocity__type_support_c.cpp.o[0m
[21.487s] [ 73%] [32mBuilding CXX object CMakeFiles/argj801_ctl_platform_interfaces__rosidl_typesupport_fastrtps_c.dir/rosidl_typesupport_fastrtps_c/argj801_ctl_platform_interfaces/srv/detail/set_velocity__type_support_c.cpp.o[0m
[21.490s] [ 75%] [32mBuilding CXX object CMakeFiles/argj801_ctl_platform_interfaces__rosidl_typesupport_fastrtps_c.dir/rosidl_typesupport_fastrtps_c/argj801_ctl_platform_interfaces/msg/detail/kinematic_debug_msg__type_support_c.cpp.o[0m
[21.498s] [ 75%] [32mBuilding CXX object CMakeFiles/argj801_ctl_platform_interfaces__rosidl_typesupport_fastrtps_c.dir/rosidl_typesupport_fastrtps_c/argj801_ctl_platform_interfaces/srv/detail/emergency_stop__type_support_c.cpp.o[0m
[21.499s] [ 76%] [32mBuilding CXX object CMakeFiles/argj801_ctl_platform_interfaces__rosidl_typesupport_fastrtps_c.dir/rosidl_typesupport_fastrtps_c/argj801_ctl_platform_interfaces/msg/detail/cmd_throttle_msg__type_support_c.cpp.o[0m
[22.405s] [ 78%] [32m[1mLinking CXX shared library libargj801_ctl_platform_interfaces__rosidl_typesupport_introspection_cpp.so[0m
[22.742s] [ 78%] Built target argj801_ctl_platform_interfaces__rosidl_typesupport_introspection_cpp
[25.424s] [ 79%] [32m[1mLinking CXX shared library libargj801_ctl_platform_interfaces__rosidl_typesupport_fastrtps_c.so[0m
[26.084s] [ 79%] Built target argj801_ctl_platform_interfaces__rosidl_typesupport_fastrtps_c
[26.123s] [ 79%] Built target argj801_ctl_platform_interfaces
[26.161s] [ 81%] [34m[1mGenerating Python code for ROS interfaces[0m
[34.987s] [ 81%] Built target argj801_ctl_platform_interfaces__py
[35.051s] [ 82%] [32mBuilding C object CMakeFiles/argj801_ctl_platform_interfaces__rosidl_generator_py.dir/rosidl_generator_py/argj801_ctl_platform_interfaces/srv/_set_velocity_s.c.o[0m
[35.637s] [ 84%] [32mBuilding C object CMakeFiles/argj801_ctl_platform_interfaces__rosidl_generator_py.dir/rosidl_generator_py/argj801_ctl_platform_interfaces/msg/_kinematic_debug_msg_s.c.o[0m
[36.289s] [ 85%] [32mBuilding C object CMakeFiles/argj801_ctl_platform_interfaces__rosidl_generator_py.dir/rosidl_generator_py/argj801_ctl_platform_interfaces/msg/_cmd_throttle_msg_s.c.o[0m
[36.617s] [ 87%] [32mBuilding C object CMakeFiles/argj801_ctl_platform_interfaces__rosidl_generator_py.dir/rosidl_generator_py/argj801_ctl_platform_interfaces/srv/_emergency_stop_s.c.o[0m
[37.170s] [ 89%] [32mBuilding C object CMakeFiles/argj801_ctl_platform_interfaces__rosidl_generator_py.dir/rosidl_generator_py/argj801_ctl_platform_interfaces/srv/_get_velocity_s.c.o[0m
[37.633s] [ 90%] [32m[1mLinking C shared library rosidl_generator_py/argj801_ctl_platform_interfaces/libargj801_ctl_platform_interfaces__rosidl_generator_py.so[0m
[37.790s] [ 90%] Built target argj801_ctl_platform_interfaces__rosidl_generator_py
[37.858s] [ 92%] [32mBuilding C object CMakeFiles/argj801_ctl_platform_interfaces__rosidl_typesupport_fastrtps_c__pyext.dir/rosidl_generator_py/argj801_ctl_platform_interfaces/_argj801_ctl_platform_interfaces_s.ep.rosidl_typesupport_fastrtps_c.c.o[0m
[38.283s] [ 93%] [32m[1mLinking C shared library rosidl_generator_py/argj801_ctl_platform_interfaces/argj801_ctl_platform_interfaces_s__rosidl_typesupport_fastrtps_c.cpython-310-x86_64-linux-gnu.so[0m
[38.444s] [ 93%] Built target argj801_ctl_platform_interfaces__rosidl_typesupport_fastrtps_c__pyext
[38.507s] [ 95%] [32mBuilding C object CMakeFiles/argj801_ctl_platform_interfaces__rosidl_typesupport_c__pyext.dir/rosidl_generator_py/argj801_ctl_platform_interfaces/_argj801_ctl_platform_interfaces_s.ep.rosidl_typesupport_c.c.o[0m
[39.022s] [ 96%] [32m[1mLinking C shared library rosidl_generator_py/argj801_ctl_platform_interfaces/argj801_ctl_platform_interfaces_s__rosidl_typesupport_c.cpython-310-x86_64-linux-gnu.so[0m
[39.137s] [ 96%] Built target argj801_ctl_platform_interfaces__rosidl_typesupport_c__pyext
[39.216s] [ 98%] [32mBuilding C object CMakeFiles/argj801_ctl_platform_interfaces__rosidl_typesupport_introspection_c__pyext.dir/rosidl_generator_py/argj801_ctl_platform_interfaces/_argj801_ctl_platform_interfaces_s.ep.rosidl_typesupport_introspection_c.c.o[0m
[39.985s] [100%] [32m[1mLinking C shared library rosidl_generator_py/argj801_ctl_platform_interfaces/argj801_ctl_platform_interfaces_s__rosidl_typesupport_introspection_c.cpython-310-x86_64-linux-gnu.so[0m
[40.102s] [100%] Built target argj801_ctl_platform_interfaces__rosidl_typesupport_introspection_c__pyext
[40.180s] Invoked command in '/home/rhobtor/PHD/test_j8_hayat/J8/build/argj801_ctl_platform_interfaces' returned '0': CMAKE_PREFIX_PATH=${CMAKE_PREFIX_PATH}:/home/rhobtor/PHD/ARGOJ8_IA/ARGOSJ8_IA_/install/ntrip_client:/home/rhobtor/PHD/ARGOJ8_IA/ARGOSJ8_IA_/install/j8_gui:/home/rhobtor/PHD/ARGOJ8_IA/ARGOSJ8_IA_/install/car:/home/rhobtor/PHD/ARGOJ8_IA/ARGOSJ8_IA_/install/android_ros2_server:/home/rhobtor/PHD/ARGOJ8_IA/ARGOSJ8_IA_/install/GUI_pkg:/opt/ros/humble /opt/st/stm32cubeclt_1.18.0/CMake/bin/cmake --build /home/rhobtor/PHD/test_j8_hayat/J8/build/argj801_ctl_platform_interfaces -- -j16 -l16
[40.181s] Invoking command in '/home/rhobtor/PHD/test_j8_hayat/J8/build/argj801_ctl_platform_interfaces': CMAKE_PREFIX_PATH=${CMAKE_PREFIX_PATH}:/home/rhobtor/PHD/ARGOJ8_IA/ARGOSJ8_IA_/install/ntrip_client:/home/rhobtor/PHD/ARGOJ8_IA/ARGOSJ8_IA_/install/j8_gui:/home/rhobtor/PHD/ARGOJ8_IA/ARGOSJ8_IA_/install/car:/home/rhobtor/PHD/ARGOJ8_IA/ARGOSJ8_IA_/install/android_ros2_server:/home/rhobtor/PHD/ARGOJ8_IA/ARGOSJ8_IA_/install/GUI_pkg:/opt/ros/humble /opt/st/stm32cubeclt_1.18.0/CMake/bin/cmake --install /home/rhobtor/PHD/test_j8_hayat/J8/build/argj801_ctl_platform_interfaces
[41.816s] -- Install configuration: ""
[41.817s] -- Installing: /home/rhobtor/PHD/test_j8_hayat/J8/install/argj801_ctl_platform_interfaces/share/ament_index/resource_index/rosidl_interfaces/argj801_ctl_platform_interfaces
[41.817s] -- Installing: /home/rhobtor/PHD/test_j8_hayat/J8/install/argj801_ctl_platform_interfaces/include/argj801_ctl_platform_interfaces/argj801_ctl_platform_interfaces
[41.827s] -- Installing: /home/rhobtor/PHD/test_j8_hayat/J8/install/argj801_ctl_platform_interfaces/include/argj801_ctl_platform_interfaces/argj801_ctl_platform_interfaces/srv
[41.827s] -- Installing: /home/rhobtor/PHD/test_j8_hayat/J8/install/argj801_ctl_platform_interfaces/include/argj801_ctl_platform_interfaces/argj801_ctl_platform_interfaces/srv/detail
[41.827s] -- Installing: /home/rhobtor/PHD/test_j8_hayat/J8/install/argj801_ctl_platform_interfaces/include/argj801_ctl_platform_interfaces/argj801_ctl_platform_interfaces/srv/detail/set_velocity__type_support.h
[41.828s] -- Installing: /home/rhobtor/PHD/test_j8_hayat/J8/install/argj801_ctl_platform_interfaces/include/argj801_ctl_platform_interfaces/argj801_ctl_platform_interfaces/srv/detail/get_velocity__type_support.h
[41.828s] -- Installing: /home/rhobtor/PHD/test_j8_hayat/J8/install/argj801_ctl_platform_interfaces/include/argj801_ctl_platform_interfaces/argj801_ctl_platform_interfaces/srv/detail/emergency_stop__functions.h
[41.828s] -- Installing: /home/rhobtor/PHD/test_j8_hayat/J8/install/argj801_ctl_platform_interfaces/include/argj801_ctl_platform_interfaces/argj801_ctl_platform_interfaces/srv/detail/emergency_stop__functions.c
[41.829s] -- Installing: /home/rhobtor/PHD/test_j8_hayat/J8/install/argj801_ctl_platform_interfaces/include/argj801_ctl_platform_interfaces/argj801_ctl_platform_interfaces/srv/detail/set_velocity__struct.h
[41.829s] -- Installing: /home/rhobtor/PHD/test_j8_hayat/J8/install/argj801_ctl_platform_interfaces/include/argj801_ctl_platform_interfaces/argj801_ctl_platform_interfaces/srv/detail/set_velocity__functions.c
[41.829s] -- Installing: /home/rhobtor/PHD/test_j8_hayat/J8/install/argj801_ctl_platform_interfaces/include/argj801_ctl_platform_interfaces/argj801_ctl_platform_interfaces/srv/detail/emergency_stop__type_support.h
[41.829s] -- Installing: /home/rhobtor/PHD/test_j8_hayat/J8/install/argj801_ctl_platform_interfaces/include/argj801_ctl_platform_interfaces/argj801_ctl_platform_interfaces/srv/detail/get_velocity__struct.h
[41.829s] -- Installing: /home/rhobtor/PHD/test_j8_hayat/J8/install/argj801_ctl_platform_interfaces/include/argj801_ctl_platform_interfaces/argj801_ctl_platform_interfaces/srv/detail/set_velocity__functions.h
[41.830s] -- Installing: /home/rhobtor/PHD/test_j8_hayat/J8/install/argj801_ctl_platform_interfaces/include/argj801_ctl_platform_interfaces/argj801_ctl_platform_interfaces/srv/detail/get_velocity__functions.h
[41.830s] -- Installing: /home/rhobtor/PHD/test_j8_hayat/J8/install/argj801_ctl_platform_interfaces/include/argj801_ctl_platform_interfaces/argj801_ctl_platform_interfaces/srv/detail/get_velocity__functions.c
[41.830s] -- Installing: /home/rhobtor/PHD/test_j8_hayat/J8/install/argj801_ctl_platform_interfaces/include/argj801_ctl_platform_interfaces/argj801_ctl_platform_interfaces/srv/detail/emergency_stop__struct.h
[41.830s] -- Installing: /home/rhobtor/PHD/test_j8_hayat/J8/install/argj801_ctl_platform_interfaces/include/argj801_ctl_platform_interfaces/argj801_ctl_platform_interfaces/srv/set_velocity.h
[41.830s] -- Installing: /home/rhobtor/PHD/test_j8_hayat/J8/install/argj801_ctl_platform_interfaces/include/argj801_ctl_platform_interfaces/argj801_ctl_platform_interfaces/srv/emergency_stop.h
[41.830s] -- Installing: /home/rhobtor/PHD/test_j8_hayat/J8/install/argj801_ctl_platform_interfaces/include/argj801_ctl_platform_interfaces/argj801_ctl_platform_interfaces/srv/get_velocity.h
[41.830s] -- Installing: /home/rhobtor/PHD/test_j8_hayat/J8/install/argj801_ctl_platform_interfaces/include/argj801_ctl_platform_interfaces/argj801_ctl_platform_interfaces/msg
[41.831s] -- Installing: /home/rhobtor/PHD/test_j8_hayat/J8/install/argj801_ctl_platform_interfaces/include/argj801_ctl_platform_interfaces/argj801_ctl_platform_interfaces/msg/kinematic_debug_msg.h
[41.831s] -- Installing: /home/rhobtor/PHD/test_j8_hayat/J8/install/argj801_ctl_platform_interfaces/include/argj801_ctl_platform_interfaces/argj801_ctl_platform_interfaces/msg/rosidl_generator_c__visibility_control.h
[41.831s] -- Installing: /home/rhobtor/PHD/test_j8_hayat/J8/install/argj801_ctl_platform_interfaces/include/argj801_ctl_platform_interfaces/argj801_ctl_platform_interfaces/msg/cmd_throttle_msg.h
[41.831s] -- Installing: /home/rhobtor/PHD/test_j8_hayat/J8/install/argj801_ctl_platform_interfaces/include/argj801_ctl_platform_interfaces/argj801_ctl_platform_interfaces/msg/detail
[41.831s] -- Installing: /home/rhobtor/PHD/test_j8_hayat/J8/install/argj801_ctl_platform_interfaces/include/argj801_ctl_platform_interfaces/argj801_ctl_platform_interfaces/msg/detail/cmd_throttle_msg__struct.h
[41.831s] -- Installing: /home/rhobtor/PHD/test_j8_hayat/J8/install/argj801_ctl_platform_interfaces/include/argj801_ctl_platform_interfaces/argj801_ctl_platform_interfaces/msg/detail/kinematic_debug_msg__type_support.h
[41.832s] -- Installing: /home/rhobtor/PHD/test_j8_hayat/J8/install/argj801_ctl_platform_interfaces/include/argj801_ctl_platform_interfaces/argj801_ctl_platform_interfaces/msg/detail/kinematic_debug_msg__functions.h
[41.832s] -- Installing: /home/rhobtor/PHD/test_j8_hayat/J8/install/argj801_ctl_platform_interfaces/include/argj801_ctl_platform_interfaces/argj801_ctl_platform_interfaces/msg/detail/cmd_throttle_msg__functions.h
[41.832s] -- Installing: /home/rhobtor/PHD/test_j8_hayat/J8/install/argj801_ctl_platform_interfaces/include/argj801_ctl_platform_interfaces/argj801_ctl_platform_interfaces/msg/detail/cmd_throttle_msg__type_support.h
[41.832s] -- Installing: /home/rhobtor/PHD/test_j8_hayat/J8/install/argj801_ctl_platform_interfaces/include/argj801_ctl_platform_interfaces/argj801_ctl_platform_interfaces/msg/detail/kinematic_debug_msg__struct.h
[41.836s] -- Installing: /home/rhobtor/PHD/test_j8_hayat/J8/install/argj801_ctl_platform_interfaces/include/argj801_ctl_platform_interfaces/argj801_ctl_platform_interfaces/msg/detail/cmd_throttle_msg__functions.c
[41.837s] -- Installing: /home/rhobtor/PHD/test_j8_hayat/J8/install/argj801_ctl_platform_interfaces/include/argj801_ctl_platform_interfaces/argj801_ctl_platform_interfaces/msg/detail/kinematic_debug_msg__functions.c
[41.840s] -- Installing: /home/rhobtor/PHD/test_j8_hayat/J8/install/argj801_ctl_platform_interfaces/share/argj801_ctl_platform_interfaces/environment/library_path.sh
[41.840s] -- Installing: /home/rhobtor/PHD/test_j8_hayat/J8/install/argj801_ctl_platform_interfaces/share/argj801_ctl_platform_interfaces/environment/library_path.dsv
[41.841s] -- Installing: /home/rhobtor/PHD/test_j8_hayat/J8/install/argj801_ctl_platform_interfaces/lib/libargj801_ctl_platform_interfaces__rosidl_generator_c.so
[41.841s] -- Set non-toolchain portion of runtime path of "/home/rhobtor/PHD/test_j8_hayat/J8/install/argj801_ctl_platform_interfaces/lib/libargj801_ctl_platform_interfaces__rosidl_generator_c.so" to ""
[41.841s] -- Up-to-date: /home/rhobtor/PHD/test_j8_hayat/J8/install/argj801_ctl_platform_interfaces/include/argj801_ctl_platform_interfaces/argj801_ctl_platform_interfaces
[41.841s] -- Up-to-date: /home/rhobtor/PHD/test_j8_hayat/J8/install/argj801_ctl_platform_interfaces/include/argj801_ctl_platform_interfaces/argj801_ctl_platform_interfaces/srv
[41.841s] -- Up-to-date: /home/rhobtor/PHD/test_j8_hayat/J8/install/argj801_ctl_platform_interfaces/include/argj801_ctl_platform_interfaces/argj801_ctl_platform_interfaces/srv/detail
[41.842s] -- Installing: /home/rhobtor/PHD/test_j8_hayat/J8/install/argj801_ctl_platform_interfaces/include/argj801_ctl_platform_interfaces/argj801_ctl_platform_interfaces/srv/detail/emergency_stop__rosidl_typesupport_fastrtps_c.h
[41.842s] -- Installing: /home/rhobtor/PHD/test_j8_hayat/J8/install/argj801_ctl_platform_interfaces/include/argj801_ctl_platform_interfaces/argj801_ctl_platform_interfaces/srv/detail/get_velocity__rosidl_typesupport_fastrtps_c.h
[41.842s] -- Installing: /home/rhobtor/PHD/test_j8_hayat/J8/install/argj801_ctl_platform_interfaces/include/argj801_ctl_platform_interfaces/argj801_ctl_platform_interfaces/srv/detail/set_velocity__rosidl_typesupport_fastrtps_c.h
[41.842s] -- Up-to-date: /home/rhobtor/PHD/test_j8_hayat/J8/install/argj801_ctl_platform_interfaces/include/argj801_ctl_platform_interfaces/argj801_ctl_platform_interfaces/msg
[41.842s] -- Up-to-date: /home/rhobtor/PHD/test_j8_hayat/J8/install/argj801_ctl_platform_interfaces/include/argj801_ctl_platform_interfaces/argj801_ctl_platform_interfaces/msg/detail
[41.842s] -- Installing: /home/rhobtor/PHD/test_j8_hayat/J8/install/argj801_ctl_platform_interfaces/include/argj801_ctl_platform_interfaces/argj801_ctl_platform_interfaces/msg/detail/kinematic_debug_msg__rosidl_typesupport_fastrtps_c.h
[41.843s] -- Installing: /home/rhobtor/PHD/test_j8_hayat/J8/install/argj801_ctl_platform_interfaces/include/argj801_ctl_platform_interfaces/argj801_ctl_platform_interfaces/msg/detail/cmd_throttle_msg__rosidl_typesupport_fastrtps_c.h
[41.843s] -- Installing: /home/rhobtor/PHD/test_j8_hayat/J8/install/argj801_ctl_platform_interfaces/include/argj801_ctl_platform_interfaces/argj801_ctl_platform_interfaces/msg/rosidl_typesupport_fastrtps_c__visibility_control.h
[41.843s] -- Installing: /home/rhobtor/PHD/test_j8_hayat/J8/install/argj801_ctl_platform_interfaces/lib/libargj801_ctl_platform_interfaces__rosidl_typesupport_fastrtps_c.so
[41.846s] -- Set non-toolchain portion of runtime path of "/home/rhobtor/PHD/test_j8_hayat/J8/install/argj801_ctl_platform_interfaces/lib/libargj801_ctl_platform_interfaces__rosidl_typesupport_fastrtps_c.so" to ""
[41.846s] -- Up-to-date: /home/rhobtor/PHD/test_j8_hayat/J8/install/argj801_ctl_platform_interfaces/include/argj801_ctl_platform_interfaces/argj801_ctl_platform_interfaces
[41.847s] -- Up-to-date: /home/rhobtor/PHD/test_j8_hayat/J8/install/argj801_ctl_platform_interfaces/include/argj801_ctl_platform_interfaces/argj801_ctl_platform_interfaces/srv
[41.847s] -- Up-to-date: /home/rhobtor/PHD/test_j8_hayat/J8/install/argj801_ctl_platform_interfaces/include/argj801_ctl_platform_interfaces/argj801_ctl_platform_interfaces/srv/detail
[41.847s] -- Installing: /home/rhobtor/PHD/test_j8_hayat/J8/install/argj801_ctl_platform_interfaces/include/argj801_ctl_platform_interfaces/argj801_ctl_platform_interfaces/srv/detail/set_velocity__rosidl_typesupport_introspection_c.h
[41.847s] -- Installing: /home/rhobtor/PHD/test_j8_hayat/J8/install/argj801_ctl_platform_interfaces/include/argj801_ctl_platform_interfaces/argj801_ctl_platform_interfaces/srv/detail/set_velocity__type_support.c
[41.847s] -- Installing: /home/rhobtor/PHD/test_j8_hayat/J8/install/argj801_ctl_platform_interfaces/include/argj801_ctl_platform_interfaces/argj801_ctl_platform_interfaces/srv/detail/emergency_stop__rosidl_typesupport_introspection_c.h
[41.848s] -- Installing: /home/rhobtor/PHD/test_j8_hayat/J8/install/argj801_ctl_platform_interfaces/include/argj801_ctl_platform_interfaces/argj801_ctl_platform_interfaces/srv/detail/emergency_stop__type_support.c
[41.848s] -- Installing: /home/rhobtor/PHD/test_j8_hayat/J8/install/argj801_ctl_platform_interfaces/include/argj801_ctl_platform_interfaces/argj801_ctl_platform_interfaces/srv/detail/get_velocity__type_support.c
[41.848s] -- Installing: /home/rhobtor/PHD/test_j8_hayat/J8/install/argj801_ctl_platform_interfaces/include/argj801_ctl_platform_interfaces/argj801_ctl_platform_interfaces/srv/detail/get_velocity__rosidl_typesupport_introspection_c.h
[41.848s] -- Up-to-date: /home/rhobtor/PHD/test_j8_hayat/J8/install/argj801_ctl_platform_interfaces/include/argj801_ctl_platform_interfaces/argj801_ctl_platform_interfaces/msg
[41.848s] -- Installing: /home/rhobtor/PHD/test_j8_hayat/J8/install/argj801_ctl_platform_interfaces/include/argj801_ctl_platform_interfaces/argj801_ctl_platform_interfaces/msg/rosidl_typesupport_introspection_c__visibility_control.h
[41.848s] -- Up-to-date: /home/rhobtor/PHD/test_j8_hayat/J8/install/argj801_ctl_platform_interfaces/include/argj801_ctl_platform_interfaces/argj801_ctl_platform_interfaces/msg/detail
[41.849s] -- Installing: /home/rhobtor/PHD/test_j8_hayat/J8/install/argj801_ctl_platform_interfaces/include/argj801_ctl_platform_interfaces/argj801_ctl_platform_interfaces/msg/detail/kinematic_debug_msg__type_support.c
[41.849s] -- Installing: /home/rhobtor/PHD/test_j8_hayat/J8/install/argj801_ctl_platform_interfaces/include/argj801_ctl_platform_interfaces/argj801_ctl_platform_interfaces/msg/detail/kinematic_debug_msg__rosidl_typesupport_introspection_c.h
[41.852s] -- Installing: /home/rhobtor/PHD/test_j8_hayat/J8/install/argj801_ctl_platform_interfaces/include/argj801_ctl_platform_interfaces/argj801_ctl_platform_interfaces/msg/detail/cmd_throttle_msg__rosidl_typesupport_introspection_c.h
[41.853s] -- Installing: /home/rhobtor/PHD/test_j8_hayat/J8/install/argj801_ctl_platform_interfaces/include/argj801_ctl_platform_interfaces/argj801_ctl_platform_interfaces/msg/detail/cmd_throttle_msg__type_support.c
[41.853s] -- Installing: /home/rhobtor/PHD/test_j8_hayat/J8/install/argj801_ctl_platform_interfaces/lib/libargj801_ctl_platform_interfaces__rosidl_typesupport_introspection_c.so
[41.853s] -- Set non-toolchain portion of runtime path of "/home/rhobtor/PHD/test_j8_hayat/J8/install/argj801_ctl_platform_interfaces/lib/libargj801_ctl_platform_interfaces__rosidl_typesupport_introspection_c.so" to ""
[41.853s] -- Installing: /home/rhobtor/PHD/test_j8_hayat/J8/install/argj801_ctl_platform_interfaces/lib/libargj801_ctl_platform_interfaces__rosidl_typesupport_c.so
[41.854s] -- Set non-toolchain portion of runtime path of "/home/rhobtor/PHD/test_j8_hayat/J8/install/argj801_ctl_platform_interfaces/lib/libargj801_ctl_platform_interfaces__rosidl_typesupport_c.so" to ""
[41.854s] -- Up-to-date: /home/rhobtor/PHD/test_j8_hayat/J8/install/argj801_ctl_platform_interfaces/include/argj801_ctl_platform_interfaces/argj801_ctl_platform_interfaces
[41.854s] -- Up-to-date: /home/rhobtor/PHD/test_j8_hayat/J8/install/argj801_ctl_platform_interfaces/include/argj801_ctl_platform_interfaces/argj801_ctl_platform_interfaces/srv
[41.854s] -- Installing: /home/rhobtor/PHD/test_j8_hayat/J8/install/argj801_ctl_platform_interfaces/include/argj801_ctl_platform_interfaces/argj801_ctl_platform_interfaces/srv/get_velocity.hpp
[41.854s] -- Up-to-date: /home/rhobtor/PHD/test_j8_hayat/J8/install/argj801_ctl_platform_interfaces/include/argj801_ctl_platform_interfaces/argj801_ctl_platform_interfaces/srv/detail
[41.855s] -- Installing: /home/rhobtor/PHD/test_j8_hayat/J8/install/argj801_ctl_platform_interfaces/include/argj801_ctl_platform_interfaces/argj801_ctl_platform_interfaces/srv/detail/set_velocity__struct.hpp
[41.855s] -- Installing: /home/rhobtor/PHD/test_j8_hayat/J8/install/argj801_ctl_platform_interfaces/include/argj801_ctl_platform_interfaces/argj801_ctl_platform_interfaces/srv/detail/set_velocity__builder.hpp
[41.855s] -- Installing: /home/rhobtor/PHD/test_j8_hayat/J8/install/argj801_ctl_platform_interfaces/include/argj801_ctl_platform_interfaces/argj801_ctl_platform_interfaces/srv/detail/set_velocity__type_support.hpp
[41.855s] -- Installing: /home/rhobtor/PHD/test_j8_hayat/J8/install/argj801_ctl_platform_interfaces/include/argj801_ctl_platform_interfaces/argj801_ctl_platform_interfaces/srv/detail/get_velocity__type_support.hpp
[41.858s] -- Installing: /home/rhobtor/PHD/test_j8_hayat/J8/install/argj801_ctl_platform_interfaces/include/argj801_ctl_platform_interfaces/argj801_ctl_platform_interfaces/srv/detail/emergency_stop__builder.hpp
[41.859s] -- Installing: /home/rhobtor/PHD/test_j8_hayat/J8/install/argj801_ctl_platform_interfaces/include/argj801_ctl_platform_interfaces/argj801_ctl_platform_interfaces/srv/detail/set_velocity__traits.hpp
[41.859s] -- Installing: /home/rhobtor/PHD/test_j8_hayat/J8/install/argj801_ctl_platform_interfaces/include/argj801_ctl_platform_interfaces/argj801_ctl_platform_interfaces/srv/detail/emergency_stop__struct.hpp
[41.859s] -- Installing: /home/rhobtor/PHD/test_j8_hayat/J8/install/argj801_ctl_platform_interfaces/include/argj801_ctl_platform_interfaces/argj801_ctl_platform_interfaces/srv/detail/get_velocity__traits.hpp
[41.859s] -- Installing: /home/rhobtor/PHD/test_j8_hayat/J8/install/argj801_ctl_platform_interfaces/include/argj801_ctl_platform_interfaces/argj801_ctl_platform_interfaces/srv/detail/get_velocity__builder.hpp
[41.859s] -- Installing: /home/rhobtor/PHD/test_j8_hayat/J8/install/argj801_ctl_platform_interfaces/include/argj801_ctl_platform_interfaces/argj801_ctl_platform_interfaces/srv/detail/emergency_stop__type_support.hpp
[41.859s] -- Installing: /home/rhobtor/PHD/test_j8_hayat/J8/install/argj801_ctl_platform_interfaces/include/argj801_ctl_platform_interfaces/argj801_ctl_platform_interfaces/srv/detail/get_velocity__struct.hpp
[41.860s] -- Installing: /home/rhobtor/PHD/test_j8_hayat/J8/install/argj801_ctl_platform_interfaces/include/argj801_ctl_platform_interfaces/argj801_ctl_platform_interfaces/srv/detail/emergency_stop__traits.hpp
[41.860s] -- Installing: /home/rhobtor/PHD/test_j8_hayat/J8/install/argj801_ctl_platform_interfaces/include/argj801_ctl_platform_interfaces/argj801_ctl_platform_interfaces/srv/emergency_stop.hpp
[41.860s] -- Installing: /home/rhobtor/PHD/test_j8_hayat/J8/install/argj801_ctl_platform_interfaces/include/argj801_ctl_platform_interfaces/argj801_ctl_platform_interfaces/srv/set_velocity.hpp
[41.860s] -- Up-to-date: /home/rhobtor/PHD/test_j8_hayat/J8/install/argj801_ctl_platform_interfaces/include/argj801_ctl_platform_interfaces/argj801_ctl_platform_interfaces/msg
[41.860s] -- Installing: /home/rhobtor/PHD/test_j8_hayat/J8/install/argj801_ctl_platform_interfaces/include/argj801_ctl_platform_interfaces/argj801_ctl_platform_interfaces/msg/rosidl_generator_cpp__visibility_control.hpp
[41.860s] -- Up-to-date: /home/rhobtor/PHD/test_j8_hayat/J8/install/argj801_ctl_platform_interfaces/include/argj801_ctl_platform_interfaces/argj801_ctl_platform_interfaces/msg/detail
[41.864s] -- Installing: /home/rhobtor/PHD/test_j8_hayat/J8/install/argj801_ctl_platform_interfaces/include/argj801_ctl_platform_interfaces/argj801_ctl_platform_interfaces/msg/detail/cmd_throttle_msg__type_support.hpp
[41.864s] -- Installing: /home/rhobtor/PHD/test_j8_hayat/J8/install/argj801_ctl_platform_interfaces/include/argj801_ctl_platform_interfaces/argj801_ctl_platform_interfaces/msg/detail/kinematic_debug_msg__struct.hpp
[41.865s] -- Installing: /home/rhobtor/PHD/test_j8_hayat/J8/install/argj801_ctl_platform_interfaces/include/argj801_ctl_platform_interfaces/argj801_ctl_platform_interfaces/msg/detail/kinematic_debug_msg__builder.hpp
[41.866s] -- Installing: /home/rhobtor/PHD/test_j8_hayat/J8/install/argj801_ctl_platform_interfaces/include/argj801_ctl_platform_interfaces/argj801_ctl_platform_interfaces/msg/detail/cmd_throttle_msg__builder.hpp
[41.866s] -- Installing: /home/rhobtor/PHD/test_j8_hayat/J8/install/argj801_ctl_platform_interfaces/include/argj801_ctl_platform_interfaces/argj801_ctl_platform_interfaces/msg/detail/cmd_throttle_msg__struct.hpp
[41.867s] -- Installing: /home/rhobtor/PHD/test_j8_hayat/J8/install/argj801_ctl_platform_interfaces/include/argj801_ctl_platform_interfaces/argj801_ctl_platform_interfaces/msg/detail/cmd_throttle_msg__traits.hpp
[41.867s] -- Installing: /home/rhobtor/PHD/test_j8_hayat/J8/install/argj801_ctl_platform_interfaces/include/argj801_ctl_platform_interfaces/argj801_ctl_platform_interfaces/msg/detail/kinematic_debug_msg__traits.hpp
[41.867s] -- Installing: /home/rhobtor/PHD/test_j8_hayat/J8/install/argj801_ctl_platform_interfaces/include/argj801_ctl_platform_interfaces/argj801_ctl_platform_interfaces/msg/detail/kinematic_debug_msg__type_support.hpp
[41.870s] -- Installing: /home/rhobtor/PHD/test_j8_hayat/J8/install/argj801_ctl_platform_interfaces/include/argj801_ctl_platform_interfaces/argj801_ctl_platform_interfaces/msg/cmd_throttle_msg.hpp
[41.871s] -- Installing: /home/rhobtor/PHD/test_j8_hayat/J8/install/argj801_ctl_platform_interfaces/include/argj801_ctl_platform_interfaces/argj801_ctl_platform_interfaces/msg/kinematic_debug_msg.hpp
[41.871s] -- Up-to-date: /home/rhobtor/PHD/test_j8_hayat/J8/install/argj801_ctl_platform_interfaces/include/argj801_ctl_platform_interfaces/argj801_ctl_platform_interfaces
[41.871s] -- Up-to-date: /home/rhobtor/PHD/test_j8_hayat/J8/install/argj801_ctl_platform_interfaces/include/argj801_ctl_platform_interfaces/argj801_ctl_platform_interfaces/srv
[41.871s] -- Up-to-date: /home/rhobtor/PHD/test_j8_hayat/J8/install/argj801_ctl_platform_interfaces/include/argj801_ctl_platform_interfaces/argj801_ctl_platform_interfaces/srv/detail
[41.871s] -- Installing: /home/rhobtor/PHD/test_j8_hayat/J8/install/argj801_ctl_platform_interfaces/include/argj801_ctl_platform_interfaces/argj801_ctl_platform_interfaces/srv/detail/set_velocity__rosidl_typesupport_fastrtps_cpp.hpp
[41.872s] -- Installing: /home/rhobtor/PHD/test_j8_hayat/J8/install/argj801_ctl_platform_interfaces/include/argj801_ctl_platform_interfaces/argj801_ctl_platform_interfaces/srv/detail/get_velocity__rosidl_typesupport_fastrtps_cpp.hpp
[41.872s] -- Installing: /home/rhobtor/PHD/test_j8_hayat/J8/install/argj801_ctl_platform_interfaces/include/argj801_ctl_platform_interfaces/argj801_ctl_platform_interfaces/srv/detail/dds_fastrtps
[41.872s] -- Installing: /home/rhobtor/PHD/test_j8_hayat/J8/install/argj801_ctl_platform_interfaces/include/argj801_ctl_platform_interfaces/argj801_ctl_platform_interfaces/srv/detail/emergency_stop__rosidl_typesupport_fastrtps_cpp.hpp
[41.872s] -- Up-to-date: /home/rhobtor/PHD/test_j8_hayat/J8/install/argj801_ctl_platform_interfaces/include/argj801_ctl_platform_interfaces/argj801_ctl_platform_interfaces/msg
[41.872s] -- Installing: /home/rhobtor/PHD/test_j8_hayat/J8/install/argj801_ctl_platform_interfaces/include/argj801_ctl_platform_interfaces/argj801_ctl_platform_interfaces/msg/rosidl_typesupport_fastrtps_cpp__visibility_control.h
[41.872s] -- Up-to-date: /home/rhobtor/PHD/test_j8_hayat/J8/install/argj801_ctl_platform_interfaces/include/argj801_ctl_platform_interfaces/argj801_ctl_platform_interfaces/msg/detail
[41.872s] -- Installing: /home/rhobtor/PHD/test_j8_hayat/J8/install/argj801_ctl_platform_interfaces/include/argj801_ctl_platform_interfaces/argj801_ctl_platform_interfaces/msg/detail/kinematic_debug_msg__rosidl_typesupport_fastrtps_cpp.hpp
[41.873s] -- Installing: /home/rhobtor/PHD/test_j8_hayat/J8/install/argj801_ctl_platform_interfaces/include/argj801_ctl_platform_interfaces/argj801_ctl_platform_interfaces/msg/detail/dds_fastrtps
[41.873s] -- Installing: /home/rhobtor/PHD/test_j8_hayat/J8/install/argj801_ctl_platform_interfaces/include/argj801_ctl_platform_interfaces/argj801_ctl_platform_interfaces/msg/detail/cmd_throttle_msg__rosidl_typesupport_fastrtps_cpp.hpp
[41.873s] -- Installing: /home/rhobtor/PHD/test_j8_hayat/J8/install/argj801_ctl_platform_interfaces/lib/libargj801_ctl_platform_interfaces__rosidl_typesupport_fastrtps_cpp.so
[41.876s] -- Set non-toolchain portion of runtime path of "/home/rhobtor/PHD/test_j8_hayat/J8/install/argj801_ctl_platform_interfaces/lib/libargj801_ctl_platform_interfaces__rosidl_typesupport_fastrtps_cpp.so" to ""
[41.876s] -- Up-to-date: /home/rhobtor/PHD/test_j8_hayat/J8/install/argj801_ctl_platform_interfaces/include/argj801_ctl_platform_interfaces/argj801_ctl_platform_interfaces
[41.877s] -- Up-to-date: /home/rhobtor/PHD/test_j8_hayat/J8/install/argj801_ctl_platform_interfaces/include/argj801_ctl_platform_interfaces/argj801_ctl_platform_interfaces/srv
[41.877s] -- Up-to-date: /home/rhobtor/PHD/test_j8_hayat/J8/install/argj801_ctl_platform_interfaces/include/argj801_ctl_platform_interfaces/argj801_ctl_platform_interfaces/srv/detail
[41.877s] -- Installing: /home/rhobtor/PHD/test_j8_hayat/J8/install/argj801_ctl_platform_interfaces/include/argj801_ctl_platform_interfaces/argj801_ctl_platform_interfaces/srv/detail/emergency_stop__rosidl_typesupport_introspection_cpp.hpp
[41.877s] -- Installing: /home/rhobtor/PHD/test_j8_hayat/J8/install/argj801_ctl_platform_interfaces/include/argj801_ctl_platform_interfaces/argj801_ctl_platform_interfaces/srv/detail/set_velocity__type_support.cpp
[41.877s] -- Installing: /home/rhobtor/PHD/test_j8_hayat/J8/install/argj801_ctl_platform_interfaces/include/argj801_ctl_platform_interfaces/argj801_ctl_platform_interfaces/srv/detail/set_velocity__rosidl_typesupport_introspection_cpp.hpp
[41.877s] -- Installing: /home/rhobtor/PHD/test_j8_hayat/J8/install/argj801_ctl_platform_interfaces/include/argj801_ctl_platform_interfaces/argj801_ctl_platform_interfaces/srv/detail/get_velocity__type_support.cpp
[41.877s] -- Installing: /home/rhobtor/PHD/test_j8_hayat/J8/install/argj801_ctl_platform_interfaces/include/argj801_ctl_platform_interfaces/argj801_ctl_platform_interfaces/srv/detail/emergency_stop__type_support.cpp
[41.878s] -- Installing: /home/rhobtor/PHD/test_j8_hayat/J8/install/argj801_ctl_platform_interfaces/include/argj801_ctl_platform_interfaces/argj801_ctl_platform_interfaces/srv/detail/get_velocity__rosidl_typesupport_introspection_cpp.hpp
[41.878s] -- Up-to-date: /home/rhobtor/PHD/test_j8_hayat/J8/install/argj801_ctl_platform_interfaces/include/argj801_ctl_platform_interfaces/argj801_ctl_platform_interfaces/msg
[41.878s] -- Up-to-date: /home/rhobtor/PHD/test_j8_hayat/J8/install/argj801_ctl_platform_interfaces/include/argj801_ctl_platform_interfaces/argj801_ctl_platform_interfaces/msg/detail
[41.878s] -- Installing: /home/rhobtor/PHD/test_j8_hayat/J8/install/argj801_ctl_platform_interfaces/include/argj801_ctl_platform_interfaces/argj801_ctl_platform_interfaces/msg/detail/kinematic_debug_msg__rosidl_typesupport_introspection_cpp.hpp
[41.878s] -- Installing: /home/rhobtor/PHD/test_j8_hayat/J8/install/argj801_ctl_platform_interfaces/include/argj801_ctl_platform_interfaces/argj801_ctl_platform_interfaces/msg/detail/cmd_throttle_msg__type_support.cpp
[41.878s] -- Installing: /home/rhobtor/PHD/test_j8_hayat/J8/install/argj801_ctl_platform_interfaces/include/argj801_ctl_platform_interfaces/argj801_ctl_platform_interfaces/msg/detail/kinematic_debug_msg__type_support.cpp
[41.878s] -- Installing: /home/rhobtor/PHD/test_j8_hayat/J8/install/argj801_ctl_platform_interfaces/include/argj801_ctl_platform_interfaces/argj801_ctl_platform_interfaces/msg/detail/cmd_throttle_msg__rosidl_typesupport_introspection_cpp.hpp
[41.879s] -- Installing: /home/rhobtor/PHD/test_j8_hayat/J8/install/argj801_ctl_platform_interfaces/lib/libargj801_ctl_platform_interfaces__rosidl_typesupport_introspection_cpp.so
[41.879s] -- Set non-toolchain portion of runtime path of "/home/rhobtor/PHD/test_j8_hayat/J8/install/argj801_ctl_platform_interfaces/lib/libargj801_ctl_platform_interfaces__rosidl_typesupport_introspection_cpp.so" to ""
[41.879s] -- Installing: /home/rhobtor/PHD/test_j8_hayat/J8/install/argj801_ctl_platform_interfaces/lib/libargj801_ctl_platform_interfaces__rosidl_typesupport_cpp.so
[41.882s] -- Set non-toolchain portion of runtime path of "/home/rhobtor/PHD/test_j8_hayat/J8/install/argj801_ctl_platform_interfaces/lib/libargj801_ctl_platform_interfaces__rosidl_typesupport_cpp.so" to ""
[41.882s] -- Installing: /home/rhobtor/PHD/test_j8_hayat/J8/install/argj801_ctl_platform_interfaces/share/argj801_ctl_platform_interfaces/environment/pythonpath.sh
[41.883s] -- Installing: /home/rhobtor/PHD/test_j8_hayat/J8/install/argj801_ctl_platform_interfaces/share/argj801_ctl_platform_interfaces/environment/pythonpath.dsv
[41.883s] -- Installing: /home/rhobtor/PHD/test_j8_hayat/J8/install/argj801_ctl_platform_interfaces/local/lib/python3.10/dist-packages/argj801_ctl_platform_interfaces-0.0.0-py3.10.egg-info
[41.883s] -- Installing: /home/rhobtor/PHD/test_j8_hayat/J8/install/argj801_ctl_platform_interfaces/local/lib/python3.10/dist-packages/argj801_ctl_platform_interfaces-0.0.0-py3.10.egg-info/top_level.txt
[41.883s] -- Installing: /home/rhobtor/PHD/test_j8_hayat/J8/install/argj801_ctl_platform_interfaces/local/lib/python3.10/dist-packages/argj801_ctl_platform_interfaces-0.0.0-py3.10.egg-info/SOURCES.txt
[41.883s] -- Installing: /home/rhobtor/PHD/test_j8_hayat/J8/install/argj801_ctl_platform_interfaces/local/lib/python3.10/dist-packages/argj801_ctl_platform_interfaces-0.0.0-py3.10.egg-info/PKG-INFO
[41.883s] -- Installing: /home/rhobtor/PHD/test_j8_hayat/J8/install/argj801_ctl_platform_interfaces/local/lib/python3.10/dist-packages/argj801_ctl_platform_interfaces-0.0.0-py3.10.egg-info/dependency_links.txt
[41.883s] -- Installing: /home/rhobtor/PHD/test_j8_hayat/J8/install/argj801_ctl_platform_interfaces/local/lib/python3.10/dist-packages/argj801_ctl_platform_interfaces
[41.884s] -- Installing: /home/rhobtor/PHD/test_j8_hayat/J8/install/argj801_ctl_platform_interfaces/local/lib/python3.10/dist-packages/argj801_ctl_platform_interfaces/_argj801_ctl_platform_interfaces_s.ep.rosidl_typesupport_fastrtps_c.c
[41.884s] -- Installing: /home/rhobtor/PHD/test_j8_hayat/J8/install/argj801_ctl_platform_interfaces/local/lib/python3.10/dist-packages/argj801_ctl_platform_interfaces/srv
[41.884s] -- Installing: /home/rhobtor/PHD/test_j8_hayat/J8/install/argj801_ctl_platform_interfaces/local/lib/python3.10/dist-packages/argj801_ctl_platform_interfaces/srv/_emergency_stop_s.c
[41.884s] -- Installing: /home/rhobtor/PHD/test_j8_hayat/J8/install/argj801_ctl_platform_interfaces/local/lib/python3.10/dist-packages/argj801_ctl_platform_interfaces/srv/_get_velocity.py
[41.884s] -- Installing: /home/rhobtor/PHD/test_j8_hayat/J8/install/argj801_ctl_platform_interfaces/local/lib/python3.10/dist-packages/argj801_ctl_platform_interfaces/srv/_emergency_stop.py
[41.884s] -- Installing: /home/rhobtor/PHD/test_j8_hayat/J8/install/argj801_ctl_platform_interfaces/local/lib/python3.10/dist-packages/argj801_ctl_platform_interfaces/srv/_set_velocity.py
[41.884s] -- Installing: /home/rhobtor/PHD/test_j8_hayat/J8/install/argj801_ctl_platform_interfaces/local/lib/python3.10/dist-packages/argj801_ctl_platform_interfaces/srv/_set_velocity_s.c
[41.884s] -- Installing: /home/rhobtor/PHD/test_j8_hayat/J8/install/argj801_ctl_platform_interfaces/local/lib/python3.10/dist-packages/argj801_ctl_platform_interfaces/srv/__init__.py
[41.885s] -- Installing: /home/rhobtor/PHD/test_j8_hayat/J8/install/argj801_ctl_platform_interfaces/local/lib/python3.10/dist-packages/argj801_ctl_platform_interfaces/srv/_get_velocity_s.c
[41.885s] -- Installing: /home/rhobtor/PHD/test_j8_hayat/J8/install/argj801_ctl_platform_interfaces/local/lib/python3.10/dist-packages/argj801_ctl_platform_interfaces/libargj801_ctl_platform_interfaces__rosidl_generator_py.so
[41.885s] -- Installing: /home/rhobtor/PHD/test_j8_hayat/J8/install/argj801_ctl_platform_interfaces/local/lib/python3.10/dist-packages/argj801_ctl_platform_interfaces/_argj801_ctl_platform_interfaces_s.ep.rosidl_typesupport_introspection_c.c
[41.888s] -- Installing: /home/rhobtor/PHD/test_j8_hayat/J8/install/argj801_ctl_platform_interfaces/local/lib/python3.10/dist-packages/argj801_ctl_platform_interfaces/argj801_ctl_platform_interfaces_s__rosidl_typesupport_c.cpython-310-x86_64-linux-gnu.so
[41.888s] -- Installing: /home/rhobtor/PHD/test_j8_hayat/J8/install/argj801_ctl_platform_interfaces/local/lib/python3.10/dist-packages/argj801_ctl_platform_interfaces/argj801_ctl_platform_interfaces_s__rosidl_typesupport_introspection_c.cpython-310-x86_64-linux-gnu.so
[41.889s] -- Installing: /home/rhobtor/PHD/test_j8_hayat/J8/install/argj801_ctl_platform_interfaces/local/lib/python3.10/dist-packages/argj801_ctl_platform_interfaces/__init__.py
[41.889s] -- Installing: /home/rhobtor/PHD/test_j8_hayat/J8/install/argj801_ctl_platform_interfaces/local/lib/python3.10/dist-packages/argj801_ctl_platform_interfaces/argj801_ctl_platform_interfaces_s__rosidl_typesupport_fastrtps_c.cpython-310-x86_64-linux-gnu.so
[41.889s] -- Installing: /home/rhobtor/PHD/test_j8_hayat/J8/install/argj801_ctl_platform_interfaces/local/lib/python3.10/dist-packages/argj801_ctl_platform_interfaces/_argj801_ctl_platform_interfaces_s.ep.rosidl_typesupport_c.c
[41.889s] -- Installing: /home/rhobtor/PHD/test_j8_hayat/J8/install/argj801_ctl_platform_interfaces/local/lib/python3.10/dist-packages/argj801_ctl_platform_interfaces/msg
[41.889s] -- Installing: /home/rhobtor/PHD/test_j8_hayat/J8/install/argj801_ctl_platform_interfaces/local/lib/python3.10/dist-packages/argj801_ctl_platform_interfaces/msg/_cmd_throttle_msg.py
[41.889s] -- Installing: /home/rhobtor/PHD/test_j8_hayat/J8/install/argj801_ctl_platform_interfaces/local/lib/python3.10/dist-packages/argj801_ctl_platform_interfaces/msg/_kinematic_debug_msg_s.c
[41.889s] -- Installing: /home/rhobtor/PHD/test_j8_hayat/J8/install/argj801_ctl_platform_interfaces/local/lib/python3.10/dist-packages/argj801_ctl_platform_interfaces/msg/__init__.py
[41.890s] -- Installing: /home/rhobtor/PHD/test_j8_hayat/J8/install/argj801_ctl_platform_interfaces/local/lib/python3.10/dist-packages/argj801_ctl_platform_interfaces/msg/_kinematic_debug_msg.py
[41.890s] -- Installing: /home/rhobtor/PHD/test_j8_hayat/J8/install/argj801_ctl_platform_interfaces/local/lib/python3.10/dist-packages/argj801_ctl_platform_interfaces/msg/_cmd_throttle_msg_s.c
[42.111s] Listing '/home/rhobtor/PHD/test_j8_hayat/J8/install/argj801_ctl_platform_interfaces/local/lib/python3.10/dist-packages/argj801_ctl_platform_interfaces'...
[42.112s] Compiling '/home/rhobtor/PHD/test_j8_hayat/J8/install/argj801_ctl_platform_interfaces/local/lib/python3.10/dist-packages/argj801_ctl_platform_interfaces/__init__.py'...
[42.112s] Listing '/home/rhobtor/PHD/test_j8_hayat/J8/install/argj801_ctl_platform_interfaces/local/lib/python3.10/dist-packages/argj801_ctl_platform_interfaces/msg'...
[42.112s] Compiling '/home/rhobtor/PHD/test_j8_hayat/J8/install/argj801_ctl_platform_interfaces/local/lib/python3.10/dist-packages/argj801_ctl_platform_interfaces/msg/__init__.py'...
[42.112s] Compiling '/home/rhobtor/PHD/test_j8_hayat/J8/install/argj801_ctl_platform_interfaces/local/lib/python3.10/dist-packages/argj801_ctl_platform_interfaces/msg/_cmd_throttle_msg.py'...
[42.112s] Compiling '/home/rhobtor/PHD/test_j8_hayat/J8/install/argj801_ctl_platform_interfaces/local/lib/python3.10/dist-packages/argj801_ctl_platform_interfaces/msg/_kinematic_debug_msg.py'...
[42.112s] Listing '/home/rhobtor/PHD/test_j8_hayat/J8/install/argj801_ctl_platform_interfaces/local/lib/python3.10/dist-packages/argj801_ctl_platform_interfaces/srv'...
[42.112s] Compiling '/home/rhobtor/PHD/test_j8_hayat/J8/install/argj801_ctl_platform_interfaces/local/lib/python3.10/dist-packages/argj801_ctl_platform_interfaces/srv/__init__.py'...
[42.113s] Compiling '/home/rhobtor/PHD/test_j8_hayat/J8/install/argj801_ctl_platform_interfaces/local/lib/python3.10/dist-packages/argj801_ctl_platform_interfaces/srv/_emergency_stop.py'...
[42.113s] Compiling '/home/rhobtor/PHD/test_j8_hayat/J8/install/argj801_ctl_platform_interfaces/local/lib/python3.10/dist-packages/argj801_ctl_platform_interfaces/srv/_get_velocity.py'...
[42.113s] Compiling '/home/rhobtor/PHD/test_j8_hayat/J8/install/argj801_ctl_platform_interfaces/local/lib/python3.10/dist-packages/argj801_ctl_platform_interfaces/srv/_set_velocity.py'...
[42.138s] -- Installing: /home/rhobtor/PHD/test_j8_hayat/J8/install/argj801_ctl_platform_interfaces/local/lib/python3.10/dist-packages/argj801_ctl_platform_interfaces/argj801_ctl_platform_interfaces_s__rosidl_typesupport_fastrtps_c.cpython-310-x86_64-linux-gnu.so
[42.140s] -- Set non-toolchain portion of runtime path of "/home/rhobtor/PHD/test_j8_hayat/J8/install/argj801_ctl_platform_interfaces/local/lib/python3.10/dist-packages/argj801_ctl_platform_interfaces/argj801_ctl_platform_interfaces_s__rosidl_typesupport_fastrtps_c.cpython-310-x86_64-linux-gnu.so" to ""
[42.141s] -- Installing: /home/rhobtor/PHD/test_j8_hayat/J8/install/argj801_ctl_platform_interfaces/local/lib/python3.10/dist-packages/argj801_ctl_platform_interfaces/argj801_ctl_platform_interfaces_s__rosidl_typesupport_introspection_c.cpython-310-x86_64-linux-gnu.so
[42.144s] -- Set non-toolchain portion of runtime path of "/home/rhobtor/PHD/test_j8_hayat/J8/install/argj801_ctl_platform_interfaces/local/lib/python3.10/dist-packages/argj801_ctl_platform_interfaces/argj801_ctl_platform_interfaces_s__rosidl_typesupport_introspection_c.cpython-310-x86_64-linux-gnu.so" to ""
[42.145s] -- Installing: /home/rhobtor/PHD/test_j8_hayat/J8/install/argj801_ctl_platform_interfaces/local/lib/python3.10/dist-packages/argj801_ctl_platform_interfaces/argj801_ctl_platform_interfaces_s__rosidl_typesupport_c.cpython-310-x86_64-linux-gnu.so
[42.147s] -- Set non-toolchain portion of runtime path of "/home/rhobtor/PHD/test_j8_hayat/J8/install/argj801_ctl_platform_interfaces/local/lib/python3.10/dist-packages/argj801_ctl_platform_interfaces/argj801_ctl_platform_interfaces_s__rosidl_typesupport_c.cpython-310-x86_64-linux-gnu.so" to ""
[42.152s] -- Installing: /home/rhobtor/PHD/test_j8_hayat/J8/install/argj801_ctl_platform_interfaces/lib/libargj801_ctl_platform_interfaces__rosidl_generator_py.so
[42.153s] -- Set non-toolchain portion of runtime path of "/home/rhobtor/PHD/test_j8_hayat/J8/install/argj801_ctl_platform_interfaces/lib/libargj801_ctl_platform_interfaces__rosidl_generator_py.so" to ""
[42.153s] -- Installing: /home/rhobtor/PHD/test_j8_hayat/J8/install/argj801_ctl_platform_interfaces/share/ament_index/resource_index/rust_packages/argj801_ctl_platform_interfaces
[42.154s] -- Installing: /home/rhobtor/PHD/test_j8_hayat/J8/install/argj801_ctl_platform_interfaces/share/argj801_ctl_platform_interfaces/rust
[42.155s] -- Installing: /home/rhobtor/PHD/test_j8_hayat/J8/install/argj801_ctl_platform_interfaces/share/argj801_ctl_platform_interfaces/rust/src
[42.157s] -- Installing: /home/rhobtor/PHD/test_j8_hayat/J8/install/argj801_ctl_platform_interfaces/share/argj801_ctl_platform_interfaces/rust/src/lib.rs
[42.158s] -- Installing: /home/rhobtor/PHD/test_j8_hayat/J8/install/argj801_ctl_platform_interfaces/share/argj801_ctl_platform_interfaces/rust/src/srv
[42.159s] -- Installing: /home/rhobtor/PHD/test_j8_hayat/J8/install/argj801_ctl_platform_interfaces/share/argj801_ctl_platform_interfaces/rust/src/srv/rmw.rs
[42.159s] -- Installing: /home/rhobtor/PHD/test_j8_hayat/J8/install/argj801_ctl_platform_interfaces/share/argj801_ctl_platform_interfaces/rust/src/srv.rs
[42.161s] -- Installing: /home/rhobtor/PHD/test_j8_hayat/J8/install/argj801_ctl_platform_interfaces/share/argj801_ctl_platform_interfaces/rust/src/msg.rs
[42.161s] -- Installing: /home/rhobtor/PHD/test_j8_hayat/J8/install/argj801_ctl_platform_interfaces/share/argj801_ctl_platform_interfaces/rust/src/msg
[42.162s] -- Installing: /home/rhobtor/PHD/test_j8_hayat/J8/install/argj801_ctl_platform_interfaces/share/argj801_ctl_platform_interfaces/rust/src/msg/rmw.rs
[42.163s] -- Installing: /home/rhobtor/PHD/test_j8_hayat/J8/install/argj801_ctl_platform_interfaces/share/argj801_ctl_platform_interfaces/rust/Cargo.toml
[42.165s] -- Installing: /home/rhobtor/PHD/test_j8_hayat/J8/install/argj801_ctl_platform_interfaces/share/argj801_ctl_platform_interfaces/rust/build.rs
[42.165s] -- Installing: /home/rhobtor/PHD/test_j8_hayat/J8/install/argj801_ctl_platform_interfaces/share/argj801_ctl_platform_interfaces/srv/SetVelocity.idl
[42.167s] -- Installing: /home/rhobtor/PHD/test_j8_hayat/J8/install/argj801_ctl_platform_interfaces/share/argj801_ctl_platform_interfaces/srv/GetVelocity.idl
[42.167s] -- Installing: /home/rhobtor/PHD/test_j8_hayat/J8/install/argj801_ctl_platform_interfaces/share/argj801_ctl_platform_interfaces/srv/EmergencyStop.idl
[42.169s] -- Installing: /home/rhobtor/PHD/test_j8_hayat/J8/install/argj801_ctl_platform_interfaces/share/argj801_ctl_platform_interfaces/msg/CmdThrottleMsg.idl
[42.170s] -- Installing: /home/rhobtor/PHD/test_j8_hayat/J8/install/argj801_ctl_platform_interfaces/share/argj801_ctl_platform_interfaces/msg/KinematicDebugMsg.idl
[42.171s] -- Installing: /home/rhobtor/PHD/test_j8_hayat/J8/install/argj801_ctl_platform_interfaces/share/argj801_ctl_platform_interfaces/srv/SetVelocity.srv
[42.174s] -- Installing: /home/rhobtor/PHD/test_j8_hayat/J8/install/argj801_ctl_platform_interfaces/share/argj801_ctl_platform_interfaces/srv/SetVelocity_Request.msg
[42.174s] -- Installing: /home/rhobtor/PHD/test_j8_hayat/J8/install/argj801_ctl_platform_interfaces/share/argj801_ctl_platform_interfaces/srv/SetVelocity_Response.msg
[42.176s] -- Installing: /home/rhobtor/PHD/test_j8_hayat/J8/install/argj801_ctl_platform_interfaces/share/argj801_ctl_platform_interfaces/srv/GetVelocity.srv
[42.177s] -- Installing: /home/rhobtor/PHD/test_j8_hayat/J8/install/argj801_ctl_platform_interfaces/share/argj801_ctl_platform_interfaces/srv/GetVelocity_Request.msg
[42.178s] -- Installing: /home/rhobtor/PHD/test_j8_hayat/J8/install/argj801_ctl_platform_interfaces/share/argj801_ctl_platform_interfaces/srv/GetVelocity_Response.msg
[42.179s] -- Installing: /home/rhobtor/PHD/test_j8_hayat/J8/install/argj801_ctl_platform_interfaces/share/argj801_ctl_platform_interfaces/srv/EmergencyStop.srv
[42.180s] -- Installing: /home/rhobtor/PHD/test_j8_hayat/J8/install/argj801_ctl_platform_interfaces/share/argj801_ctl_platform_interfaces/srv/EmergencyStop_Request.msg
[42.181s] -- Installing: /home/rhobtor/PHD/test_j8_hayat/J8/install/argj801_ctl_platform_interfaces/share/argj801_ctl_platform_interfaces/srv/EmergencyStop_Response.msg
[42.185s] -- Installing: /home/rhobtor/PHD/test_j8_hayat/J8/install/argj801_ctl_platform_interfaces/share/argj801_ctl_platform_interfaces/msg/CmdThrottleMsg.msg
[42.186s] -- Installing: /home/rhobtor/PHD/test_j8_hayat/J8/install/argj801_ctl_platform_interfaces/share/argj801_ctl_platform_interfaces/msg/KinematicDebugMsg.msg
[42.187s] -- Installing: /home/rhobtor/PHD/test_j8_hayat/J8/install/argj801_ctl_platform_interfaces/share/ament_index/resource_index/package_run_dependencies/argj801_ctl_platform_interfaces
[42.188s] -- Installing: /home/rhobtor/PHD/test_j8_hayat/J8/install/argj801_ctl_platform_interfaces/share/ament_index/resource_index/parent_prefix_path/argj801_ctl_platform_interfaces
[42.190s] -- Installing: /home/rhobtor/PHD/test_j8_hayat/J8/install/argj801_ctl_platform_interfaces/share/argj801_ctl_platform_interfaces/environment/ament_prefix_path.sh
[42.191s] -- Installing: /home/rhobtor/PHD/test_j8_hayat/J8/install/argj801_ctl_platform_interfaces/share/argj801_ctl_platform_interfaces/environment/ament_prefix_path.dsv
[42.192s] -- Installing: /home/rhobtor/PHD/test_j8_hayat/J8/install/argj801_ctl_platform_interfaces/share/argj801_ctl_platform_interfaces/environment/path.sh
[42.194s] -- Installing: /home/rhobtor/PHD/test_j8_hayat/J8/install/argj801_ctl_platform_interfaces/share/argj801_ctl_platform_interfaces/environment/path.dsv
[42.196s] -- Installing: /home/rhobtor/PHD/test_j8_hayat/J8/install/argj801_ctl_platform_interfaces/share/argj801_ctl_platform_interfaces/local_setup.bash
[42.196s] -- Installing: /home/rhobtor/PHD/test_j8_hayat/J8/install/argj801_ctl_platform_interfaces/share/argj801_ctl_platform_interfaces/local_setup.sh
[42.197s] -- Installing: /home/rhobtor/PHD/test_j8_hayat/J8/install/argj801_ctl_platform_interfaces/share/argj801_ctl_platform_interfaces/local_setup.zsh
[42.199s] -- Installing: /home/rhobtor/PHD/test_j8_hayat/J8/install/argj801_ctl_platform_interfaces/share/argj801_ctl_platform_interfaces/local_setup.dsv
[42.199s] -- Installing: /home/rhobtor/PHD/test_j8_hayat/J8/install/argj801_ctl_platform_interfaces/share/argj801_ctl_platform_interfaces/package.dsv
[42.203s] -- Installing: /home/rhobtor/PHD/test_j8_hayat/J8/install/argj801_ctl_platform_interfaces/share/ament_index/resource_index/packages/argj801_ctl_platform_interfaces
[42.206s] -- Installing: /home/rhobtor/PHD/test_j8_hayat/J8/install/argj801_ctl_platform_interfaces/share/argj801_ctl_platform_interfaces/cmake/export_argj801_ctl_platform_interfaces__rosidl_generator_cExport.cmake
[42.207s] -- Installing: /home/rhobtor/PHD/test_j8_hayat/J8/install/argj801_ctl_platform_interfaces/share/argj801_ctl_platform_interfaces/cmake/export_argj801_ctl_platform_interfaces__rosidl_generator_cExport-noconfig.cmake
[42.207s] -- Installing: /home/rhobtor/PHD/test_j8_hayat/J8/install/argj801_ctl_platform_interfaces/share/argj801_ctl_platform_interfaces/cmake/export_argj801_ctl_platform_interfaces__rosidl_typesupport_fastrtps_cExport.cmake
[42.209s] -- Installing: /home/rhobtor/PHD/test_j8_hayat/J8/install/argj801_ctl_platform_interfaces/share/argj801_ctl_platform_interfaces/cmake/export_argj801_ctl_platform_interfaces__rosidl_typesupport_fastrtps_cExport-noconfig.cmake
[42.210s] -- Installing: /home/rhobtor/PHD/test_j8_hayat/J8/install/argj801_ctl_platform_interfaces/share/argj801_ctl_platform_interfaces/cmake/argj801_ctl_platform_interfaces__rosidl_typesupport_introspection_cExport.cmake
[42.211s] -- Installing: /home/rhobtor/PHD/test_j8_hayat/J8/install/argj801_ctl_platform_interfaces/share/argj801_ctl_platform_interfaces/cmake/argj801_ctl_platform_interfaces__rosidl_typesupport_introspection_cExport-noconfig.cmake
[42.213s] -- Installing: /home/rhobtor/PHD/test_j8_hayat/J8/install/argj801_ctl_platform_interfaces/share/argj801_ctl_platform_interfaces/cmake/argj801_ctl_platform_interfaces__rosidl_typesupport_cExport.cmake
[42.213s] -- Installing: /home/rhobtor/PHD/test_j8_hayat/J8/install/argj801_ctl_platform_interfaces/share/argj801_ctl_platform_interfaces/cmake/argj801_ctl_platform_interfaces__rosidl_typesupport_cExport-noconfig.cmake
[42.216s] -- Installing: /home/rhobtor/PHD/test_j8_hayat/J8/install/argj801_ctl_platform_interfaces/share/argj801_ctl_platform_interfaces/cmake/export_argj801_ctl_platform_interfaces__rosidl_generator_cppExport.cmake
[42.217s] -- Installing: /home/rhobtor/PHD/test_j8_hayat/J8/install/argj801_ctl_platform_interfaces/share/argj801_ctl_platform_interfaces/cmake/export_argj801_ctl_platform_interfaces__rosidl_typesupport_fastrtps_cppExport.cmake
[42.217s] -- Installing: /home/rhobtor/PHD/test_j8_hayat/J8/install/argj801_ctl_platform_interfaces/share/argj801_ctl_platform_interfaces/cmake/export_argj801_ctl_platform_interfaces__rosidl_typesupport_fastrtps_cppExport-noconfig.cmake
[42.219s] -- Installing: /home/rhobtor/PHD/test_j8_hayat/J8/install/argj801_ctl_platform_interfaces/share/argj801_ctl_platform_interfaces/cmake/argj801_ctl_platform_interfaces__rosidl_typesupport_introspection_cppExport.cmake
[42.221s] -- Installing: /home/rhobtor/PHD/test_j8_hayat/J8/install/argj801_ctl_platform_interfaces/share/argj801_ctl_platform_interfaces/cmake/argj801_ctl_platform_interfaces__rosidl_typesupport_introspection_cppExport-noconfig.cmake
[42.222s] -- Installing: /home/rhobtor/PHD/test_j8_hayat/J8/install/argj801_ctl_platform_interfaces/share/argj801_ctl_platform_interfaces/cmake/argj801_ctl_platform_interfaces__rosidl_typesupport_cppExport.cmake
[42.223s] -- Installing: /home/rhobtor/PHD/test_j8_hayat/J8/install/argj801_ctl_platform_interfaces/share/argj801_ctl_platform_interfaces/cmake/argj801_ctl_platform_interfaces__rosidl_typesupport_cppExport-noconfig.cmake
[42.224s] -- Installing: /home/rhobtor/PHD/test_j8_hayat/J8/install/argj801_ctl_platform_interfaces/share/argj801_ctl_platform_interfaces/cmake/export_argj801_ctl_platform_interfaces__rosidl_generator_pyExport.cmake
[42.226s] -- Installing: /home/rhobtor/PHD/test_j8_hayat/J8/install/argj801_ctl_platform_interfaces/share/argj801_ctl_platform_interfaces/cmake/export_argj801_ctl_platform_interfaces__rosidl_generator_pyExport-noconfig.cmake
[42.227s] -- Installing: /home/rhobtor/PHD/test_j8_hayat/J8/install/argj801_ctl_platform_interfaces/share/argj801_ctl_platform_interfaces/cmake/rosidl_cmake-extras.cmake
[42.227s] -- Installing: /home/rhobtor/PHD/test_j8_hayat/J8/install/argj801_ctl_platform_interfaces/share/argj801_ctl_platform_interfaces/cmake/ament_cmake_export_include_directories-extras.cmake
[42.229s] -- Installing: /home/rhobtor/PHD/test_j8_hayat/J8/install/argj801_ctl_platform_interfaces/share/argj801_ctl_platform_interfaces/cmake/ament_cmake_export_libraries-extras.cmake
[42.230s] -- Installing: /home/rhobtor/PHD/test_j8_hayat/J8/install/argj801_ctl_platform_interfaces/share/argj801_ctl_platform_interfaces/cmake/ament_cmake_export_targets-extras.cmake
[42.231s] -- Installing: /home/rhobtor/PHD/test_j8_hayat/J8/install/argj801_ctl_platform_interfaces/share/argj801_ctl_platform_interfaces/cmake/rosidl_cmake_export_typesupport_targets-extras.cmake
[42.235s] -- Installing: /home/rhobtor/PHD/test_j8_hayat/J8/install/argj801_ctl_platform_interfaces/share/argj801_ctl_platform_interfaces/cmake/ament_cmake_export_dependencies-extras.cmake
[42.235s] -- Installing: /home/rhobtor/PHD/test_j8_hayat/J8/install/argj801_ctl_platform_interfaces/share/argj801_ctl_platform_interfaces/cmake/rosidl_cmake_export_typesupport_libraries-extras.cmake
[42.236s] -- Installing: /home/rhobtor/PHD/test_j8_hayat/J8/install/argj801_ctl_platform_interfaces/share/argj801_ctl_platform_interfaces/cmake/argj801_ctl_platform_interfacesConfig.cmake
[42.237s] -- Installing: /home/rhobtor/PHD/test_j8_hayat/J8/install/argj801_ctl_platform_interfaces/share/argj801_ctl_platform_interfaces/cmake/argj801_ctl_platform_interfacesConfig-version.cmake
[42.238s] -- Installing: /home/rhobtor/PHD/test_j8_hayat/J8/install/argj801_ctl_platform_interfaces/share/argj801_ctl_platform_interfaces/package.xml
[42.268s] Invoked command in '/home/rhobtor/PHD/test_j8_hayat/J8/build/argj801_ctl_platform_interfaces' returned '0': CMAKE_PREFIX_PATH=${CMAKE_PREFIX_PATH}:/home/rhobtor/PHD/ARGOJ8_IA/ARGOSJ8_IA_/install/ntrip_client:/home/rhobtor/PHD/ARGOJ8_IA/ARGOSJ8_IA_/install/j8_gui:/home/rhobtor/PHD/ARGOJ8_IA/ARGOSJ8_IA_/install/car:/home/rhobtor/PHD/ARGOJ8_IA/ARGOSJ8_IA_/install/android_ros2_server:/home/rhobtor/PHD/ARGOJ8_IA/ARGOSJ8_IA_/install/GUI_pkg:/opt/ros/humble /opt/st/stm32cubeclt_1.18.0/CMake/bin/cmake --install /home/rhobtor/PHD/test_j8_hayat/J8/build/argj801_ctl_platform_interfaces
