-- The C compiler identification is GNU 11.4.0
-- The CXX compiler identification is GNU 11.4.0
-- Detecting C compiler ABI info
-- Detecting C compiler ABI info - done
-- Check for working C compiler: /usr/bin/cc - skipped
-- Detecting C compile features
-- Detecting C compile features - done
-- Detecting CXX compiler ABI info
-- Detecting CXX compiler ABI info - done
-- Check for working CXX compiler: /usr/bin/c++ - skipped
-- Detecting CXX compile features
-- Detecting CXX compile features - done
-- Found ament_cmake: 1.3.14 (/opt/ros/humble/share/ament_cmake/cmake)
-- Found Python3: /usr/bin/python3 (found version "3.10.12") found components: Interpreter 
-- Found rosidl_default_generators: 1.2.1 (/opt/ros/humble/share/rosidl_default_generators/cmake)
-- Using all available rosidl_typesupport_c: rosidl_typesupport_fastrtps_c;rosidl_typesupport_introspection_c
-- Found rosidl_adapter: 3.1.8 (/opt/ros/humble/share/rosidl_adapter/cmake)
-- Using all available rosidl_typesupport_cpp: rosidl_typesupport_fastrtps_cpp;rosidl_typesupport_introspection_cpp
-- Found std_msgs: 4.9.1 (/opt/ros/humble/share/std_msgs/cmake)
-- Found nav_msgs: 4.9.1 (/opt/ros/humble/share/nav_msgs/cmake)
-- Found ament_cmake_ros: 0.10.0 (/opt/ros/humble/share/ament_cmake_ros/cmake)
-- Using all available rosidl_typesupport_c: rosidl_typesupport_fastrtps_c;rosidl_typesupport_introspection_c
-- Using all available rosidl_typesupport_cpp: rosidl_typesupport_fastrtps_cpp;rosidl_typesupport_introspection_cpp
-- Found PythonInterp: /usr/bin/python3 (found suitable version "3.10.12", minimum required is "3.6") 
-- Found python_cmake_module: 0.10.0 (/opt/ros/humble/share/python_cmake_module/cmake)
-- Found PythonLibs: /usr/lib/x86_64-linux-gnu/libpython3.10.so (found suitable version "3.10.12", minimum required is "3.5") 
-- Using PYTHON_EXECUTABLE: /usr/bin/python3
-- Using PYTHON_INCLUDE_DIRS: /usr/include/python3.10
-- Using PYTHON_LIBRARIES: /usr/lib/x86_64-linux-gnu/libpython3.10.so
-- Found PythonExtra: .so  
-- Configuring done (10.8s)
-- Generating done (0.6s)
-- Build files have been written to: /home/rhobtor/PHD/test_j8_hayat/J8/build/ctl_mission_interfaces
[  1%] [34m[1mGenerating C code for ROS interfaces[0m
[  2%] [34m[1mGenerating Rust code for ROS interfaces[0m
[  2%] [34m[1mGenerating C++ code for ROS interfaces[0m
[  2%] Built target ament_cmake_python_copy_ctl_mission_interfaces
running egg_info
creating ctl_mission_interfaces.egg-info
writing ctl_mission_interfaces.egg-info/PKG-INFO
writing dependency_links to ctl_mission_interfaces.egg-info/dependency_links.txt
writing top-level names to ctl_mission_interfaces.egg-info/top_level.txt
writing manifest file 'ctl_mission_interfaces.egg-info/SOURCES.txt'
[  2%] Built target ctl_mission_interfaces__rs
reading manifest file 'ctl_mission_interfaces.egg-info/SOURCES.txt'
writing manifest file 'ctl_mission_interfaces.egg-info/SOURCES.txt'
[  2%] Built target ament_cmake_python_build_ctl_mission_interfaces_egg
[  3%] [32mBuilding C object CMakeFiles/ctl_mission_interfaces__rosidl_generator_c.dir/rosidl_generator_c/ctl_mission_interfaces/srv/detail/change_mode__functions.c.o[0m
[  4%] [32mBuilding C object CMakeFiles/ctl_mission_interfaces__rosidl_generator_c.dir/rosidl_generator_c/ctl_mission_interfaces/srv/detail/get_mode__functions.c.o[0m
[  5%] [32mBuilding C object CMakeFiles/ctl_mission_interfaces__rosidl_generator_c.dir/rosidl_generator_c/ctl_mission_interfaces/srv/detail/change_speed__functions.c.o[0m
[  6%] [32mBuilding C object CMakeFiles/ctl_mission_interfaces__rosidl_generator_c.dir/rosidl_generator_c/ctl_mission_interfaces/srv/detail/get_possible_transitions__functions.c.o[0m
[  7%] [32mBuilding C object CMakeFiles/ctl_mission_interfaces__rosidl_generator_c.dir/rosidl_generator_c/ctl_mission_interfaces/srv/detail/config_simple_ctl__functions.c.o[0m
[  8%] [32mBuilding C object CMakeFiles/ctl_mission_interfaces__rosidl_generator_c.dir/rosidl_generator_c/ctl_mission_interfaces/srv/detail/change_controller__functions.c.o[0m
[  9%] [32mBuilding C object CMakeFiles/ctl_mission_interfaces__rosidl_generator_c.dir/rosidl_generator_c/ctl_mission_interfaces/srv/detail/config_stanley_ctrl__functions.c.o[0m
[  9%] [32mBuilding C object CMakeFiles/ctl_mission_interfaces__rosidl_generator_c.dir/rosidl_generator_c/ctl_mission_interfaces/srv/detail/config_pure_pursuit_ctrl__functions.c.o[0m
[ 10%] [32mBuilding C object CMakeFiles/ctl_mission_interfaces__rosidl_generator_c.dir/rosidl_generator_c/ctl_mission_interfaces/srv/detail/config_regulated_pure_ctrl__functions.c.o[0m
[ 11%] [32mBuilding C object CMakeFiles/ctl_mission_interfaces__rosidl_generator_c.dir/rosidl_generator_c/ctl_mission_interfaces/srv/detail/config_dynamic_la_pure_ctrl__functions.c.o[0m
[ 12%] [32mBuilding C object CMakeFiles/ctl_mission_interfaces__rosidl_generator_c.dir/rosidl_generator_c/ctl_mission_interfaces/srv/detail/config_dynamic_pure_ctrl__functions.c.o[0m
[ 13%] [32m[1mLinking C shared library libctl_mission_interfaces__rosidl_generator_c.so[0m
[ 13%] Built target ctl_mission_interfaces__cpp
[ 14%] [34m[1mGenerating C++ introspection for ROS interfaces[0m
[ 15%] [34m[1mGenerating C++ type support for eProsima Fast-RTPS[0m
[ 16%] [34m[1mGenerating C++ type support dispatch for ROS interfaces[0m
[ 16%] Built target ctl_mission_interfaces__rosidl_generator_c
[ 17%] [34m[1mGenerating C introspection for ROS interfaces[0m
[ 18%] [34m[1mGenerating C type support for eProsima Fast-RTPS[0m
[ 19%] [34m[1mGenerating C type support dispatch for ROS interfaces[0m
[ 19%] [32mBuilding CXX object CMakeFiles/ctl_mission_interfaces__rosidl_typesupport_c.dir/rosidl_typesupport_c/ctl_mission_interfaces/srv/change_mode__type_support.cpp.o[0m
[ 20%] [32mBuilding CXX object CMakeFiles/ctl_mission_interfaces__rosidl_typesupport_c.dir/rosidl_typesupport_c/ctl_mission_interfaces/srv/config_regulated_pure_ctrl__type_support.cpp.o[0m
[ 20%] [32mBuilding CXX object CMakeFiles/ctl_mission_interfaces__rosidl_typesupport_c.dir/rosidl_typesupport_c/ctl_mission_interfaces/srv/config_dynamic_la_pure_ctrl__type_support.cpp.o[0m
[ 21%] [32mBuilding CXX object CMakeFiles/ctl_mission_interfaces__rosidl_typesupport_cpp.dir/rosidl_typesupport_cpp/ctl_mission_interfaces/srv/change_mode__type_support.cpp.o[0m
[ 22%] [32mBuilding CXX object CMakeFiles/ctl_mission_interfaces__rosidl_typesupport_c.dir/rosidl_typesupport_c/ctl_mission_interfaces/srv/config_dynamic_pure_ctrl__type_support.cpp.o[0m
[ 23%] [32mBuilding CXX object CMakeFiles/ctl_mission_interfaces__rosidl_typesupport_c.dir/rosidl_typesupport_c/ctl_mission_interfaces/srv/config_stanley_ctrl__type_support.cpp.o[0m
[ 24%] [32mBuilding CXX object CMakeFiles/ctl_mission_interfaces__rosidl_typesupport_c.dir/rosidl_typesupport_c/ctl_mission_interfaces/srv/config_pure_pursuit_ctrl__type_support.cpp.o[0m
[ 25%] [32mBuilding CXX object CMakeFiles/ctl_mission_interfaces__rosidl_typesupport_c.dir/rosidl_typesupport_c/ctl_mission_interfaces/srv/change_controller__type_support.cpp.o[0m
[ 26%] [32mBuilding CXX object CMakeFiles/ctl_mission_interfaces__rosidl_typesupport_c.dir/rosidl_typesupport_c/ctl_mission_interfaces/srv/get_possible_transitions__type_support.cpp.o[0m
[ 27%] [32mBuilding CXX object CMakeFiles/ctl_mission_interfaces__rosidl_typesupport_c.dir/rosidl_typesupport_c/ctl_mission_interfaces/srv/config_simple_ctl__type_support.cpp.o[0m
[ 28%] [32mBuilding CXX object CMakeFiles/ctl_mission_interfaces__rosidl_typesupport_c.dir/rosidl_typesupport_c/ctl_mission_interfaces/srv/change_speed__type_support.cpp.o[0m
[ 29%] [32mBuilding CXX object CMakeFiles/ctl_mission_interfaces__rosidl_typesupport_c.dir/rosidl_typesupport_c/ctl_mission_interfaces/srv/get_mode__type_support.cpp.o[0m
[ 30%] [32mBuilding CXX object CMakeFiles/ctl_mission_interfaces__rosidl_typesupport_cpp.dir/rosidl_typesupport_cpp/ctl_mission_interfaces/srv/config_regulated_pure_ctrl__type_support.cpp.o[0m
[ 31%] [32mBuilding CXX object CMakeFiles/ctl_mission_interfaces__rosidl_typesupport_introspection_cpp.dir/rosidl_typesupport_introspection_cpp/ctl_mission_interfaces/srv/detail/change_mode__type_support.cpp.o[0m
[ 32%] [32m[1mLinking CXX shared library libctl_mission_interfaces__rosidl_typesupport_c.so[0m
[ 32%] [32mBuilding CXX object CMakeFiles/ctl_mission_interfaces__rosidl_typesupport_fastrtps_c.dir/rosidl_typesupport_fastrtps_c/ctl_mission_interfaces/srv/detail/change_mode__type_support_c.cpp.o[0m
[ 32%] Built target ctl_mission_interfaces__rosidl_typesupport_c
[ 32%] [32mBuilding C object CMakeFiles/ctl_mission_interfaces__rosidl_typesupport_introspection_c.dir/rosidl_typesupport_introspection_c/ctl_mission_interfaces/srv/detail/change_mode__type_support.c.o[0m
[ 33%] [32mBuilding C object CMakeFiles/ctl_mission_interfaces__rosidl_typesupport_introspection_c.dir/rosidl_typesupport_introspection_c/ctl_mission_interfaces/srv/detail/get_mode__type_support.c.o[0m
[ 34%] [32mBuilding C object CMakeFiles/ctl_mission_interfaces__rosidl_typesupport_introspection_c.dir/rosidl_typesupport_introspection_c/ctl_mission_interfaces/srv/detail/change_speed__type_support.c.o[0m
[ 35%] [32mBuilding C object CMakeFiles/ctl_mission_interfaces__rosidl_typesupport_introspection_c.dir/rosidl_typesupport_introspection_c/ctl_mission_interfaces/srv/detail/config_simple_ctl__type_support.c.o[0m
[ 36%] [32mBuilding CXX object CMakeFiles/ctl_mission_interfaces__rosidl_typesupport_introspection_cpp.dir/rosidl_typesupport_introspection_cpp/ctl_mission_interfaces/srv/detail/get_mode__type_support.cpp.o[0m
[ 37%] [32mBuilding CXX object CMakeFiles/ctl_mission_interfaces__rosidl_typesupport_cpp.dir/rosidl_typesupport_cpp/ctl_mission_interfaces/srv/config_dynamic_la_pure_ctrl__type_support.cpp.o[0m
[ 38%] [32mBuilding C object CMakeFiles/ctl_mission_interfaces__rosidl_typesupport_introspection_c.dir/rosidl_typesupport_introspection_c/ctl_mission_interfaces/srv/detail/get_possible_transitions__type_support.c.o[0m
[ 39%] [32mBuilding C object CMakeFiles/ctl_mission_interfaces__rosidl_typesupport_introspection_c.dir/rosidl_typesupport_introspection_c/ctl_mission_interfaces/srv/detail/change_controller__type_support.c.o[0m
[ 40%] [32mBuilding CXX object CMakeFiles/ctl_mission_interfaces__rosidl_typesupport_fastrtps_cpp.dir/rosidl_typesupport_fastrtps_cpp/ctl_mission_interfaces/srv/detail/dds_fastrtps/change_mode__type_support.cpp.o[0m
[ 41%] [32mBuilding C object CMakeFiles/ctl_mission_interfaces__rosidl_typesupport_introspection_c.dir/rosidl_typesupport_introspection_c/ctl_mission_interfaces/srv/detail/config_pure_pursuit_ctrl__type_support.c.o[0m
[ 42%] [32mBuilding C object CMakeFiles/ctl_mission_interfaces__rosidl_typesupport_introspection_c.dir/rosidl_typesupport_introspection_c/ctl_mission_interfaces/srv/detail/config_stanley_ctrl__type_support.c.o[0m
[ 43%] [32mBuilding C object CMakeFiles/ctl_mission_interfaces__rosidl_typesupport_introspection_c.dir/rosidl_typesupport_introspection_c/ctl_mission_interfaces/srv/detail/config_dynamic_pure_ctrl__type_support.c.o[0m
[ 43%] [32mBuilding C object CMakeFiles/ctl_mission_interfaces__rosidl_typesupport_introspection_c.dir/rosidl_typesupport_introspection_c/ctl_mission_interfaces/srv/detail/config_dynamic_la_pure_ctrl__type_support.c.o[0m
[ 44%] [32mBuilding C object CMakeFiles/ctl_mission_interfaces__rosidl_typesupport_introspection_c.dir/rosidl_typesupport_introspection_c/ctl_mission_interfaces/srv/detail/config_regulated_pure_ctrl__type_support.c.o[0m
[ 45%] [32mBuilding CXX object CMakeFiles/ctl_mission_interfaces__rosidl_typesupport_fastrtps_c.dir/rosidl_typesupport_fastrtps_c/ctl_mission_interfaces/srv/detail/change_speed__type_support_c.cpp.o[0m
[ 46%] [32m[1mLinking C shared library libctl_mission_interfaces__rosidl_typesupport_introspection_c.so[0m
[ 47%] [32mBuilding CXX object CMakeFiles/ctl_mission_interfaces__rosidl_typesupport_cpp.dir/rosidl_typesupport_cpp/ctl_mission_interfaces/srv/config_dynamic_pure_ctrl__type_support.cpp.o[0m
[ 47%] Built target ctl_mission_interfaces__rosidl_typesupport_introspection_c
[ 48%] [32mBuilding CXX object CMakeFiles/ctl_mission_interfaces__rosidl_typesupport_introspection_cpp.dir/rosidl_typesupport_introspection_cpp/ctl_mission_interfaces/srv/detail/change_controller__type_support.cpp.o[0m
[ 49%] [32mBuilding CXX object CMakeFiles/ctl_mission_interfaces__rosidl_typesupport_fastrtps_c.dir/rosidl_typesupport_fastrtps_c/ctl_mission_interfaces/srv/detail/get_mode__type_support_c.cpp.o[0m
[ 50%] [32mBuilding CXX object CMakeFiles/ctl_mission_interfaces__rosidl_typesupport_cpp.dir/rosidl_typesupport_cpp/ctl_mission_interfaces/srv/config_stanley_ctrl__type_support.cpp.o[0m
[ 51%] [32mBuilding CXX object CMakeFiles/ctl_mission_interfaces__rosidl_typesupport_fastrtps_cpp.dir/rosidl_typesupport_fastrtps_cpp/ctl_mission_interfaces/srv/detail/dds_fastrtps/change_speed__type_support.cpp.o[0m
[ 52%] [32mBuilding CXX object CMakeFiles/ctl_mission_interfaces__rosidl_typesupport_cpp.dir/rosidl_typesupport_cpp/ctl_mission_interfaces/srv/config_pure_pursuit_ctrl__type_support.cpp.o[0m
[ 53%] [32mBuilding CXX object CMakeFiles/ctl_mission_interfaces__rosidl_typesupport_introspection_cpp.dir/rosidl_typesupport_introspection_cpp/ctl_mission_interfaces/srv/detail/config_pure_pursuit_ctrl__type_support.cpp.o[0m
[ 54%] [32mBuilding CXX object CMakeFiles/ctl_mission_interfaces__rosidl_typesupport_fastrtps_c.dir/rosidl_typesupport_fastrtps_c/ctl_mission_interfaces/srv/detail/get_possible_transitions__type_support_c.cpp.o[0m
[ 55%] [32mBuilding CXX object CMakeFiles/ctl_mission_interfaces__rosidl_typesupport_cpp.dir/rosidl_typesupport_cpp/ctl_mission_interfaces/srv/change_controller__type_support.cpp.o[0m
[ 56%] [32mBuilding CXX object CMakeFiles/ctl_mission_interfaces__rosidl_typesupport_fastrtps_cpp.dir/rosidl_typesupport_fastrtps_cpp/ctl_mission_interfaces/srv/detail/dds_fastrtps/get_possible_transitions__type_support.cpp.o[0m
[ 57%] [32mBuilding CXX object CMakeFiles/ctl_mission_interfaces__rosidl_typesupport_cpp.dir/rosidl_typesupport_cpp/ctl_mission_interfaces/srv/get_possible_transitions__type_support.cpp.o[0m
[ 58%] [32mBuilding CXX object CMakeFiles/ctl_mission_interfaces__rosidl_typesupport_fastrtps_c.dir/rosidl_typesupport_fastrtps_c/ctl_mission_interfaces/srv/detail/change_controller__type_support_c.cpp.o[0m
[ 59%] [32mBuilding CXX object CMakeFiles/ctl_mission_interfaces__rosidl_typesupport_introspection_cpp.dir/rosidl_typesupport_introspection_cpp/ctl_mission_interfaces/srv/detail/config_dynamic_la_pure_ctrl__type_support.cpp.o[0m
[ 60%] [32mBuilding CXX object CMakeFiles/ctl_mission_interfaces__rosidl_typesupport_fastrtps_cpp.dir/rosidl_typesupport_fastrtps_cpp/ctl_mission_interfaces/srv/detail/dds_fastrtps/change_controller__type_support.cpp.o[0m
[ 60%] [32mBuilding CXX object CMakeFiles/ctl_mission_interfaces__rosidl_typesupport_cpp.dir/rosidl_typesupport_cpp/ctl_mission_interfaces/srv/config_simple_ctl__type_support.cpp.o[0m
[ 61%] [32mBuilding CXX object CMakeFiles/ctl_mission_interfaces__rosidl_typesupport_fastrtps_c.dir/rosidl_typesupport_fastrtps_c/ctl_mission_interfaces/srv/detail/config_simple_ctl__type_support_c.cpp.o[0m
[ 62%] [32mBuilding CXX object CMakeFiles/ctl_mission_interfaces__rosidl_typesupport_introspection_cpp.dir/rosidl_typesupport_introspection_cpp/ctl_mission_interfaces/srv/detail/config_regulated_pure_ctrl__type_support.cpp.o[0m
[ 63%] [32mBuilding CXX object CMakeFiles/ctl_mission_interfaces__rosidl_typesupport_fastrtps_cpp.dir/rosidl_typesupport_fastrtps_cpp/ctl_mission_interfaces/srv/detail/dds_fastrtps/config_stanley_ctrl__type_support.cpp.o[0m
[ 64%] [32mBuilding CXX object CMakeFiles/ctl_mission_interfaces__rosidl_typesupport_cpp.dir/rosidl_typesupport_cpp/ctl_mission_interfaces/srv/change_speed__type_support.cpp.o[0m
[ 65%] [32mBuilding CXX object CMakeFiles/ctl_mission_interfaces__rosidl_typesupport_introspection_cpp.dir/rosidl_typesupport_introspection_cpp/ctl_mission_interfaces/srv/detail/config_dynamic_pure_ctrl__type_support.cpp.o[0m
[ 66%] [32mBuilding CXX object CMakeFiles/ctl_mission_interfaces__rosidl_typesupport_fastrtps_c.dir/rosidl_typesupport_fastrtps_c/ctl_mission_interfaces/srv/detail/config_dynamic_pure_ctrl__type_support_c.cpp.o[0m
[ 67%] [32mBuilding CXX object CMakeFiles/ctl_mission_interfaces__rosidl_typesupport_cpp.dir/rosidl_typesupport_cpp/ctl_mission_interfaces/srv/get_mode__type_support.cpp.o[0m
[ 68%] [32mBuilding CXX object CMakeFiles/ctl_mission_interfaces__rosidl_typesupport_fastrtps_cpp.dir/rosidl_typesupport_fastrtps_cpp/ctl_mission_interfaces/srv/detail/dds_fastrtps/config_dynamic_la_pure_ctrl__type_support.cpp.o[0m
[ 69%] [32mBuilding CXX object CMakeFiles/ctl_mission_interfaces__rosidl_typesupport_introspection_cpp.dir/rosidl_typesupport_introspection_cpp/ctl_mission_interfaces/srv/detail/config_stanley_ctrl__type_support.cpp.o[0m
[ 70%] [32m[1mLinking CXX shared library libctl_mission_interfaces__rosidl_typesupport_cpp.so[0m
[ 70%] Built target ctl_mission_interfaces__rosidl_typesupport_cpp
[ 71%] [32mBuilding CXX object CMakeFiles/ctl_mission_interfaces__rosidl_typesupport_fastrtps_c.dir/rosidl_typesupport_fastrtps_c/ctl_mission_interfaces/srv/detail/config_regulated_pure_ctrl__type_support_c.cpp.o[0m
[ 72%] [32mBuilding CXX object CMakeFiles/ctl_mission_interfaces__rosidl_typesupport_fastrtps_cpp.dir/rosidl_typesupport_fastrtps_cpp/ctl_mission_interfaces/srv/detail/dds_fastrtps/config_regulated_pure_ctrl__type_support.cpp.o[0m
[ 73%] [32mBuilding CXX object CMakeFiles/ctl_mission_interfaces__rosidl_typesupport_introspection_cpp.dir/rosidl_typesupport_introspection_cpp/ctl_mission_interfaces/srv/detail/get_possible_transitions__type_support.cpp.o[0m
[ 73%] [32mBuilding CXX object CMakeFiles/ctl_mission_interfaces__rosidl_typesupport_fastrtps_c.dir/rosidl_typesupport_fastrtps_c/ctl_mission_interfaces/srv/detail/config_dynamic_la_pure_ctrl__type_support_c.cpp.o[0m
[ 74%] [32mBuilding CXX object CMakeFiles/ctl_mission_interfaces__rosidl_typesupport_fastrtps_cpp.dir/rosidl_typesupport_fastrtps_cpp/ctl_mission_interfaces/srv/detail/dds_fastrtps/config_dynamic_pure_ctrl__type_support.cpp.o[0m
[ 74%] [32mBuilding CXX object CMakeFiles/ctl_mission_interfaces__rosidl_typesupport_introspection_cpp.dir/rosidl_typesupport_introspection_cpp/ctl_mission_interfaces/srv/detail/config_simple_ctl__type_support.cpp.o[0m
[ 75%] [32mBuilding CXX object CMakeFiles/ctl_mission_interfaces__rosidl_typesupport_fastrtps_c.dir/rosidl_typesupport_fastrtps_c/ctl_mission_interfaces/srv/detail/config_stanley_ctrl__type_support_c.cpp.o[0m
[ 76%] [32mBuilding CXX object CMakeFiles/ctl_mission_interfaces__rosidl_typesupport_fastrtps_cpp.dir/rosidl_typesupport_fastrtps_cpp/ctl_mission_interfaces/srv/detail/dds_fastrtps/config_pure_pursuit_ctrl__type_support.cpp.o[0m
[ 77%] [32mBuilding CXX object CMakeFiles/ctl_mission_interfaces__rosidl_typesupport_introspection_cpp.dir/rosidl_typesupport_introspection_cpp/ctl_mission_interfaces/srv/detail/change_speed__type_support.cpp.o[0m
[ 78%] [32mBuilding CXX object CMakeFiles/ctl_mission_interfaces__rosidl_typesupport_fastrtps_c.dir/rosidl_typesupport_fastrtps_c/ctl_mission_interfaces/srv/detail/config_pure_pursuit_ctrl__type_support_c.cpp.o[0m
[ 78%] [32mBuilding CXX object CMakeFiles/ctl_mission_interfaces__rosidl_typesupport_fastrtps_cpp.dir/rosidl_typesupport_fastrtps_cpp/ctl_mission_interfaces/srv/detail/dds_fastrtps/config_simple_ctl__type_support.cpp.o[0m
[ 79%] [32m[1mLinking CXX shared library libctl_mission_interfaces__rosidl_typesupport_fastrtps_c.so[0m
[ 80%] [32m[1mLinking CXX shared library libctl_mission_interfaces__rosidl_typesupport_introspection_cpp.so[0m
[ 80%] Built target ctl_mission_interfaces__rosidl_typesupport_fastrtps_c
[ 80%] Built target ctl_mission_interfaces__rosidl_typesupport_introspection_cpp
[ 81%] [32mBuilding CXX object CMakeFiles/ctl_mission_interfaces__rosidl_typesupport_fastrtps_cpp.dir/rosidl_typesupport_fastrtps_cpp/ctl_mission_interfaces/srv/detail/dds_fastrtps/get_mode__type_support.cpp.o[0m
[ 82%] [32m[1mLinking CXX shared library libctl_mission_interfaces__rosidl_typesupport_fastrtps_cpp.so[0m
[ 82%] Built target ctl_mission_interfaces__rosidl_typesupport_fastrtps_cpp
[ 82%] Built target ctl_mission_interfaces
[ 83%] [34m[1mGenerating Python code for ROS interfaces[0m
[ 83%] Built target ctl_mission_interfaces__py
[ 84%] [32mBuilding C object CMakeFiles/ctl_mission_interfaces__rosidl_generator_py.dir/rosidl_generator_py/ctl_mission_interfaces/srv/_change_mode_s.c.o[0m
[ 85%] [32mBuilding C object CMakeFiles/ctl_mission_interfaces__rosidl_generator_py.dir/rosidl_generator_py/ctl_mission_interfaces/srv/_config_regulated_pure_ctrl_s.c.o[0m
[ 86%] [32mBuilding C object CMakeFiles/ctl_mission_interfaces__rosidl_generator_py.dir/rosidl_generator_py/ctl_mission_interfaces/srv/_config_dynamic_la_pure_ctrl_s.c.o[0m
[ 87%] [32mBuilding C object CMakeFiles/ctl_mission_interfaces__rosidl_generator_py.dir/rosidl_generator_py/ctl_mission_interfaces/srv/_config_dynamic_pure_ctrl_s.c.o[0m
[ 88%] [32mBuilding C object CMakeFiles/ctl_mission_interfaces__rosidl_generator_py.dir/rosidl_generator_py/ctl_mission_interfaces/srv/_config_stanley_ctrl_s.c.o[0m
[ 89%] [32mBuilding C object CMakeFiles/ctl_mission_interfaces__rosidl_generator_py.dir/rosidl_generator_py/ctl_mission_interfaces/srv/_config_pure_pursuit_ctrl_s.c.o[0m
[ 90%] [32mBuilding C object CMakeFiles/ctl_mission_interfaces__rosidl_generator_py.dir/rosidl_generator_py/ctl_mission_interfaces/srv/_change_controller_s.c.o[0m
[ 91%] [32mBuilding C object CMakeFiles/ctl_mission_interfaces__rosidl_generator_py.dir/rosidl_generator_py/ctl_mission_interfaces/srv/_get_possible_transitions_s.c.o[0m
[ 91%] [32mBuilding C object CMakeFiles/ctl_mission_interfaces__rosidl_generator_py.dir/rosidl_generator_py/ctl_mission_interfaces/srv/_config_simple_ctl_s.c.o[0m
[ 92%] [32mBuilding C object CMakeFiles/ctl_mission_interfaces__rosidl_generator_py.dir/rosidl_generator_py/ctl_mission_interfaces/srv/_change_speed_s.c.o[0m
[ 93%] [32mBuilding C object CMakeFiles/ctl_mission_interfaces__rosidl_generator_py.dir/rosidl_generator_py/ctl_mission_interfaces/srv/_get_mode_s.c.o[0m
[ 94%] [32m[1mLinking C shared library rosidl_generator_py/ctl_mission_interfaces/libctl_mission_interfaces__rosidl_generator_py.so[0m
[ 94%] Built target ctl_mission_interfaces__rosidl_generator_py
[ 95%] [32mBuilding C object CMakeFiles/ctl_mission_interfaces__rosidl_typesupport_fastrtps_c__pyext.dir/rosidl_generator_py/ctl_mission_interfaces/_ctl_mission_interfaces_s.ep.rosidl_typesupport_fastrtps_c.c.o[0m
[ 96%] [32m[1mLinking C shared library rosidl_generator_py/ctl_mission_interfaces/ctl_mission_interfaces_s__rosidl_typesupport_fastrtps_c.cpython-310-x86_64-linux-gnu.so[0m
[ 96%] Built target ctl_mission_interfaces__rosidl_typesupport_fastrtps_c__pyext
[ 97%] [32mBuilding C object CMakeFiles/ctl_mission_interfaces__rosidl_typesupport_c__pyext.dir/rosidl_generator_py/ctl_mission_interfaces/_ctl_mission_interfaces_s.ep.rosidl_typesupport_c.c.o[0m
[ 98%] [32m[1mLinking C shared library rosidl_generator_py/ctl_mission_interfaces/ctl_mission_interfaces_s__rosidl_typesupport_c.cpython-310-x86_64-linux-gnu.so[0m
[ 98%] Built target ctl_mission_interfaces__rosidl_typesupport_c__pyext
[ 99%] [32mBuilding C object CMakeFiles/ctl_mission_interfaces__rosidl_typesupport_introspection_c__pyext.dir/rosidl_generator_py/ctl_mission_interfaces/_ctl_mission_interfaces_s.ep.rosidl_typesupport_introspection_c.c.o[0m
[100%] [32m[1mLinking C shared library rosidl_generator_py/ctl_mission_interfaces/ctl_mission_interfaces_s__rosidl_typesupport_introspection_c.cpython-310-x86_64-linux-gnu.so[0m
[100%] Built target ctl_mission_interfaces__rosidl_typesupport_introspection_c__pyext
-- Install configuration: ""
-- Installing: /home/rhobtor/PHD/test_j8_hayat/J8/install/ctl_mission_interfaces/share/ament_index/resource_index/rosidl_interfaces/ctl_mission_interfaces
-- Installing: /home/rhobtor/PHD/test_j8_hayat/J8/install/ctl_mission_interfaces/include/ctl_mission_interfaces/ctl_mission_interfaces
-- Installing: /home/rhobtor/PHD/test_j8_hayat/J8/install/ctl_mission_interfaces/include/ctl_mission_interfaces/ctl_mission_interfaces/srv
-- Installing: /home/rhobtor/PHD/test_j8_hayat/J8/install/ctl_mission_interfaces/include/ctl_mission_interfaces/ctl_mission_interfaces/srv/config_stanley_ctrl.h
-- Installing: /home/rhobtor/PHD/test_j8_hayat/J8/install/ctl_mission_interfaces/include/ctl_mission_interfaces/ctl_mission_interfaces/srv/change_speed.h
-- Installing: /home/rhobtor/PHD/test_j8_hayat/J8/install/ctl_mission_interfaces/include/ctl_mission_interfaces/ctl_mission_interfaces/srv/config_dynamic_pure_ctrl.h
-- Installing: /home/rhobtor/PHD/test_j8_hayat/J8/install/ctl_mission_interfaces/include/ctl_mission_interfaces/ctl_mission_interfaces/srv/change_controller.h
-- Installing: /home/rhobtor/PHD/test_j8_hayat/J8/install/ctl_mission_interfaces/include/ctl_mission_interfaces/ctl_mission_interfaces/srv/config_dynamic_la_pure_ctrl.h
-- Installing: /home/rhobtor/PHD/test_j8_hayat/J8/install/ctl_mission_interfaces/include/ctl_mission_interfaces/ctl_mission_interfaces/srv/detail
-- Installing: /home/rhobtor/PHD/test_j8_hayat/J8/install/ctl_mission_interfaces/include/ctl_mission_interfaces/ctl_mission_interfaces/srv/detail/change_mode__functions.c
-- Installing: /home/rhobtor/PHD/test_j8_hayat/J8/install/ctl_mission_interfaces/include/ctl_mission_interfaces/ctl_mission_interfaces/srv/detail/change_controller__functions.c
-- Installing: /home/rhobtor/PHD/test_j8_hayat/J8/install/ctl_mission_interfaces/include/ctl_mission_interfaces/ctl_mission_interfaces/srv/detail/change_mode__type_support.h
-- Installing: /home/rhobtor/PHD/test_j8_hayat/J8/install/ctl_mission_interfaces/include/ctl_mission_interfaces/ctl_mission_interfaces/srv/detail/config_dynamic_pure_ctrl__type_support.h
-- Installing: /home/rhobtor/PHD/test_j8_hayat/J8/install/ctl_mission_interfaces/include/ctl_mission_interfaces/ctl_mission_interfaces/srv/detail/config_regulated_pure_ctrl__functions.c
-- Installing: /home/rhobtor/PHD/test_j8_hayat/J8/install/ctl_mission_interfaces/include/ctl_mission_interfaces/ctl_mission_interfaces/srv/detail/config_pure_pursuit_ctrl__struct.h
-- Installing: /home/rhobtor/PHD/test_j8_hayat/J8/install/ctl_mission_interfaces/include/ctl_mission_interfaces/ctl_mission_interfaces/srv/detail/config_dynamic_la_pure_ctrl__struct.h
-- Installing: /home/rhobtor/PHD/test_j8_hayat/J8/install/ctl_mission_interfaces/include/ctl_mission_interfaces/ctl_mission_interfaces/srv/detail/get_mode__struct.h
-- Installing: /home/rhobtor/PHD/test_j8_hayat/J8/install/ctl_mission_interfaces/include/ctl_mission_interfaces/ctl_mission_interfaces/srv/detail/change_speed__type_support.h
-- Installing: /home/rhobtor/PHD/test_j8_hayat/J8/install/ctl_mission_interfaces/include/ctl_mission_interfaces/ctl_mission_interfaces/srv/detail/get_possible_transitions__functions.c
-- Installing: /home/rhobtor/PHD/test_j8_hayat/J8/install/ctl_mission_interfaces/include/ctl_mission_interfaces/ctl_mission_interfaces/srv/detail/get_possible_transitions__functions.h
-- Installing: /home/rhobtor/PHD/test_j8_hayat/J8/install/ctl_mission_interfaces/include/ctl_mission_interfaces/ctl_mission_interfaces/srv/detail/config_dynamic_la_pure_ctrl__functions.h
-- Installing: /home/rhobtor/PHD/test_j8_hayat/J8/install/ctl_mission_interfaces/include/ctl_mission_interfaces/ctl_mission_interfaces/srv/detail/config_simple_ctl__struct.h
-- Installing: /home/rhobtor/PHD/test_j8_hayat/J8/install/ctl_mission_interfaces/include/ctl_mission_interfaces/ctl_mission_interfaces/srv/detail/change_mode__struct.h
-- Installing: /home/rhobtor/PHD/test_j8_hayat/J8/install/ctl_mission_interfaces/include/ctl_mission_interfaces/ctl_mission_interfaces/srv/detail/change_speed__struct.h
-- Installing: /home/rhobtor/PHD/test_j8_hayat/J8/install/ctl_mission_interfaces/include/ctl_mission_interfaces/ctl_mission_interfaces/srv/detail/config_pure_pursuit_ctrl__type_support.h
-- Installing: /home/rhobtor/PHD/test_j8_hayat/J8/install/ctl_mission_interfaces/include/ctl_mission_interfaces/ctl_mission_interfaces/srv/detail/get_possible_transitions__type_support.h
-- Installing: /home/rhobtor/PHD/test_j8_hayat/J8/install/ctl_mission_interfaces/include/ctl_mission_interfaces/ctl_mission_interfaces/srv/detail/config_pure_pursuit_ctrl__functions.h
-- Installing: /home/rhobtor/PHD/test_j8_hayat/J8/install/ctl_mission_interfaces/include/ctl_mission_interfaces/ctl_mission_interfaces/srv/detail/config_pure_pursuit_ctrl__functions.c
-- Installing: /home/rhobtor/PHD/test_j8_hayat/J8/install/ctl_mission_interfaces/include/ctl_mission_interfaces/ctl_mission_interfaces/srv/detail/change_controller__type_support.h
-- Installing: /home/rhobtor/PHD/test_j8_hayat/J8/install/ctl_mission_interfaces/include/ctl_mission_interfaces/ctl_mission_interfaces/srv/detail/config_simple_ctl__functions.c
-- Installing: /home/rhobtor/PHD/test_j8_hayat/J8/install/ctl_mission_interfaces/include/ctl_mission_interfaces/ctl_mission_interfaces/srv/detail/get_mode__type_support.h
-- Installing: /home/rhobtor/PHD/test_j8_hayat/J8/install/ctl_mission_interfaces/include/ctl_mission_interfaces/ctl_mission_interfaces/srv/detail/config_simple_ctl__type_support.h
-- Installing: /home/rhobtor/PHD/test_j8_hayat/J8/install/ctl_mission_interfaces/include/ctl_mission_interfaces/ctl_mission_interfaces/srv/detail/change_speed__functions.h
-- Installing: /home/rhobtor/PHD/test_j8_hayat/J8/install/ctl_mission_interfaces/include/ctl_mission_interfaces/ctl_mission_interfaces/srv/detail/config_simple_ctl__functions.h
-- Installing: /home/rhobtor/PHD/test_j8_hayat/J8/install/ctl_mission_interfaces/include/ctl_mission_interfaces/ctl_mission_interfaces/srv/detail/config_stanley_ctrl__functions.h
-- Installing: /home/rhobtor/PHD/test_j8_hayat/J8/install/ctl_mission_interfaces/include/ctl_mission_interfaces/ctl_mission_interfaces/srv/detail/config_stanley_ctrl__functions.c
-- Installing: /home/rhobtor/PHD/test_j8_hayat/J8/install/ctl_mission_interfaces/include/ctl_mission_interfaces/ctl_mission_interfaces/srv/detail/change_speed__functions.c
-- Installing: /home/rhobtor/PHD/test_j8_hayat/J8/install/ctl_mission_interfaces/include/ctl_mission_interfaces/ctl_mission_interfaces/srv/detail/get_mode__functions.h
-- Installing: /home/rhobtor/PHD/test_j8_hayat/J8/install/ctl_mission_interfaces/include/ctl_mission_interfaces/ctl_mission_interfaces/srv/detail/change_controller__functions.h
-- Installing: /home/rhobtor/PHD/test_j8_hayat/J8/install/ctl_mission_interfaces/include/ctl_mission_interfaces/ctl_mission_interfaces/srv/detail/config_regulated_pure_ctrl__struct.h
-- Installing: /home/rhobtor/PHD/test_j8_hayat/J8/install/ctl_mission_interfaces/include/ctl_mission_interfaces/ctl_mission_interfaces/srv/detail/config_stanley_ctrl__struct.h
-- Installing: /home/rhobtor/PHD/test_j8_hayat/J8/install/ctl_mission_interfaces/include/ctl_mission_interfaces/ctl_mission_interfaces/srv/detail/config_dynamic_pure_ctrl__functions.c
-- Installing: /home/rhobtor/PHD/test_j8_hayat/J8/install/ctl_mission_interfaces/include/ctl_mission_interfaces/ctl_mission_interfaces/srv/detail/get_possible_transitions__struct.h
-- Installing: /home/rhobtor/PHD/test_j8_hayat/J8/install/ctl_mission_interfaces/include/ctl_mission_interfaces/ctl_mission_interfaces/srv/detail/get_mode__functions.c
-- Installing: /home/rhobtor/PHD/test_j8_hayat/J8/install/ctl_mission_interfaces/include/ctl_mission_interfaces/ctl_mission_interfaces/srv/detail/config_dynamic_pure_ctrl__struct.h
-- Installing: /home/rhobtor/PHD/test_j8_hayat/J8/install/ctl_mission_interfaces/include/ctl_mission_interfaces/ctl_mission_interfaces/srv/detail/config_regulated_pure_ctrl__functions.h
-- Installing: /home/rhobtor/PHD/test_j8_hayat/J8/install/ctl_mission_interfaces/include/ctl_mission_interfaces/ctl_mission_interfaces/srv/detail/config_dynamic_pure_ctrl__functions.h
-- Installing: /home/rhobtor/PHD/test_j8_hayat/J8/install/ctl_mission_interfaces/include/ctl_mission_interfaces/ctl_mission_interfaces/srv/detail/config_regulated_pure_ctrl__type_support.h
-- Installing: /home/rhobtor/PHD/test_j8_hayat/J8/install/ctl_mission_interfaces/include/ctl_mission_interfaces/ctl_mission_interfaces/srv/detail/config_stanley_ctrl__type_support.h
-- Installing: /home/rhobtor/PHD/test_j8_hayat/J8/install/ctl_mission_interfaces/include/ctl_mission_interfaces/ctl_mission_interfaces/srv/detail/config_dynamic_la_pure_ctrl__type_support.h
-- Installing: /home/rhobtor/PHD/test_j8_hayat/J8/install/ctl_mission_interfaces/include/ctl_mission_interfaces/ctl_mission_interfaces/srv/detail/change_mode__functions.h
-- Installing: /home/rhobtor/PHD/test_j8_hayat/J8/install/ctl_mission_interfaces/include/ctl_mission_interfaces/ctl_mission_interfaces/srv/detail/change_controller__struct.h
-- Installing: /home/rhobtor/PHD/test_j8_hayat/J8/install/ctl_mission_interfaces/include/ctl_mission_interfaces/ctl_mission_interfaces/srv/detail/config_dynamic_la_pure_ctrl__functions.c
-- Installing: /home/rhobtor/PHD/test_j8_hayat/J8/install/ctl_mission_interfaces/include/ctl_mission_interfaces/ctl_mission_interfaces/srv/change_mode.h
-- Installing: /home/rhobtor/PHD/test_j8_hayat/J8/install/ctl_mission_interfaces/include/ctl_mission_interfaces/ctl_mission_interfaces/srv/get_possible_transitions.h
-- Installing: /home/rhobtor/PHD/test_j8_hayat/J8/install/ctl_mission_interfaces/include/ctl_mission_interfaces/ctl_mission_interfaces/srv/config_regulated_pure_ctrl.h
-- Installing: /home/rhobtor/PHD/test_j8_hayat/J8/install/ctl_mission_interfaces/include/ctl_mission_interfaces/ctl_mission_interfaces/srv/get_mode.h
-- Installing: /home/rhobtor/PHD/test_j8_hayat/J8/install/ctl_mission_interfaces/include/ctl_mission_interfaces/ctl_mission_interfaces/srv/config_simple_ctl.h
-- Installing: /home/rhobtor/PHD/test_j8_hayat/J8/install/ctl_mission_interfaces/include/ctl_mission_interfaces/ctl_mission_interfaces/srv/config_pure_pursuit_ctrl.h
-- Installing: /home/rhobtor/PHD/test_j8_hayat/J8/install/ctl_mission_interfaces/include/ctl_mission_interfaces/ctl_mission_interfaces/msg
-- Installing: /home/rhobtor/PHD/test_j8_hayat/J8/install/ctl_mission_interfaces/include/ctl_mission_interfaces/ctl_mission_interfaces/msg/rosidl_generator_c__visibility_control.h
-- Installing: /home/rhobtor/PHD/test_j8_hayat/J8/install/ctl_mission_interfaces/share/ctl_mission_interfaces/environment/library_path.sh
-- Installing: /home/rhobtor/PHD/test_j8_hayat/J8/install/ctl_mission_interfaces/share/ctl_mission_interfaces/environment/library_path.dsv
-- Installing: /home/rhobtor/PHD/test_j8_hayat/J8/install/ctl_mission_interfaces/lib/libctl_mission_interfaces__rosidl_generator_c.so
-- Set non-toolchain portion of runtime path of "/home/rhobtor/PHD/test_j8_hayat/J8/install/ctl_mission_interfaces/lib/libctl_mission_interfaces__rosidl_generator_c.so" to ""
-- Up-to-date: /home/rhobtor/PHD/test_j8_hayat/J8/install/ctl_mission_interfaces/include/ctl_mission_interfaces/ctl_mission_interfaces
-- Up-to-date: /home/rhobtor/PHD/test_j8_hayat/J8/install/ctl_mission_interfaces/include/ctl_mission_interfaces/ctl_mission_interfaces/srv
-- Up-to-date: /home/rhobtor/PHD/test_j8_hayat/J8/install/ctl_mission_interfaces/include/ctl_mission_interfaces/ctl_mission_interfaces/srv/detail
-- Installing: /home/rhobtor/PHD/test_j8_hayat/J8/install/ctl_mission_interfaces/include/ctl_mission_interfaces/ctl_mission_interfaces/srv/detail/change_speed__rosidl_typesupport_fastrtps_c.h
-- Installing: /home/rhobtor/PHD/test_j8_hayat/J8/install/ctl_mission_interfaces/include/ctl_mission_interfaces/ctl_mission_interfaces/srv/detail/config_dynamic_pure_ctrl__rosidl_typesupport_fastrtps_c.h
-- Installing: /home/rhobtor/PHD/test_j8_hayat/J8/install/ctl_mission_interfaces/include/ctl_mission_interfaces/ctl_mission_interfaces/srv/detail/config_simple_ctl__rosidl_typesupport_fastrtps_c.h
-- Installing: /home/rhobtor/PHD/test_j8_hayat/J8/install/ctl_mission_interfaces/include/ctl_mission_interfaces/ctl_mission_interfaces/srv/detail/change_controller__rosidl_typesupport_fastrtps_c.h
-- Installing: /home/rhobtor/PHD/test_j8_hayat/J8/install/ctl_mission_interfaces/include/ctl_mission_interfaces/ctl_mission_interfaces/srv/detail/change_mode__rosidl_typesupport_fastrtps_c.h
-- Installing: /home/rhobtor/PHD/test_j8_hayat/J8/install/ctl_mission_interfaces/include/ctl_mission_interfaces/ctl_mission_interfaces/srv/detail/config_stanley_ctrl__rosidl_typesupport_fastrtps_c.h
-- Installing: /home/rhobtor/PHD/test_j8_hayat/J8/install/ctl_mission_interfaces/include/ctl_mission_interfaces/ctl_mission_interfaces/srv/detail/config_pure_pursuit_ctrl__rosidl_typesupport_fastrtps_c.h
-- Installing: /home/rhobtor/PHD/test_j8_hayat/J8/install/ctl_mission_interfaces/include/ctl_mission_interfaces/ctl_mission_interfaces/srv/detail/config_regulated_pure_ctrl__rosidl_typesupport_fastrtps_c.h
-- Installing: /home/rhobtor/PHD/test_j8_hayat/J8/install/ctl_mission_interfaces/include/ctl_mission_interfaces/ctl_mission_interfaces/srv/detail/get_mode__rosidl_typesupport_fastrtps_c.h
-- Installing: /home/rhobtor/PHD/test_j8_hayat/J8/install/ctl_mission_interfaces/include/ctl_mission_interfaces/ctl_mission_interfaces/srv/detail/config_dynamic_la_pure_ctrl__rosidl_typesupport_fastrtps_c.h
-- Installing: /home/rhobtor/PHD/test_j8_hayat/J8/install/ctl_mission_interfaces/include/ctl_mission_interfaces/ctl_mission_interfaces/srv/detail/get_possible_transitions__rosidl_typesupport_fastrtps_c.h
-- Up-to-date: /home/rhobtor/PHD/test_j8_hayat/J8/install/ctl_mission_interfaces/include/ctl_mission_interfaces/ctl_mission_interfaces/msg
-- Installing: /home/rhobtor/PHD/test_j8_hayat/J8/install/ctl_mission_interfaces/include/ctl_mission_interfaces/ctl_mission_interfaces/msg/rosidl_typesupport_fastrtps_c__visibility_control.h
-- Installing: /home/rhobtor/PHD/test_j8_hayat/J8/install/ctl_mission_interfaces/lib/libctl_mission_interfaces__rosidl_typesupport_fastrtps_c.so
-- Set non-toolchain portion of runtime path of "/home/rhobtor/PHD/test_j8_hayat/J8/install/ctl_mission_interfaces/lib/libctl_mission_interfaces__rosidl_typesupport_fastrtps_c.so" to ""
-- Up-to-date: /home/rhobtor/PHD/test_j8_hayat/J8/install/ctl_mission_interfaces/include/ctl_mission_interfaces/ctl_mission_interfaces
-- Up-to-date: /home/rhobtor/PHD/test_j8_hayat/J8/install/ctl_mission_interfaces/include/ctl_mission_interfaces/ctl_mission_interfaces/srv
-- Up-to-date: /home/rhobtor/PHD/test_j8_hayat/J8/install/ctl_mission_interfaces/include/ctl_mission_interfaces/ctl_mission_interfaces/srv/detail
-- Installing: /home/rhobtor/PHD/test_j8_hayat/J8/install/ctl_mission_interfaces/include/ctl_mission_interfaces/ctl_mission_interfaces/srv/detail/config_dynamic_la_pure_ctrl__type_support.c
-- Installing: /home/rhobtor/PHD/test_j8_hayat/J8/install/ctl_mission_interfaces/include/ctl_mission_interfaces/ctl_mission_interfaces/srv/detail/get_mode__rosidl_typesupport_introspection_c.h
-- Installing: /home/rhobtor/PHD/test_j8_hayat/J8/install/ctl_mission_interfaces/include/ctl_mission_interfaces/ctl_mission_interfaces/srv/detail/change_mode__type_support.c
-- Installing: /home/rhobtor/PHD/test_j8_hayat/J8/install/ctl_mission_interfaces/include/ctl_mission_interfaces/ctl_mission_interfaces/srv/detail/config_stanley_ctrl__type_support.c
-- Installing: /home/rhobtor/PHD/test_j8_hayat/J8/install/ctl_mission_interfaces/include/ctl_mission_interfaces/ctl_mission_interfaces/srv/detail/config_dynamic_pure_ctrl__type_support.c
-- Installing: /home/rhobtor/PHD/test_j8_hayat/J8/install/ctl_mission_interfaces/include/ctl_mission_interfaces/ctl_mission_interfaces/srv/detail/config_dynamic_pure_ctrl__rosidl_typesupport_introspection_c.h
-- Installing: /home/rhobtor/PHD/test_j8_hayat/J8/install/ctl_mission_interfaces/include/ctl_mission_interfaces/ctl_mission_interfaces/srv/detail/get_mode__type_support.c
-- Installing: /home/rhobtor/PHD/test_j8_hayat/J8/install/ctl_mission_interfaces/include/ctl_mission_interfaces/ctl_mission_interfaces/srv/detail/get_possible_transitions__type_support.c
-- Installing: /home/rhobtor/PHD/test_j8_hayat/J8/install/ctl_mission_interfaces/include/ctl_mission_interfaces/ctl_mission_interfaces/srv/detail/change_controller__type_support.c
-- Installing: /home/rhobtor/PHD/test_j8_hayat/J8/install/ctl_mission_interfaces/include/ctl_mission_interfaces/ctl_mission_interfaces/srv/detail/change_controller__rosidl_typesupport_introspection_c.h
-- Installing: /home/rhobtor/PHD/test_j8_hayat/J8/install/ctl_mission_interfaces/include/ctl_mission_interfaces/ctl_mission_interfaces/srv/detail/change_speed__rosidl_typesupport_introspection_c.h
-- Installing: /home/rhobtor/PHD/test_j8_hayat/J8/install/ctl_mission_interfaces/include/ctl_mission_interfaces/ctl_mission_interfaces/srv/detail/config_regulated_pure_ctrl__rosidl_typesupport_introspection_c.h
-- Installing: /home/rhobtor/PHD/test_j8_hayat/J8/install/ctl_mission_interfaces/include/ctl_mission_interfaces/ctl_mission_interfaces/srv/detail/config_dynamic_la_pure_ctrl__rosidl_typesupport_introspection_c.h
-- Installing: /home/rhobtor/PHD/test_j8_hayat/J8/install/ctl_mission_interfaces/include/ctl_mission_interfaces/ctl_mission_interfaces/srv/detail/config_stanley_ctrl__rosidl_typesupport_introspection_c.h
-- Installing: /home/rhobtor/PHD/test_j8_hayat/J8/install/ctl_mission_interfaces/include/ctl_mission_interfaces/ctl_mission_interfaces/srv/detail/config_pure_pursuit_ctrl__type_support.c
-- Installing: /home/rhobtor/PHD/test_j8_hayat/J8/install/ctl_mission_interfaces/include/ctl_mission_interfaces/ctl_mission_interfaces/srv/detail/change_speed__type_support.c
-- Installing: /home/rhobtor/PHD/test_j8_hayat/J8/install/ctl_mission_interfaces/include/ctl_mission_interfaces/ctl_mission_interfaces/srv/detail/config_pure_pursuit_ctrl__rosidl_typesupport_introspection_c.h
-- Installing: /home/rhobtor/PHD/test_j8_hayat/J8/install/ctl_mission_interfaces/include/ctl_mission_interfaces/ctl_mission_interfaces/srv/detail/config_regulated_pure_ctrl__type_support.c
-- Installing: /home/rhobtor/PHD/test_j8_hayat/J8/install/ctl_mission_interfaces/include/ctl_mission_interfaces/ctl_mission_interfaces/srv/detail/change_mode__rosidl_typesupport_introspection_c.h
-- Installing: /home/rhobtor/PHD/test_j8_hayat/J8/install/ctl_mission_interfaces/include/ctl_mission_interfaces/ctl_mission_interfaces/srv/detail/config_simple_ctl__rosidl_typesupport_introspection_c.h
-- Installing: /home/rhobtor/PHD/test_j8_hayat/J8/install/ctl_mission_interfaces/include/ctl_mission_interfaces/ctl_mission_interfaces/srv/detail/config_simple_ctl__type_support.c
-- Installing: /home/rhobtor/PHD/test_j8_hayat/J8/install/ctl_mission_interfaces/include/ctl_mission_interfaces/ctl_mission_interfaces/srv/detail/get_possible_transitions__rosidl_typesupport_introspection_c.h
-- Up-to-date: /home/rhobtor/PHD/test_j8_hayat/J8/install/ctl_mission_interfaces/include/ctl_mission_interfaces/ctl_mission_interfaces/msg
-- Installing: /home/rhobtor/PHD/test_j8_hayat/J8/install/ctl_mission_interfaces/include/ctl_mission_interfaces/ctl_mission_interfaces/msg/rosidl_typesupport_introspection_c__visibility_control.h
-- Installing: /home/rhobtor/PHD/test_j8_hayat/J8/install/ctl_mission_interfaces/lib/libctl_mission_interfaces__rosidl_typesupport_introspection_c.so
-- Set non-toolchain portion of runtime path of "/home/rhobtor/PHD/test_j8_hayat/J8/install/ctl_mission_interfaces/lib/libctl_mission_interfaces__rosidl_typesupport_introspection_c.so" to ""
-- Installing: /home/rhobtor/PHD/test_j8_hayat/J8/install/ctl_mission_interfaces/lib/libctl_mission_interfaces__rosidl_typesupport_c.so
-- Set non-toolchain portion of runtime path of "/home/rhobtor/PHD/test_j8_hayat/J8/install/ctl_mission_interfaces/lib/libctl_mission_interfaces__rosidl_typesupport_c.so" to ""
-- Up-to-date: /home/rhobtor/PHD/test_j8_hayat/J8/install/ctl_mission_interfaces/include/ctl_mission_interfaces/ctl_mission_interfaces
-- Up-to-date: /home/rhobtor/PHD/test_j8_hayat/J8/install/ctl_mission_interfaces/include/ctl_mission_interfaces/ctl_mission_interfaces/srv
-- Installing: /home/rhobtor/PHD/test_j8_hayat/J8/install/ctl_mission_interfaces/include/ctl_mission_interfaces/ctl_mission_interfaces/srv/config_simple_ctl.hpp
-- Installing: /home/rhobtor/PHD/test_j8_hayat/J8/install/ctl_mission_interfaces/include/ctl_mission_interfaces/ctl_mission_interfaces/srv/config_dynamic_la_pure_ctrl.hpp
-- Installing: /home/rhobtor/PHD/test_j8_hayat/J8/install/ctl_mission_interfaces/include/ctl_mission_interfaces/ctl_mission_interfaces/srv/config_dynamic_pure_ctrl.hpp
-- Installing: /home/rhobtor/PHD/test_j8_hayat/J8/install/ctl_mission_interfaces/include/ctl_mission_interfaces/ctl_mission_interfaces/srv/change_mode.hpp
-- Installing: /home/rhobtor/PHD/test_j8_hayat/J8/install/ctl_mission_interfaces/include/ctl_mission_interfaces/ctl_mission_interfaces/srv/get_mode.hpp
-- Installing: /home/rhobtor/PHD/test_j8_hayat/J8/install/ctl_mission_interfaces/include/ctl_mission_interfaces/ctl_mission_interfaces/srv/config_regulated_pure_ctrl.hpp
-- Installing: /home/rhobtor/PHD/test_j8_hayat/J8/install/ctl_mission_interfaces/include/ctl_mission_interfaces/ctl_mission_interfaces/srv/get_possible_transitions.hpp
-- Installing: /home/rhobtor/PHD/test_j8_hayat/J8/install/ctl_mission_interfaces/include/ctl_mission_interfaces/ctl_mission_interfaces/srv/change_speed.hpp
-- Up-to-date: /home/rhobtor/PHD/test_j8_hayat/J8/install/ctl_mission_interfaces/include/ctl_mission_interfaces/ctl_mission_interfaces/srv/detail
-- Installing: /home/rhobtor/PHD/test_j8_hayat/J8/install/ctl_mission_interfaces/include/ctl_mission_interfaces/ctl_mission_interfaces/srv/detail/change_speed__type_support.hpp
-- Installing: /home/rhobtor/PHD/test_j8_hayat/J8/install/ctl_mission_interfaces/include/ctl_mission_interfaces/ctl_mission_interfaces/srv/detail/change_controller__traits.hpp
-- Installing: /home/rhobtor/PHD/test_j8_hayat/J8/install/ctl_mission_interfaces/include/ctl_mission_interfaces/ctl_mission_interfaces/srv/detail/config_stanley_ctrl__traits.hpp
-- Installing: /home/rhobtor/PHD/test_j8_hayat/J8/install/ctl_mission_interfaces/include/ctl_mission_interfaces/ctl_mission_interfaces/srv/detail/change_speed__struct.hpp
-- Installing: /home/rhobtor/PHD/test_j8_hayat/J8/install/ctl_mission_interfaces/include/ctl_mission_interfaces/ctl_mission_interfaces/srv/detail/get_possible_transitions__type_support.hpp
-- Installing: /home/rhobtor/PHD/test_j8_hayat/J8/install/ctl_mission_interfaces/include/ctl_mission_interfaces/ctl_mission_interfaces/srv/detail/config_simple_ctl__traits.hpp
-- Installing: /home/rhobtor/PHD/test_j8_hayat/J8/install/ctl_mission_interfaces/include/ctl_mission_interfaces/ctl_mission_interfaces/srv/detail/get_mode__builder.hpp
-- Installing: /home/rhobtor/PHD/test_j8_hayat/J8/install/ctl_mission_interfaces/include/ctl_mission_interfaces/ctl_mission_interfaces/srv/detail/change_mode__builder.hpp
-- Installing: /home/rhobtor/PHD/test_j8_hayat/J8/install/ctl_mission_interfaces/include/ctl_mission_interfaces/ctl_mission_interfaces/srv/detail/get_possible_transitions__builder.hpp
-- Installing: /home/rhobtor/PHD/test_j8_hayat/J8/install/ctl_mission_interfaces/include/ctl_mission_interfaces/ctl_mission_interfaces/srv/detail/config_stanley_ctrl__struct.hpp
-- Installing: /home/rhobtor/PHD/test_j8_hayat/J8/install/ctl_mission_interfaces/include/ctl_mission_interfaces/ctl_mission_interfaces/srv/detail/change_controller__builder.hpp
-- Installing: /home/rhobtor/PHD/test_j8_hayat/J8/install/ctl_mission_interfaces/include/ctl_mission_interfaces/ctl_mission_interfaces/srv/detail/change_speed__traits.hpp
-- Installing: /home/rhobtor/PHD/test_j8_hayat/J8/install/ctl_mission_interfaces/include/ctl_mission_interfaces/ctl_mission_interfaces/srv/detail/change_controller__type_support.hpp
-- Installing: /home/rhobtor/PHD/test_j8_hayat/J8/install/ctl_mission_interfaces/include/ctl_mission_interfaces/ctl_mission_interfaces/srv/detail/config_pure_pursuit_ctrl__struct.hpp
-- Installing: /home/rhobtor/PHD/test_j8_hayat/J8/install/ctl_mission_interfaces/include/ctl_mission_interfaces/ctl_mission_interfaces/srv/detail/change_mode__struct.hpp
-- Installing: /home/rhobtor/PHD/test_j8_hayat/J8/install/ctl_mission_interfaces/include/ctl_mission_interfaces/ctl_mission_interfaces/srv/detail/config_dynamic_pure_ctrl__struct.hpp
-- Installing: /home/rhobtor/PHD/test_j8_hayat/J8/install/ctl_mission_interfaces/include/ctl_mission_interfaces/ctl_mission_interfaces/srv/detail/config_dynamic_pure_ctrl__traits.hpp
-- Installing: /home/rhobtor/PHD/test_j8_hayat/J8/install/ctl_mission_interfaces/include/ctl_mission_interfaces/ctl_mission_interfaces/srv/detail/config_pure_pursuit_ctrl__builder.hpp
-- Installing: /home/rhobtor/PHD/test_j8_hayat/J8/install/ctl_mission_interfaces/include/ctl_mission_interfaces/ctl_mission_interfaces/srv/detail/config_stanley_ctrl__builder.hpp
-- Installing: /home/rhobtor/PHD/test_j8_hayat/J8/install/ctl_mission_interfaces/include/ctl_mission_interfaces/ctl_mission_interfaces/srv/detail/change_mode__traits.hpp
-- Installing: /home/rhobtor/PHD/test_j8_hayat/J8/install/ctl_mission_interfaces/include/ctl_mission_interfaces/ctl_mission_interfaces/srv/detail/config_dynamic_la_pure_ctrl__builder.hpp
-- Installing: /home/rhobtor/PHD/test_j8_hayat/J8/install/ctl_mission_interfaces/include/ctl_mission_interfaces/ctl_mission_interfaces/srv/detail/get_mode__type_support.hpp
-- Installing: /home/rhobtor/PHD/test_j8_hayat/J8/install/ctl_mission_interfaces/include/ctl_mission_interfaces/ctl_mission_interfaces/srv/detail/config_pure_pursuit_ctrl__type_support.hpp
-- Installing: /home/rhobtor/PHD/test_j8_hayat/J8/install/ctl_mission_interfaces/include/ctl_mission_interfaces/ctl_mission_interfaces/srv/detail/get_possible_transitions__traits.hpp
-- Installing: /home/rhobtor/PHD/test_j8_hayat/J8/install/ctl_mission_interfaces/include/ctl_mission_interfaces/ctl_mission_interfaces/srv/detail/change_speed__builder.hpp
-- Installing: /home/rhobtor/PHD/test_j8_hayat/J8/install/ctl_mission_interfaces/include/ctl_mission_interfaces/ctl_mission_interfaces/srv/detail/get_mode__struct.hpp
-- Installing: /home/rhobtor/PHD/test_j8_hayat/J8/install/ctl_mission_interfaces/include/ctl_mission_interfaces/ctl_mission_interfaces/srv/detail/config_dynamic_pure_ctrl__type_support.hpp
-- Installing: /home/rhobtor/PHD/test_j8_hayat/J8/install/ctl_mission_interfaces/include/ctl_mission_interfaces/ctl_mission_interfaces/srv/detail/config_simple_ctl__type_support.hpp
-- Installing: /home/rhobtor/PHD/test_j8_hayat/J8/install/ctl_mission_interfaces/include/ctl_mission_interfaces/ctl_mission_interfaces/srv/detail/get_mode__traits.hpp
-- Installing: /home/rhobtor/PHD/test_j8_hayat/J8/install/ctl_mission_interfaces/include/ctl_mission_interfaces/ctl_mission_interfaces/srv/detail/config_regulated_pure_ctrl__traits.hpp
-- Installing: /home/rhobtor/PHD/test_j8_hayat/J8/install/ctl_mission_interfaces/include/ctl_mission_interfaces/ctl_mission_interfaces/srv/detail/change_mode__type_support.hpp
-- Installing: /home/rhobtor/PHD/test_j8_hayat/J8/install/ctl_mission_interfaces/include/ctl_mission_interfaces/ctl_mission_interfaces/srv/detail/config_dynamic_pure_ctrl__builder.hpp
-- Installing: /home/rhobtor/PHD/test_j8_hayat/J8/install/ctl_mission_interfaces/include/ctl_mission_interfaces/ctl_mission_interfaces/srv/detail/config_simple_ctl__builder.hpp
-- Installing: /home/rhobtor/PHD/test_j8_hayat/J8/install/ctl_mission_interfaces/include/ctl_mission_interfaces/ctl_mission_interfaces/srv/detail/config_dynamic_la_pure_ctrl__type_support.hpp
-- Installing: /home/rhobtor/PHD/test_j8_hayat/J8/install/ctl_mission_interfaces/include/ctl_mission_interfaces/ctl_mission_interfaces/srv/detail/config_regulated_pure_ctrl__type_support.hpp
-- Installing: /home/rhobtor/PHD/test_j8_hayat/J8/install/ctl_mission_interfaces/include/ctl_mission_interfaces/ctl_mission_interfaces/srv/detail/change_controller__struct.hpp
-- Installing: /home/rhobtor/PHD/test_j8_hayat/J8/install/ctl_mission_interfaces/include/ctl_mission_interfaces/ctl_mission_interfaces/srv/detail/config_dynamic_la_pure_ctrl__traits.hpp
-- Installing: /home/rhobtor/PHD/test_j8_hayat/J8/install/ctl_mission_interfaces/include/ctl_mission_interfaces/ctl_mission_interfaces/srv/detail/config_dynamic_la_pure_ctrl__struct.hpp
-- Installing: /home/rhobtor/PHD/test_j8_hayat/J8/install/ctl_mission_interfaces/include/ctl_mission_interfaces/ctl_mission_interfaces/srv/detail/config_regulated_pure_ctrl__struct.hpp
-- Installing: /home/rhobtor/PHD/test_j8_hayat/J8/install/ctl_mission_interfaces/include/ctl_mission_interfaces/ctl_mission_interfaces/srv/detail/config_pure_pursuit_ctrl__traits.hpp
-- Installing: /home/rhobtor/PHD/test_j8_hayat/J8/install/ctl_mission_interfaces/include/ctl_mission_interfaces/ctl_mission_interfaces/srv/detail/get_possible_transitions__struct.hpp
-- Installing: /home/rhobtor/PHD/test_j8_hayat/J8/install/ctl_mission_interfaces/include/ctl_mission_interfaces/ctl_mission_interfaces/srv/detail/config_regulated_pure_ctrl__builder.hpp
-- Installing: /home/rhobtor/PHD/test_j8_hayat/J8/install/ctl_mission_interfaces/include/ctl_mission_interfaces/ctl_mission_interfaces/srv/detail/config_simple_ctl__struct.hpp
-- Installing: /home/rhobtor/PHD/test_j8_hayat/J8/install/ctl_mission_interfaces/include/ctl_mission_interfaces/ctl_mission_interfaces/srv/detail/config_stanley_ctrl__type_support.hpp
-- Installing: /home/rhobtor/PHD/test_j8_hayat/J8/install/ctl_mission_interfaces/include/ctl_mission_interfaces/ctl_mission_interfaces/srv/config_stanley_ctrl.hpp
-- Installing: /home/rhobtor/PHD/test_j8_hayat/J8/install/ctl_mission_interfaces/include/ctl_mission_interfaces/ctl_mission_interfaces/srv/config_pure_pursuit_ctrl.hpp
-- Installing: /home/rhobtor/PHD/test_j8_hayat/J8/install/ctl_mission_interfaces/include/ctl_mission_interfaces/ctl_mission_interfaces/srv/change_controller.hpp
-- Up-to-date: /home/rhobtor/PHD/test_j8_hayat/J8/install/ctl_mission_interfaces/include/ctl_mission_interfaces/ctl_mission_interfaces/msg
-- Installing: /home/rhobtor/PHD/test_j8_hayat/J8/install/ctl_mission_interfaces/include/ctl_mission_interfaces/ctl_mission_interfaces/msg/rosidl_generator_cpp__visibility_control.hpp
-- Up-to-date: /home/rhobtor/PHD/test_j8_hayat/J8/install/ctl_mission_interfaces/include/ctl_mission_interfaces/ctl_mission_interfaces
-- Up-to-date: /home/rhobtor/PHD/test_j8_hayat/J8/install/ctl_mission_interfaces/include/ctl_mission_interfaces/ctl_mission_interfaces/srv
-- Up-to-date: /home/rhobtor/PHD/test_j8_hayat/J8/install/ctl_mission_interfaces/include/ctl_mission_interfaces/ctl_mission_interfaces/srv/detail
-- Installing: /home/rhobtor/PHD/test_j8_hayat/J8/install/ctl_mission_interfaces/include/ctl_mission_interfaces/ctl_mission_interfaces/srv/detail/get_mode__rosidl_typesupport_fastrtps_cpp.hpp
-- Installing: /home/rhobtor/PHD/test_j8_hayat/J8/install/ctl_mission_interfaces/include/ctl_mission_interfaces/ctl_mission_interfaces/srv/detail/config_regulated_pure_ctrl__rosidl_typesupport_fastrtps_cpp.hpp
-- Installing: /home/rhobtor/PHD/test_j8_hayat/J8/install/ctl_mission_interfaces/include/ctl_mission_interfaces/ctl_mission_interfaces/srv/detail/get_possible_transitions__rosidl_typesupport_fastrtps_cpp.hpp
-- Installing: /home/rhobtor/PHD/test_j8_hayat/J8/install/ctl_mission_interfaces/include/ctl_mission_interfaces/ctl_mission_interfaces/srv/detail/change_speed__rosidl_typesupport_fastrtps_cpp.hpp
-- Installing: /home/rhobtor/PHD/test_j8_hayat/J8/install/ctl_mission_interfaces/include/ctl_mission_interfaces/ctl_mission_interfaces/srv/detail/change_controller__rosidl_typesupport_fastrtps_cpp.hpp
-- Installing: /home/rhobtor/PHD/test_j8_hayat/J8/install/ctl_mission_interfaces/include/ctl_mission_interfaces/ctl_mission_interfaces/srv/detail/config_simple_ctl__rosidl_typesupport_fastrtps_cpp.hpp
-- Installing: /home/rhobtor/PHD/test_j8_hayat/J8/install/ctl_mission_interfaces/include/ctl_mission_interfaces/ctl_mission_interfaces/srv/detail/config_dynamic_pure_ctrl__rosidl_typesupport_fastrtps_cpp.hpp
-- Installing: /home/rhobtor/PHD/test_j8_hayat/J8/install/ctl_mission_interfaces/include/ctl_mission_interfaces/ctl_mission_interfaces/srv/detail/config_stanley_ctrl__rosidl_typesupport_fastrtps_cpp.hpp
-- Installing: /home/rhobtor/PHD/test_j8_hayat/J8/install/ctl_mission_interfaces/include/ctl_mission_interfaces/ctl_mission_interfaces/srv/detail/dds_fastrtps
-- Installing: /home/rhobtor/PHD/test_j8_hayat/J8/install/ctl_mission_interfaces/include/ctl_mission_interfaces/ctl_mission_interfaces/srv/detail/config_pure_pursuit_ctrl__rosidl_typesupport_fastrtps_cpp.hpp
-- Installing: /home/rhobtor/PHD/test_j8_hayat/J8/install/ctl_mission_interfaces/include/ctl_mission_interfaces/ctl_mission_interfaces/srv/detail/change_mode__rosidl_typesupport_fastrtps_cpp.hpp
-- Installing: /home/rhobtor/PHD/test_j8_hayat/J8/install/ctl_mission_interfaces/include/ctl_mission_interfaces/ctl_mission_interfaces/srv/detail/config_dynamic_la_pure_ctrl__rosidl_typesupport_fastrtps_cpp.hpp
-- Up-to-date: /home/rhobtor/PHD/test_j8_hayat/J8/install/ctl_mission_interfaces/include/ctl_mission_interfaces/ctl_mission_interfaces/msg
-- Installing: /home/rhobtor/PHD/test_j8_hayat/J8/install/ctl_mission_interfaces/include/ctl_mission_interfaces/ctl_mission_interfaces/msg/rosidl_typesupport_fastrtps_cpp__visibility_control.h
-- Installing: /home/rhobtor/PHD/test_j8_hayat/J8/install/ctl_mission_interfaces/lib/libctl_mission_interfaces__rosidl_typesupport_fastrtps_cpp.so
-- Set non-toolchain portion of runtime path of "/home/rhobtor/PHD/test_j8_hayat/J8/install/ctl_mission_interfaces/lib/libctl_mission_interfaces__rosidl_typesupport_fastrtps_cpp.so" to ""
-- Up-to-date: /home/rhobtor/PHD/test_j8_hayat/J8/install/ctl_mission_interfaces/include/ctl_mission_interfaces/ctl_mission_interfaces
-- Up-to-date: /home/rhobtor/PHD/test_j8_hayat/J8/install/ctl_mission_interfaces/include/ctl_mission_interfaces/ctl_mission_interfaces/srv
-- Up-to-date: /home/rhobtor/PHD/test_j8_hayat/J8/install/ctl_mission_interfaces/include/ctl_mission_interfaces/ctl_mission_interfaces/srv/detail
-- Installing: /home/rhobtor/PHD/test_j8_hayat/J8/install/ctl_mission_interfaces/include/ctl_mission_interfaces/ctl_mission_interfaces/srv/detail/get_possible_transitions__rosidl_typesupport_introspection_cpp.hpp
-- Installing: /home/rhobtor/PHD/test_j8_hayat/J8/install/ctl_mission_interfaces/include/ctl_mission_interfaces/ctl_mission_interfaces/srv/detail/config_dynamic_pure_ctrl__rosidl_typesupport_introspection_cpp.hpp
-- Installing: /home/rhobtor/PHD/test_j8_hayat/J8/install/ctl_mission_interfaces/include/ctl_mission_interfaces/ctl_mission_interfaces/srv/detail/config_simple_ctl__type_support.cpp
-- Installing: /home/rhobtor/PHD/test_j8_hayat/J8/install/ctl_mission_interfaces/include/ctl_mission_interfaces/ctl_mission_interfaces/srv/detail/get_mode__rosidl_typesupport_introspection_cpp.hpp
-- Installing: /home/rhobtor/PHD/test_j8_hayat/J8/install/ctl_mission_interfaces/include/ctl_mission_interfaces/ctl_mission_interfaces/srv/detail/change_controller__rosidl_typesupport_introspection_cpp.hpp
-- Installing: /home/rhobtor/PHD/test_j8_hayat/J8/install/ctl_mission_interfaces/include/ctl_mission_interfaces/ctl_mission_interfaces/srv/detail/change_speed__rosidl_typesupport_introspection_cpp.hpp
-- Installing: /home/rhobtor/PHD/test_j8_hayat/J8/install/ctl_mission_interfaces/include/ctl_mission_interfaces/ctl_mission_interfaces/srv/detail/config_stanley_ctrl__rosidl_typesupport_introspection_cpp.hpp
-- Installing: /home/rhobtor/PHD/test_j8_hayat/J8/install/ctl_mission_interfaces/include/ctl_mission_interfaces/ctl_mission_interfaces/srv/detail/config_pure_pursuit_ctrl__type_support.cpp
-- Installing: /home/rhobtor/PHD/test_j8_hayat/J8/install/ctl_mission_interfaces/include/ctl_mission_interfaces/ctl_mission_interfaces/srv/detail/config_regulated_pure_ctrl__type_support.cpp
-- Installing: /home/rhobtor/PHD/test_j8_hayat/J8/install/ctl_mission_interfaces/include/ctl_mission_interfaces/ctl_mission_interfaces/srv/detail/config_dynamic_pure_ctrl__type_support.cpp
-- Installing: /home/rhobtor/PHD/test_j8_hayat/J8/install/ctl_mission_interfaces/include/ctl_mission_interfaces/ctl_mission_interfaces/srv/detail/config_simple_ctl__rosidl_typesupport_introspection_cpp.hpp
-- Installing: /home/rhobtor/PHD/test_j8_hayat/J8/install/ctl_mission_interfaces/include/ctl_mission_interfaces/ctl_mission_interfaces/srv/detail/config_dynamic_la_pure_ctrl__type_support.cpp
-- Installing: /home/rhobtor/PHD/test_j8_hayat/J8/install/ctl_mission_interfaces/include/ctl_mission_interfaces/ctl_mission_interfaces/srv/detail/get_possible_transitions__type_support.cpp
-- Installing: /home/rhobtor/PHD/test_j8_hayat/J8/install/ctl_mission_interfaces/include/ctl_mission_interfaces/ctl_mission_interfaces/srv/detail/config_pure_pursuit_ctrl__rosidl_typesupport_introspection_cpp.hpp
-- Installing: /home/rhobtor/PHD/test_j8_hayat/J8/install/ctl_mission_interfaces/include/ctl_mission_interfaces/ctl_mission_interfaces/srv/detail/config_stanley_ctrl__type_support.cpp
-- Installing: /home/rhobtor/PHD/test_j8_hayat/J8/install/ctl_mission_interfaces/include/ctl_mission_interfaces/ctl_mission_interfaces/srv/detail/change_mode__type_support.cpp
-- Installing: /home/rhobtor/PHD/test_j8_hayat/J8/install/ctl_mission_interfaces/include/ctl_mission_interfaces/ctl_mission_interfaces/srv/detail/change_mode__rosidl_typesupport_introspection_cpp.hpp
-- Installing: /home/rhobtor/PHD/test_j8_hayat/J8/install/ctl_mission_interfaces/include/ctl_mission_interfaces/ctl_mission_interfaces/srv/detail/config_dynamic_la_pure_ctrl__rosidl_typesupport_introspection_cpp.hpp
-- Installing: /home/rhobtor/PHD/test_j8_hayat/J8/install/ctl_mission_interfaces/include/ctl_mission_interfaces/ctl_mission_interfaces/srv/detail/change_speed__type_support.cpp
-- Installing: /home/rhobtor/PHD/test_j8_hayat/J8/install/ctl_mission_interfaces/include/ctl_mission_interfaces/ctl_mission_interfaces/srv/detail/config_regulated_pure_ctrl__rosidl_typesupport_introspection_cpp.hpp
-- Installing: /home/rhobtor/PHD/test_j8_hayat/J8/install/ctl_mission_interfaces/include/ctl_mission_interfaces/ctl_mission_interfaces/srv/detail/change_controller__type_support.cpp
-- Installing: /home/rhobtor/PHD/test_j8_hayat/J8/install/ctl_mission_interfaces/include/ctl_mission_interfaces/ctl_mission_interfaces/srv/detail/get_mode__type_support.cpp
-- Installing: /home/rhobtor/PHD/test_j8_hayat/J8/install/ctl_mission_interfaces/lib/libctl_mission_interfaces__rosidl_typesupport_introspection_cpp.so
-- Set non-toolchain portion of runtime path of "/home/rhobtor/PHD/test_j8_hayat/J8/install/ctl_mission_interfaces/lib/libctl_mission_interfaces__rosidl_typesupport_introspection_cpp.so" to ""
-- Installing: /home/rhobtor/PHD/test_j8_hayat/J8/install/ctl_mission_interfaces/lib/libctl_mission_interfaces__rosidl_typesupport_cpp.so
-- Set non-toolchain portion of runtime path of "/home/rhobtor/PHD/test_j8_hayat/J8/install/ctl_mission_interfaces/lib/libctl_mission_interfaces__rosidl_typesupport_cpp.so" to ""
-- Installing: /home/rhobtor/PHD/test_j8_hayat/J8/install/ctl_mission_interfaces/share/ctl_mission_interfaces/environment/pythonpath.sh
-- Installing: /home/rhobtor/PHD/test_j8_hayat/J8/install/ctl_mission_interfaces/share/ctl_mission_interfaces/environment/pythonpath.dsv
-- Installing: /home/rhobtor/PHD/test_j8_hayat/J8/install/ctl_mission_interfaces/local/lib/python3.10/dist-packages/ctl_mission_interfaces-0.0.0-py3.10.egg-info
-- Installing: /home/rhobtor/PHD/test_j8_hayat/J8/install/ctl_mission_interfaces/local/lib/python3.10/dist-packages/ctl_mission_interfaces-0.0.0-py3.10.egg-info/top_level.txt
-- Installing: /home/rhobtor/PHD/test_j8_hayat/J8/install/ctl_mission_interfaces/local/lib/python3.10/dist-packages/ctl_mission_interfaces-0.0.0-py3.10.egg-info/SOURCES.txt
-- Installing: /home/rhobtor/PHD/test_j8_hayat/J8/install/ctl_mission_interfaces/local/lib/python3.10/dist-packages/ctl_mission_interfaces-0.0.0-py3.10.egg-info/PKG-INFO
-- Installing: /home/rhobtor/PHD/test_j8_hayat/J8/install/ctl_mission_interfaces/local/lib/python3.10/dist-packages/ctl_mission_interfaces-0.0.0-py3.10.egg-info/dependency_links.txt
-- Installing: /home/rhobtor/PHD/test_j8_hayat/J8/install/ctl_mission_interfaces/local/lib/python3.10/dist-packages/ctl_mission_interfaces
-- Installing: /home/rhobtor/PHD/test_j8_hayat/J8/install/ctl_mission_interfaces/local/lib/python3.10/dist-packages/ctl_mission_interfaces/srv
-- Installing: /home/rhobtor/PHD/test_j8_hayat/J8/install/ctl_mission_interfaces/local/lib/python3.10/dist-packages/ctl_mission_interfaces/srv/_config_pure_pursuit_ctrl_s.c
-- Installing: /home/rhobtor/PHD/test_j8_hayat/J8/install/ctl_mission_interfaces/local/lib/python3.10/dist-packages/ctl_mission_interfaces/srv/_config_stanley_ctrl_s.c
-- Installing: /home/rhobtor/PHD/test_j8_hayat/J8/install/ctl_mission_interfaces/local/lib/python3.10/dist-packages/ctl_mission_interfaces/srv/_config_pure_pursuit_ctrl.py
-- Installing: /home/rhobtor/PHD/test_j8_hayat/J8/install/ctl_mission_interfaces/local/lib/python3.10/dist-packages/ctl_mission_interfaces/srv/_config_dynamic_pure_ctrl_s.c
-- Installing: /home/rhobtor/PHD/test_j8_hayat/J8/install/ctl_mission_interfaces/local/lib/python3.10/dist-packages/ctl_mission_interfaces/srv/_config_regulated_pure_ctrl_s.c
-- Installing: /home/rhobtor/PHD/test_j8_hayat/J8/install/ctl_mission_interfaces/local/lib/python3.10/dist-packages/ctl_mission_interfaces/srv/_get_possible_transitions.py
-- Installing: /home/rhobtor/PHD/test_j8_hayat/J8/install/ctl_mission_interfaces/local/lib/python3.10/dist-packages/ctl_mission_interfaces/srv/_change_mode_s.c
-- Installing: /home/rhobtor/PHD/test_j8_hayat/J8/install/ctl_mission_interfaces/local/lib/python3.10/dist-packages/ctl_mission_interfaces/srv/_config_dynamic_la_pure_ctrl_s.c
-- Installing: /home/rhobtor/PHD/test_j8_hayat/J8/install/ctl_mission_interfaces/local/lib/python3.10/dist-packages/ctl_mission_interfaces/srv/_config_regulated_pure_ctrl.py
-- Installing: /home/rhobtor/PHD/test_j8_hayat/J8/install/ctl_mission_interfaces/local/lib/python3.10/dist-packages/ctl_mission_interfaces/srv/_change_controller_s.c
-- Installing: /home/rhobtor/PHD/test_j8_hayat/J8/install/ctl_mission_interfaces/local/lib/python3.10/dist-packages/ctl_mission_interfaces/srv/_get_mode.py
-- Installing: /home/rhobtor/PHD/test_j8_hayat/J8/install/ctl_mission_interfaces/local/lib/python3.10/dist-packages/ctl_mission_interfaces/srv/_change_controller.py
-- Installing: /home/rhobtor/PHD/test_j8_hayat/J8/install/ctl_mission_interfaces/local/lib/python3.10/dist-packages/ctl_mission_interfaces/srv/__init__.py
-- Installing: /home/rhobtor/PHD/test_j8_hayat/J8/install/ctl_mission_interfaces/local/lib/python3.10/dist-packages/ctl_mission_interfaces/srv/_config_simple_ctl.py
-- Installing: /home/rhobtor/PHD/test_j8_hayat/J8/install/ctl_mission_interfaces/local/lib/python3.10/dist-packages/ctl_mission_interfaces/srv/_change_speed.py
-- Installing: /home/rhobtor/PHD/test_j8_hayat/J8/install/ctl_mission_interfaces/local/lib/python3.10/dist-packages/ctl_mission_interfaces/srv/_change_speed_s.c
-- Installing: /home/rhobtor/PHD/test_j8_hayat/J8/install/ctl_mission_interfaces/local/lib/python3.10/dist-packages/ctl_mission_interfaces/srv/_config_dynamic_pure_ctrl.py
-- Installing: /home/rhobtor/PHD/test_j8_hayat/J8/install/ctl_mission_interfaces/local/lib/python3.10/dist-packages/ctl_mission_interfaces/srv/_get_mode_s.c
-- Installing: /home/rhobtor/PHD/test_j8_hayat/J8/install/ctl_mission_interfaces/local/lib/python3.10/dist-packages/ctl_mission_interfaces/srv/_change_mode.py
-- Installing: /home/rhobtor/PHD/test_j8_hayat/J8/install/ctl_mission_interfaces/local/lib/python3.10/dist-packages/ctl_mission_interfaces/srv/_config_stanley_ctrl.py
-- Installing: /home/rhobtor/PHD/test_j8_hayat/J8/install/ctl_mission_interfaces/local/lib/python3.10/dist-packages/ctl_mission_interfaces/srv/_config_simple_ctl_s.c
-- Installing: /home/rhobtor/PHD/test_j8_hayat/J8/install/ctl_mission_interfaces/local/lib/python3.10/dist-packages/ctl_mission_interfaces/srv/_config_dynamic_la_pure_ctrl.py
-- Installing: /home/rhobtor/PHD/test_j8_hayat/J8/install/ctl_mission_interfaces/local/lib/python3.10/dist-packages/ctl_mission_interfaces/srv/_get_possible_transitions_s.c
-- Installing: /home/rhobtor/PHD/test_j8_hayat/J8/install/ctl_mission_interfaces/local/lib/python3.10/dist-packages/ctl_mission_interfaces/ctl_mission_interfaces_s__rosidl_typesupport_c.cpython-310-x86_64-linux-gnu.so
-- Installing: /home/rhobtor/PHD/test_j8_hayat/J8/install/ctl_mission_interfaces/local/lib/python3.10/dist-packages/ctl_mission_interfaces/ctl_mission_interfaces_s__rosidl_typesupport_fastrtps_c.cpython-310-x86_64-linux-gnu.so
-- Installing: /home/rhobtor/PHD/test_j8_hayat/J8/install/ctl_mission_interfaces/local/lib/python3.10/dist-packages/ctl_mission_interfaces/_ctl_mission_interfaces_s.ep.rosidl_typesupport_c.c
-- Installing: /home/rhobtor/PHD/test_j8_hayat/J8/install/ctl_mission_interfaces/local/lib/python3.10/dist-packages/ctl_mission_interfaces/ctl_mission_interfaces_s__rosidl_typesupport_introspection_c.cpython-310-x86_64-linux-gnu.so
-- Installing: /home/rhobtor/PHD/test_j8_hayat/J8/install/ctl_mission_interfaces/local/lib/python3.10/dist-packages/ctl_mission_interfaces/__init__.py
-- Installing: /home/rhobtor/PHD/test_j8_hayat/J8/install/ctl_mission_interfaces/local/lib/python3.10/dist-packages/ctl_mission_interfaces/_ctl_mission_interfaces_s.ep.rosidl_typesupport_fastrtps_c.c
-- Installing: /home/rhobtor/PHD/test_j8_hayat/J8/install/ctl_mission_interfaces/local/lib/python3.10/dist-packages/ctl_mission_interfaces/_ctl_mission_interfaces_s.ep.rosidl_typesupport_introspection_c.c
-- Installing: /home/rhobtor/PHD/test_j8_hayat/J8/install/ctl_mission_interfaces/local/lib/python3.10/dist-packages/ctl_mission_interfaces/libctl_mission_interfaces__rosidl_generator_py.so
Listing '/home/rhobtor/PHD/test_j8_hayat/J8/install/ctl_mission_interfaces/local/lib/python3.10/dist-packages/ctl_mission_interfaces'...
Compiling '/home/rhobtor/PHD/test_j8_hayat/J8/install/ctl_mission_interfaces/local/lib/python3.10/dist-packages/ctl_mission_interfaces/__init__.py'...
Listing '/home/rhobtor/PHD/test_j8_hayat/J8/install/ctl_mission_interfaces/local/lib/python3.10/dist-packages/ctl_mission_interfaces/srv'...
Compiling '/home/rhobtor/PHD/test_j8_hayat/J8/install/ctl_mission_interfaces/local/lib/python3.10/dist-packages/ctl_mission_interfaces/srv/__init__.py'...
Compiling '/home/rhobtor/PHD/test_j8_hayat/J8/install/ctl_mission_interfaces/local/lib/python3.10/dist-packages/ctl_mission_interfaces/srv/_change_controller.py'...
Compiling '/home/rhobtor/PHD/test_j8_hayat/J8/install/ctl_mission_interfaces/local/lib/python3.10/dist-packages/ctl_mission_interfaces/srv/_change_mode.py'...
Compiling '/home/rhobtor/PHD/test_j8_hayat/J8/install/ctl_mission_interfaces/local/lib/python3.10/dist-packages/ctl_mission_interfaces/srv/_change_speed.py'...
Compiling '/home/rhobtor/PHD/test_j8_hayat/J8/install/ctl_mission_interfaces/local/lib/python3.10/dist-packages/ctl_mission_interfaces/srv/_config_dynamic_la_pure_ctrl.py'...
Compiling '/home/rhobtor/PHD/test_j8_hayat/J8/install/ctl_mission_interfaces/local/lib/python3.10/dist-packages/ctl_mission_interfaces/srv/_config_dynamic_pure_ctrl.py'...
Compiling '/home/rhobtor/PHD/test_j8_hayat/J8/install/ctl_mission_interfaces/local/lib/python3.10/dist-packages/ctl_mission_interfaces/srv/_config_pure_pursuit_ctrl.py'...
Compiling '/home/rhobtor/PHD/test_j8_hayat/J8/install/ctl_mission_interfaces/local/lib/python3.10/dist-packages/ctl_mission_interfaces/srv/_config_regulated_pure_ctrl.py'...
Compiling '/home/rhobtor/PHD/test_j8_hayat/J8/install/ctl_mission_interfaces/local/lib/python3.10/dist-packages/ctl_mission_interfaces/srv/_config_simple_ctl.py'...
Compiling '/home/rhobtor/PHD/test_j8_hayat/J8/install/ctl_mission_interfaces/local/lib/python3.10/dist-packages/ctl_mission_interfaces/srv/_config_stanley_ctrl.py'...
Compiling '/home/rhobtor/PHD/test_j8_hayat/J8/install/ctl_mission_interfaces/local/lib/python3.10/dist-packages/ctl_mission_interfaces/srv/_get_mode.py'...
Compiling '/home/rhobtor/PHD/test_j8_hayat/J8/install/ctl_mission_interfaces/local/lib/python3.10/dist-packages/ctl_mission_interfaces/srv/_get_possible_transitions.py'...
-- Installing: /home/rhobtor/PHD/test_j8_hayat/J8/install/ctl_mission_interfaces/local/lib/python3.10/dist-packages/ctl_mission_interfaces/ctl_mission_interfaces_s__rosidl_typesupport_fastrtps_c.cpython-310-x86_64-linux-gnu.so
-- Set non-toolchain portion of runtime path of "/home/rhobtor/PHD/test_j8_hayat/J8/install/ctl_mission_interfaces/local/lib/python3.10/dist-packages/ctl_mission_interfaces/ctl_mission_interfaces_s__rosidl_typesupport_fastrtps_c.cpython-310-x86_64-linux-gnu.so" to ""
-- Installing: /home/rhobtor/PHD/test_j8_hayat/J8/install/ctl_mission_interfaces/local/lib/python3.10/dist-packages/ctl_mission_interfaces/ctl_mission_interfaces_s__rosidl_typesupport_introspection_c.cpython-310-x86_64-linux-gnu.so
-- Set non-toolchain portion of runtime path of "/home/rhobtor/PHD/test_j8_hayat/J8/install/ctl_mission_interfaces/local/lib/python3.10/dist-packages/ctl_mission_interfaces/ctl_mission_interfaces_s__rosidl_typesupport_introspection_c.cpython-310-x86_64-linux-gnu.so" to ""
-- Installing: /home/rhobtor/PHD/test_j8_hayat/J8/install/ctl_mission_interfaces/local/lib/python3.10/dist-packages/ctl_mission_interfaces/ctl_mission_interfaces_s__rosidl_typesupport_c.cpython-310-x86_64-linux-gnu.so
-- Set non-toolchain portion of runtime path of "/home/rhobtor/PHD/test_j8_hayat/J8/install/ctl_mission_interfaces/local/lib/python3.10/dist-packages/ctl_mission_interfaces/ctl_mission_interfaces_s__rosidl_typesupport_c.cpython-310-x86_64-linux-gnu.so" to ""
-- Installing: /home/rhobtor/PHD/test_j8_hayat/J8/install/ctl_mission_interfaces/lib/libctl_mission_interfaces__rosidl_generator_py.so
-- Set non-toolchain portion of runtime path of "/home/rhobtor/PHD/test_j8_hayat/J8/install/ctl_mission_interfaces/lib/libctl_mission_interfaces__rosidl_generator_py.so" to ""
-- Installing: /home/rhobtor/PHD/test_j8_hayat/J8/install/ctl_mission_interfaces/share/ament_index/resource_index/rust_packages/ctl_mission_interfaces
-- Installing: /home/rhobtor/PHD/test_j8_hayat/J8/install/ctl_mission_interfaces/share/ctl_mission_interfaces/rust
-- Installing: /home/rhobtor/PHD/test_j8_hayat/J8/install/ctl_mission_interfaces/share/ctl_mission_interfaces/rust/src
-- Installing: /home/rhobtor/PHD/test_j8_hayat/J8/install/ctl_mission_interfaces/share/ctl_mission_interfaces/rust/src/lib.rs
-- Installing: /home/rhobtor/PHD/test_j8_hayat/J8/install/ctl_mission_interfaces/share/ctl_mission_interfaces/rust/src/srv
-- Installing: /home/rhobtor/PHD/test_j8_hayat/J8/install/ctl_mission_interfaces/share/ctl_mission_interfaces/rust/src/srv/rmw.rs
-- Installing: /home/rhobtor/PHD/test_j8_hayat/J8/install/ctl_mission_interfaces/share/ctl_mission_interfaces/rust/src/srv.rs
-- Installing: /home/rhobtor/PHD/test_j8_hayat/J8/install/ctl_mission_interfaces/share/ctl_mission_interfaces/rust/Cargo.toml
-- Installing: /home/rhobtor/PHD/test_j8_hayat/J8/install/ctl_mission_interfaces/share/ctl_mission_interfaces/rust/build.rs
-- Installing: /home/rhobtor/PHD/test_j8_hayat/J8/install/ctl_mission_interfaces/share/ctl_mission_interfaces/srv/ChangeMode.idl
-- Installing: /home/rhobtor/PHD/test_j8_hayat/J8/install/ctl_mission_interfaces/share/ctl_mission_interfaces/srv/GetMode.idl
-- Installing: /home/rhobtor/PHD/test_j8_hayat/J8/install/ctl_mission_interfaces/share/ctl_mission_interfaces/srv/ChangeSpeed.idl
-- Installing: /home/rhobtor/PHD/test_j8_hayat/J8/install/ctl_mission_interfaces/share/ctl_mission_interfaces/srv/ConfigSimpleCtl.idl
-- Installing: /home/rhobtor/PHD/test_j8_hayat/J8/install/ctl_mission_interfaces/share/ctl_mission_interfaces/srv/GetPossibleTransitions.idl
-- Installing: /home/rhobtor/PHD/test_j8_hayat/J8/install/ctl_mission_interfaces/share/ctl_mission_interfaces/srv/ChangeController.idl
-- Installing: /home/rhobtor/PHD/test_j8_hayat/J8/install/ctl_mission_interfaces/share/ctl_mission_interfaces/srv/ConfigPurePursuitCtrl.idl
-- Installing: /home/rhobtor/PHD/test_j8_hayat/J8/install/ctl_mission_interfaces/share/ctl_mission_interfaces/srv/ConfigStanleyCtrl.idl
-- Installing: /home/rhobtor/PHD/test_j8_hayat/J8/install/ctl_mission_interfaces/share/ctl_mission_interfaces/srv/ConfigDynamicPureCtrl.idl
-- Installing: /home/rhobtor/PHD/test_j8_hayat/J8/install/ctl_mission_interfaces/share/ctl_mission_interfaces/srv/ConfigDynamicLAPureCtrl.idl
-- Installing: /home/rhobtor/PHD/test_j8_hayat/J8/install/ctl_mission_interfaces/share/ctl_mission_interfaces/srv/ConfigRegulatedPureCtrl.idl
-- Installing: /home/rhobtor/PHD/test_j8_hayat/J8/install/ctl_mission_interfaces/share/ctl_mission_interfaces/srv/ChangeMode.srv
-- Installing: /home/rhobtor/PHD/test_j8_hayat/J8/install/ctl_mission_interfaces/share/ctl_mission_interfaces/srv/ChangeMode_Request.msg
-- Installing: /home/rhobtor/PHD/test_j8_hayat/J8/install/ctl_mission_interfaces/share/ctl_mission_interfaces/srv/ChangeMode_Response.msg
-- Installing: /home/rhobtor/PHD/test_j8_hayat/J8/install/ctl_mission_interfaces/share/ctl_mission_interfaces/srv/GetMode.srv
-- Installing: /home/rhobtor/PHD/test_j8_hayat/J8/install/ctl_mission_interfaces/share/ctl_mission_interfaces/srv/GetMode_Request.msg
-- Installing: /home/rhobtor/PHD/test_j8_hayat/J8/install/ctl_mission_interfaces/share/ctl_mission_interfaces/srv/GetMode_Response.msg
-- Installing: /home/rhobtor/PHD/test_j8_hayat/J8/install/ctl_mission_interfaces/share/ctl_mission_interfaces/srv/ChangeSpeed.srv
-- Installing: /home/rhobtor/PHD/test_j8_hayat/J8/install/ctl_mission_interfaces/share/ctl_mission_interfaces/srv/ChangeSpeed_Request.msg
-- Installing: /home/rhobtor/PHD/test_j8_hayat/J8/install/ctl_mission_interfaces/share/ctl_mission_interfaces/srv/ChangeSpeed_Response.msg
-- Installing: /home/rhobtor/PHD/test_j8_hayat/J8/install/ctl_mission_interfaces/share/ctl_mission_interfaces/srv/ConfigSimpleCtl.srv
-- Installing: /home/rhobtor/PHD/test_j8_hayat/J8/install/ctl_mission_interfaces/share/ctl_mission_interfaces/srv/ConfigSimpleCtl_Request.msg
-- Installing: /home/rhobtor/PHD/test_j8_hayat/J8/install/ctl_mission_interfaces/share/ctl_mission_interfaces/srv/ConfigSimpleCtl_Response.msg
-- Installing: /home/rhobtor/PHD/test_j8_hayat/J8/install/ctl_mission_interfaces/share/ctl_mission_interfaces/srv/GetPossibleTransitions.srv
-- Installing: /home/rhobtor/PHD/test_j8_hayat/J8/install/ctl_mission_interfaces/share/ctl_mission_interfaces/srv/GetPossibleTransitions_Request.msg
-- Installing: /home/rhobtor/PHD/test_j8_hayat/J8/install/ctl_mission_interfaces/share/ctl_mission_interfaces/srv/GetPossibleTransitions_Response.msg
-- Installing: /home/rhobtor/PHD/test_j8_hayat/J8/install/ctl_mission_interfaces/share/ctl_mission_interfaces/srv/ChangeController.srv
-- Installing: /home/rhobtor/PHD/test_j8_hayat/J8/install/ctl_mission_interfaces/share/ctl_mission_interfaces/srv/ChangeController_Request.msg
-- Installing: /home/rhobtor/PHD/test_j8_hayat/J8/install/ctl_mission_interfaces/share/ctl_mission_interfaces/srv/ChangeController_Response.msg
-- Installing: /home/rhobtor/PHD/test_j8_hayat/J8/install/ctl_mission_interfaces/share/ctl_mission_interfaces/srv/ConfigPurePursuitCtrl.srv
-- Installing: /home/rhobtor/PHD/test_j8_hayat/J8/install/ctl_mission_interfaces/share/ctl_mission_interfaces/srv/ConfigPurePursuitCtrl_Request.msg
-- Installing: /home/rhobtor/PHD/test_j8_hayat/J8/install/ctl_mission_interfaces/share/ctl_mission_interfaces/srv/ConfigPurePursuitCtrl_Response.msg
-- Installing: /home/rhobtor/PHD/test_j8_hayat/J8/install/ctl_mission_interfaces/share/ctl_mission_interfaces/srv/ConfigStanleyCtrl.srv
-- Installing: /home/rhobtor/PHD/test_j8_hayat/J8/install/ctl_mission_interfaces/share/ctl_mission_interfaces/srv/ConfigStanleyCtrl_Request.msg
-- Installing: /home/rhobtor/PHD/test_j8_hayat/J8/install/ctl_mission_interfaces/share/ctl_mission_interfaces/srv/ConfigStanleyCtrl_Response.msg
-- Installing: /home/rhobtor/PHD/test_j8_hayat/J8/install/ctl_mission_interfaces/share/ctl_mission_interfaces/srv/ConfigDynamicPureCtrl.srv
-- Installing: /home/rhobtor/PHD/test_j8_hayat/J8/install/ctl_mission_interfaces/share/ctl_mission_interfaces/srv/ConfigDynamicPureCtrl_Request.msg
-- Installing: /home/rhobtor/PHD/test_j8_hayat/J8/install/ctl_mission_interfaces/share/ctl_mission_interfaces/srv/ConfigDynamicPureCtrl_Response.msg
-- Installing: /home/rhobtor/PHD/test_j8_hayat/J8/install/ctl_mission_interfaces/share/ctl_mission_interfaces/srv/ConfigDynamicLAPureCtrl.srv
-- Installing: /home/rhobtor/PHD/test_j8_hayat/J8/install/ctl_mission_interfaces/share/ctl_mission_interfaces/srv/ConfigDynamicLAPureCtrl_Request.msg
-- Installing: /home/rhobtor/PHD/test_j8_hayat/J8/install/ctl_mission_interfaces/share/ctl_mission_interfaces/srv/ConfigDynamicLAPureCtrl_Response.msg
-- Installing: /home/rhobtor/PHD/test_j8_hayat/J8/install/ctl_mission_interfaces/share/ctl_mission_interfaces/srv/ConfigRegulatedPureCtrl.srv
-- Installing: /home/rhobtor/PHD/test_j8_hayat/J8/install/ctl_mission_interfaces/share/ctl_mission_interfaces/srv/ConfigRegulatedPureCtrl_Request.msg
-- Installing: /home/rhobtor/PHD/test_j8_hayat/J8/install/ctl_mission_interfaces/share/ctl_mission_interfaces/srv/ConfigRegulatedPureCtrl_Response.msg
-- Installing: /home/rhobtor/PHD/test_j8_hayat/J8/install/ctl_mission_interfaces/share/ament_index/resource_index/package_run_dependencies/ctl_mission_interfaces
-- Installing: /home/rhobtor/PHD/test_j8_hayat/J8/install/ctl_mission_interfaces/share/ament_index/resource_index/parent_prefix_path/ctl_mission_interfaces
-- Installing: /home/rhobtor/PHD/test_j8_hayat/J8/install/ctl_mission_interfaces/share/ctl_mission_interfaces/environment/ament_prefix_path.sh
-- Installing: /home/rhobtor/PHD/test_j8_hayat/J8/install/ctl_mission_interfaces/share/ctl_mission_interfaces/environment/ament_prefix_path.dsv
-- Installing: /home/rhobtor/PHD/test_j8_hayat/J8/install/ctl_mission_interfaces/share/ctl_mission_interfaces/environment/path.sh
-- Installing: /home/rhobtor/PHD/test_j8_hayat/J8/install/ctl_mission_interfaces/share/ctl_mission_interfaces/environment/path.dsv
-- Installing: /home/rhobtor/PHD/test_j8_hayat/J8/install/ctl_mission_interfaces/share/ctl_mission_interfaces/local_setup.bash
-- Installing: /home/rhobtor/PHD/test_j8_hayat/J8/install/ctl_mission_interfaces/share/ctl_mission_interfaces/local_setup.sh
-- Installing: /home/rhobtor/PHD/test_j8_hayat/J8/install/ctl_mission_interfaces/share/ctl_mission_interfaces/local_setup.zsh
-- Installing: /home/rhobtor/PHD/test_j8_hayat/J8/install/ctl_mission_interfaces/share/ctl_mission_interfaces/local_setup.dsv
-- Installing: /home/rhobtor/PHD/test_j8_hayat/J8/install/ctl_mission_interfaces/share/ctl_mission_interfaces/package.dsv
-- Installing: /home/rhobtor/PHD/test_j8_hayat/J8/install/ctl_mission_interfaces/share/ament_index/resource_index/packages/ctl_mission_interfaces
-- Installing: /home/rhobtor/PHD/test_j8_hayat/J8/install/ctl_mission_interfaces/share/ctl_mission_interfaces/cmake/export_ctl_mission_interfaces__rosidl_generator_cExport.cmake
-- Installing: /home/rhobtor/PHD/test_j8_hayat/J8/install/ctl_mission_interfaces/share/ctl_mission_interfaces/cmake/export_ctl_mission_interfaces__rosidl_generator_cExport-noconfig.cmake
-- Installing: /home/rhobtor/PHD/test_j8_hayat/J8/install/ctl_mission_interfaces/share/ctl_mission_interfaces/cmake/export_ctl_mission_interfaces__rosidl_typesupport_fastrtps_cExport.cmake
-- Installing: /home/rhobtor/PHD/test_j8_hayat/J8/install/ctl_mission_interfaces/share/ctl_mission_interfaces/cmake/export_ctl_mission_interfaces__rosidl_typesupport_fastrtps_cExport-noconfig.cmake
-- Installing: /home/rhobtor/PHD/test_j8_hayat/J8/install/ctl_mission_interfaces/share/ctl_mission_interfaces/cmake/ctl_mission_interfaces__rosidl_typesupport_introspection_cExport.cmake
-- Installing: /home/rhobtor/PHD/test_j8_hayat/J8/install/ctl_mission_interfaces/share/ctl_mission_interfaces/cmake/ctl_mission_interfaces__rosidl_typesupport_introspection_cExport-noconfig.cmake
-- Installing: /home/rhobtor/PHD/test_j8_hayat/J8/install/ctl_mission_interfaces/share/ctl_mission_interfaces/cmake/ctl_mission_interfaces__rosidl_typesupport_cExport.cmake
-- Installing: /home/rhobtor/PHD/test_j8_hayat/J8/install/ctl_mission_interfaces/share/ctl_mission_interfaces/cmake/ctl_mission_interfaces__rosidl_typesupport_cExport-noconfig.cmake
-- Installing: /home/rhobtor/PHD/test_j8_hayat/J8/install/ctl_mission_interfaces/share/ctl_mission_interfaces/cmake/export_ctl_mission_interfaces__rosidl_generator_cppExport.cmake
-- Installing: /home/rhobtor/PHD/test_j8_hayat/J8/install/ctl_mission_interfaces/share/ctl_mission_interfaces/cmake/export_ctl_mission_interfaces__rosidl_typesupport_fastrtps_cppExport.cmake
-- Installing: /home/rhobtor/PHD/test_j8_hayat/J8/install/ctl_mission_interfaces/share/ctl_mission_interfaces/cmake/export_ctl_mission_interfaces__rosidl_typesupport_fastrtps_cppExport-noconfig.cmake
-- Installing: /home/rhobtor/PHD/test_j8_hayat/J8/install/ctl_mission_interfaces/share/ctl_mission_interfaces/cmake/ctl_mission_interfaces__rosidl_typesupport_introspection_cppExport.cmake
-- Installing: /home/rhobtor/PHD/test_j8_hayat/J8/install/ctl_mission_interfaces/share/ctl_mission_interfaces/cmake/ctl_mission_interfaces__rosidl_typesupport_introspection_cppExport-noconfig.cmake
-- Installing: /home/rhobtor/PHD/test_j8_hayat/J8/install/ctl_mission_interfaces/share/ctl_mission_interfaces/cmake/ctl_mission_interfaces__rosidl_typesupport_cppExport.cmake
-- Installing: /home/rhobtor/PHD/test_j8_hayat/J8/install/ctl_mission_interfaces/share/ctl_mission_interfaces/cmake/ctl_mission_interfaces__rosidl_typesupport_cppExport-noconfig.cmake
-- Installing: /home/rhobtor/PHD/test_j8_hayat/J8/install/ctl_mission_interfaces/share/ctl_mission_interfaces/cmake/export_ctl_mission_interfaces__rosidl_generator_pyExport.cmake
-- Installing: /home/rhobtor/PHD/test_j8_hayat/J8/install/ctl_mission_interfaces/share/ctl_mission_interfaces/cmake/export_ctl_mission_interfaces__rosidl_generator_pyExport-noconfig.cmake
-- Installing: /home/rhobtor/PHD/test_j8_hayat/J8/install/ctl_mission_interfaces/share/ctl_mission_interfaces/cmake/rosidl_cmake-extras.cmake
-- Installing: /home/rhobtor/PHD/test_j8_hayat/J8/install/ctl_mission_interfaces/share/ctl_mission_interfaces/cmake/ament_cmake_export_dependencies-extras.cmake
-- Installing: /home/rhobtor/PHD/test_j8_hayat/J8/install/ctl_mission_interfaces/share/ctl_mission_interfaces/cmake/ament_cmake_export_include_directories-extras.cmake
-- Installing: /home/rhobtor/PHD/test_j8_hayat/J8/install/ctl_mission_interfaces/share/ctl_mission_interfaces/cmake/ament_cmake_export_libraries-extras.cmake
-- Installing: /home/rhobtor/PHD/test_j8_hayat/J8/install/ctl_mission_interfaces/share/ctl_mission_interfaces/cmake/ament_cmake_export_targets-extras.cmake
-- Installing: /home/rhobtor/PHD/test_j8_hayat/J8/install/ctl_mission_interfaces/share/ctl_mission_interfaces/cmake/rosidl_cmake_export_typesupport_targets-extras.cmake
-- Installing: /home/rhobtor/PHD/test_j8_hayat/J8/install/ctl_mission_interfaces/share/ctl_mission_interfaces/cmake/rosidl_cmake_export_typesupport_libraries-extras.cmake
-- Installing: /home/rhobtor/PHD/test_j8_hayat/J8/install/ctl_mission_interfaces/share/ctl_mission_interfaces/cmake/ctl_mission_interfacesConfig.cmake
-- Installing: /home/rhobtor/PHD/test_j8_hayat/J8/install/ctl_mission_interfaces/share/ctl_mission_interfaces/cmake/ctl_mission_interfacesConfig-version.cmake
-- Installing: /home/rhobtor/PHD/test_j8_hayat/J8/install/ctl_mission_interfaces/share/ctl_mission_interfaces/package.xml
