[0.082s] Invoking command in '/home/rhobtor/PHD/test_j8_hayat/J8/build/ctl_mission_interfaces': CMAKE_PREFIX_PATH=${CMAKE_PREFIX_PATH}:/home/rhobtor/PHD/ARGOJ8_IA/ARGOSJ8_IA_/install/ntrip_client:/home/rhobtor/PHD/ARGOJ8_IA/ARGOSJ8_IA_/install/j8_gui:/home/rhobtor/PHD/ARGOJ8_IA/ARGOSJ8_IA_/install/car:/home/rhobtor/PHD/ARGOJ8_IA/ARGOSJ8_IA_/install/android_ros2_server:/home/rhobtor/PHD/ARGOJ8_IA/ARGOSJ8_IA_/install/GUI_pkg:/opt/ros/humble /opt/st/stm32cubeclt_1.18.0/CMake/bin/cmake /home/rhobtor/PHD/test_j8_hayat/J8/src/ctl_mission/ctl_mission_interfaces -DCMAKE_INSTALL_PREFIX=/home/rhobtor/PHD/test_j8_hayat/J8/install/ctl_mission_interfaces
[1.546s] -- The C compiler identification is GNU 11.4.0
[1.546s] -- The CXX compiler identification is GNU 11.4.0
[1.546s] -- Detecting C compiler ABI info
[1.547s] -- Detecting C compiler ABI info - done
[1.547s] -- Check for working C compiler: /usr/bin/cc - skipped
[1.547s] -- Detecting C compile features
[1.547s] -- Detecting C compile features - done
[1.547s] -- Detecting CXX compiler ABI info
[1.547s] -- Detecting CXX compiler ABI info - done
[1.547s] -- Check for working CXX compiler: /usr/bin/c++ - skipped
[1.547s] -- Detecting CXX compile features
[1.548s] -- Detecting CXX compile features - done
[1.548s] -- Found ament_cmake: 1.3.14 (/opt/ros/humble/share/ament_cmake/cmake)
[1.548s] -- Found Python3: /usr/bin/python3 (found version "3.10.12") found components: Interpreter 
[1.548s] -- Found rosidl_default_generators: 1.2.1 (/opt/ros/humble/share/rosidl_default_generators/cmake)
[1.548s] -- Using all available rosidl_typesupport_c: rosidl_typesupport_fastrtps_c;rosidl_typesupport_introspection_c
[1.560s] -- Found rosidl_adapter: 3.1.8 (/opt/ros/humble/share/rosidl_adapter/cmake)
[1.760s] -- Using all available rosidl_typesupport_cpp: rosidl_typesupport_fastrtps_cpp;rosidl_typesupport_introspection_cpp
[1.963s] -- Found std_msgs: 4.9.1 (/opt/ros/humble/share/std_msgs/cmake)
[2.050s] -- Found nav_msgs: 4.9.1 (/opt/ros/humble/share/nav_msgs/cmake)
[4.224s] -- Found ament_cmake_ros: 0.10.0 (/opt/ros/humble/share/ament_cmake_ros/cmake)
[6.218s] -- Using all available rosidl_typesupport_c: rosidl_typesupport_fastrtps_c;rosidl_typesupport_introspection_c
[8.439s] -- Using all available rosidl_typesupport_cpp: rosidl_typesupport_fastrtps_cpp;rosidl_typesupport_introspection_cpp
[8.448s] [33mCMake Warning (dev) at /opt/ros/humble/share/rosidl_generator_py/cmake/rosidl_generator_py_generate_interfaces.cmake:20 (find_package):
[8.448s]   Policy CMP0148 is not set: The FindPythonInterp and FindPythonLibs modules
[8.449s]   are removed.  Run "cmake --help-policy CMP0148" for policy details.  Use
[8.449s]   the cmake_policy command to set the policy and suppress this warning.
[8.449s] 
[8.449s] Call Stack (most recent call first):
[8.449s]   /opt/ros/humble/share/ament_cmake_core/cmake/core/ament_execute_extensions.cmake:48 (include)
[8.449s]   /opt/ros/humble/share/rosidl_cmake/cmake/rosidl_generate_interfaces.cmake:286 (ament_execute_extensions)
[8.449s]   CMakeLists.txt:19 (rosidl_generate_interfaces)
[8.450s] This warning is for project developers.  Use -Wno-dev to suppress it.
[8.450s] [0m
[8.550s] -- Found PythonInterp: /usr/bin/python3 (found suitable version "3.10.12", minimum required is "3.6") 
[8.570s] -- Found python_cmake_module: 0.10.0 (/opt/ros/humble/share/python_cmake_module/cmake)
[8.576s] [33mCMake Warning (dev) at /opt/ros/humble/share/python_cmake_module/cmake/Modules/FindPythonExtra.cmake:52 (find_package):
[8.576s]   Policy CMP0148 is not set: The FindPythonInterp and FindPythonLibs modules
[8.577s]   are removed.  Run "cmake --help-policy CMP0148" for policy details.  Use
[8.577s]   the cmake_policy command to set the policy and suppress this warning.
[8.577s] 
[8.577s] Call Stack (most recent call first):
[8.577s]   /opt/ros/humble/share/rosidl_generator_py/cmake/rosidl_generator_py_generate_interfaces.cmake:23 (find_package)
[8.578s]   /opt/ros/humble/share/ament_cmake_core/cmake/core/ament_execute_extensions.cmake:48 (include)
[8.578s]   /opt/ros/humble/share/rosidl_cmake/cmake/rosidl_generate_interfaces.cmake:286 (ament_execute_extensions)
[8.578s]   CMakeLists.txt:19 (rosidl_generate_interfaces)
[8.578s] This warning is for project developers.  Use -Wno-dev to suppress it.
[8.578s] [0m
[8.667s] [33mCMake Warning (dev) at /opt/ros/humble/share/python_cmake_module/cmake/Modules/FindPythonExtra.cmake:140 (find_package):
[8.668s]   Policy CMP0148 is not set: The FindPythonInterp and FindPythonLibs modules
[8.668s]   are removed.  Run "cmake --help-policy CMP0148" for policy details.  Use
[8.668s]   the cmake_policy command to set the policy and suppress this warning.
[8.669s] 
[8.669s] Call Stack (most recent call first):
[8.669s]   /opt/ros/humble/share/rosidl_generator_py/cmake/rosidl_generator_py_generate_interfaces.cmake:23 (find_package)
[8.670s]   /opt/ros/humble/share/ament_cmake_core/cmake/core/ament_execute_extensions.cmake:48 (include)
[8.676s]   /opt/ros/humble/share/rosidl_cmake/cmake/rosidl_generate_interfaces.cmake:286 (ament_execute_extensions)
[8.676s]   CMakeLists.txt:19 (rosidl_generate_interfaces)
[8.676s] This warning is for project developers.  Use -Wno-dev to suppress it.
[8.676s] [0m
[8.722s] -- Found PythonLibs: /usr/lib/x86_64-linux-gnu/libpython3.10.so (found suitable version "3.10.12", minimum required is "3.5") 
[8.722s] -- Using PYTHON_EXECUTABLE: /usr/bin/python3
[8.722s] -- Using PYTHON_INCLUDE_DIRS: /usr/include/python3.10
[8.722s] -- Using PYTHON_LIBRARIES: /usr/lib/x86_64-linux-gnu/libpython3.10.so
[8.803s] -- Found PythonExtra: .so  
[10.916s] -- Configuring done (10.8s)
[11.597s] -- Generating done (0.6s)
[11.745s] -- Build files have been written to: /home/rhobtor/PHD/test_j8_hayat/J8/build/ctl_mission_interfaces
[11.883s] Invoked command in '/home/rhobtor/PHD/test_j8_hayat/J8/build/ctl_mission_interfaces' returned '0': CMAKE_PREFIX_PATH=${CMAKE_PREFIX_PATH}:/home/rhobtor/PHD/ARGOJ8_IA/ARGOSJ8_IA_/install/ntrip_client:/home/rhobtor/PHD/ARGOJ8_IA/ARGOSJ8_IA_/install/j8_gui:/home/rhobtor/PHD/ARGOJ8_IA/ARGOSJ8_IA_/install/car:/home/rhobtor/PHD/ARGOJ8_IA/ARGOSJ8_IA_/install/android_ros2_server:/home/rhobtor/PHD/ARGOJ8_IA/ARGOSJ8_IA_/install/GUI_pkg:/opt/ros/humble /opt/st/stm32cubeclt_1.18.0/CMake/bin/cmake /home/rhobtor/PHD/test_j8_hayat/J8/src/ctl_mission/ctl_mission_interfaces -DCMAKE_INSTALL_PREFIX=/home/rhobtor/PHD/test_j8_hayat/J8/install/ctl_mission_interfaces
[11.884s] Invoking command in '/home/rhobtor/PHD/test_j8_hayat/J8/build/ctl_mission_interfaces': CMAKE_PREFIX_PATH=${CMAKE_PREFIX_PATH}:/home/rhobtor/PHD/ARGOJ8_IA/ARGOSJ8_IA_/install/ntrip_client:/home/rhobtor/PHD/ARGOJ8_IA/ARGOSJ8_IA_/install/j8_gui:/home/rhobtor/PHD/ARGOJ8_IA/ARGOSJ8_IA_/install/car:/home/rhobtor/PHD/ARGOJ8_IA/ARGOSJ8_IA_/install/android_ros2_server:/home/rhobtor/PHD/ARGOJ8_IA/ARGOSJ8_IA_/install/GUI_pkg:/opt/ros/humble /opt/st/stm32cubeclt_1.18.0/CMake/bin/cmake --build /home/rhobtor/PHD/test_j8_hayat/J8/build/ctl_mission_interfaces -- -j16 -l16
[21.060s] [  1%] [34m[1mGenerating C code for ROS interfaces[0m
[21.060s] [  2%] [34m[1mGenerating Rust code for ROS interfaces[0m
[21.060s] [  2%] [34m[1mGenerating C++ code for ROS interfaces[0m
[21.060s] [  2%] Built target ament_cmake_python_copy_ctl_mission_interfaces
[21.060s] running egg_info
[21.061s] creating ctl_mission_interfaces.egg-info
[21.061s] writing ctl_mission_interfaces.egg-info/PKG-INFO
[21.061s] writing dependency_links to ctl_mission_interfaces.egg-info/dependency_links.txt
[21.061s] writing top-level names to ctl_mission_interfaces.egg-info/top_level.txt
[21.061s] writing manifest file 'ctl_mission_interfaces.egg-info/SOURCES.txt'
[21.061s] [  2%] Built target ctl_mission_interfaces__rs
[21.062s] reading manifest file 'ctl_mission_interfaces.egg-info/SOURCES.txt'
[21.062s] writing manifest file 'ctl_mission_interfaces.egg-info/SOURCES.txt'
[21.062s] [  2%] Built target ament_cmake_python_build_ctl_mission_interfaces_egg
[22.433s] [  3%] [32mBuilding C object CMakeFiles/ctl_mission_interfaces__rosidl_generator_c.dir/rosidl_generator_c/ctl_mission_interfaces/srv/detail/change_mode__functions.c.o[0m
[22.449s] [  4%] [32mBuilding C object CMakeFiles/ctl_mission_interfaces__rosidl_generator_c.dir/rosidl_generator_c/ctl_mission_interfaces/srv/detail/get_mode__functions.c.o[0m
[22.458s] [  5%] [32mBuilding C object CMakeFiles/ctl_mission_interfaces__rosidl_generator_c.dir/rosidl_generator_c/ctl_mission_interfaces/srv/detail/change_speed__functions.c.o[0m
[22.481s] [  6%] [32mBuilding C object CMakeFiles/ctl_mission_interfaces__rosidl_generator_c.dir/rosidl_generator_c/ctl_mission_interfaces/srv/detail/get_possible_transitions__functions.c.o[0m
[22.483s] [  7%] [32mBuilding C object CMakeFiles/ctl_mission_interfaces__rosidl_generator_c.dir/rosidl_generator_c/ctl_mission_interfaces/srv/detail/config_simple_ctl__functions.c.o[0m
[22.487s] [  8%] [32mBuilding C object CMakeFiles/ctl_mission_interfaces__rosidl_generator_c.dir/rosidl_generator_c/ctl_mission_interfaces/srv/detail/change_controller__functions.c.o[0m
[22.505s] [  9%] [32mBuilding C object CMakeFiles/ctl_mission_interfaces__rosidl_generator_c.dir/rosidl_generator_c/ctl_mission_interfaces/srv/detail/config_stanley_ctrl__functions.c.o[0m
[22.515s] [  9%] [32mBuilding C object CMakeFiles/ctl_mission_interfaces__rosidl_generator_c.dir/rosidl_generator_c/ctl_mission_interfaces/srv/detail/config_pure_pursuit_ctrl__functions.c.o[0m
[22.680s] [ 10%] [32mBuilding C object CMakeFiles/ctl_mission_interfaces__rosidl_generator_c.dir/rosidl_generator_c/ctl_mission_interfaces/srv/detail/config_regulated_pure_ctrl__functions.c.o[0m
[22.884s] [ 11%] [32mBuilding C object CMakeFiles/ctl_mission_interfaces__rosidl_generator_c.dir/rosidl_generator_c/ctl_mission_interfaces/srv/detail/config_dynamic_la_pure_ctrl__functions.c.o[0m
[22.900s] [ 12%] [32mBuilding C object CMakeFiles/ctl_mission_interfaces__rosidl_generator_c.dir/rosidl_generator_c/ctl_mission_interfaces/srv/detail/config_dynamic_pure_ctrl__functions.c.o[0m
[23.432s] [ 13%] [32m[1mLinking C shared library libctl_mission_interfaces__rosidl_generator_c.so[0m
[23.464s] [ 13%] Built target ctl_mission_interfaces__cpp
[23.494s] [ 14%] [34m[1mGenerating C++ introspection for ROS interfaces[0m
[23.510s] [ 15%] [34m[1mGenerating C++ type support for eProsima Fast-RTPS[0m
[23.522s] [ 16%] [34m[1mGenerating C++ type support dispatch for ROS interfaces[0m
[23.613s] [ 16%] Built target ctl_mission_interfaces__rosidl_generator_c
[23.674s] [ 17%] [34m[1mGenerating C introspection for ROS interfaces[0m
[23.675s] [ 18%] [34m[1mGenerating C type support for eProsima Fast-RTPS[0m
[23.675s] [ 19%] [34m[1mGenerating C type support dispatch for ROS interfaces[0m
[28.721s] [ 19%] [32mBuilding CXX object CMakeFiles/ctl_mission_interfaces__rosidl_typesupport_c.dir/rosidl_typesupport_c/ctl_mission_interfaces/srv/change_mode__type_support.cpp.o[0m
[28.911s] [ 20%] [32mBuilding CXX object CMakeFiles/ctl_mission_interfaces__rosidl_typesupport_c.dir/rosidl_typesupport_c/ctl_mission_interfaces/srv/config_regulated_pure_ctrl__type_support.cpp.o[0m
[29.158s] [ 20%] [32mBuilding CXX object CMakeFiles/ctl_mission_interfaces__rosidl_typesupport_c.dir/rosidl_typesupport_c/ctl_mission_interfaces/srv/config_dynamic_la_pure_ctrl__type_support.cpp.o[0m
[29.187s] [ 21%] [32mBuilding CXX object CMakeFiles/ctl_mission_interfaces__rosidl_typesupport_cpp.dir/rosidl_typesupport_cpp/ctl_mission_interfaces/srv/change_mode__type_support.cpp.o[0m
[29.341s] [ 22%] [32mBuilding CXX object CMakeFiles/ctl_mission_interfaces__rosidl_typesupport_c.dir/rosidl_typesupport_c/ctl_mission_interfaces/srv/config_dynamic_pure_ctrl__type_support.cpp.o[0m
[29.446s] [ 23%] [32mBuilding CXX object CMakeFiles/ctl_mission_interfaces__rosidl_typesupport_c.dir/rosidl_typesupport_c/ctl_mission_interfaces/srv/config_stanley_ctrl__type_support.cpp.o[0m
[29.575s] [ 24%] [32mBuilding CXX object CMakeFiles/ctl_mission_interfaces__rosidl_typesupport_c.dir/rosidl_typesupport_c/ctl_mission_interfaces/srv/config_pure_pursuit_ctrl__type_support.cpp.o[0m
[29.761s] [ 25%] [32mBuilding CXX object CMakeFiles/ctl_mission_interfaces__rosidl_typesupport_c.dir/rosidl_typesupport_c/ctl_mission_interfaces/srv/change_controller__type_support.cpp.o[0m
[29.973s] [ 26%] [32mBuilding CXX object CMakeFiles/ctl_mission_interfaces__rosidl_typesupport_c.dir/rosidl_typesupport_c/ctl_mission_interfaces/srv/get_possible_transitions__type_support.cpp.o[0m
[30.167s] [ 27%] [32mBuilding CXX object CMakeFiles/ctl_mission_interfaces__rosidl_typesupport_c.dir/rosidl_typesupport_c/ctl_mission_interfaces/srv/config_simple_ctl__type_support.cpp.o[0m
[30.358s] [ 28%] [32mBuilding CXX object CMakeFiles/ctl_mission_interfaces__rosidl_typesupport_c.dir/rosidl_typesupport_c/ctl_mission_interfaces/srv/change_speed__type_support.cpp.o[0m
[30.563s] [ 29%] [32mBuilding CXX object CMakeFiles/ctl_mission_interfaces__rosidl_typesupport_c.dir/rosidl_typesupport_c/ctl_mission_interfaces/srv/get_mode__type_support.cpp.o[0m
[30.640s] [ 30%] [32mBuilding CXX object CMakeFiles/ctl_mission_interfaces__rosidl_typesupport_cpp.dir/rosidl_typesupport_cpp/ctl_mission_interfaces/srv/config_regulated_pure_ctrl__type_support.cpp.o[0m
[30.671s] [ 31%] [32mBuilding CXX object CMakeFiles/ctl_mission_interfaces__rosidl_typesupport_introspection_cpp.dir/rosidl_typesupport_introspection_cpp/ctl_mission_interfaces/srv/detail/change_mode__type_support.cpp.o[0m
[30.678s] [ 32%] [32m[1mLinking CXX shared library libctl_mission_interfaces__rosidl_typesupport_c.so[0m
[30.743s] [ 32%] [32mBuilding CXX object CMakeFiles/ctl_mission_interfaces__rosidl_typesupport_fastrtps_c.dir/rosidl_typesupport_fastrtps_c/ctl_mission_interfaces/srv/detail/change_mode__type_support_c.cpp.o[0m
[30.870s] [ 32%] Built target ctl_mission_interfaces__rosidl_typesupport_c
[31.299s] [ 32%] [32mBuilding C object CMakeFiles/ctl_mission_interfaces__rosidl_typesupport_introspection_c.dir/rosidl_typesupport_introspection_c/ctl_mission_interfaces/srv/detail/change_mode__type_support.c.o[0m
[31.509s] [ 33%] [32mBuilding C object CMakeFiles/ctl_mission_interfaces__rosidl_typesupport_introspection_c.dir/rosidl_typesupport_introspection_c/ctl_mission_interfaces/srv/detail/get_mode__type_support.c.o[0m
[31.748s] [ 34%] [32mBuilding C object CMakeFiles/ctl_mission_interfaces__rosidl_typesupport_introspection_c.dir/rosidl_typesupport_introspection_c/ctl_mission_interfaces/srv/detail/change_speed__type_support.c.o[0m
[31.943s] [ 35%] [32mBuilding C object CMakeFiles/ctl_mission_interfaces__rosidl_typesupport_introspection_c.dir/rosidl_typesupport_introspection_c/ctl_mission_interfaces/srv/detail/config_simple_ctl__type_support.c.o[0m
[32.106s] [ 36%] [32mBuilding CXX object CMakeFiles/ctl_mission_interfaces__rosidl_typesupport_introspection_cpp.dir/rosidl_typesupport_introspection_cpp/ctl_mission_interfaces/srv/detail/get_mode__type_support.cpp.o[0m
[32.114s] [ 37%] [32mBuilding CXX object CMakeFiles/ctl_mission_interfaces__rosidl_typesupport_cpp.dir/rosidl_typesupport_cpp/ctl_mission_interfaces/srv/config_dynamic_la_pure_ctrl__type_support.cpp.o[0m
[32.145s] [ 38%] [32mBuilding C object CMakeFiles/ctl_mission_interfaces__rosidl_typesupport_introspection_c.dir/rosidl_typesupport_introspection_c/ctl_mission_interfaces/srv/detail/get_possible_transitions__type_support.c.o[0m
[32.325s] [ 39%] [32mBuilding C object CMakeFiles/ctl_mission_interfaces__rosidl_typesupport_introspection_c.dir/rosidl_typesupport_introspection_c/ctl_mission_interfaces/srv/detail/change_controller__type_support.c.o[0m
[32.460s] [ 40%] [32mBuilding CXX object CMakeFiles/ctl_mission_interfaces__rosidl_typesupport_fastrtps_cpp.dir/rosidl_typesupport_fastrtps_cpp/ctl_mission_interfaces/srv/detail/dds_fastrtps/change_mode__type_support.cpp.o[0m
[32.549s] [ 41%] [32mBuilding C object CMakeFiles/ctl_mission_interfaces__rosidl_typesupport_introspection_c.dir/rosidl_typesupport_introspection_c/ctl_mission_interfaces/srv/detail/config_pure_pursuit_ctrl__type_support.c.o[0m
[32.686s] [ 42%] [32mBuilding C object CMakeFiles/ctl_mission_interfaces__rosidl_typesupport_introspection_c.dir/rosidl_typesupport_introspection_c/ctl_mission_interfaces/srv/detail/config_stanley_ctrl__type_support.c.o[0m
[32.822s] [ 43%] [32mBuilding C object CMakeFiles/ctl_mission_interfaces__rosidl_typesupport_introspection_c.dir/rosidl_typesupport_introspection_c/ctl_mission_interfaces/srv/detail/config_dynamic_pure_ctrl__type_support.c.o[0m
[33.014s] [ 43%] [32mBuilding C object CMakeFiles/ctl_mission_interfaces__rosidl_typesupport_introspection_c.dir/rosidl_typesupport_introspection_c/ctl_mission_interfaces/srv/detail/config_dynamic_la_pure_ctrl__type_support.c.o[0m
[33.284s] [ 44%] [32mBuilding C object CMakeFiles/ctl_mission_interfaces__rosidl_typesupport_introspection_c.dir/rosidl_typesupport_introspection_c/ctl_mission_interfaces/srv/detail/config_regulated_pure_ctrl__type_support.c.o[0m
[33.381s] [ 45%] [32mBuilding CXX object CMakeFiles/ctl_mission_interfaces__rosidl_typesupport_fastrtps_c.dir/rosidl_typesupport_fastrtps_c/ctl_mission_interfaces/srv/detail/change_speed__type_support_c.cpp.o[0m
[33.470s] [ 46%] [32m[1mLinking C shared library libctl_mission_interfaces__rosidl_typesupport_introspection_c.so[0m
[33.602s] [ 47%] [32mBuilding CXX object CMakeFiles/ctl_mission_interfaces__rosidl_typesupport_cpp.dir/rosidl_typesupport_cpp/ctl_mission_interfaces/srv/config_dynamic_pure_ctrl__type_support.cpp.o[0m
[33.633s] [ 47%] Built target ctl_mission_interfaces__rosidl_typesupport_introspection_c
[34.211s] [ 48%] [32mBuilding CXX object CMakeFiles/ctl_mission_interfaces__rosidl_typesupport_introspection_cpp.dir/rosidl_typesupport_introspection_cpp/ctl_mission_interfaces/srv/detail/change_controller__type_support.cpp.o[0m
[34.512s] [ 49%] [32mBuilding CXX object CMakeFiles/ctl_mission_interfaces__rosidl_typesupport_fastrtps_c.dir/rosidl_typesupport_fastrtps_c/ctl_mission_interfaces/srv/detail/get_mode__type_support_c.cpp.o[0m
[34.565s] [ 50%] [32mBuilding CXX object CMakeFiles/ctl_mission_interfaces__rosidl_typesupport_cpp.dir/rosidl_typesupport_cpp/ctl_mission_interfaces/srv/config_stanley_ctrl__type_support.cpp.o[0m
[35.125s] [ 51%] [32mBuilding CXX object CMakeFiles/ctl_mission_interfaces__rosidl_typesupport_fastrtps_cpp.dir/rosidl_typesupport_fastrtps_cpp/ctl_mission_interfaces/srv/detail/dds_fastrtps/change_speed__type_support.cpp.o[0m
[35.578s] [ 52%] [32mBuilding CXX object CMakeFiles/ctl_mission_interfaces__rosidl_typesupport_cpp.dir/rosidl_typesupport_cpp/ctl_mission_interfaces/srv/config_pure_pursuit_ctrl__type_support.cpp.o[0m
[36.146s] [ 53%] [32mBuilding CXX object CMakeFiles/ctl_mission_interfaces__rosidl_typesupport_introspection_cpp.dir/rosidl_typesupport_introspection_cpp/ctl_mission_interfaces/srv/detail/config_pure_pursuit_ctrl__type_support.cpp.o[0m
[36.183s] [ 54%] [32mBuilding CXX object CMakeFiles/ctl_mission_interfaces__rosidl_typesupport_fastrtps_c.dir/rosidl_typesupport_fastrtps_c/ctl_mission_interfaces/srv/detail/get_possible_transitions__type_support_c.cpp.o[0m
[36.428s] [ 55%] [32mBuilding CXX object CMakeFiles/ctl_mission_interfaces__rosidl_typesupport_cpp.dir/rosidl_typesupport_cpp/ctl_mission_interfaces/srv/change_controller__type_support.cpp.o[0m
[37.284s] [ 56%] [32mBuilding CXX object CMakeFiles/ctl_mission_interfaces__rosidl_typesupport_fastrtps_cpp.dir/rosidl_typesupport_fastrtps_cpp/ctl_mission_interfaces/srv/detail/dds_fastrtps/get_possible_transitions__type_support.cpp.o[0m
[37.296s] [ 57%] [32mBuilding CXX object CMakeFiles/ctl_mission_interfaces__rosidl_typesupport_cpp.dir/rosidl_typesupport_cpp/ctl_mission_interfaces/srv/get_possible_transitions__type_support.cpp.o[0m
[37.898s] [ 58%] [32mBuilding CXX object CMakeFiles/ctl_mission_interfaces__rosidl_typesupport_fastrtps_c.dir/rosidl_typesupport_fastrtps_c/ctl_mission_interfaces/srv/detail/change_controller__type_support_c.cpp.o[0m
[37.921s] [ 59%] [32mBuilding CXX object CMakeFiles/ctl_mission_interfaces__rosidl_typesupport_introspection_cpp.dir/rosidl_typesupport_introspection_cpp/ctl_mission_interfaces/srv/detail/config_dynamic_la_pure_ctrl__type_support.cpp.o[0m
[38.893s] [ 60%] [32mBuilding CXX object CMakeFiles/ctl_mission_interfaces__rosidl_typesupport_fastrtps_cpp.dir/rosidl_typesupport_fastrtps_cpp/ctl_mission_interfaces/srv/detail/dds_fastrtps/change_controller__type_support.cpp.o[0m
[39.149s] [ 60%] [32mBuilding CXX object CMakeFiles/ctl_mission_interfaces__rosidl_typesupport_cpp.dir/rosidl_typesupport_cpp/ctl_mission_interfaces/srv/config_simple_ctl__type_support.cpp.o[0m
[39.516s] [ 61%] [32mBuilding CXX object CMakeFiles/ctl_mission_interfaces__rosidl_typesupport_fastrtps_c.dir/rosidl_typesupport_fastrtps_c/ctl_mission_interfaces/srv/detail/config_simple_ctl__type_support_c.cpp.o[0m
[39.534s] [ 62%] [32mBuilding CXX object CMakeFiles/ctl_mission_interfaces__rosidl_typesupport_introspection_cpp.dir/rosidl_typesupport_introspection_cpp/ctl_mission_interfaces/srv/detail/config_regulated_pure_ctrl__type_support.cpp.o[0m
[40.083s] [ 63%] [32mBuilding CXX object CMakeFiles/ctl_mission_interfaces__rosidl_typesupport_fastrtps_cpp.dir/rosidl_typesupport_fastrtps_cpp/ctl_mission_interfaces/srv/detail/dds_fastrtps/config_stanley_ctrl__type_support.cpp.o[0m
[40.271s] [ 64%] [32mBuilding CXX object CMakeFiles/ctl_mission_interfaces__rosidl_typesupport_cpp.dir/rosidl_typesupport_cpp/ctl_mission_interfaces/srv/change_speed__type_support.cpp.o[0m
[40.899s] [ 65%] [32mBuilding CXX object CMakeFiles/ctl_mission_interfaces__rosidl_typesupport_introspection_cpp.dir/rosidl_typesupport_introspection_cpp/ctl_mission_interfaces/srv/detail/config_dynamic_pure_ctrl__type_support.cpp.o[0m
[40.925s] [ 66%] [32mBuilding CXX object CMakeFiles/ctl_mission_interfaces__rosidl_typesupport_fastrtps_c.dir/rosidl_typesupport_fastrtps_c/ctl_mission_interfaces/srv/detail/config_dynamic_pure_ctrl__type_support_c.cpp.o[0m
[41.341s] [ 67%] [32mBuilding CXX object CMakeFiles/ctl_mission_interfaces__rosidl_typesupport_cpp.dir/rosidl_typesupport_cpp/ctl_mission_interfaces/srv/get_mode__type_support.cpp.o[0m
[41.373s] [ 68%] [32mBuilding CXX object CMakeFiles/ctl_mission_interfaces__rosidl_typesupport_fastrtps_cpp.dir/rosidl_typesupport_fastrtps_cpp/ctl_mission_interfaces/srv/detail/dds_fastrtps/config_dynamic_la_pure_ctrl__type_support.cpp.o[0m
[42.077s] [ 69%] [32mBuilding CXX object CMakeFiles/ctl_mission_interfaces__rosidl_typesupport_introspection_cpp.dir/rosidl_typesupport_introspection_cpp/ctl_mission_interfaces/srv/detail/config_stanley_ctrl__type_support.cpp.o[0m
[42.177s] [ 70%] [32m[1mLinking CXX shared library libctl_mission_interfaces__rosidl_typesupport_cpp.so[0m
[42.326s] [ 70%] Built target ctl_mission_interfaces__rosidl_typesupport_cpp
[42.373s] [ 71%] [32mBuilding CXX object CMakeFiles/ctl_mission_interfaces__rosidl_typesupport_fastrtps_c.dir/rosidl_typesupport_fastrtps_c/ctl_mission_interfaces/srv/detail/config_regulated_pure_ctrl__type_support_c.cpp.o[0m
[42.650s] [ 72%] [32mBuilding CXX object CMakeFiles/ctl_mission_interfaces__rosidl_typesupport_fastrtps_cpp.dir/rosidl_typesupport_fastrtps_cpp/ctl_mission_interfaces/srv/detail/dds_fastrtps/config_regulated_pure_ctrl__type_support.cpp.o[0m
[43.234s] [ 73%] [32mBuilding CXX object CMakeFiles/ctl_mission_interfaces__rosidl_typesupport_introspection_cpp.dir/rosidl_typesupport_introspection_cpp/ctl_mission_interfaces/srv/detail/get_possible_transitions__type_support.cpp.o[0m
[43.581s] [ 73%] [32mBuilding CXX object CMakeFiles/ctl_mission_interfaces__rosidl_typesupport_fastrtps_c.dir/rosidl_typesupport_fastrtps_c/ctl_mission_interfaces/srv/detail/config_dynamic_la_pure_ctrl__type_support_c.cpp.o[0m
[43.959s] [ 74%] [32mBuilding CXX object CMakeFiles/ctl_mission_interfaces__rosidl_typesupport_fastrtps_cpp.dir/rosidl_typesupport_fastrtps_cpp/ctl_mission_interfaces/srv/detail/dds_fastrtps/config_dynamic_pure_ctrl__type_support.cpp.o[0m
[44.525s] [ 74%] [32mBuilding CXX object CMakeFiles/ctl_mission_interfaces__rosidl_typesupport_introspection_cpp.dir/rosidl_typesupport_introspection_cpp/ctl_mission_interfaces/srv/detail/config_simple_ctl__type_support.cpp.o[0m
[44.712s] [ 75%] [32mBuilding CXX object CMakeFiles/ctl_mission_interfaces__rosidl_typesupport_fastrtps_c.dir/rosidl_typesupport_fastrtps_c/ctl_mission_interfaces/srv/detail/config_stanley_ctrl__type_support_c.cpp.o[0m
[45.569s] [ 76%] [32mBuilding CXX object CMakeFiles/ctl_mission_interfaces__rosidl_typesupport_fastrtps_cpp.dir/rosidl_typesupport_fastrtps_cpp/ctl_mission_interfaces/srv/detail/dds_fastrtps/config_pure_pursuit_ctrl__type_support.cpp.o[0m
[45.612s] [ 77%] [32mBuilding CXX object CMakeFiles/ctl_mission_interfaces__rosidl_typesupport_introspection_cpp.dir/rosidl_typesupport_introspection_cpp/ctl_mission_interfaces/srv/detail/change_speed__type_support.cpp.o[0m
[45.778s] [ 78%] [32mBuilding CXX object CMakeFiles/ctl_mission_interfaces__rosidl_typesupport_fastrtps_c.dir/rosidl_typesupport_fastrtps_c/ctl_mission_interfaces/srv/detail/config_pure_pursuit_ctrl__type_support_c.cpp.o[0m
[46.691s] [ 78%] [32mBuilding CXX object CMakeFiles/ctl_mission_interfaces__rosidl_typesupport_fastrtps_cpp.dir/rosidl_typesupport_fastrtps_cpp/ctl_mission_interfaces/srv/detail/dds_fastrtps/config_simple_ctl__type_support.cpp.o[0m
[46.704s] [ 79%] [32m[1mLinking CXX shared library libctl_mission_interfaces__rosidl_typesupport_fastrtps_c.so[0m
[46.747s] [ 80%] [32m[1mLinking CXX shared library libctl_mission_interfaces__rosidl_typesupport_introspection_cpp.so[0m
[46.898s] [ 80%] Built target ctl_mission_interfaces__rosidl_typesupport_fastrtps_c
[46.936s] [ 80%] Built target ctl_mission_interfaces__rosidl_typesupport_introspection_cpp
[47.536s] [ 81%] [32mBuilding CXX object CMakeFiles/ctl_mission_interfaces__rosidl_typesupport_fastrtps_cpp.dir/rosidl_typesupport_fastrtps_cpp/ctl_mission_interfaces/srv/detail/dds_fastrtps/get_mode__type_support.cpp.o[0m
[48.381s] [ 82%] [32m[1mLinking CXX shared library libctl_mission_interfaces__rosidl_typesupport_fastrtps_cpp.so[0m
[48.518s] [ 82%] Built target ctl_mission_interfaces__rosidl_typesupport_fastrtps_cpp
[48.550s] [ 82%] Built target ctl_mission_interfaces
[48.586s] [ 83%] [34m[1mGenerating Python code for ROS interfaces[0m
[53.188s] [ 83%] Built target ctl_mission_interfaces__py
[53.223s] [ 84%] [32mBuilding C object CMakeFiles/ctl_mission_interfaces__rosidl_generator_py.dir/rosidl_generator_py/ctl_mission_interfaces/srv/_change_mode_s.c.o[0m
[53.470s] [ 85%] [32mBuilding C object CMakeFiles/ctl_mission_interfaces__rosidl_generator_py.dir/rosidl_generator_py/ctl_mission_interfaces/srv/_config_regulated_pure_ctrl_s.c.o[0m
[53.693s] [ 86%] [32mBuilding C object CMakeFiles/ctl_mission_interfaces__rosidl_generator_py.dir/rosidl_generator_py/ctl_mission_interfaces/srv/_config_dynamic_la_pure_ctrl_s.c.o[0m
[53.986s] [ 87%] [32mBuilding C object CMakeFiles/ctl_mission_interfaces__rosidl_generator_py.dir/rosidl_generator_py/ctl_mission_interfaces/srv/_config_dynamic_pure_ctrl_s.c.o[0m
[54.312s] [ 88%] [32mBuilding C object CMakeFiles/ctl_mission_interfaces__rosidl_generator_py.dir/rosidl_generator_py/ctl_mission_interfaces/srv/_config_stanley_ctrl_s.c.o[0m
[54.552s] [ 89%] [32mBuilding C object CMakeFiles/ctl_mission_interfaces__rosidl_generator_py.dir/rosidl_generator_py/ctl_mission_interfaces/srv/_config_pure_pursuit_ctrl_s.c.o[0m
[54.755s] [ 90%] [32mBuilding C object CMakeFiles/ctl_mission_interfaces__rosidl_generator_py.dir/rosidl_generator_py/ctl_mission_interfaces/srv/_change_controller_s.c.o[0m
[54.968s] [ 91%] [32mBuilding C object CMakeFiles/ctl_mission_interfaces__rosidl_generator_py.dir/rosidl_generator_py/ctl_mission_interfaces/srv/_get_possible_transitions_s.c.o[0m
[55.159s] [ 91%] [32mBuilding C object CMakeFiles/ctl_mission_interfaces__rosidl_generator_py.dir/rosidl_generator_py/ctl_mission_interfaces/srv/_config_simple_ctl_s.c.o[0m
[55.357s] [ 92%] [32mBuilding C object CMakeFiles/ctl_mission_interfaces__rosidl_generator_py.dir/rosidl_generator_py/ctl_mission_interfaces/srv/_change_speed_s.c.o[0m
[55.619s] [ 93%] [32mBuilding C object CMakeFiles/ctl_mission_interfaces__rosidl_generator_py.dir/rosidl_generator_py/ctl_mission_interfaces/srv/_get_mode_s.c.o[0m
[55.825s] [ 94%] [32m[1mLinking C shared library rosidl_generator_py/ctl_mission_interfaces/libctl_mission_interfaces__rosidl_generator_py.so[0m
[55.904s] [ 94%] Built target ctl_mission_interfaces__rosidl_generator_py
[55.934s] [ 95%] [32mBuilding C object CMakeFiles/ctl_mission_interfaces__rosidl_typesupport_fastrtps_c__pyext.dir/rosidl_generator_py/ctl_mission_interfaces/_ctl_mission_interfaces_s.ep.rosidl_typesupport_fastrtps_c.c.o[0m
[56.312s] [ 96%] [32m[1mLinking C shared library rosidl_generator_py/ctl_mission_interfaces/ctl_mission_interfaces_s__rosidl_typesupport_fastrtps_c.cpython-310-x86_64-linux-gnu.so[0m
[56.397s] [ 96%] Built target ctl_mission_interfaces__rosidl_typesupport_fastrtps_c__pyext
[56.428s] [ 97%] [32mBuilding C object CMakeFiles/ctl_mission_interfaces__rosidl_typesupport_c__pyext.dir/rosidl_generator_py/ctl_mission_interfaces/_ctl_mission_interfaces_s.ep.rosidl_typesupport_c.c.o[0m
[56.959s] [ 98%] [32m[1mLinking C shared library rosidl_generator_py/ctl_mission_interfaces/ctl_mission_interfaces_s__rosidl_typesupport_c.cpython-310-x86_64-linux-gnu.so[0m
[57.073s] [ 98%] Built target ctl_mission_interfaces__rosidl_typesupport_c__pyext
[57.110s] [ 99%] [32mBuilding C object CMakeFiles/ctl_mission_interfaces__rosidl_typesupport_introspection_c__pyext.dir/rosidl_generator_py/ctl_mission_interfaces/_ctl_mission_interfaces_s.ep.rosidl_typesupport_introspection_c.c.o[0m
[57.627s] [100%] [32m[1mLinking C shared library rosidl_generator_py/ctl_mission_interfaces/ctl_mission_interfaces_s__rosidl_typesupport_introspection_c.cpython-310-x86_64-linux-gnu.so[0m
[57.732s] [100%] Built target ctl_mission_interfaces__rosidl_typesupport_introspection_c__pyext
[57.771s] Invoked command in '/home/rhobtor/PHD/test_j8_hayat/J8/build/ctl_mission_interfaces' returned '0': CMAKE_PREFIX_PATH=${CMAKE_PREFIX_PATH}:/home/rhobtor/PHD/ARGOJ8_IA/ARGOSJ8_IA_/install/ntrip_client:/home/rhobtor/PHD/ARGOJ8_IA/ARGOSJ8_IA_/install/j8_gui:/home/rhobtor/PHD/ARGOJ8_IA/ARGOSJ8_IA_/install/car:/home/rhobtor/PHD/ARGOJ8_IA/ARGOSJ8_IA_/install/android_ros2_server:/home/rhobtor/PHD/ARGOJ8_IA/ARGOSJ8_IA_/install/GUI_pkg:/opt/ros/humble /opt/st/stm32cubeclt_1.18.0/CMake/bin/cmake --build /home/rhobtor/PHD/test_j8_hayat/J8/build/ctl_mission_interfaces -- -j16 -l16
[57.776s] Invoking command in '/home/rhobtor/PHD/test_j8_hayat/J8/build/ctl_mission_interfaces': CMAKE_PREFIX_PATH=${CMAKE_PREFIX_PATH}:/home/rhobtor/PHD/ARGOJ8_IA/ARGOSJ8_IA_/install/ntrip_client:/home/rhobtor/PHD/ARGOJ8_IA/ARGOSJ8_IA_/install/j8_gui:/home/rhobtor/PHD/ARGOJ8_IA/ARGOSJ8_IA_/install/car:/home/rhobtor/PHD/ARGOJ8_IA/ARGOSJ8_IA_/install/android_ros2_server:/home/rhobtor/PHD/ARGOJ8_IA/ARGOSJ8_IA_/install/GUI_pkg:/opt/ros/humble /opt/st/stm32cubeclt_1.18.0/CMake/bin/cmake --install /home/rhobtor/PHD/test_j8_hayat/J8/build/ctl_mission_interfaces
[57.814s] -- Install configuration: ""
[57.814s] -- Installing: /home/rhobtor/PHD/test_j8_hayat/J8/install/ctl_mission_interfaces/share/ament_index/resource_index/rosidl_interfaces/ctl_mission_interfaces
[57.814s] -- Installing: /home/rhobtor/PHD/test_j8_hayat/J8/install/ctl_mission_interfaces/include/ctl_mission_interfaces/ctl_mission_interfaces
[57.815s] -- Installing: /home/rhobtor/PHD/test_j8_hayat/J8/install/ctl_mission_interfaces/include/ctl_mission_interfaces/ctl_mission_interfaces/srv
[57.815s] -- Installing: /home/rhobtor/PHD/test_j8_hayat/J8/install/ctl_mission_interfaces/include/ctl_mission_interfaces/ctl_mission_interfaces/srv/config_stanley_ctrl.h
[57.815s] -- Installing: /home/rhobtor/PHD/test_j8_hayat/J8/install/ctl_mission_interfaces/include/ctl_mission_interfaces/ctl_mission_interfaces/srv/change_speed.h
[57.815s] -- Installing: /home/rhobtor/PHD/test_j8_hayat/J8/install/ctl_mission_interfaces/include/ctl_mission_interfaces/ctl_mission_interfaces/srv/config_dynamic_pure_ctrl.h
[57.815s] -- Installing: /home/rhobtor/PHD/test_j8_hayat/J8/install/ctl_mission_interfaces/include/ctl_mission_interfaces/ctl_mission_interfaces/srv/change_controller.h
[57.815s] -- Installing: /home/rhobtor/PHD/test_j8_hayat/J8/install/ctl_mission_interfaces/include/ctl_mission_interfaces/ctl_mission_interfaces/srv/config_dynamic_la_pure_ctrl.h
[57.816s] -- Installing: /home/rhobtor/PHD/test_j8_hayat/J8/install/ctl_mission_interfaces/include/ctl_mission_interfaces/ctl_mission_interfaces/srv/detail
[57.816s] -- Installing: /home/rhobtor/PHD/test_j8_hayat/J8/install/ctl_mission_interfaces/include/ctl_mission_interfaces/ctl_mission_interfaces/srv/detail/change_mode__functions.c
[57.816s] -- Installing: /home/rhobtor/PHD/test_j8_hayat/J8/install/ctl_mission_interfaces/include/ctl_mission_interfaces/ctl_mission_interfaces/srv/detail/change_controller__functions.c
[57.816s] -- Installing: /home/rhobtor/PHD/test_j8_hayat/J8/install/ctl_mission_interfaces/include/ctl_mission_interfaces/ctl_mission_interfaces/srv/detail/change_mode__type_support.h
[57.816s] -- Installing: /home/rhobtor/PHD/test_j8_hayat/J8/install/ctl_mission_interfaces/include/ctl_mission_interfaces/ctl_mission_interfaces/srv/detail/config_dynamic_pure_ctrl__type_support.h
[57.817s] -- Installing: /home/rhobtor/PHD/test_j8_hayat/J8/install/ctl_mission_interfaces/include/ctl_mission_interfaces/ctl_mission_interfaces/srv/detail/config_regulated_pure_ctrl__functions.c
[57.817s] -- Installing: /home/rhobtor/PHD/test_j8_hayat/J8/install/ctl_mission_interfaces/include/ctl_mission_interfaces/ctl_mission_interfaces/srv/detail/config_pure_pursuit_ctrl__struct.h
[57.817s] -- Installing: /home/rhobtor/PHD/test_j8_hayat/J8/install/ctl_mission_interfaces/include/ctl_mission_interfaces/ctl_mission_interfaces/srv/detail/config_dynamic_la_pure_ctrl__struct.h
[57.817s] -- Installing: /home/rhobtor/PHD/test_j8_hayat/J8/install/ctl_mission_interfaces/include/ctl_mission_interfaces/ctl_mission_interfaces/srv/detail/get_mode__struct.h
[57.817s] -- Installing: /home/rhobtor/PHD/test_j8_hayat/J8/install/ctl_mission_interfaces/include/ctl_mission_interfaces/ctl_mission_interfaces/srv/detail/change_speed__type_support.h
[57.817s] -- Installing: /home/rhobtor/PHD/test_j8_hayat/J8/install/ctl_mission_interfaces/include/ctl_mission_interfaces/ctl_mission_interfaces/srv/detail/get_possible_transitions__functions.c
[57.817s] -- Installing: /home/rhobtor/PHD/test_j8_hayat/J8/install/ctl_mission_interfaces/include/ctl_mission_interfaces/ctl_mission_interfaces/srv/detail/get_possible_transitions__functions.h
[57.818s] -- Installing: /home/rhobtor/PHD/test_j8_hayat/J8/install/ctl_mission_interfaces/include/ctl_mission_interfaces/ctl_mission_interfaces/srv/detail/config_dynamic_la_pure_ctrl__functions.h
[57.818s] -- Installing: /home/rhobtor/PHD/test_j8_hayat/J8/install/ctl_mission_interfaces/include/ctl_mission_interfaces/ctl_mission_interfaces/srv/detail/config_simple_ctl__struct.h
[57.818s] -- Installing: /home/rhobtor/PHD/test_j8_hayat/J8/install/ctl_mission_interfaces/include/ctl_mission_interfaces/ctl_mission_interfaces/srv/detail/change_mode__struct.h
[57.818s] -- Installing: /home/rhobtor/PHD/test_j8_hayat/J8/install/ctl_mission_interfaces/include/ctl_mission_interfaces/ctl_mission_interfaces/srv/detail/change_speed__struct.h
[57.818s] -- Installing: /home/rhobtor/PHD/test_j8_hayat/J8/install/ctl_mission_interfaces/include/ctl_mission_interfaces/ctl_mission_interfaces/srv/detail/config_pure_pursuit_ctrl__type_support.h
[57.818s] -- Installing: /home/rhobtor/PHD/test_j8_hayat/J8/install/ctl_mission_interfaces/include/ctl_mission_interfaces/ctl_mission_interfaces/srv/detail/get_possible_transitions__type_support.h
[57.819s] -- Installing: /home/rhobtor/PHD/test_j8_hayat/J8/install/ctl_mission_interfaces/include/ctl_mission_interfaces/ctl_mission_interfaces/srv/detail/config_pure_pursuit_ctrl__functions.h
[57.819s] -- Installing: /home/rhobtor/PHD/test_j8_hayat/J8/install/ctl_mission_interfaces/include/ctl_mission_interfaces/ctl_mission_interfaces/srv/detail/config_pure_pursuit_ctrl__functions.c
[57.819s] -- Installing: /home/rhobtor/PHD/test_j8_hayat/J8/install/ctl_mission_interfaces/include/ctl_mission_interfaces/ctl_mission_interfaces/srv/detail/change_controller__type_support.h
[57.819s] -- Installing: /home/rhobtor/PHD/test_j8_hayat/J8/install/ctl_mission_interfaces/include/ctl_mission_interfaces/ctl_mission_interfaces/srv/detail/config_simple_ctl__functions.c
[57.819s] -- Installing: /home/rhobtor/PHD/test_j8_hayat/J8/install/ctl_mission_interfaces/include/ctl_mission_interfaces/ctl_mission_interfaces/srv/detail/get_mode__type_support.h
[57.819s] -- Installing: /home/rhobtor/PHD/test_j8_hayat/J8/install/ctl_mission_interfaces/include/ctl_mission_interfaces/ctl_mission_interfaces/srv/detail/config_simple_ctl__type_support.h
[57.820s] -- Installing: /home/rhobtor/PHD/test_j8_hayat/J8/install/ctl_mission_interfaces/include/ctl_mission_interfaces/ctl_mission_interfaces/srv/detail/change_speed__functions.h
[57.820s] -- Installing: /home/rhobtor/PHD/test_j8_hayat/J8/install/ctl_mission_interfaces/include/ctl_mission_interfaces/ctl_mission_interfaces/srv/detail/config_simple_ctl__functions.h
[57.820s] -- Installing: /home/rhobtor/PHD/test_j8_hayat/J8/install/ctl_mission_interfaces/include/ctl_mission_interfaces/ctl_mission_interfaces/srv/detail/config_stanley_ctrl__functions.h
[57.820s] -- Installing: /home/rhobtor/PHD/test_j8_hayat/J8/install/ctl_mission_interfaces/include/ctl_mission_interfaces/ctl_mission_interfaces/srv/detail/config_stanley_ctrl__functions.c
[57.820s] -- Installing: /home/rhobtor/PHD/test_j8_hayat/J8/install/ctl_mission_interfaces/include/ctl_mission_interfaces/ctl_mission_interfaces/srv/detail/change_speed__functions.c
[57.820s] -- Installing: /home/rhobtor/PHD/test_j8_hayat/J8/install/ctl_mission_interfaces/include/ctl_mission_interfaces/ctl_mission_interfaces/srv/detail/get_mode__functions.h
[57.820s] -- Installing: /home/rhobtor/PHD/test_j8_hayat/J8/install/ctl_mission_interfaces/include/ctl_mission_interfaces/ctl_mission_interfaces/srv/detail/change_controller__functions.h
[57.821s] -- Installing: /home/rhobtor/PHD/test_j8_hayat/J8/install/ctl_mission_interfaces/include/ctl_mission_interfaces/ctl_mission_interfaces/srv/detail/config_regulated_pure_ctrl__struct.h
[57.821s] -- Installing: /home/rhobtor/PHD/test_j8_hayat/J8/install/ctl_mission_interfaces/include/ctl_mission_interfaces/ctl_mission_interfaces/srv/detail/config_stanley_ctrl__struct.h
[57.821s] -- Installing: /home/rhobtor/PHD/test_j8_hayat/J8/install/ctl_mission_interfaces/include/ctl_mission_interfaces/ctl_mission_interfaces/srv/detail/config_dynamic_pure_ctrl__functions.c
[57.821s] -- Installing: /home/rhobtor/PHD/test_j8_hayat/J8/install/ctl_mission_interfaces/include/ctl_mission_interfaces/ctl_mission_interfaces/srv/detail/get_possible_transitions__struct.h
[57.821s] -- Installing: /home/rhobtor/PHD/test_j8_hayat/J8/install/ctl_mission_interfaces/include/ctl_mission_interfaces/ctl_mission_interfaces/srv/detail/get_mode__functions.c
[57.821s] -- Installing: /home/rhobtor/PHD/test_j8_hayat/J8/install/ctl_mission_interfaces/include/ctl_mission_interfaces/ctl_mission_interfaces/srv/detail/config_dynamic_pure_ctrl__struct.h
[57.822s] -- Installing: /home/rhobtor/PHD/test_j8_hayat/J8/install/ctl_mission_interfaces/include/ctl_mission_interfaces/ctl_mission_interfaces/srv/detail/config_regulated_pure_ctrl__functions.h
[57.822s] -- Installing: /home/rhobtor/PHD/test_j8_hayat/J8/install/ctl_mission_interfaces/include/ctl_mission_interfaces/ctl_mission_interfaces/srv/detail/config_dynamic_pure_ctrl__functions.h
[57.822s] -- Installing: /home/rhobtor/PHD/test_j8_hayat/J8/install/ctl_mission_interfaces/include/ctl_mission_interfaces/ctl_mission_interfaces/srv/detail/config_regulated_pure_ctrl__type_support.h
[57.822s] -- Installing: /home/rhobtor/PHD/test_j8_hayat/J8/install/ctl_mission_interfaces/include/ctl_mission_interfaces/ctl_mission_interfaces/srv/detail/config_stanley_ctrl__type_support.h
[57.822s] -- Installing: /home/rhobtor/PHD/test_j8_hayat/J8/install/ctl_mission_interfaces/include/ctl_mission_interfaces/ctl_mission_interfaces/srv/detail/config_dynamic_la_pure_ctrl__type_support.h
[57.822s] -- Installing: /home/rhobtor/PHD/test_j8_hayat/J8/install/ctl_mission_interfaces/include/ctl_mission_interfaces/ctl_mission_interfaces/srv/detail/change_mode__functions.h
[57.823s] -- Installing: /home/rhobtor/PHD/test_j8_hayat/J8/install/ctl_mission_interfaces/include/ctl_mission_interfaces/ctl_mission_interfaces/srv/detail/change_controller__struct.h
[57.823s] -- Installing: /home/rhobtor/PHD/test_j8_hayat/J8/install/ctl_mission_interfaces/include/ctl_mission_interfaces/ctl_mission_interfaces/srv/detail/config_dynamic_la_pure_ctrl__functions.c
[57.823s] -- Installing: /home/rhobtor/PHD/test_j8_hayat/J8/install/ctl_mission_interfaces/include/ctl_mission_interfaces/ctl_mission_interfaces/srv/change_mode.h
[57.823s] -- Installing: /home/rhobtor/PHD/test_j8_hayat/J8/install/ctl_mission_interfaces/include/ctl_mission_interfaces/ctl_mission_interfaces/srv/get_possible_transitions.h
[57.823s] -- Installing: /home/rhobtor/PHD/test_j8_hayat/J8/install/ctl_mission_interfaces/include/ctl_mission_interfaces/ctl_mission_interfaces/srv/config_regulated_pure_ctrl.h
[57.823s] -- Installing: /home/rhobtor/PHD/test_j8_hayat/J8/install/ctl_mission_interfaces/include/ctl_mission_interfaces/ctl_mission_interfaces/srv/get_mode.h
[57.824s] -- Installing: /home/rhobtor/PHD/test_j8_hayat/J8/install/ctl_mission_interfaces/include/ctl_mission_interfaces/ctl_mission_interfaces/srv/config_simple_ctl.h
[57.824s] -- Installing: /home/rhobtor/PHD/test_j8_hayat/J8/install/ctl_mission_interfaces/include/ctl_mission_interfaces/ctl_mission_interfaces/srv/config_pure_pursuit_ctrl.h
[57.824s] -- Installing: /home/rhobtor/PHD/test_j8_hayat/J8/install/ctl_mission_interfaces/include/ctl_mission_interfaces/ctl_mission_interfaces/msg
[57.824s] -- Installing: /home/rhobtor/PHD/test_j8_hayat/J8/install/ctl_mission_interfaces/include/ctl_mission_interfaces/ctl_mission_interfaces/msg/rosidl_generator_c__visibility_control.h
[57.824s] -- Installing: /home/rhobtor/PHD/test_j8_hayat/J8/install/ctl_mission_interfaces/share/ctl_mission_interfaces/environment/library_path.sh
[57.825s] -- Installing: /home/rhobtor/PHD/test_j8_hayat/J8/install/ctl_mission_interfaces/share/ctl_mission_interfaces/environment/library_path.dsv
[57.825s] -- Installing: /home/rhobtor/PHD/test_j8_hayat/J8/install/ctl_mission_interfaces/lib/libctl_mission_interfaces__rosidl_generator_c.so
[57.825s] -- Set non-toolchain portion of runtime path of "/home/rhobtor/PHD/test_j8_hayat/J8/install/ctl_mission_interfaces/lib/libctl_mission_interfaces__rosidl_generator_c.so" to ""
[57.825s] -- Up-to-date: /home/rhobtor/PHD/test_j8_hayat/J8/install/ctl_mission_interfaces/include/ctl_mission_interfaces/ctl_mission_interfaces
[57.825s] -- Up-to-date: /home/rhobtor/PHD/test_j8_hayat/J8/install/ctl_mission_interfaces/include/ctl_mission_interfaces/ctl_mission_interfaces/srv
[57.825s] -- Up-to-date: /home/rhobtor/PHD/test_j8_hayat/J8/install/ctl_mission_interfaces/include/ctl_mission_interfaces/ctl_mission_interfaces/srv/detail
[57.825s] -- Installing: /home/rhobtor/PHD/test_j8_hayat/J8/install/ctl_mission_interfaces/include/ctl_mission_interfaces/ctl_mission_interfaces/srv/detail/change_speed__rosidl_typesupport_fastrtps_c.h
[57.826s] -- Installing: /home/rhobtor/PHD/test_j8_hayat/J8/install/ctl_mission_interfaces/include/ctl_mission_interfaces/ctl_mission_interfaces/srv/detail/config_dynamic_pure_ctrl__rosidl_typesupport_fastrtps_c.h
[57.826s] -- Installing: /home/rhobtor/PHD/test_j8_hayat/J8/install/ctl_mission_interfaces/include/ctl_mission_interfaces/ctl_mission_interfaces/srv/detail/config_simple_ctl__rosidl_typesupport_fastrtps_c.h
[57.826s] -- Installing: /home/rhobtor/PHD/test_j8_hayat/J8/install/ctl_mission_interfaces/include/ctl_mission_interfaces/ctl_mission_interfaces/srv/detail/change_controller__rosidl_typesupport_fastrtps_c.h
[57.826s] -- Installing: /home/rhobtor/PHD/test_j8_hayat/J8/install/ctl_mission_interfaces/include/ctl_mission_interfaces/ctl_mission_interfaces/srv/detail/change_mode__rosidl_typesupport_fastrtps_c.h
[57.826s] -- Installing: /home/rhobtor/PHD/test_j8_hayat/J8/install/ctl_mission_interfaces/include/ctl_mission_interfaces/ctl_mission_interfaces/srv/detail/config_stanley_ctrl__rosidl_typesupport_fastrtps_c.h
[57.826s] -- Installing: /home/rhobtor/PHD/test_j8_hayat/J8/install/ctl_mission_interfaces/include/ctl_mission_interfaces/ctl_mission_interfaces/srv/detail/config_pure_pursuit_ctrl__rosidl_typesupport_fastrtps_c.h
[57.827s] -- Installing: /home/rhobtor/PHD/test_j8_hayat/J8/install/ctl_mission_interfaces/include/ctl_mission_interfaces/ctl_mission_interfaces/srv/detail/config_regulated_pure_ctrl__rosidl_typesupport_fastrtps_c.h
[57.827s] -- Installing: /home/rhobtor/PHD/test_j8_hayat/J8/install/ctl_mission_interfaces/include/ctl_mission_interfaces/ctl_mission_interfaces/srv/detail/get_mode__rosidl_typesupport_fastrtps_c.h
[57.827s] -- Installing: /home/rhobtor/PHD/test_j8_hayat/J8/install/ctl_mission_interfaces/include/ctl_mission_interfaces/ctl_mission_interfaces/srv/detail/config_dynamic_la_pure_ctrl__rosidl_typesupport_fastrtps_c.h
[57.828s] -- Installing: /home/rhobtor/PHD/test_j8_hayat/J8/install/ctl_mission_interfaces/include/ctl_mission_interfaces/ctl_mission_interfaces/srv/detail/get_possible_transitions__rosidl_typesupport_fastrtps_c.h
[57.828s] -- Up-to-date: /home/rhobtor/PHD/test_j8_hayat/J8/install/ctl_mission_interfaces/include/ctl_mission_interfaces/ctl_mission_interfaces/msg
[57.828s] -- Installing: /home/rhobtor/PHD/test_j8_hayat/J8/install/ctl_mission_interfaces/include/ctl_mission_interfaces/ctl_mission_interfaces/msg/rosidl_typesupport_fastrtps_c__visibility_control.h
[57.828s] -- Installing: /home/rhobtor/PHD/test_j8_hayat/J8/install/ctl_mission_interfaces/lib/libctl_mission_interfaces__rosidl_typesupport_fastrtps_c.so
[57.828s] -- Set non-toolchain portion of runtime path of "/home/rhobtor/PHD/test_j8_hayat/J8/install/ctl_mission_interfaces/lib/libctl_mission_interfaces__rosidl_typesupport_fastrtps_c.so" to ""
[57.828s] -- Up-to-date: /home/rhobtor/PHD/test_j8_hayat/J8/install/ctl_mission_interfaces/include/ctl_mission_interfaces/ctl_mission_interfaces
[57.829s] -- Up-to-date: /home/rhobtor/PHD/test_j8_hayat/J8/install/ctl_mission_interfaces/include/ctl_mission_interfaces/ctl_mission_interfaces/srv
[57.829s] -- Up-to-date: /home/rhobtor/PHD/test_j8_hayat/J8/install/ctl_mission_interfaces/include/ctl_mission_interfaces/ctl_mission_interfaces/srv/detail
[57.829s] -- Installing: /home/rhobtor/PHD/test_j8_hayat/J8/install/ctl_mission_interfaces/include/ctl_mission_interfaces/ctl_mission_interfaces/srv/detail/config_dynamic_la_pure_ctrl__type_support.c
[57.830s] -- Installing: /home/rhobtor/PHD/test_j8_hayat/J8/install/ctl_mission_interfaces/include/ctl_mission_interfaces/ctl_mission_interfaces/srv/detail/get_mode__rosidl_typesupport_introspection_c.h
[57.830s] -- Installing: /home/rhobtor/PHD/test_j8_hayat/J8/install/ctl_mission_interfaces/include/ctl_mission_interfaces/ctl_mission_interfaces/srv/detail/change_mode__type_support.c
[57.830s] -- Installing: /home/rhobtor/PHD/test_j8_hayat/J8/install/ctl_mission_interfaces/include/ctl_mission_interfaces/ctl_mission_interfaces/srv/detail/config_stanley_ctrl__type_support.c
[57.830s] -- Installing: /home/rhobtor/PHD/test_j8_hayat/J8/install/ctl_mission_interfaces/include/ctl_mission_interfaces/ctl_mission_interfaces/srv/detail/config_dynamic_pure_ctrl__type_support.c
[57.830s] -- Installing: /home/rhobtor/PHD/test_j8_hayat/J8/install/ctl_mission_interfaces/include/ctl_mission_interfaces/ctl_mission_interfaces/srv/detail/config_dynamic_pure_ctrl__rosidl_typesupport_introspection_c.h
[57.830s] -- Installing: /home/rhobtor/PHD/test_j8_hayat/J8/install/ctl_mission_interfaces/include/ctl_mission_interfaces/ctl_mission_interfaces/srv/detail/get_mode__type_support.c
[57.830s] -- Installing: /home/rhobtor/PHD/test_j8_hayat/J8/install/ctl_mission_interfaces/include/ctl_mission_interfaces/ctl_mission_interfaces/srv/detail/get_possible_transitions__type_support.c
[57.831s] -- Installing: /home/rhobtor/PHD/test_j8_hayat/J8/install/ctl_mission_interfaces/include/ctl_mission_interfaces/ctl_mission_interfaces/srv/detail/change_controller__type_support.c
[57.831s] -- Installing: /home/rhobtor/PHD/test_j8_hayat/J8/install/ctl_mission_interfaces/include/ctl_mission_interfaces/ctl_mission_interfaces/srv/detail/change_controller__rosidl_typesupport_introspection_c.h
[57.831s] -- Installing: /home/rhobtor/PHD/test_j8_hayat/J8/install/ctl_mission_interfaces/include/ctl_mission_interfaces/ctl_mission_interfaces/srv/detail/change_speed__rosidl_typesupport_introspection_c.h
[57.831s] -- Installing: /home/rhobtor/PHD/test_j8_hayat/J8/install/ctl_mission_interfaces/include/ctl_mission_interfaces/ctl_mission_interfaces/srv/detail/config_regulated_pure_ctrl__rosidl_typesupport_introspection_c.h
[57.832s] -- Installing: /home/rhobtor/PHD/test_j8_hayat/J8/install/ctl_mission_interfaces/include/ctl_mission_interfaces/ctl_mission_interfaces/srv/detail/config_dynamic_la_pure_ctrl__rosidl_typesupport_introspection_c.h
[57.832s] -- Installing: /home/rhobtor/PHD/test_j8_hayat/J8/install/ctl_mission_interfaces/include/ctl_mission_interfaces/ctl_mission_interfaces/srv/detail/config_stanley_ctrl__rosidl_typesupport_introspection_c.h
[57.832s] -- Installing: /home/rhobtor/PHD/test_j8_hayat/J8/install/ctl_mission_interfaces/include/ctl_mission_interfaces/ctl_mission_interfaces/srv/detail/config_pure_pursuit_ctrl__type_support.c
[57.832s] -- Installing: /home/rhobtor/PHD/test_j8_hayat/J8/install/ctl_mission_interfaces/include/ctl_mission_interfaces/ctl_mission_interfaces/srv/detail/change_speed__type_support.c
[57.832s] -- Installing: /home/rhobtor/PHD/test_j8_hayat/J8/install/ctl_mission_interfaces/include/ctl_mission_interfaces/ctl_mission_interfaces/srv/detail/config_pure_pursuit_ctrl__rosidl_typesupport_introspection_c.h
[57.832s] -- Installing: /home/rhobtor/PHD/test_j8_hayat/J8/install/ctl_mission_interfaces/include/ctl_mission_interfaces/ctl_mission_interfaces/srv/detail/config_regulated_pure_ctrl__type_support.c
[57.833s] -- Installing: /home/rhobtor/PHD/test_j8_hayat/J8/install/ctl_mission_interfaces/include/ctl_mission_interfaces/ctl_mission_interfaces/srv/detail/change_mode__rosidl_typesupport_introspection_c.h
[57.833s] -- Installing: /home/rhobtor/PHD/test_j8_hayat/J8/install/ctl_mission_interfaces/include/ctl_mission_interfaces/ctl_mission_interfaces/srv/detail/config_simple_ctl__rosidl_typesupport_introspection_c.h
[57.833s] -- Installing: /home/rhobtor/PHD/test_j8_hayat/J8/install/ctl_mission_interfaces/include/ctl_mission_interfaces/ctl_mission_interfaces/srv/detail/config_simple_ctl__type_support.c
[57.833s] -- Installing: /home/rhobtor/PHD/test_j8_hayat/J8/install/ctl_mission_interfaces/include/ctl_mission_interfaces/ctl_mission_interfaces/srv/detail/get_possible_transitions__rosidl_typesupport_introspection_c.h
[57.833s] -- Up-to-date: /home/rhobtor/PHD/test_j8_hayat/J8/install/ctl_mission_interfaces/include/ctl_mission_interfaces/ctl_mission_interfaces/msg
[57.834s] -- Installing: /home/rhobtor/PHD/test_j8_hayat/J8/install/ctl_mission_interfaces/include/ctl_mission_interfaces/ctl_mission_interfaces/msg/rosidl_typesupport_introspection_c__visibility_control.h
[57.834s] -- Installing: /home/rhobtor/PHD/test_j8_hayat/J8/install/ctl_mission_interfaces/lib/libctl_mission_interfaces__rosidl_typesupport_introspection_c.so
[57.834s] -- Set non-toolchain portion of runtime path of "/home/rhobtor/PHD/test_j8_hayat/J8/install/ctl_mission_interfaces/lib/libctl_mission_interfaces__rosidl_typesupport_introspection_c.so" to ""
[57.834s] -- Installing: /home/rhobtor/PHD/test_j8_hayat/J8/install/ctl_mission_interfaces/lib/libctl_mission_interfaces__rosidl_typesupport_c.so
[57.834s] -- Set non-toolchain portion of runtime path of "/home/rhobtor/PHD/test_j8_hayat/J8/install/ctl_mission_interfaces/lib/libctl_mission_interfaces__rosidl_typesupport_c.so" to ""
[57.834s] -- Up-to-date: /home/rhobtor/PHD/test_j8_hayat/J8/install/ctl_mission_interfaces/include/ctl_mission_interfaces/ctl_mission_interfaces
[57.835s] -- Up-to-date: /home/rhobtor/PHD/test_j8_hayat/J8/install/ctl_mission_interfaces/include/ctl_mission_interfaces/ctl_mission_interfaces/srv
[57.835s] -- Installing: /home/rhobtor/PHD/test_j8_hayat/J8/install/ctl_mission_interfaces/include/ctl_mission_interfaces/ctl_mission_interfaces/srv/config_simple_ctl.hpp
[57.835s] -- Installing: /home/rhobtor/PHD/test_j8_hayat/J8/install/ctl_mission_interfaces/include/ctl_mission_interfaces/ctl_mission_interfaces/srv/config_dynamic_la_pure_ctrl.hpp
[57.835s] -- Installing: /home/rhobtor/PHD/test_j8_hayat/J8/install/ctl_mission_interfaces/include/ctl_mission_interfaces/ctl_mission_interfaces/srv/config_dynamic_pure_ctrl.hpp
[57.835s] -- Installing: /home/rhobtor/PHD/test_j8_hayat/J8/install/ctl_mission_interfaces/include/ctl_mission_interfaces/ctl_mission_interfaces/srv/change_mode.hpp
[57.836s] -- Installing: /home/rhobtor/PHD/test_j8_hayat/J8/install/ctl_mission_interfaces/include/ctl_mission_interfaces/ctl_mission_interfaces/srv/get_mode.hpp
[57.836s] -- Installing: /home/rhobtor/PHD/test_j8_hayat/J8/install/ctl_mission_interfaces/include/ctl_mission_interfaces/ctl_mission_interfaces/srv/config_regulated_pure_ctrl.hpp
[57.836s] -- Installing: /home/rhobtor/PHD/test_j8_hayat/J8/install/ctl_mission_interfaces/include/ctl_mission_interfaces/ctl_mission_interfaces/srv/get_possible_transitions.hpp
[57.836s] -- Installing: /home/rhobtor/PHD/test_j8_hayat/J8/install/ctl_mission_interfaces/include/ctl_mission_interfaces/ctl_mission_interfaces/srv/change_speed.hpp
[57.836s] -- Up-to-date: /home/rhobtor/PHD/test_j8_hayat/J8/install/ctl_mission_interfaces/include/ctl_mission_interfaces/ctl_mission_interfaces/srv/detail
[57.836s] -- Installing: /home/rhobtor/PHD/test_j8_hayat/J8/install/ctl_mission_interfaces/include/ctl_mission_interfaces/ctl_mission_interfaces/srv/detail/change_speed__type_support.hpp
[57.836s] -- Installing: /home/rhobtor/PHD/test_j8_hayat/J8/install/ctl_mission_interfaces/include/ctl_mission_interfaces/ctl_mission_interfaces/srv/detail/change_controller__traits.hpp
[57.837s] -- Installing: /home/rhobtor/PHD/test_j8_hayat/J8/install/ctl_mission_interfaces/include/ctl_mission_interfaces/ctl_mission_interfaces/srv/detail/config_stanley_ctrl__traits.hpp
[57.837s] -- Installing: /home/rhobtor/PHD/test_j8_hayat/J8/install/ctl_mission_interfaces/include/ctl_mission_interfaces/ctl_mission_interfaces/srv/detail/change_speed__struct.hpp
[57.837s] -- Installing: /home/rhobtor/PHD/test_j8_hayat/J8/install/ctl_mission_interfaces/include/ctl_mission_interfaces/ctl_mission_interfaces/srv/detail/get_possible_transitions__type_support.hpp
[57.838s] -- Installing: /home/rhobtor/PHD/test_j8_hayat/J8/install/ctl_mission_interfaces/include/ctl_mission_interfaces/ctl_mission_interfaces/srv/detail/config_simple_ctl__traits.hpp
[57.838s] -- Installing: /home/rhobtor/PHD/test_j8_hayat/J8/install/ctl_mission_interfaces/include/ctl_mission_interfaces/ctl_mission_interfaces/srv/detail/get_mode__builder.hpp
[57.838s] -- Installing: /home/rhobtor/PHD/test_j8_hayat/J8/install/ctl_mission_interfaces/include/ctl_mission_interfaces/ctl_mission_interfaces/srv/detail/change_mode__builder.hpp
[57.838s] -- Installing: /home/rhobtor/PHD/test_j8_hayat/J8/install/ctl_mission_interfaces/include/ctl_mission_interfaces/ctl_mission_interfaces/srv/detail/get_possible_transitions__builder.hpp
[57.838s] -- Installing: /home/rhobtor/PHD/test_j8_hayat/J8/install/ctl_mission_interfaces/include/ctl_mission_interfaces/ctl_mission_interfaces/srv/detail/config_stanley_ctrl__struct.hpp
[57.839s] -- Installing: /home/rhobtor/PHD/test_j8_hayat/J8/install/ctl_mission_interfaces/include/ctl_mission_interfaces/ctl_mission_interfaces/srv/detail/change_controller__builder.hpp
[57.839s] -- Installing: /home/rhobtor/PHD/test_j8_hayat/J8/install/ctl_mission_interfaces/include/ctl_mission_interfaces/ctl_mission_interfaces/srv/detail/change_speed__traits.hpp
[57.839s] -- Installing: /home/rhobtor/PHD/test_j8_hayat/J8/install/ctl_mission_interfaces/include/ctl_mission_interfaces/ctl_mission_interfaces/srv/detail/change_controller__type_support.hpp
[57.839s] -- Installing: /home/rhobtor/PHD/test_j8_hayat/J8/install/ctl_mission_interfaces/include/ctl_mission_interfaces/ctl_mission_interfaces/srv/detail/config_pure_pursuit_ctrl__struct.hpp
[57.839s] -- Installing: /home/rhobtor/PHD/test_j8_hayat/J8/install/ctl_mission_interfaces/include/ctl_mission_interfaces/ctl_mission_interfaces/srv/detail/change_mode__struct.hpp
[57.839s] -- Installing: /home/rhobtor/PHD/test_j8_hayat/J8/install/ctl_mission_interfaces/include/ctl_mission_interfaces/ctl_mission_interfaces/srv/detail/config_dynamic_pure_ctrl__struct.hpp
[57.840s] -- Installing: /home/rhobtor/PHD/test_j8_hayat/J8/install/ctl_mission_interfaces/include/ctl_mission_interfaces/ctl_mission_interfaces/srv/detail/config_dynamic_pure_ctrl__traits.hpp
[57.840s] -- Installing: /home/rhobtor/PHD/test_j8_hayat/J8/install/ctl_mission_interfaces/include/ctl_mission_interfaces/ctl_mission_interfaces/srv/detail/config_pure_pursuit_ctrl__builder.hpp
[57.840s] -- Installing: /home/rhobtor/PHD/test_j8_hayat/J8/install/ctl_mission_interfaces/include/ctl_mission_interfaces/ctl_mission_interfaces/srv/detail/config_stanley_ctrl__builder.hpp
[57.840s] -- Installing: /home/rhobtor/PHD/test_j8_hayat/J8/install/ctl_mission_interfaces/include/ctl_mission_interfaces/ctl_mission_interfaces/srv/detail/change_mode__traits.hpp
[57.840s] -- Installing: /home/rhobtor/PHD/test_j8_hayat/J8/install/ctl_mission_interfaces/include/ctl_mission_interfaces/ctl_mission_interfaces/srv/detail/config_dynamic_la_pure_ctrl__builder.hpp
[57.840s] -- Installing: /home/rhobtor/PHD/test_j8_hayat/J8/install/ctl_mission_interfaces/include/ctl_mission_interfaces/ctl_mission_interfaces/srv/detail/get_mode__type_support.hpp
[57.841s] -- Installing: /home/rhobtor/PHD/test_j8_hayat/J8/install/ctl_mission_interfaces/include/ctl_mission_interfaces/ctl_mission_interfaces/srv/detail/config_pure_pursuit_ctrl__type_support.hpp
[57.841s] -- Installing: /home/rhobtor/PHD/test_j8_hayat/J8/install/ctl_mission_interfaces/include/ctl_mission_interfaces/ctl_mission_interfaces/srv/detail/get_possible_transitions__traits.hpp
[57.841s] -- Installing: /home/rhobtor/PHD/test_j8_hayat/J8/install/ctl_mission_interfaces/include/ctl_mission_interfaces/ctl_mission_interfaces/srv/detail/change_speed__builder.hpp
[57.841s] -- Installing: /home/rhobtor/PHD/test_j8_hayat/J8/install/ctl_mission_interfaces/include/ctl_mission_interfaces/ctl_mission_interfaces/srv/detail/get_mode__struct.hpp
[57.841s] -- Installing: /home/rhobtor/PHD/test_j8_hayat/J8/install/ctl_mission_interfaces/include/ctl_mission_interfaces/ctl_mission_interfaces/srv/detail/config_dynamic_pure_ctrl__type_support.hpp
[57.841s] -- Installing: /home/rhobtor/PHD/test_j8_hayat/J8/install/ctl_mission_interfaces/include/ctl_mission_interfaces/ctl_mission_interfaces/srv/detail/config_simple_ctl__type_support.hpp
[57.842s] -- Installing: /home/rhobtor/PHD/test_j8_hayat/J8/install/ctl_mission_interfaces/include/ctl_mission_interfaces/ctl_mission_interfaces/srv/detail/get_mode__traits.hpp
[57.842s] -- Installing: /home/rhobtor/PHD/test_j8_hayat/J8/install/ctl_mission_interfaces/include/ctl_mission_interfaces/ctl_mission_interfaces/srv/detail/config_regulated_pure_ctrl__traits.hpp
[57.842s] -- Installing: /home/rhobtor/PHD/test_j8_hayat/J8/install/ctl_mission_interfaces/include/ctl_mission_interfaces/ctl_mission_interfaces/srv/detail/change_mode__type_support.hpp
[57.842s] -- Installing: /home/rhobtor/PHD/test_j8_hayat/J8/install/ctl_mission_interfaces/include/ctl_mission_interfaces/ctl_mission_interfaces/srv/detail/config_dynamic_pure_ctrl__builder.hpp
[57.842s] -- Installing: /home/rhobtor/PHD/test_j8_hayat/J8/install/ctl_mission_interfaces/include/ctl_mission_interfaces/ctl_mission_interfaces/srv/detail/config_simple_ctl__builder.hpp
[57.842s] -- Installing: /home/rhobtor/PHD/test_j8_hayat/J8/install/ctl_mission_interfaces/include/ctl_mission_interfaces/ctl_mission_interfaces/srv/detail/config_dynamic_la_pure_ctrl__type_support.hpp
[57.843s] -- Installing: /home/rhobtor/PHD/test_j8_hayat/J8/install/ctl_mission_interfaces/include/ctl_mission_interfaces/ctl_mission_interfaces/srv/detail/config_regulated_pure_ctrl__type_support.hpp
[57.843s] -- Installing: /home/rhobtor/PHD/test_j8_hayat/J8/install/ctl_mission_interfaces/include/ctl_mission_interfaces/ctl_mission_interfaces/srv/detail/change_controller__struct.hpp
[57.843s] -- Installing: /home/rhobtor/PHD/test_j8_hayat/J8/install/ctl_mission_interfaces/include/ctl_mission_interfaces/ctl_mission_interfaces/srv/detail/config_dynamic_la_pure_ctrl__traits.hpp
[57.843s] -- Installing: /home/rhobtor/PHD/test_j8_hayat/J8/install/ctl_mission_interfaces/include/ctl_mission_interfaces/ctl_mission_interfaces/srv/detail/config_dynamic_la_pure_ctrl__struct.hpp
[57.843s] -- Installing: /home/rhobtor/PHD/test_j8_hayat/J8/install/ctl_mission_interfaces/include/ctl_mission_interfaces/ctl_mission_interfaces/srv/detail/config_regulated_pure_ctrl__struct.hpp
[57.844s] -- Installing: /home/rhobtor/PHD/test_j8_hayat/J8/install/ctl_mission_interfaces/include/ctl_mission_interfaces/ctl_mission_interfaces/srv/detail/config_pure_pursuit_ctrl__traits.hpp
[57.844s] -- Installing: /home/rhobtor/PHD/test_j8_hayat/J8/install/ctl_mission_interfaces/include/ctl_mission_interfaces/ctl_mission_interfaces/srv/detail/get_possible_transitions__struct.hpp
[57.844s] -- Installing: /home/rhobtor/PHD/test_j8_hayat/J8/install/ctl_mission_interfaces/include/ctl_mission_interfaces/ctl_mission_interfaces/srv/detail/config_regulated_pure_ctrl__builder.hpp
[57.844s] -- Installing: /home/rhobtor/PHD/test_j8_hayat/J8/install/ctl_mission_interfaces/include/ctl_mission_interfaces/ctl_mission_interfaces/srv/detail/config_simple_ctl__struct.hpp
[57.844s] -- Installing: /home/rhobtor/PHD/test_j8_hayat/J8/install/ctl_mission_interfaces/include/ctl_mission_interfaces/ctl_mission_interfaces/srv/detail/config_stanley_ctrl__type_support.hpp
[57.844s] -- Installing: /home/rhobtor/PHD/test_j8_hayat/J8/install/ctl_mission_interfaces/include/ctl_mission_interfaces/ctl_mission_interfaces/srv/config_stanley_ctrl.hpp
[57.844s] -- Installing: /home/rhobtor/PHD/test_j8_hayat/J8/install/ctl_mission_interfaces/include/ctl_mission_interfaces/ctl_mission_interfaces/srv/config_pure_pursuit_ctrl.hpp
[57.845s] -- Installing: /home/rhobtor/PHD/test_j8_hayat/J8/install/ctl_mission_interfaces/include/ctl_mission_interfaces/ctl_mission_interfaces/srv/change_controller.hpp
[57.845s] -- Up-to-date: /home/rhobtor/PHD/test_j8_hayat/J8/install/ctl_mission_interfaces/include/ctl_mission_interfaces/ctl_mission_interfaces/msg
[57.845s] -- Installing: /home/rhobtor/PHD/test_j8_hayat/J8/install/ctl_mission_interfaces/include/ctl_mission_interfaces/ctl_mission_interfaces/msg/rosidl_generator_cpp__visibility_control.hpp
[57.845s] -- Up-to-date: /home/rhobtor/PHD/test_j8_hayat/J8/install/ctl_mission_interfaces/include/ctl_mission_interfaces/ctl_mission_interfaces
[57.845s] -- Up-to-date: /home/rhobtor/PHD/test_j8_hayat/J8/install/ctl_mission_interfaces/include/ctl_mission_interfaces/ctl_mission_interfaces/srv
[57.845s] -- Up-to-date: /home/rhobtor/PHD/test_j8_hayat/J8/install/ctl_mission_interfaces/include/ctl_mission_interfaces/ctl_mission_interfaces/srv/detail
[57.846s] -- Installing: /home/rhobtor/PHD/test_j8_hayat/J8/install/ctl_mission_interfaces/include/ctl_mission_interfaces/ctl_mission_interfaces/srv/detail/get_mode__rosidl_typesupport_fastrtps_cpp.hpp
[57.846s] -- Installing: /home/rhobtor/PHD/test_j8_hayat/J8/install/ctl_mission_interfaces/include/ctl_mission_interfaces/ctl_mission_interfaces/srv/detail/config_regulated_pure_ctrl__rosidl_typesupport_fastrtps_cpp.hpp
[57.846s] -- Installing: /home/rhobtor/PHD/test_j8_hayat/J8/install/ctl_mission_interfaces/include/ctl_mission_interfaces/ctl_mission_interfaces/srv/detail/get_possible_transitions__rosidl_typesupport_fastrtps_cpp.hpp
[57.846s] -- Installing: /home/rhobtor/PHD/test_j8_hayat/J8/install/ctl_mission_interfaces/include/ctl_mission_interfaces/ctl_mission_interfaces/srv/detail/change_speed__rosidl_typesupport_fastrtps_cpp.hpp
[57.846s] -- Installing: /home/rhobtor/PHD/test_j8_hayat/J8/install/ctl_mission_interfaces/include/ctl_mission_interfaces/ctl_mission_interfaces/srv/detail/change_controller__rosidl_typesupport_fastrtps_cpp.hpp
[57.847s] -- Installing: /home/rhobtor/PHD/test_j8_hayat/J8/install/ctl_mission_interfaces/include/ctl_mission_interfaces/ctl_mission_interfaces/srv/detail/config_simple_ctl__rosidl_typesupport_fastrtps_cpp.hpp
[57.847s] -- Installing: /home/rhobtor/PHD/test_j8_hayat/J8/install/ctl_mission_interfaces/include/ctl_mission_interfaces/ctl_mission_interfaces/srv/detail/config_dynamic_pure_ctrl__rosidl_typesupport_fastrtps_cpp.hpp
[57.847s] -- Installing: /home/rhobtor/PHD/test_j8_hayat/J8/install/ctl_mission_interfaces/include/ctl_mission_interfaces/ctl_mission_interfaces/srv/detail/config_stanley_ctrl__rosidl_typesupport_fastrtps_cpp.hpp
[57.847s] -- Installing: /home/rhobtor/PHD/test_j8_hayat/J8/install/ctl_mission_interfaces/include/ctl_mission_interfaces/ctl_mission_interfaces/srv/detail/dds_fastrtps
[57.847s] -- Installing: /home/rhobtor/PHD/test_j8_hayat/J8/install/ctl_mission_interfaces/include/ctl_mission_interfaces/ctl_mission_interfaces/srv/detail/config_pure_pursuit_ctrl__rosidl_typesupport_fastrtps_cpp.hpp
[57.847s] -- Installing: /home/rhobtor/PHD/test_j8_hayat/J8/install/ctl_mission_interfaces/include/ctl_mission_interfaces/ctl_mission_interfaces/srv/detail/change_mode__rosidl_typesupport_fastrtps_cpp.hpp
[57.848s] -- Installing: /home/rhobtor/PHD/test_j8_hayat/J8/install/ctl_mission_interfaces/include/ctl_mission_interfaces/ctl_mission_interfaces/srv/detail/config_dynamic_la_pure_ctrl__rosidl_typesupport_fastrtps_cpp.hpp
[57.848s] -- Up-to-date: /home/rhobtor/PHD/test_j8_hayat/J8/install/ctl_mission_interfaces/include/ctl_mission_interfaces/ctl_mission_interfaces/msg
[57.848s] -- Installing: /home/rhobtor/PHD/test_j8_hayat/J8/install/ctl_mission_interfaces/include/ctl_mission_interfaces/ctl_mission_interfaces/msg/rosidl_typesupport_fastrtps_cpp__visibility_control.h
[57.848s] -- Installing: /home/rhobtor/PHD/test_j8_hayat/J8/install/ctl_mission_interfaces/lib/libctl_mission_interfaces__rosidl_typesupport_fastrtps_cpp.so
[57.848s] -- Set non-toolchain portion of runtime path of "/home/rhobtor/PHD/test_j8_hayat/J8/install/ctl_mission_interfaces/lib/libctl_mission_interfaces__rosidl_typesupport_fastrtps_cpp.so" to ""
[57.848s] -- Up-to-date: /home/rhobtor/PHD/test_j8_hayat/J8/install/ctl_mission_interfaces/include/ctl_mission_interfaces/ctl_mission_interfaces
[57.848s] -- Up-to-date: /home/rhobtor/PHD/test_j8_hayat/J8/install/ctl_mission_interfaces/include/ctl_mission_interfaces/ctl_mission_interfaces/srv
[57.849s] -- Up-to-date: /home/rhobtor/PHD/test_j8_hayat/J8/install/ctl_mission_interfaces/include/ctl_mission_interfaces/ctl_mission_interfaces/srv/detail
[57.849s] -- Installing: /home/rhobtor/PHD/test_j8_hayat/J8/install/ctl_mission_interfaces/include/ctl_mission_interfaces/ctl_mission_interfaces/srv/detail/get_possible_transitions__rosidl_typesupport_introspection_cpp.hpp
[57.849s] -- Installing: /home/rhobtor/PHD/test_j8_hayat/J8/install/ctl_mission_interfaces/include/ctl_mission_interfaces/ctl_mission_interfaces/srv/detail/config_dynamic_pure_ctrl__rosidl_typesupport_introspection_cpp.hpp
[57.849s] -- Installing: /home/rhobtor/PHD/test_j8_hayat/J8/install/ctl_mission_interfaces/include/ctl_mission_interfaces/ctl_mission_interfaces/srv/detail/config_simple_ctl__type_support.cpp
[57.849s] -- Installing: /home/rhobtor/PHD/test_j8_hayat/J8/install/ctl_mission_interfaces/include/ctl_mission_interfaces/ctl_mission_interfaces/srv/detail/get_mode__rosidl_typesupport_introspection_cpp.hpp
[57.849s] -- Installing: /home/rhobtor/PHD/test_j8_hayat/J8/install/ctl_mission_interfaces/include/ctl_mission_interfaces/ctl_mission_interfaces/srv/detail/change_controller__rosidl_typesupport_introspection_cpp.hpp
[57.849s] -- Installing: /home/rhobtor/PHD/test_j8_hayat/J8/install/ctl_mission_interfaces/include/ctl_mission_interfaces/ctl_mission_interfaces/srv/detail/change_speed__rosidl_typesupport_introspection_cpp.hpp
[57.850s] -- Installing: /home/rhobtor/PHD/test_j8_hayat/J8/install/ctl_mission_interfaces/include/ctl_mission_interfaces/ctl_mission_interfaces/srv/detail/config_stanley_ctrl__rosidl_typesupport_introspection_cpp.hpp
[57.850s] -- Installing: /home/rhobtor/PHD/test_j8_hayat/J8/install/ctl_mission_interfaces/include/ctl_mission_interfaces/ctl_mission_interfaces/srv/detail/config_pure_pursuit_ctrl__type_support.cpp
[57.850s] -- Installing: /home/rhobtor/PHD/test_j8_hayat/J8/install/ctl_mission_interfaces/include/ctl_mission_interfaces/ctl_mission_interfaces/srv/detail/config_regulated_pure_ctrl__type_support.cpp
[57.850s] -- Installing: /home/rhobtor/PHD/test_j8_hayat/J8/install/ctl_mission_interfaces/include/ctl_mission_interfaces/ctl_mission_interfaces/srv/detail/config_dynamic_pure_ctrl__type_support.cpp
[57.850s] -- Installing: /home/rhobtor/PHD/test_j8_hayat/J8/install/ctl_mission_interfaces/include/ctl_mission_interfaces/ctl_mission_interfaces/srv/detail/config_simple_ctl__rosidl_typesupport_introspection_cpp.hpp
[57.850s] -- Installing: /home/rhobtor/PHD/test_j8_hayat/J8/install/ctl_mission_interfaces/include/ctl_mission_interfaces/ctl_mission_interfaces/srv/detail/config_dynamic_la_pure_ctrl__type_support.cpp
[57.850s] -- Installing: /home/rhobtor/PHD/test_j8_hayat/J8/install/ctl_mission_interfaces/include/ctl_mission_interfaces/ctl_mission_interfaces/srv/detail/get_possible_transitions__type_support.cpp
[57.851s] -- Installing: /home/rhobtor/PHD/test_j8_hayat/J8/install/ctl_mission_interfaces/include/ctl_mission_interfaces/ctl_mission_interfaces/srv/detail/config_pure_pursuit_ctrl__rosidl_typesupport_introspection_cpp.hpp
[57.851s] -- Installing: /home/rhobtor/PHD/test_j8_hayat/J8/install/ctl_mission_interfaces/include/ctl_mission_interfaces/ctl_mission_interfaces/srv/detail/config_stanley_ctrl__type_support.cpp
[57.851s] -- Installing: /home/rhobtor/PHD/test_j8_hayat/J8/install/ctl_mission_interfaces/include/ctl_mission_interfaces/ctl_mission_interfaces/srv/detail/change_mode__type_support.cpp
[57.851s] -- Installing: /home/rhobtor/PHD/test_j8_hayat/J8/install/ctl_mission_interfaces/include/ctl_mission_interfaces/ctl_mission_interfaces/srv/detail/change_mode__rosidl_typesupport_introspection_cpp.hpp
[57.851s] -- Installing: /home/rhobtor/PHD/test_j8_hayat/J8/install/ctl_mission_interfaces/include/ctl_mission_interfaces/ctl_mission_interfaces/srv/detail/config_dynamic_la_pure_ctrl__rosidl_typesupport_introspection_cpp.hpp
[57.851s] -- Installing: /home/rhobtor/PHD/test_j8_hayat/J8/install/ctl_mission_interfaces/include/ctl_mission_interfaces/ctl_mission_interfaces/srv/detail/change_speed__type_support.cpp
[57.851s] -- Installing: /home/rhobtor/PHD/test_j8_hayat/J8/install/ctl_mission_interfaces/include/ctl_mission_interfaces/ctl_mission_interfaces/srv/detail/config_regulated_pure_ctrl__rosidl_typesupport_introspection_cpp.hpp
[57.852s] -- Installing: /home/rhobtor/PHD/test_j8_hayat/J8/install/ctl_mission_interfaces/include/ctl_mission_interfaces/ctl_mission_interfaces/srv/detail/change_controller__type_support.cpp
[57.852s] -- Installing: /home/rhobtor/PHD/test_j8_hayat/J8/install/ctl_mission_interfaces/include/ctl_mission_interfaces/ctl_mission_interfaces/srv/detail/get_mode__type_support.cpp
[57.852s] -- Installing: /home/rhobtor/PHD/test_j8_hayat/J8/install/ctl_mission_interfaces/lib/libctl_mission_interfaces__rosidl_typesupport_introspection_cpp.so
[57.852s] -- Set non-toolchain portion of runtime path of "/home/rhobtor/PHD/test_j8_hayat/J8/install/ctl_mission_interfaces/lib/libctl_mission_interfaces__rosidl_typesupport_introspection_cpp.so" to ""
[57.852s] -- Installing: /home/rhobtor/PHD/test_j8_hayat/J8/install/ctl_mission_interfaces/lib/libctl_mission_interfaces__rosidl_typesupport_cpp.so
[57.852s] -- Set non-toolchain portion of runtime path of "/home/rhobtor/PHD/test_j8_hayat/J8/install/ctl_mission_interfaces/lib/libctl_mission_interfaces__rosidl_typesupport_cpp.so" to ""
[57.852s] -- Installing: /home/rhobtor/PHD/test_j8_hayat/J8/install/ctl_mission_interfaces/share/ctl_mission_interfaces/environment/pythonpath.sh
[57.853s] -- Installing: /home/rhobtor/PHD/test_j8_hayat/J8/install/ctl_mission_interfaces/share/ctl_mission_interfaces/environment/pythonpath.dsv
[57.853s] -- Installing: /home/rhobtor/PHD/test_j8_hayat/J8/install/ctl_mission_interfaces/local/lib/python3.10/dist-packages/ctl_mission_interfaces-0.0.0-py3.10.egg-info
[57.853s] -- Installing: /home/rhobtor/PHD/test_j8_hayat/J8/install/ctl_mission_interfaces/local/lib/python3.10/dist-packages/ctl_mission_interfaces-0.0.0-py3.10.egg-info/top_level.txt
[57.853s] -- Installing: /home/rhobtor/PHD/test_j8_hayat/J8/install/ctl_mission_interfaces/local/lib/python3.10/dist-packages/ctl_mission_interfaces-0.0.0-py3.10.egg-info/SOURCES.txt
[57.853s] -- Installing: /home/rhobtor/PHD/test_j8_hayat/J8/install/ctl_mission_interfaces/local/lib/python3.10/dist-packages/ctl_mission_interfaces-0.0.0-py3.10.egg-info/PKG-INFO
[57.853s] -- Installing: /home/rhobtor/PHD/test_j8_hayat/J8/install/ctl_mission_interfaces/local/lib/python3.10/dist-packages/ctl_mission_interfaces-0.0.0-py3.10.egg-info/dependency_links.txt
[57.853s] -- Installing: /home/rhobtor/PHD/test_j8_hayat/J8/install/ctl_mission_interfaces/local/lib/python3.10/dist-packages/ctl_mission_interfaces
[57.854s] -- Installing: /home/rhobtor/PHD/test_j8_hayat/J8/install/ctl_mission_interfaces/local/lib/python3.10/dist-packages/ctl_mission_interfaces/srv
[57.854s] -- Installing: /home/rhobtor/PHD/test_j8_hayat/J8/install/ctl_mission_interfaces/local/lib/python3.10/dist-packages/ctl_mission_interfaces/srv/_config_pure_pursuit_ctrl_s.c
[57.854s] -- Installing: /home/rhobtor/PHD/test_j8_hayat/J8/install/ctl_mission_interfaces/local/lib/python3.10/dist-packages/ctl_mission_interfaces/srv/_config_stanley_ctrl_s.c
[57.854s] -- Installing: /home/rhobtor/PHD/test_j8_hayat/J8/install/ctl_mission_interfaces/local/lib/python3.10/dist-packages/ctl_mission_interfaces/srv/_config_pure_pursuit_ctrl.py
[57.855s] -- Installing: /home/rhobtor/PHD/test_j8_hayat/J8/install/ctl_mission_interfaces/local/lib/python3.10/dist-packages/ctl_mission_interfaces/srv/_config_dynamic_pure_ctrl_s.c
[57.855s] -- Installing: /home/rhobtor/PHD/test_j8_hayat/J8/install/ctl_mission_interfaces/local/lib/python3.10/dist-packages/ctl_mission_interfaces/srv/_config_regulated_pure_ctrl_s.c
[57.855s] -- Installing: /home/rhobtor/PHD/test_j8_hayat/J8/install/ctl_mission_interfaces/local/lib/python3.10/dist-packages/ctl_mission_interfaces/srv/_get_possible_transitions.py
[57.855s] -- Installing: /home/rhobtor/PHD/test_j8_hayat/J8/install/ctl_mission_interfaces/local/lib/python3.10/dist-packages/ctl_mission_interfaces/srv/_change_mode_s.c
[57.855s] -- Installing: /home/rhobtor/PHD/test_j8_hayat/J8/install/ctl_mission_interfaces/local/lib/python3.10/dist-packages/ctl_mission_interfaces/srv/_config_dynamic_la_pure_ctrl_s.c
[57.855s] -- Installing: /home/rhobtor/PHD/test_j8_hayat/J8/install/ctl_mission_interfaces/local/lib/python3.10/dist-packages/ctl_mission_interfaces/srv/_config_regulated_pure_ctrl.py
[57.856s] -- Installing: /home/rhobtor/PHD/test_j8_hayat/J8/install/ctl_mission_interfaces/local/lib/python3.10/dist-packages/ctl_mission_interfaces/srv/_change_controller_s.c
[57.856s] -- Installing: /home/rhobtor/PHD/test_j8_hayat/J8/install/ctl_mission_interfaces/local/lib/python3.10/dist-packages/ctl_mission_interfaces/srv/_get_mode.py
[57.856s] -- Installing: /home/rhobtor/PHD/test_j8_hayat/J8/install/ctl_mission_interfaces/local/lib/python3.10/dist-packages/ctl_mission_interfaces/srv/_change_controller.py
[57.856s] -- Installing: /home/rhobtor/PHD/test_j8_hayat/J8/install/ctl_mission_interfaces/local/lib/python3.10/dist-packages/ctl_mission_interfaces/srv/__init__.py
[57.856s] -- Installing: /home/rhobtor/PHD/test_j8_hayat/J8/install/ctl_mission_interfaces/local/lib/python3.10/dist-packages/ctl_mission_interfaces/srv/_config_simple_ctl.py
[57.856s] -- Installing: /home/rhobtor/PHD/test_j8_hayat/J8/install/ctl_mission_interfaces/local/lib/python3.10/dist-packages/ctl_mission_interfaces/srv/_change_speed.py
[57.856s] -- Installing: /home/rhobtor/PHD/test_j8_hayat/J8/install/ctl_mission_interfaces/local/lib/python3.10/dist-packages/ctl_mission_interfaces/srv/_change_speed_s.c
[57.856s] -- Installing: /home/rhobtor/PHD/test_j8_hayat/J8/install/ctl_mission_interfaces/local/lib/python3.10/dist-packages/ctl_mission_interfaces/srv/_config_dynamic_pure_ctrl.py
[57.857s] -- Installing: /home/rhobtor/PHD/test_j8_hayat/J8/install/ctl_mission_interfaces/local/lib/python3.10/dist-packages/ctl_mission_interfaces/srv/_get_mode_s.c
[57.857s] -- Installing: /home/rhobtor/PHD/test_j8_hayat/J8/install/ctl_mission_interfaces/local/lib/python3.10/dist-packages/ctl_mission_interfaces/srv/_change_mode.py
[57.857s] -- Installing: /home/rhobtor/PHD/test_j8_hayat/J8/install/ctl_mission_interfaces/local/lib/python3.10/dist-packages/ctl_mission_interfaces/srv/_config_stanley_ctrl.py
[57.857s] -- Installing: /home/rhobtor/PHD/test_j8_hayat/J8/install/ctl_mission_interfaces/local/lib/python3.10/dist-packages/ctl_mission_interfaces/srv/_config_simple_ctl_s.c
[57.857s] -- Installing: /home/rhobtor/PHD/test_j8_hayat/J8/install/ctl_mission_interfaces/local/lib/python3.10/dist-packages/ctl_mission_interfaces/srv/_config_dynamic_la_pure_ctrl.py
[57.857s] -- Installing: /home/rhobtor/PHD/test_j8_hayat/J8/install/ctl_mission_interfaces/local/lib/python3.10/dist-packages/ctl_mission_interfaces/srv/_get_possible_transitions_s.c
[57.857s] -- Installing: /home/rhobtor/PHD/test_j8_hayat/J8/install/ctl_mission_interfaces/local/lib/python3.10/dist-packages/ctl_mission_interfaces/ctl_mission_interfaces_s__rosidl_typesupport_c.cpython-310-x86_64-linux-gnu.so
[57.858s] -- Installing: /home/rhobtor/PHD/test_j8_hayat/J8/install/ctl_mission_interfaces/local/lib/python3.10/dist-packages/ctl_mission_interfaces/ctl_mission_interfaces_s__rosidl_typesupport_fastrtps_c.cpython-310-x86_64-linux-gnu.so
[57.858s] -- Installing: /home/rhobtor/PHD/test_j8_hayat/J8/install/ctl_mission_interfaces/local/lib/python3.10/dist-packages/ctl_mission_interfaces/_ctl_mission_interfaces_s.ep.rosidl_typesupport_c.c
[57.858s] -- Installing: /home/rhobtor/PHD/test_j8_hayat/J8/install/ctl_mission_interfaces/local/lib/python3.10/dist-packages/ctl_mission_interfaces/ctl_mission_interfaces_s__rosidl_typesupport_introspection_c.cpython-310-x86_64-linux-gnu.so
[57.858s] -- Installing: /home/rhobtor/PHD/test_j8_hayat/J8/install/ctl_mission_interfaces/local/lib/python3.10/dist-packages/ctl_mission_interfaces/__init__.py
[57.858s] -- Installing: /home/rhobtor/PHD/test_j8_hayat/J8/install/ctl_mission_interfaces/local/lib/python3.10/dist-packages/ctl_mission_interfaces/_ctl_mission_interfaces_s.ep.rosidl_typesupport_fastrtps_c.c
[57.858s] -- Installing: /home/rhobtor/PHD/test_j8_hayat/J8/install/ctl_mission_interfaces/local/lib/python3.10/dist-packages/ctl_mission_interfaces/_ctl_mission_interfaces_s.ep.rosidl_typesupport_introspection_c.c
[57.858s] -- Installing: /home/rhobtor/PHD/test_j8_hayat/J8/install/ctl_mission_interfaces/local/lib/python3.10/dist-packages/ctl_mission_interfaces/libctl_mission_interfaces__rosidl_generator_py.so
[57.966s] Listing '/home/rhobtor/PHD/test_j8_hayat/J8/install/ctl_mission_interfaces/local/lib/python3.10/dist-packages/ctl_mission_interfaces'...
[57.967s] Compiling '/home/rhobtor/PHD/test_j8_hayat/J8/install/ctl_mission_interfaces/local/lib/python3.10/dist-packages/ctl_mission_interfaces/__init__.py'...
[57.967s] Listing '/home/rhobtor/PHD/test_j8_hayat/J8/install/ctl_mission_interfaces/local/lib/python3.10/dist-packages/ctl_mission_interfaces/srv'...
[57.967s] Compiling '/home/rhobtor/PHD/test_j8_hayat/J8/install/ctl_mission_interfaces/local/lib/python3.10/dist-packages/ctl_mission_interfaces/srv/__init__.py'...
[57.967s] Compiling '/home/rhobtor/PHD/test_j8_hayat/J8/install/ctl_mission_interfaces/local/lib/python3.10/dist-packages/ctl_mission_interfaces/srv/_change_controller.py'...
[57.967s] Compiling '/home/rhobtor/PHD/test_j8_hayat/J8/install/ctl_mission_interfaces/local/lib/python3.10/dist-packages/ctl_mission_interfaces/srv/_change_mode.py'...
[57.967s] Compiling '/home/rhobtor/PHD/test_j8_hayat/J8/install/ctl_mission_interfaces/local/lib/python3.10/dist-packages/ctl_mission_interfaces/srv/_change_speed.py'...
[57.967s] Compiling '/home/rhobtor/PHD/test_j8_hayat/J8/install/ctl_mission_interfaces/local/lib/python3.10/dist-packages/ctl_mission_interfaces/srv/_config_dynamic_la_pure_ctrl.py'...
[57.967s] Compiling '/home/rhobtor/PHD/test_j8_hayat/J8/install/ctl_mission_interfaces/local/lib/python3.10/dist-packages/ctl_mission_interfaces/srv/_config_dynamic_pure_ctrl.py'...
[57.968s] Compiling '/home/rhobtor/PHD/test_j8_hayat/J8/install/ctl_mission_interfaces/local/lib/python3.10/dist-packages/ctl_mission_interfaces/srv/_config_pure_pursuit_ctrl.py'...
[57.968s] Compiling '/home/rhobtor/PHD/test_j8_hayat/J8/install/ctl_mission_interfaces/local/lib/python3.10/dist-packages/ctl_mission_interfaces/srv/_config_regulated_pure_ctrl.py'...
[57.968s] Compiling '/home/rhobtor/PHD/test_j8_hayat/J8/install/ctl_mission_interfaces/local/lib/python3.10/dist-packages/ctl_mission_interfaces/srv/_config_simple_ctl.py'...
[57.968s] Compiling '/home/rhobtor/PHD/test_j8_hayat/J8/install/ctl_mission_interfaces/local/lib/python3.10/dist-packages/ctl_mission_interfaces/srv/_config_stanley_ctrl.py'...
[57.968s] Compiling '/home/rhobtor/PHD/test_j8_hayat/J8/install/ctl_mission_interfaces/local/lib/python3.10/dist-packages/ctl_mission_interfaces/srv/_get_mode.py'...
[57.968s] Compiling '/home/rhobtor/PHD/test_j8_hayat/J8/install/ctl_mission_interfaces/local/lib/python3.10/dist-packages/ctl_mission_interfaces/srv/_get_possible_transitions.py'...
[57.976s] -- Installing: /home/rhobtor/PHD/test_j8_hayat/J8/install/ctl_mission_interfaces/local/lib/python3.10/dist-packages/ctl_mission_interfaces/ctl_mission_interfaces_s__rosidl_typesupport_fastrtps_c.cpython-310-x86_64-linux-gnu.so
[57.976s] -- Set non-toolchain portion of runtime path of "/home/rhobtor/PHD/test_j8_hayat/J8/install/ctl_mission_interfaces/local/lib/python3.10/dist-packages/ctl_mission_interfaces/ctl_mission_interfaces_s__rosidl_typesupport_fastrtps_c.cpython-310-x86_64-linux-gnu.so" to ""
[57.977s] -- Installing: /home/rhobtor/PHD/test_j8_hayat/J8/install/ctl_mission_interfaces/local/lib/python3.10/dist-packages/ctl_mission_interfaces/ctl_mission_interfaces_s__rosidl_typesupport_introspection_c.cpython-310-x86_64-linux-gnu.so
[57.977s] -- Set non-toolchain portion of runtime path of "/home/rhobtor/PHD/test_j8_hayat/J8/install/ctl_mission_interfaces/local/lib/python3.10/dist-packages/ctl_mission_interfaces/ctl_mission_interfaces_s__rosidl_typesupport_introspection_c.cpython-310-x86_64-linux-gnu.so" to ""
[57.977s] -- Installing: /home/rhobtor/PHD/test_j8_hayat/J8/install/ctl_mission_interfaces/local/lib/python3.10/dist-packages/ctl_mission_interfaces/ctl_mission_interfaces_s__rosidl_typesupport_c.cpython-310-x86_64-linux-gnu.so
[57.978s] -- Set non-toolchain portion of runtime path of "/home/rhobtor/PHD/test_j8_hayat/J8/install/ctl_mission_interfaces/local/lib/python3.10/dist-packages/ctl_mission_interfaces/ctl_mission_interfaces_s__rosidl_typesupport_c.cpython-310-x86_64-linux-gnu.so" to ""
[57.978s] -- Installing: /home/rhobtor/PHD/test_j8_hayat/J8/install/ctl_mission_interfaces/lib/libctl_mission_interfaces__rosidl_generator_py.so
[57.979s] -- Set non-toolchain portion of runtime path of "/home/rhobtor/PHD/test_j8_hayat/J8/install/ctl_mission_interfaces/lib/libctl_mission_interfaces__rosidl_generator_py.so" to ""
[57.979s] -- Installing: /home/rhobtor/PHD/test_j8_hayat/J8/install/ctl_mission_interfaces/share/ament_index/resource_index/rust_packages/ctl_mission_interfaces
[57.979s] -- Installing: /home/rhobtor/PHD/test_j8_hayat/J8/install/ctl_mission_interfaces/share/ctl_mission_interfaces/rust
[57.980s] -- Installing: /home/rhobtor/PHD/test_j8_hayat/J8/install/ctl_mission_interfaces/share/ctl_mission_interfaces/rust/src
[57.980s] -- Installing: /home/rhobtor/PHD/test_j8_hayat/J8/install/ctl_mission_interfaces/share/ctl_mission_interfaces/rust/src/lib.rs
[57.980s] -- Installing: /home/rhobtor/PHD/test_j8_hayat/J8/install/ctl_mission_interfaces/share/ctl_mission_interfaces/rust/src/srv
[57.980s] -- Installing: /home/rhobtor/PHD/test_j8_hayat/J8/install/ctl_mission_interfaces/share/ctl_mission_interfaces/rust/src/srv/rmw.rs
[57.980s] -- Installing: /home/rhobtor/PHD/test_j8_hayat/J8/install/ctl_mission_interfaces/share/ctl_mission_interfaces/rust/src/srv.rs
[57.981s] -- Installing: /home/rhobtor/PHD/test_j8_hayat/J8/install/ctl_mission_interfaces/share/ctl_mission_interfaces/rust/Cargo.toml
[57.981s] -- Installing: /home/rhobtor/PHD/test_j8_hayat/J8/install/ctl_mission_interfaces/share/ctl_mission_interfaces/rust/build.rs
[57.981s] -- Installing: /home/rhobtor/PHD/test_j8_hayat/J8/install/ctl_mission_interfaces/share/ctl_mission_interfaces/srv/ChangeMode.idl
[57.981s] -- Installing: /home/rhobtor/PHD/test_j8_hayat/J8/install/ctl_mission_interfaces/share/ctl_mission_interfaces/srv/GetMode.idl
[57.981s] -- Installing: /home/rhobtor/PHD/test_j8_hayat/J8/install/ctl_mission_interfaces/share/ctl_mission_interfaces/srv/ChangeSpeed.idl
[57.982s] -- Installing: /home/rhobtor/PHD/test_j8_hayat/J8/install/ctl_mission_interfaces/share/ctl_mission_interfaces/srv/ConfigSimpleCtl.idl
[57.982s] -- Installing: /home/rhobtor/PHD/test_j8_hayat/J8/install/ctl_mission_interfaces/share/ctl_mission_interfaces/srv/GetPossibleTransitions.idl
[57.983s] -- Installing: /home/rhobtor/PHD/test_j8_hayat/J8/install/ctl_mission_interfaces/share/ctl_mission_interfaces/srv/ChangeController.idl
[57.983s] -- Installing: /home/rhobtor/PHD/test_j8_hayat/J8/install/ctl_mission_interfaces/share/ctl_mission_interfaces/srv/ConfigPurePursuitCtrl.idl
[57.983s] -- Installing: /home/rhobtor/PHD/test_j8_hayat/J8/install/ctl_mission_interfaces/share/ctl_mission_interfaces/srv/ConfigStanleyCtrl.idl
[57.983s] -- Installing: /home/rhobtor/PHD/test_j8_hayat/J8/install/ctl_mission_interfaces/share/ctl_mission_interfaces/srv/ConfigDynamicPureCtrl.idl
[57.983s] -- Installing: /home/rhobtor/PHD/test_j8_hayat/J8/install/ctl_mission_interfaces/share/ctl_mission_interfaces/srv/ConfigDynamicLAPureCtrl.idl
[57.983s] -- Installing: /home/rhobtor/PHD/test_j8_hayat/J8/install/ctl_mission_interfaces/share/ctl_mission_interfaces/srv/ConfigRegulatedPureCtrl.idl
[57.983s] -- Installing: /home/rhobtor/PHD/test_j8_hayat/J8/install/ctl_mission_interfaces/share/ctl_mission_interfaces/srv/ChangeMode.srv
[57.984s] -- Installing: /home/rhobtor/PHD/test_j8_hayat/J8/install/ctl_mission_interfaces/share/ctl_mission_interfaces/srv/ChangeMode_Request.msg
[57.984s] -- Installing: /home/rhobtor/PHD/test_j8_hayat/J8/install/ctl_mission_interfaces/share/ctl_mission_interfaces/srv/ChangeMode_Response.msg
[57.984s] -- Installing: /home/rhobtor/PHD/test_j8_hayat/J8/install/ctl_mission_interfaces/share/ctl_mission_interfaces/srv/GetMode.srv
[57.984s] -- Installing: /home/rhobtor/PHD/test_j8_hayat/J8/install/ctl_mission_interfaces/share/ctl_mission_interfaces/srv/GetMode_Request.msg
[57.984s] -- Installing: /home/rhobtor/PHD/test_j8_hayat/J8/install/ctl_mission_interfaces/share/ctl_mission_interfaces/srv/GetMode_Response.msg
[57.984s] -- Installing: /home/rhobtor/PHD/test_j8_hayat/J8/install/ctl_mission_interfaces/share/ctl_mission_interfaces/srv/ChangeSpeed.srv
[57.984s] -- Installing: /home/rhobtor/PHD/test_j8_hayat/J8/install/ctl_mission_interfaces/share/ctl_mission_interfaces/srv/ChangeSpeed_Request.msg
[57.985s] -- Installing: /home/rhobtor/PHD/test_j8_hayat/J8/install/ctl_mission_interfaces/share/ctl_mission_interfaces/srv/ChangeSpeed_Response.msg
[57.985s] -- Installing: /home/rhobtor/PHD/test_j8_hayat/J8/install/ctl_mission_interfaces/share/ctl_mission_interfaces/srv/ConfigSimpleCtl.srv
[57.985s] -- Installing: /home/rhobtor/PHD/test_j8_hayat/J8/install/ctl_mission_interfaces/share/ctl_mission_interfaces/srv/ConfigSimpleCtl_Request.msg
[57.985s] -- Installing: /home/rhobtor/PHD/test_j8_hayat/J8/install/ctl_mission_interfaces/share/ctl_mission_interfaces/srv/ConfigSimpleCtl_Response.msg
[57.985s] -- Installing: /home/rhobtor/PHD/test_j8_hayat/J8/install/ctl_mission_interfaces/share/ctl_mission_interfaces/srv/GetPossibleTransitions.srv
[57.985s] -- Installing: /home/rhobtor/PHD/test_j8_hayat/J8/install/ctl_mission_interfaces/share/ctl_mission_interfaces/srv/GetPossibleTransitions_Request.msg
[57.986s] -- Installing: /home/rhobtor/PHD/test_j8_hayat/J8/install/ctl_mission_interfaces/share/ctl_mission_interfaces/srv/GetPossibleTransitions_Response.msg
[57.986s] -- Installing: /home/rhobtor/PHD/test_j8_hayat/J8/install/ctl_mission_interfaces/share/ctl_mission_interfaces/srv/ChangeController.srv
[57.986s] -- Installing: /home/rhobtor/PHD/test_j8_hayat/J8/install/ctl_mission_interfaces/share/ctl_mission_interfaces/srv/ChangeController_Request.msg
[57.986s] -- Installing: /home/rhobtor/PHD/test_j8_hayat/J8/install/ctl_mission_interfaces/share/ctl_mission_interfaces/srv/ChangeController_Response.msg
[57.986s] -- Installing: /home/rhobtor/PHD/test_j8_hayat/J8/install/ctl_mission_interfaces/share/ctl_mission_interfaces/srv/ConfigPurePursuitCtrl.srv
[57.986s] -- Installing: /home/rhobtor/PHD/test_j8_hayat/J8/install/ctl_mission_interfaces/share/ctl_mission_interfaces/srv/ConfigPurePursuitCtrl_Request.msg
[57.987s] -- Installing: /home/rhobtor/PHD/test_j8_hayat/J8/install/ctl_mission_interfaces/share/ctl_mission_interfaces/srv/ConfigPurePursuitCtrl_Response.msg
[57.987s] -- Installing: /home/rhobtor/PHD/test_j8_hayat/J8/install/ctl_mission_interfaces/share/ctl_mission_interfaces/srv/ConfigStanleyCtrl.srv
[57.987s] -- Installing: /home/rhobtor/PHD/test_j8_hayat/J8/install/ctl_mission_interfaces/share/ctl_mission_interfaces/srv/ConfigStanleyCtrl_Request.msg
[57.987s] -- Installing: /home/rhobtor/PHD/test_j8_hayat/J8/install/ctl_mission_interfaces/share/ctl_mission_interfaces/srv/ConfigStanleyCtrl_Response.msg
[57.987s] -- Installing: /home/rhobtor/PHD/test_j8_hayat/J8/install/ctl_mission_interfaces/share/ctl_mission_interfaces/srv/ConfigDynamicPureCtrl.srv
[57.988s] -- Installing: /home/rhobtor/PHD/test_j8_hayat/J8/install/ctl_mission_interfaces/share/ctl_mission_interfaces/srv/ConfigDynamicPureCtrl_Request.msg
[57.988s] -- Installing: /home/rhobtor/PHD/test_j8_hayat/J8/install/ctl_mission_interfaces/share/ctl_mission_interfaces/srv/ConfigDynamicPureCtrl_Response.msg
[57.988s] -- Installing: /home/rhobtor/PHD/test_j8_hayat/J8/install/ctl_mission_interfaces/share/ctl_mission_interfaces/srv/ConfigDynamicLAPureCtrl.srv
[57.988s] -- Installing: /home/rhobtor/PHD/test_j8_hayat/J8/install/ctl_mission_interfaces/share/ctl_mission_interfaces/srv/ConfigDynamicLAPureCtrl_Request.msg
[57.989s] -- Installing: /home/rhobtor/PHD/test_j8_hayat/J8/install/ctl_mission_interfaces/share/ctl_mission_interfaces/srv/ConfigDynamicLAPureCtrl_Response.msg
[57.989s] -- Installing: /home/rhobtor/PHD/test_j8_hayat/J8/install/ctl_mission_interfaces/share/ctl_mission_interfaces/srv/ConfigRegulatedPureCtrl.srv
[57.989s] -- Installing: /home/rhobtor/PHD/test_j8_hayat/J8/install/ctl_mission_interfaces/share/ctl_mission_interfaces/srv/ConfigRegulatedPureCtrl_Request.msg
[57.989s] -- Installing: /home/rhobtor/PHD/test_j8_hayat/J8/install/ctl_mission_interfaces/share/ctl_mission_interfaces/srv/ConfigRegulatedPureCtrl_Response.msg
[57.989s] -- Installing: /home/rhobtor/PHD/test_j8_hayat/J8/install/ctl_mission_interfaces/share/ament_index/resource_index/package_run_dependencies/ctl_mission_interfaces
[57.990s] -- Installing: /home/rhobtor/PHD/test_j8_hayat/J8/install/ctl_mission_interfaces/share/ament_index/resource_index/parent_prefix_path/ctl_mission_interfaces
[57.990s] -- Installing: /home/rhobtor/PHD/test_j8_hayat/J8/install/ctl_mission_interfaces/share/ctl_mission_interfaces/environment/ament_prefix_path.sh
[57.990s] -- Installing: /home/rhobtor/PHD/test_j8_hayat/J8/install/ctl_mission_interfaces/share/ctl_mission_interfaces/environment/ament_prefix_path.dsv
[57.990s] -- Installing: /home/rhobtor/PHD/test_j8_hayat/J8/install/ctl_mission_interfaces/share/ctl_mission_interfaces/environment/path.sh
[57.990s] -- Installing: /home/rhobtor/PHD/test_j8_hayat/J8/install/ctl_mission_interfaces/share/ctl_mission_interfaces/environment/path.dsv
[57.991s] -- Installing: /home/rhobtor/PHD/test_j8_hayat/J8/install/ctl_mission_interfaces/share/ctl_mission_interfaces/local_setup.bash
[57.991s] -- Installing: /home/rhobtor/PHD/test_j8_hayat/J8/install/ctl_mission_interfaces/share/ctl_mission_interfaces/local_setup.sh
[57.991s] -- Installing: /home/rhobtor/PHD/test_j8_hayat/J8/install/ctl_mission_interfaces/share/ctl_mission_interfaces/local_setup.zsh
[57.991s] -- Installing: /home/rhobtor/PHD/test_j8_hayat/J8/install/ctl_mission_interfaces/share/ctl_mission_interfaces/local_setup.dsv
[57.991s] -- Installing: /home/rhobtor/PHD/test_j8_hayat/J8/install/ctl_mission_interfaces/share/ctl_mission_interfaces/package.dsv
[57.992s] -- Installing: /home/rhobtor/PHD/test_j8_hayat/J8/install/ctl_mission_interfaces/share/ament_index/resource_index/packages/ctl_mission_interfaces
[57.992s] -- Installing: /home/rhobtor/PHD/test_j8_hayat/J8/install/ctl_mission_interfaces/share/ctl_mission_interfaces/cmake/export_ctl_mission_interfaces__rosidl_generator_cExport.cmake
[57.992s] -- Installing: /home/rhobtor/PHD/test_j8_hayat/J8/install/ctl_mission_interfaces/share/ctl_mission_interfaces/cmake/export_ctl_mission_interfaces__rosidl_generator_cExport-noconfig.cmake
[57.992s] -- Installing: /home/rhobtor/PHD/test_j8_hayat/J8/install/ctl_mission_interfaces/share/ctl_mission_interfaces/cmake/export_ctl_mission_interfaces__rosidl_typesupport_fastrtps_cExport.cmake
[57.993s] -- Installing: /home/rhobtor/PHD/test_j8_hayat/J8/install/ctl_mission_interfaces/share/ctl_mission_interfaces/cmake/export_ctl_mission_interfaces__rosidl_typesupport_fastrtps_cExport-noconfig.cmake
[57.993s] -- Installing: /home/rhobtor/PHD/test_j8_hayat/J8/install/ctl_mission_interfaces/share/ctl_mission_interfaces/cmake/ctl_mission_interfaces__rosidl_typesupport_introspection_cExport.cmake
[57.995s] -- Installing: /home/rhobtor/PHD/test_j8_hayat/J8/install/ctl_mission_interfaces/share/ctl_mission_interfaces/cmake/ctl_mission_interfaces__rosidl_typesupport_introspection_cExport-noconfig.cmake
[57.995s] -- Installing: /home/rhobtor/PHD/test_j8_hayat/J8/install/ctl_mission_interfaces/share/ctl_mission_interfaces/cmake/ctl_mission_interfaces__rosidl_typesupport_cExport.cmake
[57.996s] -- Installing: /home/rhobtor/PHD/test_j8_hayat/J8/install/ctl_mission_interfaces/share/ctl_mission_interfaces/cmake/ctl_mission_interfaces__rosidl_typesupport_cExport-noconfig.cmake
[57.996s] -- Installing: /home/rhobtor/PHD/test_j8_hayat/J8/install/ctl_mission_interfaces/share/ctl_mission_interfaces/cmake/export_ctl_mission_interfaces__rosidl_generator_cppExport.cmake
[57.996s] -- Installing: /home/rhobtor/PHD/test_j8_hayat/J8/install/ctl_mission_interfaces/share/ctl_mission_interfaces/cmake/export_ctl_mission_interfaces__rosidl_typesupport_fastrtps_cppExport.cmake
[57.996s] -- Installing: /home/rhobtor/PHD/test_j8_hayat/J8/install/ctl_mission_interfaces/share/ctl_mission_interfaces/cmake/export_ctl_mission_interfaces__rosidl_typesupport_fastrtps_cppExport-noconfig.cmake
[57.996s] -- Installing: /home/rhobtor/PHD/test_j8_hayat/J8/install/ctl_mission_interfaces/share/ctl_mission_interfaces/cmake/ctl_mission_interfaces__rosidl_typesupport_introspection_cppExport.cmake
[57.996s] -- Installing: /home/rhobtor/PHD/test_j8_hayat/J8/install/ctl_mission_interfaces/share/ctl_mission_interfaces/cmake/ctl_mission_interfaces__rosidl_typesupport_introspection_cppExport-noconfig.cmake
[57.996s] -- Installing: /home/rhobtor/PHD/test_j8_hayat/J8/install/ctl_mission_interfaces/share/ctl_mission_interfaces/cmake/ctl_mission_interfaces__rosidl_typesupport_cppExport.cmake
[57.997s] -- Installing: /home/rhobtor/PHD/test_j8_hayat/J8/install/ctl_mission_interfaces/share/ctl_mission_interfaces/cmake/ctl_mission_interfaces__rosidl_typesupport_cppExport-noconfig.cmake
[57.997s] -- Installing: /home/rhobtor/PHD/test_j8_hayat/J8/install/ctl_mission_interfaces/share/ctl_mission_interfaces/cmake/export_ctl_mission_interfaces__rosidl_generator_pyExport.cmake
[57.997s] -- Installing: /home/rhobtor/PHD/test_j8_hayat/J8/install/ctl_mission_interfaces/share/ctl_mission_interfaces/cmake/export_ctl_mission_interfaces__rosidl_generator_pyExport-noconfig.cmake
[57.997s] -- Installing: /home/rhobtor/PHD/test_j8_hayat/J8/install/ctl_mission_interfaces/share/ctl_mission_interfaces/cmake/rosidl_cmake-extras.cmake
[57.997s] -- Installing: /home/rhobtor/PHD/test_j8_hayat/J8/install/ctl_mission_interfaces/share/ctl_mission_interfaces/cmake/ament_cmake_export_dependencies-extras.cmake
[57.997s] -- Installing: /home/rhobtor/PHD/test_j8_hayat/J8/install/ctl_mission_interfaces/share/ctl_mission_interfaces/cmake/ament_cmake_export_include_directories-extras.cmake
[57.997s] -- Installing: /home/rhobtor/PHD/test_j8_hayat/J8/install/ctl_mission_interfaces/share/ctl_mission_interfaces/cmake/ament_cmake_export_libraries-extras.cmake
[57.998s] -- Installing: /home/rhobtor/PHD/test_j8_hayat/J8/install/ctl_mission_interfaces/share/ctl_mission_interfaces/cmake/ament_cmake_export_targets-extras.cmake
[57.998s] -- Installing: /home/rhobtor/PHD/test_j8_hayat/J8/install/ctl_mission_interfaces/share/ctl_mission_interfaces/cmake/rosidl_cmake_export_typesupport_targets-extras.cmake
[57.998s] -- Installing: /home/rhobtor/PHD/test_j8_hayat/J8/install/ctl_mission_interfaces/share/ctl_mission_interfaces/cmake/rosidl_cmake_export_typesupport_libraries-extras.cmake
[57.998s] -- Installing: /home/rhobtor/PHD/test_j8_hayat/J8/install/ctl_mission_interfaces/share/ctl_mission_interfaces/cmake/ctl_mission_interfacesConfig.cmake
[57.998s] -- Installing: /home/rhobtor/PHD/test_j8_hayat/J8/install/ctl_mission_interfaces/share/ctl_mission_interfaces/cmake/ctl_mission_interfacesConfig-version.cmake
[57.998s] -- Installing: /home/rhobtor/PHD/test_j8_hayat/J8/install/ctl_mission_interfaces/share/ctl_mission_interfaces/package.xml
[58.003s] Invoked command in '/home/rhobtor/PHD/test_j8_hayat/J8/build/ctl_mission_interfaces' returned '0': CMAKE_PREFIX_PATH=${CMAKE_PREFIX_PATH}:/home/rhobtor/PHD/ARGOJ8_IA/ARGOSJ8_IA_/install/ntrip_client:/home/rhobtor/PHD/ARGOJ8_IA/ARGOSJ8_IA_/install/j8_gui:/home/rhobtor/PHD/ARGOJ8_IA/ARGOSJ8_IA_/install/car:/home/rhobtor/PHD/ARGOJ8_IA/ARGOSJ8_IA_/install/android_ros2_server:/home/rhobtor/PHD/ARGOJ8_IA/ARGOSJ8_IA_/install/GUI_pkg:/opt/ros/humble /opt/st/stm32cubeclt_1.18.0/CMake/bin/cmake --install /home/rhobtor/PHD/test_j8_hayat/J8/build/ctl_mission_interfaces
