[0.076s] Invoking command in '/home/rhobtor/PHD/test_j8_hayat/J8/build/security_check_interfaces': CMAKE_PREFIX_PATH=${CMAKE_PREFIX_PATH}:/home/rhobtor/PHD/ARGOJ8_IA/ARGOSJ8_IA_/install/ntrip_client:/home/rhobtor/PHD/ARGOJ8_IA/ARGOSJ8_IA_/install/j8_gui:/home/rhobtor/PHD/ARGOJ8_IA/ARGOSJ8_IA_/install/car:/home/rhobtor/PHD/ARGOJ8_IA/ARGOSJ8_IA_/install/android_ros2_server:/home/rhobtor/PHD/ARGOJ8_IA/ARGOSJ8_IA_/install/GUI_pkg:/opt/ros/humble /opt/st/stm32cubeclt_1.18.0/CMake/bin/cmake /home/rhobtor/PHD/test_j8_hayat/J8/src/security_check/security_check_interfaces -DCMAKE_INSTALL_PREFIX=/home/rhobtor/PHD/test_j8_hayat/J8/install/security_check_interfaces
[1.539s] -- The C compiler identification is GNU 11.4.0
[1.539s] -- The CXX compiler identification is GNU 11.4.0
[1.539s] -- Detecting C compiler ABI info
[1.539s] -- Detecting C compiler ABI info - done
[1.540s] -- Check for working C compiler: /usr/bin/cc - skipped
[1.540s] -- Detecting C compile features
[1.540s] -- Detecting C compile features - done
[1.540s] -- Detecting CXX compiler ABI info
[1.540s] -- Detecting CXX compiler ABI info - done
[1.540s] -- Check for working CXX compiler: /usr/bin/c++ - skipped
[1.540s] -- Detecting CXX compile features
[1.541s] -- Detecting CXX compile features - done
[1.541s] -- Found ament_cmake: 1.3.14 (/opt/ros/humble/share/ament_cmake/cmake)
[1.541s] -- Found Python3: /usr/bin/python3 (found version "3.10.12") found components: Interpreter 
[1.645s] -- Found rosidl_default_generators: 1.2.1 (/opt/ros/humble/share/rosidl_default_generators/cmake)
[1.690s] -- Using all available rosidl_typesupport_c: rosidl_typesupport_fastrtps_c;rosidl_typesupport_introspection_c
[1.751s] -- Found rosidl_adapter: 3.1.8 (/opt/ros/humble/share/rosidl_adapter/cmake)
[2.004s] -- Using all available rosidl_typesupport_cpp: rosidl_typesupport_fastrtps_cpp;rosidl_typesupport_introspection_cpp
[2.239s] -- Found std_msgs: 4.9.1 (/opt/ros/humble/share/std_msgs/cmake)
[4.078s] -- Found ament_cmake_ros: 0.10.0 (/opt/ros/humble/share/ament_cmake_ros/cmake)
[5.996s] -- Using all available rosidl_typesupport_c: rosidl_typesupport_fastrtps_c;rosidl_typesupport_introspection_c
[7.694s] -- Using all available rosidl_typesupport_cpp: rosidl_typesupport_fastrtps_cpp;rosidl_typesupport_introspection_cpp
[7.700s] [33mCMake Warning (dev) at /opt/ros/humble/share/rosidl_generator_py/cmake/rosidl_generator_py_generate_interfaces.cmake:20 (find_package):
[7.700s]   Policy CMP0148 is not set: The FindPythonInterp and FindPythonLibs modules
[7.700s]   are removed.  Run "cmake --help-policy CMP0148" for policy details.  Use
[7.700s]   the cmake_policy command to set the policy and suppress this warning.
[7.700s] 
[7.701s] Call Stack (most recent call first):
[7.701s]   /opt/ros/humble/share/ament_cmake_core/cmake/core/ament_execute_extensions.cmake:48 (include)
[7.701s]   /opt/ros/humble/share/rosidl_cmake/cmake/rosidl_generate_interfaces.cmake:286 (ament_execute_extensions)
[7.701s]   CMakeLists.txt:13 (rosidl_generate_interfaces)
[7.701s] This warning is for project developers.  Use -Wno-dev to suppress it.
[7.701s] [0m
[7.780s] -- Found PythonInterp: /usr/bin/python3 (found suitable version "3.10.12", minimum required is "3.6") 
[7.789s] -- Found python_cmake_module: 0.10.0 (/opt/ros/humble/share/python_cmake_module/cmake)
[7.790s] [33mCMake Warning (dev) at /opt/ros/humble/share/python_cmake_module/cmake/Modules/FindPythonExtra.cmake:52 (find_package):
[7.790s]   Policy CMP0148 is not set: The FindPythonInterp and FindPythonLibs modules
[7.790s]   are removed.  Run "cmake --help-policy CMP0148" for policy details.  Use
[7.790s]   the cmake_policy command to set the policy and suppress this warning.
[7.791s] 
[7.791s] Call Stack (most recent call first):
[7.791s]   /opt/ros/humble/share/rosidl_generator_py/cmake/rosidl_generator_py_generate_interfaces.cmake:23 (find_package)
[7.791s]   /opt/ros/humble/share/ament_cmake_core/cmake/core/ament_execute_extensions.cmake:48 (include)
[7.791s]   /opt/ros/humble/share/rosidl_cmake/cmake/rosidl_generate_interfaces.cmake:286 (ament_execute_extensions)
[7.791s]   CMakeLists.txt:13 (rosidl_generate_interfaces)
[7.791s] This warning is for project developers.  Use -Wno-dev to suppress it.
[7.791s] [0m
[7.846s] [33mCMake Warning (dev) at /opt/ros/humble/share/python_cmake_module/cmake/Modules/FindPythonExtra.cmake:140 (find_package):
[7.846s]   Policy CMP0148 is not set: The FindPythonInterp and FindPythonLibs modules
[7.846s]   are removed.  Run "cmake --help-policy CMP0148" for policy details.  Use
[7.847s]   the cmake_policy command to set the policy and suppress this warning.
[7.847s] 
[7.847s] Call Stack (most recent call first):
[7.847s]   /opt/ros/humble/share/rosidl_generator_py/cmake/rosidl_generator_py_generate_interfaces.cmake:23 (find_package)
[7.847s]   /opt/ros/humble/share/ament_cmake_core/cmake/core/ament_execute_extensions.cmake:48 (include)
[7.847s]   /opt/ros/humble/share/rosidl_cmake/cmake/rosidl_generate_interfaces.cmake:286 (ament_execute_extensions)
[7.848s]   CMakeLists.txt:13 (rosidl_generate_interfaces)
[7.848s] This warning is for project developers.  Use -Wno-dev to suppress it.
[7.848s] [0m
[7.874s] -- Found PythonLibs: /usr/lib/x86_64-linux-gnu/libpython3.10.so (found suitable version "3.10.12", minimum required is "3.5") 
[7.874s] -- Using PYTHON_EXECUTABLE: /usr/bin/python3
[7.875s] -- Using PYTHON_INCLUDE_DIRS: /usr/include/python3.10
[7.875s] -- Using PYTHON_LIBRARIES: /usr/lib/x86_64-linux-gnu/libpython3.10.so
[7.973s] -- Found PythonExtra: .so  
[8.963s] -- Configuring done (8.9s)
[9.134s] -- Generating done (0.1s)
[9.215s] -- Build files have been written to: /home/rhobtor/PHD/test_j8_hayat/J8/build/security_check_interfaces
[9.260s] Invoked command in '/home/rhobtor/PHD/test_j8_hayat/J8/build/security_check_interfaces' returned '0': CMAKE_PREFIX_PATH=${CMAKE_PREFIX_PATH}:/home/rhobtor/PHD/ARGOJ8_IA/ARGOSJ8_IA_/install/ntrip_client:/home/rhobtor/PHD/ARGOJ8_IA/ARGOSJ8_IA_/install/j8_gui:/home/rhobtor/PHD/ARGOJ8_IA/ARGOSJ8_IA_/install/car:/home/rhobtor/PHD/ARGOJ8_IA/ARGOSJ8_IA_/install/android_ros2_server:/home/rhobtor/PHD/ARGOJ8_IA/ARGOSJ8_IA_/install/GUI_pkg:/opt/ros/humble /opt/st/stm32cubeclt_1.18.0/CMake/bin/cmake /home/rhobtor/PHD/test_j8_hayat/J8/src/security_check/security_check_interfaces -DCMAKE_INSTALL_PREFIX=/home/rhobtor/PHD/test_j8_hayat/J8/install/security_check_interfaces
[9.261s] Invoking command in '/home/rhobtor/PHD/test_j8_hayat/J8/build/security_check_interfaces': CMAKE_PREFIX_PATH=${CMAKE_PREFIX_PATH}:/home/rhobtor/PHD/ARGOJ8_IA/ARGOSJ8_IA_/install/ntrip_client:/home/rhobtor/PHD/ARGOJ8_IA/ARGOSJ8_IA_/install/j8_gui:/home/rhobtor/PHD/ARGOJ8_IA/ARGOSJ8_IA_/install/car:/home/rhobtor/PHD/ARGOJ8_IA/ARGOSJ8_IA_/install/android_ros2_server:/home/rhobtor/PHD/ARGOJ8_IA/ARGOSJ8_IA_/install/GUI_pkg:/opt/ros/humble /opt/st/stm32cubeclt_1.18.0/CMake/bin/cmake --build /home/rhobtor/PHD/test_j8_hayat/J8/build/security_check_interfaces -- -j16 -l16
[12.117s] [  2%] [34m[1mGenerating C code for ROS interfaces[0m
[12.118s] [  5%] [34m[1mGenerating C++ code for ROS interfaces[0m
[12.118s] [  7%] [34m[1mGenerating Rust code for ROS interfaces[0m
[12.118s] [  7%] Built target ament_cmake_python_copy_security_check_interfaces
[12.118s] running egg_info
[12.118s] creating security_check_interfaces.egg-info
[12.119s] writing security_check_interfaces.egg-info/PKG-INFO
[12.119s] writing dependency_links to security_check_interfaces.egg-info/dependency_links.txt
[12.119s] writing top-level names to security_check_interfaces.egg-info/top_level.txt
[12.119s] writing manifest file 'security_check_interfaces.egg-info/SOURCES.txt'
[12.119s] [  7%] Built target security_check_interfaces__cpp
[12.119s] [ 10%] [34m[1mGenerating C++ introspection for ROS interfaces[0m
[12.119s] [ 12%] [34m[1mGenerating C++ type support dispatch for ROS interfaces[0m
[12.120s] [ 15%] [34m[1mGenerating C++ type support for eProsima Fast-RTPS[0m
[12.120s] reading manifest file 'security_check_interfaces.egg-info/SOURCES.txt'
[12.120s] writing manifest file 'security_check_interfaces.egg-info/SOURCES.txt'
[12.120s] [ 15%] Built target ament_cmake_python_build_security_check_interfaces_egg
[12.130s] [ 17%] [32mBuilding C object CMakeFiles/security_check_interfaces__rosidl_generator_c.dir/rosidl_generator_c/security_check_interfaces/srv/detail/password_check__functions.c.o[0m
[12.130s] [ 20%] [32mBuilding C object CMakeFiles/security_check_interfaces__rosidl_generator_c.dir/rosidl_generator_c/security_check_interfaces/srv/detail/get_security_check_status__functions.c.o[0m
[12.130s] [ 20%] Built target security_check_interfaces__rs
[12.130s] [ 22%] [32m[1mLinking C shared library libsecurity_check_interfaces__rosidl_generator_c.so[0m
[12.218s] [ 22%] Built target security_check_interfaces__rosidl_generator_c
[12.256s] [ 25%] [34m[1mGenerating C type support for eProsima Fast-RTPS[0m
[12.279s] [ 27%] [34m[1mGenerating C type support dispatch for ROS interfaces[0m
[12.287s] [ 30%] [34m[1mGenerating C introspection for ROS interfaces[0m
[14.287s] [ 32%] [32mBuilding CXX object CMakeFiles/security_check_interfaces__rosidl_typesupport_introspection_cpp.dir/rosidl_typesupport_introspection_cpp/security_check_interfaces/srv/detail/password_check__type_support.cpp.o[0m
[14.309s] [ 35%] [32mBuilding CXX object CMakeFiles/security_check_interfaces__rosidl_typesupport_introspection_cpp.dir/rosidl_typesupport_introspection_cpp/security_check_interfaces/srv/detail/get_security_check_status__type_support.cpp.o[0m
[15.012s] [ 37%] [32mBuilding CXX object CMakeFiles/security_check_interfaces__rosidl_typesupport_cpp.dir/rosidl_typesupport_cpp/security_check_interfaces/srv/get_security_check_status__type_support.cpp.o[0m
[15.022s] [ 40%] [32mBuilding CXX object CMakeFiles/security_check_interfaces__rosidl_typesupport_cpp.dir/rosidl_typesupport_cpp/security_check_interfaces/srv/password_check__type_support.cpp.o[0m
[15.623s] [ 42%] [32mBuilding CXX object CMakeFiles/security_check_interfaces__rosidl_typesupport_fastrtps_cpp.dir/rosidl_typesupport_fastrtps_cpp/security_check_interfaces/srv/detail/dds_fastrtps/password_check__type_support.cpp.o[0m
[15.630s] [ 45%] [32mBuilding CXX object CMakeFiles/security_check_interfaces__rosidl_typesupport_fastrtps_cpp.dir/rosidl_typesupport_fastrtps_cpp/security_check_interfaces/srv/detail/dds_fastrtps/get_security_check_status__type_support.cpp.o[0m
[15.708s] [ 47%] [32mBuilding CXX object CMakeFiles/security_check_interfaces__rosidl_typesupport_c.dir/rosidl_typesupport_c/security_check_interfaces/srv/password_check__type_support.cpp.o[0m
[15.728s] [ 50%] [32mBuilding CXX object CMakeFiles/security_check_interfaces__rosidl_typesupport_c.dir/rosidl_typesupport_c/security_check_interfaces/srv/get_security_check_status__type_support.cpp.o[0m
[15.923s] [ 52%] [32m[1mLinking CXX shared library libsecurity_check_interfaces__rosidl_typesupport_c.so[0m
[16.106s] [ 52%] Built target security_check_interfaces__rosidl_typesupport_c
[16.826s] [ 55%] [32mBuilding C object CMakeFiles/security_check_interfaces__rosidl_typesupport_introspection_c.dir/rosidl_typesupport_introspection_c/security_check_interfaces/srv/detail/password_check__type_support.c.o[0m
[16.832s] [ 57%] [32mBuilding C object CMakeFiles/security_check_interfaces__rosidl_typesupport_introspection_c.dir/rosidl_typesupport_introspection_c/security_check_interfaces/srv/detail/get_security_check_status__type_support.c.o[0m
[16.921s] [ 60%] [32mBuilding CXX object CMakeFiles/security_check_interfaces__rosidl_typesupport_fastrtps_c.dir/rosidl_typesupport_fastrtps_c/security_check_interfaces/srv/detail/password_check__type_support_c.cpp.o[0m
[16.930s] [ 62%] [32mBuilding CXX object CMakeFiles/security_check_interfaces__rosidl_typesupport_fastrtps_c.dir/rosidl_typesupport_fastrtps_c/security_check_interfaces/srv/detail/get_security_check_status__type_support_c.cpp.o[0m
[17.200s] [ 65%] [32m[1mLinking C shared library libsecurity_check_interfaces__rosidl_typesupport_introspection_c.so[0m
[17.337s] [ 65%] Built target security_check_interfaces__rosidl_typesupport_introspection_c
[18.865s] [ 67%] [32m[1mLinking CXX shared library libsecurity_check_interfaces__rosidl_typesupport_cpp.so[0m
[19.133s] [ 67%] Built target security_check_interfaces__rosidl_typesupport_cpp
[20.230s] [ 70%] [32m[1mLinking CXX shared library libsecurity_check_interfaces__rosidl_typesupport_introspection_cpp.so[0m
[20.695s] [ 70%] Built target security_check_interfaces__rosidl_typesupport_introspection_cpp
[20.957s] [ 72%] [32m[1mLinking CXX shared library libsecurity_check_interfaces__rosidl_typesupport_fastrtps_cpp.so[0m
[21.467s] [ 75%] [32m[1mLinking CXX shared library libsecurity_check_interfaces__rosidl_typesupport_fastrtps_c.so[0m
[21.591s] [ 75%] Built target security_check_interfaces__rosidl_typesupport_fastrtps_cpp
[22.100s] [ 75%] Built target security_check_interfaces__rosidl_typesupport_fastrtps_c
[22.213s] [ 75%] Built target security_check_interfaces
[22.309s] [ 77%] [34m[1mGenerating Python code for ROS interfaces[0m
[26.632s] [ 77%] Built target security_check_interfaces__py
[26.671s] [ 80%] [32mBuilding C object CMakeFiles/security_check_interfaces__rosidl_generator_py.dir/rosidl_generator_py/security_check_interfaces/srv/_password_check_s.c.o[0m
[26.680s] [ 82%] [32mBuilding C object CMakeFiles/security_check_interfaces__rosidl_generator_py.dir/rosidl_generator_py/security_check_interfaces/srv/_get_security_check_status_s.c.o[0m
[27.553s] [ 85%] [32m[1mLinking C shared library rosidl_generator_py/security_check_interfaces/libsecurity_check_interfaces__rosidl_generator_py.so[0m
[27.666s] [ 85%] Built target security_check_interfaces__rosidl_generator_py
[27.728s] [ 87%] [32mBuilding C object CMakeFiles/security_check_interfaces__rosidl_typesupport_fastrtps_c__pyext.dir/rosidl_generator_py/security_check_interfaces/_security_check_interfaces_s.ep.rosidl_typesupport_fastrtps_c.c.o[0m
[28.653s] [ 90%] [32m[1mLinking C shared library rosidl_generator_py/security_check_interfaces/security_check_interfaces_s__rosidl_typesupport_fastrtps_c.cpython-310-x86_64-linux-gnu.so[0m
[28.919s] [ 90%] Built target security_check_interfaces__rosidl_typesupport_fastrtps_c__pyext
[28.997s] [ 92%] [32mBuilding C object CMakeFiles/security_check_interfaces__rosidl_typesupport_c__pyext.dir/rosidl_generator_py/security_check_interfaces/_security_check_interfaces_s.ep.rosidl_typesupport_c.c.o[0m
[29.941s] [ 95%] [32m[1mLinking C shared library rosidl_generator_py/security_check_interfaces/security_check_interfaces_s__rosidl_typesupport_c.cpython-310-x86_64-linux-gnu.so[0m
[30.137s] [ 95%] Built target security_check_interfaces__rosidl_typesupport_c__pyext
[30.217s] [ 97%] [32mBuilding C object CMakeFiles/security_check_interfaces__rosidl_typesupport_introspection_c__pyext.dir/rosidl_generator_py/security_check_interfaces/_security_check_interfaces_s.ep.rosidl_typesupport_introspection_c.c.o[0m
[31.090s] [100%] [32m[1mLinking C shared library rosidl_generator_py/security_check_interfaces/security_check_interfaces_s__rosidl_typesupport_introspection_c.cpython-310-x86_64-linux-gnu.so[0m
[31.305s] [100%] Built target security_check_interfaces__rosidl_typesupport_introspection_c__pyext
[31.347s] Invoked command in '/home/rhobtor/PHD/test_j8_hayat/J8/build/security_check_interfaces' returned '0': CMAKE_PREFIX_PATH=${CMAKE_PREFIX_PATH}:/home/rhobtor/PHD/ARGOJ8_IA/ARGOSJ8_IA_/install/ntrip_client:/home/rhobtor/PHD/ARGOJ8_IA/ARGOSJ8_IA_/install/j8_gui:/home/rhobtor/PHD/ARGOJ8_IA/ARGOSJ8_IA_/install/car:/home/rhobtor/PHD/ARGOJ8_IA/ARGOSJ8_IA_/install/android_ros2_server:/home/rhobtor/PHD/ARGOJ8_IA/ARGOSJ8_IA_/install/GUI_pkg:/opt/ros/humble /opt/st/stm32cubeclt_1.18.0/CMake/bin/cmake --build /home/rhobtor/PHD/test_j8_hayat/J8/build/security_check_interfaces -- -j16 -l16
[31.348s] Invoking command in '/home/rhobtor/PHD/test_j8_hayat/J8/build/security_check_interfaces': CMAKE_PREFIX_PATH=${CMAKE_PREFIX_PATH}:/home/rhobtor/PHD/ARGOJ8_IA/ARGOSJ8_IA_/install/ntrip_client:/home/rhobtor/PHD/ARGOJ8_IA/ARGOSJ8_IA_/install/j8_gui:/home/rhobtor/PHD/ARGOJ8_IA/ARGOSJ8_IA_/install/car:/home/rhobtor/PHD/ARGOJ8_IA/ARGOSJ8_IA_/install/android_ros2_server:/home/rhobtor/PHD/ARGOJ8_IA/ARGOSJ8_IA_/install/GUI_pkg:/opt/ros/humble /opt/st/stm32cubeclt_1.18.0/CMake/bin/cmake --install /home/rhobtor/PHD/test_j8_hayat/J8/build/security_check_interfaces
[40.172s] -- Install configuration: ""
[40.177s] -- Installing: /home/rhobtor/PHD/test_j8_hayat/J8/install/security_check_interfaces/share/ament_index/resource_index/rosidl_interfaces/security_check_interfaces
[40.178s] -- Installing: /home/rhobtor/PHD/test_j8_hayat/J8/install/security_check_interfaces/include/security_check_interfaces/security_check_interfaces
[40.178s] -- Installing: /home/rhobtor/PHD/test_j8_hayat/J8/install/security_check_interfaces/include/security_check_interfaces/security_check_interfaces/srv
[40.178s] -- Installing: /home/rhobtor/PHD/test_j8_hayat/J8/install/security_check_interfaces/include/security_check_interfaces/security_check_interfaces/srv/detail
[40.178s] -- Installing: /home/rhobtor/PHD/test_j8_hayat/J8/install/security_check_interfaces/include/security_check_interfaces/security_check_interfaces/srv/detail/get_security_check_status__struct.h
[40.178s] -- Installing: /home/rhobtor/PHD/test_j8_hayat/J8/install/security_check_interfaces/include/security_check_interfaces/security_check_interfaces/srv/detail/password_check__struct.h
[40.179s] -- Installing: /home/rhobtor/PHD/test_j8_hayat/J8/install/security_check_interfaces/include/security_check_interfaces/security_check_interfaces/srv/detail/password_check__functions.c
[40.179s] -- Installing: /home/rhobtor/PHD/test_j8_hayat/J8/install/security_check_interfaces/include/security_check_interfaces/security_check_interfaces/srv/detail/get_security_check_status__functions.h
[40.179s] -- Installing: /home/rhobtor/PHD/test_j8_hayat/J8/install/security_check_interfaces/include/security_check_interfaces/security_check_interfaces/srv/detail/get_security_check_status__functions.c
[40.179s] -- Installing: /home/rhobtor/PHD/test_j8_hayat/J8/install/security_check_interfaces/include/security_check_interfaces/security_check_interfaces/srv/detail/get_security_check_status__type_support.h
[40.179s] -- Installing: /home/rhobtor/PHD/test_j8_hayat/J8/install/security_check_interfaces/include/security_check_interfaces/security_check_interfaces/srv/detail/password_check__functions.h
[40.179s] -- Installing: /home/rhobtor/PHD/test_j8_hayat/J8/install/security_check_interfaces/include/security_check_interfaces/security_check_interfaces/srv/detail/password_check__type_support.h
[40.179s] -- Installing: /home/rhobtor/PHD/test_j8_hayat/J8/install/security_check_interfaces/include/security_check_interfaces/security_check_interfaces/srv/get_security_check_status.h
[40.179s] -- Installing: /home/rhobtor/PHD/test_j8_hayat/J8/install/security_check_interfaces/include/security_check_interfaces/security_check_interfaces/srv/password_check.h
[40.180s] -- Installing: /home/rhobtor/PHD/test_j8_hayat/J8/install/security_check_interfaces/include/security_check_interfaces/security_check_interfaces/msg
[40.180s] -- Installing: /home/rhobtor/PHD/test_j8_hayat/J8/install/security_check_interfaces/include/security_check_interfaces/security_check_interfaces/msg/rosidl_generator_c__visibility_control.h
[40.180s] -- Installing: /home/rhobtor/PHD/test_j8_hayat/J8/install/security_check_interfaces/share/security_check_interfaces/environment/library_path.sh
[40.180s] -- Installing: /home/rhobtor/PHD/test_j8_hayat/J8/install/security_check_interfaces/share/security_check_interfaces/environment/library_path.dsv
[40.180s] -- Installing: /home/rhobtor/PHD/test_j8_hayat/J8/install/security_check_interfaces/lib/libsecurity_check_interfaces__rosidl_generator_c.so
[40.180s] -- Set non-toolchain portion of runtime path of "/home/rhobtor/PHD/test_j8_hayat/J8/install/security_check_interfaces/lib/libsecurity_check_interfaces__rosidl_generator_c.so" to ""
[40.180s] -- Up-to-date: /home/rhobtor/PHD/test_j8_hayat/J8/install/security_check_interfaces/include/security_check_interfaces/security_check_interfaces
[40.181s] -- Up-to-date: /home/rhobtor/PHD/test_j8_hayat/J8/install/security_check_interfaces/include/security_check_interfaces/security_check_interfaces/srv
[40.181s] -- Up-to-date: /home/rhobtor/PHD/test_j8_hayat/J8/install/security_check_interfaces/include/security_check_interfaces/security_check_interfaces/srv/detail
[40.187s] -- Installing: /home/rhobtor/PHD/test_j8_hayat/J8/install/security_check_interfaces/include/security_check_interfaces/security_check_interfaces/srv/detail/get_security_check_status__rosidl_typesupport_fastrtps_c.h
[40.187s] -- Installing: /home/rhobtor/PHD/test_j8_hayat/J8/install/security_check_interfaces/include/security_check_interfaces/security_check_interfaces/srv/detail/password_check__rosidl_typesupport_fastrtps_c.h
[40.207s] -- Up-to-date: /home/rhobtor/PHD/test_j8_hayat/J8/install/security_check_interfaces/include/security_check_interfaces/security_check_interfaces/msg
[40.208s] -- Installing: /home/rhobtor/PHD/test_j8_hayat/J8/install/security_check_interfaces/include/security_check_interfaces/security_check_interfaces/msg/rosidl_typesupport_fastrtps_c__visibility_control.h
[40.208s] -- Installing: /home/rhobtor/PHD/test_j8_hayat/J8/install/security_check_interfaces/lib/libsecurity_check_interfaces__rosidl_typesupport_fastrtps_c.so
[40.208s] -- Set non-toolchain portion of runtime path of "/home/rhobtor/PHD/test_j8_hayat/J8/install/security_check_interfaces/lib/libsecurity_check_interfaces__rosidl_typesupport_fastrtps_c.so" to ""
[40.208s] -- Up-to-date: /home/rhobtor/PHD/test_j8_hayat/J8/install/security_check_interfaces/include/security_check_interfaces/security_check_interfaces
[40.208s] -- Up-to-date: /home/rhobtor/PHD/test_j8_hayat/J8/install/security_check_interfaces/include/security_check_interfaces/security_check_interfaces/srv
[40.208s] -- Up-to-date: /home/rhobtor/PHD/test_j8_hayat/J8/install/security_check_interfaces/include/security_check_interfaces/security_check_interfaces/srv/detail
[40.208s] -- Installing: /home/rhobtor/PHD/test_j8_hayat/J8/install/security_check_interfaces/include/security_check_interfaces/security_check_interfaces/srv/detail/get_security_check_status__rosidl_typesupport_introspection_c.h
[40.209s] -- Installing: /home/rhobtor/PHD/test_j8_hayat/J8/install/security_check_interfaces/include/security_check_interfaces/security_check_interfaces/srv/detail/password_check__rosidl_typesupport_introspection_c.h
[40.209s] -- Installing: /home/rhobtor/PHD/test_j8_hayat/J8/install/security_check_interfaces/include/security_check_interfaces/security_check_interfaces/srv/detail/password_check__type_support.c
[40.209s] -- Installing: /home/rhobtor/PHD/test_j8_hayat/J8/install/security_check_interfaces/include/security_check_interfaces/security_check_interfaces/srv/detail/get_security_check_status__type_support.c
[40.209s] -- Up-to-date: /home/rhobtor/PHD/test_j8_hayat/J8/install/security_check_interfaces/include/security_check_interfaces/security_check_interfaces/msg
[40.209s] -- Installing: /home/rhobtor/PHD/test_j8_hayat/J8/install/security_check_interfaces/include/security_check_interfaces/security_check_interfaces/msg/rosidl_typesupport_introspection_c__visibility_control.h
[40.209s] -- Installing: /home/rhobtor/PHD/test_j8_hayat/J8/install/security_check_interfaces/lib/libsecurity_check_interfaces__rosidl_typesupport_introspection_c.so
[40.209s] -- Set non-toolchain portion of runtime path of "/home/rhobtor/PHD/test_j8_hayat/J8/install/security_check_interfaces/lib/libsecurity_check_interfaces__rosidl_typesupport_introspection_c.so" to ""
[40.210s] -- Installing: /home/rhobtor/PHD/test_j8_hayat/J8/install/security_check_interfaces/lib/libsecurity_check_interfaces__rosidl_typesupport_c.so
[40.210s] -- Set non-toolchain portion of runtime path of "/home/rhobtor/PHD/test_j8_hayat/J8/install/security_check_interfaces/lib/libsecurity_check_interfaces__rosidl_typesupport_c.so" to ""
[40.210s] -- Up-to-date: /home/rhobtor/PHD/test_j8_hayat/J8/install/security_check_interfaces/include/security_check_interfaces/security_check_interfaces
[40.210s] -- Up-to-date: /home/rhobtor/PHD/test_j8_hayat/J8/install/security_check_interfaces/include/security_check_interfaces/security_check_interfaces/srv
[40.220s] -- Installing: /home/rhobtor/PHD/test_j8_hayat/J8/install/security_check_interfaces/include/security_check_interfaces/security_check_interfaces/srv/password_check.hpp
[40.223s] -- Installing: /home/rhobtor/PHD/test_j8_hayat/J8/install/security_check_interfaces/include/security_check_interfaces/security_check_interfaces/srv/get_security_check_status.hpp
[40.223s] -- Up-to-date: /home/rhobtor/PHD/test_j8_hayat/J8/install/security_check_interfaces/include/security_check_interfaces/security_check_interfaces/srv/detail
[40.224s] -- Installing: /home/rhobtor/PHD/test_j8_hayat/J8/install/security_check_interfaces/include/security_check_interfaces/security_check_interfaces/srv/detail/get_security_check_status__builder.hpp
[40.224s] -- Installing: /home/rhobtor/PHD/test_j8_hayat/J8/install/security_check_interfaces/include/security_check_interfaces/security_check_interfaces/srv/detail/get_security_check_status__traits.hpp
[40.224s] -- Installing: /home/rhobtor/PHD/test_j8_hayat/J8/install/security_check_interfaces/include/security_check_interfaces/security_check_interfaces/srv/detail/get_security_check_status__struct.hpp
[40.224s] -- Installing: /home/rhobtor/PHD/test_j8_hayat/J8/install/security_check_interfaces/include/security_check_interfaces/security_check_interfaces/srv/detail/password_check__builder.hpp
[40.224s] -- Installing: /home/rhobtor/PHD/test_j8_hayat/J8/install/security_check_interfaces/include/security_check_interfaces/security_check_interfaces/srv/detail/password_check__traits.hpp
[40.224s] -- Installing: /home/rhobtor/PHD/test_j8_hayat/J8/install/security_check_interfaces/include/security_check_interfaces/security_check_interfaces/srv/detail/password_check__struct.hpp
[40.224s] -- Installing: /home/rhobtor/PHD/test_j8_hayat/J8/install/security_check_interfaces/include/security_check_interfaces/security_check_interfaces/srv/detail/password_check__type_support.hpp
[40.225s] -- Installing: /home/rhobtor/PHD/test_j8_hayat/J8/install/security_check_interfaces/include/security_check_interfaces/security_check_interfaces/srv/detail/get_security_check_status__type_support.hpp
[40.225s] -- Up-to-date: /home/rhobtor/PHD/test_j8_hayat/J8/install/security_check_interfaces/include/security_check_interfaces/security_check_interfaces/msg
[40.225s] -- Installing: /home/rhobtor/PHD/test_j8_hayat/J8/install/security_check_interfaces/include/security_check_interfaces/security_check_interfaces/msg/rosidl_generator_cpp__visibility_control.hpp
[40.225s] -- Up-to-date: /home/rhobtor/PHD/test_j8_hayat/J8/install/security_check_interfaces/include/security_check_interfaces/security_check_interfaces
[40.228s] -- Up-to-date: /home/rhobtor/PHD/test_j8_hayat/J8/install/security_check_interfaces/include/security_check_interfaces/security_check_interfaces/srv
[40.229s] -- Up-to-date: /home/rhobtor/PHD/test_j8_hayat/J8/install/security_check_interfaces/include/security_check_interfaces/security_check_interfaces/srv/detail
[40.229s] -- Installing: /home/rhobtor/PHD/test_j8_hayat/J8/install/security_check_interfaces/include/security_check_interfaces/security_check_interfaces/srv/detail/get_security_check_status__rosidl_typesupport_fastrtps_cpp.hpp
[40.229s] -- Installing: /home/rhobtor/PHD/test_j8_hayat/J8/install/security_check_interfaces/include/security_check_interfaces/security_check_interfaces/srv/detail/password_check__rosidl_typesupport_fastrtps_cpp.hpp
[40.229s] -- Installing: /home/rhobtor/PHD/test_j8_hayat/J8/install/security_check_interfaces/include/security_check_interfaces/security_check_interfaces/srv/detail/dds_fastrtps
[40.229s] -- Up-to-date: /home/rhobtor/PHD/test_j8_hayat/J8/install/security_check_interfaces/include/security_check_interfaces/security_check_interfaces/msg
[40.229s] -- Installing: /home/rhobtor/PHD/test_j8_hayat/J8/install/security_check_interfaces/include/security_check_interfaces/security_check_interfaces/msg/rosidl_typesupport_fastrtps_cpp__visibility_control.h
[40.230s] -- Installing: /home/rhobtor/PHD/test_j8_hayat/J8/install/security_check_interfaces/lib/libsecurity_check_interfaces__rosidl_typesupport_fastrtps_cpp.so
[40.230s] -- Set non-toolchain portion of runtime path of "/home/rhobtor/PHD/test_j8_hayat/J8/install/security_check_interfaces/lib/libsecurity_check_interfaces__rosidl_typesupport_fastrtps_cpp.so" to ""
[40.230s] -- Up-to-date: /home/rhobtor/PHD/test_j8_hayat/J8/install/security_check_interfaces/include/security_check_interfaces/security_check_interfaces
[40.230s] -- Up-to-date: /home/rhobtor/PHD/test_j8_hayat/J8/install/security_check_interfaces/include/security_check_interfaces/security_check_interfaces/srv
[40.230s] -- Up-to-date: /home/rhobtor/PHD/test_j8_hayat/J8/install/security_check_interfaces/include/security_check_interfaces/security_check_interfaces/srv/detail
[40.230s] -- Installing: /home/rhobtor/PHD/test_j8_hayat/J8/install/security_check_interfaces/include/security_check_interfaces/security_check_interfaces/srv/detail/password_check__rosidl_typesupport_introspection_cpp.hpp
[40.231s] -- Installing: /home/rhobtor/PHD/test_j8_hayat/J8/install/security_check_interfaces/include/security_check_interfaces/security_check_interfaces/srv/detail/get_security_check_status__rosidl_typesupport_introspection_cpp.hpp
[40.231s] -- Installing: /home/rhobtor/PHD/test_j8_hayat/J8/install/security_check_interfaces/include/security_check_interfaces/security_check_interfaces/srv/detail/password_check__type_support.cpp
[40.231s] -- Installing: /home/rhobtor/PHD/test_j8_hayat/J8/install/security_check_interfaces/include/security_check_interfaces/security_check_interfaces/srv/detail/get_security_check_status__type_support.cpp
[40.237s] -- Installing: /home/rhobtor/PHD/test_j8_hayat/J8/install/security_check_interfaces/lib/libsecurity_check_interfaces__rosidl_typesupport_introspection_cpp.so
[40.238s] -- Set non-toolchain portion of runtime path of "/home/rhobtor/PHD/test_j8_hayat/J8/install/security_check_interfaces/lib/libsecurity_check_interfaces__rosidl_typesupport_introspection_cpp.so" to ""
[40.238s] -- Installing: /home/rhobtor/PHD/test_j8_hayat/J8/install/security_check_interfaces/lib/libsecurity_check_interfaces__rosidl_typesupport_cpp.so
[40.238s] -- Set non-toolchain portion of runtime path of "/home/rhobtor/PHD/test_j8_hayat/J8/install/security_check_interfaces/lib/libsecurity_check_interfaces__rosidl_typesupport_cpp.so" to ""
[40.238s] -- Installing: /home/rhobtor/PHD/test_j8_hayat/J8/install/security_check_interfaces/share/security_check_interfaces/environment/pythonpath.sh
[40.238s] -- Installing: /home/rhobtor/PHD/test_j8_hayat/J8/install/security_check_interfaces/share/security_check_interfaces/environment/pythonpath.dsv
[40.238s] -- Installing: /home/rhobtor/PHD/test_j8_hayat/J8/install/security_check_interfaces/local/lib/python3.10/dist-packages/security_check_interfaces-0.0.0-py3.10.egg-info
[40.239s] -- Installing: /home/rhobtor/PHD/test_j8_hayat/J8/install/security_check_interfaces/local/lib/python3.10/dist-packages/security_check_interfaces-0.0.0-py3.10.egg-info/top_level.txt
[40.239s] -- Installing: /home/rhobtor/PHD/test_j8_hayat/J8/install/security_check_interfaces/local/lib/python3.10/dist-packages/security_check_interfaces-0.0.0-py3.10.egg-info/SOURCES.txt
[40.239s] -- Installing: /home/rhobtor/PHD/test_j8_hayat/J8/install/security_check_interfaces/local/lib/python3.10/dist-packages/security_check_interfaces-0.0.0-py3.10.egg-info/PKG-INFO
[40.239s] -- Installing: /home/rhobtor/PHD/test_j8_hayat/J8/install/security_check_interfaces/local/lib/python3.10/dist-packages/security_check_interfaces-0.0.0-py3.10.egg-info/dependency_links.txt
[40.239s] -- Installing: /home/rhobtor/PHD/test_j8_hayat/J8/install/security_check_interfaces/local/lib/python3.10/dist-packages/security_check_interfaces
[40.239s] -- Installing: /home/rhobtor/PHD/test_j8_hayat/J8/install/security_check_interfaces/local/lib/python3.10/dist-packages/security_check_interfaces/srv
[40.240s] -- Installing: /home/rhobtor/PHD/test_j8_hayat/J8/install/security_check_interfaces/local/lib/python3.10/dist-packages/security_check_interfaces/srv/_get_security_check_status.py
[40.240s] -- Installing: /home/rhobtor/PHD/test_j8_hayat/J8/install/security_check_interfaces/local/lib/python3.10/dist-packages/security_check_interfaces/srv/_get_security_check_status_s.c
[40.240s] -- Installing: /home/rhobtor/PHD/test_j8_hayat/J8/install/security_check_interfaces/local/lib/python3.10/dist-packages/security_check_interfaces/srv/__init__.py
[40.240s] -- Installing: /home/rhobtor/PHD/test_j8_hayat/J8/install/security_check_interfaces/local/lib/python3.10/dist-packages/security_check_interfaces/srv/_password_check.py
[40.240s] -- Installing: /home/rhobtor/PHD/test_j8_hayat/J8/install/security_check_interfaces/local/lib/python3.10/dist-packages/security_check_interfaces/srv/_password_check_s.c
[40.240s] -- Installing: /home/rhobtor/PHD/test_j8_hayat/J8/install/security_check_interfaces/local/lib/python3.10/dist-packages/security_check_interfaces/_security_check_interfaces_s.ep.rosidl_typesupport_c.c
[40.240s] -- Installing: /home/rhobtor/PHD/test_j8_hayat/J8/install/security_check_interfaces/local/lib/python3.10/dist-packages/security_check_interfaces/security_check_interfaces_s__rosidl_typesupport_c.cpython-310-x86_64-linux-gnu.so
[40.241s] -- Installing: /home/rhobtor/PHD/test_j8_hayat/J8/install/security_check_interfaces/local/lib/python3.10/dist-packages/security_check_interfaces/_security_check_interfaces_s.ep.rosidl_typesupport_introspection_c.c
[40.241s] -- Installing: /home/rhobtor/PHD/test_j8_hayat/J8/install/security_check_interfaces/local/lib/python3.10/dist-packages/security_check_interfaces/libsecurity_check_interfaces__rosidl_generator_py.so
[40.241s] -- Installing: /home/rhobtor/PHD/test_j8_hayat/J8/install/security_check_interfaces/local/lib/python3.10/dist-packages/security_check_interfaces/__init__.py
[40.256s] -- Installing: /home/rhobtor/PHD/test_j8_hayat/J8/install/security_check_interfaces/local/lib/python3.10/dist-packages/security_check_interfaces/_security_check_interfaces_s.ep.rosidl_typesupport_fastrtps_c.c
[40.257s] -- Installing: /home/rhobtor/PHD/test_j8_hayat/J8/install/security_check_interfaces/local/lib/python3.10/dist-packages/security_check_interfaces/security_check_interfaces_s__rosidl_typesupport_introspection_c.cpython-310-x86_64-linux-gnu.so
[40.257s] -- Installing: /home/rhobtor/PHD/test_j8_hayat/J8/install/security_check_interfaces/local/lib/python3.10/dist-packages/security_check_interfaces/security_check_interfaces_s__rosidl_typesupport_fastrtps_c.cpython-310-x86_64-linux-gnu.so
[40.495s] Listing '/home/rhobtor/PHD/test_j8_hayat/J8/install/security_check_interfaces/local/lib/python3.10/dist-packages/security_check_interfaces'...
[40.495s] Compiling '/home/rhobtor/PHD/test_j8_hayat/J8/install/security_check_interfaces/local/lib/python3.10/dist-packages/security_check_interfaces/__init__.py'...
[40.495s] Listing '/home/rhobtor/PHD/test_j8_hayat/J8/install/security_check_interfaces/local/lib/python3.10/dist-packages/security_check_interfaces/srv'...
[40.495s] Compiling '/home/rhobtor/PHD/test_j8_hayat/J8/install/security_check_interfaces/local/lib/python3.10/dist-packages/security_check_interfaces/srv/__init__.py'...
[40.496s] Compiling '/home/rhobtor/PHD/test_j8_hayat/J8/install/security_check_interfaces/local/lib/python3.10/dist-packages/security_check_interfaces/srv/_get_security_check_status.py'...
[40.496s] Compiling '/home/rhobtor/PHD/test_j8_hayat/J8/install/security_check_interfaces/local/lib/python3.10/dist-packages/security_check_interfaces/srv/_password_check.py'...
[40.514s] -- Installing: /home/rhobtor/PHD/test_j8_hayat/J8/install/security_check_interfaces/local/lib/python3.10/dist-packages/security_check_interfaces/security_check_interfaces_s__rosidl_typesupport_fastrtps_c.cpython-310-x86_64-linux-gnu.so
[40.515s] -- Set non-toolchain portion of runtime path of "/home/rhobtor/PHD/test_j8_hayat/J8/install/security_check_interfaces/local/lib/python3.10/dist-packages/security_check_interfaces/security_check_interfaces_s__rosidl_typesupport_fastrtps_c.cpython-310-x86_64-linux-gnu.so" to ""
[40.517s] -- Installing: /home/rhobtor/PHD/test_j8_hayat/J8/install/security_check_interfaces/local/lib/python3.10/dist-packages/security_check_interfaces/security_check_interfaces_s__rosidl_typesupport_introspection_c.cpython-310-x86_64-linux-gnu.so
[40.518s] -- Set non-toolchain portion of runtime path of "/home/rhobtor/PHD/test_j8_hayat/J8/install/security_check_interfaces/local/lib/python3.10/dist-packages/security_check_interfaces/security_check_interfaces_s__rosidl_typesupport_introspection_c.cpython-310-x86_64-linux-gnu.so" to ""
[40.519s] -- Installing: /home/rhobtor/PHD/test_j8_hayat/J8/install/security_check_interfaces/local/lib/python3.10/dist-packages/security_check_interfaces/security_check_interfaces_s__rosidl_typesupport_c.cpython-310-x86_64-linux-gnu.so
[40.521s] -- Set non-toolchain portion of runtime path of "/home/rhobtor/PHD/test_j8_hayat/J8/install/security_check_interfaces/local/lib/python3.10/dist-packages/security_check_interfaces/security_check_interfaces_s__rosidl_typesupport_c.cpython-310-x86_64-linux-gnu.so" to ""
[40.523s] -- Installing: /home/rhobtor/PHD/test_j8_hayat/J8/install/security_check_interfaces/lib/libsecurity_check_interfaces__rosidl_generator_py.so
[40.529s] -- Set non-toolchain portion of runtime path of "/home/rhobtor/PHD/test_j8_hayat/J8/install/security_check_interfaces/lib/libsecurity_check_interfaces__rosidl_generator_py.so" to ""
[40.529s] -- Installing: /home/rhobtor/PHD/test_j8_hayat/J8/install/security_check_interfaces/share/ament_index/resource_index/rust_packages/security_check_interfaces
[40.530s] -- Installing: /home/rhobtor/PHD/test_j8_hayat/J8/install/security_check_interfaces/share/security_check_interfaces/rust
[40.530s] -- Installing: /home/rhobtor/PHD/test_j8_hayat/J8/install/security_check_interfaces/share/security_check_interfaces/rust/src
[40.530s] -- Installing: /home/rhobtor/PHD/test_j8_hayat/J8/install/security_check_interfaces/share/security_check_interfaces/rust/src/lib.rs
[40.530s] -- Installing: /home/rhobtor/PHD/test_j8_hayat/J8/install/security_check_interfaces/share/security_check_interfaces/rust/src/srv
[40.530s] -- Installing: /home/rhobtor/PHD/test_j8_hayat/J8/install/security_check_interfaces/share/security_check_interfaces/rust/src/srv/rmw.rs
[40.530s] -- Installing: /home/rhobtor/PHD/test_j8_hayat/J8/install/security_check_interfaces/share/security_check_interfaces/rust/src/srv.rs
[40.530s] -- Installing: /home/rhobtor/PHD/test_j8_hayat/J8/install/security_check_interfaces/share/security_check_interfaces/rust/Cargo.toml
[40.531s] -- Installing: /home/rhobtor/PHD/test_j8_hayat/J8/install/security_check_interfaces/share/security_check_interfaces/rust/build.rs
[40.531s] -- Installing: /home/rhobtor/PHD/test_j8_hayat/J8/install/security_check_interfaces/share/security_check_interfaces/srv/PasswordCheck.idl
[40.531s] -- Installing: /home/rhobtor/PHD/test_j8_hayat/J8/install/security_check_interfaces/share/security_check_interfaces/srv/GetSecurityCheckStatus.idl
[40.535s] -- Installing: /home/rhobtor/PHD/test_j8_hayat/J8/install/security_check_interfaces/share/security_check_interfaces/srv/PasswordCheck.srv
[40.535s] -- Installing: /home/rhobtor/PHD/test_j8_hayat/J8/install/security_check_interfaces/share/security_check_interfaces/srv/PasswordCheck_Request.msg
[40.535s] -- Installing: /home/rhobtor/PHD/test_j8_hayat/J8/install/security_check_interfaces/share/security_check_interfaces/srv/PasswordCheck_Response.msg
[40.536s] -- Installing: /home/rhobtor/PHD/test_j8_hayat/J8/install/security_check_interfaces/share/security_check_interfaces/srv/GetSecurityCheckStatus.srv
[40.537s] -- Installing: /home/rhobtor/PHD/test_j8_hayat/J8/install/security_check_interfaces/share/security_check_interfaces/srv/GetSecurityCheckStatus_Request.msg
[40.538s] -- Installing: /home/rhobtor/PHD/test_j8_hayat/J8/install/security_check_interfaces/share/security_check_interfaces/srv/GetSecurityCheckStatus_Response.msg
[40.539s] -- Installing: /home/rhobtor/PHD/test_j8_hayat/J8/install/security_check_interfaces/share/ament_index/resource_index/package_run_dependencies/security_check_interfaces
[40.540s] -- Installing: /home/rhobtor/PHD/test_j8_hayat/J8/install/security_check_interfaces/share/ament_index/resource_index/parent_prefix_path/security_check_interfaces
[40.541s] -- Installing: /home/rhobtor/PHD/test_j8_hayat/J8/install/security_check_interfaces/share/security_check_interfaces/environment/ament_prefix_path.sh
[40.541s] -- Installing: /home/rhobtor/PHD/test_j8_hayat/J8/install/security_check_interfaces/share/security_check_interfaces/environment/ament_prefix_path.dsv
[40.542s] -- Installing: /home/rhobtor/PHD/test_j8_hayat/J8/install/security_check_interfaces/share/security_check_interfaces/environment/path.sh
[40.542s] -- Installing: /home/rhobtor/PHD/test_j8_hayat/J8/install/security_check_interfaces/share/security_check_interfaces/environment/path.dsv
[40.544s] -- Installing: /home/rhobtor/PHD/test_j8_hayat/J8/install/security_check_interfaces/share/security_check_interfaces/local_setup.bash
[40.544s] -- Installing: /home/rhobtor/PHD/test_j8_hayat/J8/install/security_check_interfaces/share/security_check_interfaces/local_setup.sh
[40.545s] -- Installing: /home/rhobtor/PHD/test_j8_hayat/J8/install/security_check_interfaces/share/security_check_interfaces/local_setup.zsh
[40.546s] -- Installing: /home/rhobtor/PHD/test_j8_hayat/J8/install/security_check_interfaces/share/security_check_interfaces/local_setup.dsv
[40.546s] -- Installing: /home/rhobtor/PHD/test_j8_hayat/J8/install/security_check_interfaces/share/security_check_interfaces/package.dsv
[40.547s] -- Installing: /home/rhobtor/PHD/test_j8_hayat/J8/install/security_check_interfaces/share/ament_index/resource_index/packages/security_check_interfaces
[40.548s] -- Installing: /home/rhobtor/PHD/test_j8_hayat/J8/install/security_check_interfaces/share/security_check_interfaces/cmake/export_security_check_interfaces__rosidl_generator_cExport.cmake
[40.556s] -- Installing: /home/rhobtor/PHD/test_j8_hayat/J8/install/security_check_interfaces/share/security_check_interfaces/cmake/export_security_check_interfaces__rosidl_generator_cExport-noconfig.cmake
[40.556s] -- Installing: /home/rhobtor/PHD/test_j8_hayat/J8/install/security_check_interfaces/share/security_check_interfaces/cmake/export_security_check_interfaces__rosidl_typesupport_fastrtps_cExport.cmake
[40.556s] -- Installing: /home/rhobtor/PHD/test_j8_hayat/J8/install/security_check_interfaces/share/security_check_interfaces/cmake/export_security_check_interfaces__rosidl_typesupport_fastrtps_cExport-noconfig.cmake
[40.556s] -- Installing: /home/rhobtor/PHD/test_j8_hayat/J8/install/security_check_interfaces/share/security_check_interfaces/cmake/security_check_interfaces__rosidl_typesupport_introspection_cExport.cmake
[40.556s] -- Installing: /home/rhobtor/PHD/test_j8_hayat/J8/install/security_check_interfaces/share/security_check_interfaces/cmake/security_check_interfaces__rosidl_typesupport_introspection_cExport-noconfig.cmake
[40.556s] -- Installing: /home/rhobtor/PHD/test_j8_hayat/J8/install/security_check_interfaces/share/security_check_interfaces/cmake/security_check_interfaces__rosidl_typesupport_cExport.cmake
[40.557s] -- Installing: /home/rhobtor/PHD/test_j8_hayat/J8/install/security_check_interfaces/share/security_check_interfaces/cmake/security_check_interfaces__rosidl_typesupport_cExport-noconfig.cmake
[40.557s] -- Installing: /home/rhobtor/PHD/test_j8_hayat/J8/install/security_check_interfaces/share/security_check_interfaces/cmake/export_security_check_interfaces__rosidl_generator_cppExport.cmake
[40.558s] -- Installing: /home/rhobtor/PHD/test_j8_hayat/J8/install/security_check_interfaces/share/security_check_interfaces/cmake/export_security_check_interfaces__rosidl_typesupport_fastrtps_cppExport.cmake
[40.558s] -- Installing: /home/rhobtor/PHD/test_j8_hayat/J8/install/security_check_interfaces/share/security_check_interfaces/cmake/export_security_check_interfaces__rosidl_typesupport_fastrtps_cppExport-noconfig.cmake
[40.559s] -- Installing: /home/rhobtor/PHD/test_j8_hayat/J8/install/security_check_interfaces/share/security_check_interfaces/cmake/security_check_interfaces__rosidl_typesupport_introspection_cppExport.cmake
[40.560s] -- Installing: /home/rhobtor/PHD/test_j8_hayat/J8/install/security_check_interfaces/share/security_check_interfaces/cmake/security_check_interfaces__rosidl_typesupport_introspection_cppExport-noconfig.cmake
[40.561s] -- Installing: /home/rhobtor/PHD/test_j8_hayat/J8/install/security_check_interfaces/share/security_check_interfaces/cmake/security_check_interfaces__rosidl_typesupport_cppExport.cmake
[40.562s] -- Installing: /home/rhobtor/PHD/test_j8_hayat/J8/install/security_check_interfaces/share/security_check_interfaces/cmake/security_check_interfaces__rosidl_typesupport_cppExport-noconfig.cmake
[40.563s] -- Installing: /home/rhobtor/PHD/test_j8_hayat/J8/install/security_check_interfaces/share/security_check_interfaces/cmake/export_security_check_interfaces__rosidl_generator_pyExport.cmake
[40.564s] -- Installing: /home/rhobtor/PHD/test_j8_hayat/J8/install/security_check_interfaces/share/security_check_interfaces/cmake/export_security_check_interfaces__rosidl_generator_pyExport-noconfig.cmake
[40.564s] -- Installing: /home/rhobtor/PHD/test_j8_hayat/J8/install/security_check_interfaces/share/security_check_interfaces/cmake/rosidl_cmake-extras.cmake
[40.565s] -- Installing: /home/rhobtor/PHD/test_j8_hayat/J8/install/security_check_interfaces/share/security_check_interfaces/cmake/ament_cmake_export_dependencies-extras.cmake
[40.566s] -- Installing: /home/rhobtor/PHD/test_j8_hayat/J8/install/security_check_interfaces/share/security_check_interfaces/cmake/ament_cmake_export_include_directories-extras.cmake
[40.567s] -- Installing: /home/rhobtor/PHD/test_j8_hayat/J8/install/security_check_interfaces/share/security_check_interfaces/cmake/ament_cmake_export_libraries-extras.cmake
[40.568s] -- Installing: /home/rhobtor/PHD/test_j8_hayat/J8/install/security_check_interfaces/share/security_check_interfaces/cmake/ament_cmake_export_targets-extras.cmake
[40.568s] -- Installing: /home/rhobtor/PHD/test_j8_hayat/J8/install/security_check_interfaces/share/security_check_interfaces/cmake/rosidl_cmake_export_typesupport_targets-extras.cmake
[40.569s] -- Installing: /home/rhobtor/PHD/test_j8_hayat/J8/install/security_check_interfaces/share/security_check_interfaces/cmake/rosidl_cmake_export_typesupport_libraries-extras.cmake
[40.571s] -- Installing: /home/rhobtor/PHD/test_j8_hayat/J8/install/security_check_interfaces/share/security_check_interfaces/cmake/security_check_interfacesConfig.cmake
[40.571s] -- Installing: /home/rhobtor/PHD/test_j8_hayat/J8/install/security_check_interfaces/share/security_check_interfaces/cmake/security_check_interfacesConfig-version.cmake
[40.572s] -- Installing: /home/rhobtor/PHD/test_j8_hayat/J8/install/security_check_interfaces/share/security_check_interfaces/package.xml
[40.586s] Invoked command in '/home/rhobtor/PHD/test_j8_hayat/J8/build/security_check_interfaces' returned '0': CMAKE_PREFIX_PATH=${CMAKE_PREFIX_PATH}:/home/rhobtor/PHD/ARGOJ8_IA/ARGOSJ8_IA_/install/ntrip_client:/home/rhobtor/PHD/ARGOJ8_IA/ARGOSJ8_IA_/install/j8_gui:/home/rhobtor/PHD/ARGOJ8_IA/ARGOSJ8_IA_/install/car:/home/rhobtor/PHD/ARGOJ8_IA/ARGOSJ8_IA_/install/android_ros2_server:/home/rhobtor/PHD/ARGOJ8_IA/ARGOSJ8_IA_/install/GUI_pkg:/opt/ros/humble /opt/st/stm32cubeclt_1.18.0/CMake/bin/cmake --install /home/rhobtor/PHD/test_j8_hayat/J8/build/security_check_interfaces
