[ 12%] Built target argj801_lcm
[100%] Built target ARGJ801_sensors_node
-- Install configuration: ""
-- Up-to-date: /home/rhobtor/PHD/test_j8_hayat/J8/install/argj801_sensors/lib/argj801_sensors/ARGJ801_sensors_node
-- Up-to-date: /home/rhobtor/PHD/test_j8_hayat/J8/install/argj801_sensors/share/argj801_sensors//launch
-- Up-to-date: /home/rhobtor/PHD/test_j8_hayat/J8/install/argj801_sensors/share/argj801_sensors//launch/argj801_sensors_launch_camera_rear.py
-- Up-to-date: /home/rhobtor/PHD/test_j8_hayat/J8/install/argj801_sensors/share/argj801_sensors//launch/argj801_sensors_launch_camera_front.py
-- Up-to-date: /home/rhobtor/PHD/test_j8_hayat/J8/install/argj801_sensors/share/argj801_sensors//launch/argj801_sensors_launch_lcm_sensors.py
-- Up-to-date: /home/rhobtor/PHD/test_j8_hayat/J8/install/argj801_sensors/share/argj801_sensors//config
-- Up-to-date: /home/rhobtor/PHD/test_j8_hayat/J8/install/argj801_sensors/share/argj801_sensors//config/argj801_sensors_params_lcm_sensors.yaml
-- Up-to-date: /home/rhobtor/PHD/test_j8_hayat/J8/install/argj801_sensors/share/argj801_sensors//config/argj801_sensors_params_camera_rear.yaml
-- Up-to-date: /home/rhobtor/PHD/test_j8_hayat/J8/install/argj801_sensors/share/argj801_sensors//config/argj801_sensors_params_camera_front.yaml
-- Up-to-date: /home/rhobtor/PHD/test_j8_hayat/J8/install/argj801_sensors/include/argj801_sensors/include
-- Up-to-date: /home/rhobtor/PHD/test_j8_hayat/J8/install/argj801_sensors/include/argj801_sensors/include/argj801_sensors
-- Up-to-date: /home/rhobtor/PHD/test_j8_hayat/J8/install/argj801_sensors/include/argj801_sensors/include/argj801_sensors/argj801_sensors_interface.hpp
-- Up-to-date: /home/rhobtor/PHD/test_j8_hayat/J8/install/argj801_sensors/include/argj801_sensors/include/argj801_sensors/argj801_camera_interface.hpp
-- Up-to-date: /home/rhobtor/PHD/test_j8_hayat/J8/install/argj801_sensors/include/argj801_sensors/include/argj801_sensors/argj801_sensors_node.hpp
-- Up-to-date: /home/rhobtor/PHD/test_j8_hayat/J8/install/argj801_sensors/include/argj801_sensors/include/argj801_sensors/argj801_camera_builder.hpp
-- Up-to-date: /home/rhobtor/PHD/test_j8_hayat/J8/install/argj801_sensors/include/argj801_sensors/include/argj801_sensors/argj801_lcm_sensors_builder.hpp
-- Up-to-date: /home/rhobtor/PHD/test_j8_hayat/J8/install/argj801_sensors/include/argj801_sensors/include/argj801_sensors/SensorBuilder.hpp
-- Up-to-date: /home/rhobtor/PHD/test_j8_hayat/J8/install/argj801_sensors/include/argj801_sensors/include/argj801_sensors/Sensor.hpp
-- Up-to-date: /home/rhobtor/PHD/test_j8_hayat/J8/install/argj801_sensors/include/argj801_sensors/include/data
-- Up-to-date: /home/rhobtor/PHD/test_j8_hayat/J8/install/argj801_sensors/include/argj801_sensors/include/data/CompressedImage.hpp
-- Up-to-date: /home/rhobtor/PHD/test_j8_hayat/J8/install/argj801_sensors/include/argj801_sensors/include/data/Lidar.hpp
-- Up-to-date: /home/rhobtor/PHD/test_j8_hayat/J8/install/argj801_sensors/include/argj801_sensors/include/data/DriveLine.hpp
-- Up-to-date: /home/rhobtor/PHD/test_j8_hayat/J8/install/argj801_sensors/include/argj801_sensors/include/data/MotorTelemetry.hpp
-- Up-to-date: /home/rhobtor/PHD/test_j8_hayat/J8/install/argj801_sensors/include/argj801_sensors/include/data/OdometerData.hpp
-- Up-to-date: /home/rhobtor/PHD/test_j8_hayat/J8/install/argj801_sensors/include/argj801_sensors/include/data/Composite.hpp
-- Up-to-date: /home/rhobtor/PHD/test_j8_hayat/J8/install/argj801_sensors/include/argj801_sensors/include/data/Twist.hpp
-- Up-to-date: /home/rhobtor/PHD/test_j8_hayat/J8/install/argj801_sensors/include/argj801_sensors/include/data/LidarData.hpp
-- Up-to-date: /home/rhobtor/PHD/test_j8_hayat/J8/install/argj801_sensors/include/argj801_sensors/include/data/ImageData.hpp
-- Up-to-date: /home/rhobtor/PHD/test_j8_hayat/J8/install/argj801_sensors/include/argj801_sensors/include/visitor
-- Up-to-date: /home/rhobtor/PHD/test_j8_hayat/J8/install/argj801_sensors/include/argj801_sensors/include/visitor/SensorDataVisitor.hpp
-- Up-to-date: /home/rhobtor/PHD/test_j8_hayat/J8/install/argj801_sensors/include/argj801_sensors/include/visitor/Visitor.hpp
-- Up-to-date: /home/rhobtor/PHD/test_j8_hayat/J8/install/argj801_sensors/share/ament_index/resource_index/package_run_dependencies/argj801_sensors
-- Up-to-date: /home/rhobtor/PHD/test_j8_hayat/J8/install/argj801_sensors/share/ament_index/resource_index/parent_prefix_path/argj801_sensors
-- Up-to-date: /home/rhobtor/PHD/test_j8_hayat/J8/install/argj801_sensors/share/argj801_sensors/environment/ament_prefix_path.sh
-- Up-to-date: /home/rhobtor/PHD/test_j8_hayat/J8/install/argj801_sensors/share/argj801_sensors/environment/ament_prefix_path.dsv
-- Up-to-date: /home/rhobtor/PHD/test_j8_hayat/J8/install/argj801_sensors/share/argj801_sensors/environment/path.sh
-- Up-to-date: /home/rhobtor/PHD/test_j8_hayat/J8/install/argj801_sensors/share/argj801_sensors/environment/path.dsv
-- Up-to-date: /home/rhobtor/PHD/test_j8_hayat/J8/install/argj801_sensors/share/argj801_sensors/local_setup.bash
-- Up-to-date: /home/rhobtor/PHD/test_j8_hayat/J8/install/argj801_sensors/share/argj801_sensors/local_setup.sh
-- Up-to-date: /home/rhobtor/PHD/test_j8_hayat/J8/install/argj801_sensors/share/argj801_sensors/local_setup.zsh
-- Up-to-date: /home/rhobtor/PHD/test_j8_hayat/J8/install/argj801_sensors/share/argj801_sensors/local_setup.dsv
-- Installing: /home/rhobtor/PHD/test_j8_hayat/J8/install/argj801_sensors/share/argj801_sensors/package.dsv
-- Up-to-date: /home/rhobtor/PHD/test_j8_hayat/J8/install/argj801_sensors/share/ament_index/resource_index/packages/argj801_sensors
-- Up-to-date: /home/rhobtor/PHD/test_j8_hayat/J8/install/argj801_sensors/share/argj801_sensors/cmake/argj801_sensorsConfig.cmake
-- Up-to-date: /home/rhobtor/PHD/test_j8_hayat/J8/install/argj801_sensors/share/argj801_sensors/cmake/argj801_sensorsConfig-version.cmake
-- Up-to-date: /home/rhobtor/PHD/test_j8_hayat/J8/install/argj801_sensors/share/argj801_sensors/package.xml
-- Up-to-date: /home/rhobtor/PHD/test_j8_hayat/J8/install/argj801_sensors/share/argj801_lcm//config
-- Up-to-date: /home/rhobtor/PHD/test_j8_hayat/J8/install/argj801_sensors/share/argj801_lcm//config/argj801_lcm_config_sensors.yaml
-- Up-to-date: /home/rhobtor/PHD/test_j8_hayat/J8/install/argj801_sensors/share/argj801_lcm//config/argj801_lcm_config_platform.yaml
