[4.499s] Invoking command in '/home/rhobtor/PHD/test_j8_hayat/J8/src/android_ros2_server': PYTHONPATH=/home/rhobtor/PHD/test_j8_hayat/J8/build/android_ros2_server/prefix_override:/usr/lib/python3/dist-packages/colcon_core/task/python/colcon_distutils_commands:/home/rhobtor/PHD/test_j8_hayat/J8/install/android_ros2_server/lib/python3.10/site-packages:${PYTHONPATH} /usr/bin/python3 -W ignore:setup.py install is deprecated -W ignore:easy_install command is deprecated setup.py egg_info --egg-base ../../build/android_ros2_server build --build-base /home/rhobtor/PHD/test_j8_hayat/J8/build/android_ros2_server/build install --record /home/rhobtor/PHD/test_j8_hayat/J8/build/android_ros2_server/install.log --single-version-externally-managed install_data
[7.920s] running egg_info
[7.924s] creating ../../build/android_ros2_server/android_ros2_server.egg-info
[7.924s] writing ../../build/android_ros2_server/android_ros2_server.egg-info/PKG-INFO
[7.924s] writing dependency_links to ../../build/android_ros2_server/android_ros2_server.egg-info/dependency_links.txt
[7.924s] writing entry points to ../../build/android_ros2_server/android_ros2_server.egg-info/entry_points.txt
[7.925s] writing requirements to ../../build/android_ros2_server/android_ros2_server.egg-info/requires.txt
[7.925s] writing top-level names to ../../build/android_ros2_server/android_ros2_server.egg-info/top_level.txt
[7.925s] writing manifest file '../../build/android_ros2_server/android_ros2_server.egg-info/SOURCES.txt'
[7.925s] reading manifest file '../../build/android_ros2_server/android_ros2_server.egg-info/SOURCES.txt'
[7.925s] writing manifest file '../../build/android_ros2_server/android_ros2_server.egg-info/SOURCES.txt'
[7.925s] running build
[7.925s] running build_py
[7.926s] creating /home/rhobtor/PHD/test_j8_hayat/J8/build/android_ros2_server/build/lib/android_ros2_server
[7.926s] copying android_ros2_server/server.py -> /home/rhobtor/PHD/test_j8_hayat/J8/build/android_ros2_server/build/lib/android_ros2_server
[7.926s] copying android_ros2_server/__init__.py -> /home/rhobtor/PHD/test_j8_hayat/J8/build/android_ros2_server/build/lib/android_ros2_server
[7.926s] running install
[7.926s] running install_lib
[7.926s] creating /home/rhobtor/PHD/test_j8_hayat/J8/install/android_ros2_server/lib/python3.10/site-packages/android_ros2_server
[7.927s] copying /home/rhobtor/PHD/test_j8_hayat/J8/build/android_ros2_server/build/lib/android_ros2_server/server.py -> /home/rhobtor/PHD/test_j8_hayat/J8/install/android_ros2_server/lib/python3.10/site-packages/android_ros2_server
[7.927s] copying /home/rhobtor/PHD/test_j8_hayat/J8/build/android_ros2_server/build/lib/android_ros2_server/__init__.py -> /home/rhobtor/PHD/test_j8_hayat/J8/install/android_ros2_server/lib/python3.10/site-packages/android_ros2_server
[7.927s] byte-compiling /home/rhobtor/PHD/test_j8_hayat/J8/install/android_ros2_server/lib/python3.10/site-packages/android_ros2_server/server.py to server.cpython-310.pyc
[7.927s] byte-compiling /home/rhobtor/PHD/test_j8_hayat/J8/install/android_ros2_server/lib/python3.10/site-packages/android_ros2_server/__init__.py to __init__.cpython-310.pyc
[7.927s] running install_data
[7.927s] creating /home/rhobtor/PHD/test_j8_hayat/J8/install/android_ros2_server/share/ament_index/resource_index/packages
[7.927s] copying resource/android_ros2_server -> /home/rhobtor/PHD/test_j8_hayat/J8/install/android_ros2_server/share/ament_index/resource_index/packages
[7.937s] copying package.xml -> /home/rhobtor/PHD/test_j8_hayat/J8/install/android_ros2_server/share/android_ros2_server
[7.937s] running install_egg_info
[7.937s] Copying ../../build/android_ros2_server/android_ros2_server.egg-info to /home/rhobtor/PHD/test_j8_hayat/J8/install/android_ros2_server/lib/python3.10/site-packages/android_ros2_server-0.0.0-py3.10.egg-info
[7.937s] running install_scripts
[7.937s] Installing tcp_server_node script to /home/rhobtor/PHD/test_j8_hayat/J8/install/android_ros2_server/lib/android_ros2_server
[7.938s] writing list of installed files to '/home/rhobtor/PHD/test_j8_hayat/J8/build/android_ros2_server/install.log'
[7.946s] /home/rhobtor/.local/lib/python3.10/site-packages/setuptools/_distutils/dist.py:289: UserWarning: Unknown distribution option: 'tests_require'
[7.946s]   warnings.warn(msg)
[7.993s] Invoked command in '/home/rhobtor/PHD/test_j8_hayat/J8/src/android_ros2_server' returned '0': PYTHONPATH=/home/rhobtor/PHD/test_j8_hayat/J8/build/android_ros2_server/prefix_override:/usr/lib/python3/dist-packages/colcon_core/task/python/colcon_distutils_commands:/home/rhobtor/PHD/test_j8_hayat/J8/install/android_ros2_server/lib/python3.10/site-packages:${PYTHONPATH} /usr/bin/python3 -W ignore:setup.py install is deprecated -W ignore:easy_install command is deprecated setup.py egg_info --egg-base ../../build/android_ros2_server build --build-base /home/rhobtor/PHD/test_j8_hayat/J8/build/android_ros2_server/build install --record /home/rhobtor/PHD/test_j8_hayat/J8/build/android_ros2_server/install.log --single-version-externally-managed install_data
