-- The C compiler identification is GNU 11.4.0
-- The CXX compiler identification is GNU 11.4.0
-- Detecting C compiler ABI info
-- Detecting C compiler ABI info - done
-- Check for working C compiler: /usr/bin/cc - skipped
-- Detecting C compile features
-- Detecting C compile features - done
-- Detecting CXX compiler ABI info
-- Detecting CXX compiler ABI info - done
-- Check for working CXX compiler: /usr/bin/c++ - skipped
-- Detecting CXX compile features
-- Detecting CXX compile features - done
-- Found ament_cmake: 1.3.14 (/opt/ros/humble/share/ament_cmake/cmake)
-- Found Python3: /usr/bin/python3 (found version "3.10.12") found components: Interpreter 
-- Found rosidl_default_runtime: 1.2.1 (/opt/ros/humble/share/rosidl_default_runtime/cmake)
-- Using all available rosidl_typesupport_c: rosidl_typesupport_fastrtps_c;rosidl_typesupport_introspection_c
-- Found rosidl_adapter: 3.1.8 (/opt/ros/humble/share/rosidl_adapter/cmake)
-- Using all available rosidl_typesupport_cpp: rosidl_typesupport_fastrtps_cpp;rosidl_typesupport_introspection_cpp
-- Found rosidl_default_generators: 1.2.1 (/opt/ros/humble/share/rosidl_default_generators/cmake)
-- Found std_msgs: 4.9.1 (/opt/ros/humble/share/std_msgs/cmake)
-- Found ament_cmake_ros: 0.10.0 (/opt/ros/humble/share/ament_cmake_ros/cmake)
-- Using all available rosidl_typesupport_c: rosidl_typesupport_fastrtps_c;rosidl_typesupport_introspection_c
-- Using all available rosidl_typesupport_cpp: rosidl_typesupport_fastrtps_cpp;rosidl_typesupport_introspection_cpp
[33mCMake Warning (dev) at /opt/ros/humble/share/rosidl_generator_py/cmake/rosidl_generator_py_generate_interfaces.cmake:20 (find_package):
  Policy CMP0148 is not set: The FindPythonInterp and FindPythonLibs modules
  are removed.  Run "cmake --help-policy CMP0148" for policy details.  Use
  the cmake_policy command to set the policy and suppress this warning.

Call Stack (most recent call first):
  /opt/ros/humble/share/ament_cmake_core/cmake/core/ament_execute_extensions.cmake:48 (include)
  /opt/ros/humble/share/rosidl_cmake/cmake/rosidl_generate_interfaces.cmake:286 (ament_execute_extensions)
  CMakeLists.txt:19 (rosidl_generate_interfaces)
This warning is for project developers.  Use -Wno-dev to suppress it.
[0m
-- Found PythonInterp: /usr/bin/python3 (found suitable version "3.10.12", minimum required is "3.6") 
-- Found python_cmake_module: 0.10.0 (/opt/ros/humble/share/python_cmake_module/cmake)
[33mCMake Warning (dev) at /opt/ros/humble/share/python_cmake_module/cmake/Modules/FindPythonExtra.cmake:52 (find_package):
  Policy CMP0148 is not set: The FindPythonInterp and FindPythonLibs modules
  are removed.  Run "cmake --help-policy CMP0148" for policy details.  Use
  the cmake_policy command to set the policy and suppress this warning.

Call Stack (most recent call first):
  /opt/ros/humble/share/rosidl_generator_py/cmake/rosidl_generator_py_generate_interfaces.cmake:23 (find_package)
  /opt/ros/humble/share/ament_cmake_core/cmake/core/ament_execute_extensions.cmake:48 (include)
  /opt/ros/humble/share/rosidl_cmake/cmake/rosidl_generate_interfaces.cmake:286 (ament_execute_extensions)
  CMakeLists.txt:19 (rosidl_generate_interfaces)
This warning is for project developers.  Use -Wno-dev to suppress it.
[0m
[33mCMake Warning (dev) at /opt/ros/humble/share/python_cmake_module/cmake/Modules/FindPythonExtra.cmake:140 (find_package):
  Policy CMP0148 is not set: The FindPythonInterp and FindPythonLibs modules
  are removed.  Run "cmake --help-policy CMP0148" for policy details.  Use
  the cmake_policy command to set the policy and suppress this warning.

Call Stack (most recent call first):
  /opt/ros/humble/share/rosidl_generator_py/cmake/rosidl_generator_py_generate_interfaces.cmake:23 (find_package)
  /opt/ros/humble/share/ament_cmake_core/cmake/core/ament_execute_extensions.cmake:48 (include)
  /opt/ros/humble/share/rosidl_cmake/cmake/rosidl_generate_interfaces.cmake:286 (ament_execute_extensions)
  CMakeLists.txt:19 (rosidl_generate_interfaces)
This warning is for project developers.  Use -Wno-dev to suppress it.
[0m
-- Found PythonLibs: /usr/lib/x86_64-linux-gnu/libpython3.10.so (found suitable version "3.10.12", minimum required is "3.5") 
-- Using PYTHON_EXECUTABLE: /usr/bin/python3
-- Using PYTHON_INCLUDE_DIRS: /usr/include/python3.10
-- Using PYTHON_LIBRARIES: /usr/lib/x86_64-linux-gnu/libpython3.10.so
-- Found PythonExtra: .so  
-- Configuring done (8.7s)
-- Generating done (0.1s)
-- Build files have been written to: /home/rhobtor/PHD/test_j8_hayat/J8/build/argj801_sensors_msgs
[  2%] [34m[1mGenerating C code for ROS interfaces[0m
[  5%] [34m[1mGenerating C++ code for ROS interfaces[0m
[  5%] Built target ament_cmake_python_copy_argj801_sensors_msgs
[  7%] [34m[1mGenerating Rust code for ROS interfaces[0m
[  7%] Built target argj801_sensors_msgs__rs
[ 12%] [32mBuilding C object CMakeFiles/argj801_sensors_msgs__rosidl_generator_c.dir/rosidl_generator_c/argj801_sensors_msgs/msg/detail/motor_telemetry__functions.c.o[0m
[ 12%] [32mBuilding C object CMakeFiles/argj801_sensors_msgs__rosidl_generator_c.dir/rosidl_generator_c/argj801_sensors_msgs/msg/detail/odometer__functions.c.o[0m
running egg_info
creating argj801_sensors_msgs.egg-info
writing argj801_sensors_msgs.egg-info/PKG-INFO
writing dependency_links to argj801_sensors_msgs.egg-info/dependency_links.txt
writing top-level names to argj801_sensors_msgs.egg-info/top_level.txt
writing manifest file 'argj801_sensors_msgs.egg-info/SOURCES.txt'
[ 15%] [32m[1mLinking C shared library libargj801_sensors_msgs__rosidl_generator_c.so[0m
reading manifest file 'argj801_sensors_msgs.egg-info/SOURCES.txt'
writing manifest file 'argj801_sensors_msgs.egg-info/SOURCES.txt'
[ 15%] Built target ament_cmake_python_build_argj801_sensors_msgs_egg
[ 15%] Built target argj801_sensors_msgs__rosidl_generator_c
[ 17%] [34m[1mGenerating C type support dispatch for ROS interfaces[0m
[ 20%] [34m[1mGenerating C type support for eProsima Fast-RTPS[0m
[ 22%] [34m[1mGenerating C introspection for ROS interfaces[0m
[ 22%] Built target argj801_sensors_msgs__cpp
[ 25%] [34m[1mGenerating C++ type support dispatch for ROS interfaces[0m
[ 27%] [34m[1mGenerating C++ type support for eProsima Fast-RTPS[0m
[ 30%] [34m[1mGenerating C++ introspection for ROS interfaces[0m
[ 32%] [32mBuilding CXX object CMakeFiles/argj801_sensors_msgs__rosidl_typesupport_c.dir/rosidl_typesupport_c/argj801_sensors_msgs/msg/motor_telemetry__type_support.cpp.o[0m
[ 35%] [32mBuilding CXX object CMakeFiles/argj801_sensors_msgs__rosidl_typesupport_c.dir/rosidl_typesupport_c/argj801_sensors_msgs/msg/odometer__type_support.cpp.o[0m
[ 37%] [32m[1mLinking CXX shared library libargj801_sensors_msgs__rosidl_typesupport_c.so[0m
[ 37%] Built target argj801_sensors_msgs__rosidl_typesupport_c
[ 40%] [32mBuilding C object CMakeFiles/argj801_sensors_msgs__rosidl_typesupport_introspection_c.dir/rosidl_typesupport_introspection_c/argj801_sensors_msgs/msg/detail/motor_telemetry__type_support.c.o[0m
[ 42%] [32mBuilding C object CMakeFiles/argj801_sensors_msgs__rosidl_typesupport_introspection_c.dir/rosidl_typesupport_introspection_c/argj801_sensors_msgs/msg/detail/odometer__type_support.c.o[0m
[ 45%] [32mBuilding CXX object CMakeFiles/argj801_sensors_msgs__rosidl_typesupport_cpp.dir/rosidl_typesupport_cpp/argj801_sensors_msgs/msg/motor_telemetry__type_support.cpp.o[0m
[ 47%] [32mBuilding CXX object CMakeFiles/argj801_sensors_msgs__rosidl_typesupport_cpp.dir/rosidl_typesupport_cpp/argj801_sensors_msgs/msg/odometer__type_support.cpp.o[0m
[ 50%] [32mBuilding CXX object CMakeFiles/argj801_sensors_msgs__rosidl_typesupport_introspection_cpp.dir/rosidl_typesupport_introspection_cpp/argj801_sensors_msgs/msg/detail/motor_telemetry__type_support.cpp.o[0m
[ 52%] [32mBuilding CXX object CMakeFiles/argj801_sensors_msgs__rosidl_typesupport_introspection_cpp.dir/rosidl_typesupport_introspection_cpp/argj801_sensors_msgs/msg/detail/odometer__type_support.cpp.o[0m
[ 55%] [32m[1mLinking C shared library libargj801_sensors_msgs__rosidl_typesupport_introspection_c.so[0m
[ 57%] [32mBuilding CXX object CMakeFiles/argj801_sensors_msgs__rosidl_typesupport_fastrtps_cpp.dir/rosidl_typesupport_fastrtps_cpp/argj801_sensors_msgs/msg/detail/dds_fastrtps/motor_telemetry__type_support.cpp.o[0m
[ 60%] [32mBuilding CXX object CMakeFiles/argj801_sensors_msgs__rosidl_typesupport_fastrtps_cpp.dir/rosidl_typesupport_fastrtps_cpp/argj801_sensors_msgs/msg/detail/dds_fastrtps/odometer__type_support.cpp.o[0m
[ 62%] [32mBuilding CXX object CMakeFiles/argj801_sensors_msgs__rosidl_typesupport_fastrtps_c.dir/rosidl_typesupport_fastrtps_c/argj801_sensors_msgs/msg/detail/odometer__type_support_c.cpp.o[0m
[ 65%] [32mBuilding CXX object CMakeFiles/argj801_sensors_msgs__rosidl_typesupport_fastrtps_c.dir/rosidl_typesupport_fastrtps_c/argj801_sensors_msgs/msg/detail/motor_telemetry__type_support_c.cpp.o[0m
[ 65%] Built target argj801_sensors_msgs__rosidl_typesupport_introspection_c
[ 67%] [32m[1mLinking CXX shared library libargj801_sensors_msgs__rosidl_typesupport_cpp.so[0m
[ 67%] Built target argj801_sensors_msgs__rosidl_typesupport_cpp
[ 70%] [32m[1mLinking CXX shared library libargj801_sensors_msgs__rosidl_typesupport_fastrtps_cpp.so[0m
[ 70%] Built target argj801_sensors_msgs__rosidl_typesupport_fastrtps_cpp
[ 72%] [32m[1mLinking CXX shared library libargj801_sensors_msgs__rosidl_typesupport_fastrtps_c.so[0m
[ 75%] [32m[1mLinking CXX shared library libargj801_sensors_msgs__rosidl_typesupport_introspection_cpp.so[0m
[ 75%] Built target argj801_sensors_msgs__rosidl_typesupport_fastrtps_c
[ 75%] Built target argj801_sensors_msgs__rosidl_typesupport_introspection_cpp
[ 75%] Built target argj801_sensors_msgs
[ 77%] [34m[1mGenerating Python code for ROS interfaces[0m
[ 77%] Built target argj801_sensors_msgs__py
[ 80%] [32mBuilding C object CMakeFiles/argj801_sensors_msgs__rosidl_generator_py.dir/rosidl_generator_py/argj801_sensors_msgs/msg/_motor_telemetry_s.c.o[0m
[ 82%] [32mBuilding C object CMakeFiles/argj801_sensors_msgs__rosidl_generator_py.dir/rosidl_generator_py/argj801_sensors_msgs/msg/_odometer_s.c.o[0m
[ 85%] [32m[1mLinking C shared library rosidl_generator_py/argj801_sensors_msgs/libargj801_sensors_msgs__rosidl_generator_py.so[0m
[ 85%] Built target argj801_sensors_msgs__rosidl_generator_py
[ 87%] [32mBuilding C object CMakeFiles/argj801_sensors_msgs__rosidl_typesupport_fastrtps_c__pyext.dir/rosidl_generator_py/argj801_sensors_msgs/_argj801_sensors_msgs_s.ep.rosidl_typesupport_fastrtps_c.c.o[0m
[ 90%] [32mBuilding C object CMakeFiles/argj801_sensors_msgs__rosidl_typesupport_introspection_c__pyext.dir/rosidl_generator_py/argj801_sensors_msgs/_argj801_sensors_msgs_s.ep.rosidl_typesupport_introspection_c.c.o[0m
[ 92%] [32mBuilding C object CMakeFiles/argj801_sensors_msgs__rosidl_typesupport_c__pyext.dir/rosidl_generator_py/argj801_sensors_msgs/_argj801_sensors_msgs_s.ep.rosidl_typesupport_c.c.o[0m
[ 95%] [32m[1mLinking C shared library rosidl_generator_py/argj801_sensors_msgs/argj801_sensors_msgs_s__rosidl_typesupport_c.cpython-310-x86_64-linux-gnu.so[0m
[ 97%] [32m[1mLinking C shared library rosidl_generator_py/argj801_sensors_msgs/argj801_sensors_msgs_s__rosidl_typesupport_introspection_c.cpython-310-x86_64-linux-gnu.so[0m
[ 97%] Built target argj801_sensors_msgs__rosidl_typesupport_c__pyext
[100%] [32m[1mLinking C shared library rosidl_generator_py/argj801_sensors_msgs/argj801_sensors_msgs_s__rosidl_typesupport_fastrtps_c.cpython-310-x86_64-linux-gnu.so[0m
[100%] Built target argj801_sensors_msgs__rosidl_typesupport_introspection_c__pyext
[100%] Built target argj801_sensors_msgs__rosidl_typesupport_fastrtps_c__pyext
-- Install configuration: ""
-- Installing: /home/rhobtor/PHD/test_j8_hayat/J8/install/argj801_sensors_msgs/share/ament_index/resource_index/rosidl_interfaces/argj801_sensors_msgs
-- Installing: /home/rhobtor/PHD/test_j8_hayat/J8/install/argj801_sensors_msgs/include/argj801_sensors_msgs/argj801_sensors_msgs
-- Installing: /home/rhobtor/PHD/test_j8_hayat/J8/install/argj801_sensors_msgs/include/argj801_sensors_msgs/argj801_sensors_msgs/msg
-- Installing: /home/rhobtor/PHD/test_j8_hayat/J8/install/argj801_sensors_msgs/include/argj801_sensors_msgs/argj801_sensors_msgs/msg/motor_telemetry.h
-- Installing: /home/rhobtor/PHD/test_j8_hayat/J8/install/argj801_sensors_msgs/include/argj801_sensors_msgs/argj801_sensors_msgs/msg/rosidl_generator_c__visibility_control.h
-- Installing: /home/rhobtor/PHD/test_j8_hayat/J8/install/argj801_sensors_msgs/include/argj801_sensors_msgs/argj801_sensors_msgs/msg/detail
-- Installing: /home/rhobtor/PHD/test_j8_hayat/J8/install/argj801_sensors_msgs/include/argj801_sensors_msgs/argj801_sensors_msgs/msg/detail/odometer__functions.c
-- Installing: /home/rhobtor/PHD/test_j8_hayat/J8/install/argj801_sensors_msgs/include/argj801_sensors_msgs/argj801_sensors_msgs/msg/detail/motor_telemetry__struct.h
-- Installing: /home/rhobtor/PHD/test_j8_hayat/J8/install/argj801_sensors_msgs/include/argj801_sensors_msgs/argj801_sensors_msgs/msg/detail/motor_telemetry__functions.c
-- Installing: /home/rhobtor/PHD/test_j8_hayat/J8/install/argj801_sensors_msgs/include/argj801_sensors_msgs/argj801_sensors_msgs/msg/detail/motor_telemetry__type_support.h
-- Installing: /home/rhobtor/PHD/test_j8_hayat/J8/install/argj801_sensors_msgs/include/argj801_sensors_msgs/argj801_sensors_msgs/msg/detail/odometer__type_support.h
-- Installing: /home/rhobtor/PHD/test_j8_hayat/J8/install/argj801_sensors_msgs/include/argj801_sensors_msgs/argj801_sensors_msgs/msg/detail/odometer__functions.h
-- Installing: /home/rhobtor/PHD/test_j8_hayat/J8/install/argj801_sensors_msgs/include/argj801_sensors_msgs/argj801_sensors_msgs/msg/detail/motor_telemetry__functions.h
-- Installing: /home/rhobtor/PHD/test_j8_hayat/J8/install/argj801_sensors_msgs/include/argj801_sensors_msgs/argj801_sensors_msgs/msg/detail/odometer__struct.h
-- Installing: /home/rhobtor/PHD/test_j8_hayat/J8/install/argj801_sensors_msgs/include/argj801_sensors_msgs/argj801_sensors_msgs/msg/odometer.h
-- Installing: /home/rhobtor/PHD/test_j8_hayat/J8/install/argj801_sensors_msgs/share/argj801_sensors_msgs/environment/library_path.sh
-- Installing: /home/rhobtor/PHD/test_j8_hayat/J8/install/argj801_sensors_msgs/share/argj801_sensors_msgs/environment/library_path.dsv
-- Installing: /home/rhobtor/PHD/test_j8_hayat/J8/install/argj801_sensors_msgs/lib/libargj801_sensors_msgs__rosidl_generator_c.so
-- Set non-toolchain portion of runtime path of "/home/rhobtor/PHD/test_j8_hayat/J8/install/argj801_sensors_msgs/lib/libargj801_sensors_msgs__rosidl_generator_c.so" to ""
-- Up-to-date: /home/rhobtor/PHD/test_j8_hayat/J8/install/argj801_sensors_msgs/include/argj801_sensors_msgs/argj801_sensors_msgs
-- Up-to-date: /home/rhobtor/PHD/test_j8_hayat/J8/install/argj801_sensors_msgs/include/argj801_sensors_msgs/argj801_sensors_msgs/msg
-- Up-to-date: /home/rhobtor/PHD/test_j8_hayat/J8/install/argj801_sensors_msgs/include/argj801_sensors_msgs/argj801_sensors_msgs/msg/detail
-- Installing: /home/rhobtor/PHD/test_j8_hayat/J8/install/argj801_sensors_msgs/include/argj801_sensors_msgs/argj801_sensors_msgs/msg/detail/odometer__rosidl_typesupport_fastrtps_c.h
-- Installing: /home/rhobtor/PHD/test_j8_hayat/J8/install/argj801_sensors_msgs/include/argj801_sensors_msgs/argj801_sensors_msgs/msg/detail/motor_telemetry__rosidl_typesupport_fastrtps_c.h
-- Installing: /home/rhobtor/PHD/test_j8_hayat/J8/install/argj801_sensors_msgs/include/argj801_sensors_msgs/argj801_sensors_msgs/msg/rosidl_typesupport_fastrtps_c__visibility_control.h
-- Installing: /home/rhobtor/PHD/test_j8_hayat/J8/install/argj801_sensors_msgs/lib/libargj801_sensors_msgs__rosidl_typesupport_fastrtps_c.so
-- Set non-toolchain portion of runtime path of "/home/rhobtor/PHD/test_j8_hayat/J8/install/argj801_sensors_msgs/lib/libargj801_sensors_msgs__rosidl_typesupport_fastrtps_c.so" to ""
-- Up-to-date: /home/rhobtor/PHD/test_j8_hayat/J8/install/argj801_sensors_msgs/include/argj801_sensors_msgs/argj801_sensors_msgs
-- Up-to-date: /home/rhobtor/PHD/test_j8_hayat/J8/install/argj801_sensors_msgs/include/argj801_sensors_msgs/argj801_sensors_msgs/msg
-- Installing: /home/rhobtor/PHD/test_j8_hayat/J8/install/argj801_sensors_msgs/include/argj801_sensors_msgs/argj801_sensors_msgs/msg/rosidl_typesupport_introspection_c__visibility_control.h
-- Up-to-date: /home/rhobtor/PHD/test_j8_hayat/J8/install/argj801_sensors_msgs/include/argj801_sensors_msgs/argj801_sensors_msgs/msg/detail
-- Installing: /home/rhobtor/PHD/test_j8_hayat/J8/install/argj801_sensors_msgs/include/argj801_sensors_msgs/argj801_sensors_msgs/msg/detail/motor_telemetry__type_support.c
-- Installing: /home/rhobtor/PHD/test_j8_hayat/J8/install/argj801_sensors_msgs/include/argj801_sensors_msgs/argj801_sensors_msgs/msg/detail/motor_telemetry__rosidl_typesupport_introspection_c.h
-- Installing: /home/rhobtor/PHD/test_j8_hayat/J8/install/argj801_sensors_msgs/include/argj801_sensors_msgs/argj801_sensors_msgs/msg/detail/odometer__rosidl_typesupport_introspection_c.h
-- Installing: /home/rhobtor/PHD/test_j8_hayat/J8/install/argj801_sensors_msgs/include/argj801_sensors_msgs/argj801_sensors_msgs/msg/detail/odometer__type_support.c
-- Installing: /home/rhobtor/PHD/test_j8_hayat/J8/install/argj801_sensors_msgs/lib/libargj801_sensors_msgs__rosidl_typesupport_introspection_c.so
-- Set non-toolchain portion of runtime path of "/home/rhobtor/PHD/test_j8_hayat/J8/install/argj801_sensors_msgs/lib/libargj801_sensors_msgs__rosidl_typesupport_introspection_c.so" to ""
-- Installing: /home/rhobtor/PHD/test_j8_hayat/J8/install/argj801_sensors_msgs/lib/libargj801_sensors_msgs__rosidl_typesupport_c.so
-- Set non-toolchain portion of runtime path of "/home/rhobtor/PHD/test_j8_hayat/J8/install/argj801_sensors_msgs/lib/libargj801_sensors_msgs__rosidl_typesupport_c.so" to ""
-- Up-to-date: /home/rhobtor/PHD/test_j8_hayat/J8/install/argj801_sensors_msgs/include/argj801_sensors_msgs/argj801_sensors_msgs
-- Up-to-date: /home/rhobtor/PHD/test_j8_hayat/J8/install/argj801_sensors_msgs/include/argj801_sensors_msgs/argj801_sensors_msgs/msg
-- Installing: /home/rhobtor/PHD/test_j8_hayat/J8/install/argj801_sensors_msgs/include/argj801_sensors_msgs/argj801_sensors_msgs/msg/rosidl_generator_cpp__visibility_control.hpp
-- Installing: /home/rhobtor/PHD/test_j8_hayat/J8/install/argj801_sensors_msgs/include/argj801_sensors_msgs/argj801_sensors_msgs/msg/odometer.hpp
-- Up-to-date: /home/rhobtor/PHD/test_j8_hayat/J8/install/argj801_sensors_msgs/include/argj801_sensors_msgs/argj801_sensors_msgs/msg/detail
-- Installing: /home/rhobtor/PHD/test_j8_hayat/J8/install/argj801_sensors_msgs/include/argj801_sensors_msgs/argj801_sensors_msgs/msg/detail/odometer__builder.hpp
-- Installing: /home/rhobtor/PHD/test_j8_hayat/J8/install/argj801_sensors_msgs/include/argj801_sensors_msgs/argj801_sensors_msgs/msg/detail/odometer__struct.hpp
-- Installing: /home/rhobtor/PHD/test_j8_hayat/J8/install/argj801_sensors_msgs/include/argj801_sensors_msgs/argj801_sensors_msgs/msg/detail/motor_telemetry__builder.hpp
-- Installing: /home/rhobtor/PHD/test_j8_hayat/J8/install/argj801_sensors_msgs/include/argj801_sensors_msgs/argj801_sensors_msgs/msg/detail/odometer__type_support.hpp
-- Installing: /home/rhobtor/PHD/test_j8_hayat/J8/install/argj801_sensors_msgs/include/argj801_sensors_msgs/argj801_sensors_msgs/msg/detail/motor_telemetry__struct.hpp
-- Installing: /home/rhobtor/PHD/test_j8_hayat/J8/install/argj801_sensors_msgs/include/argj801_sensors_msgs/argj801_sensors_msgs/msg/detail/motor_telemetry__type_support.hpp
-- Installing: /home/rhobtor/PHD/test_j8_hayat/J8/install/argj801_sensors_msgs/include/argj801_sensors_msgs/argj801_sensors_msgs/msg/detail/motor_telemetry__traits.hpp
-- Installing: /home/rhobtor/PHD/test_j8_hayat/J8/install/argj801_sensors_msgs/include/argj801_sensors_msgs/argj801_sensors_msgs/msg/detail/odometer__traits.hpp
-- Installing: /home/rhobtor/PHD/test_j8_hayat/J8/install/argj801_sensors_msgs/include/argj801_sensors_msgs/argj801_sensors_msgs/msg/motor_telemetry.hpp
-- Up-to-date: /home/rhobtor/PHD/test_j8_hayat/J8/install/argj801_sensors_msgs/include/argj801_sensors_msgs/argj801_sensors_msgs
-- Up-to-date: /home/rhobtor/PHD/test_j8_hayat/J8/install/argj801_sensors_msgs/include/argj801_sensors_msgs/argj801_sensors_msgs/msg
-- Installing: /home/rhobtor/PHD/test_j8_hayat/J8/install/argj801_sensors_msgs/include/argj801_sensors_msgs/argj801_sensors_msgs/msg/rosidl_typesupport_fastrtps_cpp__visibility_control.h
-- Up-to-date: /home/rhobtor/PHD/test_j8_hayat/J8/install/argj801_sensors_msgs/include/argj801_sensors_msgs/argj801_sensors_msgs/msg/detail
-- Installing: /home/rhobtor/PHD/test_j8_hayat/J8/install/argj801_sensors_msgs/include/argj801_sensors_msgs/argj801_sensors_msgs/msg/detail/motor_telemetry__rosidl_typesupport_fastrtps_cpp.hpp
-- Installing: /home/rhobtor/PHD/test_j8_hayat/J8/install/argj801_sensors_msgs/include/argj801_sensors_msgs/argj801_sensors_msgs/msg/detail/dds_fastrtps
-- Installing: /home/rhobtor/PHD/test_j8_hayat/J8/install/argj801_sensors_msgs/include/argj801_sensors_msgs/argj801_sensors_msgs/msg/detail/odometer__rosidl_typesupport_fastrtps_cpp.hpp
-- Installing: /home/rhobtor/PHD/test_j8_hayat/J8/install/argj801_sensors_msgs/lib/libargj801_sensors_msgs__rosidl_typesupport_fastrtps_cpp.so
-- Set non-toolchain portion of runtime path of "/home/rhobtor/PHD/test_j8_hayat/J8/install/argj801_sensors_msgs/lib/libargj801_sensors_msgs__rosidl_typesupport_fastrtps_cpp.so" to ""
-- Up-to-date: /home/rhobtor/PHD/test_j8_hayat/J8/install/argj801_sensors_msgs/include/argj801_sensors_msgs/argj801_sensors_msgs
-- Up-to-date: /home/rhobtor/PHD/test_j8_hayat/J8/install/argj801_sensors_msgs/include/argj801_sensors_msgs/argj801_sensors_msgs/msg
-- Up-to-date: /home/rhobtor/PHD/test_j8_hayat/J8/install/argj801_sensors_msgs/include/argj801_sensors_msgs/argj801_sensors_msgs/msg/detail
-- Installing: /home/rhobtor/PHD/test_j8_hayat/J8/install/argj801_sensors_msgs/include/argj801_sensors_msgs/argj801_sensors_msgs/msg/detail/odometer__type_support.cpp
-- Installing: /home/rhobtor/PHD/test_j8_hayat/J8/install/argj801_sensors_msgs/include/argj801_sensors_msgs/argj801_sensors_msgs/msg/detail/odometer__rosidl_typesupport_introspection_cpp.hpp
-- Installing: /home/rhobtor/PHD/test_j8_hayat/J8/install/argj801_sensors_msgs/include/argj801_sensors_msgs/argj801_sensors_msgs/msg/detail/motor_telemetry__rosidl_typesupport_introspection_cpp.hpp
-- Installing: /home/rhobtor/PHD/test_j8_hayat/J8/install/argj801_sensors_msgs/include/argj801_sensors_msgs/argj801_sensors_msgs/msg/detail/motor_telemetry__type_support.cpp
-- Installing: /home/rhobtor/PHD/test_j8_hayat/J8/install/argj801_sensors_msgs/lib/libargj801_sensors_msgs__rosidl_typesupport_introspection_cpp.so
-- Set non-toolchain portion of runtime path of "/home/rhobtor/PHD/test_j8_hayat/J8/install/argj801_sensors_msgs/lib/libargj801_sensors_msgs__rosidl_typesupport_introspection_cpp.so" to ""
-- Installing: /home/rhobtor/PHD/test_j8_hayat/J8/install/argj801_sensors_msgs/lib/libargj801_sensors_msgs__rosidl_typesupport_cpp.so
-- Set non-toolchain portion of runtime path of "/home/rhobtor/PHD/test_j8_hayat/J8/install/argj801_sensors_msgs/lib/libargj801_sensors_msgs__rosidl_typesupport_cpp.so" to ""
-- Installing: /home/rhobtor/PHD/test_j8_hayat/J8/install/argj801_sensors_msgs/share/argj801_sensors_msgs/environment/pythonpath.sh
-- Installing: /home/rhobtor/PHD/test_j8_hayat/J8/install/argj801_sensors_msgs/share/argj801_sensors_msgs/environment/pythonpath.dsv
-- Installing: /home/rhobtor/PHD/test_j8_hayat/J8/install/argj801_sensors_msgs/local/lib/python3.10/dist-packages/argj801_sensors_msgs-0.0.0-py3.10.egg-info
-- Installing: /home/rhobtor/PHD/test_j8_hayat/J8/install/argj801_sensors_msgs/local/lib/python3.10/dist-packages/argj801_sensors_msgs-0.0.0-py3.10.egg-info/top_level.txt
-- Installing: /home/rhobtor/PHD/test_j8_hayat/J8/install/argj801_sensors_msgs/local/lib/python3.10/dist-packages/argj801_sensors_msgs-0.0.0-py3.10.egg-info/SOURCES.txt
-- Installing: /home/rhobtor/PHD/test_j8_hayat/J8/install/argj801_sensors_msgs/local/lib/python3.10/dist-packages/argj801_sensors_msgs-0.0.0-py3.10.egg-info/PKG-INFO
-- Installing: /home/rhobtor/PHD/test_j8_hayat/J8/install/argj801_sensors_msgs/local/lib/python3.10/dist-packages/argj801_sensors_msgs-0.0.0-py3.10.egg-info/dependency_links.txt
-- Installing: /home/rhobtor/PHD/test_j8_hayat/J8/install/argj801_sensors_msgs/local/lib/python3.10/dist-packages/argj801_sensors_msgs
-- Installing: /home/rhobtor/PHD/test_j8_hayat/J8/install/argj801_sensors_msgs/local/lib/python3.10/dist-packages/argj801_sensors_msgs/_argj801_sensors_msgs_s.ep.rosidl_typesupport_introspection_c.c
-- Installing: /home/rhobtor/PHD/test_j8_hayat/J8/install/argj801_sensors_msgs/local/lib/python3.10/dist-packages/argj801_sensors_msgs/argj801_sensors_msgs_s__rosidl_typesupport_c.cpython-310-x86_64-linux-gnu.so
-- Installing: /home/rhobtor/PHD/test_j8_hayat/J8/install/argj801_sensors_msgs/local/lib/python3.10/dist-packages/argj801_sensors_msgs/argj801_sensors_msgs_s__rosidl_typesupport_fastrtps_c.cpython-310-x86_64-linux-gnu.so
-- Installing: /home/rhobtor/PHD/test_j8_hayat/J8/install/argj801_sensors_msgs/local/lib/python3.10/dist-packages/argj801_sensors_msgs/libargj801_sensors_msgs__rosidl_generator_py.so
-- Installing: /home/rhobtor/PHD/test_j8_hayat/J8/install/argj801_sensors_msgs/local/lib/python3.10/dist-packages/argj801_sensors_msgs/__init__.py
-- Installing: /home/rhobtor/PHD/test_j8_hayat/J8/install/argj801_sensors_msgs/local/lib/python3.10/dist-packages/argj801_sensors_msgs/argj801_sensors_msgs_s__rosidl_typesupport_introspection_c.cpython-310-x86_64-linux-gnu.so
-- Installing: /home/rhobtor/PHD/test_j8_hayat/J8/install/argj801_sensors_msgs/local/lib/python3.10/dist-packages/argj801_sensors_msgs/_argj801_sensors_msgs_s.ep.rosidl_typesupport_c.c
-- Installing: /home/rhobtor/PHD/test_j8_hayat/J8/install/argj801_sensors_msgs/local/lib/python3.10/dist-packages/argj801_sensors_msgs/_argj801_sensors_msgs_s.ep.rosidl_typesupport_fastrtps_c.c
-- Installing: /home/rhobtor/PHD/test_j8_hayat/J8/install/argj801_sensors_msgs/local/lib/python3.10/dist-packages/argj801_sensors_msgs/msg
-- Installing: /home/rhobtor/PHD/test_j8_hayat/J8/install/argj801_sensors_msgs/local/lib/python3.10/dist-packages/argj801_sensors_msgs/msg/_motor_telemetry_s.c
-- Installing: /home/rhobtor/PHD/test_j8_hayat/J8/install/argj801_sensors_msgs/local/lib/python3.10/dist-packages/argj801_sensors_msgs/msg/_motor_telemetry.py
-- Installing: /home/rhobtor/PHD/test_j8_hayat/J8/install/argj801_sensors_msgs/local/lib/python3.10/dist-packages/argj801_sensors_msgs/msg/__init__.py
-- Installing: /home/rhobtor/PHD/test_j8_hayat/J8/install/argj801_sensors_msgs/local/lib/python3.10/dist-packages/argj801_sensors_msgs/msg/_odometer_s.c
-- Installing: /home/rhobtor/PHD/test_j8_hayat/J8/install/argj801_sensors_msgs/local/lib/python3.10/dist-packages/argj801_sensors_msgs/msg/_odometer.py
Listing '/home/rhobtor/PHD/test_j8_hayat/J8/install/argj801_sensors_msgs/local/lib/python3.10/dist-packages/argj801_sensors_msgs'...
Compiling '/home/rhobtor/PHD/test_j8_hayat/J8/install/argj801_sensors_msgs/local/lib/python3.10/dist-packages/argj801_sensors_msgs/__init__.py'...
Listing '/home/rhobtor/PHD/test_j8_hayat/J8/install/argj801_sensors_msgs/local/lib/python3.10/dist-packages/argj801_sensors_msgs/msg'...
Compiling '/home/rhobtor/PHD/test_j8_hayat/J8/install/argj801_sensors_msgs/local/lib/python3.10/dist-packages/argj801_sensors_msgs/msg/__init__.py'...
Compiling '/home/rhobtor/PHD/test_j8_hayat/J8/install/argj801_sensors_msgs/local/lib/python3.10/dist-packages/argj801_sensors_msgs/msg/_motor_telemetry.py'...
Compiling '/home/rhobtor/PHD/test_j8_hayat/J8/install/argj801_sensors_msgs/local/lib/python3.10/dist-packages/argj801_sensors_msgs/msg/_odometer.py'...
-- Installing: /home/rhobtor/PHD/test_j8_hayat/J8/install/argj801_sensors_msgs/local/lib/python3.10/dist-packages/argj801_sensors_msgs/argj801_sensors_msgs_s__rosidl_typesupport_fastrtps_c.cpython-310-x86_64-linux-gnu.so
-- Set non-toolchain portion of runtime path of "/home/rhobtor/PHD/test_j8_hayat/J8/install/argj801_sensors_msgs/local/lib/python3.10/dist-packages/argj801_sensors_msgs/argj801_sensors_msgs_s__rosidl_typesupport_fastrtps_c.cpython-310-x86_64-linux-gnu.so" to ""
-- Installing: /home/rhobtor/PHD/test_j8_hayat/J8/install/argj801_sensors_msgs/local/lib/python3.10/dist-packages/argj801_sensors_msgs/argj801_sensors_msgs_s__rosidl_typesupport_introspection_c.cpython-310-x86_64-linux-gnu.so
-- Set non-toolchain portion of runtime path of "/home/rhobtor/PHD/test_j8_hayat/J8/install/argj801_sensors_msgs/local/lib/python3.10/dist-packages/argj801_sensors_msgs/argj801_sensors_msgs_s__rosidl_typesupport_introspection_c.cpython-310-x86_64-linux-gnu.so" to ""
-- Installing: /home/rhobtor/PHD/test_j8_hayat/J8/install/argj801_sensors_msgs/local/lib/python3.10/dist-packages/argj801_sensors_msgs/argj801_sensors_msgs_s__rosidl_typesupport_c.cpython-310-x86_64-linux-gnu.so
-- Set non-toolchain portion of runtime path of "/home/rhobtor/PHD/test_j8_hayat/J8/install/argj801_sensors_msgs/local/lib/python3.10/dist-packages/argj801_sensors_msgs/argj801_sensors_msgs_s__rosidl_typesupport_c.cpython-310-x86_64-linux-gnu.so" to ""
-- Installing: /home/rhobtor/PHD/test_j8_hayat/J8/install/argj801_sensors_msgs/lib/libargj801_sensors_msgs__rosidl_generator_py.so
-- Set non-toolchain portion of runtime path of "/home/rhobtor/PHD/test_j8_hayat/J8/install/argj801_sensors_msgs/lib/libargj801_sensors_msgs__rosidl_generator_py.so" to ""
-- Installing: /home/rhobtor/PHD/test_j8_hayat/J8/install/argj801_sensors_msgs/share/ament_index/resource_index/rust_packages/argj801_sensors_msgs
-- Installing: /home/rhobtor/PHD/test_j8_hayat/J8/install/argj801_sensors_msgs/share/argj801_sensors_msgs/rust
-- Installing: /home/rhobtor/PHD/test_j8_hayat/J8/install/argj801_sensors_msgs/share/argj801_sensors_msgs/rust/src
-- Installing: /home/rhobtor/PHD/test_j8_hayat/J8/install/argj801_sensors_msgs/share/argj801_sensors_msgs/rust/src/lib.rs
-- Installing: /home/rhobtor/PHD/test_j8_hayat/J8/install/argj801_sensors_msgs/share/argj801_sensors_msgs/rust/src/msg.rs
-- Installing: /home/rhobtor/PHD/test_j8_hayat/J8/install/argj801_sensors_msgs/share/argj801_sensors_msgs/rust/src/msg
-- Installing: /home/rhobtor/PHD/test_j8_hayat/J8/install/argj801_sensors_msgs/share/argj801_sensors_msgs/rust/src/msg/rmw.rs
-- Installing: /home/rhobtor/PHD/test_j8_hayat/J8/install/argj801_sensors_msgs/share/argj801_sensors_msgs/rust/Cargo.toml
-- Installing: /home/rhobtor/PHD/test_j8_hayat/J8/install/argj801_sensors_msgs/share/argj801_sensors_msgs/rust/build.rs
-- Installing: /home/rhobtor/PHD/test_j8_hayat/J8/install/argj801_sensors_msgs/share/argj801_sensors_msgs/msg/MotorTelemetry.idl
-- Installing: /home/rhobtor/PHD/test_j8_hayat/J8/install/argj801_sensors_msgs/share/argj801_sensors_msgs/msg/Odometer.idl
-- Installing: /home/rhobtor/PHD/test_j8_hayat/J8/install/argj801_sensors_msgs/share/argj801_sensors_msgs/msg/MotorTelemetry.msg
-- Installing: /home/rhobtor/PHD/test_j8_hayat/J8/install/argj801_sensors_msgs/share/argj801_sensors_msgs/msg/Odometer.msg
-- Installing: /home/rhobtor/PHD/test_j8_hayat/J8/install/argj801_sensors_msgs/share/ament_index/resource_index/package_run_dependencies/argj801_sensors_msgs
-- Installing: /home/rhobtor/PHD/test_j8_hayat/J8/install/argj801_sensors_msgs/share/ament_index/resource_index/parent_prefix_path/argj801_sensors_msgs
-- Installing: /home/rhobtor/PHD/test_j8_hayat/J8/install/argj801_sensors_msgs/share/argj801_sensors_msgs/environment/ament_prefix_path.sh
-- Installing: /home/rhobtor/PHD/test_j8_hayat/J8/install/argj801_sensors_msgs/share/argj801_sensors_msgs/environment/ament_prefix_path.dsv
-- Installing: /home/rhobtor/PHD/test_j8_hayat/J8/install/argj801_sensors_msgs/share/argj801_sensors_msgs/environment/path.sh
-- Installing: /home/rhobtor/PHD/test_j8_hayat/J8/install/argj801_sensors_msgs/share/argj801_sensors_msgs/environment/path.dsv
-- Installing: /home/rhobtor/PHD/test_j8_hayat/J8/install/argj801_sensors_msgs/share/argj801_sensors_msgs/local_setup.bash
-- Installing: /home/rhobtor/PHD/test_j8_hayat/J8/install/argj801_sensors_msgs/share/argj801_sensors_msgs/local_setup.sh
-- Installing: /home/rhobtor/PHD/test_j8_hayat/J8/install/argj801_sensors_msgs/share/argj801_sensors_msgs/local_setup.zsh
-- Installing: /home/rhobtor/PHD/test_j8_hayat/J8/install/argj801_sensors_msgs/share/argj801_sensors_msgs/local_setup.dsv
-- Installing: /home/rhobtor/PHD/test_j8_hayat/J8/install/argj801_sensors_msgs/share/argj801_sensors_msgs/package.dsv
-- Installing: /home/rhobtor/PHD/test_j8_hayat/J8/install/argj801_sensors_msgs/share/ament_index/resource_index/packages/argj801_sensors_msgs
-- Installing: /home/rhobtor/PHD/test_j8_hayat/J8/install/argj801_sensors_msgs/share/argj801_sensors_msgs/cmake/export_argj801_sensors_msgs__rosidl_generator_cExport.cmake
-- Installing: /home/rhobtor/PHD/test_j8_hayat/J8/install/argj801_sensors_msgs/share/argj801_sensors_msgs/cmake/export_argj801_sensors_msgs__rosidl_generator_cExport-noconfig.cmake
-- Installing: /home/rhobtor/PHD/test_j8_hayat/J8/install/argj801_sensors_msgs/share/argj801_sensors_msgs/cmake/export_argj801_sensors_msgs__rosidl_typesupport_fastrtps_cExport.cmake
-- Installing: /home/rhobtor/PHD/test_j8_hayat/J8/install/argj801_sensors_msgs/share/argj801_sensors_msgs/cmake/export_argj801_sensors_msgs__rosidl_typesupport_fastrtps_cExport-noconfig.cmake
-- Installing: /home/rhobtor/PHD/test_j8_hayat/J8/install/argj801_sensors_msgs/share/argj801_sensors_msgs/cmake/argj801_sensors_msgs__rosidl_typesupport_introspection_cExport.cmake
-- Installing: /home/rhobtor/PHD/test_j8_hayat/J8/install/argj801_sensors_msgs/share/argj801_sensors_msgs/cmake/argj801_sensors_msgs__rosidl_typesupport_introspection_cExport-noconfig.cmake
-- Installing: /home/rhobtor/PHD/test_j8_hayat/J8/install/argj801_sensors_msgs/share/argj801_sensors_msgs/cmake/argj801_sensors_msgs__rosidl_typesupport_cExport.cmake
-- Installing: /home/rhobtor/PHD/test_j8_hayat/J8/install/argj801_sensors_msgs/share/argj801_sensors_msgs/cmake/argj801_sensors_msgs__rosidl_typesupport_cExport-noconfig.cmake
-- Installing: /home/rhobtor/PHD/test_j8_hayat/J8/install/argj801_sensors_msgs/share/argj801_sensors_msgs/cmake/export_argj801_sensors_msgs__rosidl_generator_cppExport.cmake
-- Installing: /home/rhobtor/PHD/test_j8_hayat/J8/install/argj801_sensors_msgs/share/argj801_sensors_msgs/cmake/export_argj801_sensors_msgs__rosidl_typesupport_fastrtps_cppExport.cmake
-- Installing: /home/rhobtor/PHD/test_j8_hayat/J8/install/argj801_sensors_msgs/share/argj801_sensors_msgs/cmake/export_argj801_sensors_msgs__rosidl_typesupport_fastrtps_cppExport-noconfig.cmake
-- Installing: /home/rhobtor/PHD/test_j8_hayat/J8/install/argj801_sensors_msgs/share/argj801_sensors_msgs/cmake/argj801_sensors_msgs__rosidl_typesupport_introspection_cppExport.cmake
-- Installing: /home/rhobtor/PHD/test_j8_hayat/J8/install/argj801_sensors_msgs/share/argj801_sensors_msgs/cmake/argj801_sensors_msgs__rosidl_typesupport_introspection_cppExport-noconfig.cmake
-- Installing: /home/rhobtor/PHD/test_j8_hayat/J8/install/argj801_sensors_msgs/share/argj801_sensors_msgs/cmake/argj801_sensors_msgs__rosidl_typesupport_cppExport.cmake
-- Installing: /home/rhobtor/PHD/test_j8_hayat/J8/install/argj801_sensors_msgs/share/argj801_sensors_msgs/cmake/argj801_sensors_msgs__rosidl_typesupport_cppExport-noconfig.cmake
-- Installing: /home/rhobtor/PHD/test_j8_hayat/J8/install/argj801_sensors_msgs/share/argj801_sensors_msgs/cmake/export_argj801_sensors_msgs__rosidl_generator_pyExport.cmake
-- Installing: /home/rhobtor/PHD/test_j8_hayat/J8/install/argj801_sensors_msgs/share/argj801_sensors_msgs/cmake/export_argj801_sensors_msgs__rosidl_generator_pyExport-noconfig.cmake
-- Installing: /home/rhobtor/PHD/test_j8_hayat/J8/install/argj801_sensors_msgs/share/argj801_sensors_msgs/cmake/rosidl_cmake-extras.cmake
-- Installing: /home/rhobtor/PHD/test_j8_hayat/J8/install/argj801_sensors_msgs/share/argj801_sensors_msgs/cmake/ament_cmake_export_dependencies-extras.cmake
-- Installing: /home/rhobtor/PHD/test_j8_hayat/J8/install/argj801_sensors_msgs/share/argj801_sensors_msgs/cmake/ament_cmake_export_include_directories-extras.cmake
-- Installing: /home/rhobtor/PHD/test_j8_hayat/J8/install/argj801_sensors_msgs/share/argj801_sensors_msgs/cmake/ament_cmake_export_libraries-extras.cmake
-- Installing: /home/rhobtor/PHD/test_j8_hayat/J8/install/argj801_sensors_msgs/share/argj801_sensors_msgs/cmake/ament_cmake_export_targets-extras.cmake
-- Installing: /home/rhobtor/PHD/test_j8_hayat/J8/install/argj801_sensors_msgs/share/argj801_sensors_msgs/cmake/rosidl_cmake_export_typesupport_targets-extras.cmake
-- Installing: /home/rhobtor/PHD/test_j8_hayat/J8/install/argj801_sensors_msgs/share/argj801_sensors_msgs/cmake/rosidl_cmake_export_typesupport_libraries-extras.cmake
-- Installing: /home/rhobtor/PHD/test_j8_hayat/J8/install/argj801_sensors_msgs/share/argj801_sensors_msgs/cmake/argj801_sensors_msgsConfig.cmake
-- Installing: /home/rhobtor/PHD/test_j8_hayat/J8/install/argj801_sensors_msgs/share/argj801_sensors_msgs/cmake/argj801_sensors_msgsConfig-version.cmake
-- Installing: /home/rhobtor/PHD/test_j8_hayat/J8/install/argj801_sensors_msgs/share/argj801_sensors_msgs/package.xml
