[0.079s] Invoking command in '/home/rhobtor/PHD/test_j8_hayat/J8/build/argj801_sensors_msgs': CMAKE_PREFIX_PATH=${CMAKE_PREFIX_PATH}:/home/rhobtor/PHD/ARGOJ8_IA/ARGOSJ8_IA_/install/ntrip_client:/home/rhobtor/PHD/ARGOJ8_IA/ARGOSJ8_IA_/install/j8_gui:/home/rhobtor/PHD/ARGOJ8_IA/ARGOSJ8_IA_/install/car:/home/rhobtor/PHD/ARGOJ8_IA/ARGOSJ8_IA_/install/android_ros2_server:/home/rhobtor/PHD/ARGOJ8_IA/ARGOSJ8_IA_/install/GUI_pkg:/opt/ros/humble /opt/st/stm32cubeclt_1.18.0/CMake/bin/cmake /home/rhobtor/PHD/test_j8_hayat/J8/src/argo_drivers_pkgs/argj801_sensors/argj801_sensors_msgs -DCMAKE_INSTALL_PREFIX=/home/rhobtor/PHD/test_j8_hayat/J8/install/argj801_sensors_msgs
[1.543s] -- The C compiler identification is GNU 11.4.0
[1.544s] -- The CXX compiler identification is GNU 11.4.0
[1.544s] -- Detecting C compiler ABI info
[1.544s] -- Detecting C compiler ABI info - done
[1.544s] -- Check for working C compiler: /usr/bin/cc - skipped
[1.544s] -- Detecting C compile features
[1.545s] -- Detecting C compile features - done
[1.545s] -- Detecting CXX compiler ABI info
[1.545s] -- Detecting CXX compiler ABI info - done
[1.545s] -- Check for working CXX compiler: /usr/bin/c++ - skipped
[1.545s] -- Detecting CXX compile features
[1.545s] -- Detecting CXX compile features - done
[1.545s] -- Found ament_cmake: 1.3.14 (/opt/ros/humble/share/ament_cmake/cmake)
[1.546s] -- Found Python3: /usr/bin/python3 (found version "3.10.12") found components: Interpreter 
[1.555s] -- Found rosidl_default_runtime: 1.2.1 (/opt/ros/humble/share/rosidl_default_runtime/cmake)
[1.701s] -- Using all available rosidl_typesupport_c: rosidl_typesupport_fastrtps_c;rosidl_typesupport_introspection_c
[1.745s] -- Found rosidl_adapter: 3.1.8 (/opt/ros/humble/share/rosidl_adapter/cmake)
[1.854s] -- Using all available rosidl_typesupport_cpp: rosidl_typesupport_fastrtps_cpp;rosidl_typesupport_introspection_cpp
[1.945s] -- Found rosidl_default_generators: 1.2.1 (/opt/ros/humble/share/rosidl_default_generators/cmake)
[2.021s] -- Found std_msgs: 4.9.1 (/opt/ros/humble/share/std_msgs/cmake)
[3.865s] -- Found ament_cmake_ros: 0.10.0 (/opt/ros/humble/share/ament_cmake_ros/cmake)
[5.740s] -- Using all available rosidl_typesupport_c: rosidl_typesupport_fastrtps_c;rosidl_typesupport_introspection_c
[7.642s] -- Using all available rosidl_typesupport_cpp: rosidl_typesupport_fastrtps_cpp;rosidl_typesupport_introspection_cpp
[7.646s] [33mCMake Warning (dev) at /opt/ros/humble/share/rosidl_generator_py/cmake/rosidl_generator_py_generate_interfaces.cmake:20 (find_package):
[7.646s]   Policy CMP0148 is not set: The FindPythonInterp and FindPythonLibs modules
[7.646s]   are removed.  Run "cmake --help-policy CMP0148" for policy details.  Use
[7.646s]   the cmake_policy command to set the policy and suppress this warning.
[7.647s] 
[7.647s] Call Stack (most recent call first):
[7.647s]   /opt/ros/humble/share/ament_cmake_core/cmake/core/ament_execute_extensions.cmake:48 (include)
[7.647s]   /opt/ros/humble/share/rosidl_cmake/cmake/rosidl_generate_interfaces.cmake:286 (ament_execute_extensions)
[7.647s]   CMakeLists.txt:19 (rosidl_generate_interfaces)
[7.647s] This warning is for project developers.  Use -Wno-dev to suppress it.
[7.647s] [0m
[7.715s] -- Found PythonInterp: /usr/bin/python3 (found suitable version "3.10.12", minimum required is "3.6") 
[7.730s] -- Found python_cmake_module: 0.10.0 (/opt/ros/humble/share/python_cmake_module/cmake)
[7.732s] [33mCMake Warning (dev) at /opt/ros/humble/share/python_cmake_module/cmake/Modules/FindPythonExtra.cmake:52 (find_package):
[7.732s]   Policy CMP0148 is not set: The FindPythonInterp and FindPythonLibs modules
[7.732s]   are removed.  Run "cmake --help-policy CMP0148" for policy details.  Use
[7.732s]   the cmake_policy command to set the policy and suppress this warning.
[7.732s] 
[7.732s] Call Stack (most recent call first):
[7.733s]   /opt/ros/humble/share/rosidl_generator_py/cmake/rosidl_generator_py_generate_interfaces.cmake:23 (find_package)
[7.733s]   /opt/ros/humble/share/ament_cmake_core/cmake/core/ament_execute_extensions.cmake:48 (include)
[7.733s]   /opt/ros/humble/share/rosidl_cmake/cmake/rosidl_generate_interfaces.cmake:286 (ament_execute_extensions)
[7.733s]   CMakeLists.txt:19 (rosidl_generate_interfaces)
[7.733s] This warning is for project developers.  Use -Wno-dev to suppress it.
[7.733s] [0m
[7.803s] [33mCMake Warning (dev) at /opt/ros/humble/share/python_cmake_module/cmake/Modules/FindPythonExtra.cmake:140 (find_package):
[7.803s]   Policy CMP0148 is not set: The FindPythonInterp and FindPythonLibs modules
[7.803s]   are removed.  Run "cmake --help-policy CMP0148" for policy details.  Use
[7.803s]   the cmake_policy command to set the policy and suppress this warning.
[7.803s] 
[7.804s] Call Stack (most recent call first):
[7.804s]   /opt/ros/humble/share/rosidl_generator_py/cmake/rosidl_generator_py_generate_interfaces.cmake:23 (find_package)
[7.804s]   /opt/ros/humble/share/ament_cmake_core/cmake/core/ament_execute_extensions.cmake:48 (include)
[7.804s]   /opt/ros/humble/share/rosidl_cmake/cmake/rosidl_generate_interfaces.cmake:286 (ament_execute_extensions)
[7.805s]   CMakeLists.txt:19 (rosidl_generate_interfaces)
[7.805s] This warning is for project developers.  Use -Wno-dev to suppress it.
[7.805s] [0m
[7.829s] -- Found PythonLibs: /usr/lib/x86_64-linux-gnu/libpython3.10.so (found suitable version "3.10.12", minimum required is "3.5") 
[7.830s] -- Using PYTHON_EXECUTABLE: /usr/bin/python3
[7.830s] -- Using PYTHON_INCLUDE_DIRS: /usr/include/python3.10
[7.830s] -- Using PYTHON_LIBRARIES: /usr/lib/x86_64-linux-gnu/libpython3.10.so
[7.941s] -- Found PythonExtra: .so  
[8.781s] -- Configuring done (8.7s)
[8.916s] -- Generating done (0.1s)
[8.957s] -- Build files have been written to: /home/rhobtor/PHD/test_j8_hayat/J8/build/argj801_sensors_msgs
[9.006s] Invoked command in '/home/rhobtor/PHD/test_j8_hayat/J8/build/argj801_sensors_msgs' returned '0': CMAKE_PREFIX_PATH=${CMAKE_PREFIX_PATH}:/home/rhobtor/PHD/ARGOJ8_IA/ARGOSJ8_IA_/install/ntrip_client:/home/rhobtor/PHD/ARGOJ8_IA/ARGOSJ8_IA_/install/j8_gui:/home/rhobtor/PHD/ARGOJ8_IA/ARGOSJ8_IA_/install/car:/home/rhobtor/PHD/ARGOJ8_IA/ARGOSJ8_IA_/install/android_ros2_server:/home/rhobtor/PHD/ARGOJ8_IA/ARGOSJ8_IA_/install/GUI_pkg:/opt/ros/humble /opt/st/stm32cubeclt_1.18.0/CMake/bin/cmake /home/rhobtor/PHD/test_j8_hayat/J8/src/argo_drivers_pkgs/argj801_sensors/argj801_sensors_msgs -DCMAKE_INSTALL_PREFIX=/home/rhobtor/PHD/test_j8_hayat/J8/install/argj801_sensors_msgs
[9.019s] Invoking command in '/home/rhobtor/PHD/test_j8_hayat/J8/build/argj801_sensors_msgs': CMAKE_PREFIX_PATH=${CMAKE_PREFIX_PATH}:/home/rhobtor/PHD/ARGOJ8_IA/ARGOSJ8_IA_/install/ntrip_client:/home/rhobtor/PHD/ARGOJ8_IA/ARGOSJ8_IA_/install/j8_gui:/home/rhobtor/PHD/ARGOJ8_IA/ARGOSJ8_IA_/install/car:/home/rhobtor/PHD/ARGOJ8_IA/ARGOSJ8_IA_/install/android_ros2_server:/home/rhobtor/PHD/ARGOJ8_IA/ARGOSJ8_IA_/install/GUI_pkg:/opt/ros/humble /opt/st/stm32cubeclt_1.18.0/CMake/bin/cmake --build /home/rhobtor/PHD/test_j8_hayat/J8/build/argj801_sensors_msgs -- -j16 -l16
[10.856s] [  2%] [34m[1mGenerating C code for ROS interfaces[0m
[10.857s] [  5%] [34m[1mGenerating C++ code for ROS interfaces[0m
[10.857s] [  5%] Built target ament_cmake_python_copy_argj801_sensors_msgs
[10.857s] [  7%] [34m[1mGenerating Rust code for ROS interfaces[0m
[10.857s] [  7%] Built target argj801_sensors_msgs__rs
[10.858s] [ 12%] [32mBuilding C object CMakeFiles/argj801_sensors_msgs__rosidl_generator_c.dir/rosidl_generator_c/argj801_sensors_msgs/msg/detail/motor_telemetry__functions.c.o[0m
[10.858s] [ 12%] [32mBuilding C object CMakeFiles/argj801_sensors_msgs__rosidl_generator_c.dir/rosidl_generator_c/argj801_sensors_msgs/msg/detail/odometer__functions.c.o[0m
[10.858s] running egg_info
[10.909s] creating argj801_sensors_msgs.egg-info
[10.910s] writing argj801_sensors_msgs.egg-info/PKG-INFO
[10.911s] writing dependency_links to argj801_sensors_msgs.egg-info/dependency_links.txt
[10.912s] writing top-level names to argj801_sensors_msgs.egg-info/top_level.txt
[10.915s] writing manifest file 'argj801_sensors_msgs.egg-info/SOURCES.txt'
[11.142s] [ 15%] [32m[1mLinking C shared library libargj801_sensors_msgs__rosidl_generator_c.so[0m
[11.162s] reading manifest file 'argj801_sensors_msgs.egg-info/SOURCES.txt'
[11.165s] writing manifest file 'argj801_sensors_msgs.egg-info/SOURCES.txt'
[11.267s] [ 15%] Built target ament_cmake_python_build_argj801_sensors_msgs_egg
[11.304s] [ 15%] Built target argj801_sensors_msgs__rosidl_generator_c
[11.343s] [ 17%] [34m[1mGenerating C type support dispatch for ROS interfaces[0m
[11.347s] [ 20%] [34m[1mGenerating C type support for eProsima Fast-RTPS[0m
[11.349s] [ 22%] [34m[1mGenerating C introspection for ROS interfaces[0m
[11.958s] [ 22%] Built target argj801_sensors_msgs__cpp
[11.989s] [ 25%] [34m[1mGenerating C++ type support dispatch for ROS interfaces[0m
[12.011s] [ 27%] [34m[1mGenerating C++ type support for eProsima Fast-RTPS[0m
[12.025s] [ 30%] [34m[1mGenerating C++ introspection for ROS interfaces[0m
[13.897s] [ 32%] [32mBuilding CXX object CMakeFiles/argj801_sensors_msgs__rosidl_typesupport_c.dir/rosidl_typesupport_c/argj801_sensors_msgs/msg/motor_telemetry__type_support.cpp.o[0m
[13.911s] [ 35%] [32mBuilding CXX object CMakeFiles/argj801_sensors_msgs__rosidl_typesupport_c.dir/rosidl_typesupport_c/argj801_sensors_msgs/msg/odometer__type_support.cpp.o[0m
[14.197s] [ 37%] [32m[1mLinking CXX shared library libargj801_sensors_msgs__rosidl_typesupport_c.so[0m
[14.566s] [ 37%] Built target argj801_sensors_msgs__rosidl_typesupport_c
[14.622s] [ 40%] [32mBuilding C object CMakeFiles/argj801_sensors_msgs__rosidl_typesupport_introspection_c.dir/rosidl_typesupport_introspection_c/argj801_sensors_msgs/msg/detail/motor_telemetry__type_support.c.o[0m
[14.648s] [ 42%] [32mBuilding C object CMakeFiles/argj801_sensors_msgs__rosidl_typesupport_introspection_c.dir/rosidl_typesupport_introspection_c/argj801_sensors_msgs/msg/detail/odometer__type_support.c.o[0m
[14.850s] [ 45%] [32mBuilding CXX object CMakeFiles/argj801_sensors_msgs__rosidl_typesupport_cpp.dir/rosidl_typesupport_cpp/argj801_sensors_msgs/msg/motor_telemetry__type_support.cpp.o[0m
[14.858s] [ 47%] [32mBuilding CXX object CMakeFiles/argj801_sensors_msgs__rosidl_typesupport_cpp.dir/rosidl_typesupport_cpp/argj801_sensors_msgs/msg/odometer__type_support.cpp.o[0m
[15.021s] [ 50%] [32mBuilding CXX object CMakeFiles/argj801_sensors_msgs__rosidl_typesupport_introspection_cpp.dir/rosidl_typesupport_introspection_cpp/argj801_sensors_msgs/msg/detail/motor_telemetry__type_support.cpp.o[0m
[15.028s] [ 52%] [32mBuilding CXX object CMakeFiles/argj801_sensors_msgs__rosidl_typesupport_introspection_cpp.dir/rosidl_typesupport_introspection_cpp/argj801_sensors_msgs/msg/detail/odometer__type_support.cpp.o[0m
[15.040s] [ 55%] [32m[1mLinking C shared library libargj801_sensors_msgs__rosidl_typesupport_introspection_c.so[0m
[15.051s] [ 57%] [32mBuilding CXX object CMakeFiles/argj801_sensors_msgs__rosidl_typesupport_fastrtps_cpp.dir/rosidl_typesupport_fastrtps_cpp/argj801_sensors_msgs/msg/detail/dds_fastrtps/motor_telemetry__type_support.cpp.o[0m
[15.063s] [ 60%] [32mBuilding CXX object CMakeFiles/argj801_sensors_msgs__rosidl_typesupport_fastrtps_cpp.dir/rosidl_typesupport_fastrtps_cpp/argj801_sensors_msgs/msg/detail/dds_fastrtps/odometer__type_support.cpp.o[0m
[15.153s] [ 62%] [32mBuilding CXX object CMakeFiles/argj801_sensors_msgs__rosidl_typesupport_fastrtps_c.dir/rosidl_typesupport_fastrtps_c/argj801_sensors_msgs/msg/detail/odometer__type_support_c.cpp.o[0m
[15.155s] [ 65%] [32mBuilding CXX object CMakeFiles/argj801_sensors_msgs__rosidl_typesupport_fastrtps_c.dir/rosidl_typesupport_fastrtps_c/argj801_sensors_msgs/msg/detail/motor_telemetry__type_support_c.cpp.o[0m
[15.332s] [ 65%] Built target argj801_sensors_msgs__rosidl_typesupport_introspection_c
[18.205s] [ 67%] [32m[1mLinking CXX shared library libargj801_sensors_msgs__rosidl_typesupport_cpp.so[0m
[18.373s] [ 67%] Built target argj801_sensors_msgs__rosidl_typesupport_cpp
[19.494s] [ 70%] [32m[1mLinking CXX shared library libargj801_sensors_msgs__rosidl_typesupport_fastrtps_cpp.so[0m
[20.050s] [ 70%] Built target argj801_sensors_msgs__rosidl_typesupport_fastrtps_cpp
[20.256s] [ 72%] [32m[1mLinking CXX shared library libargj801_sensors_msgs__rosidl_typesupport_fastrtps_c.so[0m
[20.361s] [ 75%] [32m[1mLinking CXX shared library libargj801_sensors_msgs__rosidl_typesupport_introspection_cpp.so[0m
[20.475s] [ 75%] Built target argj801_sensors_msgs__rosidl_typesupport_fastrtps_c
[20.714s] [ 75%] Built target argj801_sensors_msgs__rosidl_typesupport_introspection_cpp
[20.783s] [ 75%] Built target argj801_sensors_msgs
[20.868s] [ 77%] [34m[1mGenerating Python code for ROS interfaces[0m
[24.426s] [ 77%] Built target argj801_sensors_msgs__py
[24.524s] [ 80%] [32mBuilding C object CMakeFiles/argj801_sensors_msgs__rosidl_generator_py.dir/rosidl_generator_py/argj801_sensors_msgs/msg/_motor_telemetry_s.c.o[0m
[24.538s] [ 82%] [32mBuilding C object CMakeFiles/argj801_sensors_msgs__rosidl_generator_py.dir/rosidl_generator_py/argj801_sensors_msgs/msg/_odometer_s.c.o[0m
[25.685s] [ 85%] [32m[1mLinking C shared library rosidl_generator_py/argj801_sensors_msgs/libargj801_sensors_msgs__rosidl_generator_py.so[0m
[25.943s] [ 85%] Built target argj801_sensors_msgs__rosidl_generator_py
[26.019s] [ 87%] [32mBuilding C object CMakeFiles/argj801_sensors_msgs__rosidl_typesupport_fastrtps_c__pyext.dir/rosidl_generator_py/argj801_sensors_msgs/_argj801_sensors_msgs_s.ep.rosidl_typesupport_fastrtps_c.c.o[0m
[26.020s] [ 90%] [32mBuilding C object CMakeFiles/argj801_sensors_msgs__rosidl_typesupport_introspection_c__pyext.dir/rosidl_generator_py/argj801_sensors_msgs/_argj801_sensors_msgs_s.ep.rosidl_typesupport_introspection_c.c.o[0m
[26.027s] [ 92%] [32mBuilding C object CMakeFiles/argj801_sensors_msgs__rosidl_typesupport_c__pyext.dir/rosidl_generator_py/argj801_sensors_msgs/_argj801_sensors_msgs_s.ep.rosidl_typesupport_c.c.o[0m
[26.753s] [ 95%] [32m[1mLinking C shared library rosidl_generator_py/argj801_sensors_msgs/argj801_sensors_msgs_s__rosidl_typesupport_c.cpython-310-x86_64-linux-gnu.so[0m
[26.864s] [ 97%] [32m[1mLinking C shared library rosidl_generator_py/argj801_sensors_msgs/argj801_sensors_msgs_s__rosidl_typesupport_introspection_c.cpython-310-x86_64-linux-gnu.so[0m
[26.893s] [ 97%] Built target argj801_sensors_msgs__rosidl_typesupport_c__pyext
[26.949s] [100%] [32m[1mLinking C shared library rosidl_generator_py/argj801_sensors_msgs/argj801_sensors_msgs_s__rosidl_typesupport_fastrtps_c.cpython-310-x86_64-linux-gnu.so[0m
[27.033s] [100%] Built target argj801_sensors_msgs__rosidl_typesupport_introspection_c__pyext
[27.209s] [100%] Built target argj801_sensors_msgs__rosidl_typesupport_fastrtps_c__pyext
[27.253s] Invoked command in '/home/rhobtor/PHD/test_j8_hayat/J8/build/argj801_sensors_msgs' returned '0': CMAKE_PREFIX_PATH=${CMAKE_PREFIX_PATH}:/home/rhobtor/PHD/ARGOJ8_IA/ARGOSJ8_IA_/install/ntrip_client:/home/rhobtor/PHD/ARGOJ8_IA/ARGOSJ8_IA_/install/j8_gui:/home/rhobtor/PHD/ARGOJ8_IA/ARGOSJ8_IA_/install/car:/home/rhobtor/PHD/ARGOJ8_IA/ARGOSJ8_IA_/install/android_ros2_server:/home/rhobtor/PHD/ARGOJ8_IA/ARGOSJ8_IA_/install/GUI_pkg:/opt/ros/humble /opt/st/stm32cubeclt_1.18.0/CMake/bin/cmake --build /home/rhobtor/PHD/test_j8_hayat/J8/build/argj801_sensors_msgs -- -j16 -l16
[27.263s] Invoking command in '/home/rhobtor/PHD/test_j8_hayat/J8/build/argj801_sensors_msgs': CMAKE_PREFIX_PATH=${CMAKE_PREFIX_PATH}:/home/rhobtor/PHD/ARGOJ8_IA/ARGOSJ8_IA_/install/ntrip_client:/home/rhobtor/PHD/ARGOJ8_IA/ARGOSJ8_IA_/install/j8_gui:/home/rhobtor/PHD/ARGOJ8_IA/ARGOSJ8_IA_/install/car:/home/rhobtor/PHD/ARGOJ8_IA/ARGOSJ8_IA_/install/android_ros2_server:/home/rhobtor/PHD/ARGOJ8_IA/ARGOSJ8_IA_/install/GUI_pkg:/opt/ros/humble /opt/st/stm32cubeclt_1.18.0/CMake/bin/cmake --install /home/rhobtor/PHD/test_j8_hayat/J8/build/argj801_sensors_msgs
[40.103s] -- Install configuration: ""
[40.103s] -- Installing: /home/rhobtor/PHD/test_j8_hayat/J8/install/argj801_sensors_msgs/share/ament_index/resource_index/rosidl_interfaces/argj801_sensors_msgs
[40.103s] -- Installing: /home/rhobtor/PHD/test_j8_hayat/J8/install/argj801_sensors_msgs/include/argj801_sensors_msgs/argj801_sensors_msgs
[40.113s] -- Installing: /home/rhobtor/PHD/test_j8_hayat/J8/install/argj801_sensors_msgs/include/argj801_sensors_msgs/argj801_sensors_msgs/msg
[40.114s] -- Installing: /home/rhobtor/PHD/test_j8_hayat/J8/install/argj801_sensors_msgs/include/argj801_sensors_msgs/argj801_sensors_msgs/msg/motor_telemetry.h
[40.114s] -- Installing: /home/rhobtor/PHD/test_j8_hayat/J8/install/argj801_sensors_msgs/include/argj801_sensors_msgs/argj801_sensors_msgs/msg/rosidl_generator_c__visibility_control.h
[40.114s] -- Installing: /home/rhobtor/PHD/test_j8_hayat/J8/install/argj801_sensors_msgs/include/argj801_sensors_msgs/argj801_sensors_msgs/msg/detail
[40.114s] -- Installing: /home/rhobtor/PHD/test_j8_hayat/J8/install/argj801_sensors_msgs/include/argj801_sensors_msgs/argj801_sensors_msgs/msg/detail/odometer__functions.c
[40.114s] -- Installing: /home/rhobtor/PHD/test_j8_hayat/J8/install/argj801_sensors_msgs/include/argj801_sensors_msgs/argj801_sensors_msgs/msg/detail/motor_telemetry__struct.h
[40.114s] -- Installing: /home/rhobtor/PHD/test_j8_hayat/J8/install/argj801_sensors_msgs/include/argj801_sensors_msgs/argj801_sensors_msgs/msg/detail/motor_telemetry__functions.c
[40.114s] -- Installing: /home/rhobtor/PHD/test_j8_hayat/J8/install/argj801_sensors_msgs/include/argj801_sensors_msgs/argj801_sensors_msgs/msg/detail/motor_telemetry__type_support.h
[40.115s] -- Installing: /home/rhobtor/PHD/test_j8_hayat/J8/install/argj801_sensors_msgs/include/argj801_sensors_msgs/argj801_sensors_msgs/msg/detail/odometer__type_support.h
[40.115s] -- Installing: /home/rhobtor/PHD/test_j8_hayat/J8/install/argj801_sensors_msgs/include/argj801_sensors_msgs/argj801_sensors_msgs/msg/detail/odometer__functions.h
[40.115s] -- Installing: /home/rhobtor/PHD/test_j8_hayat/J8/install/argj801_sensors_msgs/include/argj801_sensors_msgs/argj801_sensors_msgs/msg/detail/motor_telemetry__functions.h
[40.115s] -- Installing: /home/rhobtor/PHD/test_j8_hayat/J8/install/argj801_sensors_msgs/include/argj801_sensors_msgs/argj801_sensors_msgs/msg/detail/odometer__struct.h
[40.115s] -- Installing: /home/rhobtor/PHD/test_j8_hayat/J8/install/argj801_sensors_msgs/include/argj801_sensors_msgs/argj801_sensors_msgs/msg/odometer.h
[40.116s] -- Installing: /home/rhobtor/PHD/test_j8_hayat/J8/install/argj801_sensors_msgs/share/argj801_sensors_msgs/environment/library_path.sh
[40.116s] -- Installing: /home/rhobtor/PHD/test_j8_hayat/J8/install/argj801_sensors_msgs/share/argj801_sensors_msgs/environment/library_path.dsv
[40.116s] -- Installing: /home/rhobtor/PHD/test_j8_hayat/J8/install/argj801_sensors_msgs/lib/libargj801_sensors_msgs__rosidl_generator_c.so
[40.116s] -- Set non-toolchain portion of runtime path of "/home/rhobtor/PHD/test_j8_hayat/J8/install/argj801_sensors_msgs/lib/libargj801_sensors_msgs__rosidl_generator_c.so" to ""
[40.116s] -- Up-to-date: /home/rhobtor/PHD/test_j8_hayat/J8/install/argj801_sensors_msgs/include/argj801_sensors_msgs/argj801_sensors_msgs
[40.117s] -- Up-to-date: /home/rhobtor/PHD/test_j8_hayat/J8/install/argj801_sensors_msgs/include/argj801_sensors_msgs/argj801_sensors_msgs/msg
[40.117s] -- Up-to-date: /home/rhobtor/PHD/test_j8_hayat/J8/install/argj801_sensors_msgs/include/argj801_sensors_msgs/argj801_sensors_msgs/msg/detail
[40.121s] -- Installing: /home/rhobtor/PHD/test_j8_hayat/J8/install/argj801_sensors_msgs/include/argj801_sensors_msgs/argj801_sensors_msgs/msg/detail/odometer__rosidl_typesupport_fastrtps_c.h
[40.121s] -- Installing: /home/rhobtor/PHD/test_j8_hayat/J8/install/argj801_sensors_msgs/include/argj801_sensors_msgs/argj801_sensors_msgs/msg/detail/motor_telemetry__rosidl_typesupport_fastrtps_c.h
[40.121s] -- Installing: /home/rhobtor/PHD/test_j8_hayat/J8/install/argj801_sensors_msgs/include/argj801_sensors_msgs/argj801_sensors_msgs/msg/rosidl_typesupport_fastrtps_c__visibility_control.h
[40.121s] -- Installing: /home/rhobtor/PHD/test_j8_hayat/J8/install/argj801_sensors_msgs/lib/libargj801_sensors_msgs__rosidl_typesupport_fastrtps_c.so
[40.121s] -- Set non-toolchain portion of runtime path of "/home/rhobtor/PHD/test_j8_hayat/J8/install/argj801_sensors_msgs/lib/libargj801_sensors_msgs__rosidl_typesupport_fastrtps_c.so" to ""
[40.122s] -- Up-to-date: /home/rhobtor/PHD/test_j8_hayat/J8/install/argj801_sensors_msgs/include/argj801_sensors_msgs/argj801_sensors_msgs
[40.122s] -- Up-to-date: /home/rhobtor/PHD/test_j8_hayat/J8/install/argj801_sensors_msgs/include/argj801_sensors_msgs/argj801_sensors_msgs/msg
[40.123s] -- Installing: /home/rhobtor/PHD/test_j8_hayat/J8/install/argj801_sensors_msgs/include/argj801_sensors_msgs/argj801_sensors_msgs/msg/rosidl_typesupport_introspection_c__visibility_control.h
[40.123s] -- Up-to-date: /home/rhobtor/PHD/test_j8_hayat/J8/install/argj801_sensors_msgs/include/argj801_sensors_msgs/argj801_sensors_msgs/msg/detail
[40.123s] -- Installing: /home/rhobtor/PHD/test_j8_hayat/J8/install/argj801_sensors_msgs/include/argj801_sensors_msgs/argj801_sensors_msgs/msg/detail/motor_telemetry__type_support.c
[40.124s] -- Installing: /home/rhobtor/PHD/test_j8_hayat/J8/install/argj801_sensors_msgs/include/argj801_sensors_msgs/argj801_sensors_msgs/msg/detail/motor_telemetry__rosidl_typesupport_introspection_c.h
[40.124s] -- Installing: /home/rhobtor/PHD/test_j8_hayat/J8/install/argj801_sensors_msgs/include/argj801_sensors_msgs/argj801_sensors_msgs/msg/detail/odometer__rosidl_typesupport_introspection_c.h
[40.125s] -- Installing: /home/rhobtor/PHD/test_j8_hayat/J8/install/argj801_sensors_msgs/include/argj801_sensors_msgs/argj801_sensors_msgs/msg/detail/odometer__type_support.c
[40.127s] -- Installing: /home/rhobtor/PHD/test_j8_hayat/J8/install/argj801_sensors_msgs/lib/libargj801_sensors_msgs__rosidl_typesupport_introspection_c.so
[40.127s] -- Set non-toolchain portion of runtime path of "/home/rhobtor/PHD/test_j8_hayat/J8/install/argj801_sensors_msgs/lib/libargj801_sensors_msgs__rosidl_typesupport_introspection_c.so" to ""
[40.127s] -- Installing: /home/rhobtor/PHD/test_j8_hayat/J8/install/argj801_sensors_msgs/lib/libargj801_sensors_msgs__rosidl_typesupport_c.so
[40.128s] -- Set non-toolchain portion of runtime path of "/home/rhobtor/PHD/test_j8_hayat/J8/install/argj801_sensors_msgs/lib/libargj801_sensors_msgs__rosidl_typesupport_c.so" to ""
[40.128s] -- Up-to-date: /home/rhobtor/PHD/test_j8_hayat/J8/install/argj801_sensors_msgs/include/argj801_sensors_msgs/argj801_sensors_msgs
[40.128s] -- Up-to-date: /home/rhobtor/PHD/test_j8_hayat/J8/install/argj801_sensors_msgs/include/argj801_sensors_msgs/argj801_sensors_msgs/msg
[40.128s] -- Installing: /home/rhobtor/PHD/test_j8_hayat/J8/install/argj801_sensors_msgs/include/argj801_sensors_msgs/argj801_sensors_msgs/msg/rosidl_generator_cpp__visibility_control.hpp
[40.128s] -- Installing: /home/rhobtor/PHD/test_j8_hayat/J8/install/argj801_sensors_msgs/include/argj801_sensors_msgs/argj801_sensors_msgs/msg/odometer.hpp
[40.128s] -- Up-to-date: /home/rhobtor/PHD/test_j8_hayat/J8/install/argj801_sensors_msgs/include/argj801_sensors_msgs/argj801_sensors_msgs/msg/detail
[40.128s] -- Installing: /home/rhobtor/PHD/test_j8_hayat/J8/install/argj801_sensors_msgs/include/argj801_sensors_msgs/argj801_sensors_msgs/msg/detail/odometer__builder.hpp
[40.129s] -- Installing: /home/rhobtor/PHD/test_j8_hayat/J8/install/argj801_sensors_msgs/include/argj801_sensors_msgs/argj801_sensors_msgs/msg/detail/odometer__struct.hpp
[40.129s] -- Installing: /home/rhobtor/PHD/test_j8_hayat/J8/install/argj801_sensors_msgs/include/argj801_sensors_msgs/argj801_sensors_msgs/msg/detail/motor_telemetry__builder.hpp
[40.130s] -- Installing: /home/rhobtor/PHD/test_j8_hayat/J8/install/argj801_sensors_msgs/include/argj801_sensors_msgs/argj801_sensors_msgs/msg/detail/odometer__type_support.hpp
[40.131s] -- Installing: /home/rhobtor/PHD/test_j8_hayat/J8/install/argj801_sensors_msgs/include/argj801_sensors_msgs/argj801_sensors_msgs/msg/detail/motor_telemetry__struct.hpp
[40.131s] -- Installing: /home/rhobtor/PHD/test_j8_hayat/J8/install/argj801_sensors_msgs/include/argj801_sensors_msgs/argj801_sensors_msgs/msg/detail/motor_telemetry__type_support.hpp
[40.131s] -- Installing: /home/rhobtor/PHD/test_j8_hayat/J8/install/argj801_sensors_msgs/include/argj801_sensors_msgs/argj801_sensors_msgs/msg/detail/motor_telemetry__traits.hpp
[40.131s] -- Installing: /home/rhobtor/PHD/test_j8_hayat/J8/install/argj801_sensors_msgs/include/argj801_sensors_msgs/argj801_sensors_msgs/msg/detail/odometer__traits.hpp
[40.131s] -- Installing: /home/rhobtor/PHD/test_j8_hayat/J8/install/argj801_sensors_msgs/include/argj801_sensors_msgs/argj801_sensors_msgs/msg/motor_telemetry.hpp
[40.131s] -- Up-to-date: /home/rhobtor/PHD/test_j8_hayat/J8/install/argj801_sensors_msgs/include/argj801_sensors_msgs/argj801_sensors_msgs
[40.132s] -- Up-to-date: /home/rhobtor/PHD/test_j8_hayat/J8/install/argj801_sensors_msgs/include/argj801_sensors_msgs/argj801_sensors_msgs/msg
[40.132s] -- Installing: /home/rhobtor/PHD/test_j8_hayat/J8/install/argj801_sensors_msgs/include/argj801_sensors_msgs/argj801_sensors_msgs/msg/rosidl_typesupport_fastrtps_cpp__visibility_control.h
[40.132s] -- Up-to-date: /home/rhobtor/PHD/test_j8_hayat/J8/install/argj801_sensors_msgs/include/argj801_sensors_msgs/argj801_sensors_msgs/msg/detail
[40.132s] -- Installing: /home/rhobtor/PHD/test_j8_hayat/J8/install/argj801_sensors_msgs/include/argj801_sensors_msgs/argj801_sensors_msgs/msg/detail/motor_telemetry__rosidl_typesupport_fastrtps_cpp.hpp
[40.132s] -- Installing: /home/rhobtor/PHD/test_j8_hayat/J8/install/argj801_sensors_msgs/include/argj801_sensors_msgs/argj801_sensors_msgs/msg/detail/dds_fastrtps
[40.132s] -- Installing: /home/rhobtor/PHD/test_j8_hayat/J8/install/argj801_sensors_msgs/include/argj801_sensors_msgs/argj801_sensors_msgs/msg/detail/odometer__rosidl_typesupport_fastrtps_cpp.hpp
[40.133s] -- Installing: /home/rhobtor/PHD/test_j8_hayat/J8/install/argj801_sensors_msgs/lib/libargj801_sensors_msgs__rosidl_typesupport_fastrtps_cpp.so
[40.133s] -- Set non-toolchain portion of runtime path of "/home/rhobtor/PHD/test_j8_hayat/J8/install/argj801_sensors_msgs/lib/libargj801_sensors_msgs__rosidl_typesupport_fastrtps_cpp.so" to ""
[40.133s] -- Up-to-date: /home/rhobtor/PHD/test_j8_hayat/J8/install/argj801_sensors_msgs/include/argj801_sensors_msgs/argj801_sensors_msgs
[40.133s] -- Up-to-date: /home/rhobtor/PHD/test_j8_hayat/J8/install/argj801_sensors_msgs/include/argj801_sensors_msgs/argj801_sensors_msgs/msg
[40.133s] -- Up-to-date: /home/rhobtor/PHD/test_j8_hayat/J8/install/argj801_sensors_msgs/include/argj801_sensors_msgs/argj801_sensors_msgs/msg/detail
[40.133s] -- Installing: /home/rhobtor/PHD/test_j8_hayat/J8/install/argj801_sensors_msgs/include/argj801_sensors_msgs/argj801_sensors_msgs/msg/detail/odometer__type_support.cpp
[40.133s] -- Installing: /home/rhobtor/PHD/test_j8_hayat/J8/install/argj801_sensors_msgs/include/argj801_sensors_msgs/argj801_sensors_msgs/msg/detail/odometer__rosidl_typesupport_introspection_cpp.hpp
[40.134s] -- Installing: /home/rhobtor/PHD/test_j8_hayat/J8/install/argj801_sensors_msgs/include/argj801_sensors_msgs/argj801_sensors_msgs/msg/detail/motor_telemetry__rosidl_typesupport_introspection_cpp.hpp
[40.134s] -- Installing: /home/rhobtor/PHD/test_j8_hayat/J8/install/argj801_sensors_msgs/include/argj801_sensors_msgs/argj801_sensors_msgs/msg/detail/motor_telemetry__type_support.cpp
[40.140s] -- Installing: /home/rhobtor/PHD/test_j8_hayat/J8/install/argj801_sensors_msgs/lib/libargj801_sensors_msgs__rosidl_typesupport_introspection_cpp.so
[40.140s] -- Set non-toolchain portion of runtime path of "/home/rhobtor/PHD/test_j8_hayat/J8/install/argj801_sensors_msgs/lib/libargj801_sensors_msgs__rosidl_typesupport_introspection_cpp.so" to ""
[40.140s] -- Installing: /home/rhobtor/PHD/test_j8_hayat/J8/install/argj801_sensors_msgs/lib/libargj801_sensors_msgs__rosidl_typesupport_cpp.so
[40.140s] -- Set non-toolchain portion of runtime path of "/home/rhobtor/PHD/test_j8_hayat/J8/install/argj801_sensors_msgs/lib/libargj801_sensors_msgs__rosidl_typesupport_cpp.so" to ""
[40.140s] -- Installing: /home/rhobtor/PHD/test_j8_hayat/J8/install/argj801_sensors_msgs/share/argj801_sensors_msgs/environment/pythonpath.sh
[40.141s] -- Installing: /home/rhobtor/PHD/test_j8_hayat/J8/install/argj801_sensors_msgs/share/argj801_sensors_msgs/environment/pythonpath.dsv
[40.141s] -- Installing: /home/rhobtor/PHD/test_j8_hayat/J8/install/argj801_sensors_msgs/local/lib/python3.10/dist-packages/argj801_sensors_msgs-0.0.0-py3.10.egg-info
[40.141s] -- Installing: /home/rhobtor/PHD/test_j8_hayat/J8/install/argj801_sensors_msgs/local/lib/python3.10/dist-packages/argj801_sensors_msgs-0.0.0-py3.10.egg-info/top_level.txt
[40.141s] -- Installing: /home/rhobtor/PHD/test_j8_hayat/J8/install/argj801_sensors_msgs/local/lib/python3.10/dist-packages/argj801_sensors_msgs-0.0.0-py3.10.egg-info/SOURCES.txt
[40.141s] -- Installing: /home/rhobtor/PHD/test_j8_hayat/J8/install/argj801_sensors_msgs/local/lib/python3.10/dist-packages/argj801_sensors_msgs-0.0.0-py3.10.egg-info/PKG-INFO
[40.142s] -- Installing: /home/rhobtor/PHD/test_j8_hayat/J8/install/argj801_sensors_msgs/local/lib/python3.10/dist-packages/argj801_sensors_msgs-0.0.0-py3.10.egg-info/dependency_links.txt
[40.142s] -- Installing: /home/rhobtor/PHD/test_j8_hayat/J8/install/argj801_sensors_msgs/local/lib/python3.10/dist-packages/argj801_sensors_msgs
[40.142s] -- Installing: /home/rhobtor/PHD/test_j8_hayat/J8/install/argj801_sensors_msgs/local/lib/python3.10/dist-packages/argj801_sensors_msgs/_argj801_sensors_msgs_s.ep.rosidl_typesupport_introspection_c.c
[40.145s] -- Installing: /home/rhobtor/PHD/test_j8_hayat/J8/install/argj801_sensors_msgs/local/lib/python3.10/dist-packages/argj801_sensors_msgs/argj801_sensors_msgs_s__rosidl_typesupport_c.cpython-310-x86_64-linux-gnu.so
[40.146s] -- Installing: /home/rhobtor/PHD/test_j8_hayat/J8/install/argj801_sensors_msgs/local/lib/python3.10/dist-packages/argj801_sensors_msgs/argj801_sensors_msgs_s__rosidl_typesupport_fastrtps_c.cpython-310-x86_64-linux-gnu.so
[40.146s] -- Installing: /home/rhobtor/PHD/test_j8_hayat/J8/install/argj801_sensors_msgs/local/lib/python3.10/dist-packages/argj801_sensors_msgs/libargj801_sensors_msgs__rosidl_generator_py.so
[40.146s] -- Installing: /home/rhobtor/PHD/test_j8_hayat/J8/install/argj801_sensors_msgs/local/lib/python3.10/dist-packages/argj801_sensors_msgs/__init__.py
[40.146s] -- Installing: /home/rhobtor/PHD/test_j8_hayat/J8/install/argj801_sensors_msgs/local/lib/python3.10/dist-packages/argj801_sensors_msgs/argj801_sensors_msgs_s__rosidl_typesupport_introspection_c.cpython-310-x86_64-linux-gnu.so
[40.146s] -- Installing: /home/rhobtor/PHD/test_j8_hayat/J8/install/argj801_sensors_msgs/local/lib/python3.10/dist-packages/argj801_sensors_msgs/_argj801_sensors_msgs_s.ep.rosidl_typesupport_c.c
[40.146s] -- Installing: /home/rhobtor/PHD/test_j8_hayat/J8/install/argj801_sensors_msgs/local/lib/python3.10/dist-packages/argj801_sensors_msgs/_argj801_sensors_msgs_s.ep.rosidl_typesupport_fastrtps_c.c
[40.146s] -- Installing: /home/rhobtor/PHD/test_j8_hayat/J8/install/argj801_sensors_msgs/local/lib/python3.10/dist-packages/argj801_sensors_msgs/msg
[40.147s] -- Installing: /home/rhobtor/PHD/test_j8_hayat/J8/install/argj801_sensors_msgs/local/lib/python3.10/dist-packages/argj801_sensors_msgs/msg/_motor_telemetry_s.c
[40.147s] -- Installing: /home/rhobtor/PHD/test_j8_hayat/J8/install/argj801_sensors_msgs/local/lib/python3.10/dist-packages/argj801_sensors_msgs/msg/_motor_telemetry.py
[40.147s] -- Installing: /home/rhobtor/PHD/test_j8_hayat/J8/install/argj801_sensors_msgs/local/lib/python3.10/dist-packages/argj801_sensors_msgs/msg/__init__.py
[40.147s] -- Installing: /home/rhobtor/PHD/test_j8_hayat/J8/install/argj801_sensors_msgs/local/lib/python3.10/dist-packages/argj801_sensors_msgs/msg/_odometer_s.c
[40.147s] -- Installing: /home/rhobtor/PHD/test_j8_hayat/J8/install/argj801_sensors_msgs/local/lib/python3.10/dist-packages/argj801_sensors_msgs/msg/_odometer.py
[40.147s] Listing '/home/rhobtor/PHD/test_j8_hayat/J8/install/argj801_sensors_msgs/local/lib/python3.10/dist-packages/argj801_sensors_msgs'...
[40.151s] Compiling '/home/rhobtor/PHD/test_j8_hayat/J8/install/argj801_sensors_msgs/local/lib/python3.10/dist-packages/argj801_sensors_msgs/__init__.py'...
[40.151s] Listing '/home/rhobtor/PHD/test_j8_hayat/J8/install/argj801_sensors_msgs/local/lib/python3.10/dist-packages/argj801_sensors_msgs/msg'...
[40.152s] Compiling '/home/rhobtor/PHD/test_j8_hayat/J8/install/argj801_sensors_msgs/local/lib/python3.10/dist-packages/argj801_sensors_msgs/msg/__init__.py'...
[40.152s] Compiling '/home/rhobtor/PHD/test_j8_hayat/J8/install/argj801_sensors_msgs/local/lib/python3.10/dist-packages/argj801_sensors_msgs/msg/_motor_telemetry.py'...
[40.152s] Compiling '/home/rhobtor/PHD/test_j8_hayat/J8/install/argj801_sensors_msgs/local/lib/python3.10/dist-packages/argj801_sensors_msgs/msg/_odometer.py'...
[40.152s] -- Installing: /home/rhobtor/PHD/test_j8_hayat/J8/install/argj801_sensors_msgs/local/lib/python3.10/dist-packages/argj801_sensors_msgs/argj801_sensors_msgs_s__rosidl_typesupport_fastrtps_c.cpython-310-x86_64-linux-gnu.so
[40.152s] -- Set non-toolchain portion of runtime path of "/home/rhobtor/PHD/test_j8_hayat/J8/install/argj801_sensors_msgs/local/lib/python3.10/dist-packages/argj801_sensors_msgs/argj801_sensors_msgs_s__rosidl_typesupport_fastrtps_c.cpython-310-x86_64-linux-gnu.so" to ""
[40.152s] -- Installing: /home/rhobtor/PHD/test_j8_hayat/J8/install/argj801_sensors_msgs/local/lib/python3.10/dist-packages/argj801_sensors_msgs/argj801_sensors_msgs_s__rosidl_typesupport_introspection_c.cpython-310-x86_64-linux-gnu.so
[40.152s] -- Set non-toolchain portion of runtime path of "/home/rhobtor/PHD/test_j8_hayat/J8/install/argj801_sensors_msgs/local/lib/python3.10/dist-packages/argj801_sensors_msgs/argj801_sensors_msgs_s__rosidl_typesupport_introspection_c.cpython-310-x86_64-linux-gnu.so" to ""
[40.156s] -- Installing: /home/rhobtor/PHD/test_j8_hayat/J8/install/argj801_sensors_msgs/local/lib/python3.10/dist-packages/argj801_sensors_msgs/argj801_sensors_msgs_s__rosidl_typesupport_c.cpython-310-x86_64-linux-gnu.so
[40.156s] -- Set non-toolchain portion of runtime path of "/home/rhobtor/PHD/test_j8_hayat/J8/install/argj801_sensors_msgs/local/lib/python3.10/dist-packages/argj801_sensors_msgs/argj801_sensors_msgs_s__rosidl_typesupport_c.cpython-310-x86_64-linux-gnu.so" to ""
[40.156s] -- Installing: /home/rhobtor/PHD/test_j8_hayat/J8/install/argj801_sensors_msgs/lib/libargj801_sensors_msgs__rosidl_generator_py.so
[40.157s] -- Set non-toolchain portion of runtime path of "/home/rhobtor/PHD/test_j8_hayat/J8/install/argj801_sensors_msgs/lib/libargj801_sensors_msgs__rosidl_generator_py.so" to ""
[40.157s] -- Installing: /home/rhobtor/PHD/test_j8_hayat/J8/install/argj801_sensors_msgs/share/ament_index/resource_index/rust_packages/argj801_sensors_msgs
[40.157s] -- Installing: /home/rhobtor/PHD/test_j8_hayat/J8/install/argj801_sensors_msgs/share/argj801_sensors_msgs/rust
[40.161s] -- Installing: /home/rhobtor/PHD/test_j8_hayat/J8/install/argj801_sensors_msgs/share/argj801_sensors_msgs/rust/src
[40.161s] -- Installing: /home/rhobtor/PHD/test_j8_hayat/J8/install/argj801_sensors_msgs/share/argj801_sensors_msgs/rust/src/lib.rs
[40.161s] -- Installing: /home/rhobtor/PHD/test_j8_hayat/J8/install/argj801_sensors_msgs/share/argj801_sensors_msgs/rust/src/msg.rs
[40.161s] -- Installing: /home/rhobtor/PHD/test_j8_hayat/J8/install/argj801_sensors_msgs/share/argj801_sensors_msgs/rust/src/msg
[40.162s] -- Installing: /home/rhobtor/PHD/test_j8_hayat/J8/install/argj801_sensors_msgs/share/argj801_sensors_msgs/rust/src/msg/rmw.rs
[40.162s] -- Installing: /home/rhobtor/PHD/test_j8_hayat/J8/install/argj801_sensors_msgs/share/argj801_sensors_msgs/rust/Cargo.toml
[40.162s] -- Installing: /home/rhobtor/PHD/test_j8_hayat/J8/install/argj801_sensors_msgs/share/argj801_sensors_msgs/rust/build.rs
[40.162s] -- Installing: /home/rhobtor/PHD/test_j8_hayat/J8/install/argj801_sensors_msgs/share/argj801_sensors_msgs/msg/MotorTelemetry.idl
[40.162s] -- Installing: /home/rhobtor/PHD/test_j8_hayat/J8/install/argj801_sensors_msgs/share/argj801_sensors_msgs/msg/Odometer.idl
[40.162s] -- Installing: /home/rhobtor/PHD/test_j8_hayat/J8/install/argj801_sensors_msgs/share/argj801_sensors_msgs/msg/MotorTelemetry.msg
[40.163s] -- Installing: /home/rhobtor/PHD/test_j8_hayat/J8/install/argj801_sensors_msgs/share/argj801_sensors_msgs/msg/Odometer.msg
[40.163s] -- Installing: /home/rhobtor/PHD/test_j8_hayat/J8/install/argj801_sensors_msgs/share/ament_index/resource_index/package_run_dependencies/argj801_sensors_msgs
[40.163s] -- Installing: /home/rhobtor/PHD/test_j8_hayat/J8/install/argj801_sensors_msgs/share/ament_index/resource_index/parent_prefix_path/argj801_sensors_msgs
[40.163s] -- Installing: /home/rhobtor/PHD/test_j8_hayat/J8/install/argj801_sensors_msgs/share/argj801_sensors_msgs/environment/ament_prefix_path.sh
[40.163s] -- Installing: /home/rhobtor/PHD/test_j8_hayat/J8/install/argj801_sensors_msgs/share/argj801_sensors_msgs/environment/ament_prefix_path.dsv
[40.163s] -- Installing: /home/rhobtor/PHD/test_j8_hayat/J8/install/argj801_sensors_msgs/share/argj801_sensors_msgs/environment/path.sh
[40.163s] -- Installing: /home/rhobtor/PHD/test_j8_hayat/J8/install/argj801_sensors_msgs/share/argj801_sensors_msgs/environment/path.dsv
[40.163s] -- Installing: /home/rhobtor/PHD/test_j8_hayat/J8/install/argj801_sensors_msgs/share/argj801_sensors_msgs/local_setup.bash
[40.164s] -- Installing: /home/rhobtor/PHD/test_j8_hayat/J8/install/argj801_sensors_msgs/share/argj801_sensors_msgs/local_setup.sh
[40.164s] -- Installing: /home/rhobtor/PHD/test_j8_hayat/J8/install/argj801_sensors_msgs/share/argj801_sensors_msgs/local_setup.zsh
[40.164s] -- Installing: /home/rhobtor/PHD/test_j8_hayat/J8/install/argj801_sensors_msgs/share/argj801_sensors_msgs/local_setup.dsv
[40.164s] -- Installing: /home/rhobtor/PHD/test_j8_hayat/J8/install/argj801_sensors_msgs/share/argj801_sensors_msgs/package.dsv
[40.164s] -- Installing: /home/rhobtor/PHD/test_j8_hayat/J8/install/argj801_sensors_msgs/share/ament_index/resource_index/packages/argj801_sensors_msgs
[40.164s] -- Installing: /home/rhobtor/PHD/test_j8_hayat/J8/install/argj801_sensors_msgs/share/argj801_sensors_msgs/cmake/export_argj801_sensors_msgs__rosidl_generator_cExport.cmake
[40.164s] -- Installing: /home/rhobtor/PHD/test_j8_hayat/J8/install/argj801_sensors_msgs/share/argj801_sensors_msgs/cmake/export_argj801_sensors_msgs__rosidl_generator_cExport-noconfig.cmake
[40.164s] -- Installing: /home/rhobtor/PHD/test_j8_hayat/J8/install/argj801_sensors_msgs/share/argj801_sensors_msgs/cmake/export_argj801_sensors_msgs__rosidl_typesupport_fastrtps_cExport.cmake
[40.165s] -- Installing: /home/rhobtor/PHD/test_j8_hayat/J8/install/argj801_sensors_msgs/share/argj801_sensors_msgs/cmake/export_argj801_sensors_msgs__rosidl_typesupport_fastrtps_cExport-noconfig.cmake
[40.165s] -- Installing: /home/rhobtor/PHD/test_j8_hayat/J8/install/argj801_sensors_msgs/share/argj801_sensors_msgs/cmake/argj801_sensors_msgs__rosidl_typesupport_introspection_cExport.cmake
[40.165s] -- Installing: /home/rhobtor/PHD/test_j8_hayat/J8/install/argj801_sensors_msgs/share/argj801_sensors_msgs/cmake/argj801_sensors_msgs__rosidl_typesupport_introspection_cExport-noconfig.cmake
[40.165s] -- Installing: /home/rhobtor/PHD/test_j8_hayat/J8/install/argj801_sensors_msgs/share/argj801_sensors_msgs/cmake/argj801_sensors_msgs__rosidl_typesupport_cExport.cmake
[40.165s] -- Installing: /home/rhobtor/PHD/test_j8_hayat/J8/install/argj801_sensors_msgs/share/argj801_sensors_msgs/cmake/argj801_sensors_msgs__rosidl_typesupport_cExport-noconfig.cmake
[40.165s] -- Installing: /home/rhobtor/PHD/test_j8_hayat/J8/install/argj801_sensors_msgs/share/argj801_sensors_msgs/cmake/export_argj801_sensors_msgs__rosidl_generator_cppExport.cmake
[40.166s] -- Installing: /home/rhobtor/PHD/test_j8_hayat/J8/install/argj801_sensors_msgs/share/argj801_sensors_msgs/cmake/export_argj801_sensors_msgs__rosidl_typesupport_fastrtps_cppExport.cmake
[40.166s] -- Installing: /home/rhobtor/PHD/test_j8_hayat/J8/install/argj801_sensors_msgs/share/argj801_sensors_msgs/cmake/export_argj801_sensors_msgs__rosidl_typesupport_fastrtps_cppExport-noconfig.cmake
[40.166s] -- Installing: /home/rhobtor/PHD/test_j8_hayat/J8/install/argj801_sensors_msgs/share/argj801_sensors_msgs/cmake/argj801_sensors_msgs__rosidl_typesupport_introspection_cppExport.cmake
[40.166s] -- Installing: /home/rhobtor/PHD/test_j8_hayat/J8/install/argj801_sensors_msgs/share/argj801_sensors_msgs/cmake/argj801_sensors_msgs__rosidl_typesupport_introspection_cppExport-noconfig.cmake
[40.166s] -- Installing: /home/rhobtor/PHD/test_j8_hayat/J8/install/argj801_sensors_msgs/share/argj801_sensors_msgs/cmake/argj801_sensors_msgs__rosidl_typesupport_cppExport.cmake
[40.166s] -- Installing: /home/rhobtor/PHD/test_j8_hayat/J8/install/argj801_sensors_msgs/share/argj801_sensors_msgs/cmake/argj801_sensors_msgs__rosidl_typesupport_cppExport-noconfig.cmake
[40.166s] -- Installing: /home/rhobtor/PHD/test_j8_hayat/J8/install/argj801_sensors_msgs/share/argj801_sensors_msgs/cmake/export_argj801_sensors_msgs__rosidl_generator_pyExport.cmake
[40.167s] -- Installing: /home/rhobtor/PHD/test_j8_hayat/J8/install/argj801_sensors_msgs/share/argj801_sensors_msgs/cmake/export_argj801_sensors_msgs__rosidl_generator_pyExport-noconfig.cmake
[40.167s] -- Installing: /home/rhobtor/PHD/test_j8_hayat/J8/install/argj801_sensors_msgs/share/argj801_sensors_msgs/cmake/rosidl_cmake-extras.cmake
[40.167s] -- Installing: /home/rhobtor/PHD/test_j8_hayat/J8/install/argj801_sensors_msgs/share/argj801_sensors_msgs/cmake/ament_cmake_export_dependencies-extras.cmake
[40.167s] -- Installing: /home/rhobtor/PHD/test_j8_hayat/J8/install/argj801_sensors_msgs/share/argj801_sensors_msgs/cmake/ament_cmake_export_include_directories-extras.cmake
[40.167s] -- Installing: /home/rhobtor/PHD/test_j8_hayat/J8/install/argj801_sensors_msgs/share/argj801_sensors_msgs/cmake/ament_cmake_export_libraries-extras.cmake
[40.167s] -- Installing: /home/rhobtor/PHD/test_j8_hayat/J8/install/argj801_sensors_msgs/share/argj801_sensors_msgs/cmake/ament_cmake_export_targets-extras.cmake
[40.168s] -- Installing: /home/rhobtor/PHD/test_j8_hayat/J8/install/argj801_sensors_msgs/share/argj801_sensors_msgs/cmake/rosidl_cmake_export_typesupport_targets-extras.cmake
[40.168s] -- Installing: /home/rhobtor/PHD/test_j8_hayat/J8/install/argj801_sensors_msgs/share/argj801_sensors_msgs/cmake/rosidl_cmake_export_typesupport_libraries-extras.cmake
[40.168s] -- Installing: /home/rhobtor/PHD/test_j8_hayat/J8/install/argj801_sensors_msgs/share/argj801_sensors_msgs/cmake/argj801_sensors_msgsConfig.cmake
[40.168s] -- Installing: /home/rhobtor/PHD/test_j8_hayat/J8/install/argj801_sensors_msgs/share/argj801_sensors_msgs/cmake/argj801_sensors_msgsConfig-version.cmake
[40.168s] -- Installing: /home/rhobtor/PHD/test_j8_hayat/J8/install/argj801_sensors_msgs/share/argj801_sensors_msgs/package.xml
[40.195s] Invoked command in '/home/rhobtor/PHD/test_j8_hayat/J8/build/argj801_sensors_msgs' returned '0': CMAKE_PREFIX_PATH=${CMAKE_PREFIX_PATH}:/home/rhobtor/PHD/ARGOJ8_IA/ARGOSJ8_IA_/install/ntrip_client:/home/rhobtor/PHD/ARGOJ8_IA/ARGOSJ8_IA_/install/j8_gui:/home/rhobtor/PHD/ARGOJ8_IA/ARGOSJ8_IA_/install/car:/home/rhobtor/PHD/ARGOJ8_IA/ARGOSJ8_IA_/install/android_ros2_server:/home/rhobtor/PHD/ARGOJ8_IA/ARGOSJ8_IA_/install/GUI_pkg:/opt/ros/humble /opt/st/stm32cubeclt_1.18.0/CMake/bin/cmake --install /home/rhobtor/PHD/test_j8_hayat/J8/build/argj801_sensors_msgs
