running egg_info
writing ../../build/android_ros2_server/android_ros2_server.egg-info/PKG-INFO
writing dependency_links to ../../build/android_ros2_server/android_ros2_server.egg-info/dependency_links.txt
writing entry points to ../../build/android_ros2_server/android_ros2_server.egg-info/entry_points.txt
writing requirements to ../../build/android_ros2_server/android_ros2_server.egg-info/requires.txt
writing top-level names to ../../build/android_ros2_server/android_ros2_server.egg-info/top_level.txt
reading manifest file '../../build/android_ros2_server/android_ros2_server.egg-info/SOURCES.txt'
writing manifest file '../../build/android_ros2_server/android_ros2_server.egg-info/SOURCES.txt'
running build
running build_py
copying android_ros2_server/server.py -> /home/rhobtor/PHD/test_j8_hayat/J8/build/android_ros2_server/build/lib/android_ros2_server
copying android_ros2_server/__init__.py -> /home/rhobtor/PHD/test_j8_hayat/J8/build/android_ros2_server/build/lib/android_ros2_server
running install
running install_lib
running install_data
copying resource/android_ros2_server -> /home/rhobtor/PHD/test_j8_hayat/J8/install/android_ros2_server/share/ament_index/resource_index/packages
copying package.xml -> /home/rhobtor/PHD/test_j8_hayat/J8/install/android_ros2_server/share/android_ros2_server
running install_egg_info
removing '/home/rhobtor/PHD/test_j8_hayat/J8/install/android_ros2_server/lib/python3.10/site-packages/android_ros2_server-0.0.0-py3.10.egg-info' (and everything under it)
Copying ../../build/android_ros2_server/android_ros2_server.egg-info to /home/rhobtor/PHD/test_j8_hayat/J8/install/android_ros2_server/lib/python3.10/site-packages/android_ros2_server-0.0.0-py3.10.egg-info
running install_scripts
Installing tcp_server_node script to /home/rhobtor/PHD/test_j8_hayat/J8/install/android_ros2_server/lib/android_ros2_server
writing list of installed files to '/home/rhobtor/PHD/test_j8_hayat/J8/build/android_ros2_server/install.log'
