[0.098s] Invoking command in '/home/rhobtor/PHD/test_j8_hayat/J8/build/ublox_serialization': CMAKE_PREFIX_PATH=${CMAKE_PREFIX_PATH}:/home/rhobtor/PHD/ARGOJ8_IA/ARGOSJ8_IA_/install/ntrip_client:/home/rhobtor/PHD/ARGOJ8_IA/ARGOSJ8_IA_/install/j8_gui:/home/rhobtor/PHD/ARGOJ8_IA/ARGOSJ8_IA_/install/car:/home/rhobtor/PHD/ARGOJ8_IA/ARGOSJ8_IA_/install/android_ros2_server:/home/rhobtor/PHD/ARGOJ8_IA/ARGOSJ8_IA_/install/GUI_pkg:/opt/ros/humble /opt/st/stm32cubeclt_1.18.0/CMake/bin/cmake /home/rhobtor/PHD/test_j8_hayat/J8/src/argo_drivers_pkgs/ublox/ublox_serialization -DCMAKE_INSTALL_PREFIX=/home/rhobtor/PHD/test_j8_hayat/J8/install/ublox_serialization
[1.556s] -- The C compiler identification is GNU 11.4.0
[1.558s] -- The CXX compiler identification is GNU 11.4.0
[1.560s] -- Detecting C compiler ABI info
[1.561s] -- Detecting C compiler ABI info - done
[1.562s] -- Check for working C compiler: /usr/bin/cc - skipped
[1.563s] -- Detecting C compile features
[1.563s] -- Detecting C compile features - done
[1.563s] -- Detecting CXX compiler ABI info
[1.563s] -- Detecting CXX compiler ABI info - done
[1.563s] -- Check for working CXX compiler: /usr/bin/c++ - skipped
[1.563s] -- Detecting CXX compile features
[1.564s] -- Detecting CXX compile features - done
[1.564s] -- Found ament_cmake: 1.3.14 (/opt/ros/humble/share/ament_cmake/cmake)
[1.564s] -- Found Python3: /usr/bin/python3 (found version "3.10.12") found components: Interpreter 
[1.779s] -- Configuring done (1.6s)
[1.784s] -- Generating done (0.0s)
[1.788s] -- Build files have been written to: /home/rhobtor/PHD/test_j8_hayat/J8/build/ublox_serialization
[2.098s] Invoked command in '/home/rhobtor/PHD/test_j8_hayat/J8/build/ublox_serialization' returned '0': CMAKE_PREFIX_PATH=${CMAKE_PREFIX_PATH}:/home/rhobtor/PHD/ARGOJ8_IA/ARGOSJ8_IA_/install/ntrip_client:/home/rhobtor/PHD/ARGOJ8_IA/ARGOSJ8_IA_/install/j8_gui:/home/rhobtor/PHD/ARGOJ8_IA/ARGOSJ8_IA_/install/car:/home/rhobtor/PHD/ARGOJ8_IA/ARGOSJ8_IA_/install/android_ros2_server:/home/rhobtor/PHD/ARGOJ8_IA/ARGOSJ8_IA_/install/GUI_pkg:/opt/ros/humble /opt/st/stm32cubeclt_1.18.0/CMake/bin/cmake /home/rhobtor/PHD/test_j8_hayat/J8/src/argo_drivers_pkgs/ublox/ublox_serialization -DCMAKE_INSTALL_PREFIX=/home/rhobtor/PHD/test_j8_hayat/J8/install/ublox_serialization
[2.105s] Invoking command in '/home/rhobtor/PHD/test_j8_hayat/J8/build/ublox_serialization': CMAKE_PREFIX_PATH=${CMAKE_PREFIX_PATH}:/home/rhobtor/PHD/ARGOJ8_IA/ARGOSJ8_IA_/install/ntrip_client:/home/rhobtor/PHD/ARGOJ8_IA/ARGOSJ8_IA_/install/j8_gui:/home/rhobtor/PHD/ARGOJ8_IA/ARGOSJ8_IA_/install/car:/home/rhobtor/PHD/ARGOJ8_IA/ARGOSJ8_IA_/install/android_ros2_server:/home/rhobtor/PHD/ARGOJ8_IA/ARGOSJ8_IA_/install/GUI_pkg:/opt/ros/humble /opt/st/stm32cubeclt_1.18.0/CMake/bin/cmake --build /home/rhobtor/PHD/test_j8_hayat/J8/build/ublox_serialization -- -j16 -l16
[2.990s] Invoked command in '/home/rhobtor/PHD/test_j8_hayat/J8/build/ublox_serialization' returned '0': CMAKE_PREFIX_PATH=${CMAKE_PREFIX_PATH}:/home/rhobtor/PHD/ARGOJ8_IA/ARGOSJ8_IA_/install/ntrip_client:/home/rhobtor/PHD/ARGOJ8_IA/ARGOSJ8_IA_/install/j8_gui:/home/rhobtor/PHD/ARGOJ8_IA/ARGOSJ8_IA_/install/car:/home/rhobtor/PHD/ARGOJ8_IA/ARGOSJ8_IA_/install/android_ros2_server:/home/rhobtor/PHD/ARGOJ8_IA/ARGOSJ8_IA_/install/GUI_pkg:/opt/ros/humble /opt/st/stm32cubeclt_1.18.0/CMake/bin/cmake --build /home/rhobtor/PHD/test_j8_hayat/J8/build/ublox_serialization -- -j16 -l16
[2.997s] Invoking command in '/home/rhobtor/PHD/test_j8_hayat/J8/build/ublox_serialization': CMAKE_PREFIX_PATH=${CMAKE_PREFIX_PATH}:/home/rhobtor/PHD/ARGOJ8_IA/ARGOSJ8_IA_/install/ntrip_client:/home/rhobtor/PHD/ARGOJ8_IA/ARGOSJ8_IA_/install/j8_gui:/home/rhobtor/PHD/ARGOJ8_IA/ARGOSJ8_IA_/install/car:/home/rhobtor/PHD/ARGOJ8_IA/ARGOSJ8_IA_/install/android_ros2_server:/home/rhobtor/PHD/ARGOJ8_IA/ARGOSJ8_IA_/install/GUI_pkg:/opt/ros/humble /opt/st/stm32cubeclt_1.18.0/CMake/bin/cmake --install /home/rhobtor/PHD/test_j8_hayat/J8/build/ublox_serialization
[3.081s] -- Install configuration: ""
[3.082s] -- Installing: /home/rhobtor/PHD/test_j8_hayat/J8/install/ublox_serialization/include/ublox_serialization
[3.082s] -- Installing: /home/rhobtor/PHD/test_j8_hayat/J8/install/ublox_serialization/include/ublox_serialization/ublox_serialization
[3.086s] -- Installing: /home/rhobtor/PHD/test_j8_hayat/J8/install/ublox_serialization/include/ublox_serialization/ublox_serialization/serialization.hpp
[3.086s] -- Installing: /home/rhobtor/PHD/test_j8_hayat/J8/install/ublox_serialization/include/ublox_serialization/ublox_serialization/checksum.hpp
[3.086s] -- Installing: /home/rhobtor/PHD/test_j8_hayat/J8/install/ublox_serialization/share/ament_index/resource_index/package_run_dependencies/ublox_serialization
[3.086s] -- Installing: /home/rhobtor/PHD/test_j8_hayat/J8/install/ublox_serialization/share/ament_index/resource_index/parent_prefix_path/ublox_serialization
[3.092s] -- Installing: /home/rhobtor/PHD/test_j8_hayat/J8/install/ublox_serialization/share/ublox_serialization/environment/ament_prefix_path.sh
[3.092s] -- Installing: /home/rhobtor/PHD/test_j8_hayat/J8/install/ublox_serialization/share/ublox_serialization/environment/ament_prefix_path.dsv
[3.092s] -- Installing: /home/rhobtor/PHD/test_j8_hayat/J8/install/ublox_serialization/share/ublox_serialization/environment/path.sh
[3.093s] -- Installing: /home/rhobtor/PHD/test_j8_hayat/J8/install/ublox_serialization/share/ublox_serialization/environment/path.dsv
[3.093s] -- Installing: /home/rhobtor/PHD/test_j8_hayat/J8/install/ublox_serialization/share/ublox_serialization/local_setup.bash
[3.093s] -- Installing: /home/rhobtor/PHD/test_j8_hayat/J8/install/ublox_serialization/share/ublox_serialization/local_setup.sh
[3.093s] -- Installing: /home/rhobtor/PHD/test_j8_hayat/J8/install/ublox_serialization/share/ublox_serialization/local_setup.zsh
[3.093s] -- Installing: /home/rhobtor/PHD/test_j8_hayat/J8/install/ublox_serialization/share/ublox_serialization/local_setup.dsv
[3.094s] -- Installing: /home/rhobtor/PHD/test_j8_hayat/J8/install/ublox_serialization/share/ublox_serialization/package.dsv
[3.094s] -- Installing: /home/rhobtor/PHD/test_j8_hayat/J8/install/ublox_serialization/share/ament_index/resource_index/packages/ublox_serialization
[3.094s] -- Installing: /home/rhobtor/PHD/test_j8_hayat/J8/install/ublox_serialization/share/ublox_serialization/cmake/export_ublox_serializationExport.cmake
[3.094s] -- Installing: /home/rhobtor/PHD/test_j8_hayat/J8/install/ublox_serialization/share/ublox_serialization/cmake/ament_cmake_export_include_directories-extras.cmake
[3.094s] -- Installing: /home/rhobtor/PHD/test_j8_hayat/J8/install/ublox_serialization/share/ublox_serialization/cmake/ament_cmake_export_targets-extras.cmake
[3.095s] -- Installing: /home/rhobtor/PHD/test_j8_hayat/J8/install/ublox_serialization/share/ublox_serialization/cmake/ublox_serializationConfig.cmake
[3.095s] -- Installing: /home/rhobtor/PHD/test_j8_hayat/J8/install/ublox_serialization/share/ublox_serialization/cmake/ublox_serializationConfig-version.cmake
[3.095s] -- Installing: /home/rhobtor/PHD/test_j8_hayat/J8/install/ublox_serialization/share/ublox_serialization/package.xml
[3.100s] Invoked command in '/home/rhobtor/PHD/test_j8_hayat/J8/build/ublox_serialization' returned '0': CMAKE_PREFIX_PATH=${CMAKE_PREFIX_PATH}:/home/rhobtor/PHD/ARGOJ8_IA/ARGOSJ8_IA_/install/ntrip_client:/home/rhobtor/PHD/ARGOJ8_IA/ARGOSJ8_IA_/install/j8_gui:/home/rhobtor/PHD/ARGOJ8_IA/ARGOSJ8_IA_/install/car:/home/rhobtor/PHD/ARGOJ8_IA/ARGOSJ8_IA_/install/android_ros2_server:/home/rhobtor/PHD/ARGOJ8_IA/ARGOSJ8_IA_/install/GUI_pkg:/opt/ros/humble /opt/st/stm32cubeclt_1.18.0/CMake/bin/cmake --install /home/rhobtor/PHD/test_j8_hayat/J8/build/ublox_serialization
