[0.077s] Invoking command in '/home/rhobtor/PHD/test_j8_hayat/J8/build/sdl2_vendor': CMAKE_PREFIX_PATH=${CMAKE_PREFIX_PATH}:/home/rhobtor/PHD/ARGOJ8_IA/ARGOSJ8_IA_/install/ntrip_client:/home/rhobtor/PHD/ARGOJ8_IA/ARGOSJ8_IA_/install/j8_gui:/home/rhobtor/PHD/ARGOJ8_IA/ARGOSJ8_IA_/install/car:/home/rhobtor/PHD/ARGOJ8_IA/ARGOSJ8_IA_/install/android_ros2_server:/home/rhobtor/PHD/ARGOJ8_IA/ARGOSJ8_IA_/install/GUI_pkg:/opt/ros/humble /opt/st/stm32cubeclt_1.18.0/CMake/bin/cmake /home/rhobtor/PHD/test_j8_hayat/J8/src/j8_joystick/sdl2_vendor -DCMAKE_INSTALL_PREFIX=/home/rhobtor/PHD/test_j8_hayat/J8/install/sdl2_vendor
[1.541s] -- The C compiler identification is GNU 11.4.0
[1.541s] -- The CXX compiler identification is GNU 11.4.0
[1.541s] -- Detecting C compiler ABI info
[1.541s] -- Detecting C compiler ABI info - done
[1.542s] -- Check for working C compiler: /usr/bin/cc - skipped
[1.542s] -- Detecting C compile features
[1.542s] -- Detecting C compile features - done
[1.542s] -- Detecting CXX compiler ABI info
[1.542s] -- Detecting CXX compiler ABI info - done
[1.542s] -- Check for working CXX compiler: /usr/bin/c++ - skipped
[1.542s] -- Detecting CXX compile features
[1.543s] -- Detecting CXX compile features - done
[1.543s] -- Found ament_cmake: 1.3.14 (/opt/ros/humble/share/ament_cmake/cmake)
[1.543s] -- Found Python3: /usr/bin/python3 (found version "3.10.12") found components: Interpreter 
[1.781s] -- Configuring done (1.7s)
[1.785s] -- Generating done (0.0s)
[1.788s] -- Build files have been written to: /home/rhobtor/PHD/test_j8_hayat/J8/build/sdl2_vendor
[2.055s] Invoked command in '/home/rhobtor/PHD/test_j8_hayat/J8/build/sdl2_vendor' returned '0': CMAKE_PREFIX_PATH=${CMAKE_PREFIX_PATH}:/home/rhobtor/PHD/ARGOJ8_IA/ARGOSJ8_IA_/install/ntrip_client:/home/rhobtor/PHD/ARGOJ8_IA/ARGOSJ8_IA_/install/j8_gui:/home/rhobtor/PHD/ARGOJ8_IA/ARGOSJ8_IA_/install/car:/home/rhobtor/PHD/ARGOJ8_IA/ARGOSJ8_IA_/install/android_ros2_server:/home/rhobtor/PHD/ARGOJ8_IA/ARGOSJ8_IA_/install/GUI_pkg:/opt/ros/humble /opt/st/stm32cubeclt_1.18.0/CMake/bin/cmake /home/rhobtor/PHD/test_j8_hayat/J8/src/j8_joystick/sdl2_vendor -DCMAKE_INSTALL_PREFIX=/home/rhobtor/PHD/test_j8_hayat/J8/install/sdl2_vendor
[2.059s] Invoking command in '/home/rhobtor/PHD/test_j8_hayat/J8/build/sdl2_vendor': CMAKE_PREFIX_PATH=${CMAKE_PREFIX_PATH}:/home/rhobtor/PHD/ARGOJ8_IA/ARGOSJ8_IA_/install/ntrip_client:/home/rhobtor/PHD/ARGOJ8_IA/ARGOSJ8_IA_/install/j8_gui:/home/rhobtor/PHD/ARGOJ8_IA/ARGOSJ8_IA_/install/car:/home/rhobtor/PHD/ARGOJ8_IA/ARGOSJ8_IA_/install/android_ros2_server:/home/rhobtor/PHD/ARGOJ8_IA/ARGOSJ8_IA_/install/GUI_pkg:/opt/ros/humble /opt/st/stm32cubeclt_1.18.0/CMake/bin/cmake --build /home/rhobtor/PHD/test_j8_hayat/J8/build/sdl2_vendor -- -j16 -l16
[2.921s] Invoked command in '/home/rhobtor/PHD/test_j8_hayat/J8/build/sdl2_vendor' returned '0': CMAKE_PREFIX_PATH=${CMAKE_PREFIX_PATH}:/home/rhobtor/PHD/ARGOJ8_IA/ARGOSJ8_IA_/install/ntrip_client:/home/rhobtor/PHD/ARGOJ8_IA/ARGOSJ8_IA_/install/j8_gui:/home/rhobtor/PHD/ARGOJ8_IA/ARGOSJ8_IA_/install/car:/home/rhobtor/PHD/ARGOJ8_IA/ARGOSJ8_IA_/install/android_ros2_server:/home/rhobtor/PHD/ARGOJ8_IA/ARGOSJ8_IA_/install/GUI_pkg:/opt/ros/humble /opt/st/stm32cubeclt_1.18.0/CMake/bin/cmake --build /home/rhobtor/PHD/test_j8_hayat/J8/build/sdl2_vendor -- -j16 -l16
[2.934s] Invoking command in '/home/rhobtor/PHD/test_j8_hayat/J8/build/sdl2_vendor': CMAKE_PREFIX_PATH=${CMAKE_PREFIX_PATH}:/home/rhobtor/PHD/ARGOJ8_IA/ARGOSJ8_IA_/install/ntrip_client:/home/rhobtor/PHD/ARGOJ8_IA/ARGOSJ8_IA_/install/j8_gui:/home/rhobtor/PHD/ARGOJ8_IA/ARGOSJ8_IA_/install/car:/home/rhobtor/PHD/ARGOJ8_IA/ARGOSJ8_IA_/install/android_ros2_server:/home/rhobtor/PHD/ARGOJ8_IA/ARGOSJ8_IA_/install/GUI_pkg:/opt/ros/humble /opt/st/stm32cubeclt_1.18.0/CMake/bin/cmake --install /home/rhobtor/PHD/test_j8_hayat/J8/build/sdl2_vendor
[2.953s] -- Install configuration: ""
[2.954s] -- Installing: /home/rhobtor/PHD/test_j8_hayat/J8/install/sdl2_vendor/share/sdl2_vendor/cmake
[2.954s] -- Installing: /home/rhobtor/PHD/test_j8_hayat/J8/install/sdl2_vendor/share/sdl2_vendor/cmake/Modules
[2.956s] -- Installing: /home/rhobtor/PHD/test_j8_hayat/J8/install/sdl2_vendor/share/sdl2_vendor/cmake/Modules/Findsdl2_custom.cmake
[2.956s] -- Installing: /home/rhobtor/PHD/test_j8_hayat/J8/install/sdl2_vendor/share/ament_index/resource_index/package_run_dependencies/sdl2_vendor
[2.957s] -- Installing: /home/rhobtor/PHD/test_j8_hayat/J8/install/sdl2_vendor/share/ament_index/resource_index/parent_prefix_path/sdl2_vendor
[2.958s] -- Installing: /home/rhobtor/PHD/test_j8_hayat/J8/install/sdl2_vendor/share/sdl2_vendor/environment/ament_prefix_path.sh
[2.958s] -- Installing: /home/rhobtor/PHD/test_j8_hayat/J8/install/sdl2_vendor/share/sdl2_vendor/environment/ament_prefix_path.dsv
[2.959s] -- Installing: /home/rhobtor/PHD/test_j8_hayat/J8/install/sdl2_vendor/share/sdl2_vendor/environment/path.sh
[2.959s] -- Installing: /home/rhobtor/PHD/test_j8_hayat/J8/install/sdl2_vendor/share/sdl2_vendor/environment/path.dsv
[2.959s] -- Installing: /home/rhobtor/PHD/test_j8_hayat/J8/install/sdl2_vendor/share/sdl2_vendor/local_setup.bash
[2.960s] -- Installing: /home/rhobtor/PHD/test_j8_hayat/J8/install/sdl2_vendor/share/sdl2_vendor/local_setup.sh
[2.960s] -- Installing: /home/rhobtor/PHD/test_j8_hayat/J8/install/sdl2_vendor/share/sdl2_vendor/local_setup.zsh
[2.960s] -- Installing: /home/rhobtor/PHD/test_j8_hayat/J8/install/sdl2_vendor/share/sdl2_vendor/local_setup.dsv
[2.961s] -- Installing: /home/rhobtor/PHD/test_j8_hayat/J8/install/sdl2_vendor/share/sdl2_vendor/package.dsv
[2.961s] -- Installing: /home/rhobtor/PHD/test_j8_hayat/J8/install/sdl2_vendor/share/ament_index/resource_index/packages/sdl2_vendor
[2.961s] -- Installing: /home/rhobtor/PHD/test_j8_hayat/J8/install/sdl2_vendor/share/sdl2_vendor/cmake/sdl2_vendor-extras.cmake
[2.961s] -- Installing: /home/rhobtor/PHD/test_j8_hayat/J8/install/sdl2_vendor/share/sdl2_vendor/cmake/sdl2_vendorConfig.cmake
[2.961s] -- Installing: /home/rhobtor/PHD/test_j8_hayat/J8/install/sdl2_vendor/share/sdl2_vendor/cmake/sdl2_vendorConfig-version.cmake
[2.961s] -- Installing: /home/rhobtor/PHD/test_j8_hayat/J8/install/sdl2_vendor/share/sdl2_vendor/package.xml
[2.961s] Invoked command in '/home/rhobtor/PHD/test_j8_hayat/J8/build/sdl2_vendor' returned '0': CMAKE_PREFIX_PATH=${CMAKE_PREFIX_PATH}:/home/rhobtor/PHD/ARGOJ8_IA/ARGOSJ8_IA_/install/ntrip_client:/home/rhobtor/PHD/ARGOJ8_IA/ARGOSJ8_IA_/install/j8_gui:/home/rhobtor/PHD/ARGOJ8_IA/ARGOSJ8_IA_/install/car:/home/rhobtor/PHD/ARGOJ8_IA/ARGOSJ8_IA_/install/android_ros2_server:/home/rhobtor/PHD/ARGOJ8_IA/ARGOSJ8_IA_/install/GUI_pkg:/opt/ros/humble /opt/st/stm32cubeclt_1.18.0/CMake/bin/cmake --install /home/rhobtor/PHD/test_j8_hayat/J8/build/sdl2_vendor
