[0.072s] Invoking command in '/home/rhobtor/PHD/test_j8_hayat/J8/build/argj801_sensors_msgs': CMAKE_PREFIX_PATH=${CMAKE_PREFIX_PATH}:/home/rhobtor/PHD/test_j8_hayat/J8/install/ntrip_client:/home/rhobtor/PHD/test_j8_hayat/J8/install/j8_gui:/home/rhobtor/PHD/test_j8_hayat/J8/install/android_ros2_server:/home/rhobtor/PHD/test_j8_hayat/J8/install/GUI_pkg:/home/rhobtor/PHD/ARGOJ8_IA/ARGOSJ8_IA_/install/ntrip_client:/home/rhobtor/PHD/ARGOJ8_IA/ARGOSJ8_IA_/install/j8_gui:/home/rhobtor/PHD/ARGOJ8_IA/ARGOSJ8_IA_/install/car:/home/rhobtor/PHD/ARGOJ8_IA/ARGOSJ8_IA_/install/android_ros2_server:/home/rhobtor/PHD/ARGOJ8_IA/ARGOSJ8_IA_/install/GUI_pkg:/opt/ros/humble /opt/st/stm32cubeclt_1.18.0/CMake/bin/cmake --build /home/rhobtor/PHD/test_j8_hayat/J8/build/argj801_sensors_msgs -- -j16 -l16
[0.855s] [  2%] Built target argj801_sensors_msgs__cpp
[0.855s] [  5%] Built target argj801_sensors_msgs__rs
[0.855s] [ 15%] Built target argj801_sensors_msgs__rosidl_generator_c
[0.855s] [ 15%] Built target ament_cmake_python_copy_argj801_sensors_msgs
[0.855s] [ 25%] Built target argj801_sensors_msgs__rosidl_typesupport_cpp
[0.855s] [ 35%] Built target argj801_sensors_msgs__rosidl_typesupport_introspection_cpp
[0.855s] [ 45%] Built target argj801_sensors_msgs__rosidl_typesupport_c
[0.855s] [ 55%] Built target argj801_sensors_msgs__rosidl_typesupport_fastrtps_cpp
[0.855s] [ 65%] Built target argj801_sensors_msgs__rosidl_typesupport_fastrtps_c
[0.855s] [ 75%] Built target argj801_sensors_msgs__rosidl_typesupport_introspection_c
[0.855s] [ 75%] Built target argj801_sensors_msgs
[0.855s] [ 77%] Built target argj801_sensors_msgs__py
[0.855s] [ 85%] Built target argj801_sensors_msgs__rosidl_generator_py
[0.855s] [ 90%] Built target argj801_sensors_msgs__rosidl_typesupport_c__pyext
[0.855s] [ 95%] Built target argj801_sensors_msgs__rosidl_typesupport_fastrtps_c__pyext
[0.855s] [100%] Built target argj801_sensors_msgs__rosidl_typesupport_introspection_c__pyext
[0.855s] running egg_info
[0.855s] writing argj801_sensors_msgs.egg-info/PKG-INFO
[0.855s] writing dependency_links to argj801_sensors_msgs.egg-info/dependency_links.txt
[0.855s] writing top-level names to argj801_sensors_msgs.egg-info/top_level.txt
[0.855s] reading manifest file 'argj801_sensors_msgs.egg-info/SOURCES.txt'
[0.855s] writing manifest file 'argj801_sensors_msgs.egg-info/SOURCES.txt'
[0.855s] [100%] Built target ament_cmake_python_build_argj801_sensors_msgs_egg
[0.878s] Invoked command in '/home/rhobtor/PHD/test_j8_hayat/J8/build/argj801_sensors_msgs' returned '0': CMAKE_PREFIX_PATH=${CMAKE_PREFIX_PATH}:/home/rhobtor/PHD/test_j8_hayat/J8/install/ntrip_client:/home/rhobtor/PHD/test_j8_hayat/J8/install/j8_gui:/home/rhobtor/PHD/test_j8_hayat/J8/install/android_ros2_server:/home/rhobtor/PHD/test_j8_hayat/J8/install/GUI_pkg:/home/rhobtor/PHD/ARGOJ8_IA/ARGOSJ8_IA_/install/ntrip_client:/home/rhobtor/PHD/ARGOJ8_IA/ARGOSJ8_IA_/install/j8_gui:/home/rhobtor/PHD/ARGOJ8_IA/ARGOSJ8_IA_/install/car:/home/rhobtor/PHD/ARGOJ8_IA/ARGOSJ8_IA_/install/android_ros2_server:/home/rhobtor/PHD/ARGOJ8_IA/ARGOSJ8_IA_/install/GUI_pkg:/opt/ros/humble /opt/st/stm32cubeclt_1.18.0/CMake/bin/cmake --build /home/rhobtor/PHD/test_j8_hayat/J8/build/argj801_sensors_msgs -- -j16 -l16
[0.880s] Invoking command in '/home/rhobtor/PHD/test_j8_hayat/J8/build/argj801_sensors_msgs': CMAKE_PREFIX_PATH=${CMAKE_PREFIX_PATH}:/home/rhobtor/PHD/test_j8_hayat/J8/install/ntrip_client:/home/rhobtor/PHD/test_j8_hayat/J8/install/j8_gui:/home/rhobtor/PHD/test_j8_hayat/J8/install/android_ros2_server:/home/rhobtor/PHD/test_j8_hayat/J8/install/GUI_pkg:/home/rhobtor/PHD/ARGOJ8_IA/ARGOSJ8_IA_/install/ntrip_client:/home/rhobtor/PHD/ARGOJ8_IA/ARGOSJ8_IA_/install/j8_gui:/home/rhobtor/PHD/ARGOJ8_IA/ARGOSJ8_IA_/install/car:/home/rhobtor/PHD/ARGOJ8_IA/ARGOSJ8_IA_/install/android_ros2_server:/home/rhobtor/PHD/ARGOJ8_IA/ARGOSJ8_IA_/install/GUI_pkg:/opt/ros/humble /opt/st/stm32cubeclt_1.18.0/CMake/bin/cmake --install /home/rhobtor/PHD/test_j8_hayat/J8/build/argj801_sensors_msgs
[1.083s] -- Install configuration: ""
[1.084s] -- Up-to-date: /home/rhobtor/PHD/test_j8_hayat/J8/install/argj801_sensors_msgs/share/ament_index/resource_index/rosidl_interfaces/argj801_sensors_msgs
[1.084s] -- Up-to-date: /home/rhobtor/PHD/test_j8_hayat/J8/install/argj801_sensors_msgs/include/argj801_sensors_msgs/argj801_sensors_msgs
[1.084s] -- Up-to-date: /home/rhobtor/PHD/test_j8_hayat/J8/install/argj801_sensors_msgs/include/argj801_sensors_msgs/argj801_sensors_msgs/msg
[1.084s] -- Up-to-date: /home/rhobtor/PHD/test_j8_hayat/J8/install/argj801_sensors_msgs/include/argj801_sensors_msgs/argj801_sensors_msgs/msg/motor_telemetry.h
[1.084s] -- Up-to-date: /home/rhobtor/PHD/test_j8_hayat/J8/install/argj801_sensors_msgs/include/argj801_sensors_msgs/argj801_sensors_msgs/msg/rosidl_generator_c__visibility_control.h
[1.085s] -- Up-to-date: /home/rhobtor/PHD/test_j8_hayat/J8/install/argj801_sensors_msgs/include/argj801_sensors_msgs/argj801_sensors_msgs/msg/detail
[1.085s] -- Up-to-date: /home/rhobtor/PHD/test_j8_hayat/J8/install/argj801_sensors_msgs/include/argj801_sensors_msgs/argj801_sensors_msgs/msg/detail/odometer__functions.c
[1.085s] -- Up-to-date: /home/rhobtor/PHD/test_j8_hayat/J8/install/argj801_sensors_msgs/include/argj801_sensors_msgs/argj801_sensors_msgs/msg/detail/motor_telemetry__struct.h
[1.085s] -- Up-to-date: /home/rhobtor/PHD/test_j8_hayat/J8/install/argj801_sensors_msgs/include/argj801_sensors_msgs/argj801_sensors_msgs/msg/detail/motor_telemetry__functions.c
[1.085s] -- Up-to-date: /home/rhobtor/PHD/test_j8_hayat/J8/install/argj801_sensors_msgs/include/argj801_sensors_msgs/argj801_sensors_msgs/msg/detail/motor_telemetry__type_support.h
[1.086s] -- Up-to-date: /home/rhobtor/PHD/test_j8_hayat/J8/install/argj801_sensors_msgs/include/argj801_sensors_msgs/argj801_sensors_msgs/msg/detail/odometer__type_support.h
[1.086s] -- Up-to-date: /home/rhobtor/PHD/test_j8_hayat/J8/install/argj801_sensors_msgs/include/argj801_sensors_msgs/argj801_sensors_msgs/msg/detail/odometer__functions.h
[1.087s] -- Up-to-date: /home/rhobtor/PHD/test_j8_hayat/J8/install/argj801_sensors_msgs/include/argj801_sensors_msgs/argj801_sensors_msgs/msg/detail/motor_telemetry__functions.h
[1.087s] -- Up-to-date: /home/rhobtor/PHD/test_j8_hayat/J8/install/argj801_sensors_msgs/include/argj801_sensors_msgs/argj801_sensors_msgs/msg/detail/odometer__struct.h
[1.087s] -- Up-to-date: /home/rhobtor/PHD/test_j8_hayat/J8/install/argj801_sensors_msgs/include/argj801_sensors_msgs/argj801_sensors_msgs/msg/odometer.h
[1.087s] -- Up-to-date: /home/rhobtor/PHD/test_j8_hayat/J8/install/argj801_sensors_msgs/share/argj801_sensors_msgs/environment/library_path.sh
[1.088s] -- Up-to-date: /home/rhobtor/PHD/test_j8_hayat/J8/install/argj801_sensors_msgs/share/argj801_sensors_msgs/environment/library_path.dsv
[1.088s] -- Up-to-date: /home/rhobtor/PHD/test_j8_hayat/J8/install/argj801_sensors_msgs/lib/libargj801_sensors_msgs__rosidl_generator_c.so
[1.088s] -- Up-to-date: /home/rhobtor/PHD/test_j8_hayat/J8/install/argj801_sensors_msgs/include/argj801_sensors_msgs/argj801_sensors_msgs
[1.088s] -- Up-to-date: /home/rhobtor/PHD/test_j8_hayat/J8/install/argj801_sensors_msgs/include/argj801_sensors_msgs/argj801_sensors_msgs/msg
[1.088s] -- Up-to-date: /home/rhobtor/PHD/test_j8_hayat/J8/install/argj801_sensors_msgs/include/argj801_sensors_msgs/argj801_sensors_msgs/msg/detail
[1.089s] -- Up-to-date: /home/rhobtor/PHD/test_j8_hayat/J8/install/argj801_sensors_msgs/include/argj801_sensors_msgs/argj801_sensors_msgs/msg/detail/odometer__rosidl_typesupport_fastrtps_c.h
[1.089s] -- Up-to-date: /home/rhobtor/PHD/test_j8_hayat/J8/install/argj801_sensors_msgs/include/argj801_sensors_msgs/argj801_sensors_msgs/msg/detail/motor_telemetry__rosidl_typesupport_fastrtps_c.h
[1.089s] -- Up-to-date: /home/rhobtor/PHD/test_j8_hayat/J8/install/argj801_sensors_msgs/include/argj801_sensors_msgs/argj801_sensors_msgs/msg/rosidl_typesupport_fastrtps_c__visibility_control.h
[1.090s] -- Up-to-date: /home/rhobtor/PHD/test_j8_hayat/J8/install/argj801_sensors_msgs/lib/libargj801_sensors_msgs__rosidl_typesupport_fastrtps_c.so
[1.090s] -- Up-to-date: /home/rhobtor/PHD/test_j8_hayat/J8/install/argj801_sensors_msgs/include/argj801_sensors_msgs/argj801_sensors_msgs
[1.127s] -- Up-to-date: /home/rhobtor/PHD/test_j8_hayat/J8/install/argj801_sensors_msgs/include/argj801_sensors_msgs/argj801_sensors_msgs/msg
[1.127s] -- Up-to-date: /home/rhobtor/PHD/test_j8_hayat/J8/install/argj801_sensors_msgs/include/argj801_sensors_msgs/argj801_sensors_msgs/msg/rosidl_typesupport_introspection_c__visibility_control.h
[1.127s] -- Up-to-date: /home/rhobtor/PHD/test_j8_hayat/J8/install/argj801_sensors_msgs/include/argj801_sensors_msgs/argj801_sensors_msgs/msg/detail
[1.127s] -- Up-to-date: /home/rhobtor/PHD/test_j8_hayat/J8/install/argj801_sensors_msgs/include/argj801_sensors_msgs/argj801_sensors_msgs/msg/detail/motor_telemetry__type_support.c
[1.127s] -- Up-to-date: /home/rhobtor/PHD/test_j8_hayat/J8/install/argj801_sensors_msgs/include/argj801_sensors_msgs/argj801_sensors_msgs/msg/detail/motor_telemetry__rosidl_typesupport_introspection_c.h
[1.127s] -- Up-to-date: /home/rhobtor/PHD/test_j8_hayat/J8/install/argj801_sensors_msgs/include/argj801_sensors_msgs/argj801_sensors_msgs/msg/detail/odometer__rosidl_typesupport_introspection_c.h
[1.127s] -- Up-to-date: /home/rhobtor/PHD/test_j8_hayat/J8/install/argj801_sensors_msgs/include/argj801_sensors_msgs/argj801_sensors_msgs/msg/detail/odometer__type_support.c
[1.127s] -- Up-to-date: /home/rhobtor/PHD/test_j8_hayat/J8/install/argj801_sensors_msgs/lib/libargj801_sensors_msgs__rosidl_typesupport_introspection_c.so
[1.127s] -- Up-to-date: /home/rhobtor/PHD/test_j8_hayat/J8/install/argj801_sensors_msgs/lib/libargj801_sensors_msgs__rosidl_typesupport_c.so
[1.127s] -- Up-to-date: /home/rhobtor/PHD/test_j8_hayat/J8/install/argj801_sensors_msgs/include/argj801_sensors_msgs/argj801_sensors_msgs
[1.127s] -- Up-to-date: /home/rhobtor/PHD/test_j8_hayat/J8/install/argj801_sensors_msgs/include/argj801_sensors_msgs/argj801_sensors_msgs/msg
[1.127s] -- Up-to-date: /home/rhobtor/PHD/test_j8_hayat/J8/install/argj801_sensors_msgs/include/argj801_sensors_msgs/argj801_sensors_msgs/msg/rosidl_generator_cpp__visibility_control.hpp
[1.127s] -- Up-to-date: /home/rhobtor/PHD/test_j8_hayat/J8/install/argj801_sensors_msgs/include/argj801_sensors_msgs/argj801_sensors_msgs/msg/odometer.hpp
[1.127s] -- Up-to-date: /home/rhobtor/PHD/test_j8_hayat/J8/install/argj801_sensors_msgs/include/argj801_sensors_msgs/argj801_sensors_msgs/msg/detail
[1.127s] -- Up-to-date: /home/rhobtor/PHD/test_j8_hayat/J8/install/argj801_sensors_msgs/include/argj801_sensors_msgs/argj801_sensors_msgs/msg/detail/odometer__builder.hpp
[1.127s] -- Up-to-date: /home/rhobtor/PHD/test_j8_hayat/J8/install/argj801_sensors_msgs/include/argj801_sensors_msgs/argj801_sensors_msgs/msg/detail/odometer__struct.hpp
[1.127s] -- Up-to-date: /home/rhobtor/PHD/test_j8_hayat/J8/install/argj801_sensors_msgs/include/argj801_sensors_msgs/argj801_sensors_msgs/msg/detail/motor_telemetry__builder.hpp
[1.127s] -- Up-to-date: /home/rhobtor/PHD/test_j8_hayat/J8/install/argj801_sensors_msgs/include/argj801_sensors_msgs/argj801_sensors_msgs/msg/detail/odometer__type_support.hpp
[1.127s] -- Up-to-date: /home/rhobtor/PHD/test_j8_hayat/J8/install/argj801_sensors_msgs/include/argj801_sensors_msgs/argj801_sensors_msgs/msg/detail/motor_telemetry__struct.hpp
[1.128s] -- Up-to-date: /home/rhobtor/PHD/test_j8_hayat/J8/install/argj801_sensors_msgs/include/argj801_sensors_msgs/argj801_sensors_msgs/msg/detail/motor_telemetry__type_support.hpp
[1.128s] -- Up-to-date: /home/rhobtor/PHD/test_j8_hayat/J8/install/argj801_sensors_msgs/include/argj801_sensors_msgs/argj801_sensors_msgs/msg/detail/motor_telemetry__traits.hpp
[1.128s] -- Up-to-date: /home/rhobtor/PHD/test_j8_hayat/J8/install/argj801_sensors_msgs/include/argj801_sensors_msgs/argj801_sensors_msgs/msg/detail/odometer__traits.hpp
[1.128s] -- Up-to-date: /home/rhobtor/PHD/test_j8_hayat/J8/install/argj801_sensors_msgs/include/argj801_sensors_msgs/argj801_sensors_msgs/msg/motor_telemetry.hpp
[1.128s] -- Up-to-date: /home/rhobtor/PHD/test_j8_hayat/J8/install/argj801_sensors_msgs/include/argj801_sensors_msgs/argj801_sensors_msgs
[1.128s] -- Up-to-date: /home/rhobtor/PHD/test_j8_hayat/J8/install/argj801_sensors_msgs/include/argj801_sensors_msgs/argj801_sensors_msgs/msg
[1.128s] -- Up-to-date: /home/rhobtor/PHD/test_j8_hayat/J8/install/argj801_sensors_msgs/include/argj801_sensors_msgs/argj801_sensors_msgs/msg/rosidl_typesupport_fastrtps_cpp__visibility_control.h
[1.129s] -- Up-to-date: /home/rhobtor/PHD/test_j8_hayat/J8/install/argj801_sensors_msgs/include/argj801_sensors_msgs/argj801_sensors_msgs/msg/detail
[1.129s] -- Up-to-date: /home/rhobtor/PHD/test_j8_hayat/J8/install/argj801_sensors_msgs/include/argj801_sensors_msgs/argj801_sensors_msgs/msg/detail/motor_telemetry__rosidl_typesupport_fastrtps_cpp.hpp
[1.129s] -- Up-to-date: /home/rhobtor/PHD/test_j8_hayat/J8/install/argj801_sensors_msgs/include/argj801_sensors_msgs/argj801_sensors_msgs/msg/detail/dds_fastrtps
[1.129s] -- Up-to-date: /home/rhobtor/PHD/test_j8_hayat/J8/install/argj801_sensors_msgs/include/argj801_sensors_msgs/argj801_sensors_msgs/msg/detail/odometer__rosidl_typesupport_fastrtps_cpp.hpp
[1.129s] -- Up-to-date: /home/rhobtor/PHD/test_j8_hayat/J8/install/argj801_sensors_msgs/lib/libargj801_sensors_msgs__rosidl_typesupport_fastrtps_cpp.so
[1.129s] -- Up-to-date: /home/rhobtor/PHD/test_j8_hayat/J8/install/argj801_sensors_msgs/include/argj801_sensors_msgs/argj801_sensors_msgs
[1.129s] -- Up-to-date: /home/rhobtor/PHD/test_j8_hayat/J8/install/argj801_sensors_msgs/include/argj801_sensors_msgs/argj801_sensors_msgs/msg
[1.129s] -- Up-to-date: /home/rhobtor/PHD/test_j8_hayat/J8/install/argj801_sensors_msgs/include/argj801_sensors_msgs/argj801_sensors_msgs/msg/detail
[1.129s] -- Up-to-date: /home/rhobtor/PHD/test_j8_hayat/J8/install/argj801_sensors_msgs/include/argj801_sensors_msgs/argj801_sensors_msgs/msg/detail/odometer__type_support.cpp
[1.129s] -- Up-to-date: /home/rhobtor/PHD/test_j8_hayat/J8/install/argj801_sensors_msgs/include/argj801_sensors_msgs/argj801_sensors_msgs/msg/detail/odometer__rosidl_typesupport_introspection_cpp.hpp
[1.129s] -- Up-to-date: /home/rhobtor/PHD/test_j8_hayat/J8/install/argj801_sensors_msgs/include/argj801_sensors_msgs/argj801_sensors_msgs/msg/detail/motor_telemetry__rosidl_typesupport_introspection_cpp.hpp
[1.129s] -- Up-to-date: /home/rhobtor/PHD/test_j8_hayat/J8/install/argj801_sensors_msgs/include/argj801_sensors_msgs/argj801_sensors_msgs/msg/detail/motor_telemetry__type_support.cpp
[1.129s] -- Up-to-date: /home/rhobtor/PHD/test_j8_hayat/J8/install/argj801_sensors_msgs/lib/libargj801_sensors_msgs__rosidl_typesupport_introspection_cpp.so
[1.129s] -- Up-to-date: /home/rhobtor/PHD/test_j8_hayat/J8/install/argj801_sensors_msgs/lib/libargj801_sensors_msgs__rosidl_typesupport_cpp.so
[1.129s] -- Up-to-date: /home/rhobtor/PHD/test_j8_hayat/J8/install/argj801_sensors_msgs/share/argj801_sensors_msgs/environment/pythonpath.sh
[1.129s] -- Up-to-date: /home/rhobtor/PHD/test_j8_hayat/J8/install/argj801_sensors_msgs/share/argj801_sensors_msgs/environment/pythonpath.dsv
[1.129s] -- Up-to-date: /home/rhobtor/PHD/test_j8_hayat/J8/install/argj801_sensors_msgs/local/lib/python3.10/dist-packages/argj801_sensors_msgs-0.0.0-py3.10.egg-info
[1.130s] -- Installing: /home/rhobtor/PHD/test_j8_hayat/J8/install/argj801_sensors_msgs/local/lib/python3.10/dist-packages/argj801_sensors_msgs-0.0.0-py3.10.egg-info/top_level.txt
[1.130s] -- Installing: /home/rhobtor/PHD/test_j8_hayat/J8/install/argj801_sensors_msgs/local/lib/python3.10/dist-packages/argj801_sensors_msgs-0.0.0-py3.10.egg-info/SOURCES.txt
[1.130s] -- Installing: /home/rhobtor/PHD/test_j8_hayat/J8/install/argj801_sensors_msgs/local/lib/python3.10/dist-packages/argj801_sensors_msgs-0.0.0-py3.10.egg-info/PKG-INFO
[1.130s] -- Installing: /home/rhobtor/PHD/test_j8_hayat/J8/install/argj801_sensors_msgs/local/lib/python3.10/dist-packages/argj801_sensors_msgs-0.0.0-py3.10.egg-info/dependency_links.txt
[1.130s] -- Up-to-date: /home/rhobtor/PHD/test_j8_hayat/J8/install/argj801_sensors_msgs/local/lib/python3.10/dist-packages/argj801_sensors_msgs
[1.130s] -- Up-to-date: /home/rhobtor/PHD/test_j8_hayat/J8/install/argj801_sensors_msgs/local/lib/python3.10/dist-packages/argj801_sensors_msgs/_argj801_sensors_msgs_s.ep.rosidl_typesupport_introspection_c.c
[1.130s] -- Up-to-date: /home/rhobtor/PHD/test_j8_hayat/J8/install/argj801_sensors_msgs/local/lib/python3.10/dist-packages/argj801_sensors_msgs/argj801_sensors_msgs_s__rosidl_typesupport_c.cpython-310-x86_64-linux-gnu.so
[1.132s] -- Up-to-date: /home/rhobtor/PHD/test_j8_hayat/J8/install/argj801_sensors_msgs/local/lib/python3.10/dist-packages/argj801_sensors_msgs/argj801_sensors_msgs_s__rosidl_typesupport_fastrtps_c.cpython-310-x86_64-linux-gnu.so
[1.132s] -- Up-to-date: /home/rhobtor/PHD/test_j8_hayat/J8/install/argj801_sensors_msgs/local/lib/python3.10/dist-packages/argj801_sensors_msgs/libargj801_sensors_msgs__rosidl_generator_py.so
[1.132s] -- Up-to-date: /home/rhobtor/PHD/test_j8_hayat/J8/install/argj801_sensors_msgs/local/lib/python3.10/dist-packages/argj801_sensors_msgs/__init__.py
[1.132s] -- Up-to-date: /home/rhobtor/PHD/test_j8_hayat/J8/install/argj801_sensors_msgs/local/lib/python3.10/dist-packages/argj801_sensors_msgs/argj801_sensors_msgs_s__rosidl_typesupport_introspection_c.cpython-310-x86_64-linux-gnu.so
[1.132s] -- Up-to-date: /home/rhobtor/PHD/test_j8_hayat/J8/install/argj801_sensors_msgs/local/lib/python3.10/dist-packages/argj801_sensors_msgs/_argj801_sensors_msgs_s.ep.rosidl_typesupport_c.c
[1.132s] -- Up-to-date: /home/rhobtor/PHD/test_j8_hayat/J8/install/argj801_sensors_msgs/local/lib/python3.10/dist-packages/argj801_sensors_msgs/_argj801_sensors_msgs_s.ep.rosidl_typesupport_fastrtps_c.c
[1.132s] -- Up-to-date: /home/rhobtor/PHD/test_j8_hayat/J8/install/argj801_sensors_msgs/local/lib/python3.10/dist-packages/argj801_sensors_msgs/msg
[1.132s] -- Up-to-date: /home/rhobtor/PHD/test_j8_hayat/J8/install/argj801_sensors_msgs/local/lib/python3.10/dist-packages/argj801_sensors_msgs/msg/_motor_telemetry_s.c
[1.132s] -- Up-to-date: /home/rhobtor/PHD/test_j8_hayat/J8/install/argj801_sensors_msgs/local/lib/python3.10/dist-packages/argj801_sensors_msgs/msg/_motor_telemetry.py
[1.132s] -- Up-to-date: /home/rhobtor/PHD/test_j8_hayat/J8/install/argj801_sensors_msgs/local/lib/python3.10/dist-packages/argj801_sensors_msgs/msg/__init__.py
[1.132s] -- Up-to-date: /home/rhobtor/PHD/test_j8_hayat/J8/install/argj801_sensors_msgs/local/lib/python3.10/dist-packages/argj801_sensors_msgs/msg/_odometer_s.c
[1.132s] -- Up-to-date: /home/rhobtor/PHD/test_j8_hayat/J8/install/argj801_sensors_msgs/local/lib/python3.10/dist-packages/argj801_sensors_msgs/msg/_odometer.py
[1.133s] Listing '/home/rhobtor/PHD/test_j8_hayat/J8/install/argj801_sensors_msgs/local/lib/python3.10/dist-packages/argj801_sensors_msgs'...
[1.133s] Listing '/home/rhobtor/PHD/test_j8_hayat/J8/install/argj801_sensors_msgs/local/lib/python3.10/dist-packages/argj801_sensors_msgs/msg'...
[1.133s] -- Up-to-date: /home/rhobtor/PHD/test_j8_hayat/J8/install/argj801_sensors_msgs/local/lib/python3.10/dist-packages/argj801_sensors_msgs/argj801_sensors_msgs_s__rosidl_typesupport_fastrtps_c.cpython-310-x86_64-linux-gnu.so
[1.133s] -- Up-to-date: /home/rhobtor/PHD/test_j8_hayat/J8/install/argj801_sensors_msgs/local/lib/python3.10/dist-packages/argj801_sensors_msgs/argj801_sensors_msgs_s__rosidl_typesupport_introspection_c.cpython-310-x86_64-linux-gnu.so
[1.133s] -- Up-to-date: /home/rhobtor/PHD/test_j8_hayat/J8/install/argj801_sensors_msgs/local/lib/python3.10/dist-packages/argj801_sensors_msgs/argj801_sensors_msgs_s__rosidl_typesupport_c.cpython-310-x86_64-linux-gnu.so
[1.133s] -- Up-to-date: /home/rhobtor/PHD/test_j8_hayat/J8/install/argj801_sensors_msgs/lib/libargj801_sensors_msgs__rosidl_generator_py.so
[1.133s] -- Up-to-date: /home/rhobtor/PHD/test_j8_hayat/J8/install/argj801_sensors_msgs/share/ament_index/resource_index/rust_packages/argj801_sensors_msgs
[1.133s] -- Up-to-date: /home/rhobtor/PHD/test_j8_hayat/J8/install/argj801_sensors_msgs/share/argj801_sensors_msgs/rust
[1.133s] -- Up-to-date: /home/rhobtor/PHD/test_j8_hayat/J8/install/argj801_sensors_msgs/share/argj801_sensors_msgs/rust/src
[1.133s] -- Up-to-date: /home/rhobtor/PHD/test_j8_hayat/J8/install/argj801_sensors_msgs/share/argj801_sensors_msgs/rust/src/lib.rs
[1.133s] -- Up-to-date: /home/rhobtor/PHD/test_j8_hayat/J8/install/argj801_sensors_msgs/share/argj801_sensors_msgs/rust/src/msg.rs
[1.133s] -- Up-to-date: /home/rhobtor/PHD/test_j8_hayat/J8/install/argj801_sensors_msgs/share/argj801_sensors_msgs/rust/src/msg
[1.133s] -- Up-to-date: /home/rhobtor/PHD/test_j8_hayat/J8/install/argj801_sensors_msgs/share/argj801_sensors_msgs/rust/src/msg/rmw.rs
[1.133s] -- Up-to-date: /home/rhobtor/PHD/test_j8_hayat/J8/install/argj801_sensors_msgs/share/argj801_sensors_msgs/rust/Cargo.toml
[1.133s] -- Up-to-date: /home/rhobtor/PHD/test_j8_hayat/J8/install/argj801_sensors_msgs/share/argj801_sensors_msgs/rust/build.rs
[1.137s] -- Up-to-date: /home/rhobtor/PHD/test_j8_hayat/J8/install/argj801_sensors_msgs/share/argj801_sensors_msgs/msg/MotorTelemetry.idl
[1.138s] -- Up-to-date: /home/rhobtor/PHD/test_j8_hayat/J8/install/argj801_sensors_msgs/share/argj801_sensors_msgs/msg/Odometer.idl
[1.138s] -- Up-to-date: /home/rhobtor/PHD/test_j8_hayat/J8/install/argj801_sensors_msgs/share/argj801_sensors_msgs/msg/MotorTelemetry.msg
[1.138s] -- Up-to-date: /home/rhobtor/PHD/test_j8_hayat/J8/install/argj801_sensors_msgs/share/argj801_sensors_msgs/msg/Odometer.msg
[1.138s] -- Up-to-date: /home/rhobtor/PHD/test_j8_hayat/J8/install/argj801_sensors_msgs/share/ament_index/resource_index/package_run_dependencies/argj801_sensors_msgs
[1.138s] -- Up-to-date: /home/rhobtor/PHD/test_j8_hayat/J8/install/argj801_sensors_msgs/share/ament_index/resource_index/parent_prefix_path/argj801_sensors_msgs
[1.138s] -- Up-to-date: /home/rhobtor/PHD/test_j8_hayat/J8/install/argj801_sensors_msgs/share/argj801_sensors_msgs/environment/ament_prefix_path.sh
[1.138s] -- Up-to-date: /home/rhobtor/PHD/test_j8_hayat/J8/install/argj801_sensors_msgs/share/argj801_sensors_msgs/environment/ament_prefix_path.dsv
[1.138s] -- Up-to-date: /home/rhobtor/PHD/test_j8_hayat/J8/install/argj801_sensors_msgs/share/argj801_sensors_msgs/environment/path.sh
[1.138s] -- Up-to-date: /home/rhobtor/PHD/test_j8_hayat/J8/install/argj801_sensors_msgs/share/argj801_sensors_msgs/environment/path.dsv
[1.138s] -- Up-to-date: /home/rhobtor/PHD/test_j8_hayat/J8/install/argj801_sensors_msgs/share/argj801_sensors_msgs/local_setup.bash
[1.138s] -- Up-to-date: /home/rhobtor/PHD/test_j8_hayat/J8/install/argj801_sensors_msgs/share/argj801_sensors_msgs/local_setup.sh
[1.138s] -- Up-to-date: /home/rhobtor/PHD/test_j8_hayat/J8/install/argj801_sensors_msgs/share/argj801_sensors_msgs/local_setup.zsh
[1.138s] -- Up-to-date: /home/rhobtor/PHD/test_j8_hayat/J8/install/argj801_sensors_msgs/share/argj801_sensors_msgs/local_setup.dsv
[1.138s] -- Installing: /home/rhobtor/PHD/test_j8_hayat/J8/install/argj801_sensors_msgs/share/argj801_sensors_msgs/package.dsv
[1.138s] -- Up-to-date: /home/rhobtor/PHD/test_j8_hayat/J8/install/argj801_sensors_msgs/share/ament_index/resource_index/packages/argj801_sensors_msgs
[1.138s] -- Up-to-date: /home/rhobtor/PHD/test_j8_hayat/J8/install/argj801_sensors_msgs/share/argj801_sensors_msgs/cmake/export_argj801_sensors_msgs__rosidl_generator_cExport.cmake
[1.138s] -- Up-to-date: /home/rhobtor/PHD/test_j8_hayat/J8/install/argj801_sensors_msgs/share/argj801_sensors_msgs/cmake/export_argj801_sensors_msgs__rosidl_generator_cExport-noconfig.cmake
[1.138s] -- Up-to-date: /home/rhobtor/PHD/test_j8_hayat/J8/install/argj801_sensors_msgs/share/argj801_sensors_msgs/cmake/export_argj801_sensors_msgs__rosidl_typesupport_fastrtps_cExport.cmake
[1.138s] -- Up-to-date: /home/rhobtor/PHD/test_j8_hayat/J8/install/argj801_sensors_msgs/share/argj801_sensors_msgs/cmake/export_argj801_sensors_msgs__rosidl_typesupport_fastrtps_cExport-noconfig.cmake
[1.138s] -- Up-to-date: /home/rhobtor/PHD/test_j8_hayat/J8/install/argj801_sensors_msgs/share/argj801_sensors_msgs/cmake/argj801_sensors_msgs__rosidl_typesupport_introspection_cExport.cmake
[1.138s] -- Up-to-date: /home/rhobtor/PHD/test_j8_hayat/J8/install/argj801_sensors_msgs/share/argj801_sensors_msgs/cmake/argj801_sensors_msgs__rosidl_typesupport_introspection_cExport-noconfig.cmake
[1.139s] -- Up-to-date: /home/rhobtor/PHD/test_j8_hayat/J8/install/argj801_sensors_msgs/share/argj801_sensors_msgs/cmake/argj801_sensors_msgs__rosidl_typesupport_cExport.cmake
[1.139s] -- Up-to-date: /home/rhobtor/PHD/test_j8_hayat/J8/install/argj801_sensors_msgs/share/argj801_sensors_msgs/cmake/argj801_sensors_msgs__rosidl_typesupport_cExport-noconfig.cmake
[1.139s] -- Up-to-date: /home/rhobtor/PHD/test_j8_hayat/J8/install/argj801_sensors_msgs/share/argj801_sensors_msgs/cmake/export_argj801_sensors_msgs__rosidl_generator_cppExport.cmake
[1.139s] -- Up-to-date: /home/rhobtor/PHD/test_j8_hayat/J8/install/argj801_sensors_msgs/share/argj801_sensors_msgs/cmake/export_argj801_sensors_msgs__rosidl_typesupport_fastrtps_cppExport.cmake
[1.139s] -- Up-to-date: /home/rhobtor/PHD/test_j8_hayat/J8/install/argj801_sensors_msgs/share/argj801_sensors_msgs/cmake/export_argj801_sensors_msgs__rosidl_typesupport_fastrtps_cppExport-noconfig.cmake
[1.140s] -- Up-to-date: /home/rhobtor/PHD/test_j8_hayat/J8/install/argj801_sensors_msgs/share/argj801_sensors_msgs/cmake/argj801_sensors_msgs__rosidl_typesupport_introspection_cppExport.cmake
[1.140s] -- Up-to-date: /home/rhobtor/PHD/test_j8_hayat/J8/install/argj801_sensors_msgs/share/argj801_sensors_msgs/cmake/argj801_sensors_msgs__rosidl_typesupport_introspection_cppExport-noconfig.cmake
[1.140s] -- Up-to-date: /home/rhobtor/PHD/test_j8_hayat/J8/install/argj801_sensors_msgs/share/argj801_sensors_msgs/cmake/argj801_sensors_msgs__rosidl_typesupport_cppExport.cmake
[1.140s] -- Up-to-date: /home/rhobtor/PHD/test_j8_hayat/J8/install/argj801_sensors_msgs/share/argj801_sensors_msgs/cmake/argj801_sensors_msgs__rosidl_typesupport_cppExport-noconfig.cmake
[1.140s] -- Up-to-date: /home/rhobtor/PHD/test_j8_hayat/J8/install/argj801_sensors_msgs/share/argj801_sensors_msgs/cmake/export_argj801_sensors_msgs__rosidl_generator_pyExport.cmake
[1.140s] -- Up-to-date: /home/rhobtor/PHD/test_j8_hayat/J8/install/argj801_sensors_msgs/share/argj801_sensors_msgs/cmake/export_argj801_sensors_msgs__rosidl_generator_pyExport-noconfig.cmake
[1.140s] -- Up-to-date: /home/rhobtor/PHD/test_j8_hayat/J8/install/argj801_sensors_msgs/share/argj801_sensors_msgs/cmake/rosidl_cmake-extras.cmake
[1.140s] -- Up-to-date: /home/rhobtor/PHD/test_j8_hayat/J8/install/argj801_sensors_msgs/share/argj801_sensors_msgs/cmake/ament_cmake_export_dependencies-extras.cmake
[1.140s] -- Up-to-date: /home/rhobtor/PHD/test_j8_hayat/J8/install/argj801_sensors_msgs/share/argj801_sensors_msgs/cmake/ament_cmake_export_include_directories-extras.cmake
[1.140s] -- Up-to-date: /home/rhobtor/PHD/test_j8_hayat/J8/install/argj801_sensors_msgs/share/argj801_sensors_msgs/cmake/ament_cmake_export_libraries-extras.cmake
[1.140s] -- Up-to-date: /home/rhobtor/PHD/test_j8_hayat/J8/install/argj801_sensors_msgs/share/argj801_sensors_msgs/cmake/ament_cmake_export_targets-extras.cmake
[1.140s] -- Up-to-date: /home/rhobtor/PHD/test_j8_hayat/J8/install/argj801_sensors_msgs/share/argj801_sensors_msgs/cmake/rosidl_cmake_export_typesupport_targets-extras.cmake
[1.140s] -- Up-to-date: /home/rhobtor/PHD/test_j8_hayat/J8/install/argj801_sensors_msgs/share/argj801_sensors_msgs/cmake/rosidl_cmake_export_typesupport_libraries-extras.cmake
[1.140s] -- Up-to-date: /home/rhobtor/PHD/test_j8_hayat/J8/install/argj801_sensors_msgs/share/argj801_sensors_msgs/cmake/argj801_sensors_msgsConfig.cmake
[1.140s] -- Up-to-date: /home/rhobtor/PHD/test_j8_hayat/J8/install/argj801_sensors_msgs/share/argj801_sensors_msgs/cmake/argj801_sensors_msgsConfig-version.cmake
[1.140s] -- Up-to-date: /home/rhobtor/PHD/test_j8_hayat/J8/install/argj801_sensors_msgs/share/argj801_sensors_msgs/package.xml
[1.213s] Invoked command in '/home/rhobtor/PHD/test_j8_hayat/J8/build/argj801_sensors_msgs' returned '0': CMAKE_PREFIX_PATH=${CMAKE_PREFIX_PATH}:/home/rhobtor/PHD/test_j8_hayat/J8/install/ntrip_client:/home/rhobtor/PHD/test_j8_hayat/J8/install/j8_gui:/home/rhobtor/PHD/test_j8_hayat/J8/install/android_ros2_server:/home/rhobtor/PHD/test_j8_hayat/J8/install/GUI_pkg:/home/rhobtor/PHD/ARGOJ8_IA/ARGOSJ8_IA_/install/ntrip_client:/home/rhobtor/PHD/ARGOJ8_IA/ARGOSJ8_IA_/install/j8_gui:/home/rhobtor/PHD/ARGOJ8_IA/ARGOSJ8_IA_/install/car:/home/rhobtor/PHD/ARGOJ8_IA/ARGOSJ8_IA_/install/android_ros2_server:/home/rhobtor/PHD/ARGOJ8_IA/ARGOSJ8_IA_/install/GUI_pkg:/opt/ros/humble /opt/st/stm32cubeclt_1.18.0/CMake/bin/cmake --install /home/rhobtor/PHD/test_j8_hayat/J8/build/argj801_sensors_msgs
