/home/rhobtor/.local/lib/python3.10/site-packages/setuptools/_distutils/dist.py:289: UserWarning: Unknown distribution option: 'tests_require'
  warnings.warn(msg)
Sorry: IndentationError: unexpected indent (tabs.py, line 415)
running egg_info
creating ../../build/GUI_pkg/GUI_pkg.egg-info
writing ../../build/GUI_pkg/GUI_pkg.egg-info/PKG-INFO
writing dependency_links to ../../build/GUI_pkg/GUI_pkg.egg-info/dependency_links.txt
writing entry points to ../../build/GUI_pkg/GUI_pkg.egg-info/entry_points.txt
writing requirements to ../../build/GUI_pkg/GUI_pkg.egg-info/requires.txt
writing top-level names to ../../build/GUI_pkg/GUI_pkg.egg-info/top_level.txt
writing manifest file '../../build/GUI_pkg/GUI_pkg.egg-info/SOURCES.txt'
reading manifest file '../../build/GUI_pkg/GUI_pkg.egg-info/SOURCES.txt'
writing manifest file '../../build/GUI_pkg/GUI_pkg.egg-info/SOURCES.txt'
running build
running build_py
creating /home/rhobtor/PHD/test_j8_hayat/J8/build/GUI_pkg/build/lib/GUI_pkg
copying GUI_pkg/tabs.py -> /home/rhobtor/PHD/test_j8_hayat/J8/build/GUI_pkg/build/lib/GUI_pkg
copying GUI_pkg/profiler.py -> /home/rhobtor/PHD/test_j8_hayat/J8/build/GUI_pkg/build/lib/GUI_pkg
copying GUI_pkg/profile_analisys.py -> /home/rhobtor/PHD/test_j8_hayat/J8/build/GUI_pkg/build/lib/GUI_pkg
copying GUI_pkg/ui_form.py -> /home/rhobtor/PHD/test_j8_hayat/J8/build/GUI_pkg/build/lib/GUI_pkg
copying GUI_pkg/path_utils.py -> /home/rhobtor/PHD/test_j8_hayat/J8/build/GUI_pkg/build/lib/GUI_pkg
copying GUI_pkg/__init__.py -> /home/rhobtor/PHD/test_j8_hayat/J8/build/GUI_pkg/build/lib/GUI_pkg
copying GUI_pkg/ros_classes.py -> /home/rhobtor/PHD/test_j8_hayat/J8/build/GUI_pkg/build/lib/GUI_pkg
copying GUI_pkg/mainwindow.py -> /home/rhobtor/PHD/test_j8_hayat/J8/build/GUI_pkg/build/lib/GUI_pkg
copying GUI_pkg/ui_tabs.py -> /home/rhobtor/PHD/test_j8_hayat/J8/build/GUI_pkg/build/lib/GUI_pkg
copying GUI_pkg/geonav_conversions.py -> /home/rhobtor/PHD/test_j8_hayat/J8/build/GUI_pkg/build/lib/GUI_pkg
copying GUI_pkg/zoom_image_handler.py -> /home/rhobtor/PHD/test_j8_hayat/J8/build/GUI_pkg/build/lib/GUI_pkg
copying GUI_pkg/gui_node.py -> /home/rhobtor/PHD/test_j8_hayat/J8/build/GUI_pkg/build/lib/GUI_pkg
creating /home/rhobtor/PHD/test_j8_hayat/J8/build/GUI_pkg/build/lib/GUI_pkg/cythonized_code
copying GUI_pkg/cythonized_code/setup.py -> /home/rhobtor/PHD/test_j8_hayat/J8/build/GUI_pkg/build/lib/GUI_pkg/cythonized_code
copying GUI_pkg/cythonized_code/__init__.py -> /home/rhobtor/PHD/test_j8_hayat/J8/build/GUI_pkg/build/lib/GUI_pkg/cythonized_code
running install
running install_lib
creating /home/rhobtor/PHD/test_j8_hayat/J8/install/GUI_pkg/lib/python3.10/site-packages/GUI_pkg
copying /home/rhobtor/PHD/test_j8_hayat/J8/build/GUI_pkg/build/lib/GUI_pkg/tabs.py -> /home/rhobtor/PHD/test_j8_hayat/J8/install/GUI_pkg/lib/python3.10/site-packages/GUI_pkg
copying /home/rhobtor/PHD/test_j8_hayat/J8/build/GUI_pkg/build/lib/GUI_pkg/profiler.py -> /home/rhobtor/PHD/test_j8_hayat/J8/install/GUI_pkg/lib/python3.10/site-packages/GUI_pkg
copying /home/rhobtor/PHD/test_j8_hayat/J8/build/GUI_pkg/build/lib/GUI_pkg/profile_analisys.py -> /home/rhobtor/PHD/test_j8_hayat/J8/install/GUI_pkg/lib/python3.10/site-packages/GUI_pkg
copying /home/rhobtor/PHD/test_j8_hayat/J8/build/GUI_pkg/build/lib/GUI_pkg/ui_form.py -> /home/rhobtor/PHD/test_j8_hayat/J8/install/GUI_pkg/lib/python3.10/site-packages/GUI_pkg
copying /home/rhobtor/PHD/test_j8_hayat/J8/build/GUI_pkg/build/lib/GUI_pkg/path_utils.py -> /home/rhobtor/PHD/test_j8_hayat/J8/install/GUI_pkg/lib/python3.10/site-packages/GUI_pkg
copying /home/rhobtor/PHD/test_j8_hayat/J8/build/GUI_pkg/build/lib/GUI_pkg/__init__.py -> /home/rhobtor/PHD/test_j8_hayat/J8/install/GUI_pkg/lib/python3.10/site-packages/GUI_pkg
copying /home/rhobtor/PHD/test_j8_hayat/J8/build/GUI_pkg/build/lib/GUI_pkg/ros_classes.py -> /home/rhobtor/PHD/test_j8_hayat/J8/install/GUI_pkg/lib/python3.10/site-packages/GUI_pkg
copying /home/rhobtor/PHD/test_j8_hayat/J8/build/GUI_pkg/build/lib/GUI_pkg/mainwindow.py -> /home/rhobtor/PHD/test_j8_hayat/J8/install/GUI_pkg/lib/python3.10/site-packages/GUI_pkg
creating /home/rhobtor/PHD/test_j8_hayat/J8/install/GUI_pkg/lib/python3.10/site-packages/GUI_pkg/cythonized_code
copying /home/rhobtor/PHD/test_j8_hayat/J8/build/GUI_pkg/build/lib/GUI_pkg/cythonized_code/setup.py -> /home/rhobtor/PHD/test_j8_hayat/J8/install/GUI_pkg/lib/python3.10/site-packages/GUI_pkg/cythonized_code
copying /home/rhobtor/PHD/test_j8_hayat/J8/build/GUI_pkg/build/lib/GUI_pkg/cythonized_code/__init__.py -> /home/rhobtor/PHD/test_j8_hayat/J8/install/GUI_pkg/lib/python3.10/site-packages/GUI_pkg/cythonized_code
copying /home/rhobtor/PHD/test_j8_hayat/J8/build/GUI_pkg/build/lib/GUI_pkg/ui_tabs.py -> /home/rhobtor/PHD/test_j8_hayat/J8/install/GUI_pkg/lib/python3.10/site-packages/GUI_pkg
copying /home/rhobtor/PHD/test_j8_hayat/J8/build/GUI_pkg/build/lib/GUI_pkg/geonav_conversions.py -> /home/rhobtor/PHD/test_j8_hayat/J8/install/GUI_pkg/lib/python3.10/site-packages/GUI_pkg
copying /home/rhobtor/PHD/test_j8_hayat/J8/build/GUI_pkg/build/lib/GUI_pkg/zoom_image_handler.py -> /home/rhobtor/PHD/test_j8_hayat/J8/install/GUI_pkg/lib/python3.10/site-packages/GUI_pkg
copying /home/rhobtor/PHD/test_j8_hayat/J8/build/GUI_pkg/build/lib/GUI_pkg/gui_node.py -> /home/rhobtor/PHD/test_j8_hayat/J8/install/GUI_pkg/lib/python3.10/site-packages/GUI_pkg
byte-compiling /home/rhobtor/PHD/test_j8_hayat/J8/install/GUI_pkg/lib/python3.10/site-packages/GUI_pkg/tabs.py to tabs.cpython-310.pyc
byte-compiling /home/rhobtor/PHD/test_j8_hayat/J8/install/GUI_pkg/lib/python3.10/site-packages/GUI_pkg/profiler.py to profiler.cpython-310.pyc
byte-compiling /home/rhobtor/PHD/test_j8_hayat/J8/install/GUI_pkg/lib/python3.10/site-packages/GUI_pkg/profile_analisys.py to profile_analisys.cpython-310.pyc
byte-compiling /home/rhobtor/PHD/test_j8_hayat/J8/install/GUI_pkg/lib/python3.10/site-packages/GUI_pkg/ui_form.py to ui_form.cpython-310.pyc
byte-compiling /home/rhobtor/PHD/test_j8_hayat/J8/install/GUI_pkg/lib/python3.10/site-packages/GUI_pkg/path_utils.py to path_utils.cpython-310.pyc
byte-compiling /home/rhobtor/PHD/test_j8_hayat/J8/install/GUI_pkg/lib/python3.10/site-packages/GUI_pkg/__init__.py to __init__.cpython-310.pyc
byte-compiling /home/rhobtor/PHD/test_j8_hayat/J8/install/GUI_pkg/lib/python3.10/site-packages/GUI_pkg/ros_classes.py to ros_classes.cpython-310.pyc
byte-compiling /home/rhobtor/PHD/test_j8_hayat/J8/install/GUI_pkg/lib/python3.10/site-packages/GUI_pkg/mainwindow.py to mainwindow.cpython-310.pyc
byte-compiling /home/rhobtor/PHD/test_j8_hayat/J8/install/GUI_pkg/lib/python3.10/site-packages/GUI_pkg/cythonized_code/setup.py to setup.cpython-310.pyc
byte-compiling /home/rhobtor/PHD/test_j8_hayat/J8/install/GUI_pkg/lib/python3.10/site-packages/GUI_pkg/cythonized_code/__init__.py to __init__.cpython-310.pyc
byte-compiling /home/rhobtor/PHD/test_j8_hayat/J8/install/GUI_pkg/lib/python3.10/site-packages/GUI_pkg/ui_tabs.py to ui_tabs.cpython-310.pyc
byte-compiling /home/rhobtor/PHD/test_j8_hayat/J8/install/GUI_pkg/lib/python3.10/site-packages/GUI_pkg/geonav_conversions.py to geonav_conversions.cpython-310.pyc
byte-compiling /home/rhobtor/PHD/test_j8_hayat/J8/install/GUI_pkg/lib/python3.10/site-packages/GUI_pkg/zoom_image_handler.py to zoom_image_handler.cpython-310.pyc
byte-compiling /home/rhobtor/PHD/test_j8_hayat/J8/install/GUI_pkg/lib/python3.10/site-packages/GUI_pkg/gui_node.py to gui_node.cpython-310.pyc
running install_egg_info
Copying ../../build/GUI_pkg/GUI_pkg.egg-info to /home/rhobtor/PHD/test_j8_hayat/J8/install/GUI_pkg/lib/python3.10/site-packages/GUI_pkg-0.0.0-py3.10.egg-info
running install_scripts
Installing gui_node script to /home/rhobtor/PHD/test_j8_hayat/J8/install/GUI_pkg/lib/GUI_pkg
writing list of installed files to '/home/rhobtor/PHD/test_j8_hayat/J8/build/GUI_pkg/install.log'
