[4.358s] Invoking command in '/home/rhobtor/PHD/test_j8_hayat/J8/src/GUI_pkg': PYTHONPATH=/home/rhobtor/PHD/test_j8_hayat/J8/build/GUI_pkg/prefix_override:/usr/lib/python3/dist-packages/colcon_core/task/python/colcon_distutils_commands:/home/rhobtor/PHD/test_j8_hayat/J8/install/GUI_pkg/lib/python3.10/site-packages:${PYTHONPATH} /usr/bin/python3 -W ignore:setup.py install is deprecated -W ignore:easy_install command is deprecated setup.py egg_info --egg-base ../../build/GUI_pkg build --build-base /home/rhobtor/PHD/test_j8_hayat/J8/build/GUI_pkg/build install --record /home/rhobtor/PHD/test_j8_hayat/J8/build/GUI_pkg/install.log --single-version-externally-managed
[7.920s] /home/rhobtor/.local/lib/python3.10/site-packages/setuptools/_distutils/dist.py:289: UserWarning: Unknown distribution option: 'tests_require'
[7.920s]   warnings.warn(msg)
[7.920s] Sorry: IndentationError: unexpected indent (tabs.py, line 415)
[7.922s] running egg_info
[7.922s] creating ../../build/GUI_pkg/GUI_pkg.egg-info
[7.922s] writing ../../build/GUI_pkg/GUI_pkg.egg-info/PKG-INFO
[7.922s] writing dependency_links to ../../build/GUI_pkg/GUI_pkg.egg-info/dependency_links.txt
[7.923s] writing entry points to ../../build/GUI_pkg/GUI_pkg.egg-info/entry_points.txt
[7.923s] writing requirements to ../../build/GUI_pkg/GUI_pkg.egg-info/requires.txt
[7.923s] writing top-level names to ../../build/GUI_pkg/GUI_pkg.egg-info/top_level.txt
[7.923s] writing manifest file '../../build/GUI_pkg/GUI_pkg.egg-info/SOURCES.txt'
[7.923s] reading manifest file '../../build/GUI_pkg/GUI_pkg.egg-info/SOURCES.txt'
[7.923s] writing manifest file '../../build/GUI_pkg/GUI_pkg.egg-info/SOURCES.txt'
[7.923s] running build
[7.924s] running build_py
[7.924s] creating /home/rhobtor/PHD/test_j8_hayat/J8/build/GUI_pkg/build/lib/GUI_pkg
[7.924s] copying GUI_pkg/tabs.py -> /home/rhobtor/PHD/test_j8_hayat/J8/build/GUI_pkg/build/lib/GUI_pkg
[7.924s] copying GUI_pkg/profiler.py -> /home/rhobtor/PHD/test_j8_hayat/J8/build/GUI_pkg/build/lib/GUI_pkg
[7.924s] copying GUI_pkg/profile_analisys.py -> /home/rhobtor/PHD/test_j8_hayat/J8/build/GUI_pkg/build/lib/GUI_pkg
[7.924s] copying GUI_pkg/ui_form.py -> /home/rhobtor/PHD/test_j8_hayat/J8/build/GUI_pkg/build/lib/GUI_pkg
[7.924s] copying GUI_pkg/path_utils.py -> /home/rhobtor/PHD/test_j8_hayat/J8/build/GUI_pkg/build/lib/GUI_pkg
[7.925s] copying GUI_pkg/__init__.py -> /home/rhobtor/PHD/test_j8_hayat/J8/build/GUI_pkg/build/lib/GUI_pkg
[7.925s] copying GUI_pkg/ros_classes.py -> /home/rhobtor/PHD/test_j8_hayat/J8/build/GUI_pkg/build/lib/GUI_pkg
[7.925s] copying GUI_pkg/mainwindow.py -> /home/rhobtor/PHD/test_j8_hayat/J8/build/GUI_pkg/build/lib/GUI_pkg
[7.925s] copying GUI_pkg/ui_tabs.py -> /home/rhobtor/PHD/test_j8_hayat/J8/build/GUI_pkg/build/lib/GUI_pkg
[7.925s] copying GUI_pkg/geonav_conversions.py -> /home/rhobtor/PHD/test_j8_hayat/J8/build/GUI_pkg/build/lib/GUI_pkg
[7.925s] copying GUI_pkg/zoom_image_handler.py -> /home/rhobtor/PHD/test_j8_hayat/J8/build/GUI_pkg/build/lib/GUI_pkg
[7.926s] copying GUI_pkg/gui_node.py -> /home/rhobtor/PHD/test_j8_hayat/J8/build/GUI_pkg/build/lib/GUI_pkg
[7.926s] creating /home/rhobtor/PHD/test_j8_hayat/J8/build/GUI_pkg/build/lib/GUI_pkg/cythonized_code
[7.926s] copying GUI_pkg/cythonized_code/setup.py -> /home/rhobtor/PHD/test_j8_hayat/J8/build/GUI_pkg/build/lib/GUI_pkg/cythonized_code
[7.926s] copying GUI_pkg/cythonized_code/__init__.py -> /home/rhobtor/PHD/test_j8_hayat/J8/build/GUI_pkg/build/lib/GUI_pkg/cythonized_code
[7.926s] running install
[7.926s] running install_lib
[7.926s] creating /home/rhobtor/PHD/test_j8_hayat/J8/install/GUI_pkg/lib/python3.10/site-packages/GUI_pkg
[7.927s] copying /home/rhobtor/PHD/test_j8_hayat/J8/build/GUI_pkg/build/lib/GUI_pkg/tabs.py -> /home/rhobtor/PHD/test_j8_hayat/J8/install/GUI_pkg/lib/python3.10/site-packages/GUI_pkg
[7.927s] copying /home/rhobtor/PHD/test_j8_hayat/J8/build/GUI_pkg/build/lib/GUI_pkg/profiler.py -> /home/rhobtor/PHD/test_j8_hayat/J8/install/GUI_pkg/lib/python3.10/site-packages/GUI_pkg
[7.927s] copying /home/rhobtor/PHD/test_j8_hayat/J8/build/GUI_pkg/build/lib/GUI_pkg/profile_analisys.py -> /home/rhobtor/PHD/test_j8_hayat/J8/install/GUI_pkg/lib/python3.10/site-packages/GUI_pkg
[7.927s] copying /home/rhobtor/PHD/test_j8_hayat/J8/build/GUI_pkg/build/lib/GUI_pkg/ui_form.py -> /home/rhobtor/PHD/test_j8_hayat/J8/install/GUI_pkg/lib/python3.10/site-packages/GUI_pkg
[7.927s] copying /home/rhobtor/PHD/test_j8_hayat/J8/build/GUI_pkg/build/lib/GUI_pkg/path_utils.py -> /home/rhobtor/PHD/test_j8_hayat/J8/install/GUI_pkg/lib/python3.10/site-packages/GUI_pkg
[7.927s] copying /home/rhobtor/PHD/test_j8_hayat/J8/build/GUI_pkg/build/lib/GUI_pkg/__init__.py -> /home/rhobtor/PHD/test_j8_hayat/J8/install/GUI_pkg/lib/python3.10/site-packages/GUI_pkg
[7.928s] copying /home/rhobtor/PHD/test_j8_hayat/J8/build/GUI_pkg/build/lib/GUI_pkg/ros_classes.py -> /home/rhobtor/PHD/test_j8_hayat/J8/install/GUI_pkg/lib/python3.10/site-packages/GUI_pkg
[7.928s] copying /home/rhobtor/PHD/test_j8_hayat/J8/build/GUI_pkg/build/lib/GUI_pkg/mainwindow.py -> /home/rhobtor/PHD/test_j8_hayat/J8/install/GUI_pkg/lib/python3.10/site-packages/GUI_pkg
[7.928s] creating /home/rhobtor/PHD/test_j8_hayat/J8/install/GUI_pkg/lib/python3.10/site-packages/GUI_pkg/cythonized_code
[7.945s] copying /home/rhobtor/PHD/test_j8_hayat/J8/build/GUI_pkg/build/lib/GUI_pkg/cythonized_code/setup.py -> /home/rhobtor/PHD/test_j8_hayat/J8/install/GUI_pkg/lib/python3.10/site-packages/GUI_pkg/cythonized_code
[7.945s] copying /home/rhobtor/PHD/test_j8_hayat/J8/build/GUI_pkg/build/lib/GUI_pkg/cythonized_code/__init__.py -> /home/rhobtor/PHD/test_j8_hayat/J8/install/GUI_pkg/lib/python3.10/site-packages/GUI_pkg/cythonized_code
[7.946s] copying /home/rhobtor/PHD/test_j8_hayat/J8/build/GUI_pkg/build/lib/GUI_pkg/ui_tabs.py -> /home/rhobtor/PHD/test_j8_hayat/J8/install/GUI_pkg/lib/python3.10/site-packages/GUI_pkg
[7.946s] copying /home/rhobtor/PHD/test_j8_hayat/J8/build/GUI_pkg/build/lib/GUI_pkg/geonav_conversions.py -> /home/rhobtor/PHD/test_j8_hayat/J8/install/GUI_pkg/lib/python3.10/site-packages/GUI_pkg
[7.946s] copying /home/rhobtor/PHD/test_j8_hayat/J8/build/GUI_pkg/build/lib/GUI_pkg/zoom_image_handler.py -> /home/rhobtor/PHD/test_j8_hayat/J8/install/GUI_pkg/lib/python3.10/site-packages/GUI_pkg
[7.946s] copying /home/rhobtor/PHD/test_j8_hayat/J8/build/GUI_pkg/build/lib/GUI_pkg/gui_node.py -> /home/rhobtor/PHD/test_j8_hayat/J8/install/GUI_pkg/lib/python3.10/site-packages/GUI_pkg
[7.946s] byte-compiling /home/rhobtor/PHD/test_j8_hayat/J8/install/GUI_pkg/lib/python3.10/site-packages/GUI_pkg/tabs.py to tabs.cpython-310.pyc
[7.946s] byte-compiling /home/rhobtor/PHD/test_j8_hayat/J8/install/GUI_pkg/lib/python3.10/site-packages/GUI_pkg/profiler.py to profiler.cpython-310.pyc
[7.951s] byte-compiling /home/rhobtor/PHD/test_j8_hayat/J8/install/GUI_pkg/lib/python3.10/site-packages/GUI_pkg/profile_analisys.py to profile_analisys.cpython-310.pyc
[7.951s] byte-compiling /home/rhobtor/PHD/test_j8_hayat/J8/install/GUI_pkg/lib/python3.10/site-packages/GUI_pkg/ui_form.py to ui_form.cpython-310.pyc
[7.952s] byte-compiling /home/rhobtor/PHD/test_j8_hayat/J8/install/GUI_pkg/lib/python3.10/site-packages/GUI_pkg/path_utils.py to path_utils.cpython-310.pyc
[7.952s] byte-compiling /home/rhobtor/PHD/test_j8_hayat/J8/install/GUI_pkg/lib/python3.10/site-packages/GUI_pkg/__init__.py to __init__.cpython-310.pyc
[7.952s] byte-compiling /home/rhobtor/PHD/test_j8_hayat/J8/install/GUI_pkg/lib/python3.10/site-packages/GUI_pkg/ros_classes.py to ros_classes.cpython-310.pyc
[7.952s] byte-compiling /home/rhobtor/PHD/test_j8_hayat/J8/install/GUI_pkg/lib/python3.10/site-packages/GUI_pkg/mainwindow.py to mainwindow.cpython-310.pyc
[7.952s] byte-compiling /home/rhobtor/PHD/test_j8_hayat/J8/install/GUI_pkg/lib/python3.10/site-packages/GUI_pkg/cythonized_code/setup.py to setup.cpython-310.pyc
[7.952s] byte-compiling /home/rhobtor/PHD/test_j8_hayat/J8/install/GUI_pkg/lib/python3.10/site-packages/GUI_pkg/cythonized_code/__init__.py to __init__.cpython-310.pyc
[7.952s] byte-compiling /home/rhobtor/PHD/test_j8_hayat/J8/install/GUI_pkg/lib/python3.10/site-packages/GUI_pkg/ui_tabs.py to ui_tabs.cpython-310.pyc
[7.953s] byte-compiling /home/rhobtor/PHD/test_j8_hayat/J8/install/GUI_pkg/lib/python3.10/site-packages/GUI_pkg/geonav_conversions.py to geonav_conversions.cpython-310.pyc
[7.953s] byte-compiling /home/rhobtor/PHD/test_j8_hayat/J8/install/GUI_pkg/lib/python3.10/site-packages/GUI_pkg/zoom_image_handler.py to zoom_image_handler.cpython-310.pyc
[7.953s] byte-compiling /home/rhobtor/PHD/test_j8_hayat/J8/install/GUI_pkg/lib/python3.10/site-packages/GUI_pkg/gui_node.py to gui_node.cpython-310.pyc
[7.953s] running install_egg_info
[7.953s] Copying ../../build/GUI_pkg/GUI_pkg.egg-info to /home/rhobtor/PHD/test_j8_hayat/J8/install/GUI_pkg/lib/python3.10/site-packages/GUI_pkg-0.0.0-py3.10.egg-info
[7.953s] running install_scripts
[7.953s] Installing gui_node script to /home/rhobtor/PHD/test_j8_hayat/J8/install/GUI_pkg/lib/GUI_pkg
[7.954s] writing list of installed files to '/home/rhobtor/PHD/test_j8_hayat/J8/build/GUI_pkg/install.log'
[7.977s] Invoked command in '/home/rhobtor/PHD/test_j8_hayat/J8/src/GUI_pkg' returned '0': PYTHONPATH=/home/rhobtor/PHD/test_j8_hayat/J8/build/GUI_pkg/prefix_override:/usr/lib/python3/dist-packages/colcon_core/task/python/colcon_distutils_commands:/home/rhobtor/PHD/test_j8_hayat/J8/install/GUI_pkg/lib/python3.10/site-packages:${PYTHONPATH} /usr/bin/python3 -W ignore:setup.py install is deprecated -W ignore:easy_install command is deprecated setup.py egg_info --egg-base ../../build/GUI_pkg build --build-base /home/rhobtor/PHD/test_j8_hayat/J8/build/GUI_pkg/build install --record /home/rhobtor/PHD/test_j8_hayat/J8/build/GUI_pkg/install.log --single-version-externally-managed
