[0.150s] Invoking command in '/home/rhobtor/PHD/test_j8_hayat/J8/build/wiimote_msgs': CMAKE_PREFIX_PATH=${CMAKE_PREFIX_PATH}:/home/rhobtor/PHD/test_j8_hayat/J8/install/ntrip_client:/home/rhobtor/PHD/test_j8_hayat/J8/install/j8_gui:/home/rhobtor/PHD/test_j8_hayat/J8/install/android_ros2_server:/home/rhobtor/PHD/test_j8_hayat/J8/install/GUI_pkg:/home/rhobtor/PHD/ARGOJ8_IA/ARGOSJ8_IA_/install/ntrip_client:/home/rhobtor/PHD/ARGOJ8_IA/ARGOSJ8_IA_/install/j8_gui:/home/rhobtor/PHD/ARGOJ8_IA/ARGOSJ8_IA_/install/car:/home/rhobtor/PHD/ARGOJ8_IA/ARGOSJ8_IA_/install/android_ros2_server:/home/rhobtor/PHD/ARGOJ8_IA/ARGOSJ8_IA_/install/GUI_pkg:/opt/ros/humble /opt/st/stm32cubeclt_1.18.0/CMake/bin/cmake --build /home/rhobtor/PHD/test_j8_hayat/J8/build/wiimote_msgs -- -j16 -l16
[0.191s] [  2%] Built target wiimote_msgs__cpp
[0.194s] [  4%] Built target wiimote_msgs__rs
[0.198s] [ 14%] Built target wiimote_msgs__rosidl_generator_c
[0.204s] [ 14%] Built target ament_cmake_python_copy_wiimote_msgs
[0.250s] [ 27%] Built target wiimote_msgs__rosidl_typesupport_introspection_cpp
[0.250s] [ 35%] Built target wiimote_msgs__rosidl_typesupport_cpp
[0.250s] [ 45%] Built target wiimote_msgs__rosidl_typesupport_fastrtps_cpp
[0.251s] [ 56%] Built target wiimote_msgs__rosidl_typesupport_c
[0.252s] [ 66%] Built target wiimote_msgs__rosidl_typesupport_introspection_c
[0.252s] [ 77%] Built target wiimote_msgs__rosidl_typesupport_fastrtps_c
[0.273s] [ 77%] Built target wiimote_msgs
[0.296s] [ 79%] Built target wiimote_msgs__py
[0.341s] [ 87%] Built target wiimote_msgs__rosidl_generator_py
[0.367s] [ 91%] Built target wiimote_msgs__rosidl_typesupport_fastrtps_c__pyext
[0.367s] [ 95%] Built target wiimote_msgs__rosidl_typesupport_introspection_c__pyext
[0.367s] [100%] Built target wiimote_msgs__rosidl_typesupport_c__pyext
[0.587s] running egg_info
[0.604s] writing wiimote_msgs.egg-info/PKG-INFO
[0.605s] writing dependency_links to wiimote_msgs.egg-info/dependency_links.txt
[0.605s] writing top-level names to wiimote_msgs.egg-info/top_level.txt
[0.656s] reading manifest file 'wiimote_msgs.egg-info/SOURCES.txt'
[0.657s] writing manifest file 'wiimote_msgs.egg-info/SOURCES.txt'
[0.682s] [100%] Built target ament_cmake_python_build_wiimote_msgs_egg
[0.687s] Invoked command in '/home/rhobtor/PHD/test_j8_hayat/J8/build/wiimote_msgs' returned '0': CMAKE_PREFIX_PATH=${CMAKE_PREFIX_PATH}:/home/rhobtor/PHD/test_j8_hayat/J8/install/ntrip_client:/home/rhobtor/PHD/test_j8_hayat/J8/install/j8_gui:/home/rhobtor/PHD/test_j8_hayat/J8/install/android_ros2_server:/home/rhobtor/PHD/test_j8_hayat/J8/install/GUI_pkg:/home/rhobtor/PHD/ARGOJ8_IA/ARGOSJ8_IA_/install/ntrip_client:/home/rhobtor/PHD/ARGOJ8_IA/ARGOSJ8_IA_/install/j8_gui:/home/rhobtor/PHD/ARGOJ8_IA/ARGOSJ8_IA_/install/car:/home/rhobtor/PHD/ARGOJ8_IA/ARGOSJ8_IA_/install/android_ros2_server:/home/rhobtor/PHD/ARGOJ8_IA/ARGOSJ8_IA_/install/GUI_pkg:/opt/ros/humble /opt/st/stm32cubeclt_1.18.0/CMake/bin/cmake --build /home/rhobtor/PHD/test_j8_hayat/J8/build/wiimote_msgs -- -j16 -l16
[0.689s] Invoking command in '/home/rhobtor/PHD/test_j8_hayat/J8/build/wiimote_msgs': CMAKE_PREFIX_PATH=${CMAKE_PREFIX_PATH}:/home/rhobtor/PHD/test_j8_hayat/J8/install/ntrip_client:/home/rhobtor/PHD/test_j8_hayat/J8/install/j8_gui:/home/rhobtor/PHD/test_j8_hayat/J8/install/android_ros2_server:/home/rhobtor/PHD/test_j8_hayat/J8/install/GUI_pkg:/home/rhobtor/PHD/ARGOJ8_IA/ARGOSJ8_IA_/install/ntrip_client:/home/rhobtor/PHD/ARGOJ8_IA/ARGOSJ8_IA_/install/j8_gui:/home/rhobtor/PHD/ARGOJ8_IA/ARGOSJ8_IA_/install/car:/home/rhobtor/PHD/ARGOJ8_IA/ARGOSJ8_IA_/install/android_ros2_server:/home/rhobtor/PHD/ARGOJ8_IA/ARGOSJ8_IA_/install/GUI_pkg:/opt/ros/humble /opt/st/stm32cubeclt_1.18.0/CMake/bin/cmake --install /home/rhobtor/PHD/test_j8_hayat/J8/build/wiimote_msgs
[0.693s] -- Install configuration: ""
[0.693s] -- Up-to-date: /home/rhobtor/PHD/test_j8_hayat/J8/install/wiimote_msgs/share/ament_index/resource_index/rosidl_interfaces/wiimote_msgs
[0.693s] -- Up-to-date: /home/rhobtor/PHD/test_j8_hayat/J8/install/wiimote_msgs/include/wiimote_msgs/wiimote_msgs
[0.694s] -- Up-to-date: /home/rhobtor/PHD/test_j8_hayat/J8/install/wiimote_msgs/include/wiimote_msgs/wiimote_msgs/msg
[0.694s] -- Up-to-date: /home/rhobtor/PHD/test_j8_hayat/J8/install/wiimote_msgs/include/wiimote_msgs/wiimote_msgs/msg/state.h
[0.694s] -- Up-to-date: /home/rhobtor/PHD/test_j8_hayat/J8/install/wiimote_msgs/include/wiimote_msgs/wiimote_msgs/msg/rosidl_generator_c__visibility_control.h
[0.694s] -- Up-to-date: /home/rhobtor/PHD/test_j8_hayat/J8/install/wiimote_msgs/include/wiimote_msgs/wiimote_msgs/msg/timed_switch.h
[0.694s] -- Up-to-date: /home/rhobtor/PHD/test_j8_hayat/J8/install/wiimote_msgs/include/wiimote_msgs/wiimote_msgs/msg/detail
[0.694s] -- Up-to-date: /home/rhobtor/PHD/test_j8_hayat/J8/install/wiimote_msgs/include/wiimote_msgs/wiimote_msgs/msg/detail/state__type_support.h
[0.694s] -- Up-to-date: /home/rhobtor/PHD/test_j8_hayat/J8/install/wiimote_msgs/include/wiimote_msgs/wiimote_msgs/msg/detail/state__struct.h
[0.695s] -- Up-to-date: /home/rhobtor/PHD/test_j8_hayat/J8/install/wiimote_msgs/include/wiimote_msgs/wiimote_msgs/msg/detail/ir_source_info__functions.h
[0.695s] -- Up-to-date: /home/rhobtor/PHD/test_j8_hayat/J8/install/wiimote_msgs/include/wiimote_msgs/wiimote_msgs/msg/detail/timed_switch__type_support.h
[0.695s] -- Up-to-date: /home/rhobtor/PHD/test_j8_hayat/J8/install/wiimote_msgs/include/wiimote_msgs/wiimote_msgs/msg/detail/timed_switch__struct.h
[0.695s] -- Up-to-date: /home/rhobtor/PHD/test_j8_hayat/J8/install/wiimote_msgs/include/wiimote_msgs/wiimote_msgs/msg/detail/ir_source_info__functions.c
[0.695s] -- Up-to-date: /home/rhobtor/PHD/test_j8_hayat/J8/install/wiimote_msgs/include/wiimote_msgs/wiimote_msgs/msg/detail/ir_source_info__type_support.h
[0.695s] -- Up-to-date: /home/rhobtor/PHD/test_j8_hayat/J8/install/wiimote_msgs/include/wiimote_msgs/wiimote_msgs/msg/detail/timed_switch__functions.h
[0.695s] -- Up-to-date: /home/rhobtor/PHD/test_j8_hayat/J8/install/wiimote_msgs/include/wiimote_msgs/wiimote_msgs/msg/detail/timed_switch__functions.c
[0.696s] -- Up-to-date: /home/rhobtor/PHD/test_j8_hayat/J8/install/wiimote_msgs/include/wiimote_msgs/wiimote_msgs/msg/detail/state__functions.h
[0.696s] -- Up-to-date: /home/rhobtor/PHD/test_j8_hayat/J8/install/wiimote_msgs/include/wiimote_msgs/wiimote_msgs/msg/detail/ir_source_info__struct.h
[0.696s] -- Up-to-date: /home/rhobtor/PHD/test_j8_hayat/J8/install/wiimote_msgs/include/wiimote_msgs/wiimote_msgs/msg/detail/state__functions.c
[0.696s] -- Up-to-date: /home/rhobtor/PHD/test_j8_hayat/J8/install/wiimote_msgs/include/wiimote_msgs/wiimote_msgs/msg/ir_source_info.h
[0.696s] -- Up-to-date: /home/rhobtor/PHD/test_j8_hayat/J8/install/wiimote_msgs/share/wiimote_msgs/environment/library_path.sh
[0.696s] -- Up-to-date: /home/rhobtor/PHD/test_j8_hayat/J8/install/wiimote_msgs/share/wiimote_msgs/environment/library_path.dsv
[0.696s] -- Up-to-date: /home/rhobtor/PHD/test_j8_hayat/J8/install/wiimote_msgs/lib/libwiimote_msgs__rosidl_generator_c.so
[0.697s] -- Up-to-date: /home/rhobtor/PHD/test_j8_hayat/J8/install/wiimote_msgs/include/wiimote_msgs/wiimote_msgs
[0.697s] -- Up-to-date: /home/rhobtor/PHD/test_j8_hayat/J8/install/wiimote_msgs/include/wiimote_msgs/wiimote_msgs/msg
[0.697s] -- Up-to-date: /home/rhobtor/PHD/test_j8_hayat/J8/install/wiimote_msgs/include/wiimote_msgs/wiimote_msgs/msg/detail
[0.697s] -- Up-to-date: /home/rhobtor/PHD/test_j8_hayat/J8/install/wiimote_msgs/include/wiimote_msgs/wiimote_msgs/msg/detail/ir_source_info__rosidl_typesupport_fastrtps_c.h
[0.697s] -- Up-to-date: /home/rhobtor/PHD/test_j8_hayat/J8/install/wiimote_msgs/include/wiimote_msgs/wiimote_msgs/msg/detail/state__rosidl_typesupport_fastrtps_c.h
[0.697s] -- Up-to-date: /home/rhobtor/PHD/test_j8_hayat/J8/install/wiimote_msgs/include/wiimote_msgs/wiimote_msgs/msg/detail/timed_switch__rosidl_typesupport_fastrtps_c.h
[0.697s] -- Up-to-date: /home/rhobtor/PHD/test_j8_hayat/J8/install/wiimote_msgs/include/wiimote_msgs/wiimote_msgs/msg/rosidl_typesupport_fastrtps_c__visibility_control.h
[0.697s] -- Up-to-date: /home/rhobtor/PHD/test_j8_hayat/J8/install/wiimote_msgs/lib/libwiimote_msgs__rosidl_typesupport_fastrtps_c.so
[0.697s] -- Up-to-date: /home/rhobtor/PHD/test_j8_hayat/J8/install/wiimote_msgs/include/wiimote_msgs/wiimote_msgs
[0.698s] -- Up-to-date: /home/rhobtor/PHD/test_j8_hayat/J8/install/wiimote_msgs/include/wiimote_msgs/wiimote_msgs/msg
[0.698s] -- Up-to-date: /home/rhobtor/PHD/test_j8_hayat/J8/install/wiimote_msgs/include/wiimote_msgs/wiimote_msgs/msg/ir_source_info.hpp
[0.698s] -- Up-to-date: /home/rhobtor/PHD/test_j8_hayat/J8/install/wiimote_msgs/include/wiimote_msgs/wiimote_msgs/msg/timed_switch.hpp
[0.698s] -- Up-to-date: /home/rhobtor/PHD/test_j8_hayat/J8/install/wiimote_msgs/include/wiimote_msgs/wiimote_msgs/msg/rosidl_generator_cpp__visibility_control.hpp
[0.698s] -- Up-to-date: /home/rhobtor/PHD/test_j8_hayat/J8/install/wiimote_msgs/include/wiimote_msgs/wiimote_msgs/msg/state.hpp
[0.698s] -- Up-to-date: /home/rhobtor/PHD/test_j8_hayat/J8/install/wiimote_msgs/include/wiimote_msgs/wiimote_msgs/msg/detail
[0.698s] -- Up-to-date: /home/rhobtor/PHD/test_j8_hayat/J8/install/wiimote_msgs/include/wiimote_msgs/wiimote_msgs/msg/detail/timed_switch__builder.hpp
[0.698s] -- Up-to-date: /home/rhobtor/PHD/test_j8_hayat/J8/install/wiimote_msgs/include/wiimote_msgs/wiimote_msgs/msg/detail/ir_source_info__builder.hpp
[0.698s] -- Up-to-date: /home/rhobtor/PHD/test_j8_hayat/J8/install/wiimote_msgs/include/wiimote_msgs/wiimote_msgs/msg/detail/ir_source_info__traits.hpp
[0.698s] -- Up-to-date: /home/rhobtor/PHD/test_j8_hayat/J8/install/wiimote_msgs/include/wiimote_msgs/wiimote_msgs/msg/detail/state__type_support.hpp
[0.699s] -- Up-to-date: /home/rhobtor/PHD/test_j8_hayat/J8/install/wiimote_msgs/include/wiimote_msgs/wiimote_msgs/msg/detail/state__builder.hpp
[0.699s] -- Up-to-date: /home/rhobtor/PHD/test_j8_hayat/J8/install/wiimote_msgs/include/wiimote_msgs/wiimote_msgs/msg/detail/state__traits.hpp
[0.699s] -- Up-to-date: /home/rhobtor/PHD/test_j8_hayat/J8/install/wiimote_msgs/include/wiimote_msgs/wiimote_msgs/msg/detail/timed_switch__traits.hpp
[0.699s] -- Up-to-date: /home/rhobtor/PHD/test_j8_hayat/J8/install/wiimote_msgs/include/wiimote_msgs/wiimote_msgs/msg/detail/state__struct.hpp
[0.699s] -- Up-to-date: /home/rhobtor/PHD/test_j8_hayat/J8/install/wiimote_msgs/include/wiimote_msgs/wiimote_msgs/msg/detail/timed_switch__type_support.hpp
[0.699s] -- Up-to-date: /home/rhobtor/PHD/test_j8_hayat/J8/install/wiimote_msgs/include/wiimote_msgs/wiimote_msgs/msg/detail/ir_source_info__struct.hpp
[0.699s] -- Up-to-date: /home/rhobtor/PHD/test_j8_hayat/J8/install/wiimote_msgs/include/wiimote_msgs/wiimote_msgs/msg/detail/ir_source_info__type_support.hpp
[0.699s] -- Up-to-date: /home/rhobtor/PHD/test_j8_hayat/J8/install/wiimote_msgs/include/wiimote_msgs/wiimote_msgs/msg/detail/timed_switch__struct.hpp
[0.699s] -- Up-to-date: /home/rhobtor/PHD/test_j8_hayat/J8/install/wiimote_msgs/include/wiimote_msgs/wiimote_msgs
[0.699s] -- Up-to-date: /home/rhobtor/PHD/test_j8_hayat/J8/install/wiimote_msgs/include/wiimote_msgs/wiimote_msgs/msg
[0.700s] -- Up-to-date: /home/rhobtor/PHD/test_j8_hayat/J8/install/wiimote_msgs/include/wiimote_msgs/wiimote_msgs/msg/rosidl_typesupport_fastrtps_cpp__visibility_control.h
[0.700s] -- Up-to-date: /home/rhobtor/PHD/test_j8_hayat/J8/install/wiimote_msgs/include/wiimote_msgs/wiimote_msgs/msg/detail
[0.700s] -- Up-to-date: /home/rhobtor/PHD/test_j8_hayat/J8/install/wiimote_msgs/include/wiimote_msgs/wiimote_msgs/msg/detail/timed_switch__rosidl_typesupport_fastrtps_cpp.hpp
[0.700s] -- Up-to-date: /home/rhobtor/PHD/test_j8_hayat/J8/install/wiimote_msgs/include/wiimote_msgs/wiimote_msgs/msg/detail/state__rosidl_typesupport_fastrtps_cpp.hpp
[0.700s] -- Up-to-date: /home/rhobtor/PHD/test_j8_hayat/J8/install/wiimote_msgs/include/wiimote_msgs/wiimote_msgs/msg/detail/dds_fastrtps
[0.700s] -- Up-to-date: /home/rhobtor/PHD/test_j8_hayat/J8/install/wiimote_msgs/include/wiimote_msgs/wiimote_msgs/msg/detail/ir_source_info__rosidl_typesupport_fastrtps_cpp.hpp
[0.700s] -- Up-to-date: /home/rhobtor/PHD/test_j8_hayat/J8/install/wiimote_msgs/lib/libwiimote_msgs__rosidl_typesupport_fastrtps_cpp.so
[0.700s] -- Up-to-date: /home/rhobtor/PHD/test_j8_hayat/J8/install/wiimote_msgs/include/wiimote_msgs/wiimote_msgs
[0.700s] -- Up-to-date: /home/rhobtor/PHD/test_j8_hayat/J8/install/wiimote_msgs/include/wiimote_msgs/wiimote_msgs/msg
[0.700s] -- Up-to-date: /home/rhobtor/PHD/test_j8_hayat/J8/install/wiimote_msgs/include/wiimote_msgs/wiimote_msgs/msg/rosidl_typesupport_introspection_c__visibility_control.h
[0.700s] -- Up-to-date: /home/rhobtor/PHD/test_j8_hayat/J8/install/wiimote_msgs/include/wiimote_msgs/wiimote_msgs/msg/detail
[0.701s] -- Up-to-date: /home/rhobtor/PHD/test_j8_hayat/J8/install/wiimote_msgs/include/wiimote_msgs/wiimote_msgs/msg/detail/state__rosidl_typesupport_introspection_c.h
[0.701s] -- Up-to-date: /home/rhobtor/PHD/test_j8_hayat/J8/install/wiimote_msgs/include/wiimote_msgs/wiimote_msgs/msg/detail/ir_source_info__type_support.c
[0.701s] -- Up-to-date: /home/rhobtor/PHD/test_j8_hayat/J8/install/wiimote_msgs/include/wiimote_msgs/wiimote_msgs/msg/detail/state__type_support.c
[0.701s] -- Up-to-date: /home/rhobtor/PHD/test_j8_hayat/J8/install/wiimote_msgs/include/wiimote_msgs/wiimote_msgs/msg/detail/timed_switch__type_support.c
[0.701s] -- Up-to-date: /home/rhobtor/PHD/test_j8_hayat/J8/install/wiimote_msgs/include/wiimote_msgs/wiimote_msgs/msg/detail/ir_source_info__rosidl_typesupport_introspection_c.h
[0.701s] -- Up-to-date: /home/rhobtor/PHD/test_j8_hayat/J8/install/wiimote_msgs/include/wiimote_msgs/wiimote_msgs/msg/detail/timed_switch__rosidl_typesupport_introspection_c.h
[0.701s] -- Up-to-date: /home/rhobtor/PHD/test_j8_hayat/J8/install/wiimote_msgs/lib/libwiimote_msgs__rosidl_typesupport_introspection_c.so
[0.701s] -- Up-to-date: /home/rhobtor/PHD/test_j8_hayat/J8/install/wiimote_msgs/lib/libwiimote_msgs__rosidl_typesupport_c.so
[0.701s] -- Up-to-date: /home/rhobtor/PHD/test_j8_hayat/J8/install/wiimote_msgs/include/wiimote_msgs/wiimote_msgs
[0.701s] -- Up-to-date: /home/rhobtor/PHD/test_j8_hayat/J8/install/wiimote_msgs/include/wiimote_msgs/wiimote_msgs/msg
[0.702s] -- Up-to-date: /home/rhobtor/PHD/test_j8_hayat/J8/install/wiimote_msgs/include/wiimote_msgs/wiimote_msgs/msg/detail
[0.702s] -- Up-to-date: /home/rhobtor/PHD/test_j8_hayat/J8/install/wiimote_msgs/include/wiimote_msgs/wiimote_msgs/msg/detail/ir_source_info__type_support.cpp
[0.702s] -- Up-to-date: /home/rhobtor/PHD/test_j8_hayat/J8/install/wiimote_msgs/include/wiimote_msgs/wiimote_msgs/msg/detail/state__type_support.cpp
[0.702s] -- Up-to-date: /home/rhobtor/PHD/test_j8_hayat/J8/install/wiimote_msgs/include/wiimote_msgs/wiimote_msgs/msg/detail/timed_switch__type_support.cpp
[0.702s] -- Up-to-date: /home/rhobtor/PHD/test_j8_hayat/J8/install/wiimote_msgs/include/wiimote_msgs/wiimote_msgs/msg/detail/timed_switch__rosidl_typesupport_introspection_cpp.hpp
[0.702s] -- Up-to-date: /home/rhobtor/PHD/test_j8_hayat/J8/install/wiimote_msgs/include/wiimote_msgs/wiimote_msgs/msg/detail/state__rosidl_typesupport_introspection_cpp.hpp
[0.702s] -- Up-to-date: /home/rhobtor/PHD/test_j8_hayat/J8/install/wiimote_msgs/include/wiimote_msgs/wiimote_msgs/msg/detail/ir_source_info__rosidl_typesupport_introspection_cpp.hpp
[0.702s] -- Up-to-date: /home/rhobtor/PHD/test_j8_hayat/J8/install/wiimote_msgs/lib/libwiimote_msgs__rosidl_typesupport_introspection_cpp.so
[0.702s] -- Up-to-date: /home/rhobtor/PHD/test_j8_hayat/J8/install/wiimote_msgs/lib/libwiimote_msgs__rosidl_typesupport_cpp.so
[0.702s] -- Up-to-date: /home/rhobtor/PHD/test_j8_hayat/J8/install/wiimote_msgs/share/wiimote_msgs/environment/pythonpath.sh
[0.703s] -- Up-to-date: /home/rhobtor/PHD/test_j8_hayat/J8/install/wiimote_msgs/share/wiimote_msgs/environment/pythonpath.dsv
[0.703s] -- Up-to-date: /home/rhobtor/PHD/test_j8_hayat/J8/install/wiimote_msgs/local/lib/python3.10/dist-packages/wiimote_msgs-3.1.0-py3.10.egg-info
[0.703s] -- Installing: /home/rhobtor/PHD/test_j8_hayat/J8/install/wiimote_msgs/local/lib/python3.10/dist-packages/wiimote_msgs-3.1.0-py3.10.egg-info/top_level.txt
[0.703s] -- Installing: /home/rhobtor/PHD/test_j8_hayat/J8/install/wiimote_msgs/local/lib/python3.10/dist-packages/wiimote_msgs-3.1.0-py3.10.egg-info/SOURCES.txt
[0.703s] -- Installing: /home/rhobtor/PHD/test_j8_hayat/J8/install/wiimote_msgs/local/lib/python3.10/dist-packages/wiimote_msgs-3.1.0-py3.10.egg-info/PKG-INFO
[0.703s] -- Installing: /home/rhobtor/PHD/test_j8_hayat/J8/install/wiimote_msgs/local/lib/python3.10/dist-packages/wiimote_msgs-3.1.0-py3.10.egg-info/dependency_links.txt
[0.703s] -- Up-to-date: /home/rhobtor/PHD/test_j8_hayat/J8/install/wiimote_msgs/local/lib/python3.10/dist-packages/wiimote_msgs
[0.703s] -- Up-to-date: /home/rhobtor/PHD/test_j8_hayat/J8/install/wiimote_msgs/local/lib/python3.10/dist-packages/wiimote_msgs/_wiimote_msgs_s.ep.rosidl_typesupport_introspection_c.c
[0.703s] -- Up-to-date: /home/rhobtor/PHD/test_j8_hayat/J8/install/wiimote_msgs/local/lib/python3.10/dist-packages/wiimote_msgs/wiimote_msgs_s__rosidl_typesupport_fastrtps_c.cpython-310-x86_64-linux-gnu.so
[0.703s] -- Up-to-date: /home/rhobtor/PHD/test_j8_hayat/J8/install/wiimote_msgs/local/lib/python3.10/dist-packages/wiimote_msgs/__init__.py
[0.704s] -- Up-to-date: /home/rhobtor/PHD/test_j8_hayat/J8/install/wiimote_msgs/local/lib/python3.10/dist-packages/wiimote_msgs/_wiimote_msgs_s.ep.rosidl_typesupport_c.c
[0.704s] -- Up-to-date: /home/rhobtor/PHD/test_j8_hayat/J8/install/wiimote_msgs/local/lib/python3.10/dist-packages/wiimote_msgs/_wiimote_msgs_s.ep.rosidl_typesupport_fastrtps_c.c
[0.704s] -- Up-to-date: /home/rhobtor/PHD/test_j8_hayat/J8/install/wiimote_msgs/local/lib/python3.10/dist-packages/wiimote_msgs/libwiimote_msgs__rosidl_generator_py.so
[0.704s] -- Up-to-date: /home/rhobtor/PHD/test_j8_hayat/J8/install/wiimote_msgs/local/lib/python3.10/dist-packages/wiimote_msgs/msg
[0.704s] -- Up-to-date: /home/rhobtor/PHD/test_j8_hayat/J8/install/wiimote_msgs/local/lib/python3.10/dist-packages/wiimote_msgs/msg/_state_s.c
[0.704s] -- Up-to-date: /home/rhobtor/PHD/test_j8_hayat/J8/install/wiimote_msgs/local/lib/python3.10/dist-packages/wiimote_msgs/msg/_timed_switch_s.c
[0.704s] -- Up-to-date: /home/rhobtor/PHD/test_j8_hayat/J8/install/wiimote_msgs/local/lib/python3.10/dist-packages/wiimote_msgs/msg/_ir_source_info.py
[0.704s] -- Up-to-date: /home/rhobtor/PHD/test_j8_hayat/J8/install/wiimote_msgs/local/lib/python3.10/dist-packages/wiimote_msgs/msg/_ir_source_info_s.c
[0.704s] -- Up-to-date: /home/rhobtor/PHD/test_j8_hayat/J8/install/wiimote_msgs/local/lib/python3.10/dist-packages/wiimote_msgs/msg/__init__.py
[0.704s] -- Up-to-date: /home/rhobtor/PHD/test_j8_hayat/J8/install/wiimote_msgs/local/lib/python3.10/dist-packages/wiimote_msgs/msg/_state.py
[0.705s] -- Up-to-date: /home/rhobtor/PHD/test_j8_hayat/J8/install/wiimote_msgs/local/lib/python3.10/dist-packages/wiimote_msgs/msg/_timed_switch.py
[0.705s] -- Up-to-date: /home/rhobtor/PHD/test_j8_hayat/J8/install/wiimote_msgs/local/lib/python3.10/dist-packages/wiimote_msgs/wiimote_msgs_s__rosidl_typesupport_c.cpython-310-x86_64-linux-gnu.so
[0.705s] -- Up-to-date: /home/rhobtor/PHD/test_j8_hayat/J8/install/wiimote_msgs/local/lib/python3.10/dist-packages/wiimote_msgs/wiimote_msgs_s__rosidl_typesupport_introspection_c.cpython-310-x86_64-linux-gnu.so
[0.749s] Listing '/home/rhobtor/PHD/test_j8_hayat/J8/install/wiimote_msgs/local/lib/python3.10/dist-packages/wiimote_msgs'...
[0.749s] Listing '/home/rhobtor/PHD/test_j8_hayat/J8/install/wiimote_msgs/local/lib/python3.10/dist-packages/wiimote_msgs/msg'...
[0.754s] -- Up-to-date: /home/rhobtor/PHD/test_j8_hayat/J8/install/wiimote_msgs/local/lib/python3.10/dist-packages/wiimote_msgs/wiimote_msgs_s__rosidl_typesupport_fastrtps_c.cpython-310-x86_64-linux-gnu.so
[0.754s] -- Up-to-date: /home/rhobtor/PHD/test_j8_hayat/J8/install/wiimote_msgs/local/lib/python3.10/dist-packages/wiimote_msgs/wiimote_msgs_s__rosidl_typesupport_introspection_c.cpython-310-x86_64-linux-gnu.so
[0.754s] -- Up-to-date: /home/rhobtor/PHD/test_j8_hayat/J8/install/wiimote_msgs/local/lib/python3.10/dist-packages/wiimote_msgs/wiimote_msgs_s__rosidl_typesupport_c.cpython-310-x86_64-linux-gnu.so
[0.754s] -- Up-to-date: /home/rhobtor/PHD/test_j8_hayat/J8/install/wiimote_msgs/lib/libwiimote_msgs__rosidl_generator_py.so
[0.755s] -- Up-to-date: /home/rhobtor/PHD/test_j8_hayat/J8/install/wiimote_msgs/share/ament_index/resource_index/rust_packages/wiimote_msgs
[0.755s] -- Up-to-date: /home/rhobtor/PHD/test_j8_hayat/J8/install/wiimote_msgs/share/wiimote_msgs/rust
[0.755s] -- Up-to-date: /home/rhobtor/PHD/test_j8_hayat/J8/install/wiimote_msgs/share/wiimote_msgs/rust/src
[0.755s] -- Up-to-date: /home/rhobtor/PHD/test_j8_hayat/J8/install/wiimote_msgs/share/wiimote_msgs/rust/src/lib.rs
[0.755s] -- Up-to-date: /home/rhobtor/PHD/test_j8_hayat/J8/install/wiimote_msgs/share/wiimote_msgs/rust/src/msg.rs
[0.755s] -- Up-to-date: /home/rhobtor/PHD/test_j8_hayat/J8/install/wiimote_msgs/share/wiimote_msgs/rust/src/msg
[0.756s] -- Up-to-date: /home/rhobtor/PHD/test_j8_hayat/J8/install/wiimote_msgs/share/wiimote_msgs/rust/src/msg/rmw.rs
[0.756s] -- Up-to-date: /home/rhobtor/PHD/test_j8_hayat/J8/install/wiimote_msgs/share/wiimote_msgs/rust/Cargo.toml
[0.756s] -- Up-to-date: /home/rhobtor/PHD/test_j8_hayat/J8/install/wiimote_msgs/share/wiimote_msgs/rust/build.rs
[0.756s] -- Up-to-date: /home/rhobtor/PHD/test_j8_hayat/J8/install/wiimote_msgs/share/wiimote_msgs/msg/IrSourceInfo.idl
[0.756s] -- Up-to-date: /home/rhobtor/PHD/test_j8_hayat/J8/install/wiimote_msgs/share/wiimote_msgs/msg/State.idl
[0.756s] -- Up-to-date: /home/rhobtor/PHD/test_j8_hayat/J8/install/wiimote_msgs/share/wiimote_msgs/msg/TimedSwitch.idl
[0.757s] -- Up-to-date: /home/rhobtor/PHD/test_j8_hayat/J8/install/wiimote_msgs/share/wiimote_msgs/msg/IrSourceInfo.msg
[0.757s] -- Up-to-date: /home/rhobtor/PHD/test_j8_hayat/J8/install/wiimote_msgs/share/wiimote_msgs/msg/State.msg
[0.757s] -- Up-to-date: /home/rhobtor/PHD/test_j8_hayat/J8/install/wiimote_msgs/share/wiimote_msgs/msg/TimedSwitch.msg
[0.757s] -- Up-to-date: /home/rhobtor/PHD/test_j8_hayat/J8/install/wiimote_msgs/share/ament_index/resource_index/package_run_dependencies/wiimote_msgs
[0.757s] -- Up-to-date: /home/rhobtor/PHD/test_j8_hayat/J8/install/wiimote_msgs/share/ament_index/resource_index/parent_prefix_path/wiimote_msgs
[0.757s] -- Up-to-date: /home/rhobtor/PHD/test_j8_hayat/J8/install/wiimote_msgs/share/wiimote_msgs/environment/ament_prefix_path.sh
[0.757s] -- Up-to-date: /home/rhobtor/PHD/test_j8_hayat/J8/install/wiimote_msgs/share/wiimote_msgs/environment/ament_prefix_path.dsv
[0.757s] -- Up-to-date: /home/rhobtor/PHD/test_j8_hayat/J8/install/wiimote_msgs/share/wiimote_msgs/environment/path.sh
[0.757s] -- Up-to-date: /home/rhobtor/PHD/test_j8_hayat/J8/install/wiimote_msgs/share/wiimote_msgs/environment/path.dsv
[0.758s] -- Up-to-date: /home/rhobtor/PHD/test_j8_hayat/J8/install/wiimote_msgs/share/wiimote_msgs/local_setup.bash
[0.758s] -- Up-to-date: /home/rhobtor/PHD/test_j8_hayat/J8/install/wiimote_msgs/share/wiimote_msgs/local_setup.sh
[0.758s] -- Up-to-date: /home/rhobtor/PHD/test_j8_hayat/J8/install/wiimote_msgs/share/wiimote_msgs/local_setup.zsh
[0.758s] -- Up-to-date: /home/rhobtor/PHD/test_j8_hayat/J8/install/wiimote_msgs/share/wiimote_msgs/local_setup.dsv
[0.759s] -- Installing: /home/rhobtor/PHD/test_j8_hayat/J8/install/wiimote_msgs/share/wiimote_msgs/package.dsv
[0.759s] -- Up-to-date: /home/rhobtor/PHD/test_j8_hayat/J8/install/wiimote_msgs/share/ament_index/resource_index/packages/wiimote_msgs
[0.760s] -- Up-to-date: /home/rhobtor/PHD/test_j8_hayat/J8/install/wiimote_msgs/share/wiimote_msgs/cmake/export_wiimote_msgs__rosidl_generator_cExport.cmake
[0.760s] -- Up-to-date: /home/rhobtor/PHD/test_j8_hayat/J8/install/wiimote_msgs/share/wiimote_msgs/cmake/export_wiimote_msgs__rosidl_generator_cExport-noconfig.cmake
[0.760s] -- Up-to-date: /home/rhobtor/PHD/test_j8_hayat/J8/install/wiimote_msgs/share/wiimote_msgs/cmake/export_wiimote_msgs__rosidl_typesupport_fastrtps_cExport.cmake
[0.761s] -- Up-to-date: /home/rhobtor/PHD/test_j8_hayat/J8/install/wiimote_msgs/share/wiimote_msgs/cmake/export_wiimote_msgs__rosidl_typesupport_fastrtps_cExport-noconfig.cmake
[0.761s] -- Up-to-date: /home/rhobtor/PHD/test_j8_hayat/J8/install/wiimote_msgs/share/wiimote_msgs/cmake/export_wiimote_msgs__rosidl_generator_cppExport.cmake
[0.761s] -- Up-to-date: /home/rhobtor/PHD/test_j8_hayat/J8/install/wiimote_msgs/share/wiimote_msgs/cmake/export_wiimote_msgs__rosidl_typesupport_fastrtps_cppExport.cmake
[0.761s] -- Up-to-date: /home/rhobtor/PHD/test_j8_hayat/J8/install/wiimote_msgs/share/wiimote_msgs/cmake/export_wiimote_msgs__rosidl_typesupport_fastrtps_cppExport-noconfig.cmake
[0.761s] -- Up-to-date: /home/rhobtor/PHD/test_j8_hayat/J8/install/wiimote_msgs/share/wiimote_msgs/cmake/wiimote_msgs__rosidl_typesupport_introspection_cExport.cmake
[0.761s] -- Up-to-date: /home/rhobtor/PHD/test_j8_hayat/J8/install/wiimote_msgs/share/wiimote_msgs/cmake/wiimote_msgs__rosidl_typesupport_introspection_cExport-noconfig.cmake
[0.762s] -- Up-to-date: /home/rhobtor/PHD/test_j8_hayat/J8/install/wiimote_msgs/share/wiimote_msgs/cmake/wiimote_msgs__rosidl_typesupport_cExport.cmake
[0.762s] -- Up-to-date: /home/rhobtor/PHD/test_j8_hayat/J8/install/wiimote_msgs/share/wiimote_msgs/cmake/wiimote_msgs__rosidl_typesupport_cExport-noconfig.cmake
[0.762s] -- Up-to-date: /home/rhobtor/PHD/test_j8_hayat/J8/install/wiimote_msgs/share/wiimote_msgs/cmake/wiimote_msgs__rosidl_typesupport_introspection_cppExport.cmake
[0.762s] -- Up-to-date: /home/rhobtor/PHD/test_j8_hayat/J8/install/wiimote_msgs/share/wiimote_msgs/cmake/wiimote_msgs__rosidl_typesupport_introspection_cppExport-noconfig.cmake
[0.762s] -- Up-to-date: /home/rhobtor/PHD/test_j8_hayat/J8/install/wiimote_msgs/share/wiimote_msgs/cmake/wiimote_msgs__rosidl_typesupport_cppExport.cmake
[0.763s] -- Up-to-date: /home/rhobtor/PHD/test_j8_hayat/J8/install/wiimote_msgs/share/wiimote_msgs/cmake/wiimote_msgs__rosidl_typesupport_cppExport-noconfig.cmake
[0.763s] -- Up-to-date: /home/rhobtor/PHD/test_j8_hayat/J8/install/wiimote_msgs/share/wiimote_msgs/cmake/export_wiimote_msgs__rosidl_generator_pyExport.cmake
[0.764s] -- Up-to-date: /home/rhobtor/PHD/test_j8_hayat/J8/install/wiimote_msgs/share/wiimote_msgs/cmake/export_wiimote_msgs__rosidl_generator_pyExport-noconfig.cmake
[0.764s] -- Up-to-date: /home/rhobtor/PHD/test_j8_hayat/J8/install/wiimote_msgs/share/wiimote_msgs/cmake/rosidl_cmake-extras.cmake
[0.764s] -- Up-to-date: /home/rhobtor/PHD/test_j8_hayat/J8/install/wiimote_msgs/share/wiimote_msgs/cmake/ament_cmake_export_dependencies-extras.cmake
[0.765s] -- Up-to-date: /home/rhobtor/PHD/test_j8_hayat/J8/install/wiimote_msgs/share/wiimote_msgs/cmake/ament_cmake_export_include_directories-extras.cmake
[0.765s] -- Up-to-date: /home/rhobtor/PHD/test_j8_hayat/J8/install/wiimote_msgs/share/wiimote_msgs/cmake/ament_cmake_export_libraries-extras.cmake
[0.765s] -- Up-to-date: /home/rhobtor/PHD/test_j8_hayat/J8/install/wiimote_msgs/share/wiimote_msgs/cmake/ament_cmake_export_targets-extras.cmake
[0.766s] -- Up-to-date: /home/rhobtor/PHD/test_j8_hayat/J8/install/wiimote_msgs/share/wiimote_msgs/cmake/rosidl_cmake_export_typesupport_targets-extras.cmake
[0.766s] -- Up-to-date: /home/rhobtor/PHD/test_j8_hayat/J8/install/wiimote_msgs/share/wiimote_msgs/cmake/rosidl_cmake_export_typesupport_libraries-extras.cmake
[0.767s] -- Up-to-date: /home/rhobtor/PHD/test_j8_hayat/J8/install/wiimote_msgs/share/wiimote_msgs/cmake/wiimote_msgsConfig.cmake
[0.767s] -- Up-to-date: /home/rhobtor/PHD/test_j8_hayat/J8/install/wiimote_msgs/share/wiimote_msgs/cmake/wiimote_msgsConfig-version.cmake
[0.767s] -- Up-to-date: /home/rhobtor/PHD/test_j8_hayat/J8/install/wiimote_msgs/share/wiimote_msgs/package.xml
[0.770s] Invoked command in '/home/rhobtor/PHD/test_j8_hayat/J8/build/wiimote_msgs' returned '0': CMAKE_PREFIX_PATH=${CMAKE_PREFIX_PATH}:/home/rhobtor/PHD/test_j8_hayat/J8/install/ntrip_client:/home/rhobtor/PHD/test_j8_hayat/J8/install/j8_gui:/home/rhobtor/PHD/test_j8_hayat/J8/install/android_ros2_server:/home/rhobtor/PHD/test_j8_hayat/J8/install/GUI_pkg:/home/rhobtor/PHD/ARGOJ8_IA/ARGOSJ8_IA_/install/ntrip_client:/home/rhobtor/PHD/ARGOJ8_IA/ARGOSJ8_IA_/install/j8_gui:/home/rhobtor/PHD/ARGOJ8_IA/ARGOSJ8_IA_/install/car:/home/rhobtor/PHD/ARGOJ8_IA/ARGOSJ8_IA_/install/android_ros2_server:/home/rhobtor/PHD/ARGOJ8_IA/ARGOSJ8_IA_/install/GUI_pkg:/opt/ros/humble /opt/st/stm32cubeclt_1.18.0/CMake/bin/cmake --install /home/rhobtor/PHD/test_j8_hayat/J8/build/wiimote_msgs
