[ 33%] Built target joy
[ 66%] Built target joy_enumerate_devices
[100%] Built target joy_node
-- Install configuration: ""
-- Up-to-date: /home/rhobtor/PHD/test_j8_hayat/J8/install/joy/lib/libjoy.so
-- Up-to-date: /home/rhobtor/PHD/test_j8_hayat/J8/install/joy/lib/joy/joy_node
-- Up-to-date: /home/rhobtor/PHD/test_j8_hayat/J8/install/joy/lib/joy/joy_enumerate_devices
-- Up-to-date: /home/rhobtor/PHD/test_j8_hayat/J8/install/joy/include/joy
-- Up-to-date: /home/rhobtor/PHD/test_j8_hayat/J8/install/joy/include/joy/joy
-- Up-to-date: /home/rhobtor/PHD/test_j8_hayat/J8/install/joy/include/joy/joy/joy.hpp
-- Up-to-date: /home/rhobtor/PHD/test_j8_hayat/J8/install/joy/share/joy/config
-- Up-to-date: /home/rhobtor/PHD/test_j8_hayat/J8/install/joy/share/joy/config/joy-params.yaml
-- Up-to-date: /home/rhobtor/PHD/test_j8_hayat/J8/install/joy/share/joy/launch
-- Up-to-date: /home/rhobtor/PHD/test_j8_hayat/J8/install/joy/share/joy/launch/joy-launch_test.py
-- Up-to-date: /home/rhobtor/PHD/test_j8_hayat/J8/install/joy/share/joy/launch/joy-composed-launch.py
-- Up-to-date: /home/rhobtor/PHD/test_j8_hayat/J8/install/joy/share/ament_index/resource_index/package_run_dependencies/joy
-- Up-to-date: /home/rhobtor/PHD/test_j8_hayat/J8/install/joy/share/ament_index/resource_index/parent_prefix_path/joy
-- Up-to-date: /home/rhobtor/PHD/test_j8_hayat/J8/install/joy/share/joy/environment/ament_prefix_path.sh
-- Up-to-date: /home/rhobtor/PHD/test_j8_hayat/J8/install/joy/share/joy/environment/ament_prefix_path.dsv
-- Up-to-date: /home/rhobtor/PHD/test_j8_hayat/J8/install/joy/share/joy/environment/path.sh
-- Up-to-date: /home/rhobtor/PHD/test_j8_hayat/J8/install/joy/share/joy/environment/path.dsv
-- Up-to-date: /home/rhobtor/PHD/test_j8_hayat/J8/install/joy/share/joy/local_setup.bash
-- Up-to-date: /home/rhobtor/PHD/test_j8_hayat/J8/install/joy/share/joy/local_setup.sh
-- Up-to-date: /home/rhobtor/PHD/test_j8_hayat/J8/install/joy/share/joy/local_setup.zsh
-- Up-to-date: /home/rhobtor/PHD/test_j8_hayat/J8/install/joy/share/joy/local_setup.dsv
-- Installing: /home/rhobtor/PHD/test_j8_hayat/J8/install/joy/share/joy/package.dsv
-- Up-to-date: /home/rhobtor/PHD/test_j8_hayat/J8/install/joy/share/ament_index/resource_index/packages/joy
-- Up-to-date: /home/rhobtor/PHD/test_j8_hayat/J8/install/joy/share/ament_index/resource_index/rclcpp_components/joy
-- Up-to-date: /home/rhobtor/PHD/test_j8_hayat/J8/install/joy/share/joy/cmake/export_joyExport.cmake
-- Up-to-date: /home/rhobtor/PHD/test_j8_hayat/J8/install/joy/share/joy/cmake/export_joyExport-noconfig.cmake
-- Up-to-date: /home/rhobtor/PHD/test_j8_hayat/J8/install/joy/share/joy/cmake/ament_cmake_export_targets-extras.cmake
-- Up-to-date: /home/rhobtor/PHD/test_j8_hayat/J8/install/joy/share/joy/cmake/ament_cmake_export_dependencies-extras.cmake
-- Up-to-date: /home/rhobtor/PHD/test_j8_hayat/J8/install/joy/share/joy/cmake/joyConfig.cmake
-- Up-to-date: /home/rhobtor/PHD/test_j8_hayat/J8/install/joy/share/joy/cmake/joyConfig-version.cmake
-- Up-to-date: /home/rhobtor/PHD/test_j8_hayat/J8/install/joy/share/joy/package.xml
