[0.078s] Invoking command in '/home/rhobtor/PHD/test_j8_hayat/J8/build/slg_msgs': CMAKE_PREFIX_PATH=${CMAKE_PREFIX_PATH}:/home/rhobtor/PHD/test_j8_hayat/J8/install/ntrip_client:/home/rhobtor/PHD/test_j8_hayat/J8/install/j8_gui:/home/rhobtor/PHD/test_j8_hayat/J8/install/android_ros2_server:/home/rhobtor/PHD/test_j8_hayat/J8/install/GUI_pkg:/home/rhobtor/PHD/ARGOJ8_IA/ARGOSJ8_IA_/install/ntrip_client:/home/rhobtor/PHD/ARGOJ8_IA/ARGOSJ8_IA_/install/j8_gui:/home/rhobtor/PHD/ARGOJ8_IA/ARGOSJ8_IA_/install/car:/home/rhobtor/PHD/ARGOJ8_IA/ARGOSJ8_IA_/install/android_ros2_server:/home/rhobtor/PHD/ARGOJ8_IA/ARGOSJ8_IA_/install/GUI_pkg:/opt/ros/humble /opt/st/stm32cubeclt_1.18.0/CMake/bin/cmake --build /home/rhobtor/PHD/test_j8_hayat/J8/build/slg_msgs -- -j16 -l16
[0.958s] [  2%] Built target slg_msgs__rs
[0.958s] [  2%] Built target ament_cmake_python_copy_slg_msgs
[0.958s] [ 10%] Built target slg_msgs__rosidl_generator_c
[0.958s] [ 12%] Built target slg_msgs__cpp
[0.958s] [ 16%] Built target gtest_main
[0.958s] [ 20%] Built target gtest
[0.958s] [ 28%] Built target slg_msgs__rosidl_typesupport_fastrtps_c
[0.958s] [ 36%] Built target slg_msgs__rosidl_typesupport_introspection_c
[0.958s] [ 44%] Built target slg_msgs__rosidl_typesupport_fastrtps_cpp
[0.958s] [ 52%] Built target slg_msgs__rosidl_typesupport_c
[0.958s] [ 60%] Built target slg_msgs__rosidl_typesupport_cpp
[0.958s] [ 68%] Built target slg_msgs__rosidl_typesupport_introspection_cpp
[0.958s] [ 72%] Built target test_point2d
[0.958s] [ 76%] Built target test_polygon
[0.958s] [ 80%] Built target test_segment2d
[0.958s] [ 80%] Built target slg_msgs
[0.958s] [ 82%] Built target slg_msgs__py
[0.958s] [ 88%] Built target slg_msgs__rosidl_generator_py
[0.958s] [ 92%] Built target slg_msgs__rosidl_typesupport_c__pyext
[0.958s] [ 96%] Built target slg_msgs__rosidl_typesupport_introspection_c__pyext
[0.959s] [100%] Built target slg_msgs__rosidl_typesupport_fastrtps_c__pyext
[0.959s] running egg_info
[0.959s] writing slg_msgs.egg-info/PKG-INFO
[0.959s] writing dependency_links to slg_msgs.egg-info/dependency_links.txt
[0.959s] writing top-level names to slg_msgs.egg-info/top_level.txt
[0.959s] reading manifest file 'slg_msgs.egg-info/SOURCES.txt'
[0.959s] writing manifest file 'slg_msgs.egg-info/SOURCES.txt'
[0.959s] [100%] Built target ament_cmake_python_build_slg_msgs_egg
[0.977s] Invoked command in '/home/rhobtor/PHD/test_j8_hayat/J8/build/slg_msgs' returned '0': CMAKE_PREFIX_PATH=${CMAKE_PREFIX_PATH}:/home/rhobtor/PHD/test_j8_hayat/J8/install/ntrip_client:/home/rhobtor/PHD/test_j8_hayat/J8/install/j8_gui:/home/rhobtor/PHD/test_j8_hayat/J8/install/android_ros2_server:/home/rhobtor/PHD/test_j8_hayat/J8/install/GUI_pkg:/home/rhobtor/PHD/ARGOJ8_IA/ARGOSJ8_IA_/install/ntrip_client:/home/rhobtor/PHD/ARGOJ8_IA/ARGOSJ8_IA_/install/j8_gui:/home/rhobtor/PHD/ARGOJ8_IA/ARGOSJ8_IA_/install/car:/home/rhobtor/PHD/ARGOJ8_IA/ARGOSJ8_IA_/install/android_ros2_server:/home/rhobtor/PHD/ARGOJ8_IA/ARGOSJ8_IA_/install/GUI_pkg:/opt/ros/humble /opt/st/stm32cubeclt_1.18.0/CMake/bin/cmake --build /home/rhobtor/PHD/test_j8_hayat/J8/build/slg_msgs -- -j16 -l16
[0.978s] Invoking command in '/home/rhobtor/PHD/test_j8_hayat/J8/build/slg_msgs': CMAKE_PREFIX_PATH=${CMAKE_PREFIX_PATH}:/home/rhobtor/PHD/test_j8_hayat/J8/install/ntrip_client:/home/rhobtor/PHD/test_j8_hayat/J8/install/j8_gui:/home/rhobtor/PHD/test_j8_hayat/J8/install/android_ros2_server:/home/rhobtor/PHD/test_j8_hayat/J8/install/GUI_pkg:/home/rhobtor/PHD/ARGOJ8_IA/ARGOSJ8_IA_/install/ntrip_client:/home/rhobtor/PHD/ARGOJ8_IA/ARGOSJ8_IA_/install/j8_gui:/home/rhobtor/PHD/ARGOJ8_IA/ARGOSJ8_IA_/install/car:/home/rhobtor/PHD/ARGOJ8_IA/ARGOSJ8_IA_/install/android_ros2_server:/home/rhobtor/PHD/ARGOJ8_IA/ARGOSJ8_IA_/install/GUI_pkg:/opt/ros/humble /opt/st/stm32cubeclt_1.18.0/CMake/bin/cmake --install /home/rhobtor/PHD/test_j8_hayat/J8/build/slg_msgs
[1.183s] -- Install configuration: "Release"
[1.183s] -- Up-to-date: /home/rhobtor/PHD/test_j8_hayat/J8/install/slg_msgs/share/ament_index/resource_index/rosidl_interfaces/slg_msgs
[1.183s] -- Up-to-date: /home/rhobtor/PHD/test_j8_hayat/J8/install/slg_msgs/include/slg_msgs/slg_msgs
[1.183s] -- Up-to-date: /home/rhobtor/PHD/test_j8_hayat/J8/install/slg_msgs/include/slg_msgs/slg_msgs/msg
[1.183s] -- Up-to-date: /home/rhobtor/PHD/test_j8_hayat/J8/install/slg_msgs/include/slg_msgs/slg_msgs/msg/segment_array.h
[1.183s] -- Up-to-date: /home/rhobtor/PHD/test_j8_hayat/J8/install/slg_msgs/include/slg_msgs/slg_msgs/msg/segment.h
[1.183s] -- Up-to-date: /home/rhobtor/PHD/test_j8_hayat/J8/install/slg_msgs/include/slg_msgs/slg_msgs/msg/rosidl_generator_c__visibility_control.h
[1.183s] -- Up-to-date: /home/rhobtor/PHD/test_j8_hayat/J8/install/slg_msgs/include/slg_msgs/slg_msgs/msg/detail
[1.183s] -- Up-to-date: /home/rhobtor/PHD/test_j8_hayat/J8/install/slg_msgs/include/slg_msgs/slg_msgs/msg/detail/segment__functions.c
[1.183s] -- Up-to-date: /home/rhobtor/PHD/test_j8_hayat/J8/install/slg_msgs/include/slg_msgs/slg_msgs/msg/detail/segment__type_support.h
[1.184s] -- Up-to-date: /home/rhobtor/PHD/test_j8_hayat/J8/install/slg_msgs/include/slg_msgs/slg_msgs/msg/detail/segment_array__functions.h
[1.184s] -- Up-to-date: /home/rhobtor/PHD/test_j8_hayat/J8/install/slg_msgs/include/slg_msgs/slg_msgs/msg/detail/segment_array__functions.c
[1.184s] -- Up-to-date: /home/rhobtor/PHD/test_j8_hayat/J8/install/slg_msgs/include/slg_msgs/slg_msgs/msg/detail/segment_array__type_support.h
[1.184s] -- Up-to-date: /home/rhobtor/PHD/test_j8_hayat/J8/install/slg_msgs/include/slg_msgs/slg_msgs/msg/detail/segment__struct.h
[1.184s] -- Up-to-date: /home/rhobtor/PHD/test_j8_hayat/J8/install/slg_msgs/include/slg_msgs/slg_msgs/msg/detail/segment__functions.h
[1.184s] -- Up-to-date: /home/rhobtor/PHD/test_j8_hayat/J8/install/slg_msgs/include/slg_msgs/slg_msgs/msg/detail/segment_array__struct.h
[1.184s] -- Up-to-date: /home/rhobtor/PHD/test_j8_hayat/J8/install/slg_msgs/share/slg_msgs/environment/library_path.sh
[1.184s] -- Up-to-date: /home/rhobtor/PHD/test_j8_hayat/J8/install/slg_msgs/share/slg_msgs/environment/library_path.dsv
[1.184s] -- Up-to-date: /home/rhobtor/PHD/test_j8_hayat/J8/install/slg_msgs/lib/libslg_msgs__rosidl_generator_c.so
[1.185s] -- Up-to-date: /home/rhobtor/PHD/test_j8_hayat/J8/install/slg_msgs/include/slg_msgs/slg_msgs
[1.185s] -- Up-to-date: /home/rhobtor/PHD/test_j8_hayat/J8/install/slg_msgs/include/slg_msgs/slg_msgs/msg
[1.185s] -- Up-to-date: /home/rhobtor/PHD/test_j8_hayat/J8/install/slg_msgs/include/slg_msgs/slg_msgs/msg/detail
[1.186s] -- Up-to-date: /home/rhobtor/PHD/test_j8_hayat/J8/install/slg_msgs/include/slg_msgs/slg_msgs/msg/detail/segment_array__rosidl_typesupport_fastrtps_c.h
[1.186s] -- Up-to-date: /home/rhobtor/PHD/test_j8_hayat/J8/install/slg_msgs/include/slg_msgs/slg_msgs/msg/detail/segment__rosidl_typesupport_fastrtps_c.h
[1.186s] -- Up-to-date: /home/rhobtor/PHD/test_j8_hayat/J8/install/slg_msgs/include/slg_msgs/slg_msgs/msg/rosidl_typesupport_fastrtps_c__visibility_control.h
[1.187s] -- Up-to-date: /home/rhobtor/PHD/test_j8_hayat/J8/install/slg_msgs/lib/libslg_msgs__rosidl_typesupport_fastrtps_c.so
[1.187s] -- Up-to-date: /home/rhobtor/PHD/test_j8_hayat/J8/install/slg_msgs/include/slg_msgs/slg_msgs
[1.187s] -- Up-to-date: /home/rhobtor/PHD/test_j8_hayat/J8/install/slg_msgs/include/slg_msgs/slg_msgs/msg
[1.187s] -- Up-to-date: /home/rhobtor/PHD/test_j8_hayat/J8/install/slg_msgs/include/slg_msgs/slg_msgs/msg/rosidl_typesupport_introspection_c__visibility_control.h
[1.187s] -- Up-to-date: /home/rhobtor/PHD/test_j8_hayat/J8/install/slg_msgs/include/slg_msgs/slg_msgs/msg/detail
[1.187s] -- Up-to-date: /home/rhobtor/PHD/test_j8_hayat/J8/install/slg_msgs/include/slg_msgs/slg_msgs/msg/detail/segment__type_support.c
[1.187s] -- Up-to-date: /home/rhobtor/PHD/test_j8_hayat/J8/install/slg_msgs/include/slg_msgs/slg_msgs/msg/detail/segment_array__type_support.c
[1.187s] -- Up-to-date: /home/rhobtor/PHD/test_j8_hayat/J8/install/slg_msgs/include/slg_msgs/slg_msgs/msg/detail/segment_array__rosidl_typesupport_introspection_c.h
[1.187s] -- Up-to-date: /home/rhobtor/PHD/test_j8_hayat/J8/install/slg_msgs/include/slg_msgs/slg_msgs/msg/detail/segment__rosidl_typesupport_introspection_c.h
[1.225s] -- Up-to-date: /home/rhobtor/PHD/test_j8_hayat/J8/install/slg_msgs/lib/libslg_msgs__rosidl_typesupport_introspection_c.so
[1.225s] -- Up-to-date: /home/rhobtor/PHD/test_j8_hayat/J8/install/slg_msgs/lib/libslg_msgs__rosidl_typesupport_c.so
[1.225s] -- Up-to-date: /home/rhobtor/PHD/test_j8_hayat/J8/install/slg_msgs/include/slg_msgs/slg_msgs
[1.225s] -- Up-to-date: /home/rhobtor/PHD/test_j8_hayat/J8/install/slg_msgs/include/slg_msgs/slg_msgs/msg
[1.225s] -- Up-to-date: /home/rhobtor/PHD/test_j8_hayat/J8/install/slg_msgs/include/slg_msgs/slg_msgs/msg/rosidl_generator_cpp__visibility_control.hpp
[1.225s] -- Up-to-date: /home/rhobtor/PHD/test_j8_hayat/J8/install/slg_msgs/include/slg_msgs/slg_msgs/msg/segment_array.hpp
[1.225s] -- Up-to-date: /home/rhobtor/PHD/test_j8_hayat/J8/install/slg_msgs/include/slg_msgs/slg_msgs/msg/detail
[1.225s] -- Up-to-date: /home/rhobtor/PHD/test_j8_hayat/J8/install/slg_msgs/include/slg_msgs/slg_msgs/msg/detail/segment_array__type_support.hpp
[1.225s] -- Up-to-date: /home/rhobtor/PHD/test_j8_hayat/J8/install/slg_msgs/include/slg_msgs/slg_msgs/msg/detail/segment__struct.hpp
[1.225s] -- Up-to-date: /home/rhobtor/PHD/test_j8_hayat/J8/install/slg_msgs/include/slg_msgs/slg_msgs/msg/detail/segment_array__builder.hpp
[1.226s] -- Up-to-date: /home/rhobtor/PHD/test_j8_hayat/J8/install/slg_msgs/include/slg_msgs/slg_msgs/msg/detail/segment__builder.hpp
[1.226s] -- Up-to-date: /home/rhobtor/PHD/test_j8_hayat/J8/install/slg_msgs/include/slg_msgs/slg_msgs/msg/detail/segment_array__struct.hpp
[1.226s] -- Up-to-date: /home/rhobtor/PHD/test_j8_hayat/J8/install/slg_msgs/include/slg_msgs/slg_msgs/msg/detail/segment__type_support.hpp
[1.226s] -- Up-to-date: /home/rhobtor/PHD/test_j8_hayat/J8/install/slg_msgs/include/slg_msgs/slg_msgs/msg/detail/segment_array__traits.hpp
[1.226s] -- Up-to-date: /home/rhobtor/PHD/test_j8_hayat/J8/install/slg_msgs/include/slg_msgs/slg_msgs/msg/detail/segment__traits.hpp
[1.226s] -- Up-to-date: /home/rhobtor/PHD/test_j8_hayat/J8/install/slg_msgs/include/slg_msgs/slg_msgs/msg/segment.hpp
[1.226s] -- Up-to-date: /home/rhobtor/PHD/test_j8_hayat/J8/install/slg_msgs/include/slg_msgs/slg_msgs
[1.226s] -- Up-to-date: /home/rhobtor/PHD/test_j8_hayat/J8/install/slg_msgs/include/slg_msgs/slg_msgs/msg
[1.226s] -- Up-to-date: /home/rhobtor/PHD/test_j8_hayat/J8/install/slg_msgs/include/slg_msgs/slg_msgs/msg/rosidl_typesupport_fastrtps_cpp__visibility_control.h
[1.226s] -- Up-to-date: /home/rhobtor/PHD/test_j8_hayat/J8/install/slg_msgs/include/slg_msgs/slg_msgs/msg/detail
[1.226s] -- Up-to-date: /home/rhobtor/PHD/test_j8_hayat/J8/install/slg_msgs/include/slg_msgs/slg_msgs/msg/detail/segment_array__rosidl_typesupport_fastrtps_cpp.hpp
[1.226s] -- Up-to-date: /home/rhobtor/PHD/test_j8_hayat/J8/install/slg_msgs/include/slg_msgs/slg_msgs/msg/detail/segment__rosidl_typesupport_fastrtps_cpp.hpp
[1.226s] -- Up-to-date: /home/rhobtor/PHD/test_j8_hayat/J8/install/slg_msgs/include/slg_msgs/slg_msgs/msg/detail/dds_fastrtps
[1.226s] -- Up-to-date: /home/rhobtor/PHD/test_j8_hayat/J8/install/slg_msgs/lib/libslg_msgs__rosidl_typesupport_fastrtps_cpp.so
[1.226s] -- Up-to-date: /home/rhobtor/PHD/test_j8_hayat/J8/install/slg_msgs/include/slg_msgs/slg_msgs
[1.226s] -- Up-to-date: /home/rhobtor/PHD/test_j8_hayat/J8/install/slg_msgs/include/slg_msgs/slg_msgs/msg
[1.226s] -- Up-to-date: /home/rhobtor/PHD/test_j8_hayat/J8/install/slg_msgs/include/slg_msgs/slg_msgs/msg/detail
[1.226s] -- Up-to-date: /home/rhobtor/PHD/test_j8_hayat/J8/install/slg_msgs/include/slg_msgs/slg_msgs/msg/detail/segment_array__type_support.cpp
[1.227s] -- Up-to-date: /home/rhobtor/PHD/test_j8_hayat/J8/install/slg_msgs/include/slg_msgs/slg_msgs/msg/detail/segment__rosidl_typesupport_introspection_cpp.hpp
[1.227s] -- Up-to-date: /home/rhobtor/PHD/test_j8_hayat/J8/install/slg_msgs/include/slg_msgs/slg_msgs/msg/detail/segment_array__rosidl_typesupport_introspection_cpp.hpp
[1.227s] -- Up-to-date: /home/rhobtor/PHD/test_j8_hayat/J8/install/slg_msgs/include/slg_msgs/slg_msgs/msg/detail/segment__type_support.cpp
[1.227s] -- Up-to-date: /home/rhobtor/PHD/test_j8_hayat/J8/install/slg_msgs/lib/libslg_msgs__rosidl_typesupport_introspection_cpp.so
[1.227s] -- Up-to-date: /home/rhobtor/PHD/test_j8_hayat/J8/install/slg_msgs/lib/libslg_msgs__rosidl_typesupport_cpp.so
[1.241s] -- Up-to-date: /home/rhobtor/PHD/test_j8_hayat/J8/install/slg_msgs/share/slg_msgs/environment/pythonpath.sh
[1.242s] -- Up-to-date: /home/rhobtor/PHD/test_j8_hayat/J8/install/slg_msgs/share/slg_msgs/environment/pythonpath.dsv
[1.242s] -- Up-to-date: /home/rhobtor/PHD/test_j8_hayat/J8/install/slg_msgs/local/lib/python3.10/dist-packages/slg_msgs-3.8.0-py3.10.egg-info
[1.242s] -- Installing: /home/rhobtor/PHD/test_j8_hayat/J8/install/slg_msgs/local/lib/python3.10/dist-packages/slg_msgs-3.8.0-py3.10.egg-info/top_level.txt
[1.242s] -- Installing: /home/rhobtor/PHD/test_j8_hayat/J8/install/slg_msgs/local/lib/python3.10/dist-packages/slg_msgs-3.8.0-py3.10.egg-info/SOURCES.txt
[1.242s] -- Installing: /home/rhobtor/PHD/test_j8_hayat/J8/install/slg_msgs/local/lib/python3.10/dist-packages/slg_msgs-3.8.0-py3.10.egg-info/PKG-INFO
[1.242s] -- Installing: /home/rhobtor/PHD/test_j8_hayat/J8/install/slg_msgs/local/lib/python3.10/dist-packages/slg_msgs-3.8.0-py3.10.egg-info/dependency_links.txt
[1.242s] -- Up-to-date: /home/rhobtor/PHD/test_j8_hayat/J8/install/slg_msgs/local/lib/python3.10/dist-packages/slg_msgs
[1.242s] -- Up-to-date: /home/rhobtor/PHD/test_j8_hayat/J8/install/slg_msgs/local/lib/python3.10/dist-packages/slg_msgs/slg_msgs_s__rosidl_typesupport_introspection_c.cpython-310-x86_64-linux-gnu.so
[1.242s] -- Up-to-date: /home/rhobtor/PHD/test_j8_hayat/J8/install/slg_msgs/local/lib/python3.10/dist-packages/slg_msgs/_slg_msgs_s.ep.rosidl_typesupport_fastrtps_c.c
[1.242s] -- Up-to-date: /home/rhobtor/PHD/test_j8_hayat/J8/install/slg_msgs/local/lib/python3.10/dist-packages/slg_msgs/_slg_msgs_s.ep.rosidl_typesupport_c.c
[1.242s] -- Up-to-date: /home/rhobtor/PHD/test_j8_hayat/J8/install/slg_msgs/local/lib/python3.10/dist-packages/slg_msgs/_slg_msgs_s.ep.rosidl_typesupport_introspection_c.c
[1.242s] -- Up-to-date: /home/rhobtor/PHD/test_j8_hayat/J8/install/slg_msgs/local/lib/python3.10/dist-packages/slg_msgs/__init__.py
[1.242s] -- Up-to-date: /home/rhobtor/PHD/test_j8_hayat/J8/install/slg_msgs/local/lib/python3.10/dist-packages/slg_msgs/slg_msgs_s__rosidl_typesupport_fastrtps_c.cpython-310-x86_64-linux-gnu.so
[1.242s] -- Up-to-date: /home/rhobtor/PHD/test_j8_hayat/J8/install/slg_msgs/local/lib/python3.10/dist-packages/slg_msgs/slg_msgs_s__rosidl_typesupport_c.cpython-310-x86_64-linux-gnu.so
[1.242s] -- Up-to-date: /home/rhobtor/PHD/test_j8_hayat/J8/install/slg_msgs/local/lib/python3.10/dist-packages/slg_msgs/msg
[1.242s] -- Up-to-date: /home/rhobtor/PHD/test_j8_hayat/J8/install/slg_msgs/local/lib/python3.10/dist-packages/slg_msgs/msg/_segment_array_s.c
[1.242s] -- Up-to-date: /home/rhobtor/PHD/test_j8_hayat/J8/install/slg_msgs/local/lib/python3.10/dist-packages/slg_msgs/msg/__init__.py
[1.242s] -- Up-to-date: /home/rhobtor/PHD/test_j8_hayat/J8/install/slg_msgs/local/lib/python3.10/dist-packages/slg_msgs/msg/_segment_array.py
[1.242s] -- Up-to-date: /home/rhobtor/PHD/test_j8_hayat/J8/install/slg_msgs/local/lib/python3.10/dist-packages/slg_msgs/msg/_segment_s.c
[1.242s] -- Up-to-date: /home/rhobtor/PHD/test_j8_hayat/J8/install/slg_msgs/local/lib/python3.10/dist-packages/slg_msgs/msg/_segment.py
[1.242s] -- Up-to-date: /home/rhobtor/PHD/test_j8_hayat/J8/install/slg_msgs/local/lib/python3.10/dist-packages/slg_msgs/libslg_msgs__rosidl_generator_py.so
[1.242s] Listing '/home/rhobtor/PHD/test_j8_hayat/J8/install/slg_msgs/local/lib/python3.10/dist-packages/slg_msgs'...
[1.242s] Listing '/home/rhobtor/PHD/test_j8_hayat/J8/install/slg_msgs/local/lib/python3.10/dist-packages/slg_msgs/msg'...
[1.242s] -- Up-to-date: /home/rhobtor/PHD/test_j8_hayat/J8/install/slg_msgs/local/lib/python3.10/dist-packages/slg_msgs/slg_msgs_s__rosidl_typesupport_fastrtps_c.cpython-310-x86_64-linux-gnu.so
[1.242s] -- Up-to-date: /home/rhobtor/PHD/test_j8_hayat/J8/install/slg_msgs/local/lib/python3.10/dist-packages/slg_msgs/slg_msgs_s__rosidl_typesupport_introspection_c.cpython-310-x86_64-linux-gnu.so
[1.243s] -- Up-to-date: /home/rhobtor/PHD/test_j8_hayat/J8/install/slg_msgs/local/lib/python3.10/dist-packages/slg_msgs/slg_msgs_s__rosidl_typesupport_c.cpython-310-x86_64-linux-gnu.so
[1.243s] -- Up-to-date: /home/rhobtor/PHD/test_j8_hayat/J8/install/slg_msgs/lib/libslg_msgs__rosidl_generator_py.so
[1.243s] -- Up-to-date: /home/rhobtor/PHD/test_j8_hayat/J8/install/slg_msgs/share/ament_index/resource_index/rust_packages/slg_msgs
[1.248s] -- Up-to-date: /home/rhobtor/PHD/test_j8_hayat/J8/install/slg_msgs/share/slg_msgs/rust
[1.248s] -- Up-to-date: /home/rhobtor/PHD/test_j8_hayat/J8/install/slg_msgs/share/slg_msgs/rust/src
[1.248s] -- Up-to-date: /home/rhobtor/PHD/test_j8_hayat/J8/install/slg_msgs/share/slg_msgs/rust/src/lib.rs
[1.248s] -- Up-to-date: /home/rhobtor/PHD/test_j8_hayat/J8/install/slg_msgs/share/slg_msgs/rust/src/msg.rs
[1.248s] -- Up-to-date: /home/rhobtor/PHD/test_j8_hayat/J8/install/slg_msgs/share/slg_msgs/rust/src/msg
[1.248s] -- Up-to-date: /home/rhobtor/PHD/test_j8_hayat/J8/install/slg_msgs/share/slg_msgs/rust/src/msg/rmw.rs
[1.249s] -- Up-to-date: /home/rhobtor/PHD/test_j8_hayat/J8/install/slg_msgs/share/slg_msgs/rust/Cargo.toml
[1.249s] -- Up-to-date: /home/rhobtor/PHD/test_j8_hayat/J8/install/slg_msgs/share/slg_msgs/rust/build.rs
[1.249s] -- Up-to-date: /home/rhobtor/PHD/test_j8_hayat/J8/install/slg_msgs/share/slg_msgs/msg/Segment.idl
[1.249s] -- Up-to-date: /home/rhobtor/PHD/test_j8_hayat/J8/install/slg_msgs/share/slg_msgs/msg/SegmentArray.idl
[1.249s] -- Up-to-date: /home/rhobtor/PHD/test_j8_hayat/J8/install/slg_msgs/share/slg_msgs/msg/Segment.msg
[1.249s] -- Up-to-date: /home/rhobtor/PHD/test_j8_hayat/J8/install/slg_msgs/share/slg_msgs/msg/SegmentArray.msg
[1.249s] -- Up-to-date: /home/rhobtor/PHD/test_j8_hayat/J8/install/slg_msgs/include/slg_msgs
[1.249s] -- Up-to-date: /home/rhobtor/PHD/test_j8_hayat/J8/install/slg_msgs/include/slg_msgs/segment2D.hpp
[1.249s] -- Up-to-date: /home/rhobtor/PHD/test_j8_hayat/J8/install/slg_msgs/include/slg_msgs/polygon.hpp
[1.249s] -- Up-to-date: /home/rhobtor/PHD/test_j8_hayat/J8/install/slg_msgs/include/slg_msgs/point2D.hpp
[1.249s] -- Up-to-date: /home/rhobtor/PHD/test_j8_hayat/J8/install/slg_msgs/share/ament_index/resource_index/package_run_dependencies/slg_msgs
[1.249s] -- Up-to-date: /home/rhobtor/PHD/test_j8_hayat/J8/install/slg_msgs/share/ament_index/resource_index/parent_prefix_path/slg_msgs
[1.249s] -- Up-to-date: /home/rhobtor/PHD/test_j8_hayat/J8/install/slg_msgs/share/slg_msgs/environment/ament_prefix_path.sh
[1.249s] -- Up-to-date: /home/rhobtor/PHD/test_j8_hayat/J8/install/slg_msgs/share/slg_msgs/environment/ament_prefix_path.dsv
[1.249s] -- Up-to-date: /home/rhobtor/PHD/test_j8_hayat/J8/install/slg_msgs/share/slg_msgs/environment/path.sh
[1.249s] -- Up-to-date: /home/rhobtor/PHD/test_j8_hayat/J8/install/slg_msgs/share/slg_msgs/environment/path.dsv
[1.249s] -- Up-to-date: /home/rhobtor/PHD/test_j8_hayat/J8/install/slg_msgs/share/slg_msgs/local_setup.bash
[1.249s] -- Up-to-date: /home/rhobtor/PHD/test_j8_hayat/J8/install/slg_msgs/share/slg_msgs/local_setup.sh
[1.249s] -- Up-to-date: /home/rhobtor/PHD/test_j8_hayat/J8/install/slg_msgs/share/slg_msgs/local_setup.zsh
[1.249s] -- Up-to-date: /home/rhobtor/PHD/test_j8_hayat/J8/install/slg_msgs/share/slg_msgs/local_setup.dsv
[1.249s] -- Installing: /home/rhobtor/PHD/test_j8_hayat/J8/install/slg_msgs/share/slg_msgs/package.dsv
[1.249s] -- Up-to-date: /home/rhobtor/PHD/test_j8_hayat/J8/install/slg_msgs/share/ament_index/resource_index/packages/slg_msgs
[1.250s] -- Up-to-date: /home/rhobtor/PHD/test_j8_hayat/J8/install/slg_msgs/share/slg_msgs/cmake/export_slg_msgs__rosidl_generator_cExport.cmake
[1.250s] -- Up-to-date: /home/rhobtor/PHD/test_j8_hayat/J8/install/slg_msgs/share/slg_msgs/cmake/export_slg_msgs__rosidl_generator_cExport-release.cmake
[1.250s] -- Up-to-date: /home/rhobtor/PHD/test_j8_hayat/J8/install/slg_msgs/share/slg_msgs/cmake/export_slg_msgs__rosidl_typesupport_fastrtps_cExport.cmake
[1.250s] -- Up-to-date: /home/rhobtor/PHD/test_j8_hayat/J8/install/slg_msgs/share/slg_msgs/cmake/export_slg_msgs__rosidl_typesupport_fastrtps_cExport-release.cmake
[1.250s] -- Up-to-date: /home/rhobtor/PHD/test_j8_hayat/J8/install/slg_msgs/share/slg_msgs/cmake/slg_msgs__rosidl_typesupport_introspection_cExport.cmake
[1.250s] -- Up-to-date: /home/rhobtor/PHD/test_j8_hayat/J8/install/slg_msgs/share/slg_msgs/cmake/slg_msgs__rosidl_typesupport_introspection_cExport-release.cmake
[1.250s] -- Up-to-date: /home/rhobtor/PHD/test_j8_hayat/J8/install/slg_msgs/share/slg_msgs/cmake/slg_msgs__rosidl_typesupport_cExport.cmake
[1.250s] -- Up-to-date: /home/rhobtor/PHD/test_j8_hayat/J8/install/slg_msgs/share/slg_msgs/cmake/slg_msgs__rosidl_typesupport_cExport-release.cmake
[1.252s] -- Up-to-date: /home/rhobtor/PHD/test_j8_hayat/J8/install/slg_msgs/share/slg_msgs/cmake/export_slg_msgs__rosidl_generator_cppExport.cmake
[1.252s] -- Up-to-date: /home/rhobtor/PHD/test_j8_hayat/J8/install/slg_msgs/share/slg_msgs/cmake/export_slg_msgs__rosidl_typesupport_fastrtps_cppExport.cmake
[1.252s] -- Up-to-date: /home/rhobtor/PHD/test_j8_hayat/J8/install/slg_msgs/share/slg_msgs/cmake/export_slg_msgs__rosidl_typesupport_fastrtps_cppExport-release.cmake
[1.252s] -- Up-to-date: /home/rhobtor/PHD/test_j8_hayat/J8/install/slg_msgs/share/slg_msgs/cmake/slg_msgs__rosidl_typesupport_introspection_cppExport.cmake
[1.252s] -- Up-to-date: /home/rhobtor/PHD/test_j8_hayat/J8/install/slg_msgs/share/slg_msgs/cmake/slg_msgs__rosidl_typesupport_introspection_cppExport-release.cmake
[1.252s] -- Up-to-date: /home/rhobtor/PHD/test_j8_hayat/J8/install/slg_msgs/share/slg_msgs/cmake/slg_msgs__rosidl_typesupport_cppExport.cmake
[1.252s] -- Up-to-date: /home/rhobtor/PHD/test_j8_hayat/J8/install/slg_msgs/share/slg_msgs/cmake/slg_msgs__rosidl_typesupport_cppExport-release.cmake
[1.252s] -- Up-to-date: /home/rhobtor/PHD/test_j8_hayat/J8/install/slg_msgs/share/slg_msgs/cmake/export_slg_msgs__rosidl_generator_pyExport.cmake
[1.252s] -- Up-to-date: /home/rhobtor/PHD/test_j8_hayat/J8/install/slg_msgs/share/slg_msgs/cmake/export_slg_msgs__rosidl_generator_pyExport-release.cmake
[1.252s] -- Up-to-date: /home/rhobtor/PHD/test_j8_hayat/J8/install/slg_msgs/share/slg_msgs/cmake/export_slg_msgsExport.cmake
[1.252s] -- Up-to-date: /home/rhobtor/PHD/test_j8_hayat/J8/install/slg_msgs/share/slg_msgs/cmake/rosidl_cmake-extras.cmake
[1.252s] -- Up-to-date: /home/rhobtor/PHD/test_j8_hayat/J8/install/slg_msgs/share/slg_msgs/cmake/ament_cmake_export_dependencies-extras.cmake
[1.252s] -- Up-to-date: /home/rhobtor/PHD/test_j8_hayat/J8/install/slg_msgs/share/slg_msgs/cmake/ament_cmake_export_include_directories-extras.cmake
[1.252s] -- Up-to-date: /home/rhobtor/PHD/test_j8_hayat/J8/install/slg_msgs/share/slg_msgs/cmake/ament_cmake_export_libraries-extras.cmake
[1.252s] -- Up-to-date: /home/rhobtor/PHD/test_j8_hayat/J8/install/slg_msgs/share/slg_msgs/cmake/ament_cmake_export_targets-extras.cmake
[1.252s] -- Up-to-date: /home/rhobtor/PHD/test_j8_hayat/J8/install/slg_msgs/share/slg_msgs/cmake/rosidl_cmake_export_typesupport_targets-extras.cmake
[1.252s] -- Up-to-date: /home/rhobtor/PHD/test_j8_hayat/J8/install/slg_msgs/share/slg_msgs/cmake/rosidl_cmake_export_typesupport_libraries-extras.cmake
[1.252s] -- Up-to-date: /home/rhobtor/PHD/test_j8_hayat/J8/install/slg_msgs/share/slg_msgs/cmake/slg_msgsConfig.cmake
[1.252s] -- Up-to-date: /home/rhobtor/PHD/test_j8_hayat/J8/install/slg_msgs/share/slg_msgs/cmake/slg_msgsConfig-version.cmake
[1.252s] -- Up-to-date: /home/rhobtor/PHD/test_j8_hayat/J8/install/slg_msgs/share/slg_msgs/package.xml
[1.393s] Invoked command in '/home/rhobtor/PHD/test_j8_hayat/J8/build/slg_msgs' returned '0': CMAKE_PREFIX_PATH=${CMAKE_PREFIX_PATH}:/home/rhobtor/PHD/test_j8_hayat/J8/install/ntrip_client:/home/rhobtor/PHD/test_j8_hayat/J8/install/j8_gui:/home/rhobtor/PHD/test_j8_hayat/J8/install/android_ros2_server:/home/rhobtor/PHD/test_j8_hayat/J8/install/GUI_pkg:/home/rhobtor/PHD/ARGOJ8_IA/ARGOSJ8_IA_/install/ntrip_client:/home/rhobtor/PHD/ARGOJ8_IA/ARGOSJ8_IA_/install/j8_gui:/home/rhobtor/PHD/ARGOJ8_IA/ARGOSJ8_IA_/install/car:/home/rhobtor/PHD/ARGOJ8_IA/ARGOSJ8_IA_/install/android_ros2_server:/home/rhobtor/PHD/ARGOJ8_IA/ARGOSJ8_IA_/install/GUI_pkg:/opt/ros/humble /opt/st/stm32cubeclt_1.18.0/CMake/bin/cmake --install /home/rhobtor/PHD/test_j8_hayat/J8/build/slg_msgs
